[2024-05-19T19:33:01.654+0000] {processor.py:161} INFO - Started process (PID=2411) to work on /opt/airflow/dags/file.xlsx
[2024-05-19T19:33:01.657+0000] {processor.py:830} INFO - Processing file /opt/airflow/dags/file.xlsx for tasks to queue
[2024-05-19T19:33:01.663+0000] {logging_mixin.py:188} INFO - [2024-05-19T19:33:01.662+0000] {dagbag.py:545} INFO - Filling up the DagBag from /opt/airflow/dags/file.xlsx
[2024-05-19T19:33:01.687+0000] {processor.py:842} WARNING - No viable dags retrieved from /opt/airflow/dags/file.xlsx
[2024-05-19T19:33:01.726+0000] {processor.py:183} INFO - Processing /opt/airflow/dags/file.xlsx took 0.087 seconds
[2024-05-19T19:33:32.090+0000] {processor.py:161} INFO - Started process (PID=2471) to work on /opt/airflow/dags/file.xlsx
[2024-05-19T19:33:32.093+0000] {processor.py:830} INFO - Processing file /opt/airflow/dags/file.xlsx for tasks to queue
[2024-05-19T19:33:32.114+0000] {logging_mixin.py:188} INFO - [2024-05-19T19:33:32.107+0000] {dagbag.py:545} INFO - Filling up the DagBag from /opt/airflow/dags/file.xlsx
[2024-05-19T19:33:32.131+0000] {processor.py:842} WARNING - No viable dags retrieved from /opt/airflow/dags/file.xlsx
[2024-05-19T19:33:32.186+0000] {processor.py:183} INFO - Processing /opt/airflow/dags/file.xlsx took 0.112 seconds
[2024-05-19T19:34:02.378+0000] {processor.py:161} INFO - Started process (PID=2532) to work on /opt/airflow/dags/file.xlsx
[2024-05-19T19:34:02.383+0000] {processor.py:830} INFO - Processing file /opt/airflow/dags/file.xlsx for tasks to queue
[2024-05-19T19:34:02.390+0000] {logging_mixin.py:188} INFO - [2024-05-19T19:34:02.389+0000] {dagbag.py:545} INFO - Filling up the DagBag from /opt/airflow/dags/file.xlsx
[2024-05-19T19:34:02.416+0000] {processor.py:842} WARNING - No viable dags retrieved from /opt/airflow/dags/file.xlsx
[2024-05-19T19:34:02.461+0000] {processor.py:183} INFO - Processing /opt/airflow/dags/file.xlsx took 0.101 seconds
[2024-05-19T19:34:32.670+0000] {processor.py:161} INFO - Started process (PID=2593) to work on /opt/airflow/dags/file.xlsx
[2024-05-19T19:34:32.674+0000] {processor.py:830} INFO - Processing file /opt/airflow/dags/file.xlsx for tasks to queue
[2024-05-19T19:34:32.681+0000] {logging_mixin.py:188} INFO - [2024-05-19T19:34:32.680+0000] {dagbag.py:545} INFO - Filling up the DagBag from /opt/airflow/dags/file.xlsx
[2024-05-19T19:34:32.700+0000] {processor.py:842} WARNING - No viable dags retrieved from /opt/airflow/dags/file.xlsx
[2024-05-19T19:34:32.746+0000] {processor.py:183} INFO - Processing /opt/airflow/dags/file.xlsx took 0.093 seconds
[2024-05-19T19:35:03.189+0000] {processor.py:161} INFO - Started process (PID=2651) to work on /opt/airflow/dags/file.xlsx
[2024-05-19T19:35:03.194+0000] {processor.py:830} INFO - Processing file /opt/airflow/dags/file.xlsx for tasks to queue
[2024-05-19T19:35:03.200+0000] {logging_mixin.py:188} INFO - [2024-05-19T19:35:03.199+0000] {dagbag.py:545} INFO - Filling up the DagBag from /opt/airflow/dags/file.xlsx
[2024-05-19T19:35:03.234+0000] {processor.py:842} WARNING - No viable dags retrieved from /opt/airflow/dags/file.xlsx
[2024-05-19T19:35:03.287+0000] {processor.py:183} INFO - Processing /opt/airflow/dags/file.xlsx took 0.120 seconds
[2024-05-19T19:35:33.592+0000] {processor.py:161} INFO - Started process (PID=2712) to work on /opt/airflow/dags/file.xlsx
[2024-05-19T19:35:33.600+0000] {processor.py:830} INFO - Processing file /opt/airflow/dags/file.xlsx for tasks to queue
[2024-05-19T19:35:33.606+0000] {logging_mixin.py:188} INFO - [2024-05-19T19:35:33.605+0000] {dagbag.py:545} INFO - Filling up the DagBag from /opt/airflow/dags/file.xlsx
[2024-05-19T19:35:33.637+0000] {processor.py:842} WARNING - No viable dags retrieved from /opt/airflow/dags/file.xlsx
[2024-05-19T19:35:33.687+0000] {processor.py:183} INFO - Processing /opt/airflow/dags/file.xlsx took 0.116 seconds
[2024-05-19T19:36:04.601+0000] {processor.py:161} INFO - Started process (PID=2773) to work on /opt/airflow/dags/file.xlsx
[2024-05-19T19:36:04.604+0000] {processor.py:830} INFO - Processing file /opt/airflow/dags/file.xlsx for tasks to queue
[2024-05-19T19:36:04.608+0000] {logging_mixin.py:188} INFO - [2024-05-19T19:36:04.608+0000] {dagbag.py:545} INFO - Filling up the DagBag from /opt/airflow/dags/file.xlsx
[2024-05-19T19:36:04.634+0000] {processor.py:842} WARNING - No viable dags retrieved from /opt/airflow/dags/file.xlsx
[2024-05-19T19:36:04.673+0000] {processor.py:183} INFO - Processing /opt/airflow/dags/file.xlsx took 0.089 seconds
[2024-05-19T19:36:35.458+0000] {processor.py:161} INFO - Started process (PID=2834) to work on /opt/airflow/dags/file.xlsx
[2024-05-19T19:36:35.461+0000] {processor.py:830} INFO - Processing file /opt/airflow/dags/file.xlsx for tasks to queue
[2024-05-19T19:36:35.466+0000] {logging_mixin.py:188} INFO - [2024-05-19T19:36:35.465+0000] {dagbag.py:545} INFO - Filling up the DagBag from /opt/airflow/dags/file.xlsx
[2024-05-19T19:36:35.490+0000] {processor.py:842} WARNING - No viable dags retrieved from /opt/airflow/dags/file.xlsx
[2024-05-19T19:36:35.537+0000] {processor.py:183} INFO - Processing /opt/airflow/dags/file.xlsx took 0.106 seconds
[2024-05-19T19:37:06.299+0000] {processor.py:161} INFO - Started process (PID=2896) to work on /opt/airflow/dags/file.xlsx
[2024-05-19T19:37:06.302+0000] {processor.py:830} INFO - Processing file /opt/airflow/dags/file.xlsx for tasks to queue
[2024-05-19T19:37:06.308+0000] {logging_mixin.py:188} INFO - [2024-05-19T19:37:06.307+0000] {dagbag.py:545} INFO - Filling up the DagBag from /opt/airflow/dags/file.xlsx
[2024-05-19T19:37:06.339+0000] {processor.py:842} WARNING - No viable dags retrieved from /opt/airflow/dags/file.xlsx
[2024-05-19T19:37:06.385+0000] {processor.py:183} INFO - Processing /opt/airflow/dags/file.xlsx took 0.103 seconds
[2024-05-19T19:37:36.975+0000] {processor.py:161} INFO - Started process (PID=2957) to work on /opt/airflow/dags/file.xlsx
[2024-05-19T19:37:36.978+0000] {processor.py:830} INFO - Processing file /opt/airflow/dags/file.xlsx for tasks to queue
[2024-05-19T19:37:36.983+0000] {logging_mixin.py:188} INFO - [2024-05-19T19:37:36.982+0000] {dagbag.py:545} INFO - Filling up the DagBag from /opt/airflow/dags/file.xlsx
[2024-05-19T19:37:37.015+0000] {processor.py:842} WARNING - No viable dags retrieved from /opt/airflow/dags/file.xlsx
[2024-05-19T19:37:37.053+0000] {processor.py:183} INFO - Processing /opt/airflow/dags/file.xlsx took 0.092 seconds
[2024-05-19T19:38:07.418+0000] {processor.py:161} INFO - Started process (PID=3020) to work on /opt/airflow/dags/file.xlsx
[2024-05-19T19:38:07.421+0000] {processor.py:830} INFO - Processing file /opt/airflow/dags/file.xlsx for tasks to queue
[2024-05-19T19:38:07.426+0000] {logging_mixin.py:188} INFO - [2024-05-19T19:38:07.425+0000] {dagbag.py:545} INFO - Filling up the DagBag from /opt/airflow/dags/file.xlsx
[2024-05-19T19:38:07.447+0000] {processor.py:842} WARNING - No viable dags retrieved from /opt/airflow/dags/file.xlsx
[2024-05-19T19:38:07.505+0000] {processor.py:183} INFO - Processing /opt/airflow/dags/file.xlsx took 0.105 seconds
[2024-05-19T19:38:38.705+0000] {processor.py:161} INFO - Started process (PID=3080) to work on /opt/airflow/dags/file.xlsx
[2024-05-19T19:38:38.708+0000] {processor.py:830} INFO - Processing file /opt/airflow/dags/file.xlsx for tasks to queue
[2024-05-19T19:38:38.715+0000] {logging_mixin.py:188} INFO - [2024-05-19T19:38:38.714+0000] {dagbag.py:545} INFO - Filling up the DagBag from /opt/airflow/dags/file.xlsx
[2024-05-19T19:38:38.744+0000] {processor.py:842} WARNING - No viable dags retrieved from /opt/airflow/dags/file.xlsx
[2024-05-19T19:38:38.792+0000] {processor.py:183} INFO - Processing /opt/airflow/dags/file.xlsx took 0.107 seconds
[2024-05-19T19:39:08.949+0000] {processor.py:161} INFO - Started process (PID=3139) to work on /opt/airflow/dags/file.xlsx
[2024-05-19T19:39:08.952+0000] {processor.py:830} INFO - Processing file /opt/airflow/dags/file.xlsx for tasks to queue
[2024-05-19T19:39:08.963+0000] {logging_mixin.py:188} INFO - [2024-05-19T19:39:08.959+0000] {dagbag.py:545} INFO - Filling up the DagBag from /opt/airflow/dags/file.xlsx
[2024-05-19T19:39:08.988+0000] {processor.py:842} WARNING - No viable dags retrieved from /opt/airflow/dags/file.xlsx
[2024-05-19T19:39:09.027+0000] {processor.py:183} INFO - Processing /opt/airflow/dags/file.xlsx took 0.097 seconds
[2024-05-19T19:39:39.144+0000] {processor.py:161} INFO - Started process (PID=3197) to work on /opt/airflow/dags/file.xlsx
[2024-05-19T19:39:39.148+0000] {processor.py:830} INFO - Processing file /opt/airflow/dags/file.xlsx for tasks to queue
[2024-05-19T19:39:39.157+0000] {logging_mixin.py:188} INFO - [2024-05-19T19:39:39.156+0000] {dagbag.py:545} INFO - Filling up the DagBag from /opt/airflow/dags/file.xlsx
[2024-05-19T19:39:39.176+0000] {processor.py:842} WARNING - No viable dags retrieved from /opt/airflow/dags/file.xlsx
[2024-05-19T19:39:39.222+0000] {processor.py:183} INFO - Processing /opt/airflow/dags/file.xlsx took 0.094 seconds
[2024-05-19T19:40:09.529+0000] {processor.py:161} INFO - Started process (PID=3257) to work on /opt/airflow/dags/file.xlsx
[2024-05-19T19:40:09.532+0000] {processor.py:830} INFO - Processing file /opt/airflow/dags/file.xlsx for tasks to queue
[2024-05-19T19:40:09.537+0000] {logging_mixin.py:188} INFO - [2024-05-19T19:40:09.536+0000] {dagbag.py:545} INFO - Filling up the DagBag from /opt/airflow/dags/file.xlsx
[2024-05-19T19:40:09.562+0000] {processor.py:842} WARNING - No viable dags retrieved from /opt/airflow/dags/file.xlsx
[2024-05-19T19:40:09.602+0000] {processor.py:183} INFO - Processing /opt/airflow/dags/file.xlsx took 0.102 seconds
[2024-05-19T19:40:39.931+0000] {processor.py:161} INFO - Started process (PID=3318) to work on /opt/airflow/dags/file.xlsx
[2024-05-19T19:40:39.934+0000] {processor.py:830} INFO - Processing file /opt/airflow/dags/file.xlsx for tasks to queue
[2024-05-19T19:40:39.941+0000] {logging_mixin.py:188} INFO - [2024-05-19T19:40:39.939+0000] {dagbag.py:545} INFO - Filling up the DagBag from /opt/airflow/dags/file.xlsx
[2024-05-19T19:40:39.964+0000] {processor.py:842} WARNING - No viable dags retrieved from /opt/airflow/dags/file.xlsx
[2024-05-19T19:40:40.021+0000] {processor.py:183} INFO - Processing /opt/airflow/dags/file.xlsx took 0.113 seconds
[2024-05-19T19:41:10.556+0000] {processor.py:161} INFO - Started process (PID=3377) to work on /opt/airflow/dags/file.xlsx
[2024-05-19T19:41:10.559+0000] {processor.py:830} INFO - Processing file /opt/airflow/dags/file.xlsx for tasks to queue
[2024-05-19T19:41:10.564+0000] {logging_mixin.py:188} INFO - [2024-05-19T19:41:10.563+0000] {dagbag.py:545} INFO - Filling up the DagBag from /opt/airflow/dags/file.xlsx
[2024-05-19T19:41:10.588+0000] {processor.py:842} WARNING - No viable dags retrieved from /opt/airflow/dags/file.xlsx
[2024-05-19T19:41:10.628+0000] {processor.py:183} INFO - Processing /opt/airflow/dags/file.xlsx took 0.097 seconds
[2024-05-19T19:41:41.416+0000] {processor.py:161} INFO - Started process (PID=3437) to work on /opt/airflow/dags/file.xlsx
[2024-05-19T19:41:41.419+0000] {processor.py:830} INFO - Processing file /opt/airflow/dags/file.xlsx for tasks to queue
[2024-05-19T19:41:41.427+0000] {logging_mixin.py:188} INFO - [2024-05-19T19:41:41.426+0000] {dagbag.py:545} INFO - Filling up the DagBag from /opt/airflow/dags/file.xlsx
[2024-05-19T19:41:41.450+0000] {processor.py:842} WARNING - No viable dags retrieved from /opt/airflow/dags/file.xlsx
[2024-05-19T19:41:41.548+0000] {processor.py:183} INFO - Processing /opt/airflow/dags/file.xlsx took 0.152 seconds
[2024-05-19T19:42:11.834+0000] {processor.py:161} INFO - Started process (PID=3497) to work on /opt/airflow/dags/file.xlsx
[2024-05-19T19:42:11.837+0000] {processor.py:830} INFO - Processing file /opt/airflow/dags/file.xlsx for tasks to queue
[2024-05-19T19:42:11.846+0000] {logging_mixin.py:188} INFO - [2024-05-19T19:42:11.845+0000] {dagbag.py:545} INFO - Filling up the DagBag from /opt/airflow/dags/file.xlsx
[2024-05-19T19:42:11.872+0000] {processor.py:842} WARNING - No viable dags retrieved from /opt/airflow/dags/file.xlsx
[2024-05-19T19:42:11.921+0000] {processor.py:183} INFO - Processing /opt/airflow/dags/file.xlsx took 0.113 seconds
[2024-05-19T19:42:42.208+0000] {processor.py:161} INFO - Started process (PID=3558) to work on /opt/airflow/dags/file.xlsx
[2024-05-19T19:42:42.211+0000] {processor.py:830} INFO - Processing file /opt/airflow/dags/file.xlsx for tasks to queue
[2024-05-19T19:42:42.219+0000] {logging_mixin.py:188} INFO - [2024-05-19T19:42:42.218+0000] {dagbag.py:545} INFO - Filling up the DagBag from /opt/airflow/dags/file.xlsx
[2024-05-19T19:42:42.243+0000] {processor.py:842} WARNING - No viable dags retrieved from /opt/airflow/dags/file.xlsx
[2024-05-19T19:42:42.279+0000] {processor.py:183} INFO - Processing /opt/airflow/dags/file.xlsx took 0.092 seconds
[2024-05-19T19:43:12.466+0000] {processor.py:161} INFO - Started process (PID=3620) to work on /opt/airflow/dags/file.xlsx
[2024-05-19T19:43:12.471+0000] {processor.py:830} INFO - Processing file /opt/airflow/dags/file.xlsx for tasks to queue
[2024-05-19T19:43:12.503+0000] {logging_mixin.py:188} INFO - [2024-05-19T19:43:12.501+0000] {dagbag.py:545} INFO - Filling up the DagBag from /opt/airflow/dags/file.xlsx
[2024-05-19T19:43:12.523+0000] {processor.py:842} WARNING - No viable dags retrieved from /opt/airflow/dags/file.xlsx
[2024-05-19T19:43:12.559+0000] {processor.py:183} INFO - Processing /opt/airflow/dags/file.xlsx took 0.117 seconds
[2024-05-19T19:43:42.893+0000] {processor.py:161} INFO - Started process (PID=3681) to work on /opt/airflow/dags/file.xlsx
[2024-05-19T19:43:42.896+0000] {processor.py:830} INFO - Processing file /opt/airflow/dags/file.xlsx for tasks to queue
[2024-05-19T19:43:42.912+0000] {logging_mixin.py:188} INFO - [2024-05-19T19:43:42.905+0000] {dagbag.py:545} INFO - Filling up the DagBag from /opt/airflow/dags/file.xlsx
[2024-05-19T19:43:42.938+0000] {processor.py:842} WARNING - No viable dags retrieved from /opt/airflow/dags/file.xlsx
[2024-05-19T19:43:42.992+0000] {processor.py:183} INFO - Processing /opt/airflow/dags/file.xlsx took 0.119 seconds
[2024-05-19T19:44:13.213+0000] {processor.py:161} INFO - Started process (PID=3742) to work on /opt/airflow/dags/file.xlsx
[2024-05-19T19:44:13.216+0000] {processor.py:830} INFO - Processing file /opt/airflow/dags/file.xlsx for tasks to queue
[2024-05-19T19:44:13.222+0000] {logging_mixin.py:188} INFO - [2024-05-19T19:44:13.221+0000] {dagbag.py:545} INFO - Filling up the DagBag from /opt/airflow/dags/file.xlsx
[2024-05-19T19:44:13.247+0000] {processor.py:842} WARNING - No viable dags retrieved from /opt/airflow/dags/file.xlsx
[2024-05-19T19:44:13.310+0000] {processor.py:183} INFO - Processing /opt/airflow/dags/file.xlsx took 0.111 seconds
[2024-05-19T19:44:44.128+0000] {processor.py:161} INFO - Started process (PID=3803) to work on /opt/airflow/dags/file.xlsx
[2024-05-19T19:44:44.132+0000] {processor.py:830} INFO - Processing file /opt/airflow/dags/file.xlsx for tasks to queue
[2024-05-19T19:44:44.136+0000] {logging_mixin.py:188} INFO - [2024-05-19T19:44:44.136+0000] {dagbag.py:545} INFO - Filling up the DagBag from /opt/airflow/dags/file.xlsx
[2024-05-19T19:44:44.160+0000] {processor.py:842} WARNING - No viable dags retrieved from /opt/airflow/dags/file.xlsx
[2024-05-19T19:44:44.194+0000] {processor.py:183} INFO - Processing /opt/airflow/dags/file.xlsx took 0.082 seconds
[2024-05-19T19:45:14.601+0000] {processor.py:161} INFO - Started process (PID=3864) to work on /opt/airflow/dags/file.xlsx
[2024-05-19T19:45:14.606+0000] {processor.py:830} INFO - Processing file /opt/airflow/dags/file.xlsx for tasks to queue
[2024-05-19T19:45:14.612+0000] {logging_mixin.py:188} INFO - [2024-05-19T19:45:14.611+0000] {dagbag.py:545} INFO - Filling up the DagBag from /opt/airflow/dags/file.xlsx
[2024-05-19T19:45:14.642+0000] {processor.py:842} WARNING - No viable dags retrieved from /opt/airflow/dags/file.xlsx
[2024-05-19T19:45:14.688+0000] {processor.py:183} INFO - Processing /opt/airflow/dags/file.xlsx took 0.110 seconds
[2024-05-19T19:45:45.077+0000] {processor.py:161} INFO - Started process (PID=3923) to work on /opt/airflow/dags/file.xlsx
[2024-05-19T19:45:45.080+0000] {processor.py:830} INFO - Processing file /opt/airflow/dags/file.xlsx for tasks to queue
[2024-05-19T19:45:45.085+0000] {logging_mixin.py:188} INFO - [2024-05-19T19:45:45.084+0000] {dagbag.py:545} INFO - Filling up the DagBag from /opt/airflow/dags/file.xlsx
[2024-05-19T19:45:45.120+0000] {processor.py:842} WARNING - No viable dags retrieved from /opt/airflow/dags/file.xlsx
[2024-05-19T19:45:45.158+0000] {processor.py:183} INFO - Processing /opt/airflow/dags/file.xlsx took 0.096 seconds
[2024-05-19T19:46:15.533+0000] {processor.py:161} INFO - Started process (PID=3982) to work on /opt/airflow/dags/file.xlsx
[2024-05-19T19:46:15.536+0000] {processor.py:830} INFO - Processing file /opt/airflow/dags/file.xlsx for tasks to queue
[2024-05-19T19:46:15.542+0000] {logging_mixin.py:188} INFO - [2024-05-19T19:46:15.541+0000] {dagbag.py:545} INFO - Filling up the DagBag from /opt/airflow/dags/file.xlsx
[2024-05-19T19:46:15.574+0000] {processor.py:842} WARNING - No viable dags retrieved from /opt/airflow/dags/file.xlsx
[2024-05-19T19:46:15.616+0000] {processor.py:183} INFO - Processing /opt/airflow/dags/file.xlsx took 0.094 seconds
[2024-05-19T19:46:46.268+0000] {processor.py:161} INFO - Started process (PID=4041) to work on /opt/airflow/dags/file.xlsx
[2024-05-19T19:46:46.272+0000] {processor.py:830} INFO - Processing file /opt/airflow/dags/file.xlsx for tasks to queue
[2024-05-19T19:46:46.282+0000] {logging_mixin.py:188} INFO - [2024-05-19T19:46:46.280+0000] {dagbag.py:545} INFO - Filling up the DagBag from /opt/airflow/dags/file.xlsx
[2024-05-19T19:46:46.319+0000] {processor.py:842} WARNING - No viable dags retrieved from /opt/airflow/dags/file.xlsx
[2024-05-19T19:46:46.372+0000] {processor.py:183} INFO - Processing /opt/airflow/dags/file.xlsx took 0.123 seconds
[2024-05-19T19:47:16.902+0000] {processor.py:161} INFO - Started process (PID=4102) to work on /opt/airflow/dags/file.xlsx
[2024-05-19T19:47:16.906+0000] {processor.py:830} INFO - Processing file /opt/airflow/dags/file.xlsx for tasks to queue
[2024-05-19T19:47:16.915+0000] {logging_mixin.py:188} INFO - [2024-05-19T19:47:16.913+0000] {dagbag.py:545} INFO - Filling up the DagBag from /opt/airflow/dags/file.xlsx
[2024-05-19T19:47:16.948+0000] {processor.py:842} WARNING - No viable dags retrieved from /opt/airflow/dags/file.xlsx
[2024-05-19T19:47:17.001+0000] {processor.py:183} INFO - Processing /opt/airflow/dags/file.xlsx took 0.122 seconds
[2024-05-19T19:47:47.615+0000] {processor.py:161} INFO - Started process (PID=4163) to work on /opt/airflow/dags/file.xlsx
[2024-05-19T19:47:47.617+0000] {processor.py:830} INFO - Processing file /opt/airflow/dags/file.xlsx for tasks to queue
[2024-05-19T19:47:47.625+0000] {logging_mixin.py:188} INFO - [2024-05-19T19:47:47.624+0000] {dagbag.py:545} INFO - Filling up the DagBag from /opt/airflow/dags/file.xlsx
[2024-05-19T19:47:47.651+0000] {processor.py:842} WARNING - No viable dags retrieved from /opt/airflow/dags/file.xlsx
[2024-05-19T19:47:47.697+0000] {processor.py:183} INFO - Processing /opt/airflow/dags/file.xlsx took 0.099 seconds
[2024-05-19T19:48:18.381+0000] {processor.py:161} INFO - Started process (PID=4223) to work on /opt/airflow/dags/file.xlsx
[2024-05-19T19:48:18.383+0000] {processor.py:830} INFO - Processing file /opt/airflow/dags/file.xlsx for tasks to queue
[2024-05-19T19:48:18.389+0000] {logging_mixin.py:188} INFO - [2024-05-19T19:48:18.388+0000] {dagbag.py:545} INFO - Filling up the DagBag from /opt/airflow/dags/file.xlsx
[2024-05-19T19:48:18.421+0000] {processor.py:842} WARNING - No viable dags retrieved from /opt/airflow/dags/file.xlsx
[2024-05-19T19:48:18.465+0000] {processor.py:183} INFO - Processing /opt/airflow/dags/file.xlsx took 0.099 seconds
[2024-05-19T19:48:49.241+0000] {processor.py:161} INFO - Started process (PID=4290) to work on /opt/airflow/dags/file.xlsx
[2024-05-19T19:48:49.244+0000] {processor.py:830} INFO - Processing file /opt/airflow/dags/file.xlsx for tasks to queue
[2024-05-19T19:48:49.250+0000] {logging_mixin.py:188} INFO - [2024-05-19T19:48:49.249+0000] {dagbag.py:545} INFO - Filling up the DagBag from /opt/airflow/dags/file.xlsx
[2024-05-19T19:48:49.270+0000] {processor.py:842} WARNING - No viable dags retrieved from /opt/airflow/dags/file.xlsx
[2024-05-19T19:48:49.326+0000] {processor.py:183} INFO - Processing /opt/airflow/dags/file.xlsx took 0.106 seconds
[2024-05-19T19:49:20.346+0000] {processor.py:161} INFO - Started process (PID=4353) to work on /opt/airflow/dags/file.xlsx
[2024-05-19T19:49:20.349+0000] {processor.py:830} INFO - Processing file /opt/airflow/dags/file.xlsx for tasks to queue
[2024-05-19T19:49:20.356+0000] {logging_mixin.py:188} INFO - [2024-05-19T19:49:20.355+0000] {dagbag.py:545} INFO - Filling up the DagBag from /opt/airflow/dags/file.xlsx
[2024-05-19T19:49:20.386+0000] {processor.py:842} WARNING - No viable dags retrieved from /opt/airflow/dags/file.xlsx
[2024-05-19T19:49:20.435+0000] {processor.py:183} INFO - Processing /opt/airflow/dags/file.xlsx took 0.112 seconds
[2024-05-19T19:49:51.102+0000] {processor.py:161} INFO - Started process (PID=4414) to work on /opt/airflow/dags/file.xlsx
[2024-05-19T19:49:51.105+0000] {processor.py:830} INFO - Processing file /opt/airflow/dags/file.xlsx for tasks to queue
[2024-05-19T19:49:51.112+0000] {logging_mixin.py:188} INFO - [2024-05-19T19:49:51.111+0000] {dagbag.py:545} INFO - Filling up the DagBag from /opt/airflow/dags/file.xlsx
[2024-05-19T19:49:51.141+0000] {processor.py:842} WARNING - No viable dags retrieved from /opt/airflow/dags/file.xlsx
[2024-05-19T19:49:51.190+0000] {processor.py:183} INFO - Processing /opt/airflow/dags/file.xlsx took 0.105 seconds
[2024-05-19T19:50:21.496+0000] {processor.py:161} INFO - Started process (PID=4472) to work on /opt/airflow/dags/file.xlsx
[2024-05-19T19:50:21.504+0000] {processor.py:830} INFO - Processing file /opt/airflow/dags/file.xlsx for tasks to queue
[2024-05-19T19:50:21.510+0000] {logging_mixin.py:188} INFO - [2024-05-19T19:50:21.509+0000] {dagbag.py:545} INFO - Filling up the DagBag from /opt/airflow/dags/file.xlsx
[2024-05-19T19:50:21.538+0000] {processor.py:842} WARNING - No viable dags retrieved from /opt/airflow/dags/file.xlsx
[2024-05-19T19:50:21.585+0000] {processor.py:183} INFO - Processing /opt/airflow/dags/file.xlsx took 0.112 seconds
[2024-05-19T19:50:51.892+0000] {processor.py:161} INFO - Started process (PID=4533) to work on /opt/airflow/dags/file.xlsx
[2024-05-19T19:50:51.894+0000] {processor.py:830} INFO - Processing file /opt/airflow/dags/file.xlsx for tasks to queue
[2024-05-19T19:50:51.900+0000] {logging_mixin.py:188} INFO - [2024-05-19T19:50:51.899+0000] {dagbag.py:545} INFO - Filling up the DagBag from /opt/airflow/dags/file.xlsx
[2024-05-19T19:50:51.930+0000] {processor.py:842} WARNING - No viable dags retrieved from /opt/airflow/dags/file.xlsx
[2024-05-19T19:50:51.969+0000] {processor.py:183} INFO - Processing /opt/airflow/dags/file.xlsx took 0.098 seconds
[2024-05-19T19:51:22.347+0000] {processor.py:161} INFO - Started process (PID=4593) to work on /opt/airflow/dags/file.xlsx
[2024-05-19T19:51:22.351+0000] {processor.py:830} INFO - Processing file /opt/airflow/dags/file.xlsx for tasks to queue
[2024-05-19T19:51:22.354+0000] {logging_mixin.py:188} INFO - [2024-05-19T19:51:22.354+0000] {dagbag.py:545} INFO - Filling up the DagBag from /opt/airflow/dags/file.xlsx
[2024-05-19T19:51:22.376+0000] {processor.py:842} WARNING - No viable dags retrieved from /opt/airflow/dags/file.xlsx
[2024-05-19T19:51:22.427+0000] {processor.py:183} INFO - Processing /opt/airflow/dags/file.xlsx took 0.123 seconds
[2024-05-19T19:51:52.937+0000] {processor.py:161} INFO - Started process (PID=4654) to work on /opt/airflow/dags/file.xlsx
[2024-05-19T19:51:52.939+0000] {processor.py:830} INFO - Processing file /opt/airflow/dags/file.xlsx for tasks to queue
[2024-05-19T19:51:52.946+0000] {logging_mixin.py:188} INFO - [2024-05-19T19:51:52.945+0000] {dagbag.py:545} INFO - Filling up the DagBag from /opt/airflow/dags/file.xlsx
[2024-05-19T19:51:52.967+0000] {processor.py:842} WARNING - No viable dags retrieved from /opt/airflow/dags/file.xlsx
[2024-05-19T19:51:53.018+0000] {processor.py:183} INFO - Processing /opt/airflow/dags/file.xlsx took 0.095 seconds
[2024-05-19T19:52:23.198+0000] {processor.py:161} INFO - Started process (PID=4714) to work on /opt/airflow/dags/file.xlsx
[2024-05-19T19:52:23.201+0000] {processor.py:830} INFO - Processing file /opt/airflow/dags/file.xlsx for tasks to queue
[2024-05-19T19:52:23.207+0000] {logging_mixin.py:188} INFO - [2024-05-19T19:52:23.206+0000] {dagbag.py:545} INFO - Filling up the DagBag from /opt/airflow/dags/file.xlsx
[2024-05-19T19:52:23.230+0000] {processor.py:842} WARNING - No viable dags retrieved from /opt/airflow/dags/file.xlsx
[2024-05-19T19:52:23.277+0000] {processor.py:183} INFO - Processing /opt/airflow/dags/file.xlsx took 0.113 seconds
[2024-05-19T19:52:53.962+0000] {processor.py:161} INFO - Started process (PID=4773) to work on /opt/airflow/dags/file.xlsx
[2024-05-19T19:52:53.965+0000] {processor.py:830} INFO - Processing file /opt/airflow/dags/file.xlsx for tasks to queue
[2024-05-19T19:52:53.974+0000] {logging_mixin.py:188} INFO - [2024-05-19T19:52:53.973+0000] {dagbag.py:545} INFO - Filling up the DagBag from /opt/airflow/dags/file.xlsx
[2024-05-19T19:52:53.997+0000] {processor.py:842} WARNING - No viable dags retrieved from /opt/airflow/dags/file.xlsx
[2024-05-19T19:52:54.047+0000] {processor.py:183} INFO - Processing /opt/airflow/dags/file.xlsx took 0.111 seconds
[2024-05-19T19:53:24.683+0000] {processor.py:161} INFO - Started process (PID=4834) to work on /opt/airflow/dags/file.xlsx
[2024-05-19T19:53:24.686+0000] {processor.py:830} INFO - Processing file /opt/airflow/dags/file.xlsx for tasks to queue
[2024-05-19T19:53:24.692+0000] {logging_mixin.py:188} INFO - [2024-05-19T19:53:24.691+0000] {dagbag.py:545} INFO - Filling up the DagBag from /opt/airflow/dags/file.xlsx
[2024-05-19T19:53:24.721+0000] {processor.py:842} WARNING - No viable dags retrieved from /opt/airflow/dags/file.xlsx
[2024-05-19T19:53:24.763+0000] {processor.py:183} INFO - Processing /opt/airflow/dags/file.xlsx took 0.093 seconds
[2024-05-19T19:53:54.902+0000] {processor.py:161} INFO - Started process (PID=4895) to work on /opt/airflow/dags/file.xlsx
[2024-05-19T19:53:54.905+0000] {processor.py:830} INFO - Processing file /opt/airflow/dags/file.xlsx for tasks to queue
[2024-05-19T19:53:54.912+0000] {logging_mixin.py:188} INFO - [2024-05-19T19:53:54.911+0000] {dagbag.py:545} INFO - Filling up the DagBag from /opt/airflow/dags/file.xlsx
[2024-05-19T19:53:54.937+0000] {processor.py:842} WARNING - No viable dags retrieved from /opt/airflow/dags/file.xlsx
[2024-05-19T19:53:54.999+0000] {processor.py:183} INFO - Processing /opt/airflow/dags/file.xlsx took 0.117 seconds
[2024-05-19T19:54:25.182+0000] {processor.py:161} INFO - Started process (PID=4953) to work on /opt/airflow/dags/file.xlsx
[2024-05-19T19:54:25.185+0000] {processor.py:830} INFO - Processing file /opt/airflow/dags/file.xlsx for tasks to queue
[2024-05-19T19:54:25.196+0000] {logging_mixin.py:188} INFO - [2024-05-19T19:54:25.194+0000] {dagbag.py:545} INFO - Filling up the DagBag from /opt/airflow/dags/file.xlsx
[2024-05-19T19:54:25.230+0000] {processor.py:842} WARNING - No viable dags retrieved from /opt/airflow/dags/file.xlsx
[2024-05-19T19:54:25.285+0000] {processor.py:183} INFO - Processing /opt/airflow/dags/file.xlsx took 0.122 seconds
[2024-05-19T19:54:55.829+0000] {processor.py:161} INFO - Started process (PID=5014) to work on /opt/airflow/dags/file.xlsx
[2024-05-19T19:54:55.832+0000] {processor.py:830} INFO - Processing file /opt/airflow/dags/file.xlsx for tasks to queue
[2024-05-19T19:54:55.838+0000] {logging_mixin.py:188} INFO - [2024-05-19T19:54:55.837+0000] {dagbag.py:545} INFO - Filling up the DagBag from /opt/airflow/dags/file.xlsx
[2024-05-19T19:54:55.870+0000] {processor.py:842} WARNING - No viable dags retrieved from /opt/airflow/dags/file.xlsx
[2024-05-19T19:54:55.911+0000] {processor.py:183} INFO - Processing /opt/airflow/dags/file.xlsx took 0.105 seconds
[2024-05-19T19:55:26.416+0000] {processor.py:161} INFO - Started process (PID=5076) to work on /opt/airflow/dags/file.xlsx
[2024-05-19T19:55:26.427+0000] {processor.py:830} INFO - Processing file /opt/airflow/dags/file.xlsx for tasks to queue
[2024-05-19T19:55:26.438+0000] {logging_mixin.py:188} INFO - [2024-05-19T19:55:26.437+0000] {dagbag.py:545} INFO - Filling up the DagBag from /opt/airflow/dags/file.xlsx
[2024-05-19T19:55:26.509+0000] {processor.py:842} WARNING - No viable dags retrieved from /opt/airflow/dags/file.xlsx
[2024-05-19T19:55:26.550+0000] {processor.py:183} INFO - Processing /opt/airflow/dags/file.xlsx took 0.176 seconds
[2024-05-19T19:55:56.771+0000] {processor.py:161} INFO - Started process (PID=5137) to work on /opt/airflow/dags/file.xlsx
[2024-05-19T19:55:56.774+0000] {processor.py:830} INFO - Processing file /opt/airflow/dags/file.xlsx for tasks to queue
[2024-05-19T19:55:56.779+0000] {logging_mixin.py:188} INFO - [2024-05-19T19:55:56.778+0000] {dagbag.py:545} INFO - Filling up the DagBag from /opt/airflow/dags/file.xlsx
[2024-05-19T19:55:56.802+0000] {processor.py:842} WARNING - No viable dags retrieved from /opt/airflow/dags/file.xlsx
[2024-05-19T19:55:56.844+0000] {processor.py:183} INFO - Processing /opt/airflow/dags/file.xlsx took 0.084 seconds
[2024-05-19T19:56:27.302+0000] {processor.py:161} INFO - Started process (PID=5197) to work on /opt/airflow/dags/file.xlsx
[2024-05-19T19:56:27.305+0000] {processor.py:830} INFO - Processing file /opt/airflow/dags/file.xlsx for tasks to queue
[2024-05-19T19:56:27.311+0000] {logging_mixin.py:188} INFO - [2024-05-19T19:56:27.310+0000] {dagbag.py:545} INFO - Filling up the DagBag from /opt/airflow/dags/file.xlsx
[2024-05-19T19:56:27.336+0000] {processor.py:842} WARNING - No viable dags retrieved from /opt/airflow/dags/file.xlsx
[2024-05-19T19:56:27.379+0000] {processor.py:183} INFO - Processing /opt/airflow/dags/file.xlsx took 0.111 seconds
[2024-05-19T19:56:57.557+0000] {processor.py:161} INFO - Started process (PID=5258) to work on /opt/airflow/dags/file.xlsx
[2024-05-19T19:56:57.559+0000] {processor.py:830} INFO - Processing file /opt/airflow/dags/file.xlsx for tasks to queue
[2024-05-19T19:56:57.565+0000] {logging_mixin.py:188} INFO - [2024-05-19T19:56:57.564+0000] {dagbag.py:545} INFO - Filling up the DagBag from /opt/airflow/dags/file.xlsx
[2024-05-19T19:56:57.592+0000] {processor.py:842} WARNING - No viable dags retrieved from /opt/airflow/dags/file.xlsx
[2024-05-19T19:56:57.624+0000] {processor.py:183} INFO - Processing /opt/airflow/dags/file.xlsx took 0.085 seconds
[2024-05-19T19:57:28.335+0000] {processor.py:161} INFO - Started process (PID=5319) to work on /opt/airflow/dags/file.xlsx
[2024-05-19T19:57:28.337+0000] {processor.py:830} INFO - Processing file /opt/airflow/dags/file.xlsx for tasks to queue
[2024-05-19T19:57:28.343+0000] {logging_mixin.py:188} INFO - [2024-05-19T19:57:28.342+0000] {dagbag.py:545} INFO - Filling up the DagBag from /opt/airflow/dags/file.xlsx
[2024-05-19T19:57:28.362+0000] {processor.py:842} WARNING - No viable dags retrieved from /opt/airflow/dags/file.xlsx
[2024-05-19T19:57:28.397+0000] {processor.py:183} INFO - Processing /opt/airflow/dags/file.xlsx took 0.073 seconds
[2024-05-19T19:57:58.629+0000] {processor.py:161} INFO - Started process (PID=5380) to work on /opt/airflow/dags/file.xlsx
[2024-05-19T19:57:58.632+0000] {processor.py:830} INFO - Processing file /opt/airflow/dags/file.xlsx for tasks to queue
[2024-05-19T19:57:58.641+0000] {logging_mixin.py:188} INFO - [2024-05-19T19:57:58.638+0000] {dagbag.py:545} INFO - Filling up the DagBag from /opt/airflow/dags/file.xlsx
[2024-05-19T19:57:58.674+0000] {processor.py:842} WARNING - No viable dags retrieved from /opt/airflow/dags/file.xlsx
[2024-05-19T19:57:58.707+0000] {processor.py:183} INFO - Processing /opt/airflow/dags/file.xlsx took 0.096 seconds
[2024-05-19T19:58:28.954+0000] {processor.py:161} INFO - Started process (PID=5441) to work on /opt/airflow/dags/file.xlsx
[2024-05-19T19:58:28.957+0000] {processor.py:830} INFO - Processing file /opt/airflow/dags/file.xlsx for tasks to queue
[2024-05-19T19:58:28.971+0000] {logging_mixin.py:188} INFO - [2024-05-19T19:58:28.962+0000] {dagbag.py:545} INFO - Filling up the DagBag from /opt/airflow/dags/file.xlsx
[2024-05-19T19:58:29.441+0000] {processor.py:842} WARNING - No viable dags retrieved from /opt/airflow/dags/file.xlsx
[2024-05-19T19:58:29.508+0000] {processor.py:183} INFO - Processing /opt/airflow/dags/file.xlsx took 0.576 seconds
[2024-05-19T19:58:59.812+0000] {processor.py:161} INFO - Started process (PID=5502) to work on /opt/airflow/dags/file.xlsx
[2024-05-19T19:58:59.814+0000] {processor.py:830} INFO - Processing file /opt/airflow/dags/file.xlsx for tasks to queue
[2024-05-19T19:58:59.820+0000] {logging_mixin.py:188} INFO - [2024-05-19T19:58:59.819+0000] {dagbag.py:545} INFO - Filling up the DagBag from /opt/airflow/dags/file.xlsx
[2024-05-19T19:58:59.842+0000] {processor.py:842} WARNING - No viable dags retrieved from /opt/airflow/dags/file.xlsx
[2024-05-19T19:58:59.901+0000] {processor.py:183} INFO - Processing /opt/airflow/dags/file.xlsx took 0.108 seconds
[2024-05-19T19:59:30.017+0000] {processor.py:161} INFO - Started process (PID=5563) to work on /opt/airflow/dags/file.xlsx
[2024-05-19T19:59:30.020+0000] {processor.py:830} INFO - Processing file /opt/airflow/dags/file.xlsx for tasks to queue
[2024-05-19T19:59:30.026+0000] {logging_mixin.py:188} INFO - [2024-05-19T19:59:30.025+0000] {dagbag.py:545} INFO - Filling up the DagBag from /opt/airflow/dags/file.xlsx
[2024-05-19T19:59:30.054+0000] {processor.py:842} WARNING - No viable dags retrieved from /opt/airflow/dags/file.xlsx
[2024-05-19T19:59:30.115+0000] {processor.py:183} INFO - Processing /opt/airflow/dags/file.xlsx took 0.115 seconds
[2024-05-19T20:00:00.482+0000] {processor.py:161} INFO - Started process (PID=5624) to work on /opt/airflow/dags/file.xlsx
[2024-05-19T20:00:00.484+0000] {processor.py:830} INFO - Processing file /opt/airflow/dags/file.xlsx for tasks to queue
[2024-05-19T20:00:00.488+0000] {logging_mixin.py:188} INFO - [2024-05-19T20:00:00.487+0000] {dagbag.py:545} INFO - Filling up the DagBag from /opt/airflow/dags/file.xlsx
[2024-05-19T20:00:00.503+0000] {processor.py:842} WARNING - No viable dags retrieved from /opt/airflow/dags/file.xlsx
[2024-05-19T20:00:00.536+0000] {processor.py:183} INFO - Processing /opt/airflow/dags/file.xlsx took 0.069 seconds
[2024-05-19T20:00:31.408+0000] {processor.py:161} INFO - Started process (PID=5685) to work on /opt/airflow/dags/file.xlsx
[2024-05-19T20:00:31.415+0000] {processor.py:830} INFO - Processing file /opt/airflow/dags/file.xlsx for tasks to queue
[2024-05-19T20:00:31.420+0000] {logging_mixin.py:188} INFO - [2024-05-19T20:00:31.419+0000] {dagbag.py:545} INFO - Filling up the DagBag from /opt/airflow/dags/file.xlsx
[2024-05-19T20:00:31.443+0000] {processor.py:842} WARNING - No viable dags retrieved from /opt/airflow/dags/file.xlsx
[2024-05-19T20:00:31.481+0000] {processor.py:183} INFO - Processing /opt/airflow/dags/file.xlsx took 0.126 seconds
[2024-05-19T20:01:01.929+0000] {processor.py:161} INFO - Started process (PID=5746) to work on /opt/airflow/dags/file.xlsx
[2024-05-19T20:01:01.933+0000] {processor.py:830} INFO - Processing file /opt/airflow/dags/file.xlsx for tasks to queue
[2024-05-19T20:01:01.940+0000] {logging_mixin.py:188} INFO - [2024-05-19T20:01:01.939+0000] {dagbag.py:545} INFO - Filling up the DagBag from /opt/airflow/dags/file.xlsx
[2024-05-19T20:01:01.980+0000] {processor.py:842} WARNING - No viable dags retrieved from /opt/airflow/dags/file.xlsx
[2024-05-19T20:01:02.023+0000] {processor.py:183} INFO - Processing /opt/airflow/dags/file.xlsx took 0.113 seconds
[2024-05-19T20:01:32.631+0000] {processor.py:161} INFO - Started process (PID=5807) to work on /opt/airflow/dags/file.xlsx
[2024-05-19T20:01:32.633+0000] {processor.py:830} INFO - Processing file /opt/airflow/dags/file.xlsx for tasks to queue
[2024-05-19T20:01:32.640+0000] {logging_mixin.py:188} INFO - [2024-05-19T20:01:32.639+0000] {dagbag.py:545} INFO - Filling up the DagBag from /opt/airflow/dags/file.xlsx
[2024-05-19T20:01:32.670+0000] {processor.py:842} WARNING - No viable dags retrieved from /opt/airflow/dags/file.xlsx
[2024-05-19T20:01:32.727+0000] {processor.py:183} INFO - Processing /opt/airflow/dags/file.xlsx took 0.117 seconds
[2024-05-19T20:02:03.219+0000] {processor.py:161} INFO - Started process (PID=5868) to work on /opt/airflow/dags/file.xlsx
[2024-05-19T20:02:03.225+0000] {processor.py:830} INFO - Processing file /opt/airflow/dags/file.xlsx for tasks to queue
[2024-05-19T20:02:03.238+0000] {logging_mixin.py:188} INFO - [2024-05-19T20:02:03.237+0000] {dagbag.py:545} INFO - Filling up the DagBag from /opt/airflow/dags/file.xlsx
[2024-05-19T20:02:03.275+0000] {processor.py:842} WARNING - No viable dags retrieved from /opt/airflow/dags/file.xlsx
[2024-05-19T20:02:03.317+0000] {processor.py:183} INFO - Processing /opt/airflow/dags/file.xlsx took 0.114 seconds
[2024-05-19T20:02:34.190+0000] {processor.py:161} INFO - Started process (PID=5929) to work on /opt/airflow/dags/file.xlsx
[2024-05-19T20:02:34.193+0000] {processor.py:830} INFO - Processing file /opt/airflow/dags/file.xlsx for tasks to queue
[2024-05-19T20:02:34.198+0000] {logging_mixin.py:188} INFO - [2024-05-19T20:02:34.197+0000] {dagbag.py:545} INFO - Filling up the DagBag from /opt/airflow/dags/file.xlsx
[2024-05-19T20:02:34.219+0000] {processor.py:842} WARNING - No viable dags retrieved from /opt/airflow/dags/file.xlsx
[2024-05-19T20:02:34.309+0000] {processor.py:183} INFO - Processing /opt/airflow/dags/file.xlsx took 0.143 seconds
[2024-05-19T20:03:04.495+0000] {processor.py:161} INFO - Started process (PID=5991) to work on /opt/airflow/dags/file.xlsx
[2024-05-19T20:03:04.498+0000] {processor.py:830} INFO - Processing file /opt/airflow/dags/file.xlsx for tasks to queue
[2024-05-19T20:03:04.510+0000] {logging_mixin.py:188} INFO - [2024-05-19T20:03:04.506+0000] {dagbag.py:545} INFO - Filling up the DagBag from /opt/airflow/dags/file.xlsx
[2024-05-19T20:03:04.534+0000] {processor.py:842} WARNING - No viable dags retrieved from /opt/airflow/dags/file.xlsx
[2024-05-19T20:03:04.565+0000] {processor.py:183} INFO - Processing /opt/airflow/dags/file.xlsx took 0.089 seconds
[2024-05-19T20:03:34.983+0000] {processor.py:161} INFO - Started process (PID=6052) to work on /opt/airflow/dags/file.xlsx
[2024-05-19T20:03:34.986+0000] {processor.py:830} INFO - Processing file /opt/airflow/dags/file.xlsx for tasks to queue
[2024-05-19T20:03:34.992+0000] {logging_mixin.py:188} INFO - [2024-05-19T20:03:34.991+0000] {dagbag.py:545} INFO - Filling up the DagBag from /opt/airflow/dags/file.xlsx
[2024-05-19T20:03:35.021+0000] {processor.py:842} WARNING - No viable dags retrieved from /opt/airflow/dags/file.xlsx
[2024-05-19T20:03:35.072+0000] {processor.py:183} INFO - Processing /opt/airflow/dags/file.xlsx took 0.106 seconds
[2024-05-19T20:04:05.225+0000] {processor.py:161} INFO - Started process (PID=6113) to work on /opt/airflow/dags/file.xlsx
[2024-05-19T20:04:05.228+0000] {processor.py:830} INFO - Processing file /opt/airflow/dags/file.xlsx for tasks to queue
[2024-05-19T20:04:05.234+0000] {logging_mixin.py:188} INFO - [2024-05-19T20:04:05.233+0000] {dagbag.py:545} INFO - Filling up the DagBag from /opt/airflow/dags/file.xlsx
[2024-05-19T20:04:05.255+0000] {processor.py:842} WARNING - No viable dags retrieved from /opt/airflow/dags/file.xlsx
[2024-05-19T20:04:05.285+0000] {processor.py:183} INFO - Processing /opt/airflow/dags/file.xlsx took 0.074 seconds
[2024-05-19T20:04:35.436+0000] {processor.py:161} INFO - Started process (PID=6172) to work on /opt/airflow/dags/file.xlsx
[2024-05-19T20:04:35.439+0000] {processor.py:830} INFO - Processing file /opt/airflow/dags/file.xlsx for tasks to queue
[2024-05-19T20:04:35.444+0000] {logging_mixin.py:188} INFO - [2024-05-19T20:04:35.443+0000] {dagbag.py:545} INFO - Filling up the DagBag from /opt/airflow/dags/file.xlsx
[2024-05-19T20:04:35.467+0000] {processor.py:842} WARNING - No viable dags retrieved from /opt/airflow/dags/file.xlsx
[2024-05-19T20:04:35.503+0000] {processor.py:183} INFO - Processing /opt/airflow/dags/file.xlsx took 0.082 seconds
[2024-05-19T20:05:05.762+0000] {processor.py:161} INFO - Started process (PID=6233) to work on /opt/airflow/dags/file.xlsx
[2024-05-19T20:05:05.765+0000] {processor.py:830} INFO - Processing file /opt/airflow/dags/file.xlsx for tasks to queue
[2024-05-19T20:05:05.771+0000] {logging_mixin.py:188} INFO - [2024-05-19T20:05:05.770+0000] {dagbag.py:545} INFO - Filling up the DagBag from /opt/airflow/dags/file.xlsx
[2024-05-19T20:05:05.797+0000] {processor.py:842} WARNING - No viable dags retrieved from /opt/airflow/dags/file.xlsx
[2024-05-19T20:05:05.839+0000] {processor.py:183} INFO - Processing /opt/airflow/dags/file.xlsx took 0.100 seconds
[2024-05-19T20:05:36.025+0000] {processor.py:161} INFO - Started process (PID=6294) to work on /opt/airflow/dags/file.xlsx
[2024-05-19T20:05:36.027+0000] {processor.py:830} INFO - Processing file /opt/airflow/dags/file.xlsx for tasks to queue
[2024-05-19T20:05:36.032+0000] {logging_mixin.py:188} INFO - [2024-05-19T20:05:36.031+0000] {dagbag.py:545} INFO - Filling up the DagBag from /opt/airflow/dags/file.xlsx
[2024-05-19T20:05:36.049+0000] {processor.py:842} WARNING - No viable dags retrieved from /opt/airflow/dags/file.xlsx
[2024-05-19T20:05:36.081+0000] {processor.py:183} INFO - Processing /opt/airflow/dags/file.xlsx took 0.075 seconds
[2024-05-19T20:06:06.300+0000] {processor.py:161} INFO - Started process (PID=6350) to work on /opt/airflow/dags/file.xlsx
[2024-05-19T20:06:06.302+0000] {processor.py:830} INFO - Processing file /opt/airflow/dags/file.xlsx for tasks to queue
[2024-05-19T20:06:06.306+0000] {logging_mixin.py:188} INFO - [2024-05-19T20:06:06.306+0000] {dagbag.py:545} INFO - Filling up the DagBag from /opt/airflow/dags/file.xlsx
[2024-05-19T20:06:06.329+0000] {processor.py:842} WARNING - No viable dags retrieved from /opt/airflow/dags/file.xlsx
[2024-05-19T20:06:06.372+0000] {processor.py:183} INFO - Processing /opt/airflow/dags/file.xlsx took 0.086 seconds
[2024-05-19T20:06:36.999+0000] {processor.py:161} INFO - Started process (PID=6409) to work on /opt/airflow/dags/file.xlsx
[2024-05-19T20:06:37.001+0000] {processor.py:830} INFO - Processing file /opt/airflow/dags/file.xlsx for tasks to queue
[2024-05-19T20:06:37.011+0000] {logging_mixin.py:188} INFO - [2024-05-19T20:06:37.009+0000] {dagbag.py:545} INFO - Filling up the DagBag from /opt/airflow/dags/file.xlsx
[2024-05-19T20:06:37.034+0000] {processor.py:842} WARNING - No viable dags retrieved from /opt/airflow/dags/file.xlsx
[2024-05-19T20:06:37.079+0000] {processor.py:183} INFO - Processing /opt/airflow/dags/file.xlsx took 0.100 seconds
[2024-05-19T20:07:07.389+0000] {processor.py:161} INFO - Started process (PID=6469) to work on /opt/airflow/dags/file.xlsx
[2024-05-19T20:07:07.391+0000] {processor.py:830} INFO - Processing file /opt/airflow/dags/file.xlsx for tasks to queue
[2024-05-19T20:07:07.397+0000] {logging_mixin.py:188} INFO - [2024-05-19T20:07:07.396+0000] {dagbag.py:545} INFO - Filling up the DagBag from /opt/airflow/dags/file.xlsx
[2024-05-19T20:07:07.429+0000] {processor.py:842} WARNING - No viable dags retrieved from /opt/airflow/dags/file.xlsx
[2024-05-19T20:07:07.471+0000] {processor.py:183} INFO - Processing /opt/airflow/dags/file.xlsx took 0.091 seconds
[2024-05-19T20:07:37.645+0000] {processor.py:161} INFO - Started process (PID=6526) to work on /opt/airflow/dags/file.xlsx
[2024-05-19T20:07:37.648+0000] {processor.py:830} INFO - Processing file /opt/airflow/dags/file.xlsx for tasks to queue
[2024-05-19T20:07:37.653+0000] {logging_mixin.py:188} INFO - [2024-05-19T20:07:37.652+0000] {dagbag.py:545} INFO - Filling up the DagBag from /opt/airflow/dags/file.xlsx
[2024-05-19T20:07:37.685+0000] {processor.py:842} WARNING - No viable dags retrieved from /opt/airflow/dags/file.xlsx
[2024-05-19T20:07:37.731+0000] {processor.py:183} INFO - Processing /opt/airflow/dags/file.xlsx took 0.129 seconds
[2024-05-19T20:08:08.821+0000] {processor.py:161} INFO - Started process (PID=6587) to work on /opt/airflow/dags/file.xlsx
[2024-05-19T20:08:08.829+0000] {processor.py:830} INFO - Processing file /opt/airflow/dags/file.xlsx for tasks to queue
[2024-05-19T20:08:08.844+0000] {logging_mixin.py:188} INFO - [2024-05-19T20:08:08.841+0000] {dagbag.py:545} INFO - Filling up the DagBag from /opt/airflow/dags/file.xlsx
[2024-05-19T20:08:09.131+0000] {processor.py:842} WARNING - No viable dags retrieved from /opt/airflow/dags/file.xlsx
[2024-05-19T20:08:09.463+0000] {processor.py:183} INFO - Processing /opt/airflow/dags/file.xlsx took 0.669 seconds
[2024-05-19T20:08:40.319+0000] {processor.py:161} INFO - Started process (PID=6647) to work on /opt/airflow/dags/file.xlsx
[2024-05-19T20:08:40.323+0000] {processor.py:830} INFO - Processing file /opt/airflow/dags/file.xlsx for tasks to queue
[2024-05-19T20:08:40.351+0000] {logging_mixin.py:188} INFO - [2024-05-19T20:08:40.348+0000] {dagbag.py:545} INFO - Filling up the DagBag from /opt/airflow/dags/file.xlsx
[2024-05-19T20:08:40.383+0000] {processor.py:842} WARNING - No viable dags retrieved from /opt/airflow/dags/file.xlsx
[2024-05-19T20:08:40.454+0000] {processor.py:183} INFO - Processing /opt/airflow/dags/file.xlsx took 0.159 seconds
[2024-05-19T20:09:11.016+0000] {processor.py:161} INFO - Started process (PID=6708) to work on /opt/airflow/dags/file.xlsx
[2024-05-19T20:09:11.019+0000] {processor.py:830} INFO - Processing file /opt/airflow/dags/file.xlsx for tasks to queue
[2024-05-19T20:09:11.026+0000] {logging_mixin.py:188} INFO - [2024-05-19T20:09:11.025+0000] {dagbag.py:545} INFO - Filling up the DagBag from /opt/airflow/dags/file.xlsx
[2024-05-19T20:09:11.052+0000] {processor.py:842} WARNING - No viable dags retrieved from /opt/airflow/dags/file.xlsx
[2024-05-19T20:09:11.127+0000] {processor.py:183} INFO - Processing /opt/airflow/dags/file.xlsx took 0.131 seconds
[2024-05-19T20:09:41.315+0000] {processor.py:161} INFO - Started process (PID=6766) to work on /opt/airflow/dags/file.xlsx
[2024-05-19T20:09:41.318+0000] {processor.py:830} INFO - Processing file /opt/airflow/dags/file.xlsx for tasks to queue
[2024-05-19T20:09:41.324+0000] {logging_mixin.py:188} INFO - [2024-05-19T20:09:41.323+0000] {dagbag.py:545} INFO - Filling up the DagBag from /opt/airflow/dags/file.xlsx
[2024-05-19T20:09:41.344+0000] {processor.py:842} WARNING - No viable dags retrieved from /opt/airflow/dags/file.xlsx
[2024-05-19T20:09:41.384+0000] {processor.py:183} INFO - Processing /opt/airflow/dags/file.xlsx took 0.084 seconds
[2024-05-19T20:10:11.786+0000] {processor.py:161} INFO - Started process (PID=6827) to work on /opt/airflow/dags/file.xlsx
[2024-05-19T20:10:11.789+0000] {processor.py:830} INFO - Processing file /opt/airflow/dags/file.xlsx for tasks to queue
[2024-05-19T20:10:11.794+0000] {logging_mixin.py:188} INFO - [2024-05-19T20:10:11.793+0000] {dagbag.py:545} INFO - Filling up the DagBag from /opt/airflow/dags/file.xlsx
[2024-05-19T20:10:11.816+0000] {processor.py:842} WARNING - No viable dags retrieved from /opt/airflow/dags/file.xlsx
[2024-05-19T20:10:11.862+0000] {processor.py:183} INFO - Processing /opt/airflow/dags/file.xlsx took 0.097 seconds
[2024-05-19T20:10:42.092+0000] {processor.py:161} INFO - Started process (PID=6888) to work on /opt/airflow/dags/file.xlsx
[2024-05-19T20:10:42.096+0000] {processor.py:830} INFO - Processing file /opt/airflow/dags/file.xlsx for tasks to queue
[2024-05-19T20:10:42.107+0000] {logging_mixin.py:188} INFO - [2024-05-19T20:10:42.105+0000] {dagbag.py:545} INFO - Filling up the DagBag from /opt/airflow/dags/file.xlsx
[2024-05-19T20:10:42.137+0000] {processor.py:842} WARNING - No viable dags retrieved from /opt/airflow/dags/file.xlsx
[2024-05-19T20:10:42.184+0000] {processor.py:183} INFO - Processing /opt/airflow/dags/file.xlsx took 0.111 seconds
[2024-05-19T20:11:12.355+0000] {processor.py:161} INFO - Started process (PID=6949) to work on /opt/airflow/dags/file.xlsx
[2024-05-19T20:11:12.368+0000] {processor.py:830} INFO - Processing file /opt/airflow/dags/file.xlsx for tasks to queue
[2024-05-19T20:11:12.384+0000] {logging_mixin.py:188} INFO - [2024-05-19T20:11:12.383+0000] {dagbag.py:545} INFO - Filling up the DagBag from /opt/airflow/dags/file.xlsx
[2024-05-19T20:11:12.414+0000] {processor.py:842} WARNING - No viable dags retrieved from /opt/airflow/dags/file.xlsx
[2024-05-19T20:11:12.488+0000] {processor.py:183} INFO - Processing /opt/airflow/dags/file.xlsx took 0.161 seconds
[2024-05-19T20:11:43.793+0000] {processor.py:161} INFO - Started process (PID=7010) to work on /opt/airflow/dags/file.xlsx
[2024-05-19T20:11:43.796+0000] {processor.py:830} INFO - Processing file /opt/airflow/dags/file.xlsx for tasks to queue
[2024-05-19T20:11:43.817+0000] {logging_mixin.py:188} INFO - [2024-05-19T20:11:43.811+0000] {dagbag.py:545} INFO - Filling up the DagBag from /opt/airflow/dags/file.xlsx
[2024-05-19T20:11:43.845+0000] {processor.py:842} WARNING - No viable dags retrieved from /opt/airflow/dags/file.xlsx
[2024-05-19T20:11:43.893+0000] {processor.py:183} INFO - Processing /opt/airflow/dags/file.xlsx took 0.125 seconds
[2024-05-19T20:12:14.389+0000] {processor.py:161} INFO - Started process (PID=7071) to work on /opt/airflow/dags/file.xlsx
[2024-05-19T20:12:14.393+0000] {processor.py:830} INFO - Processing file /opt/airflow/dags/file.xlsx for tasks to queue
[2024-05-19T20:12:14.401+0000] {logging_mixin.py:188} INFO - [2024-05-19T20:12:14.399+0000] {dagbag.py:545} INFO - Filling up the DagBag from /opt/airflow/dags/file.xlsx
[2024-05-19T20:12:14.436+0000] {processor.py:842} WARNING - No viable dags retrieved from /opt/airflow/dags/file.xlsx
[2024-05-19T20:12:14.486+0000] {processor.py:183} INFO - Processing /opt/airflow/dags/file.xlsx took 0.124 seconds
[2024-05-19T20:12:44.841+0000] {processor.py:161} INFO - Started process (PID=7132) to work on /opt/airflow/dags/file.xlsx
[2024-05-19T20:12:44.844+0000] {processor.py:830} INFO - Processing file /opt/airflow/dags/file.xlsx for tasks to queue
[2024-05-19T20:12:44.848+0000] {logging_mixin.py:188} INFO - [2024-05-19T20:12:44.848+0000] {dagbag.py:545} INFO - Filling up the DagBag from /opt/airflow/dags/file.xlsx
[2024-05-19T20:12:44.869+0000] {processor.py:842} WARNING - No viable dags retrieved from /opt/airflow/dags/file.xlsx
[2024-05-19T20:12:44.896+0000] {processor.py:183} INFO - Processing /opt/airflow/dags/file.xlsx took 0.098 seconds
[2024-05-19T20:13:15.191+0000] {processor.py:161} INFO - Started process (PID=7191) to work on /opt/airflow/dags/file.xlsx
[2024-05-19T20:13:15.194+0000] {processor.py:830} INFO - Processing file /opt/airflow/dags/file.xlsx for tasks to queue
[2024-05-19T20:13:15.199+0000] {logging_mixin.py:188} INFO - [2024-05-19T20:13:15.198+0000] {dagbag.py:545} INFO - Filling up the DagBag from /opt/airflow/dags/file.xlsx
[2024-05-19T20:13:15.224+0000] {processor.py:842} WARNING - No viable dags retrieved from /opt/airflow/dags/file.xlsx
[2024-05-19T20:13:15.260+0000] {processor.py:183} INFO - Processing /opt/airflow/dags/file.xlsx took 0.081 seconds
[2024-05-19T20:13:45.718+0000] {processor.py:161} INFO - Started process (PID=7246) to work on /opt/airflow/dags/file.xlsx
[2024-05-19T20:13:45.727+0000] {processor.py:830} INFO - Processing file /opt/airflow/dags/file.xlsx for tasks to queue
[2024-05-19T20:13:45.736+0000] {logging_mixin.py:188} INFO - [2024-05-19T20:13:45.735+0000] {dagbag.py:545} INFO - Filling up the DagBag from /opt/airflow/dags/file.xlsx
[2024-05-19T20:13:45.765+0000] {processor.py:842} WARNING - No viable dags retrieved from /opt/airflow/dags/file.xlsx
[2024-05-19T20:13:45.844+0000] {processor.py:183} INFO - Processing /opt/airflow/dags/file.xlsx took 0.166 seconds
[2024-05-19T20:14:16.042+0000] {processor.py:161} INFO - Started process (PID=7306) to work on /opt/airflow/dags/file.xlsx
[2024-05-19T20:14:16.048+0000] {processor.py:830} INFO - Processing file /opt/airflow/dags/file.xlsx for tasks to queue
[2024-05-19T20:14:16.058+0000] {logging_mixin.py:188} INFO - [2024-05-19T20:14:16.057+0000] {dagbag.py:545} INFO - Filling up the DagBag from /opt/airflow/dags/file.xlsx
[2024-05-19T20:14:16.082+0000] {processor.py:842} WARNING - No viable dags retrieved from /opt/airflow/dags/file.xlsx
[2024-05-19T20:14:16.125+0000] {processor.py:183} INFO - Processing /opt/airflow/dags/file.xlsx took 0.113 seconds
[2024-05-19T20:14:46.455+0000] {processor.py:161} INFO - Started process (PID=7364) to work on /opt/airflow/dags/file.xlsx
[2024-05-19T20:14:46.457+0000] {processor.py:830} INFO - Processing file /opt/airflow/dags/file.xlsx for tasks to queue
[2024-05-19T20:14:46.462+0000] {logging_mixin.py:188} INFO - [2024-05-19T20:14:46.461+0000] {dagbag.py:545} INFO - Filling up the DagBag from /opt/airflow/dags/file.xlsx
[2024-05-19T20:14:46.481+0000] {processor.py:842} WARNING - No viable dags retrieved from /opt/airflow/dags/file.xlsx
[2024-05-19T20:14:46.526+0000] {processor.py:183} INFO - Processing /opt/airflow/dags/file.xlsx took 0.087 seconds
[2024-05-19T20:15:16.770+0000] {processor.py:161} INFO - Started process (PID=7425) to work on /opt/airflow/dags/file.xlsx
[2024-05-19T20:15:16.772+0000] {processor.py:830} INFO - Processing file /opt/airflow/dags/file.xlsx for tasks to queue
[2024-05-19T20:15:16.776+0000] {logging_mixin.py:188} INFO - [2024-05-19T20:15:16.775+0000] {dagbag.py:545} INFO - Filling up the DagBag from /opt/airflow/dags/file.xlsx
[2024-05-19T20:15:16.818+0000] {processor.py:842} WARNING - No viable dags retrieved from /opt/airflow/dags/file.xlsx
[2024-05-19T20:15:16.915+0000] {processor.py:183} INFO - Processing /opt/airflow/dags/file.xlsx took 0.159 seconds
[2024-05-19T20:15:47.243+0000] {processor.py:161} INFO - Started process (PID=7486) to work on /opt/airflow/dags/file.xlsx
[2024-05-19T20:15:47.246+0000] {processor.py:830} INFO - Processing file /opt/airflow/dags/file.xlsx for tasks to queue
[2024-05-19T20:15:47.253+0000] {logging_mixin.py:188} INFO - [2024-05-19T20:15:47.252+0000] {dagbag.py:545} INFO - Filling up the DagBag from /opt/airflow/dags/file.xlsx
[2024-05-19T20:15:47.274+0000] {processor.py:842} WARNING - No viable dags retrieved from /opt/airflow/dags/file.xlsx
[2024-05-19T20:15:47.306+0000] {processor.py:183} INFO - Processing /opt/airflow/dags/file.xlsx took 0.076 seconds
[2024-05-19T20:16:18.834+0000] {processor.py:161} INFO - Started process (PID=7545) to work on /opt/airflow/dags/file.xlsx
[2024-05-19T20:16:18.837+0000] {processor.py:830} INFO - Processing file /opt/airflow/dags/file.xlsx for tasks to queue
[2024-05-19T20:16:18.844+0000] {logging_mixin.py:188} INFO - [2024-05-19T20:16:18.843+0000] {dagbag.py:545} INFO - Filling up the DagBag from /opt/airflow/dags/file.xlsx
[2024-05-19T20:16:18.866+0000] {processor.py:842} WARNING - No viable dags retrieved from /opt/airflow/dags/file.xlsx
[2024-05-19T20:16:18.937+0000] {processor.py:183} INFO - Processing /opt/airflow/dags/file.xlsx took 0.120 seconds
[2024-05-19T20:16:49.400+0000] {processor.py:161} INFO - Started process (PID=7603) to work on /opt/airflow/dags/file.xlsx
[2024-05-19T20:16:49.403+0000] {processor.py:830} INFO - Processing file /opt/airflow/dags/file.xlsx for tasks to queue
[2024-05-19T20:16:49.408+0000] {logging_mixin.py:188} INFO - [2024-05-19T20:16:49.407+0000] {dagbag.py:545} INFO - Filling up the DagBag from /opt/airflow/dags/file.xlsx
[2024-05-19T20:16:49.436+0000] {processor.py:842} WARNING - No viable dags retrieved from /opt/airflow/dags/file.xlsx
[2024-05-19T20:16:49.494+0000] {processor.py:183} INFO - Processing /opt/airflow/dags/file.xlsx took 0.114 seconds
[2024-05-19T20:17:20.429+0000] {processor.py:161} INFO - Started process (PID=7662) to work on /opt/airflow/dags/file.xlsx
[2024-05-19T20:17:20.432+0000] {processor.py:830} INFO - Processing file /opt/airflow/dags/file.xlsx for tasks to queue
[2024-05-19T20:17:20.439+0000] {logging_mixin.py:188} INFO - [2024-05-19T20:17:20.438+0000] {dagbag.py:545} INFO - Filling up the DagBag from /opt/airflow/dags/file.xlsx
[2024-05-19T20:17:20.468+0000] {processor.py:842} WARNING - No viable dags retrieved from /opt/airflow/dags/file.xlsx
[2024-05-19T20:17:20.506+0000] {processor.py:183} INFO - Processing /opt/airflow/dags/file.xlsx took 0.104 seconds
[2024-05-19T20:17:51.190+0000] {processor.py:161} INFO - Started process (PID=7723) to work on /opt/airflow/dags/file.xlsx
[2024-05-19T20:17:51.193+0000] {processor.py:830} INFO - Processing file /opt/airflow/dags/file.xlsx for tasks to queue
[2024-05-19T20:17:51.199+0000] {logging_mixin.py:188} INFO - [2024-05-19T20:17:51.198+0000] {dagbag.py:545} INFO - Filling up the DagBag from /opt/airflow/dags/file.xlsx
[2024-05-19T20:17:51.216+0000] {processor.py:842} WARNING - No viable dags retrieved from /opt/airflow/dags/file.xlsx
[2024-05-19T20:17:51.251+0000] {processor.py:183} INFO - Processing /opt/airflow/dags/file.xlsx took 0.076 seconds
[2024-05-19T20:18:21.731+0000] {processor.py:161} INFO - Started process (PID=7784) to work on /opt/airflow/dags/file.xlsx
[2024-05-19T20:18:21.735+0000] {processor.py:830} INFO - Processing file /opt/airflow/dags/file.xlsx for tasks to queue
[2024-05-19T20:18:21.746+0000] {logging_mixin.py:188} INFO - [2024-05-19T20:18:21.744+0000] {dagbag.py:545} INFO - Filling up the DagBag from /opt/airflow/dags/file.xlsx
[2024-05-19T20:18:21.786+0000] {processor.py:842} WARNING - No viable dags retrieved from /opt/airflow/dags/file.xlsx
[2024-05-19T20:18:21.846+0000] {processor.py:183} INFO - Processing /opt/airflow/dags/file.xlsx took 0.133 seconds
[2024-05-19T20:18:52.221+0000] {processor.py:161} INFO - Started process (PID=7845) to work on /opt/airflow/dags/file.xlsx
[2024-05-19T20:18:52.224+0000] {processor.py:830} INFO - Processing file /opt/airflow/dags/file.xlsx for tasks to queue
[2024-05-19T20:18:52.232+0000] {logging_mixin.py:188} INFO - [2024-05-19T20:18:52.231+0000] {dagbag.py:545} INFO - Filling up the DagBag from /opt/airflow/dags/file.xlsx
[2024-05-19T20:18:52.251+0000] {processor.py:842} WARNING - No viable dags retrieved from /opt/airflow/dags/file.xlsx
[2024-05-19T20:18:52.287+0000] {processor.py:183} INFO - Processing /opt/airflow/dags/file.xlsx took 0.083 seconds
[2024-05-19T20:19:22.410+0000] {processor.py:161} INFO - Started process (PID=7905) to work on /opt/airflow/dags/file.xlsx
[2024-05-19T20:19:22.412+0000] {processor.py:830} INFO - Processing file /opt/airflow/dags/file.xlsx for tasks to queue
[2024-05-19T20:19:22.416+0000] {logging_mixin.py:188} INFO - [2024-05-19T20:19:22.415+0000] {dagbag.py:545} INFO - Filling up the DagBag from /opt/airflow/dags/file.xlsx
[2024-05-19T20:19:22.429+0000] {processor.py:842} WARNING - No viable dags retrieved from /opt/airflow/dags/file.xlsx
[2024-05-19T20:19:22.469+0000] {processor.py:183} INFO - Processing /opt/airflow/dags/file.xlsx took 0.072 seconds
[2024-05-19T20:19:52.728+0000] {processor.py:161} INFO - Started process (PID=7966) to work on /opt/airflow/dags/file.xlsx
[2024-05-19T20:19:52.734+0000] {processor.py:830} INFO - Processing file /opt/airflow/dags/file.xlsx for tasks to queue
[2024-05-19T20:19:52.742+0000] {logging_mixin.py:188} INFO - [2024-05-19T20:19:52.741+0000] {dagbag.py:545} INFO - Filling up the DagBag from /opt/airflow/dags/file.xlsx
[2024-05-19T20:19:52.776+0000] {processor.py:842} WARNING - No viable dags retrieved from /opt/airflow/dags/file.xlsx
[2024-05-19T20:19:52.820+0000] {processor.py:183} INFO - Processing /opt/airflow/dags/file.xlsx took 0.111 seconds
[2024-05-19T20:20:23.205+0000] {processor.py:161} INFO - Started process (PID=8027) to work on /opt/airflow/dags/file.xlsx
[2024-05-19T20:20:23.210+0000] {processor.py:830} INFO - Processing file /opt/airflow/dags/file.xlsx for tasks to queue
[2024-05-19T20:20:23.215+0000] {logging_mixin.py:188} INFO - [2024-05-19T20:20:23.214+0000] {dagbag.py:545} INFO - Filling up the DagBag from /opt/airflow/dags/file.xlsx
[2024-05-19T20:20:23.234+0000] {processor.py:842} WARNING - No viable dags retrieved from /opt/airflow/dags/file.xlsx
[2024-05-19T20:20:23.270+0000] {processor.py:183} INFO - Processing /opt/airflow/dags/file.xlsx took 0.101 seconds
[2024-05-19T20:20:53.449+0000] {processor.py:161} INFO - Started process (PID=8087) to work on /opt/airflow/dags/file.xlsx
[2024-05-19T20:20:53.452+0000] {processor.py:830} INFO - Processing file /opt/airflow/dags/file.xlsx for tasks to queue
[2024-05-19T20:20:53.457+0000] {logging_mixin.py:188} INFO - [2024-05-19T20:20:53.456+0000] {dagbag.py:545} INFO - Filling up the DagBag from /opt/airflow/dags/file.xlsx
[2024-05-19T20:20:53.491+0000] {processor.py:842} WARNING - No viable dags retrieved from /opt/airflow/dags/file.xlsx
[2024-05-19T20:20:53.535+0000] {processor.py:183} INFO - Processing /opt/airflow/dags/file.xlsx took 0.101 seconds
[2024-05-19T20:21:24.099+0000] {processor.py:161} INFO - Started process (PID=8148) to work on /opt/airflow/dags/file.xlsx
[2024-05-19T20:21:24.101+0000] {processor.py:830} INFO - Processing file /opt/airflow/dags/file.xlsx for tasks to queue
[2024-05-19T20:21:24.106+0000] {logging_mixin.py:188} INFO - [2024-05-19T20:21:24.106+0000] {dagbag.py:545} INFO - Filling up the DagBag from /opt/airflow/dags/file.xlsx
[2024-05-19T20:21:24.127+0000] {processor.py:842} WARNING - No viable dags retrieved from /opt/airflow/dags/file.xlsx
[2024-05-19T20:21:24.168+0000] {processor.py:183} INFO - Processing /opt/airflow/dags/file.xlsx took 0.084 seconds
[2024-05-19T20:21:54.770+0000] {processor.py:161} INFO - Started process (PID=8209) to work on /opt/airflow/dags/file.xlsx
[2024-05-19T20:21:54.775+0000] {processor.py:830} INFO - Processing file /opt/airflow/dags/file.xlsx for tasks to queue
[2024-05-19T20:21:54.790+0000] {logging_mixin.py:188} INFO - [2024-05-19T20:21:54.789+0000] {dagbag.py:545} INFO - Filling up the DagBag from /opt/airflow/dags/file.xlsx
[2024-05-19T20:21:54.821+0000] {processor.py:842} WARNING - No viable dags retrieved from /opt/airflow/dags/file.xlsx
[2024-05-19T20:21:54.858+0000] {processor.py:183} INFO - Processing /opt/airflow/dags/file.xlsx took 0.103 seconds
[2024-05-19T20:22:25.292+0000] {processor.py:161} INFO - Started process (PID=8270) to work on /opt/airflow/dags/file.xlsx
[2024-05-19T20:22:25.294+0000] {processor.py:830} INFO - Processing file /opt/airflow/dags/file.xlsx for tasks to queue
[2024-05-19T20:22:25.298+0000] {logging_mixin.py:188} INFO - [2024-05-19T20:22:25.298+0000] {dagbag.py:545} INFO - Filling up the DagBag from /opt/airflow/dags/file.xlsx
[2024-05-19T20:22:25.323+0000] {processor.py:842} WARNING - No viable dags retrieved from /opt/airflow/dags/file.xlsx
[2024-05-19T20:22:25.371+0000] {processor.py:183} INFO - Processing /opt/airflow/dags/file.xlsx took 0.098 seconds
[2024-05-19T20:22:55.850+0000] {processor.py:161} INFO - Started process (PID=8331) to work on /opt/airflow/dags/file.xlsx
[2024-05-19T20:22:55.853+0000] {processor.py:830} INFO - Processing file /opt/airflow/dags/file.xlsx for tasks to queue
[2024-05-19T20:22:55.857+0000] {logging_mixin.py:188} INFO - [2024-05-19T20:22:55.857+0000] {dagbag.py:545} INFO - Filling up the DagBag from /opt/airflow/dags/file.xlsx
[2024-05-19T20:22:55.874+0000] {processor.py:842} WARNING - No viable dags retrieved from /opt/airflow/dags/file.xlsx
[2024-05-19T20:22:55.901+0000] {processor.py:183} INFO - Processing /opt/airflow/dags/file.xlsx took 0.077 seconds
[2024-05-19T20:23:26.160+0000] {processor.py:161} INFO - Started process (PID=8393) to work on /opt/airflow/dags/file.xlsx
[2024-05-19T20:23:26.163+0000] {processor.py:830} INFO - Processing file /opt/airflow/dags/file.xlsx for tasks to queue
[2024-05-19T20:23:26.169+0000] {logging_mixin.py:188} INFO - [2024-05-19T20:23:26.167+0000] {dagbag.py:545} INFO - Filling up the DagBag from /opt/airflow/dags/file.xlsx
[2024-05-19T20:23:26.198+0000] {processor.py:842} WARNING - No viable dags retrieved from /opt/airflow/dags/file.xlsx
[2024-05-19T20:23:26.240+0000] {processor.py:183} INFO - Processing /opt/airflow/dags/file.xlsx took 0.097 seconds
[2024-05-19T20:23:56.926+0000] {processor.py:161} INFO - Started process (PID=8454) to work on /opt/airflow/dags/file.xlsx
[2024-05-19T20:23:56.929+0000] {processor.py:830} INFO - Processing file /opt/airflow/dags/file.xlsx for tasks to queue
[2024-05-19T20:23:56.936+0000] {logging_mixin.py:188} INFO - [2024-05-19T20:23:56.934+0000] {dagbag.py:545} INFO - Filling up the DagBag from /opt/airflow/dags/file.xlsx
[2024-05-19T20:23:56.971+0000] {processor.py:842} WARNING - No viable dags retrieved from /opt/airflow/dags/file.xlsx
[2024-05-19T20:23:57.016+0000] {processor.py:183} INFO - Processing /opt/airflow/dags/file.xlsx took 0.111 seconds
[2024-05-19T20:24:27.553+0000] {processor.py:161} INFO - Started process (PID=8515) to work on /opt/airflow/dags/file.xlsx
[2024-05-19T20:24:27.556+0000] {processor.py:830} INFO - Processing file /opt/airflow/dags/file.xlsx for tasks to queue
[2024-05-19T20:24:27.562+0000] {logging_mixin.py:188} INFO - [2024-05-19T20:24:27.561+0000] {dagbag.py:545} INFO - Filling up the DagBag from /opt/airflow/dags/file.xlsx
[2024-05-19T20:24:27.603+0000] {processor.py:842} WARNING - No viable dags retrieved from /opt/airflow/dags/file.xlsx
[2024-05-19T20:24:27.651+0000] {processor.py:183} INFO - Processing /opt/airflow/dags/file.xlsx took 0.116 seconds
[2024-05-19T20:24:58.374+0000] {processor.py:161} INFO - Started process (PID=8576) to work on /opt/airflow/dags/file.xlsx
[2024-05-19T20:24:58.377+0000] {processor.py:830} INFO - Processing file /opt/airflow/dags/file.xlsx for tasks to queue
[2024-05-19T20:24:58.382+0000] {logging_mixin.py:188} INFO - [2024-05-19T20:24:58.382+0000] {dagbag.py:545} INFO - Filling up the DagBag from /opt/airflow/dags/file.xlsx
[2024-05-19T20:24:58.416+0000] {processor.py:842} WARNING - No viable dags retrieved from /opt/airflow/dags/file.xlsx
[2024-05-19T20:24:58.460+0000] {processor.py:183} INFO - Processing /opt/airflow/dags/file.xlsx took 0.100 seconds
[2024-05-19T20:25:28.886+0000] {processor.py:161} INFO - Started process (PID=8637) to work on /opt/airflow/dags/file.xlsx
[2024-05-19T20:25:28.889+0000] {processor.py:830} INFO - Processing file /opt/airflow/dags/file.xlsx for tasks to queue
[2024-05-19T20:25:28.893+0000] {logging_mixin.py:188} INFO - [2024-05-19T20:25:28.892+0000] {dagbag.py:545} INFO - Filling up the DagBag from /opt/airflow/dags/file.xlsx
[2024-05-19T20:25:28.914+0000] {processor.py:842} WARNING - No viable dags retrieved from /opt/airflow/dags/file.xlsx
[2024-05-19T20:25:28.946+0000] {processor.py:183} INFO - Processing /opt/airflow/dags/file.xlsx took 0.076 seconds
[2024-05-19T20:25:59.590+0000] {processor.py:161} INFO - Started process (PID=8698) to work on /opt/airflow/dags/file.xlsx
[2024-05-19T20:25:59.592+0000] {processor.py:830} INFO - Processing file /opt/airflow/dags/file.xlsx for tasks to queue
[2024-05-19T20:25:59.597+0000] {logging_mixin.py:188} INFO - [2024-05-19T20:25:59.595+0000] {dagbag.py:545} INFO - Filling up the DagBag from /opt/airflow/dags/file.xlsx
[2024-05-19T20:25:59.616+0000] {processor.py:842} WARNING - No viable dags retrieved from /opt/airflow/dags/file.xlsx
[2024-05-19T20:25:59.654+0000] {processor.py:183} INFO - Processing /opt/airflow/dags/file.xlsx took 0.076 seconds
[2024-05-19T20:26:29.909+0000] {processor.py:161} INFO - Started process (PID=8757) to work on /opt/airflow/dags/file.xlsx
[2024-05-19T20:26:29.913+0000] {processor.py:830} INFO - Processing file /opt/airflow/dags/file.xlsx for tasks to queue
[2024-05-19T20:26:29.931+0000] {logging_mixin.py:188} INFO - [2024-05-19T20:26:29.930+0000] {dagbag.py:545} INFO - Filling up the DagBag from /opt/airflow/dags/file.xlsx
[2024-05-19T20:26:29.963+0000] {processor.py:842} WARNING - No viable dags retrieved from /opt/airflow/dags/file.xlsx
[2024-05-19T20:26:30.014+0000] {processor.py:183} INFO - Processing /opt/airflow/dags/file.xlsx took 0.122 seconds
[2024-05-19T20:27:00.512+0000] {processor.py:161} INFO - Started process (PID=8817) to work on /opt/airflow/dags/file.xlsx
[2024-05-19T20:27:00.515+0000] {processor.py:830} INFO - Processing file /opt/airflow/dags/file.xlsx for tasks to queue
[2024-05-19T20:27:00.521+0000] {logging_mixin.py:188} INFO - [2024-05-19T20:27:00.520+0000] {dagbag.py:545} INFO - Filling up the DagBag from /opt/airflow/dags/file.xlsx
[2024-05-19T20:27:00.550+0000] {processor.py:842} WARNING - No viable dags retrieved from /opt/airflow/dags/file.xlsx
[2024-05-19T20:27:00.597+0000] {processor.py:183} INFO - Processing /opt/airflow/dags/file.xlsx took 0.102 seconds
[2024-05-19T20:27:30.878+0000] {processor.py:161} INFO - Started process (PID=8878) to work on /opt/airflow/dags/file.xlsx
[2024-05-19T20:27:30.880+0000] {processor.py:830} INFO - Processing file /opt/airflow/dags/file.xlsx for tasks to queue
[2024-05-19T20:27:30.893+0000] {logging_mixin.py:188} INFO - [2024-05-19T20:27:30.890+0000] {dagbag.py:545} INFO - Filling up the DagBag from /opt/airflow/dags/file.xlsx
[2024-05-19T20:27:30.916+0000] {processor.py:842} WARNING - No viable dags retrieved from /opt/airflow/dags/file.xlsx
[2024-05-19T20:27:30.948+0000] {processor.py:183} INFO - Processing /opt/airflow/dags/file.xlsx took 0.087 seconds
