[2024-05-19T13:01:10.548+0000] {local_task_job_runner.py:120} INFO - ::group::Pre task execution logs
[2024-05-19T13:01:10.570+0000] {taskinstance.py:2076} INFO - Dependencies all met for dep_context=non-requeueable deps ti=<TaskInstance: first_dag.operation_2 manual__2024-05-19T13:01:08.343972+00:00 [queued]>
[2024-05-19T13:01:10.582+0000] {taskinstance.py:2076} INFO - Dependencies all met for dep_context=requeueable deps ti=<TaskInstance: first_dag.operation_2 manual__2024-05-19T13:01:08.343972+00:00 [queued]>
[2024-05-19T13:01:10.583+0000] {taskinstance.py:2306} INFO - Starting attempt 1 of 1
[2024-05-19T13:01:10.600+0000] {taskinstance.py:2330} INFO - Executing <Task(BashOperator): operation_2> on 2024-05-19 13:01:08.343972+00:00
[2024-05-19T13:01:10.613+0000] {warnings.py:110} WARNING - /home/***/.local/lib/python3.12/site-packages/***/task/task_runner/standard_task_runner.py:61: DeprecationWarning: This process (pid=861) is multi-threaded, use of fork() may lead to deadlocks in the child.
  pid = os.fork()

[2024-05-19T13:01:10.615+0000] {standard_task_runner.py:63} INFO - Started process 863 to run task
[2024-05-19T13:01:10.618+0000] {standard_task_runner.py:90} INFO - Running: ['***', 'tasks', 'run', 'first_dag', 'operation_2', 'manual__2024-05-19T13:01:08.343972+00:00', '--job-id', '10', '--raw', '--subdir', 'DAGS_FOLDER/first_dag.py', '--cfg-path', '/tmp/tmppf74gepr']
[2024-05-19T13:01:10.624+0000] {standard_task_runner.py:91} INFO - Job 10: Subtask operation_2
[2024-05-19T13:01:10.676+0000] {task_command.py:426} INFO - Running <TaskInstance: first_dag.operation_2 manual__2024-05-19T13:01:08.343972+00:00 [running]> on host 60554ca90225
[2024-05-19T13:01:10.776+0000] {taskinstance.py:2648} INFO - Exporting env vars: AIRFLOW_CTX_DAG_OWNER='***' AIRFLOW_CTX_DAG_ID='first_dag' AIRFLOW_CTX_TASK_ID='operation_2' AIRFLOW_CTX_EXECUTION_DATE='2024-05-19T13:01:08.343972+00:00' AIRFLOW_CTX_TRY_NUMBER='1' AIRFLOW_CTX_DAG_RUN_ID='manual__2024-05-19T13:01:08.343972+00:00'
[2024-05-19T13:01:10.778+0000] {taskinstance.py:430} INFO - ::endgroup::
[2024-05-19T13:01:10.781+0000] {subprocess.py:63} INFO - Tmp dir root location: /tmp
[2024-05-19T13:01:10.782+0000] {subprocess.py:75} INFO - Running command: ['/usr/bin/bash', '-c', 'sleep 5']
[2024-05-19T13:01:10.803+0000] {subprocess.py:86} INFO - Output:
[2024-05-19T13:01:15.817+0000] {subprocess.py:97} INFO - Command exited with return code 0
[2024-05-19T13:01:15.818+0000] {taskinstance.py:441} INFO - ::group::Post task execution logs
[2024-05-19T13:01:15.846+0000] {taskinstance.py:1206} INFO - Marking task as SUCCESS. dag_id=first_dag, task_id=operation_2, run_id=manual__2024-05-19T13:01:08.343972+00:00, execution_date=20240519T130108, start_date=20240519T130110, end_date=20240519T130115
[2024-05-19T13:01:15.883+0000] {local_task_job_runner.py:240} INFO - Task exited with return code 0
[2024-05-19T13:01:15.903+0000] {taskinstance.py:3498} INFO - 0 downstream tasks scheduled from follow-on schedule check
[2024-05-19T13:01:15.906+0000] {local_task_job_runner.py:222} INFO - ::endgroup::
