[2024-05-21T19:29:06.943+0000] {processor.py:161} INFO - Started process (PID=67) to work on /home/airflow/.local/lib/python3.12/site-packages/airflow/example_dags/example_complex.py
[2024-05-21T19:29:06.948+0000] {processor.py:830} INFO - Processing file /home/airflow/.local/lib/python3.12/site-packages/airflow/example_dags/example_complex.py for tasks to queue
[2024-05-21T19:29:06.958+0000] {logging_mixin.py:188} INFO - [2024-05-21T19:29:06.955+0000] {dagbag.py:545} INFO - Filling up the DagBag from /home/airflow/.local/lib/python3.12/site-packages/airflow/example_dags/example_complex.py
[2024-05-21T19:29:06.993+0000] {processor.py:840} INFO - DAG(s) 'example_complex' retrieved from /home/airflow/.local/lib/python3.12/site-packages/airflow/example_dags/example_complex.py
[2024-05-21T19:29:07.385+0000] {logging_mixin.py:188} INFO - [2024-05-21T19:29:07.384+0000] {dag.py:3096} INFO - Sync 1 DAGs
[2024-05-21T19:29:07.417+0000] {logging_mixin.py:188} INFO - [2024-05-21T19:29:07.416+0000] {dag.py:3954} INFO - Setting next_dagrun for example_complex to None, run_after=None
[2024-05-21T19:29:07.486+0000] {processor.py:183} INFO - Processing /home/airflow/.local/lib/python3.12/site-packages/airflow/example_dags/example_complex.py took 0.588 seconds
[2024-05-21T19:29:38.304+0000] {processor.py:161} INFO - Started process (PID=127) to work on /home/airflow/.local/lib/python3.12/site-packages/airflow/example_dags/example_complex.py
[2024-05-21T19:29:38.307+0000] {processor.py:830} INFO - Processing file /home/airflow/.local/lib/python3.12/site-packages/airflow/example_dags/example_complex.py for tasks to queue
[2024-05-21T19:29:38.314+0000] {logging_mixin.py:188} INFO - [2024-05-21T19:29:38.313+0000] {dagbag.py:545} INFO - Filling up the DagBag from /home/airflow/.local/lib/python3.12/site-packages/airflow/example_dags/example_complex.py
[2024-05-21T19:29:38.351+0000] {processor.py:840} INFO - DAG(s) 'example_complex' retrieved from /home/airflow/.local/lib/python3.12/site-packages/airflow/example_dags/example_complex.py
[2024-05-21T19:29:38.482+0000] {logging_mixin.py:188} INFO - [2024-05-21T19:29:38.481+0000] {dag.py:3096} INFO - Sync 1 DAGs
[2024-05-21T19:29:38.538+0000] {logging_mixin.py:188} INFO - [2024-05-21T19:29:38.538+0000] {dag.py:3954} INFO - Setting next_dagrun for example_complex to None, run_after=None
[2024-05-21T19:29:38.635+0000] {processor.py:183} INFO - Processing /home/airflow/.local/lib/python3.12/site-packages/airflow/example_dags/example_complex.py took 0.381 seconds
[2024-05-21T19:30:09.044+0000] {processor.py:161} INFO - Started process (PID=187) to work on /home/airflow/.local/lib/python3.12/site-packages/airflow/example_dags/example_complex.py
[2024-05-21T19:30:09.047+0000] {processor.py:830} INFO - Processing file /home/airflow/.local/lib/python3.12/site-packages/airflow/example_dags/example_complex.py for tasks to queue
[2024-05-21T19:30:09.053+0000] {logging_mixin.py:188} INFO - [2024-05-21T19:30:09.052+0000] {dagbag.py:545} INFO - Filling up the DagBag from /home/airflow/.local/lib/python3.12/site-packages/airflow/example_dags/example_complex.py
[2024-05-21T19:30:09.091+0000] {processor.py:840} INFO - DAG(s) 'example_complex' retrieved from /home/airflow/.local/lib/python3.12/site-packages/airflow/example_dags/example_complex.py
[2024-05-21T19:30:09.216+0000] {logging_mixin.py:188} INFO - [2024-05-21T19:30:09.212+0000] {dag.py:3096} INFO - Sync 1 DAGs
[2024-05-21T19:30:09.276+0000] {logging_mixin.py:188} INFO - [2024-05-21T19:30:09.275+0000] {dag.py:3954} INFO - Setting next_dagrun for example_complex to None, run_after=None
[2024-05-21T19:30:09.359+0000] {processor.py:183} INFO - Processing /home/airflow/.local/lib/python3.12/site-packages/airflow/example_dags/example_complex.py took 0.335 seconds
[2024-05-21T19:30:39.604+0000] {processor.py:161} INFO - Started process (PID=247) to work on /home/airflow/.local/lib/python3.12/site-packages/airflow/example_dags/example_complex.py
[2024-05-21T19:30:39.607+0000] {processor.py:830} INFO - Processing file /home/airflow/.local/lib/python3.12/site-packages/airflow/example_dags/example_complex.py for tasks to queue
[2024-05-21T19:30:39.613+0000] {logging_mixin.py:188} INFO - [2024-05-21T19:30:39.612+0000] {dagbag.py:545} INFO - Filling up the DagBag from /home/airflow/.local/lib/python3.12/site-packages/airflow/example_dags/example_complex.py
[2024-05-21T19:30:39.637+0000] {processor.py:840} INFO - DAG(s) 'example_complex' retrieved from /home/airflow/.local/lib/python3.12/site-packages/airflow/example_dags/example_complex.py
[2024-05-21T19:30:39.710+0000] {logging_mixin.py:188} INFO - [2024-05-21T19:30:39.709+0000] {dag.py:3096} INFO - Sync 1 DAGs
[2024-05-21T19:30:39.742+0000] {logging_mixin.py:188} INFO - [2024-05-21T19:30:39.742+0000] {dag.py:3954} INFO - Setting next_dagrun for example_complex to None, run_after=None
[2024-05-21T19:30:39.814+0000] {processor.py:183} INFO - Processing /home/airflow/.local/lib/python3.12/site-packages/airflow/example_dags/example_complex.py took 0.226 seconds
[2024-05-21T19:31:10.971+0000] {processor.py:161} INFO - Started process (PID=307) to work on /home/airflow/.local/lib/python3.12/site-packages/airflow/example_dags/example_complex.py
[2024-05-21T19:31:10.974+0000] {processor.py:830} INFO - Processing file /home/airflow/.local/lib/python3.12/site-packages/airflow/example_dags/example_complex.py for tasks to queue
[2024-05-21T19:31:10.979+0000] {logging_mixin.py:188} INFO - [2024-05-21T19:31:10.978+0000] {dagbag.py:545} INFO - Filling up the DagBag from /home/airflow/.local/lib/python3.12/site-packages/airflow/example_dags/example_complex.py
[2024-05-21T19:31:11.024+0000] {processor.py:840} INFO - DAG(s) 'example_complex' retrieved from /home/airflow/.local/lib/python3.12/site-packages/airflow/example_dags/example_complex.py
[2024-05-21T19:31:11.134+0000] {logging_mixin.py:188} INFO - [2024-05-21T19:31:11.133+0000] {dag.py:3096} INFO - Sync 1 DAGs
[2024-05-21T19:31:11.182+0000] {logging_mixin.py:188} INFO - [2024-05-21T19:31:11.181+0000] {dag.py:3954} INFO - Setting next_dagrun for example_complex to None, run_after=None
[2024-05-21T19:31:11.247+0000] {processor.py:183} INFO - Processing /home/airflow/.local/lib/python3.12/site-packages/airflow/example_dags/example_complex.py took 0.293 seconds
[2024-05-21T19:31:42.006+0000] {processor.py:161} INFO - Started process (PID=367) to work on /home/airflow/.local/lib/python3.12/site-packages/airflow/example_dags/example_complex.py
[2024-05-21T19:31:42.010+0000] {processor.py:830} INFO - Processing file /home/airflow/.local/lib/python3.12/site-packages/airflow/example_dags/example_complex.py for tasks to queue
[2024-05-21T19:31:42.015+0000] {logging_mixin.py:188} INFO - [2024-05-21T19:31:42.014+0000] {dagbag.py:545} INFO - Filling up the DagBag from /home/airflow/.local/lib/python3.12/site-packages/airflow/example_dags/example_complex.py
[2024-05-21T19:31:42.059+0000] {processor.py:840} INFO - DAG(s) 'example_complex' retrieved from /home/airflow/.local/lib/python3.12/site-packages/airflow/example_dags/example_complex.py
[2024-05-21T19:31:42.166+0000] {logging_mixin.py:188} INFO - [2024-05-21T19:31:42.165+0000] {dag.py:3096} INFO - Sync 1 DAGs
[2024-05-21T19:31:42.235+0000] {logging_mixin.py:188} INFO - [2024-05-21T19:31:42.234+0000] {dag.py:3954} INFO - Setting next_dagrun for example_complex to None, run_after=None
[2024-05-21T19:31:42.332+0000] {processor.py:183} INFO - Processing /home/airflow/.local/lib/python3.12/site-packages/airflow/example_dags/example_complex.py took 0.344 seconds
[2024-05-21T19:32:13.940+0000] {processor.py:161} INFO - Started process (PID=427) to work on /home/airflow/.local/lib/python3.12/site-packages/airflow/example_dags/example_complex.py
[2024-05-21T19:32:13.942+0000] {processor.py:830} INFO - Processing file /home/airflow/.local/lib/python3.12/site-packages/airflow/example_dags/example_complex.py for tasks to queue
[2024-05-21T19:32:13.949+0000] {logging_mixin.py:188} INFO - [2024-05-21T19:32:13.948+0000] {dagbag.py:545} INFO - Filling up the DagBag from /home/airflow/.local/lib/python3.12/site-packages/airflow/example_dags/example_complex.py
[2024-05-21T19:32:13.979+0000] {processor.py:840} INFO - DAG(s) 'example_complex' retrieved from /home/airflow/.local/lib/python3.12/site-packages/airflow/example_dags/example_complex.py
[2024-05-21T19:32:14.066+0000] {logging_mixin.py:188} INFO - [2024-05-21T19:32:14.066+0000] {dag.py:3096} INFO - Sync 1 DAGs
[2024-05-21T19:32:14.097+0000] {logging_mixin.py:188} INFO - [2024-05-21T19:32:14.097+0000] {dag.py:3954} INFO - Setting next_dagrun for example_complex to None, run_after=None
[2024-05-21T19:32:14.185+0000] {processor.py:183} INFO - Processing /home/airflow/.local/lib/python3.12/site-packages/airflow/example_dags/example_complex.py took 0.275 seconds
[2024-05-21T19:32:46.736+0000] {processor.py:161} INFO - Started process (PID=488) to work on /home/airflow/.local/lib/python3.12/site-packages/airflow/example_dags/example_complex.py
[2024-05-21T19:32:46.739+0000] {processor.py:830} INFO - Processing file /home/airflow/.local/lib/python3.12/site-packages/airflow/example_dags/example_complex.py for tasks to queue
[2024-05-21T19:32:46.744+0000] {logging_mixin.py:188} INFO - [2024-05-21T19:32:46.743+0000] {dagbag.py:545} INFO - Filling up the DagBag from /home/airflow/.local/lib/python3.12/site-packages/airflow/example_dags/example_complex.py
[2024-05-21T19:32:46.780+0000] {processor.py:840} INFO - DAG(s) 'example_complex' retrieved from /home/airflow/.local/lib/python3.12/site-packages/airflow/example_dags/example_complex.py
[2024-05-21T19:32:46.897+0000] {logging_mixin.py:188} INFO - [2024-05-21T19:32:46.896+0000] {dag.py:3096} INFO - Sync 1 DAGs
[2024-05-21T19:32:46.941+0000] {logging_mixin.py:188} INFO - [2024-05-21T19:32:46.941+0000] {dag.py:3954} INFO - Setting next_dagrun for example_complex to None, run_after=None
[2024-05-21T19:32:47.013+0000] {processor.py:183} INFO - Processing /home/airflow/.local/lib/python3.12/site-packages/airflow/example_dags/example_complex.py took 0.296 seconds
[2024-05-21T19:33:17.759+0000] {processor.py:161} INFO - Started process (PID=548) to work on /home/airflow/.local/lib/python3.12/site-packages/airflow/example_dags/example_complex.py
[2024-05-21T19:33:17.763+0000] {processor.py:830} INFO - Processing file /home/airflow/.local/lib/python3.12/site-packages/airflow/example_dags/example_complex.py for tasks to queue
[2024-05-21T19:33:17.769+0000] {logging_mixin.py:188} INFO - [2024-05-21T19:33:17.768+0000] {dagbag.py:545} INFO - Filling up the DagBag from /home/airflow/.local/lib/python3.12/site-packages/airflow/example_dags/example_complex.py
[2024-05-21T19:33:17.831+0000] {processor.py:840} INFO - DAG(s) 'example_complex' retrieved from /home/airflow/.local/lib/python3.12/site-packages/airflow/example_dags/example_complex.py
[2024-05-21T19:33:17.941+0000] {logging_mixin.py:188} INFO - [2024-05-21T19:33:17.940+0000] {dag.py:3096} INFO - Sync 1 DAGs
[2024-05-21T19:33:17.980+0000] {logging_mixin.py:188} INFO - [2024-05-21T19:33:17.979+0000] {dag.py:3954} INFO - Setting next_dagrun for example_complex to None, run_after=None
[2024-05-21T19:33:18.049+0000] {processor.py:183} INFO - Processing /home/airflow/.local/lib/python3.12/site-packages/airflow/example_dags/example_complex.py took 0.310 seconds
[2024-05-21T19:33:49.274+0000] {processor.py:161} INFO - Started process (PID=608) to work on /home/airflow/.local/lib/python3.12/site-packages/airflow/example_dags/example_complex.py
[2024-05-21T19:33:49.277+0000] {processor.py:830} INFO - Processing file /home/airflow/.local/lib/python3.12/site-packages/airflow/example_dags/example_complex.py for tasks to queue
[2024-05-21T19:33:49.284+0000] {logging_mixin.py:188} INFO - [2024-05-21T19:33:49.283+0000] {dagbag.py:545} INFO - Filling up the DagBag from /home/airflow/.local/lib/python3.12/site-packages/airflow/example_dags/example_complex.py
[2024-05-21T19:33:49.329+0000] {processor.py:840} INFO - DAG(s) 'example_complex' retrieved from /home/airflow/.local/lib/python3.12/site-packages/airflow/example_dags/example_complex.py
[2024-05-21T19:33:49.434+0000] {logging_mixin.py:188} INFO - [2024-05-21T19:33:49.433+0000] {dag.py:3096} INFO - Sync 1 DAGs
[2024-05-21T19:33:49.480+0000] {logging_mixin.py:188} INFO - [2024-05-21T19:33:49.480+0000] {dag.py:3954} INFO - Setting next_dagrun for example_complex to None, run_after=None
[2024-05-21T19:33:49.537+0000] {processor.py:183} INFO - Processing /home/airflow/.local/lib/python3.12/site-packages/airflow/example_dags/example_complex.py took 0.289 seconds
[2024-05-21T19:34:20.344+0000] {processor.py:161} INFO - Started process (PID=674) to work on /home/airflow/.local/lib/python3.12/site-packages/airflow/example_dags/example_complex.py
[2024-05-21T19:34:20.345+0000] {processor.py:830} INFO - Processing file /home/airflow/.local/lib/python3.12/site-packages/airflow/example_dags/example_complex.py for tasks to queue
[2024-05-21T19:34:20.349+0000] {logging_mixin.py:188} INFO - [2024-05-21T19:34:20.348+0000] {dagbag.py:545} INFO - Filling up the DagBag from /home/airflow/.local/lib/python3.12/site-packages/airflow/example_dags/example_complex.py
[2024-05-21T19:34:20.371+0000] {processor.py:840} INFO - DAG(s) 'example_complex' retrieved from /home/airflow/.local/lib/python3.12/site-packages/airflow/example_dags/example_complex.py
[2024-05-21T19:34:20.467+0000] {logging_mixin.py:188} INFO - [2024-05-21T19:34:20.466+0000] {dag.py:3096} INFO - Sync 1 DAGs
[2024-05-21T19:34:20.522+0000] {logging_mixin.py:188} INFO - [2024-05-21T19:34:20.521+0000] {dag.py:3954} INFO - Setting next_dagrun for example_complex to None, run_after=None
[2024-05-21T19:34:20.621+0000] {processor.py:183} INFO - Processing /home/airflow/.local/lib/python3.12/site-packages/airflow/example_dags/example_complex.py took 0.289 seconds
[2024-05-21T19:34:50.983+0000] {processor.py:161} INFO - Started process (PID=732) to work on /home/airflow/.local/lib/python3.12/site-packages/airflow/example_dags/example_complex.py
[2024-05-21T19:34:50.986+0000] {processor.py:830} INFO - Processing file /home/airflow/.local/lib/python3.12/site-packages/airflow/example_dags/example_complex.py for tasks to queue
[2024-05-21T19:34:50.991+0000] {logging_mixin.py:188} INFO - [2024-05-21T19:34:50.990+0000] {dagbag.py:545} INFO - Filling up the DagBag from /home/airflow/.local/lib/python3.12/site-packages/airflow/example_dags/example_complex.py
[2024-05-21T19:34:51.024+0000] {processor.py:840} INFO - DAG(s) 'example_complex' retrieved from /home/airflow/.local/lib/python3.12/site-packages/airflow/example_dags/example_complex.py
[2024-05-21T19:34:51.220+0000] {logging_mixin.py:188} INFO - [2024-05-21T19:34:51.219+0000] {dag.py:3096} INFO - Sync 1 DAGs
[2024-05-21T19:34:51.274+0000] {logging_mixin.py:188} INFO - [2024-05-21T19:34:51.274+0000] {dag.py:3954} INFO - Setting next_dagrun for example_complex to None, run_after=None
[2024-05-21T19:34:51.352+0000] {processor.py:183} INFO - Processing /home/airflow/.local/lib/python3.12/site-packages/airflow/example_dags/example_complex.py took 0.419 seconds
[2024-05-21T19:35:21.499+0000] {processor.py:161} INFO - Started process (PID=792) to work on /home/airflow/.local/lib/python3.12/site-packages/airflow/example_dags/example_complex.py
[2024-05-21T19:35:21.501+0000] {processor.py:830} INFO - Processing file /home/airflow/.local/lib/python3.12/site-packages/airflow/example_dags/example_complex.py for tasks to queue
[2024-05-21T19:35:21.506+0000] {logging_mixin.py:188} INFO - [2024-05-21T19:35:21.506+0000] {dagbag.py:545} INFO - Filling up the DagBag from /home/airflow/.local/lib/python3.12/site-packages/airflow/example_dags/example_complex.py
[2024-05-21T19:35:21.543+0000] {processor.py:840} INFO - DAG(s) 'example_complex' retrieved from /home/airflow/.local/lib/python3.12/site-packages/airflow/example_dags/example_complex.py
[2024-05-21T19:35:21.670+0000] {logging_mixin.py:188} INFO - [2024-05-21T19:35:21.669+0000] {dag.py:3096} INFO - Sync 1 DAGs
[2024-05-21T19:35:21.708+0000] {logging_mixin.py:188} INFO - [2024-05-21T19:35:21.708+0000] {dag.py:3954} INFO - Setting next_dagrun for example_complex to None, run_after=None
[2024-05-21T19:35:21.790+0000] {processor.py:183} INFO - Processing /home/airflow/.local/lib/python3.12/site-packages/airflow/example_dags/example_complex.py took 0.310 seconds
[2024-05-21T19:35:51.933+0000] {processor.py:161} INFO - Started process (PID=851) to work on /home/airflow/.local/lib/python3.12/site-packages/airflow/example_dags/example_complex.py
[2024-05-21T19:35:51.935+0000] {processor.py:830} INFO - Processing file /home/airflow/.local/lib/python3.12/site-packages/airflow/example_dags/example_complex.py for tasks to queue
[2024-05-21T19:35:51.942+0000] {logging_mixin.py:188} INFO - [2024-05-21T19:35:51.940+0000] {dagbag.py:545} INFO - Filling up the DagBag from /home/airflow/.local/lib/python3.12/site-packages/airflow/example_dags/example_complex.py
[2024-05-21T19:35:51.975+0000] {processor.py:840} INFO - DAG(s) 'example_complex' retrieved from /home/airflow/.local/lib/python3.12/site-packages/airflow/example_dags/example_complex.py
[2024-05-21T19:35:52.085+0000] {logging_mixin.py:188} INFO - [2024-05-21T19:35:52.084+0000] {dag.py:3096} INFO - Sync 1 DAGs
[2024-05-21T19:35:52.156+0000] {logging_mixin.py:188} INFO - [2024-05-21T19:35:52.155+0000] {dag.py:3954} INFO - Setting next_dagrun for example_complex to None, run_after=None
[2024-05-21T19:35:52.228+0000] {processor.py:183} INFO - Processing /home/airflow/.local/lib/python3.12/site-packages/airflow/example_dags/example_complex.py took 0.313 seconds
[2024-05-21T19:36:22.506+0000] {processor.py:161} INFO - Started process (PID=911) to work on /home/airflow/.local/lib/python3.12/site-packages/airflow/example_dags/example_complex.py
[2024-05-21T19:36:22.509+0000] {processor.py:830} INFO - Processing file /home/airflow/.local/lib/python3.12/site-packages/airflow/example_dags/example_complex.py for tasks to queue
[2024-05-21T19:36:22.516+0000] {logging_mixin.py:188} INFO - [2024-05-21T19:36:22.514+0000] {dagbag.py:545} INFO - Filling up the DagBag from /home/airflow/.local/lib/python3.12/site-packages/airflow/example_dags/example_complex.py
[2024-05-21T19:36:22.548+0000] {processor.py:840} INFO - DAG(s) 'example_complex' retrieved from /home/airflow/.local/lib/python3.12/site-packages/airflow/example_dags/example_complex.py
[2024-05-21T19:36:22.657+0000] {logging_mixin.py:188} INFO - [2024-05-21T19:36:22.656+0000] {dag.py:3096} INFO - Sync 1 DAGs
[2024-05-21T19:36:22.699+0000] {logging_mixin.py:188} INFO - [2024-05-21T19:36:22.698+0000] {dag.py:3954} INFO - Setting next_dagrun for example_complex to None, run_after=None
[2024-05-21T19:36:22.795+0000] {processor.py:183} INFO - Processing /home/airflow/.local/lib/python3.12/site-packages/airflow/example_dags/example_complex.py took 0.309 seconds
[2024-05-21T19:36:52.961+0000] {processor.py:161} INFO - Started process (PID=970) to work on /home/airflow/.local/lib/python3.12/site-packages/airflow/example_dags/example_complex.py
[2024-05-21T19:36:52.963+0000] {processor.py:830} INFO - Processing file /home/airflow/.local/lib/python3.12/site-packages/airflow/example_dags/example_complex.py for tasks to queue
[2024-05-21T19:36:52.973+0000] {logging_mixin.py:188} INFO - [2024-05-21T19:36:52.969+0000] {dagbag.py:545} INFO - Filling up the DagBag from /home/airflow/.local/lib/python3.12/site-packages/airflow/example_dags/example_complex.py
[2024-05-21T19:36:53.022+0000] {processor.py:840} INFO - DAG(s) 'example_complex' retrieved from /home/airflow/.local/lib/python3.12/site-packages/airflow/example_dags/example_complex.py
[2024-05-21T19:36:53.169+0000] {logging_mixin.py:188} INFO - [2024-05-21T19:36:53.168+0000] {dag.py:3096} INFO - Sync 1 DAGs
[2024-05-21T19:36:53.210+0000] {logging_mixin.py:188} INFO - [2024-05-21T19:36:53.209+0000] {dag.py:3954} INFO - Setting next_dagrun for example_complex to None, run_after=None
[2024-05-21T19:36:53.267+0000] {processor.py:183} INFO - Processing /home/airflow/.local/lib/python3.12/site-packages/airflow/example_dags/example_complex.py took 0.320 seconds
[2024-05-21T19:37:23.810+0000] {processor.py:161} INFO - Started process (PID=1030) to work on /home/airflow/.local/lib/python3.12/site-packages/airflow/example_dags/example_complex.py
[2024-05-21T19:37:23.812+0000] {processor.py:830} INFO - Processing file /home/airflow/.local/lib/python3.12/site-packages/airflow/example_dags/example_complex.py for tasks to queue
[2024-05-21T19:37:23.818+0000] {logging_mixin.py:188} INFO - [2024-05-21T19:37:23.817+0000] {dagbag.py:545} INFO - Filling up the DagBag from /home/airflow/.local/lib/python3.12/site-packages/airflow/example_dags/example_complex.py
[2024-05-21T19:37:23.849+0000] {processor.py:840} INFO - DAG(s) 'example_complex' retrieved from /home/airflow/.local/lib/python3.12/site-packages/airflow/example_dags/example_complex.py
[2024-05-21T19:37:23.965+0000] {logging_mixin.py:188} INFO - [2024-05-21T19:37:23.961+0000] {dag.py:3096} INFO - Sync 1 DAGs
[2024-05-21T19:37:24.030+0000] {logging_mixin.py:188} INFO - [2024-05-21T19:37:24.030+0000] {dag.py:3954} INFO - Setting next_dagrun for example_complex to None, run_after=None
[2024-05-21T19:37:24.109+0000] {processor.py:183} INFO - Processing /home/airflow/.local/lib/python3.12/site-packages/airflow/example_dags/example_complex.py took 0.319 seconds
[2024-05-21T19:37:54.468+0000] {processor.py:161} INFO - Started process (PID=1089) to work on /home/airflow/.local/lib/python3.12/site-packages/airflow/example_dags/example_complex.py
[2024-05-21T19:37:54.471+0000] {processor.py:830} INFO - Processing file /home/airflow/.local/lib/python3.12/site-packages/airflow/example_dags/example_complex.py for tasks to queue
[2024-05-21T19:37:54.480+0000] {logging_mixin.py:188} INFO - [2024-05-21T19:37:54.478+0000] {dagbag.py:545} INFO - Filling up the DagBag from /home/airflow/.local/lib/python3.12/site-packages/airflow/example_dags/example_complex.py
[2024-05-21T19:37:54.531+0000] {processor.py:840} INFO - DAG(s) 'example_complex' retrieved from /home/airflow/.local/lib/python3.12/site-packages/airflow/example_dags/example_complex.py
[2024-05-21T19:37:54.683+0000] {logging_mixin.py:188} INFO - [2024-05-21T19:37:54.682+0000] {dag.py:3096} INFO - Sync 1 DAGs
[2024-05-21T19:37:54.724+0000] {logging_mixin.py:188} INFO - [2024-05-21T19:37:54.724+0000] {dag.py:3954} INFO - Setting next_dagrun for example_complex to None, run_after=None
[2024-05-21T19:37:54.777+0000] {processor.py:183} INFO - Processing /home/airflow/.local/lib/python3.12/site-packages/airflow/example_dags/example_complex.py took 0.335 seconds
[2024-05-21T19:38:25.655+0000] {processor.py:161} INFO - Started process (PID=1149) to work on /home/airflow/.local/lib/python3.12/site-packages/airflow/example_dags/example_complex.py
[2024-05-21T19:38:25.658+0000] {processor.py:830} INFO - Processing file /home/airflow/.local/lib/python3.12/site-packages/airflow/example_dags/example_complex.py for tasks to queue
[2024-05-21T19:38:25.665+0000] {logging_mixin.py:188} INFO - [2024-05-21T19:38:25.663+0000] {dagbag.py:545} INFO - Filling up the DagBag from /home/airflow/.local/lib/python3.12/site-packages/airflow/example_dags/example_complex.py
[2024-05-21T19:38:25.690+0000] {processor.py:840} INFO - DAG(s) 'example_complex' retrieved from /home/airflow/.local/lib/python3.12/site-packages/airflow/example_dags/example_complex.py
[2024-05-21T19:38:25.782+0000] {logging_mixin.py:188} INFO - [2024-05-21T19:38:25.781+0000] {dag.py:3096} INFO - Sync 1 DAGs
[2024-05-21T19:38:25.814+0000] {logging_mixin.py:188} INFO - [2024-05-21T19:38:25.813+0000] {dag.py:3954} INFO - Setting next_dagrun for example_complex to None, run_after=None
[2024-05-21T19:38:25.891+0000] {processor.py:183} INFO - Processing /home/airflow/.local/lib/python3.12/site-packages/airflow/example_dags/example_complex.py took 0.257 seconds
[2024-05-21T19:38:56.731+0000] {processor.py:161} INFO - Started process (PID=1209) to work on /home/airflow/.local/lib/python3.12/site-packages/airflow/example_dags/example_complex.py
[2024-05-21T19:38:56.734+0000] {processor.py:830} INFO - Processing file /home/airflow/.local/lib/python3.12/site-packages/airflow/example_dags/example_complex.py for tasks to queue
[2024-05-21T19:38:56.740+0000] {logging_mixin.py:188} INFO - [2024-05-21T19:38:56.739+0000] {dagbag.py:545} INFO - Filling up the DagBag from /home/airflow/.local/lib/python3.12/site-packages/airflow/example_dags/example_complex.py
[2024-05-21T19:38:56.768+0000] {processor.py:840} INFO - DAG(s) 'example_complex' retrieved from /home/airflow/.local/lib/python3.12/site-packages/airflow/example_dags/example_complex.py
[2024-05-21T19:38:56.874+0000] {logging_mixin.py:188} INFO - [2024-05-21T19:38:56.873+0000] {dag.py:3096} INFO - Sync 1 DAGs
[2024-05-21T19:38:56.918+0000] {logging_mixin.py:188} INFO - [2024-05-21T19:38:56.918+0000] {dag.py:3954} INFO - Setting next_dagrun for example_complex to None, run_after=None
[2024-05-21T19:38:57.017+0000] {processor.py:183} INFO - Processing /home/airflow/.local/lib/python3.12/site-packages/airflow/example_dags/example_complex.py took 0.302 seconds
[2024-05-21T19:39:27.502+0000] {processor.py:161} INFO - Started process (PID=1269) to work on /home/airflow/.local/lib/python3.12/site-packages/airflow/example_dags/example_complex.py
[2024-05-21T19:39:27.505+0000] {processor.py:830} INFO - Processing file /home/airflow/.local/lib/python3.12/site-packages/airflow/example_dags/example_complex.py for tasks to queue
[2024-05-21T19:39:27.515+0000] {logging_mixin.py:188} INFO - [2024-05-21T19:39:27.513+0000] {dagbag.py:545} INFO - Filling up the DagBag from /home/airflow/.local/lib/python3.12/site-packages/airflow/example_dags/example_complex.py
[2024-05-21T19:39:27.542+0000] {processor.py:840} INFO - DAG(s) 'example_complex' retrieved from /home/airflow/.local/lib/python3.12/site-packages/airflow/example_dags/example_complex.py
[2024-05-21T19:39:27.633+0000] {logging_mixin.py:188} INFO - [2024-05-21T19:39:27.633+0000] {dag.py:3096} INFO - Sync 1 DAGs
[2024-05-21T19:39:27.661+0000] {logging_mixin.py:188} INFO - [2024-05-21T19:39:27.661+0000] {dag.py:3954} INFO - Setting next_dagrun for example_complex to None, run_after=None
[2024-05-21T19:39:27.717+0000] {processor.py:183} INFO - Processing /home/airflow/.local/lib/python3.12/site-packages/airflow/example_dags/example_complex.py took 0.233 seconds
[2024-05-21T19:39:58.083+0000] {processor.py:161} INFO - Started process (PID=1329) to work on /home/airflow/.local/lib/python3.12/site-packages/airflow/example_dags/example_complex.py
[2024-05-21T19:39:58.085+0000] {processor.py:830} INFO - Processing file /home/airflow/.local/lib/python3.12/site-packages/airflow/example_dags/example_complex.py for tasks to queue
[2024-05-21T19:39:58.092+0000] {logging_mixin.py:188} INFO - [2024-05-21T19:39:58.090+0000] {dagbag.py:545} INFO - Filling up the DagBag from /home/airflow/.local/lib/python3.12/site-packages/airflow/example_dags/example_complex.py
[2024-05-21T19:39:58.126+0000] {processor.py:840} INFO - DAG(s) 'example_complex' retrieved from /home/airflow/.local/lib/python3.12/site-packages/airflow/example_dags/example_complex.py
[2024-05-21T19:39:58.243+0000] {logging_mixin.py:188} INFO - [2024-05-21T19:39:58.243+0000] {dag.py:3096} INFO - Sync 1 DAGs
[2024-05-21T19:39:58.280+0000] {logging_mixin.py:188} INFO - [2024-05-21T19:39:58.279+0000] {dag.py:3954} INFO - Setting next_dagrun for example_complex to None, run_after=None
[2024-05-21T19:39:58.384+0000] {processor.py:183} INFO - Processing /home/airflow/.local/lib/python3.12/site-packages/airflow/example_dags/example_complex.py took 0.320 seconds
[2024-05-21T19:40:28.589+0000] {processor.py:161} INFO - Started process (PID=1388) to work on /home/airflow/.local/lib/python3.12/site-packages/airflow/example_dags/example_complex.py
[2024-05-21T19:40:28.593+0000] {processor.py:830} INFO - Processing file /home/airflow/.local/lib/python3.12/site-packages/airflow/example_dags/example_complex.py for tasks to queue
[2024-05-21T19:40:28.607+0000] {logging_mixin.py:188} INFO - [2024-05-21T19:40:28.606+0000] {dagbag.py:545} INFO - Filling up the DagBag from /home/airflow/.local/lib/python3.12/site-packages/airflow/example_dags/example_complex.py
[2024-05-21T19:40:28.641+0000] {processor.py:840} INFO - DAG(s) 'example_complex' retrieved from /home/airflow/.local/lib/python3.12/site-packages/airflow/example_dags/example_complex.py
[2024-05-21T19:40:28.727+0000] {logging_mixin.py:188} INFO - [2024-05-21T19:40:28.727+0000] {dag.py:3096} INFO - Sync 1 DAGs
[2024-05-21T19:40:28.773+0000] {logging_mixin.py:188} INFO - [2024-05-21T19:40:28.773+0000] {dag.py:3954} INFO - Setting next_dagrun for example_complex to None, run_after=None
[2024-05-21T19:40:28.860+0000] {processor.py:183} INFO - Processing /home/airflow/.local/lib/python3.12/site-packages/airflow/example_dags/example_complex.py took 0.286 seconds
[2024-05-21T19:40:59.760+0000] {processor.py:161} INFO - Started process (PID=1448) to work on /home/airflow/.local/lib/python3.12/site-packages/airflow/example_dags/example_complex.py
[2024-05-21T19:40:59.763+0000] {processor.py:830} INFO - Processing file /home/airflow/.local/lib/python3.12/site-packages/airflow/example_dags/example_complex.py for tasks to queue
[2024-05-21T19:40:59.769+0000] {logging_mixin.py:188} INFO - [2024-05-21T19:40:59.768+0000] {dagbag.py:545} INFO - Filling up the DagBag from /home/airflow/.local/lib/python3.12/site-packages/airflow/example_dags/example_complex.py
[2024-05-21T19:40:59.799+0000] {processor.py:840} INFO - DAG(s) 'example_complex' retrieved from /home/airflow/.local/lib/python3.12/site-packages/airflow/example_dags/example_complex.py
[2024-05-21T19:40:59.911+0000] {logging_mixin.py:188} INFO - [2024-05-21T19:40:59.910+0000] {dag.py:3096} INFO - Sync 1 DAGs
[2024-05-21T19:40:59.946+0000] {logging_mixin.py:188} INFO - [2024-05-21T19:40:59.945+0000] {dag.py:3954} INFO - Setting next_dagrun for example_complex to None, run_after=None
[2024-05-21T19:41:00.052+0000] {processor.py:183} INFO - Processing /home/airflow/.local/lib/python3.12/site-packages/airflow/example_dags/example_complex.py took 0.311 seconds
[2024-05-21T19:41:30.569+0000] {processor.py:161} INFO - Started process (PID=1508) to work on /home/airflow/.local/lib/python3.12/site-packages/airflow/example_dags/example_complex.py
[2024-05-21T19:41:30.572+0000] {processor.py:830} INFO - Processing file /home/airflow/.local/lib/python3.12/site-packages/airflow/example_dags/example_complex.py for tasks to queue
[2024-05-21T19:41:30.578+0000] {logging_mixin.py:188} INFO - [2024-05-21T19:41:30.577+0000] {dagbag.py:545} INFO - Filling up the DagBag from /home/airflow/.local/lib/python3.12/site-packages/airflow/example_dags/example_complex.py
[2024-05-21T19:41:30.679+0000] {processor.py:840} INFO - DAG(s) 'example_complex' retrieved from /home/airflow/.local/lib/python3.12/site-packages/airflow/example_dags/example_complex.py
[2024-05-21T19:41:30.796+0000] {logging_mixin.py:188} INFO - [2024-05-21T19:41:30.795+0000] {dag.py:3096} INFO - Sync 1 DAGs
[2024-05-21T19:41:30.842+0000] {logging_mixin.py:188} INFO - [2024-05-21T19:41:30.841+0000] {dag.py:3954} INFO - Setting next_dagrun for example_complex to None, run_after=None
[2024-05-21T19:41:30.906+0000] {processor.py:183} INFO - Processing /home/airflow/.local/lib/python3.12/site-packages/airflow/example_dags/example_complex.py took 0.354 seconds
[2024-05-21T19:42:01.122+0000] {processor.py:161} INFO - Started process (PID=1568) to work on /home/airflow/.local/lib/python3.12/site-packages/airflow/example_dags/example_complex.py
[2024-05-21T19:42:01.124+0000] {processor.py:830} INFO - Processing file /home/airflow/.local/lib/python3.12/site-packages/airflow/example_dags/example_complex.py for tasks to queue
[2024-05-21T19:42:01.130+0000] {logging_mixin.py:188} INFO - [2024-05-21T19:42:01.130+0000] {dagbag.py:545} INFO - Filling up the DagBag from /home/airflow/.local/lib/python3.12/site-packages/airflow/example_dags/example_complex.py
[2024-05-21T19:42:01.154+0000] {processor.py:840} INFO - DAG(s) 'example_complex' retrieved from /home/airflow/.local/lib/python3.12/site-packages/airflow/example_dags/example_complex.py
[2024-05-21T19:42:01.218+0000] {logging_mixin.py:188} INFO - [2024-05-21T19:42:01.218+0000] {dag.py:3096} INFO - Sync 1 DAGs
[2024-05-21T19:42:01.244+0000] {logging_mixin.py:188} INFO - [2024-05-21T19:42:01.243+0000] {dag.py:3954} INFO - Setting next_dagrun for example_complex to None, run_after=None
[2024-05-21T19:42:01.300+0000] {processor.py:183} INFO - Processing /home/airflow/.local/lib/python3.12/site-packages/airflow/example_dags/example_complex.py took 0.189 seconds
[2024-05-21T19:42:31.993+0000] {processor.py:161} INFO - Started process (PID=1628) to work on /home/airflow/.local/lib/python3.12/site-packages/airflow/example_dags/example_complex.py
[2024-05-21T19:42:31.995+0000] {processor.py:830} INFO - Processing file /home/airflow/.local/lib/python3.12/site-packages/airflow/example_dags/example_complex.py for tasks to queue
[2024-05-21T19:42:32.001+0000] {logging_mixin.py:188} INFO - [2024-05-21T19:42:32.000+0000] {dagbag.py:545} INFO - Filling up the DagBag from /home/airflow/.local/lib/python3.12/site-packages/airflow/example_dags/example_complex.py
[2024-05-21T19:42:32.031+0000] {processor.py:840} INFO - DAG(s) 'example_complex' retrieved from /home/airflow/.local/lib/python3.12/site-packages/airflow/example_dags/example_complex.py
[2024-05-21T19:42:32.179+0000] {logging_mixin.py:188} INFO - [2024-05-21T19:42:32.178+0000] {dag.py:3096} INFO - Sync 1 DAGs
[2024-05-21T19:42:32.284+0000] {logging_mixin.py:188} INFO - [2024-05-21T19:42:32.283+0000] {dag.py:3954} INFO - Setting next_dagrun for example_complex to None, run_after=None
[2024-05-21T19:42:32.356+0000] {processor.py:183} INFO - Processing /home/airflow/.local/lib/python3.12/site-packages/airflow/example_dags/example_complex.py took 0.381 seconds
[2024-05-21T19:43:02.485+0000] {processor.py:161} INFO - Started process (PID=1689) to work on /home/airflow/.local/lib/python3.12/site-packages/airflow/example_dags/example_complex.py
[2024-05-21T19:43:02.489+0000] {processor.py:830} INFO - Processing file /home/airflow/.local/lib/python3.12/site-packages/airflow/example_dags/example_complex.py for tasks to queue
[2024-05-21T19:43:02.499+0000] {logging_mixin.py:188} INFO - [2024-05-21T19:43:02.498+0000] {dagbag.py:545} INFO - Filling up the DagBag from /home/airflow/.local/lib/python3.12/site-packages/airflow/example_dags/example_complex.py
[2024-05-21T19:43:02.580+0000] {processor.py:840} INFO - DAG(s) 'example_complex' retrieved from /home/airflow/.local/lib/python3.12/site-packages/airflow/example_dags/example_complex.py
[2024-05-21T19:43:02.670+0000] {logging_mixin.py:188} INFO - [2024-05-21T19:43:02.669+0000] {dag.py:3096} INFO - Sync 1 DAGs
[2024-05-21T19:43:02.711+0000] {logging_mixin.py:188} INFO - [2024-05-21T19:43:02.710+0000] {dag.py:3954} INFO - Setting next_dagrun for example_complex to None, run_after=None
[2024-05-21T19:43:02.794+0000] {processor.py:183} INFO - Processing /home/airflow/.local/lib/python3.12/site-packages/airflow/example_dags/example_complex.py took 0.325 seconds
[2024-05-21T19:43:33.557+0000] {processor.py:161} INFO - Started process (PID=1748) to work on /home/airflow/.local/lib/python3.12/site-packages/airflow/example_dags/example_complex.py
[2024-05-21T19:43:33.560+0000] {processor.py:830} INFO - Processing file /home/airflow/.local/lib/python3.12/site-packages/airflow/example_dags/example_complex.py for tasks to queue
[2024-05-21T19:43:33.566+0000] {logging_mixin.py:188} INFO - [2024-05-21T19:43:33.565+0000] {dagbag.py:545} INFO - Filling up the DagBag from /home/airflow/.local/lib/python3.12/site-packages/airflow/example_dags/example_complex.py
[2024-05-21T19:43:33.589+0000] {processor.py:840} INFO - DAG(s) 'example_complex' retrieved from /home/airflow/.local/lib/python3.12/site-packages/airflow/example_dags/example_complex.py
[2024-05-21T19:43:33.668+0000] {logging_mixin.py:188} INFO - [2024-05-21T19:43:33.668+0000] {dag.py:3096} INFO - Sync 1 DAGs
[2024-05-21T19:43:33.703+0000] {logging_mixin.py:188} INFO - [2024-05-21T19:43:33.702+0000] {dag.py:3954} INFO - Setting next_dagrun for example_complex to None, run_after=None
[2024-05-21T19:43:33.772+0000] {processor.py:183} INFO - Processing /home/airflow/.local/lib/python3.12/site-packages/airflow/example_dags/example_complex.py took 0.233 seconds
[2024-05-21T19:44:04.061+0000] {processor.py:161} INFO - Started process (PID=1808) to work on /home/airflow/.local/lib/python3.12/site-packages/airflow/example_dags/example_complex.py
[2024-05-21T19:44:04.064+0000] {processor.py:830} INFO - Processing file /home/airflow/.local/lib/python3.12/site-packages/airflow/example_dags/example_complex.py for tasks to queue
[2024-05-21T19:44:04.071+0000] {logging_mixin.py:188} INFO - [2024-05-21T19:44:04.070+0000] {dagbag.py:545} INFO - Filling up the DagBag from /home/airflow/.local/lib/python3.12/site-packages/airflow/example_dags/example_complex.py
[2024-05-21T19:44:04.113+0000] {processor.py:840} INFO - DAG(s) 'example_complex' retrieved from /home/airflow/.local/lib/python3.12/site-packages/airflow/example_dags/example_complex.py
[2024-05-21T19:44:04.217+0000] {logging_mixin.py:188} INFO - [2024-05-21T19:44:04.217+0000] {dag.py:3096} INFO - Sync 1 DAGs
[2024-05-21T19:44:04.261+0000] {logging_mixin.py:188} INFO - [2024-05-21T19:44:04.260+0000] {dag.py:3954} INFO - Setting next_dagrun for example_complex to None, run_after=None
[2024-05-21T19:44:04.332+0000] {processor.py:183} INFO - Processing /home/airflow/.local/lib/python3.12/site-packages/airflow/example_dags/example_complex.py took 0.286 seconds
[2024-05-21T19:44:34.680+0000] {processor.py:161} INFO - Started process (PID=1868) to work on /home/airflow/.local/lib/python3.12/site-packages/airflow/example_dags/example_complex.py
[2024-05-21T19:44:34.682+0000] {processor.py:830} INFO - Processing file /home/airflow/.local/lib/python3.12/site-packages/airflow/example_dags/example_complex.py for tasks to queue
[2024-05-21T19:44:34.689+0000] {logging_mixin.py:188} INFO - [2024-05-21T19:44:34.689+0000] {dagbag.py:545} INFO - Filling up the DagBag from /home/airflow/.local/lib/python3.12/site-packages/airflow/example_dags/example_complex.py
[2024-05-21T19:44:34.718+0000] {processor.py:840} INFO - DAG(s) 'example_complex' retrieved from /home/airflow/.local/lib/python3.12/site-packages/airflow/example_dags/example_complex.py
[2024-05-21T19:44:34.807+0000] {logging_mixin.py:188} INFO - [2024-05-21T19:44:34.806+0000] {dag.py:3096} INFO - Sync 1 DAGs
[2024-05-21T19:44:34.856+0000] {logging_mixin.py:188} INFO - [2024-05-21T19:44:34.855+0000] {dag.py:3954} INFO - Setting next_dagrun for example_complex to None, run_after=None
[2024-05-21T19:44:34.909+0000] {processor.py:183} INFO - Processing /home/airflow/.local/lib/python3.12/site-packages/airflow/example_dags/example_complex.py took 0.243 seconds
[2024-05-21T19:45:05.827+0000] {processor.py:161} INFO - Started process (PID=1928) to work on /home/airflow/.local/lib/python3.12/site-packages/airflow/example_dags/example_complex.py
[2024-05-21T19:45:05.833+0000] {processor.py:830} INFO - Processing file /home/airflow/.local/lib/python3.12/site-packages/airflow/example_dags/example_complex.py for tasks to queue
[2024-05-21T19:45:05.838+0000] {logging_mixin.py:188} INFO - [2024-05-21T19:45:05.837+0000] {dagbag.py:545} INFO - Filling up the DagBag from /home/airflow/.local/lib/python3.12/site-packages/airflow/example_dags/example_complex.py
[2024-05-21T19:45:05.869+0000] {processor.py:840} INFO - DAG(s) 'example_complex' retrieved from /home/airflow/.local/lib/python3.12/site-packages/airflow/example_dags/example_complex.py
[2024-05-21T19:45:05.994+0000] {logging_mixin.py:188} INFO - [2024-05-21T19:45:05.992+0000] {dag.py:3096} INFO - Sync 1 DAGs
[2024-05-21T19:45:06.034+0000] {logging_mixin.py:188} INFO - [2024-05-21T19:45:06.034+0000] {dag.py:3954} INFO - Setting next_dagrun for example_complex to None, run_after=None
[2024-05-21T19:45:06.114+0000] {processor.py:183} INFO - Processing /home/airflow/.local/lib/python3.12/site-packages/airflow/example_dags/example_complex.py took 0.324 seconds
[2024-05-21T19:45:36.461+0000] {processor.py:161} INFO - Started process (PID=1988) to work on /home/airflow/.local/lib/python3.12/site-packages/airflow/example_dags/example_complex.py
[2024-05-21T19:45:36.464+0000] {processor.py:830} INFO - Processing file /home/airflow/.local/lib/python3.12/site-packages/airflow/example_dags/example_complex.py for tasks to queue
[2024-05-21T19:45:36.470+0000] {logging_mixin.py:188} INFO - [2024-05-21T19:45:36.469+0000] {dagbag.py:545} INFO - Filling up the DagBag from /home/airflow/.local/lib/python3.12/site-packages/airflow/example_dags/example_complex.py
[2024-05-21T19:45:36.502+0000] {processor.py:840} INFO - DAG(s) 'example_complex' retrieved from /home/airflow/.local/lib/python3.12/site-packages/airflow/example_dags/example_complex.py
[2024-05-21T19:45:36.607+0000] {logging_mixin.py:188} INFO - [2024-05-21T19:45:36.606+0000] {dag.py:3096} INFO - Sync 1 DAGs
[2024-05-21T19:45:36.646+0000] {logging_mixin.py:188} INFO - [2024-05-21T19:45:36.645+0000] {dag.py:3954} INFO - Setting next_dagrun for example_complex to None, run_after=None
[2024-05-21T19:45:36.706+0000] {processor.py:183} INFO - Processing /home/airflow/.local/lib/python3.12/site-packages/airflow/example_dags/example_complex.py took 0.263 seconds
[2024-05-21T19:46:07.140+0000] {processor.py:161} INFO - Started process (PID=2046) to work on /home/airflow/.local/lib/python3.12/site-packages/airflow/example_dags/example_complex.py
[2024-05-21T19:46:07.142+0000] {processor.py:830} INFO - Processing file /home/airflow/.local/lib/python3.12/site-packages/airflow/example_dags/example_complex.py for tasks to queue
[2024-05-21T19:46:07.152+0000] {logging_mixin.py:188} INFO - [2024-05-21T19:46:07.147+0000] {dagbag.py:545} INFO - Filling up the DagBag from /home/airflow/.local/lib/python3.12/site-packages/airflow/example_dags/example_complex.py
[2024-05-21T19:46:07.186+0000] {processor.py:840} INFO - DAG(s) 'example_complex' retrieved from /home/airflow/.local/lib/python3.12/site-packages/airflow/example_dags/example_complex.py
[2024-05-21T19:46:07.270+0000] {logging_mixin.py:188} INFO - [2024-05-21T19:46:07.270+0000] {dag.py:3096} INFO - Sync 1 DAGs
[2024-05-21T19:46:07.303+0000] {logging_mixin.py:188} INFO - [2024-05-21T19:46:07.303+0000] {dag.py:3954} INFO - Setting next_dagrun for example_complex to None, run_after=None
[2024-05-21T19:46:07.388+0000] {processor.py:183} INFO - Processing /home/airflow/.local/lib/python3.12/site-packages/airflow/example_dags/example_complex.py took 0.262 seconds
[2024-05-21T19:46:37.585+0000] {processor.py:161} INFO - Started process (PID=2106) to work on /home/airflow/.local/lib/python3.12/site-packages/airflow/example_dags/example_complex.py
[2024-05-21T19:46:37.588+0000] {processor.py:830} INFO - Processing file /home/airflow/.local/lib/python3.12/site-packages/airflow/example_dags/example_complex.py for tasks to queue
[2024-05-21T19:46:37.594+0000] {logging_mixin.py:188} INFO - [2024-05-21T19:46:37.593+0000] {dagbag.py:545} INFO - Filling up the DagBag from /home/airflow/.local/lib/python3.12/site-packages/airflow/example_dags/example_complex.py
[2024-05-21T19:46:37.626+0000] {processor.py:840} INFO - DAG(s) 'example_complex' retrieved from /home/airflow/.local/lib/python3.12/site-packages/airflow/example_dags/example_complex.py
[2024-05-21T19:46:37.726+0000] {logging_mixin.py:188} INFO - [2024-05-21T19:46:37.722+0000] {dag.py:3096} INFO - Sync 1 DAGs
[2024-05-21T19:46:37.830+0000] {logging_mixin.py:188} INFO - [2024-05-21T19:46:37.830+0000] {dag.py:3954} INFO - Setting next_dagrun for example_complex to None, run_after=None
[2024-05-21T19:46:37.896+0000] {processor.py:183} INFO - Processing /home/airflow/.local/lib/python3.12/site-packages/airflow/example_dags/example_complex.py took 0.327 seconds
[2024-05-21T19:47:08.713+0000] {processor.py:161} INFO - Started process (PID=2166) to work on /home/airflow/.local/lib/python3.12/site-packages/airflow/example_dags/example_complex.py
[2024-05-21T19:47:08.716+0000] {processor.py:830} INFO - Processing file /home/airflow/.local/lib/python3.12/site-packages/airflow/example_dags/example_complex.py for tasks to queue
[2024-05-21T19:47:08.723+0000] {logging_mixin.py:188} INFO - [2024-05-21T19:47:08.722+0000] {dagbag.py:545} INFO - Filling up the DagBag from /home/airflow/.local/lib/python3.12/site-packages/airflow/example_dags/example_complex.py
[2024-05-21T19:47:08.756+0000] {processor.py:840} INFO - DAG(s) 'example_complex' retrieved from /home/airflow/.local/lib/python3.12/site-packages/airflow/example_dags/example_complex.py
[2024-05-21T19:47:08.906+0000] {logging_mixin.py:188} INFO - [2024-05-21T19:47:08.906+0000] {dag.py:3096} INFO - Sync 1 DAGs
[2024-05-21T19:47:08.950+0000] {logging_mixin.py:188} INFO - [2024-05-21T19:47:08.950+0000] {dag.py:3954} INFO - Setting next_dagrun for example_complex to None, run_after=None
[2024-05-21T19:47:09.040+0000] {processor.py:183} INFO - Processing /home/airflow/.local/lib/python3.12/site-packages/airflow/example_dags/example_complex.py took 0.345 seconds
[2024-05-21T19:47:39.500+0000] {processor.py:161} INFO - Started process (PID=2226) to work on /home/airflow/.local/lib/python3.12/site-packages/airflow/example_dags/example_complex.py
[2024-05-21T19:47:39.502+0000] {processor.py:830} INFO - Processing file /home/airflow/.local/lib/python3.12/site-packages/airflow/example_dags/example_complex.py for tasks to queue
[2024-05-21T19:47:39.506+0000] {logging_mixin.py:188} INFO - [2024-05-21T19:47:39.506+0000] {dagbag.py:545} INFO - Filling up the DagBag from /home/airflow/.local/lib/python3.12/site-packages/airflow/example_dags/example_complex.py
[2024-05-21T19:47:39.530+0000] {processor.py:840} INFO - DAG(s) 'example_complex' retrieved from /home/airflow/.local/lib/python3.12/site-packages/airflow/example_dags/example_complex.py
[2024-05-21T19:47:39.616+0000] {logging_mixin.py:188} INFO - [2024-05-21T19:47:39.615+0000] {dag.py:3096} INFO - Sync 1 DAGs
[2024-05-21T19:47:39.653+0000] {logging_mixin.py:188} INFO - [2024-05-21T19:47:39.653+0000] {dag.py:3954} INFO - Setting next_dagrun for example_complex to None, run_after=None
[2024-05-21T19:47:39.732+0000] {processor.py:183} INFO - Processing /home/airflow/.local/lib/python3.12/site-packages/airflow/example_dags/example_complex.py took 0.249 seconds
[2024-05-21T19:48:09.899+0000] {processor.py:161} INFO - Started process (PID=2285) to work on /home/airflow/.local/lib/python3.12/site-packages/airflow/example_dags/example_complex.py
[2024-05-21T19:48:09.902+0000] {processor.py:830} INFO - Processing file /home/airflow/.local/lib/python3.12/site-packages/airflow/example_dags/example_complex.py for tasks to queue
[2024-05-21T19:48:09.907+0000] {logging_mixin.py:188} INFO - [2024-05-21T19:48:09.906+0000] {dagbag.py:545} INFO - Filling up the DagBag from /home/airflow/.local/lib/python3.12/site-packages/airflow/example_dags/example_complex.py
[2024-05-21T19:48:09.944+0000] {processor.py:840} INFO - DAG(s) 'example_complex' retrieved from /home/airflow/.local/lib/python3.12/site-packages/airflow/example_dags/example_complex.py
[2024-05-21T19:48:10.037+0000] {logging_mixin.py:188} INFO - [2024-05-21T19:48:10.035+0000] {dag.py:3096} INFO - Sync 1 DAGs
[2024-05-21T19:48:10.075+0000] {logging_mixin.py:188} INFO - [2024-05-21T19:48:10.074+0000] {dag.py:3954} INFO - Setting next_dagrun for example_complex to None, run_after=None
[2024-05-21T19:48:10.169+0000] {processor.py:183} INFO - Processing /home/airflow/.local/lib/python3.12/site-packages/airflow/example_dags/example_complex.py took 0.288 seconds
[2024-05-21T19:48:40.771+0000] {processor.py:161} INFO - Started process (PID=2345) to work on /home/airflow/.local/lib/python3.12/site-packages/airflow/example_dags/example_complex.py
[2024-05-21T19:48:40.775+0000] {processor.py:830} INFO - Processing file /home/airflow/.local/lib/python3.12/site-packages/airflow/example_dags/example_complex.py for tasks to queue
[2024-05-21T19:48:40.782+0000] {logging_mixin.py:188} INFO - [2024-05-21T19:48:40.781+0000] {dagbag.py:545} INFO - Filling up the DagBag from /home/airflow/.local/lib/python3.12/site-packages/airflow/example_dags/example_complex.py
[2024-05-21T19:48:40.818+0000] {processor.py:840} INFO - DAG(s) 'example_complex' retrieved from /home/airflow/.local/lib/python3.12/site-packages/airflow/example_dags/example_complex.py
[2024-05-21T19:48:40.939+0000] {logging_mixin.py:188} INFO - [2024-05-21T19:48:40.938+0000] {dag.py:3096} INFO - Sync 1 DAGs
[2024-05-21T19:48:40.982+0000] {logging_mixin.py:188} INFO - [2024-05-21T19:48:40.982+0000] {dag.py:3954} INFO - Setting next_dagrun for example_complex to None, run_after=None
[2024-05-21T19:48:41.051+0000] {processor.py:183} INFO - Processing /home/airflow/.local/lib/python3.12/site-packages/airflow/example_dags/example_complex.py took 0.294 seconds
[2024-05-21T19:49:12.055+0000] {processor.py:161} INFO - Started process (PID=2405) to work on /home/airflow/.local/lib/python3.12/site-packages/airflow/example_dags/example_complex.py
[2024-05-21T19:49:12.058+0000] {processor.py:830} INFO - Processing file /home/airflow/.local/lib/python3.12/site-packages/airflow/example_dags/example_complex.py for tasks to queue
[2024-05-21T19:49:12.064+0000] {logging_mixin.py:188} INFO - [2024-05-21T19:49:12.063+0000] {dagbag.py:545} INFO - Filling up the DagBag from /home/airflow/.local/lib/python3.12/site-packages/airflow/example_dags/example_complex.py
[2024-05-21T19:49:12.112+0000] {processor.py:840} INFO - DAG(s) 'example_complex' retrieved from /home/airflow/.local/lib/python3.12/site-packages/airflow/example_dags/example_complex.py
[2024-05-21T19:49:12.217+0000] {logging_mixin.py:188} INFO - [2024-05-21T19:49:12.216+0000] {dag.py:3096} INFO - Sync 1 DAGs
[2024-05-21T19:49:12.261+0000] {logging_mixin.py:188} INFO - [2024-05-21T19:49:12.260+0000] {dag.py:3954} INFO - Setting next_dagrun for example_complex to None, run_after=None
[2024-05-21T19:49:12.336+0000] {processor.py:183} INFO - Processing /home/airflow/.local/lib/python3.12/site-packages/airflow/example_dags/example_complex.py took 0.300 seconds
[2024-05-21T19:49:42.683+0000] {processor.py:161} INFO - Started process (PID=2463) to work on /home/airflow/.local/lib/python3.12/site-packages/airflow/example_dags/example_complex.py
[2024-05-21T19:49:42.686+0000] {processor.py:830} INFO - Processing file /home/airflow/.local/lib/python3.12/site-packages/airflow/example_dags/example_complex.py for tasks to queue
[2024-05-21T19:49:42.694+0000] {logging_mixin.py:188} INFO - [2024-05-21T19:49:42.692+0000] {dagbag.py:545} INFO - Filling up the DagBag from /home/airflow/.local/lib/python3.12/site-packages/airflow/example_dags/example_complex.py
[2024-05-21T19:49:42.729+0000] {processor.py:840} INFO - DAG(s) 'example_complex' retrieved from /home/airflow/.local/lib/python3.12/site-packages/airflow/example_dags/example_complex.py
[2024-05-21T19:49:42.810+0000] {logging_mixin.py:188} INFO - [2024-05-21T19:49:42.810+0000] {dag.py:3096} INFO - Sync 1 DAGs
[2024-05-21T19:49:42.840+0000] {logging_mixin.py:188} INFO - [2024-05-21T19:49:42.839+0000] {dag.py:3954} INFO - Setting next_dagrun for example_complex to None, run_after=None
[2024-05-21T19:49:42.896+0000] {processor.py:183} INFO - Processing /home/airflow/.local/lib/python3.12/site-packages/airflow/example_dags/example_complex.py took 0.227 seconds
[2024-05-21T19:50:13.122+0000] {processor.py:161} INFO - Started process (PID=2523) to work on /home/airflow/.local/lib/python3.12/site-packages/airflow/example_dags/example_complex.py
[2024-05-21T19:50:13.126+0000] {processor.py:830} INFO - Processing file /home/airflow/.local/lib/python3.12/site-packages/airflow/example_dags/example_complex.py for tasks to queue
[2024-05-21T19:50:13.133+0000] {logging_mixin.py:188} INFO - [2024-05-21T19:50:13.132+0000] {dagbag.py:545} INFO - Filling up the DagBag from /home/airflow/.local/lib/python3.12/site-packages/airflow/example_dags/example_complex.py
[2024-05-21T19:50:13.182+0000] {processor.py:840} INFO - DAG(s) 'example_complex' retrieved from /home/airflow/.local/lib/python3.12/site-packages/airflow/example_dags/example_complex.py
[2024-05-21T19:50:13.354+0000] {logging_mixin.py:188} INFO - [2024-05-21T19:50:13.353+0000] {dag.py:3096} INFO - Sync 1 DAGs
[2024-05-21T19:50:13.425+0000] {logging_mixin.py:188} INFO - [2024-05-21T19:50:13.424+0000] {dag.py:3954} INFO - Setting next_dagrun for example_complex to None, run_after=None
[2024-05-21T19:50:13.514+0000] {processor.py:183} INFO - Processing /home/airflow/.local/lib/python3.12/site-packages/airflow/example_dags/example_complex.py took 0.416 seconds
[2024-05-21T19:50:43.940+0000] {processor.py:161} INFO - Started process (PID=2583) to work on /home/airflow/.local/lib/python3.12/site-packages/airflow/example_dags/example_complex.py
[2024-05-21T19:50:43.944+0000] {processor.py:830} INFO - Processing file /home/airflow/.local/lib/python3.12/site-packages/airflow/example_dags/example_complex.py for tasks to queue
[2024-05-21T19:50:43.955+0000] {logging_mixin.py:188} INFO - [2024-05-21T19:50:43.954+0000] {dagbag.py:545} INFO - Filling up the DagBag from /home/airflow/.local/lib/python3.12/site-packages/airflow/example_dags/example_complex.py
[2024-05-21T19:50:43.998+0000] {processor.py:840} INFO - DAG(s) 'example_complex' retrieved from /home/airflow/.local/lib/python3.12/site-packages/airflow/example_dags/example_complex.py
[2024-05-21T19:50:44.160+0000] {logging_mixin.py:188} INFO - [2024-05-21T19:50:44.159+0000] {dag.py:3096} INFO - Sync 1 DAGs
[2024-05-21T19:50:44.199+0000] {logging_mixin.py:188} INFO - [2024-05-21T19:50:44.198+0000] {dag.py:3954} INFO - Setting next_dagrun for example_complex to None, run_after=None
[2024-05-21T19:50:44.325+0000] {processor.py:183} INFO - Processing /home/airflow/.local/lib/python3.12/site-packages/airflow/example_dags/example_complex.py took 0.427 seconds
[2024-05-21T19:51:14.695+0000] {processor.py:161} INFO - Started process (PID=2643) to work on /home/airflow/.local/lib/python3.12/site-packages/airflow/example_dags/example_complex.py
[2024-05-21T19:51:14.697+0000] {processor.py:830} INFO - Processing file /home/airflow/.local/lib/python3.12/site-packages/airflow/example_dags/example_complex.py for tasks to queue
[2024-05-21T19:51:14.701+0000] {logging_mixin.py:188} INFO - [2024-05-21T19:51:14.701+0000] {dagbag.py:545} INFO - Filling up the DagBag from /home/airflow/.local/lib/python3.12/site-packages/airflow/example_dags/example_complex.py
[2024-05-21T19:51:14.751+0000] {processor.py:840} INFO - DAG(s) 'example_complex' retrieved from /home/airflow/.local/lib/python3.12/site-packages/airflow/example_dags/example_complex.py
[2024-05-21T19:51:14.884+0000] {logging_mixin.py:188} INFO - [2024-05-21T19:51:14.883+0000] {dag.py:3096} INFO - Sync 1 DAGs
[2024-05-21T19:51:14.920+0000] {logging_mixin.py:188} INFO - [2024-05-21T19:51:14.919+0000] {dag.py:3954} INFO - Setting next_dagrun for example_complex to None, run_after=None
[2024-05-21T19:51:15.035+0000] {processor.py:183} INFO - Processing /home/airflow/.local/lib/python3.12/site-packages/airflow/example_dags/example_complex.py took 0.353 seconds
[2024-05-21T19:54:50.082+0000] {processor.py:161} INFO - Started process (PID=67) to work on /home/airflow/.local/lib/python3.12/site-packages/airflow/example_dags/example_complex.py
[2024-05-21T19:54:50.086+0000] {processor.py:830} INFO - Processing file /home/airflow/.local/lib/python3.12/site-packages/airflow/example_dags/example_complex.py for tasks to queue
[2024-05-21T19:54:50.098+0000] {logging_mixin.py:188} INFO - [2024-05-21T19:54:50.097+0000] {dagbag.py:545} INFO - Filling up the DagBag from /home/airflow/.local/lib/python3.12/site-packages/airflow/example_dags/example_complex.py
[2024-05-21T19:54:50.125+0000] {processor.py:840} INFO - DAG(s) 'example_complex' retrieved from /home/airflow/.local/lib/python3.12/site-packages/airflow/example_dags/example_complex.py
[2024-05-21T19:54:50.405+0000] {logging_mixin.py:188} INFO - [2024-05-21T19:54:50.405+0000] {dag.py:3096} INFO - Sync 1 DAGs
[2024-05-21T19:54:50.455+0000] {logging_mixin.py:188} INFO - [2024-05-21T19:54:50.454+0000] {dag.py:3954} INFO - Setting next_dagrun for example_complex to None, run_after=None
[2024-05-21T19:54:50.519+0000] {processor.py:183} INFO - Processing /home/airflow/.local/lib/python3.12/site-packages/airflow/example_dags/example_complex.py took 0.449 seconds
[2024-05-21T19:55:21.776+0000] {processor.py:161} INFO - Started process (PID=127) to work on /home/airflow/.local/lib/python3.12/site-packages/airflow/example_dags/example_complex.py
[2024-05-21T19:55:21.779+0000] {processor.py:830} INFO - Processing file /home/airflow/.local/lib/python3.12/site-packages/airflow/example_dags/example_complex.py for tasks to queue
[2024-05-21T19:55:21.786+0000] {logging_mixin.py:188} INFO - [2024-05-21T19:55:21.784+0000] {dagbag.py:545} INFO - Filling up the DagBag from /home/airflow/.local/lib/python3.12/site-packages/airflow/example_dags/example_complex.py
[2024-05-21T19:55:21.833+0000] {processor.py:840} INFO - DAG(s) 'example_complex' retrieved from /home/airflow/.local/lib/python3.12/site-packages/airflow/example_dags/example_complex.py
[2024-05-21T19:55:21.972+0000] {logging_mixin.py:188} INFO - [2024-05-21T19:55:21.971+0000] {dag.py:3096} INFO - Sync 1 DAGs
[2024-05-21T19:55:22.025+0000] {logging_mixin.py:188} INFO - [2024-05-21T19:55:22.025+0000] {dag.py:3954} INFO - Setting next_dagrun for example_complex to None, run_after=None
[2024-05-21T19:55:22.146+0000] {processor.py:183} INFO - Processing /home/airflow/.local/lib/python3.12/site-packages/airflow/example_dags/example_complex.py took 0.386 seconds
[2024-05-21T19:55:52.487+0000] {processor.py:161} INFO - Started process (PID=186) to work on /home/airflow/.local/lib/python3.12/site-packages/airflow/example_dags/example_complex.py
[2024-05-21T19:55:52.490+0000] {processor.py:830} INFO - Processing file /home/airflow/.local/lib/python3.12/site-packages/airflow/example_dags/example_complex.py for tasks to queue
[2024-05-21T19:55:52.504+0000] {logging_mixin.py:188} INFO - [2024-05-21T19:55:52.499+0000] {dagbag.py:545} INFO - Filling up the DagBag from /home/airflow/.local/lib/python3.12/site-packages/airflow/example_dags/example_complex.py
[2024-05-21T19:55:52.545+0000] {processor.py:840} INFO - DAG(s) 'example_complex' retrieved from /home/airflow/.local/lib/python3.12/site-packages/airflow/example_dags/example_complex.py
[2024-05-21T19:55:52.641+0000] {logging_mixin.py:188} INFO - [2024-05-21T19:55:52.641+0000] {dag.py:3096} INFO - Sync 1 DAGs
[2024-05-21T19:55:52.684+0000] {logging_mixin.py:188} INFO - [2024-05-21T19:55:52.683+0000] {dag.py:3954} INFO - Setting next_dagrun for example_complex to None, run_after=None
[2024-05-21T19:55:52.772+0000] {processor.py:183} INFO - Processing /home/airflow/.local/lib/python3.12/site-packages/airflow/example_dags/example_complex.py took 0.303 seconds
[2024-05-21T19:56:22.937+0000] {processor.py:161} INFO - Started process (PID=246) to work on /home/airflow/.local/lib/python3.12/site-packages/airflow/example_dags/example_complex.py
[2024-05-21T19:56:22.942+0000] {processor.py:830} INFO - Processing file /home/airflow/.local/lib/python3.12/site-packages/airflow/example_dags/example_complex.py for tasks to queue
[2024-05-21T19:56:22.952+0000] {logging_mixin.py:188} INFO - [2024-05-21T19:56:22.951+0000] {dagbag.py:545} INFO - Filling up the DagBag from /home/airflow/.local/lib/python3.12/site-packages/airflow/example_dags/example_complex.py
[2024-05-21T19:56:22.998+0000] {processor.py:840} INFO - DAG(s) 'example_complex' retrieved from /home/airflow/.local/lib/python3.12/site-packages/airflow/example_dags/example_complex.py
[2024-05-21T19:56:23.165+0000] {logging_mixin.py:188} INFO - [2024-05-21T19:56:23.165+0000] {dag.py:3096} INFO - Sync 1 DAGs
[2024-05-21T19:56:23.211+0000] {logging_mixin.py:188} INFO - [2024-05-21T19:56:23.210+0000] {dag.py:3954} INFO - Setting next_dagrun for example_complex to None, run_after=None
[2024-05-21T19:56:23.316+0000] {processor.py:183} INFO - Processing /home/airflow/.local/lib/python3.12/site-packages/airflow/example_dags/example_complex.py took 0.419 seconds
[2024-05-21T19:56:53.688+0000] {processor.py:161} INFO - Started process (PID=306) to work on /home/airflow/.local/lib/python3.12/site-packages/airflow/example_dags/example_complex.py
[2024-05-21T19:56:53.692+0000] {processor.py:830} INFO - Processing file /home/airflow/.local/lib/python3.12/site-packages/airflow/example_dags/example_complex.py for tasks to queue
[2024-05-21T19:56:53.701+0000] {logging_mixin.py:188} INFO - [2024-05-21T19:56:53.698+0000] {dagbag.py:545} INFO - Filling up the DagBag from /home/airflow/.local/lib/python3.12/site-packages/airflow/example_dags/example_complex.py
[2024-05-21T19:56:53.742+0000] {processor.py:840} INFO - DAG(s) 'example_complex' retrieved from /home/airflow/.local/lib/python3.12/site-packages/airflow/example_dags/example_complex.py
[2024-05-21T19:56:53.845+0000] {logging_mixin.py:188} INFO - [2024-05-21T19:56:53.844+0000] {dag.py:3096} INFO - Sync 1 DAGs
[2024-05-21T19:56:53.892+0000] {logging_mixin.py:188} INFO - [2024-05-21T19:56:53.891+0000] {dag.py:3954} INFO - Setting next_dagrun for example_complex to None, run_after=None
[2024-05-21T19:56:53.973+0000] {processor.py:183} INFO - Processing /home/airflow/.local/lib/python3.12/site-packages/airflow/example_dags/example_complex.py took 0.310 seconds
[2024-05-21T19:57:24.784+0000] {processor.py:161} INFO - Started process (PID=366) to work on /home/airflow/.local/lib/python3.12/site-packages/airflow/example_dags/example_complex.py
[2024-05-21T19:57:24.786+0000] {processor.py:830} INFO - Processing file /home/airflow/.local/lib/python3.12/site-packages/airflow/example_dags/example_complex.py for tasks to queue
[2024-05-21T19:57:24.792+0000] {logging_mixin.py:188} INFO - [2024-05-21T19:57:24.792+0000] {dagbag.py:545} INFO - Filling up the DagBag from /home/airflow/.local/lib/python3.12/site-packages/airflow/example_dags/example_complex.py
[2024-05-21T19:57:24.817+0000] {processor.py:840} INFO - DAG(s) 'example_complex' retrieved from /home/airflow/.local/lib/python3.12/site-packages/airflow/example_dags/example_complex.py
[2024-05-21T19:57:24.903+0000] {logging_mixin.py:188} INFO - [2024-05-21T19:57:24.902+0000] {dag.py:3096} INFO - Sync 1 DAGs
[2024-05-21T19:57:24.942+0000] {logging_mixin.py:188} INFO - [2024-05-21T19:57:24.942+0000] {dag.py:3954} INFO - Setting next_dagrun for example_complex to None, run_after=None
[2024-05-21T19:57:24.991+0000] {processor.py:183} INFO - Processing /home/airflow/.local/lib/python3.12/site-packages/airflow/example_dags/example_complex.py took 0.223 seconds
[2024-05-21T19:57:55.924+0000] {processor.py:161} INFO - Started process (PID=426) to work on /home/airflow/.local/lib/python3.12/site-packages/airflow/example_dags/example_complex.py
[2024-05-21T19:57:55.927+0000] {processor.py:830} INFO - Processing file /home/airflow/.local/lib/python3.12/site-packages/airflow/example_dags/example_complex.py for tasks to queue
[2024-05-21T19:57:55.932+0000] {logging_mixin.py:188} INFO - [2024-05-21T19:57:55.931+0000] {dagbag.py:545} INFO - Filling up the DagBag from /home/airflow/.local/lib/python3.12/site-packages/airflow/example_dags/example_complex.py
[2024-05-21T19:57:55.962+0000] {processor.py:840} INFO - DAG(s) 'example_complex' retrieved from /home/airflow/.local/lib/python3.12/site-packages/airflow/example_dags/example_complex.py
[2024-05-21T19:57:56.069+0000] {logging_mixin.py:188} INFO - [2024-05-21T19:57:56.068+0000] {dag.py:3096} INFO - Sync 1 DAGs
[2024-05-21T19:57:56.115+0000] {logging_mixin.py:188} INFO - [2024-05-21T19:57:56.114+0000] {dag.py:3954} INFO - Setting next_dagrun for example_complex to None, run_after=None
[2024-05-21T19:57:56.228+0000] {processor.py:183} INFO - Processing /home/airflow/.local/lib/python3.12/site-packages/airflow/example_dags/example_complex.py took 0.320 seconds
[2024-05-21T19:58:26.934+0000] {processor.py:161} INFO - Started process (PID=486) to work on /home/airflow/.local/lib/python3.12/site-packages/airflow/example_dags/example_complex.py
[2024-05-21T19:58:26.938+0000] {processor.py:830} INFO - Processing file /home/airflow/.local/lib/python3.12/site-packages/airflow/example_dags/example_complex.py for tasks to queue
[2024-05-21T19:58:26.950+0000] {logging_mixin.py:188} INFO - [2024-05-21T19:58:26.949+0000] {dagbag.py:545} INFO - Filling up the DagBag from /home/airflow/.local/lib/python3.12/site-packages/airflow/example_dags/example_complex.py
[2024-05-21T19:58:26.992+0000] {processor.py:840} INFO - DAG(s) 'example_complex' retrieved from /home/airflow/.local/lib/python3.12/site-packages/airflow/example_dags/example_complex.py
[2024-05-21T19:58:27.112+0000] {logging_mixin.py:188} INFO - [2024-05-21T19:58:27.111+0000] {dag.py:3096} INFO - Sync 1 DAGs
[2024-05-21T19:58:27.170+0000] {logging_mixin.py:188} INFO - [2024-05-21T19:58:27.169+0000] {dag.py:3954} INFO - Setting next_dagrun for example_complex to None, run_after=None
[2024-05-21T19:58:27.227+0000] {processor.py:183} INFO - Processing /home/airflow/.local/lib/python3.12/site-packages/airflow/example_dags/example_complex.py took 0.305 seconds
[2024-05-21T19:58:57.766+0000] {processor.py:161} INFO - Started process (PID=546) to work on /home/airflow/.local/lib/python3.12/site-packages/airflow/example_dags/example_complex.py
[2024-05-21T19:58:57.769+0000] {processor.py:830} INFO - Processing file /home/airflow/.local/lib/python3.12/site-packages/airflow/example_dags/example_complex.py for tasks to queue
[2024-05-21T19:58:57.777+0000] {logging_mixin.py:188} INFO - [2024-05-21T19:58:57.776+0000] {dagbag.py:545} INFO - Filling up the DagBag from /home/airflow/.local/lib/python3.12/site-packages/airflow/example_dags/example_complex.py
[2024-05-21T19:58:57.799+0000] {processor.py:840} INFO - DAG(s) 'example_complex' retrieved from /home/airflow/.local/lib/python3.12/site-packages/airflow/example_dags/example_complex.py
[2024-05-21T19:58:57.939+0000] {logging_mixin.py:188} INFO - [2024-05-21T19:58:57.938+0000] {dag.py:3096} INFO - Sync 1 DAGs
[2024-05-21T19:58:57.977+0000] {logging_mixin.py:188} INFO - [2024-05-21T19:58:57.976+0000] {dag.py:3954} INFO - Setting next_dagrun for example_complex to None, run_after=None
[2024-05-21T19:58:58.044+0000] {processor.py:183} INFO - Processing /home/airflow/.local/lib/python3.12/site-packages/airflow/example_dags/example_complex.py took 0.293 seconds
[2024-05-21T19:59:29.275+0000] {processor.py:161} INFO - Started process (PID=606) to work on /home/airflow/.local/lib/python3.12/site-packages/airflow/example_dags/example_complex.py
[2024-05-21T19:59:29.277+0000] {processor.py:830} INFO - Processing file /home/airflow/.local/lib/python3.12/site-packages/airflow/example_dags/example_complex.py for tasks to queue
[2024-05-21T19:59:29.283+0000] {logging_mixin.py:188} INFO - [2024-05-21T19:59:29.282+0000] {dagbag.py:545} INFO - Filling up the DagBag from /home/airflow/.local/lib/python3.12/site-packages/airflow/example_dags/example_complex.py
[2024-05-21T19:59:29.308+0000] {processor.py:840} INFO - DAG(s) 'example_complex' retrieved from /home/airflow/.local/lib/python3.12/site-packages/airflow/example_dags/example_complex.py
[2024-05-21T19:59:29.399+0000] {logging_mixin.py:188} INFO - [2024-05-21T19:59:29.398+0000] {dag.py:3096} INFO - Sync 1 DAGs
[2024-05-21T19:59:29.438+0000] {logging_mixin.py:188} INFO - [2024-05-21T19:59:29.437+0000] {dag.py:3954} INFO - Setting next_dagrun for example_complex to None, run_after=None
[2024-05-21T19:59:29.497+0000] {processor.py:183} INFO - Processing /home/airflow/.local/lib/python3.12/site-packages/airflow/example_dags/example_complex.py took 0.239 seconds
[2024-05-21T20:00:01.014+0000] {processor.py:161} INFO - Started process (PID=666) to work on /home/airflow/.local/lib/python3.12/site-packages/airflow/example_dags/example_complex.py
[2024-05-21T20:00:01.026+0000] {processor.py:830} INFO - Processing file /home/airflow/.local/lib/python3.12/site-packages/airflow/example_dags/example_complex.py for tasks to queue
[2024-05-21T20:00:01.043+0000] {logging_mixin.py:188} INFO - [2024-05-21T20:00:01.041+0000] {dagbag.py:545} INFO - Filling up the DagBag from /home/airflow/.local/lib/python3.12/site-packages/airflow/example_dags/example_complex.py
[2024-05-21T20:00:01.073+0000] {processor.py:840} INFO - DAG(s) 'example_complex' retrieved from /home/airflow/.local/lib/python3.12/site-packages/airflow/example_dags/example_complex.py
[2024-05-21T20:00:01.181+0000] {logging_mixin.py:188} INFO - [2024-05-21T20:00:01.180+0000] {dag.py:3096} INFO - Sync 1 DAGs
[2024-05-21T20:00:01.226+0000] {logging_mixin.py:188} INFO - [2024-05-21T20:00:01.224+0000] {dag.py:3954} INFO - Setting next_dagrun for example_complex to None, run_after=None
[2024-05-21T20:00:01.311+0000] {processor.py:183} INFO - Processing /home/airflow/.local/lib/python3.12/site-packages/airflow/example_dags/example_complex.py took 0.330 seconds
[2024-05-21T20:00:32.714+0000] {processor.py:161} INFO - Started process (PID=726) to work on /home/airflow/.local/lib/python3.12/site-packages/airflow/example_dags/example_complex.py
[2024-05-21T20:00:32.717+0000] {processor.py:830} INFO - Processing file /home/airflow/.local/lib/python3.12/site-packages/airflow/example_dags/example_complex.py for tasks to queue
[2024-05-21T20:00:32.722+0000] {logging_mixin.py:188} INFO - [2024-05-21T20:00:32.721+0000] {dagbag.py:545} INFO - Filling up the DagBag from /home/airflow/.local/lib/python3.12/site-packages/airflow/example_dags/example_complex.py
[2024-05-21T20:00:32.753+0000] {processor.py:840} INFO - DAG(s) 'example_complex' retrieved from /home/airflow/.local/lib/python3.12/site-packages/airflow/example_dags/example_complex.py
[2024-05-21T20:00:32.851+0000] {logging_mixin.py:188} INFO - [2024-05-21T20:00:32.850+0000] {dag.py:3096} INFO - Sync 1 DAGs
[2024-05-21T20:00:32.883+0000] {logging_mixin.py:188} INFO - [2024-05-21T20:00:32.882+0000] {dag.py:3954} INFO - Setting next_dagrun for example_complex to None, run_after=None
[2024-05-21T20:00:32.949+0000] {processor.py:183} INFO - Processing /home/airflow/.local/lib/python3.12/site-packages/airflow/example_dags/example_complex.py took 0.251 seconds
[2024-05-21T20:01:04.826+0000] {processor.py:161} INFO - Started process (PID=786) to work on /home/airflow/.local/lib/python3.12/site-packages/airflow/example_dags/example_complex.py
[2024-05-21T20:01:04.828+0000] {processor.py:830} INFO - Processing file /home/airflow/.local/lib/python3.12/site-packages/airflow/example_dags/example_complex.py for tasks to queue
[2024-05-21T20:01:04.835+0000] {logging_mixin.py:188} INFO - [2024-05-21T20:01:04.834+0000] {dagbag.py:545} INFO - Filling up the DagBag from /home/airflow/.local/lib/python3.12/site-packages/airflow/example_dags/example_complex.py
[2024-05-21T20:01:04.869+0000] {processor.py:840} INFO - DAG(s) 'example_complex' retrieved from /home/airflow/.local/lib/python3.12/site-packages/airflow/example_dags/example_complex.py
[2024-05-21T20:01:04.987+0000] {logging_mixin.py:188} INFO - [2024-05-21T20:01:04.986+0000] {dag.py:3096} INFO - Sync 1 DAGs
[2024-05-21T20:01:05.069+0000] {logging_mixin.py:188} INFO - [2024-05-21T20:01:05.068+0000] {dag.py:3954} INFO - Setting next_dagrun for example_complex to None, run_after=None
[2024-05-21T20:01:05.137+0000] {processor.py:183} INFO - Processing /home/airflow/.local/lib/python3.12/site-packages/airflow/example_dags/example_complex.py took 0.329 seconds
[2024-05-21T20:01:35.679+0000] {processor.py:161} INFO - Started process (PID=852) to work on /home/airflow/.local/lib/python3.12/site-packages/airflow/example_dags/example_complex.py
[2024-05-21T20:01:35.682+0000] {processor.py:830} INFO - Processing file /home/airflow/.local/lib/python3.12/site-packages/airflow/example_dags/example_complex.py for tasks to queue
[2024-05-21T20:01:35.688+0000] {logging_mixin.py:188} INFO - [2024-05-21T20:01:35.686+0000] {dagbag.py:545} INFO - Filling up the DagBag from /home/airflow/.local/lib/python3.12/site-packages/airflow/example_dags/example_complex.py
[2024-05-21T20:01:35.728+0000] {processor.py:840} INFO - DAG(s) 'example_complex' retrieved from /home/airflow/.local/lib/python3.12/site-packages/airflow/example_dags/example_complex.py
[2024-05-21T20:01:35.812+0000] {logging_mixin.py:188} INFO - [2024-05-21T20:01:35.811+0000] {dag.py:3096} INFO - Sync 1 DAGs
[2024-05-21T20:01:35.862+0000] {logging_mixin.py:188} INFO - [2024-05-21T20:01:35.862+0000] {dag.py:3954} INFO - Setting next_dagrun for example_complex to None, run_after=None
[2024-05-21T20:01:35.935+0000] {processor.py:183} INFO - Processing /home/airflow/.local/lib/python3.12/site-packages/airflow/example_dags/example_complex.py took 0.274 seconds
[2024-05-21T20:02:06.731+0000] {processor.py:161} INFO - Started process (PID=912) to work on /home/airflow/.local/lib/python3.12/site-packages/airflow/example_dags/example_complex.py
[2024-05-21T20:02:06.734+0000] {processor.py:830} INFO - Processing file /home/airflow/.local/lib/python3.12/site-packages/airflow/example_dags/example_complex.py for tasks to queue
[2024-05-21T20:02:06.740+0000] {logging_mixin.py:188} INFO - [2024-05-21T20:02:06.739+0000] {dagbag.py:545} INFO - Filling up the DagBag from /home/airflow/.local/lib/python3.12/site-packages/airflow/example_dags/example_complex.py
[2024-05-21T20:02:06.771+0000] {processor.py:840} INFO - DAG(s) 'example_complex' retrieved from /home/airflow/.local/lib/python3.12/site-packages/airflow/example_dags/example_complex.py
[2024-05-21T20:02:06.904+0000] {logging_mixin.py:188} INFO - [2024-05-21T20:02:06.903+0000] {dag.py:3096} INFO - Sync 1 DAGs
[2024-05-21T20:02:06.944+0000] {logging_mixin.py:188} INFO - [2024-05-21T20:02:06.943+0000] {dag.py:3954} INFO - Setting next_dagrun for example_complex to None, run_after=None
[2024-05-21T20:02:07.037+0000] {processor.py:183} INFO - Processing /home/airflow/.local/lib/python3.12/site-packages/airflow/example_dags/example_complex.py took 0.323 seconds
[2024-05-21T20:02:38.047+0000] {processor.py:161} INFO - Started process (PID=972) to work on /home/airflow/.local/lib/python3.12/site-packages/airflow/example_dags/example_complex.py
[2024-05-21T20:02:38.050+0000] {processor.py:830} INFO - Processing file /home/airflow/.local/lib/python3.12/site-packages/airflow/example_dags/example_complex.py for tasks to queue
[2024-05-21T20:02:38.054+0000] {logging_mixin.py:188} INFO - [2024-05-21T20:02:38.053+0000] {dagbag.py:545} INFO - Filling up the DagBag from /home/airflow/.local/lib/python3.12/site-packages/airflow/example_dags/example_complex.py
[2024-05-21T20:02:38.124+0000] {processor.py:840} INFO - DAG(s) 'example_complex' retrieved from /home/airflow/.local/lib/python3.12/site-packages/airflow/example_dags/example_complex.py
[2024-05-21T20:02:38.192+0000] {logging_mixin.py:188} INFO - [2024-05-21T20:02:38.192+0000] {dag.py:3096} INFO - Sync 1 DAGs
[2024-05-21T20:02:38.219+0000] {logging_mixin.py:188} INFO - [2024-05-21T20:02:38.219+0000] {dag.py:3954} INFO - Setting next_dagrun for example_complex to None, run_after=None
[2024-05-21T20:02:38.281+0000] {processor.py:183} INFO - Processing /home/airflow/.local/lib/python3.12/site-packages/airflow/example_dags/example_complex.py took 0.249 seconds
