[2024-05-21T19:29:01.695+0000] {processor.py:161} INFO - Started process (PID=49) to work on /home/airflow/.local/lib/python3.12/site-packages/airflow/example_dags/example_setup_teardown.py
[2024-05-21T19:29:01.697+0000] {processor.py:830} INFO - Processing file /home/airflow/.local/lib/python3.12/site-packages/airflow/example_dags/example_setup_teardown.py for tasks to queue
[2024-05-21T19:29:01.703+0000] {logging_mixin.py:188} INFO - [2024-05-21T19:29:01.702+0000] {dagbag.py:545} INFO - Filling up the DagBag from /home/airflow/.local/lib/python3.12/site-packages/airflow/example_dags/example_setup_teardown.py
[2024-05-21T19:29:01.732+0000] {processor.py:840} INFO - DAG(s) 'example_setup_teardown' retrieved from /home/airflow/.local/lib/python3.12/site-packages/airflow/example_dags/example_setup_teardown.py
[2024-05-21T19:29:02.024+0000] {logging_mixin.py:188} INFO - [2024-05-21T19:29:02.024+0000] {dag.py:3096} INFO - Sync 1 DAGs
[2024-05-21T19:29:02.112+0000] {logging_mixin.py:188} INFO - [2024-05-21T19:29:02.112+0000] {dag.py:3954} INFO - Setting next_dagrun for example_setup_teardown to 2024-05-20 00:00:00+00:00, run_after=2024-05-21 00:00:00+00:00
[2024-05-21T19:29:02.183+0000] {processor.py:183} INFO - Processing /home/airflow/.local/lib/python3.12/site-packages/airflow/example_dags/example_setup_teardown.py took 0.540 seconds
[2024-05-21T19:29:32.305+0000] {processor.py:161} INFO - Started process (PID=109) to work on /home/airflow/.local/lib/python3.12/site-packages/airflow/example_dags/example_setup_teardown.py
[2024-05-21T19:29:32.307+0000] {processor.py:830} INFO - Processing file /home/airflow/.local/lib/python3.12/site-packages/airflow/example_dags/example_setup_teardown.py for tasks to queue
[2024-05-21T19:29:32.312+0000] {logging_mixin.py:188} INFO - [2024-05-21T19:29:32.311+0000] {dagbag.py:545} INFO - Filling up the DagBag from /home/airflow/.local/lib/python3.12/site-packages/airflow/example_dags/example_setup_teardown.py
[2024-05-21T19:29:32.331+0000] {processor.py:840} INFO - DAG(s) 'example_setup_teardown' retrieved from /home/airflow/.local/lib/python3.12/site-packages/airflow/example_dags/example_setup_teardown.py
[2024-05-21T19:29:32.411+0000] {logging_mixin.py:188} INFO - [2024-05-21T19:29:32.411+0000] {dag.py:3096} INFO - Sync 1 DAGs
[2024-05-21T19:29:32.506+0000] {logging_mixin.py:188} INFO - [2024-05-21T19:29:32.506+0000] {dag.py:3954} INFO - Setting next_dagrun for example_setup_teardown to 2024-05-20 00:00:00+00:00, run_after=2024-05-21 00:00:00+00:00
[2024-05-21T19:29:32.587+0000] {processor.py:183} INFO - Processing /home/airflow/.local/lib/python3.12/site-packages/airflow/example_dags/example_setup_teardown.py took 0.297 seconds
[2024-05-21T19:30:03.672+0000] {processor.py:161} INFO - Started process (PID=169) to work on /home/airflow/.local/lib/python3.12/site-packages/airflow/example_dags/example_setup_teardown.py
[2024-05-21T19:30:03.675+0000] {processor.py:830} INFO - Processing file /home/airflow/.local/lib/python3.12/site-packages/airflow/example_dags/example_setup_teardown.py for tasks to queue
[2024-05-21T19:30:03.688+0000] {logging_mixin.py:188} INFO - [2024-05-21T19:30:03.684+0000] {dagbag.py:545} INFO - Filling up the DagBag from /home/airflow/.local/lib/python3.12/site-packages/airflow/example_dags/example_setup_teardown.py
[2024-05-21T19:30:03.712+0000] {processor.py:840} INFO - DAG(s) 'example_setup_teardown' retrieved from /home/airflow/.local/lib/python3.12/site-packages/airflow/example_dags/example_setup_teardown.py
[2024-05-21T19:30:03.789+0000] {logging_mixin.py:188} INFO - [2024-05-21T19:30:03.789+0000] {dag.py:3096} INFO - Sync 1 DAGs
[2024-05-21T19:30:03.842+0000] {logging_mixin.py:188} INFO - [2024-05-21T19:30:03.841+0000] {dag.py:3954} INFO - Setting next_dagrun for example_setup_teardown to 2024-05-20 00:00:00+00:00, run_after=2024-05-21 00:00:00+00:00
[2024-05-21T19:30:03.917+0000] {processor.py:183} INFO - Processing /home/airflow/.local/lib/python3.12/site-packages/airflow/example_dags/example_setup_teardown.py took 0.262 seconds
[2024-05-21T19:30:34.554+0000] {processor.py:161} INFO - Started process (PID=229) to work on /home/airflow/.local/lib/python3.12/site-packages/airflow/example_dags/example_setup_teardown.py
[2024-05-21T19:30:34.557+0000] {processor.py:830} INFO - Processing file /home/airflow/.local/lib/python3.12/site-packages/airflow/example_dags/example_setup_teardown.py for tasks to queue
[2024-05-21T19:30:34.562+0000] {logging_mixin.py:188} INFO - [2024-05-21T19:30:34.561+0000] {dagbag.py:545} INFO - Filling up the DagBag from /home/airflow/.local/lib/python3.12/site-packages/airflow/example_dags/example_setup_teardown.py
[2024-05-21T19:30:34.580+0000] {processor.py:840} INFO - DAG(s) 'example_setup_teardown' retrieved from /home/airflow/.local/lib/python3.12/site-packages/airflow/example_dags/example_setup_teardown.py
[2024-05-21T19:30:34.640+0000] {logging_mixin.py:188} INFO - [2024-05-21T19:30:34.640+0000] {dag.py:3096} INFO - Sync 1 DAGs
[2024-05-21T19:30:34.699+0000] {logging_mixin.py:188} INFO - [2024-05-21T19:30:34.698+0000] {dag.py:3954} INFO - Setting next_dagrun for example_setup_teardown to 2024-05-20 00:00:00+00:00, run_after=2024-05-21 00:00:00+00:00
[2024-05-21T19:30:34.764+0000] {processor.py:183} INFO - Processing /home/airflow/.local/lib/python3.12/site-packages/airflow/example_dags/example_setup_teardown.py took 0.222 seconds
[2024-05-21T19:31:05.000+0000] {processor.py:161} INFO - Started process (PID=287) to work on /home/airflow/.local/lib/python3.12/site-packages/airflow/example_dags/example_setup_teardown.py
[2024-05-21T19:31:05.003+0000] {processor.py:830} INFO - Processing file /home/airflow/.local/lib/python3.12/site-packages/airflow/example_dags/example_setup_teardown.py for tasks to queue
[2024-05-21T19:31:05.010+0000] {logging_mixin.py:188} INFO - [2024-05-21T19:31:05.009+0000] {dagbag.py:545} INFO - Filling up the DagBag from /home/airflow/.local/lib/python3.12/site-packages/airflow/example_dags/example_setup_teardown.py
[2024-05-21T19:31:05.033+0000] {processor.py:840} INFO - DAG(s) 'example_setup_teardown' retrieved from /home/airflow/.local/lib/python3.12/site-packages/airflow/example_dags/example_setup_teardown.py
[2024-05-21T19:31:05.095+0000] {logging_mixin.py:188} INFO - [2024-05-21T19:31:05.094+0000] {dag.py:3096} INFO - Sync 1 DAGs
[2024-05-21T19:31:05.178+0000] {logging_mixin.py:188} INFO - [2024-05-21T19:31:05.177+0000] {dag.py:3954} INFO - Setting next_dagrun for example_setup_teardown to 2024-05-20 00:00:00+00:00, run_after=2024-05-21 00:00:00+00:00
[2024-05-21T19:31:05.262+0000] {processor.py:183} INFO - Processing /home/airflow/.local/lib/python3.12/site-packages/airflow/example_dags/example_setup_teardown.py took 0.279 seconds
[2024-05-21T19:31:36.219+0000] {processor.py:161} INFO - Started process (PID=347) to work on /home/airflow/.local/lib/python3.12/site-packages/airflow/example_dags/example_setup_teardown.py
[2024-05-21T19:31:36.225+0000] {processor.py:830} INFO - Processing file /home/airflow/.local/lib/python3.12/site-packages/airflow/example_dags/example_setup_teardown.py for tasks to queue
[2024-05-21T19:31:36.235+0000] {logging_mixin.py:188} INFO - [2024-05-21T19:31:36.233+0000] {dagbag.py:545} INFO - Filling up the DagBag from /home/airflow/.local/lib/python3.12/site-packages/airflow/example_dags/example_setup_teardown.py
[2024-05-21T19:31:36.282+0000] {processor.py:840} INFO - DAG(s) 'example_setup_teardown' retrieved from /home/airflow/.local/lib/python3.12/site-packages/airflow/example_dags/example_setup_teardown.py
[2024-05-21T19:31:36.346+0000] {logging_mixin.py:188} INFO - [2024-05-21T19:31:36.346+0000] {dag.py:3096} INFO - Sync 1 DAGs
[2024-05-21T19:31:36.415+0000] {logging_mixin.py:188} INFO - [2024-05-21T19:31:36.414+0000] {dag.py:3954} INFO - Setting next_dagrun for example_setup_teardown to 2024-05-20 00:00:00+00:00, run_after=2024-05-21 00:00:00+00:00
[2024-05-21T19:31:36.487+0000] {processor.py:183} INFO - Processing /home/airflow/.local/lib/python3.12/site-packages/airflow/example_dags/example_setup_teardown.py took 0.307 seconds
[2024-05-21T19:32:07.416+0000] {processor.py:161} INFO - Started process (PID=407) to work on /home/airflow/.local/lib/python3.12/site-packages/airflow/example_dags/example_setup_teardown.py
[2024-05-21T19:32:07.422+0000] {processor.py:830} INFO - Processing file /home/airflow/.local/lib/python3.12/site-packages/airflow/example_dags/example_setup_teardown.py for tasks to queue
[2024-05-21T19:32:07.428+0000] {logging_mixin.py:188} INFO - [2024-05-21T19:32:07.427+0000] {dagbag.py:545} INFO - Filling up the DagBag from /home/airflow/.local/lib/python3.12/site-packages/airflow/example_dags/example_setup_teardown.py
[2024-05-21T19:32:07.452+0000] {processor.py:840} INFO - DAG(s) 'example_setup_teardown' retrieved from /home/airflow/.local/lib/python3.12/site-packages/airflow/example_dags/example_setup_teardown.py
[2024-05-21T19:32:07.528+0000] {logging_mixin.py:188} INFO - [2024-05-21T19:32:07.527+0000] {dag.py:3096} INFO - Sync 1 DAGs
[2024-05-21T19:32:07.608+0000] {logging_mixin.py:188} INFO - [2024-05-21T19:32:07.608+0000] {dag.py:3954} INFO - Setting next_dagrun for example_setup_teardown to 2024-05-20 00:00:00+00:00, run_after=2024-05-21 00:00:00+00:00
[2024-05-21T19:32:07.754+0000] {processor.py:183} INFO - Processing /home/airflow/.local/lib/python3.12/site-packages/airflow/example_dags/example_setup_teardown.py took 0.367 seconds
[2024-05-21T19:32:38.495+0000] {processor.py:161} INFO - Started process (PID=468) to work on /home/airflow/.local/lib/python3.12/site-packages/airflow/example_dags/example_setup_teardown.py
[2024-05-21T19:32:38.498+0000] {processor.py:830} INFO - Processing file /home/airflow/.local/lib/python3.12/site-packages/airflow/example_dags/example_setup_teardown.py for tasks to queue
[2024-05-21T19:32:38.503+0000] {logging_mixin.py:188} INFO - [2024-05-21T19:32:38.502+0000] {dagbag.py:545} INFO - Filling up the DagBag from /home/airflow/.local/lib/python3.12/site-packages/airflow/example_dags/example_setup_teardown.py
[2024-05-21T19:32:38.547+0000] {processor.py:840} INFO - DAG(s) 'example_setup_teardown' retrieved from /home/airflow/.local/lib/python3.12/site-packages/airflow/example_dags/example_setup_teardown.py
[2024-05-21T19:32:38.613+0000] {logging_mixin.py:188} INFO - [2024-05-21T19:32:38.612+0000] {dag.py:3096} INFO - Sync 1 DAGs
[2024-05-21T19:32:38.719+0000] {logging_mixin.py:188} INFO - [2024-05-21T19:32:38.718+0000] {dag.py:3954} INFO - Setting next_dagrun for example_setup_teardown to 2024-05-20 00:00:00+00:00, run_after=2024-05-21 00:00:00+00:00
[2024-05-21T19:32:38.776+0000] {processor.py:183} INFO - Processing /home/airflow/.local/lib/python3.12/site-packages/airflow/example_dags/example_setup_teardown.py took 0.296 seconds
[2024-05-21T19:33:09.073+0000] {processor.py:161} INFO - Started process (PID=529) to work on /home/airflow/.local/lib/python3.12/site-packages/airflow/example_dags/example_setup_teardown.py
[2024-05-21T19:33:09.075+0000] {processor.py:830} INFO - Processing file /home/airflow/.local/lib/python3.12/site-packages/airflow/example_dags/example_setup_teardown.py for tasks to queue
[2024-05-21T19:33:09.081+0000] {logging_mixin.py:188} INFO - [2024-05-21T19:33:09.080+0000] {dagbag.py:545} INFO - Filling up the DagBag from /home/airflow/.local/lib/python3.12/site-packages/airflow/example_dags/example_setup_teardown.py
[2024-05-21T19:33:09.099+0000] {processor.py:840} INFO - DAG(s) 'example_setup_teardown' retrieved from /home/airflow/.local/lib/python3.12/site-packages/airflow/example_dags/example_setup_teardown.py
[2024-05-21T19:33:09.149+0000] {logging_mixin.py:188} INFO - [2024-05-21T19:33:09.149+0000] {dag.py:3096} INFO - Sync 1 DAGs
[2024-05-21T19:33:09.194+0000] {logging_mixin.py:188} INFO - [2024-05-21T19:33:09.194+0000] {dag.py:3954} INFO - Setting next_dagrun for example_setup_teardown to 2024-05-20 00:00:00+00:00, run_after=2024-05-21 00:00:00+00:00
[2024-05-21T19:33:09.284+0000] {processor.py:183} INFO - Processing /home/airflow/.local/lib/python3.12/site-packages/airflow/example_dags/example_setup_teardown.py took 0.224 seconds
[2024-05-21T19:33:39.671+0000] {processor.py:161} INFO - Started process (PID=588) to work on /home/airflow/.local/lib/python3.12/site-packages/airflow/example_dags/example_setup_teardown.py
[2024-05-21T19:33:39.673+0000] {processor.py:830} INFO - Processing file /home/airflow/.local/lib/python3.12/site-packages/airflow/example_dags/example_setup_teardown.py for tasks to queue
[2024-05-21T19:33:39.681+0000] {logging_mixin.py:188} INFO - [2024-05-21T19:33:39.679+0000] {dagbag.py:545} INFO - Filling up the DagBag from /home/airflow/.local/lib/python3.12/site-packages/airflow/example_dags/example_setup_teardown.py
[2024-05-21T19:33:39.700+0000] {processor.py:840} INFO - DAG(s) 'example_setup_teardown' retrieved from /home/airflow/.local/lib/python3.12/site-packages/airflow/example_dags/example_setup_teardown.py
[2024-05-21T19:33:39.771+0000] {logging_mixin.py:188} INFO - [2024-05-21T19:33:39.770+0000] {dag.py:3096} INFO - Sync 1 DAGs
[2024-05-21T19:33:39.831+0000] {logging_mixin.py:188} INFO - [2024-05-21T19:33:39.831+0000] {dag.py:3954} INFO - Setting next_dagrun for example_setup_teardown to 2024-05-20 00:00:00+00:00, run_after=2024-05-21 00:00:00+00:00
[2024-05-21T19:33:39.912+0000] {processor.py:183} INFO - Processing /home/airflow/.local/lib/python3.12/site-packages/airflow/example_dags/example_setup_teardown.py took 0.256 seconds
[2024-05-21T19:34:10.687+0000] {processor.py:161} INFO - Started process (PID=648) to work on /home/airflow/.local/lib/python3.12/site-packages/airflow/example_dags/example_setup_teardown.py
[2024-05-21T19:34:10.690+0000] {processor.py:830} INFO - Processing file /home/airflow/.local/lib/python3.12/site-packages/airflow/example_dags/example_setup_teardown.py for tasks to queue
[2024-05-21T19:34:10.699+0000] {logging_mixin.py:188} INFO - [2024-05-21T19:34:10.697+0000] {dagbag.py:545} INFO - Filling up the DagBag from /home/airflow/.local/lib/python3.12/site-packages/airflow/example_dags/example_setup_teardown.py
[2024-05-21T19:34:10.712+0000] {processor.py:840} INFO - DAG(s) 'example_setup_teardown' retrieved from /home/airflow/.local/lib/python3.12/site-packages/airflow/example_dags/example_setup_teardown.py
[2024-05-21T19:34:10.762+0000] {logging_mixin.py:188} INFO - [2024-05-21T19:34:10.761+0000] {dag.py:3096} INFO - Sync 1 DAGs
[2024-05-21T19:34:10.841+0000] {logging_mixin.py:188} INFO - [2024-05-21T19:34:10.840+0000] {dag.py:3954} INFO - Setting next_dagrun for example_setup_teardown to 2024-05-20 00:00:00+00:00, run_after=2024-05-21 00:00:00+00:00
[2024-05-21T19:34:10.937+0000] {processor.py:183} INFO - Processing /home/airflow/.local/lib/python3.12/site-packages/airflow/example_dags/example_setup_teardown.py took 0.264 seconds
[2024-05-21T19:34:41.280+0000] {processor.py:161} INFO - Started process (PID=708) to work on /home/airflow/.local/lib/python3.12/site-packages/airflow/example_dags/example_setup_teardown.py
[2024-05-21T19:34:41.282+0000] {processor.py:830} INFO - Processing file /home/airflow/.local/lib/python3.12/site-packages/airflow/example_dags/example_setup_teardown.py for tasks to queue
[2024-05-21T19:34:41.288+0000] {logging_mixin.py:188} INFO - [2024-05-21T19:34:41.287+0000] {dagbag.py:545} INFO - Filling up the DagBag from /home/airflow/.local/lib/python3.12/site-packages/airflow/example_dags/example_setup_teardown.py
[2024-05-21T19:34:41.309+0000] {processor.py:840} INFO - DAG(s) 'example_setup_teardown' retrieved from /home/airflow/.local/lib/python3.12/site-packages/airflow/example_dags/example_setup_teardown.py
[2024-05-21T19:34:41.419+0000] {logging_mixin.py:188} INFO - [2024-05-21T19:34:41.419+0000] {dag.py:3096} INFO - Sync 1 DAGs
[2024-05-21T19:34:41.546+0000] {logging_mixin.py:188} INFO - [2024-05-21T19:34:41.545+0000] {dag.py:3954} INFO - Setting next_dagrun for example_setup_teardown to 2024-05-20 00:00:00+00:00, run_after=2024-05-21 00:00:00+00:00
[2024-05-21T19:34:41.655+0000] {processor.py:183} INFO - Processing /home/airflow/.local/lib/python3.12/site-packages/airflow/example_dags/example_setup_teardown.py took 0.393 seconds
[2024-05-21T19:35:12.130+0000] {processor.py:161} INFO - Started process (PID=768) to work on /home/airflow/.local/lib/python3.12/site-packages/airflow/example_dags/example_setup_teardown.py
[2024-05-21T19:35:12.133+0000] {processor.py:830} INFO - Processing file /home/airflow/.local/lib/python3.12/site-packages/airflow/example_dags/example_setup_teardown.py for tasks to queue
[2024-05-21T19:35:12.138+0000] {logging_mixin.py:188} INFO - [2024-05-21T19:35:12.137+0000] {dagbag.py:545} INFO - Filling up the DagBag from /home/airflow/.local/lib/python3.12/site-packages/airflow/example_dags/example_setup_teardown.py
[2024-05-21T19:35:12.157+0000] {processor.py:840} INFO - DAG(s) 'example_setup_teardown' retrieved from /home/airflow/.local/lib/python3.12/site-packages/airflow/example_dags/example_setup_teardown.py
[2024-05-21T19:35:12.217+0000] {logging_mixin.py:188} INFO - [2024-05-21T19:35:12.216+0000] {dag.py:3096} INFO - Sync 1 DAGs
[2024-05-21T19:35:12.307+0000] {logging_mixin.py:188} INFO - [2024-05-21T19:35:12.305+0000] {dag.py:3954} INFO - Setting next_dagrun for example_setup_teardown to 2024-05-20 00:00:00+00:00, run_after=2024-05-21 00:00:00+00:00
[2024-05-21T19:35:12.399+0000] {processor.py:183} INFO - Processing /home/airflow/.local/lib/python3.12/site-packages/airflow/example_dags/example_setup_teardown.py took 0.284 seconds
[2024-05-21T19:35:43.202+0000] {processor.py:161} INFO - Started process (PID=828) to work on /home/airflow/.local/lib/python3.12/site-packages/airflow/example_dags/example_setup_teardown.py
[2024-05-21T19:35:43.204+0000] {processor.py:830} INFO - Processing file /home/airflow/.local/lib/python3.12/site-packages/airflow/example_dags/example_setup_teardown.py for tasks to queue
[2024-05-21T19:35:43.211+0000] {logging_mixin.py:188} INFO - [2024-05-21T19:35:43.210+0000] {dagbag.py:545} INFO - Filling up the DagBag from /home/airflow/.local/lib/python3.12/site-packages/airflow/example_dags/example_setup_teardown.py
[2024-05-21T19:35:43.224+0000] {processor.py:840} INFO - DAG(s) 'example_setup_teardown' retrieved from /home/airflow/.local/lib/python3.12/site-packages/airflow/example_dags/example_setup_teardown.py
[2024-05-21T19:35:43.283+0000] {logging_mixin.py:188} INFO - [2024-05-21T19:35:43.282+0000] {dag.py:3096} INFO - Sync 1 DAGs
[2024-05-21T19:35:43.342+0000] {logging_mixin.py:188} INFO - [2024-05-21T19:35:43.341+0000] {dag.py:3954} INFO - Setting next_dagrun for example_setup_teardown to 2024-05-20 00:00:00+00:00, run_after=2024-05-21 00:00:00+00:00
[2024-05-21T19:35:43.402+0000] {processor.py:183} INFO - Processing /home/airflow/.local/lib/python3.12/site-packages/airflow/example_dags/example_setup_teardown.py took 0.212 seconds
[2024-05-21T19:36:13.522+0000] {processor.py:161} INFO - Started process (PID=887) to work on /home/airflow/.local/lib/python3.12/site-packages/airflow/example_dags/example_setup_teardown.py
[2024-05-21T19:36:13.525+0000] {processor.py:830} INFO - Processing file /home/airflow/.local/lib/python3.12/site-packages/airflow/example_dags/example_setup_teardown.py for tasks to queue
[2024-05-21T19:36:13.529+0000] {logging_mixin.py:188} INFO - [2024-05-21T19:36:13.529+0000] {dagbag.py:545} INFO - Filling up the DagBag from /home/airflow/.local/lib/python3.12/site-packages/airflow/example_dags/example_setup_teardown.py
[2024-05-21T19:36:13.546+0000] {processor.py:840} INFO - DAG(s) 'example_setup_teardown' retrieved from /home/airflow/.local/lib/python3.12/site-packages/airflow/example_dags/example_setup_teardown.py
[2024-05-21T19:36:13.626+0000] {logging_mixin.py:188} INFO - [2024-05-21T19:36:13.625+0000] {dag.py:3096} INFO - Sync 1 DAGs
[2024-05-21T19:36:13.701+0000] {logging_mixin.py:188} INFO - [2024-05-21T19:36:13.700+0000] {dag.py:3954} INFO - Setting next_dagrun for example_setup_teardown to 2024-05-20 00:00:00+00:00, run_after=2024-05-21 00:00:00+00:00
[2024-05-21T19:36:13.750+0000] {processor.py:183} INFO - Processing /home/airflow/.local/lib/python3.12/site-packages/airflow/example_dags/example_setup_teardown.py took 0.241 seconds
[2024-05-21T19:36:44.573+0000] {processor.py:161} INFO - Started process (PID=947) to work on /home/airflow/.local/lib/python3.12/site-packages/airflow/example_dags/example_setup_teardown.py
[2024-05-21T19:36:44.576+0000] {processor.py:830} INFO - Processing file /home/airflow/.local/lib/python3.12/site-packages/airflow/example_dags/example_setup_teardown.py for tasks to queue
[2024-05-21T19:36:44.595+0000] {logging_mixin.py:188} INFO - [2024-05-21T19:36:44.594+0000] {dagbag.py:545} INFO - Filling up the DagBag from /home/airflow/.local/lib/python3.12/site-packages/airflow/example_dags/example_setup_teardown.py
[2024-05-21T19:36:44.616+0000] {processor.py:840} INFO - DAG(s) 'example_setup_teardown' retrieved from /home/airflow/.local/lib/python3.12/site-packages/airflow/example_dags/example_setup_teardown.py
[2024-05-21T19:36:44.686+0000] {logging_mixin.py:188} INFO - [2024-05-21T19:36:44.685+0000] {dag.py:3096} INFO - Sync 1 DAGs
[2024-05-21T19:36:44.786+0000] {logging_mixin.py:188} INFO - [2024-05-21T19:36:44.785+0000] {dag.py:3954} INFO - Setting next_dagrun for example_setup_teardown to 2024-05-20 00:00:00+00:00, run_after=2024-05-21 00:00:00+00:00
[2024-05-21T19:36:44.889+0000] {processor.py:183} INFO - Processing /home/airflow/.local/lib/python3.12/site-packages/airflow/example_dags/example_setup_teardown.py took 0.338 seconds
[2024-05-21T19:37:15.117+0000] {processor.py:161} INFO - Started process (PID=1006) to work on /home/airflow/.local/lib/python3.12/site-packages/airflow/example_dags/example_setup_teardown.py
[2024-05-21T19:37:15.121+0000] {processor.py:830} INFO - Processing file /home/airflow/.local/lib/python3.12/site-packages/airflow/example_dags/example_setup_teardown.py for tasks to queue
[2024-05-21T19:37:15.128+0000] {logging_mixin.py:188} INFO - [2024-05-21T19:37:15.127+0000] {dagbag.py:545} INFO - Filling up the DagBag from /home/airflow/.local/lib/python3.12/site-packages/airflow/example_dags/example_setup_teardown.py
[2024-05-21T19:37:15.147+0000] {processor.py:840} INFO - DAG(s) 'example_setup_teardown' retrieved from /home/airflow/.local/lib/python3.12/site-packages/airflow/example_dags/example_setup_teardown.py
[2024-05-21T19:37:15.209+0000] {logging_mixin.py:188} INFO - [2024-05-21T19:37:15.208+0000] {dag.py:3096} INFO - Sync 1 DAGs
[2024-05-21T19:37:15.277+0000] {logging_mixin.py:188} INFO - [2024-05-21T19:37:15.276+0000] {dag.py:3954} INFO - Setting next_dagrun for example_setup_teardown to 2024-05-20 00:00:00+00:00, run_after=2024-05-21 00:00:00+00:00
[2024-05-21T19:37:15.367+0000] {processor.py:183} INFO - Processing /home/airflow/.local/lib/python3.12/site-packages/airflow/example_dags/example_setup_teardown.py took 0.267 seconds
[2024-05-21T19:37:45.474+0000] {processor.py:161} INFO - Started process (PID=1066) to work on /home/airflow/.local/lib/python3.12/site-packages/airflow/example_dags/example_setup_teardown.py
[2024-05-21T19:37:45.477+0000] {processor.py:830} INFO - Processing file /home/airflow/.local/lib/python3.12/site-packages/airflow/example_dags/example_setup_teardown.py for tasks to queue
[2024-05-21T19:37:45.483+0000] {logging_mixin.py:188} INFO - [2024-05-21T19:37:45.482+0000] {dagbag.py:545} INFO - Filling up the DagBag from /home/airflow/.local/lib/python3.12/site-packages/airflow/example_dags/example_setup_teardown.py
[2024-05-21T19:37:45.523+0000] {processor.py:840} INFO - DAG(s) 'example_setup_teardown' retrieved from /home/airflow/.local/lib/python3.12/site-packages/airflow/example_dags/example_setup_teardown.py
[2024-05-21T19:37:45.606+0000] {logging_mixin.py:188} INFO - [2024-05-21T19:37:45.605+0000] {dag.py:3096} INFO - Sync 1 DAGs
[2024-05-21T19:37:45.694+0000] {logging_mixin.py:188} INFO - [2024-05-21T19:37:45.693+0000] {dag.py:3954} INFO - Setting next_dagrun for example_setup_teardown to 2024-05-20 00:00:00+00:00, run_after=2024-05-21 00:00:00+00:00
[2024-05-21T19:37:45.793+0000] {processor.py:183} INFO - Processing /home/airflow/.local/lib/python3.12/site-packages/airflow/example_dags/example_setup_teardown.py took 0.338 seconds
[2024-05-21T19:38:16.087+0000] {processor.py:161} INFO - Started process (PID=1126) to work on /home/airflow/.local/lib/python3.12/site-packages/airflow/example_dags/example_setup_teardown.py
[2024-05-21T19:38:16.090+0000] {processor.py:830} INFO - Processing file /home/airflow/.local/lib/python3.12/site-packages/airflow/example_dags/example_setup_teardown.py for tasks to queue
[2024-05-21T19:38:16.095+0000] {logging_mixin.py:188} INFO - [2024-05-21T19:38:16.095+0000] {dagbag.py:545} INFO - Filling up the DagBag from /home/airflow/.local/lib/python3.12/site-packages/airflow/example_dags/example_setup_teardown.py
[2024-05-21T19:38:16.109+0000] {processor.py:840} INFO - DAG(s) 'example_setup_teardown' retrieved from /home/airflow/.local/lib/python3.12/site-packages/airflow/example_dags/example_setup_teardown.py
[2024-05-21T19:38:16.157+0000] {logging_mixin.py:188} INFO - [2024-05-21T19:38:16.157+0000] {dag.py:3096} INFO - Sync 1 DAGs
[2024-05-21T19:38:16.198+0000] {logging_mixin.py:188} INFO - [2024-05-21T19:38:16.198+0000] {dag.py:3954} INFO - Setting next_dagrun for example_setup_teardown to 2024-05-20 00:00:00+00:00, run_after=2024-05-21 00:00:00+00:00
[2024-05-21T19:38:16.257+0000] {processor.py:183} INFO - Processing /home/airflow/.local/lib/python3.12/site-packages/airflow/example_dags/example_setup_teardown.py took 0.181 seconds
[2024-05-21T19:38:46.410+0000] {processor.py:161} INFO - Started process (PID=1186) to work on /home/airflow/.local/lib/python3.12/site-packages/airflow/example_dags/example_setup_teardown.py
[2024-05-21T19:38:46.412+0000] {processor.py:830} INFO - Processing file /home/airflow/.local/lib/python3.12/site-packages/airflow/example_dags/example_setup_teardown.py for tasks to queue
[2024-05-21T19:38:46.416+0000] {logging_mixin.py:188} INFO - [2024-05-21T19:38:46.416+0000] {dagbag.py:545} INFO - Filling up the DagBag from /home/airflow/.local/lib/python3.12/site-packages/airflow/example_dags/example_setup_teardown.py
[2024-05-21T19:38:46.432+0000] {processor.py:840} INFO - DAG(s) 'example_setup_teardown' retrieved from /home/airflow/.local/lib/python3.12/site-packages/airflow/example_dags/example_setup_teardown.py
[2024-05-21T19:38:46.477+0000] {logging_mixin.py:188} INFO - [2024-05-21T19:38:46.477+0000] {dag.py:3096} INFO - Sync 1 DAGs
[2024-05-21T19:38:46.525+0000] {logging_mixin.py:188} INFO - [2024-05-21T19:38:46.525+0000] {dag.py:3954} INFO - Setting next_dagrun for example_setup_teardown to 2024-05-20 00:00:00+00:00, run_after=2024-05-21 00:00:00+00:00
[2024-05-21T19:38:46.583+0000] {processor.py:183} INFO - Processing /home/airflow/.local/lib/python3.12/site-packages/airflow/example_dags/example_setup_teardown.py took 0.183 seconds
[2024-05-21T19:39:17.310+0000] {processor.py:161} INFO - Started process (PID=1245) to work on /home/airflow/.local/lib/python3.12/site-packages/airflow/example_dags/example_setup_teardown.py
[2024-05-21T19:39:17.313+0000] {processor.py:830} INFO - Processing file /home/airflow/.local/lib/python3.12/site-packages/airflow/example_dags/example_setup_teardown.py for tasks to queue
[2024-05-21T19:39:17.318+0000] {logging_mixin.py:188} INFO - [2024-05-21T19:39:17.317+0000] {dagbag.py:545} INFO - Filling up the DagBag from /home/airflow/.local/lib/python3.12/site-packages/airflow/example_dags/example_setup_teardown.py
[2024-05-21T19:39:17.336+0000] {processor.py:840} INFO - DAG(s) 'example_setup_teardown' retrieved from /home/airflow/.local/lib/python3.12/site-packages/airflow/example_dags/example_setup_teardown.py
[2024-05-21T19:39:17.401+0000] {logging_mixin.py:188} INFO - [2024-05-21T19:39:17.400+0000] {dag.py:3096} INFO - Sync 1 DAGs
[2024-05-21T19:39:17.476+0000] {logging_mixin.py:188} INFO - [2024-05-21T19:39:17.475+0000] {dag.py:3954} INFO - Setting next_dagrun for example_setup_teardown to 2024-05-20 00:00:00+00:00, run_after=2024-05-21 00:00:00+00:00
[2024-05-21T19:39:17.549+0000] {processor.py:183} INFO - Processing /home/airflow/.local/lib/python3.12/site-packages/airflow/example_dags/example_setup_teardown.py took 0.253 seconds
[2024-05-21T19:39:48.477+0000] {processor.py:161} INFO - Started process (PID=1305) to work on /home/airflow/.local/lib/python3.12/site-packages/airflow/example_dags/example_setup_teardown.py
[2024-05-21T19:39:48.481+0000] {processor.py:830} INFO - Processing file /home/airflow/.local/lib/python3.12/site-packages/airflow/example_dags/example_setup_teardown.py for tasks to queue
[2024-05-21T19:39:48.494+0000] {logging_mixin.py:188} INFO - [2024-05-21T19:39:48.493+0000] {dagbag.py:545} INFO - Filling up the DagBag from /home/airflow/.local/lib/python3.12/site-packages/airflow/example_dags/example_setup_teardown.py
[2024-05-21T19:39:48.511+0000] {processor.py:840} INFO - DAG(s) 'example_setup_teardown' retrieved from /home/airflow/.local/lib/python3.12/site-packages/airflow/example_dags/example_setup_teardown.py
[2024-05-21T19:39:48.571+0000] {logging_mixin.py:188} INFO - [2024-05-21T19:39:48.571+0000] {dag.py:3096} INFO - Sync 1 DAGs
[2024-05-21T19:39:48.649+0000] {logging_mixin.py:188} INFO - [2024-05-21T19:39:48.648+0000] {dag.py:3954} INFO - Setting next_dagrun for example_setup_teardown to 2024-05-20 00:00:00+00:00, run_after=2024-05-21 00:00:00+00:00
[2024-05-21T19:39:48.718+0000] {processor.py:183} INFO - Processing /home/airflow/.local/lib/python3.12/site-packages/airflow/example_dags/example_setup_teardown.py took 0.297 seconds
[2024-05-21T19:40:19.723+0000] {processor.py:161} INFO - Started process (PID=1365) to work on /home/airflow/.local/lib/python3.12/site-packages/airflow/example_dags/example_setup_teardown.py
[2024-05-21T19:40:19.726+0000] {processor.py:830} INFO - Processing file /home/airflow/.local/lib/python3.12/site-packages/airflow/example_dags/example_setup_teardown.py for tasks to queue
[2024-05-21T19:40:19.731+0000] {logging_mixin.py:188} INFO - [2024-05-21T19:40:19.730+0000] {dagbag.py:545} INFO - Filling up the DagBag from /home/airflow/.local/lib/python3.12/site-packages/airflow/example_dags/example_setup_teardown.py
[2024-05-21T19:40:19.750+0000] {processor.py:840} INFO - DAG(s) 'example_setup_teardown' retrieved from /home/airflow/.local/lib/python3.12/site-packages/airflow/example_dags/example_setup_teardown.py
[2024-05-21T19:40:19.832+0000] {logging_mixin.py:188} INFO - [2024-05-21T19:40:19.831+0000] {dag.py:3096} INFO - Sync 1 DAGs
[2024-05-21T19:40:19.920+0000] {logging_mixin.py:188} INFO - [2024-05-21T19:40:19.919+0000] {dag.py:3954} INFO - Setting next_dagrun for example_setup_teardown to 2024-05-20 00:00:00+00:00, run_after=2024-05-21 00:00:00+00:00
[2024-05-21T19:40:20.010+0000] {processor.py:183} INFO - Processing /home/airflow/.local/lib/python3.12/site-packages/airflow/example_dags/example_setup_teardown.py took 0.305 seconds
[2024-05-21T19:40:50.919+0000] {processor.py:161} INFO - Started process (PID=1425) to work on /home/airflow/.local/lib/python3.12/site-packages/airflow/example_dags/example_setup_teardown.py
[2024-05-21T19:40:50.922+0000] {processor.py:830} INFO - Processing file /home/airflow/.local/lib/python3.12/site-packages/airflow/example_dags/example_setup_teardown.py for tasks to queue
[2024-05-21T19:40:50.927+0000] {logging_mixin.py:188} INFO - [2024-05-21T19:40:50.926+0000] {dagbag.py:545} INFO - Filling up the DagBag from /home/airflow/.local/lib/python3.12/site-packages/airflow/example_dags/example_setup_teardown.py
[2024-05-21T19:40:50.944+0000] {processor.py:840} INFO - DAG(s) 'example_setup_teardown' retrieved from /home/airflow/.local/lib/python3.12/site-packages/airflow/example_dags/example_setup_teardown.py
[2024-05-21T19:40:50.998+0000] {logging_mixin.py:188} INFO - [2024-05-21T19:40:50.997+0000] {dag.py:3096} INFO - Sync 1 DAGs
[2024-05-21T19:40:51.070+0000] {logging_mixin.py:188} INFO - [2024-05-21T19:40:51.069+0000] {dag.py:3954} INFO - Setting next_dagrun for example_setup_teardown to 2024-05-20 00:00:00+00:00, run_after=2024-05-21 00:00:00+00:00
[2024-05-21T19:40:51.144+0000] {processor.py:183} INFO - Processing /home/airflow/.local/lib/python3.12/site-packages/airflow/example_dags/example_setup_teardown.py took 0.242 seconds
[2024-05-21T19:41:21.559+0000] {processor.py:161} INFO - Started process (PID=1489) to work on /home/airflow/.local/lib/python3.12/site-packages/airflow/example_dags/example_setup_teardown.py
[2024-05-21T19:41:21.562+0000] {processor.py:830} INFO - Processing file /home/airflow/.local/lib/python3.12/site-packages/airflow/example_dags/example_setup_teardown.py for tasks to queue
[2024-05-21T19:41:21.569+0000] {logging_mixin.py:188} INFO - [2024-05-21T19:41:21.568+0000] {dagbag.py:545} INFO - Filling up the DagBag from /home/airflow/.local/lib/python3.12/site-packages/airflow/example_dags/example_setup_teardown.py
[2024-05-21T19:41:21.590+0000] {processor.py:840} INFO - DAG(s) 'example_setup_teardown' retrieved from /home/airflow/.local/lib/python3.12/site-packages/airflow/example_dags/example_setup_teardown.py
[2024-05-21T19:41:21.651+0000] {logging_mixin.py:188} INFO - [2024-05-21T19:41:21.650+0000] {dag.py:3096} INFO - Sync 1 DAGs
[2024-05-21T19:41:21.707+0000] {logging_mixin.py:188} INFO - [2024-05-21T19:41:21.706+0000] {dag.py:3954} INFO - Setting next_dagrun for example_setup_teardown to 2024-05-20 00:00:00+00:00, run_after=2024-05-21 00:00:00+00:00
[2024-05-21T19:41:21.758+0000] {processor.py:183} INFO - Processing /home/airflow/.local/lib/python3.12/site-packages/airflow/example_dags/example_setup_teardown.py took 0.223 seconds
[2024-05-21T19:41:52.929+0000] {processor.py:161} INFO - Started process (PID=1549) to work on /home/airflow/.local/lib/python3.12/site-packages/airflow/example_dags/example_setup_teardown.py
[2024-05-21T19:41:52.931+0000] {processor.py:830} INFO - Processing file /home/airflow/.local/lib/python3.12/site-packages/airflow/example_dags/example_setup_teardown.py for tasks to queue
[2024-05-21T19:41:52.938+0000] {logging_mixin.py:188} INFO - [2024-05-21T19:41:52.937+0000] {dagbag.py:545} INFO - Filling up the DagBag from /home/airflow/.local/lib/python3.12/site-packages/airflow/example_dags/example_setup_teardown.py
[2024-05-21T19:41:52.953+0000] {processor.py:840} INFO - DAG(s) 'example_setup_teardown' retrieved from /home/airflow/.local/lib/python3.12/site-packages/airflow/example_dags/example_setup_teardown.py
[2024-05-21T19:41:53.246+0000] {logging_mixin.py:188} INFO - [2024-05-21T19:41:53.245+0000] {dag.py:3096} INFO - Sync 1 DAGs
[2024-05-21T19:41:53.309+0000] {logging_mixin.py:188} INFO - [2024-05-21T19:41:53.308+0000] {dag.py:3954} INFO - Setting next_dagrun for example_setup_teardown to 2024-05-20 00:00:00+00:00, run_after=2024-05-21 00:00:00+00:00
[2024-05-21T19:41:53.377+0000] {processor.py:183} INFO - Processing /home/airflow/.local/lib/python3.12/site-packages/airflow/example_dags/example_setup_teardown.py took 0.467 seconds
[2024-05-21T19:42:23.821+0000] {processor.py:161} INFO - Started process (PID=1609) to work on /home/airflow/.local/lib/python3.12/site-packages/airflow/example_dags/example_setup_teardown.py
[2024-05-21T19:42:23.825+0000] {processor.py:830} INFO - Processing file /home/airflow/.local/lib/python3.12/site-packages/airflow/example_dags/example_setup_teardown.py for tasks to queue
[2024-05-21T19:42:23.836+0000] {logging_mixin.py:188} INFO - [2024-05-21T19:42:23.835+0000] {dagbag.py:545} INFO - Filling up the DagBag from /home/airflow/.local/lib/python3.12/site-packages/airflow/example_dags/example_setup_teardown.py
[2024-05-21T19:42:23.853+0000] {processor.py:840} INFO - DAG(s) 'example_setup_teardown' retrieved from /home/airflow/.local/lib/python3.12/site-packages/airflow/example_dags/example_setup_teardown.py
[2024-05-21T19:42:24.150+0000] {logging_mixin.py:188} INFO - [2024-05-21T19:42:24.149+0000] {dag.py:3096} INFO - Sync 1 DAGs
[2024-05-21T19:42:24.195+0000] {logging_mixin.py:188} INFO - [2024-05-21T19:42:24.195+0000] {dag.py:3954} INFO - Setting next_dagrun for example_setup_teardown to 2024-05-20 00:00:00+00:00, run_after=2024-05-21 00:00:00+00:00
[2024-05-21T19:42:24.261+0000] {processor.py:183} INFO - Processing /home/airflow/.local/lib/python3.12/site-packages/airflow/example_dags/example_setup_teardown.py took 0.455 seconds
[2024-05-21T19:42:54.875+0000] {processor.py:161} INFO - Started process (PID=1669) to work on /home/airflow/.local/lib/python3.12/site-packages/airflow/example_dags/example_setup_teardown.py
[2024-05-21T19:42:54.878+0000] {processor.py:830} INFO - Processing file /home/airflow/.local/lib/python3.12/site-packages/airflow/example_dags/example_setup_teardown.py for tasks to queue
[2024-05-21T19:42:54.888+0000] {logging_mixin.py:188} INFO - [2024-05-21T19:42:54.886+0000] {dagbag.py:545} INFO - Filling up the DagBag from /home/airflow/.local/lib/python3.12/site-packages/airflow/example_dags/example_setup_teardown.py
[2024-05-21T19:42:54.909+0000] {processor.py:840} INFO - DAG(s) 'example_setup_teardown' retrieved from /home/airflow/.local/lib/python3.12/site-packages/airflow/example_dags/example_setup_teardown.py
[2024-05-21T19:42:54.977+0000] {logging_mixin.py:188} INFO - [2024-05-21T19:42:54.976+0000] {dag.py:3096} INFO - Sync 1 DAGs
[2024-05-21T19:42:55.057+0000] {logging_mixin.py:188} INFO - [2024-05-21T19:42:55.056+0000] {dag.py:3954} INFO - Setting next_dagrun for example_setup_teardown to 2024-05-20 00:00:00+00:00, run_after=2024-05-21 00:00:00+00:00
[2024-05-21T19:42:55.131+0000] {processor.py:183} INFO - Processing /home/airflow/.local/lib/python3.12/site-packages/airflow/example_dags/example_setup_teardown.py took 0.274 seconds
[2024-05-21T19:43:25.475+0000] {processor.py:161} INFO - Started process (PID=1729) to work on /home/airflow/.local/lib/python3.12/site-packages/airflow/example_dags/example_setup_teardown.py
[2024-05-21T19:43:25.478+0000] {processor.py:830} INFO - Processing file /home/airflow/.local/lib/python3.12/site-packages/airflow/example_dags/example_setup_teardown.py for tasks to queue
[2024-05-21T19:43:25.488+0000] {logging_mixin.py:188} INFO - [2024-05-21T19:43:25.486+0000] {dagbag.py:545} INFO - Filling up the DagBag from /home/airflow/.local/lib/python3.12/site-packages/airflow/example_dags/example_setup_teardown.py
[2024-05-21T19:43:25.514+0000] {processor.py:840} INFO - DAG(s) 'example_setup_teardown' retrieved from /home/airflow/.local/lib/python3.12/site-packages/airflow/example_dags/example_setup_teardown.py
[2024-05-21T19:43:25.613+0000] {logging_mixin.py:188} INFO - [2024-05-21T19:43:25.612+0000] {dag.py:3096} INFO - Sync 1 DAGs
[2024-05-21T19:43:25.682+0000] {logging_mixin.py:188} INFO - [2024-05-21T19:43:25.682+0000] {dag.py:3954} INFO - Setting next_dagrun for example_setup_teardown to 2024-05-20 00:00:00+00:00, run_after=2024-05-21 00:00:00+00:00
[2024-05-21T19:43:25.740+0000] {processor.py:183} INFO - Processing /home/airflow/.local/lib/python3.12/site-packages/airflow/example_dags/example_setup_teardown.py took 0.283 seconds
[2024-05-21T19:43:55.939+0000] {processor.py:161} INFO - Started process (PID=1789) to work on /home/airflow/.local/lib/python3.12/site-packages/airflow/example_dags/example_setup_teardown.py
[2024-05-21T19:43:55.942+0000] {processor.py:830} INFO - Processing file /home/airflow/.local/lib/python3.12/site-packages/airflow/example_dags/example_setup_teardown.py for tasks to queue
[2024-05-21T19:43:55.957+0000] {logging_mixin.py:188} INFO - [2024-05-21T19:43:55.955+0000] {dagbag.py:545} INFO - Filling up the DagBag from /home/airflow/.local/lib/python3.12/site-packages/airflow/example_dags/example_setup_teardown.py
[2024-05-21T19:43:55.988+0000] {processor.py:840} INFO - DAG(s) 'example_setup_teardown' retrieved from /home/airflow/.local/lib/python3.12/site-packages/airflow/example_dags/example_setup_teardown.py
[2024-05-21T19:43:56.119+0000] {logging_mixin.py:188} INFO - [2024-05-21T19:43:56.118+0000] {dag.py:3096} INFO - Sync 1 DAGs
[2024-05-21T19:43:56.283+0000] {logging_mixin.py:188} INFO - [2024-05-21T19:43:56.283+0000] {dag.py:3954} INFO - Setting next_dagrun for example_setup_teardown to 2024-05-20 00:00:00+00:00, run_after=2024-05-21 00:00:00+00:00
[2024-05-21T19:43:56.344+0000] {processor.py:183} INFO - Processing /home/airflow/.local/lib/python3.12/site-packages/airflow/example_dags/example_setup_teardown.py took 0.433 seconds
[2024-05-21T19:44:27.452+0000] {processor.py:161} INFO - Started process (PID=1849) to work on /home/airflow/.local/lib/python3.12/site-packages/airflow/example_dags/example_setup_teardown.py
[2024-05-21T19:44:27.454+0000] {processor.py:830} INFO - Processing file /home/airflow/.local/lib/python3.12/site-packages/airflow/example_dags/example_setup_teardown.py for tasks to queue
[2024-05-21T19:44:27.458+0000] {logging_mixin.py:188} INFO - [2024-05-21T19:44:27.458+0000] {dagbag.py:545} INFO - Filling up the DagBag from /home/airflow/.local/lib/python3.12/site-packages/airflow/example_dags/example_setup_teardown.py
[2024-05-21T19:44:27.473+0000] {processor.py:840} INFO - DAG(s) 'example_setup_teardown' retrieved from /home/airflow/.local/lib/python3.12/site-packages/airflow/example_dags/example_setup_teardown.py
[2024-05-21T19:44:27.534+0000] {logging_mixin.py:188} INFO - [2024-05-21T19:44:27.533+0000] {dag.py:3096} INFO - Sync 1 DAGs
[2024-05-21T19:44:27.584+0000] {logging_mixin.py:188} INFO - [2024-05-21T19:44:27.583+0000] {dag.py:3954} INFO - Setting next_dagrun for example_setup_teardown to 2024-05-20 00:00:00+00:00, run_after=2024-05-21 00:00:00+00:00
[2024-05-21T19:44:27.656+0000] {processor.py:183} INFO - Processing /home/airflow/.local/lib/python3.12/site-packages/airflow/example_dags/example_setup_teardown.py took 0.217 seconds
[2024-05-21T19:44:58.477+0000] {processor.py:161} INFO - Started process (PID=1909) to work on /home/airflow/.local/lib/python3.12/site-packages/airflow/example_dags/example_setup_teardown.py
[2024-05-21T19:44:58.480+0000] {processor.py:830} INFO - Processing file /home/airflow/.local/lib/python3.12/site-packages/airflow/example_dags/example_setup_teardown.py for tasks to queue
[2024-05-21T19:44:58.491+0000] {logging_mixin.py:188} INFO - [2024-05-21T19:44:58.489+0000] {dagbag.py:545} INFO - Filling up the DagBag from /home/airflow/.local/lib/python3.12/site-packages/airflow/example_dags/example_setup_teardown.py
[2024-05-21T19:44:58.509+0000] {processor.py:840} INFO - DAG(s) 'example_setup_teardown' retrieved from /home/airflow/.local/lib/python3.12/site-packages/airflow/example_dags/example_setup_teardown.py
[2024-05-21T19:44:58.579+0000] {logging_mixin.py:188} INFO - [2024-05-21T19:44:58.579+0000] {dag.py:3096} INFO - Sync 1 DAGs
[2024-05-21T19:44:58.645+0000] {logging_mixin.py:188} INFO - [2024-05-21T19:44:58.644+0000] {dag.py:3954} INFO - Setting next_dagrun for example_setup_teardown to 2024-05-20 00:00:00+00:00, run_after=2024-05-21 00:00:00+00:00
[2024-05-21T19:44:58.722+0000] {processor.py:183} INFO - Processing /home/airflow/.local/lib/python3.12/site-packages/airflow/example_dags/example_setup_teardown.py took 0.258 seconds
[2024-05-21T19:45:29.083+0000] {processor.py:161} INFO - Started process (PID=1967) to work on /home/airflow/.local/lib/python3.12/site-packages/airflow/example_dags/example_setup_teardown.py
[2024-05-21T19:45:29.087+0000] {processor.py:830} INFO - Processing file /home/airflow/.local/lib/python3.12/site-packages/airflow/example_dags/example_setup_teardown.py for tasks to queue
[2024-05-21T19:45:29.096+0000] {logging_mixin.py:188} INFO - [2024-05-21T19:45:29.093+0000] {dagbag.py:545} INFO - Filling up the DagBag from /home/airflow/.local/lib/python3.12/site-packages/airflow/example_dags/example_setup_teardown.py
[2024-05-21T19:45:29.125+0000] {processor.py:840} INFO - DAG(s) 'example_setup_teardown' retrieved from /home/airflow/.local/lib/python3.12/site-packages/airflow/example_dags/example_setup_teardown.py
[2024-05-21T19:45:29.197+0000] {logging_mixin.py:188} INFO - [2024-05-21T19:45:29.196+0000] {dag.py:3096} INFO - Sync 1 DAGs
[2024-05-21T19:45:29.282+0000] {logging_mixin.py:188} INFO - [2024-05-21T19:45:29.281+0000] {dag.py:3954} INFO - Setting next_dagrun for example_setup_teardown to 2024-05-20 00:00:00+00:00, run_after=2024-05-21 00:00:00+00:00
[2024-05-21T19:45:29.356+0000] {processor.py:183} INFO - Processing /home/airflow/.local/lib/python3.12/site-packages/airflow/example_dags/example_setup_teardown.py took 0.301 seconds
[2024-05-21T19:45:59.622+0000] {processor.py:161} INFO - Started process (PID=2027) to work on /home/airflow/.local/lib/python3.12/site-packages/airflow/example_dags/example_setup_teardown.py
[2024-05-21T19:45:59.626+0000] {processor.py:830} INFO - Processing file /home/airflow/.local/lib/python3.12/site-packages/airflow/example_dags/example_setup_teardown.py for tasks to queue
[2024-05-21T19:45:59.644+0000] {logging_mixin.py:188} INFO - [2024-05-21T19:45:59.632+0000] {dagbag.py:545} INFO - Filling up the DagBag from /home/airflow/.local/lib/python3.12/site-packages/airflow/example_dags/example_setup_teardown.py
[2024-05-21T19:45:59.673+0000] {processor.py:840} INFO - DAG(s) 'example_setup_teardown' retrieved from /home/airflow/.local/lib/python3.12/site-packages/airflow/example_dags/example_setup_teardown.py
[2024-05-21T19:45:59.751+0000] {logging_mixin.py:188} INFO - [2024-05-21T19:45:59.750+0000] {dag.py:3096} INFO - Sync 1 DAGs
[2024-05-21T19:45:59.815+0000] {logging_mixin.py:188} INFO - [2024-05-21T19:45:59.815+0000] {dag.py:3954} INFO - Setting next_dagrun for example_setup_teardown to 2024-05-20 00:00:00+00:00, run_after=2024-05-21 00:00:00+00:00
[2024-05-21T19:45:59.908+0000] {processor.py:183} INFO - Processing /home/airflow/.local/lib/python3.12/site-packages/airflow/example_dags/example_setup_teardown.py took 0.308 seconds
[2024-05-21T19:46:30.277+0000] {processor.py:161} INFO - Started process (PID=2087) to work on /home/airflow/.local/lib/python3.12/site-packages/airflow/example_dags/example_setup_teardown.py
[2024-05-21T19:46:30.280+0000] {processor.py:830} INFO - Processing file /home/airflow/.local/lib/python3.12/site-packages/airflow/example_dags/example_setup_teardown.py for tasks to queue
[2024-05-21T19:46:30.287+0000] {logging_mixin.py:188} INFO - [2024-05-21T19:46:30.286+0000] {dagbag.py:545} INFO - Filling up the DagBag from /home/airflow/.local/lib/python3.12/site-packages/airflow/example_dags/example_setup_teardown.py
[2024-05-21T19:46:30.302+0000] {processor.py:840} INFO - DAG(s) 'example_setup_teardown' retrieved from /home/airflow/.local/lib/python3.12/site-packages/airflow/example_dags/example_setup_teardown.py
[2024-05-21T19:46:30.378+0000] {logging_mixin.py:188} INFO - [2024-05-21T19:46:30.377+0000] {dag.py:3096} INFO - Sync 1 DAGs
[2024-05-21T19:46:30.447+0000] {logging_mixin.py:188} INFO - [2024-05-21T19:46:30.446+0000] {dag.py:3954} INFO - Setting next_dagrun for example_setup_teardown to 2024-05-20 00:00:00+00:00, run_after=2024-05-21 00:00:00+00:00
[2024-05-21T19:46:30.522+0000] {processor.py:183} INFO - Processing /home/airflow/.local/lib/python3.12/site-packages/airflow/example_dags/example_setup_teardown.py took 0.262 seconds
[2024-05-21T19:47:00.801+0000] {processor.py:161} INFO - Started process (PID=2146) to work on /home/airflow/.local/lib/python3.12/site-packages/airflow/example_dags/example_setup_teardown.py
[2024-05-21T19:47:00.804+0000] {processor.py:830} INFO - Processing file /home/airflow/.local/lib/python3.12/site-packages/airflow/example_dags/example_setup_teardown.py for tasks to queue
[2024-05-21T19:47:00.809+0000] {logging_mixin.py:188} INFO - [2024-05-21T19:47:00.808+0000] {dagbag.py:545} INFO - Filling up the DagBag from /home/airflow/.local/lib/python3.12/site-packages/airflow/example_dags/example_setup_teardown.py
[2024-05-21T19:47:00.822+0000] {processor.py:840} INFO - DAG(s) 'example_setup_teardown' retrieved from /home/airflow/.local/lib/python3.12/site-packages/airflow/example_dags/example_setup_teardown.py
[2024-05-21T19:47:00.891+0000] {logging_mixin.py:188} INFO - [2024-05-21T19:47:00.891+0000] {dag.py:3096} INFO - Sync 1 DAGs
[2024-05-21T19:47:00.963+0000] {logging_mixin.py:188} INFO - [2024-05-21T19:47:00.963+0000] {dag.py:3954} INFO - Setting next_dagrun for example_setup_teardown to 2024-05-20 00:00:00+00:00, run_after=2024-05-21 00:00:00+00:00
[2024-05-21T19:47:01.060+0000] {processor.py:183} INFO - Processing /home/airflow/.local/lib/python3.12/site-packages/airflow/example_dags/example_setup_teardown.py took 0.276 seconds
[2024-05-21T19:47:31.243+0000] {processor.py:161} INFO - Started process (PID=2206) to work on /home/airflow/.local/lib/python3.12/site-packages/airflow/example_dags/example_setup_teardown.py
[2024-05-21T19:47:31.246+0000] {processor.py:830} INFO - Processing file /home/airflow/.local/lib/python3.12/site-packages/airflow/example_dags/example_setup_teardown.py for tasks to queue
[2024-05-21T19:47:31.251+0000] {logging_mixin.py:188} INFO - [2024-05-21T19:47:31.250+0000] {dagbag.py:545} INFO - Filling up the DagBag from /home/airflow/.local/lib/python3.12/site-packages/airflow/example_dags/example_setup_teardown.py
[2024-05-21T19:47:31.272+0000] {processor.py:840} INFO - DAG(s) 'example_setup_teardown' retrieved from /home/airflow/.local/lib/python3.12/site-packages/airflow/example_dags/example_setup_teardown.py
[2024-05-21T19:47:31.349+0000] {logging_mixin.py:188} INFO - [2024-05-21T19:47:31.349+0000] {dag.py:3096} INFO - Sync 1 DAGs
[2024-05-21T19:47:31.410+0000] {logging_mixin.py:188} INFO - [2024-05-21T19:47:31.409+0000] {dag.py:3954} INFO - Setting next_dagrun for example_setup_teardown to 2024-05-20 00:00:00+00:00, run_after=2024-05-21 00:00:00+00:00
[2024-05-21T19:47:31.489+0000] {processor.py:183} INFO - Processing /home/airflow/.local/lib/python3.12/site-packages/airflow/example_dags/example_setup_teardown.py took 0.263 seconds
[2024-05-21T19:48:01.576+0000] {processor.py:161} INFO - Started process (PID=2265) to work on /home/airflow/.local/lib/python3.12/site-packages/airflow/example_dags/example_setup_teardown.py
[2024-05-21T19:48:01.580+0000] {processor.py:830} INFO - Processing file /home/airflow/.local/lib/python3.12/site-packages/airflow/example_dags/example_setup_teardown.py for tasks to queue
[2024-05-21T19:48:01.587+0000] {logging_mixin.py:188} INFO - [2024-05-21T19:48:01.586+0000] {dagbag.py:545} INFO - Filling up the DagBag from /home/airflow/.local/lib/python3.12/site-packages/airflow/example_dags/example_setup_teardown.py
[2024-05-21T19:48:01.611+0000] {processor.py:840} INFO - DAG(s) 'example_setup_teardown' retrieved from /home/airflow/.local/lib/python3.12/site-packages/airflow/example_dags/example_setup_teardown.py
[2024-05-21T19:48:01.661+0000] {logging_mixin.py:188} INFO - [2024-05-21T19:48:01.661+0000] {dag.py:3096} INFO - Sync 1 DAGs
[2024-05-21T19:48:01.710+0000] {logging_mixin.py:188} INFO - [2024-05-21T19:48:01.709+0000] {dag.py:3954} INFO - Setting next_dagrun for example_setup_teardown to 2024-05-20 00:00:00+00:00, run_after=2024-05-21 00:00:00+00:00
[2024-05-21T19:48:01.778+0000] {processor.py:183} INFO - Processing /home/airflow/.local/lib/python3.12/site-packages/airflow/example_dags/example_setup_teardown.py took 0.222 seconds
[2024-05-21T19:48:32.464+0000] {processor.py:161} INFO - Started process (PID=2325) to work on /home/airflow/.local/lib/python3.12/site-packages/airflow/example_dags/example_setup_teardown.py
[2024-05-21T19:48:32.467+0000] {processor.py:830} INFO - Processing file /home/airflow/.local/lib/python3.12/site-packages/airflow/example_dags/example_setup_teardown.py for tasks to queue
[2024-05-21T19:48:32.472+0000] {logging_mixin.py:188} INFO - [2024-05-21T19:48:32.472+0000] {dagbag.py:545} INFO - Filling up the DagBag from /home/airflow/.local/lib/python3.12/site-packages/airflow/example_dags/example_setup_teardown.py
[2024-05-21T19:48:32.487+0000] {processor.py:840} INFO - DAG(s) 'example_setup_teardown' retrieved from /home/airflow/.local/lib/python3.12/site-packages/airflow/example_dags/example_setup_teardown.py
[2024-05-21T19:48:32.554+0000] {logging_mixin.py:188} INFO - [2024-05-21T19:48:32.553+0000] {dag.py:3096} INFO - Sync 1 DAGs
[2024-05-21T19:48:32.611+0000] {logging_mixin.py:188} INFO - [2024-05-21T19:48:32.610+0000] {dag.py:3954} INFO - Setting next_dagrun for example_setup_teardown to 2024-05-20 00:00:00+00:00, run_after=2024-05-21 00:00:00+00:00
[2024-05-21T19:48:32.689+0000] {processor.py:183} INFO - Processing /home/airflow/.local/lib/python3.12/site-packages/airflow/example_dags/example_setup_teardown.py took 0.242 seconds
[2024-05-21T19:49:02.960+0000] {processor.py:161} INFO - Started process (PID=2385) to work on /home/airflow/.local/lib/python3.12/site-packages/airflow/example_dags/example_setup_teardown.py
[2024-05-21T19:49:02.962+0000] {processor.py:830} INFO - Processing file /home/airflow/.local/lib/python3.12/site-packages/airflow/example_dags/example_setup_teardown.py for tasks to queue
[2024-05-21T19:49:02.967+0000] {logging_mixin.py:188} INFO - [2024-05-21T19:49:02.967+0000] {dagbag.py:545} INFO - Filling up the DagBag from /home/airflow/.local/lib/python3.12/site-packages/airflow/example_dags/example_setup_teardown.py
[2024-05-21T19:49:02.982+0000] {processor.py:840} INFO - DAG(s) 'example_setup_teardown' retrieved from /home/airflow/.local/lib/python3.12/site-packages/airflow/example_dags/example_setup_teardown.py
[2024-05-21T19:49:03.037+0000] {logging_mixin.py:188} INFO - [2024-05-21T19:49:03.037+0000] {dag.py:3096} INFO - Sync 1 DAGs
[2024-05-21T19:49:03.102+0000] {logging_mixin.py:188} INFO - [2024-05-21T19:49:03.102+0000] {dag.py:3954} INFO - Setting next_dagrun for example_setup_teardown to 2024-05-20 00:00:00+00:00, run_after=2024-05-21 00:00:00+00:00
[2024-05-21T19:49:03.157+0000] {processor.py:183} INFO - Processing /home/airflow/.local/lib/python3.12/site-packages/airflow/example_dags/example_setup_teardown.py took 0.211 seconds
[2024-05-21T19:49:33.431+0000] {processor.py:161} INFO - Started process (PID=2445) to work on /home/airflow/.local/lib/python3.12/site-packages/airflow/example_dags/example_setup_teardown.py
[2024-05-21T19:49:33.434+0000] {processor.py:830} INFO - Processing file /home/airflow/.local/lib/python3.12/site-packages/airflow/example_dags/example_setup_teardown.py for tasks to queue
[2024-05-21T19:49:33.445+0000] {logging_mixin.py:188} INFO - [2024-05-21T19:49:33.444+0000] {dagbag.py:545} INFO - Filling up the DagBag from /home/airflow/.local/lib/python3.12/site-packages/airflow/example_dags/example_setup_teardown.py
[2024-05-21T19:49:33.464+0000] {processor.py:840} INFO - DAG(s) 'example_setup_teardown' retrieved from /home/airflow/.local/lib/python3.12/site-packages/airflow/example_dags/example_setup_teardown.py
[2024-05-21T19:49:33.529+0000] {logging_mixin.py:188} INFO - [2024-05-21T19:49:33.528+0000] {dag.py:3096} INFO - Sync 1 DAGs
[2024-05-21T19:49:33.594+0000] {logging_mixin.py:188} INFO - [2024-05-21T19:49:33.593+0000] {dag.py:3954} INFO - Setting next_dagrun for example_setup_teardown to 2024-05-20 00:00:00+00:00, run_after=2024-05-21 00:00:00+00:00
[2024-05-21T19:49:33.670+0000] {processor.py:183} INFO - Processing /home/airflow/.local/lib/python3.12/site-packages/airflow/example_dags/example_setup_teardown.py took 0.259 seconds
[2024-05-21T19:50:03.917+0000] {processor.py:161} INFO - Started process (PID=2505) to work on /home/airflow/.local/lib/python3.12/site-packages/airflow/example_dags/example_setup_teardown.py
[2024-05-21T19:50:03.921+0000] {processor.py:830} INFO - Processing file /home/airflow/.local/lib/python3.12/site-packages/airflow/example_dags/example_setup_teardown.py for tasks to queue
[2024-05-21T19:50:03.942+0000] {logging_mixin.py:188} INFO - [2024-05-21T19:50:03.939+0000] {dagbag.py:545} INFO - Filling up the DagBag from /home/airflow/.local/lib/python3.12/site-packages/airflow/example_dags/example_setup_teardown.py
[2024-05-21T19:50:03.966+0000] {processor.py:840} INFO - DAG(s) 'example_setup_teardown' retrieved from /home/airflow/.local/lib/python3.12/site-packages/airflow/example_dags/example_setup_teardown.py
[2024-05-21T19:50:04.047+0000] {logging_mixin.py:188} INFO - [2024-05-21T19:50:04.046+0000] {dag.py:3096} INFO - Sync 1 DAGs
[2024-05-21T19:50:04.126+0000] {logging_mixin.py:188} INFO - [2024-05-21T19:50:04.124+0000] {dag.py:3954} INFO - Setting next_dagrun for example_setup_teardown to 2024-05-20 00:00:00+00:00, run_after=2024-05-21 00:00:00+00:00
[2024-05-21T19:50:04.236+0000] {processor.py:183} INFO - Processing /home/airflow/.local/lib/python3.12/site-packages/airflow/example_dags/example_setup_teardown.py took 0.346 seconds
[2024-05-21T19:50:34.372+0000] {processor.py:161} INFO - Started process (PID=2565) to work on /home/airflow/.local/lib/python3.12/site-packages/airflow/example_dags/example_setup_teardown.py
[2024-05-21T19:50:34.374+0000] {processor.py:830} INFO - Processing file /home/airflow/.local/lib/python3.12/site-packages/airflow/example_dags/example_setup_teardown.py for tasks to queue
[2024-05-21T19:50:34.379+0000] {logging_mixin.py:188} INFO - [2024-05-21T19:50:34.379+0000] {dagbag.py:545} INFO - Filling up the DagBag from /home/airflow/.local/lib/python3.12/site-packages/airflow/example_dags/example_setup_teardown.py
[2024-05-21T19:50:34.396+0000] {processor.py:840} INFO - DAG(s) 'example_setup_teardown' retrieved from /home/airflow/.local/lib/python3.12/site-packages/airflow/example_dags/example_setup_teardown.py
[2024-05-21T19:50:34.450+0000] {logging_mixin.py:188} INFO - [2024-05-21T19:50:34.450+0000] {dag.py:3096} INFO - Sync 1 DAGs
[2024-05-21T19:50:34.514+0000] {logging_mixin.py:188} INFO - [2024-05-21T19:50:34.513+0000] {dag.py:3954} INFO - Setting next_dagrun for example_setup_teardown to 2024-05-20 00:00:00+00:00, run_after=2024-05-21 00:00:00+00:00
[2024-05-21T19:50:34.612+0000] {processor.py:183} INFO - Processing /home/airflow/.local/lib/python3.12/site-packages/airflow/example_dags/example_setup_teardown.py took 0.256 seconds
[2024-05-21T19:51:05.011+0000] {processor.py:161} INFO - Started process (PID=2625) to work on /home/airflow/.local/lib/python3.12/site-packages/airflow/example_dags/example_setup_teardown.py
[2024-05-21T19:51:05.014+0000] {processor.py:830} INFO - Processing file /home/airflow/.local/lib/python3.12/site-packages/airflow/example_dags/example_setup_teardown.py for tasks to queue
[2024-05-21T19:51:05.022+0000] {logging_mixin.py:188} INFO - [2024-05-21T19:51:05.020+0000] {dagbag.py:545} INFO - Filling up the DagBag from /home/airflow/.local/lib/python3.12/site-packages/airflow/example_dags/example_setup_teardown.py
[2024-05-21T19:51:05.048+0000] {processor.py:840} INFO - DAG(s) 'example_setup_teardown' retrieved from /home/airflow/.local/lib/python3.12/site-packages/airflow/example_dags/example_setup_teardown.py
[2024-05-21T19:51:05.104+0000] {logging_mixin.py:188} INFO - [2024-05-21T19:51:05.104+0000] {dag.py:3096} INFO - Sync 1 DAGs
[2024-05-21T19:51:05.161+0000] {logging_mixin.py:188} INFO - [2024-05-21T19:51:05.160+0000] {dag.py:3954} INFO - Setting next_dagrun for example_setup_teardown to 2024-05-20 00:00:00+00:00, run_after=2024-05-21 00:00:00+00:00
[2024-05-21T19:51:05.235+0000] {processor.py:183} INFO - Processing /home/airflow/.local/lib/python3.12/site-packages/airflow/example_dags/example_setup_teardown.py took 0.245 seconds
[2024-05-21T19:51:36.216+0000] {processor.py:161} INFO - Started process (PID=2685) to work on /home/airflow/.local/lib/python3.12/site-packages/airflow/example_dags/example_setup_teardown.py
[2024-05-21T19:51:36.219+0000] {processor.py:830} INFO - Processing file /home/airflow/.local/lib/python3.12/site-packages/airflow/example_dags/example_setup_teardown.py for tasks to queue
[2024-05-21T19:51:36.225+0000] {logging_mixin.py:188} INFO - [2024-05-21T19:51:36.224+0000] {dagbag.py:545} INFO - Filling up the DagBag from /home/airflow/.local/lib/python3.12/site-packages/airflow/example_dags/example_setup_teardown.py
[2024-05-21T19:51:36.242+0000] {processor.py:840} INFO - DAG(s) 'example_setup_teardown' retrieved from /home/airflow/.local/lib/python3.12/site-packages/airflow/example_dags/example_setup_teardown.py
[2024-05-21T19:51:36.312+0000] {logging_mixin.py:188} INFO - [2024-05-21T19:51:36.311+0000] {dag.py:3096} INFO - Sync 1 DAGs
[2024-05-21T19:51:36.367+0000] {logging_mixin.py:188} INFO - [2024-05-21T19:51:36.366+0000] {dag.py:3954} INFO - Setting next_dagrun for example_setup_teardown to 2024-05-20 00:00:00+00:00, run_after=2024-05-21 00:00:00+00:00
[2024-05-21T19:51:36.429+0000] {processor.py:183} INFO - Processing /home/airflow/.local/lib/python3.12/site-packages/airflow/example_dags/example_setup_teardown.py took 0.233 seconds
[2024-05-21T19:54:45.010+0000] {processor.py:161} INFO - Started process (PID=49) to work on /home/airflow/.local/lib/python3.12/site-packages/airflow/example_dags/example_setup_teardown.py
[2024-05-21T19:54:45.019+0000] {processor.py:830} INFO - Processing file /home/airflow/.local/lib/python3.12/site-packages/airflow/example_dags/example_setup_teardown.py for tasks to queue
[2024-05-21T19:54:45.050+0000] {logging_mixin.py:188} INFO - [2024-05-21T19:54:45.049+0000] {dagbag.py:545} INFO - Filling up the DagBag from /home/airflow/.local/lib/python3.12/site-packages/airflow/example_dags/example_setup_teardown.py
[2024-05-21T19:54:45.078+0000] {processor.py:840} INFO - DAG(s) 'example_setup_teardown' retrieved from /home/airflow/.local/lib/python3.12/site-packages/airflow/example_dags/example_setup_teardown.py
[2024-05-21T19:54:45.480+0000] {logging_mixin.py:188} INFO - [2024-05-21T19:54:45.477+0000] {dag.py:3096} INFO - Sync 1 DAGs
[2024-05-21T19:54:45.546+0000] {logging_mixin.py:188} INFO - [2024-05-21T19:54:45.545+0000] {dag.py:3954} INFO - Setting next_dagrun for example_setup_teardown to 2024-05-20 00:00:00+00:00, run_after=2024-05-21 00:00:00+00:00
[2024-05-21T19:54:45.669+0000] {processor.py:183} INFO - Processing /home/airflow/.local/lib/python3.12/site-packages/airflow/example_dags/example_setup_teardown.py took 0.674 seconds
[2024-05-21T19:55:15.878+0000] {processor.py:161} INFO - Started process (PID=109) to work on /home/airflow/.local/lib/python3.12/site-packages/airflow/example_dags/example_setup_teardown.py
[2024-05-21T19:55:15.882+0000] {processor.py:830} INFO - Processing file /home/airflow/.local/lib/python3.12/site-packages/airflow/example_dags/example_setup_teardown.py for tasks to queue
[2024-05-21T19:55:15.887+0000] {logging_mixin.py:188} INFO - [2024-05-21T19:55:15.886+0000] {dagbag.py:545} INFO - Filling up the DagBag from /home/airflow/.local/lib/python3.12/site-packages/airflow/example_dags/example_setup_teardown.py
[2024-05-21T19:55:15.940+0000] {processor.py:840} INFO - DAG(s) 'example_setup_teardown' retrieved from /home/airflow/.local/lib/python3.12/site-packages/airflow/example_dags/example_setup_teardown.py
[2024-05-21T19:55:16.043+0000] {logging_mixin.py:188} INFO - [2024-05-21T19:55:16.043+0000] {dag.py:3096} INFO - Sync 1 DAGs
[2024-05-21T19:55:16.111+0000] {logging_mixin.py:188} INFO - [2024-05-21T19:55:16.110+0000] {dag.py:3954} INFO - Setting next_dagrun for example_setup_teardown to 2024-05-20 00:00:00+00:00, run_after=2024-05-21 00:00:00+00:00
[2024-05-21T19:55:16.208+0000] {processor.py:183} INFO - Processing /home/airflow/.local/lib/python3.12/site-packages/airflow/example_dags/example_setup_teardown.py took 0.351 seconds
[2024-05-21T19:55:46.929+0000] {processor.py:161} INFO - Started process (PID=168) to work on /home/airflow/.local/lib/python3.12/site-packages/airflow/example_dags/example_setup_teardown.py
[2024-05-21T19:55:46.932+0000] {processor.py:830} INFO - Processing file /home/airflow/.local/lib/python3.12/site-packages/airflow/example_dags/example_setup_teardown.py for tasks to queue
[2024-05-21T19:55:46.936+0000] {logging_mixin.py:188} INFO - [2024-05-21T19:55:46.935+0000] {dagbag.py:545} INFO - Filling up the DagBag from /home/airflow/.local/lib/python3.12/site-packages/airflow/example_dags/example_setup_teardown.py
[2024-05-21T19:55:46.949+0000] {processor.py:840} INFO - DAG(s) 'example_setup_teardown' retrieved from /home/airflow/.local/lib/python3.12/site-packages/airflow/example_dags/example_setup_teardown.py
[2024-05-21T19:55:47.005+0000] {logging_mixin.py:188} INFO - [2024-05-21T19:55:47.004+0000] {dag.py:3096} INFO - Sync 1 DAGs
[2024-05-21T19:55:47.067+0000] {logging_mixin.py:188} INFO - [2024-05-21T19:55:47.066+0000] {dag.py:3954} INFO - Setting next_dagrun for example_setup_teardown to 2024-05-20 00:00:00+00:00, run_after=2024-05-21 00:00:00+00:00
[2024-05-21T19:55:47.136+0000] {processor.py:183} INFO - Processing /home/airflow/.local/lib/python3.12/site-packages/airflow/example_dags/example_setup_teardown.py took 0.231 seconds
[2024-05-21T19:56:17.757+0000] {processor.py:161} INFO - Started process (PID=228) to work on /home/airflow/.local/lib/python3.12/site-packages/airflow/example_dags/example_setup_teardown.py
[2024-05-21T19:56:17.760+0000] {processor.py:830} INFO - Processing file /home/airflow/.local/lib/python3.12/site-packages/airflow/example_dags/example_setup_teardown.py for tasks to queue
[2024-05-21T19:56:17.765+0000] {logging_mixin.py:188} INFO - [2024-05-21T19:56:17.764+0000] {dagbag.py:545} INFO - Filling up the DagBag from /home/airflow/.local/lib/python3.12/site-packages/airflow/example_dags/example_setup_teardown.py
[2024-05-21T19:56:17.790+0000] {processor.py:840} INFO - DAG(s) 'example_setup_teardown' retrieved from /home/airflow/.local/lib/python3.12/site-packages/airflow/example_dags/example_setup_teardown.py
[2024-05-21T19:56:17.861+0000] {logging_mixin.py:188} INFO - [2024-05-21T19:56:17.861+0000] {dag.py:3096} INFO - Sync 1 DAGs
[2024-05-21T19:56:17.923+0000] {logging_mixin.py:188} INFO - [2024-05-21T19:56:17.922+0000] {dag.py:3954} INFO - Setting next_dagrun for example_setup_teardown to 2024-05-20 00:00:00+00:00, run_after=2024-05-21 00:00:00+00:00
[2024-05-21T19:56:17.981+0000] {processor.py:183} INFO - Processing /home/airflow/.local/lib/python3.12/site-packages/airflow/example_dags/example_setup_teardown.py took 0.239 seconds
[2024-05-21T19:56:48.767+0000] {processor.py:161} INFO - Started process (PID=288) to work on /home/airflow/.local/lib/python3.12/site-packages/airflow/example_dags/example_setup_teardown.py
[2024-05-21T19:56:48.769+0000] {processor.py:830} INFO - Processing file /home/airflow/.local/lib/python3.12/site-packages/airflow/example_dags/example_setup_teardown.py for tasks to queue
[2024-05-21T19:56:48.774+0000] {logging_mixin.py:188} INFO - [2024-05-21T19:56:48.773+0000] {dagbag.py:545} INFO - Filling up the DagBag from /home/airflow/.local/lib/python3.12/site-packages/airflow/example_dags/example_setup_teardown.py
[2024-05-21T19:56:48.791+0000] {processor.py:840} INFO - DAG(s) 'example_setup_teardown' retrieved from /home/airflow/.local/lib/python3.12/site-packages/airflow/example_dags/example_setup_teardown.py
[2024-05-21T19:56:48.867+0000] {logging_mixin.py:188} INFO - [2024-05-21T19:56:48.866+0000] {dag.py:3096} INFO - Sync 1 DAGs
[2024-05-21T19:56:48.953+0000] {logging_mixin.py:188} INFO - [2024-05-21T19:56:48.952+0000] {dag.py:3954} INFO - Setting next_dagrun for example_setup_teardown to 2024-05-20 00:00:00+00:00, run_after=2024-05-21 00:00:00+00:00
[2024-05-21T19:56:49.046+0000] {processor.py:183} INFO - Processing /home/airflow/.local/lib/python3.12/site-packages/airflow/example_dags/example_setup_teardown.py took 0.290 seconds
[2024-05-21T19:57:19.362+0000] {processor.py:161} INFO - Started process (PID=348) to work on /home/airflow/.local/lib/python3.12/site-packages/airflow/example_dags/example_setup_teardown.py
[2024-05-21T19:57:19.366+0000] {processor.py:830} INFO - Processing file /home/airflow/.local/lib/python3.12/site-packages/airflow/example_dags/example_setup_teardown.py for tasks to queue
[2024-05-21T19:57:19.377+0000] {logging_mixin.py:188} INFO - [2024-05-21T19:57:19.374+0000] {dagbag.py:545} INFO - Filling up the DagBag from /home/airflow/.local/lib/python3.12/site-packages/airflow/example_dags/example_setup_teardown.py
[2024-05-21T19:57:19.394+0000] {processor.py:840} INFO - DAG(s) 'example_setup_teardown' retrieved from /home/airflow/.local/lib/python3.12/site-packages/airflow/example_dags/example_setup_teardown.py
[2024-05-21T19:57:19.448+0000] {logging_mixin.py:188} INFO - [2024-05-21T19:57:19.447+0000] {dag.py:3096} INFO - Sync 1 DAGs
[2024-05-21T19:57:19.548+0000] {logging_mixin.py:188} INFO - [2024-05-21T19:57:19.546+0000] {dag.py:3954} INFO - Setting next_dagrun for example_setup_teardown to 2024-05-20 00:00:00+00:00, run_after=2024-05-21 00:00:00+00:00
[2024-05-21T19:57:19.613+0000] {processor.py:183} INFO - Processing /home/airflow/.local/lib/python3.12/site-packages/airflow/example_dags/example_setup_teardown.py took 0.266 seconds
[2024-05-21T19:57:49.980+0000] {processor.py:161} INFO - Started process (PID=408) to work on /home/airflow/.local/lib/python3.12/site-packages/airflow/example_dags/example_setup_teardown.py
[2024-05-21T19:57:49.986+0000] {processor.py:830} INFO - Processing file /home/airflow/.local/lib/python3.12/site-packages/airflow/example_dags/example_setup_teardown.py for tasks to queue
[2024-05-21T19:57:49.994+0000] {logging_mixin.py:188} INFO - [2024-05-21T19:57:49.993+0000] {dagbag.py:545} INFO - Filling up the DagBag from /home/airflow/.local/lib/python3.12/site-packages/airflow/example_dags/example_setup_teardown.py
[2024-05-21T19:57:50.018+0000] {processor.py:840} INFO - DAG(s) 'example_setup_teardown' retrieved from /home/airflow/.local/lib/python3.12/site-packages/airflow/example_dags/example_setup_teardown.py
[2024-05-21T19:57:50.084+0000] {logging_mixin.py:188} INFO - [2024-05-21T19:57:50.083+0000] {dag.py:3096} INFO - Sync 1 DAGs
[2024-05-21T19:57:50.148+0000] {logging_mixin.py:188} INFO - [2024-05-21T19:57:50.147+0000] {dag.py:3954} INFO - Setting next_dagrun for example_setup_teardown to 2024-05-20 00:00:00+00:00, run_after=2024-05-21 00:00:00+00:00
[2024-05-21T19:57:50.230+0000] {processor.py:183} INFO - Processing /home/airflow/.local/lib/python3.12/site-packages/airflow/example_dags/example_setup_teardown.py took 0.269 seconds
[2024-05-21T19:58:20.311+0000] {processor.py:161} INFO - Started process (PID=466) to work on /home/airflow/.local/lib/python3.12/site-packages/airflow/example_dags/example_setup_teardown.py
[2024-05-21T19:58:20.314+0000] {processor.py:830} INFO - Processing file /home/airflow/.local/lib/python3.12/site-packages/airflow/example_dags/example_setup_teardown.py for tasks to queue
[2024-05-21T19:58:20.322+0000] {logging_mixin.py:188} INFO - [2024-05-21T19:58:20.321+0000] {dagbag.py:545} INFO - Filling up the DagBag from /home/airflow/.local/lib/python3.12/site-packages/airflow/example_dags/example_setup_teardown.py
[2024-05-21T19:58:20.340+0000] {processor.py:840} INFO - DAG(s) 'example_setup_teardown' retrieved from /home/airflow/.local/lib/python3.12/site-packages/airflow/example_dags/example_setup_teardown.py
[2024-05-21T19:58:20.391+0000] {logging_mixin.py:188} INFO - [2024-05-21T19:58:20.390+0000] {dag.py:3096} INFO - Sync 1 DAGs
[2024-05-21T19:58:20.446+0000] {logging_mixin.py:188} INFO - [2024-05-21T19:58:20.446+0000] {dag.py:3954} INFO - Setting next_dagrun for example_setup_teardown to 2024-05-20 00:00:00+00:00, run_after=2024-05-21 00:00:00+00:00
[2024-05-21T19:58:20.515+0000] {processor.py:183} INFO - Processing /home/airflow/.local/lib/python3.12/site-packages/airflow/example_dags/example_setup_teardown.py took 0.218 seconds
[2024-05-21T19:58:50.809+0000] {processor.py:161} INFO - Started process (PID=526) to work on /home/airflow/.local/lib/python3.12/site-packages/airflow/example_dags/example_setup_teardown.py
[2024-05-21T19:58:50.811+0000] {processor.py:830} INFO - Processing file /home/airflow/.local/lib/python3.12/site-packages/airflow/example_dags/example_setup_teardown.py for tasks to queue
[2024-05-21T19:58:50.815+0000] {logging_mixin.py:188} INFO - [2024-05-21T19:58:50.814+0000] {dagbag.py:545} INFO - Filling up the DagBag from /home/airflow/.local/lib/python3.12/site-packages/airflow/example_dags/example_setup_teardown.py
[2024-05-21T19:58:50.830+0000] {processor.py:840} INFO - DAG(s) 'example_setup_teardown' retrieved from /home/airflow/.local/lib/python3.12/site-packages/airflow/example_dags/example_setup_teardown.py
[2024-05-21T19:58:50.891+0000] {logging_mixin.py:188} INFO - [2024-05-21T19:58:50.891+0000] {dag.py:3096} INFO - Sync 1 DAGs
[2024-05-21T19:58:50.967+0000] {logging_mixin.py:188} INFO - [2024-05-21T19:58:50.967+0000] {dag.py:3954} INFO - Setting next_dagrun for example_setup_teardown to 2024-05-20 00:00:00+00:00, run_after=2024-05-21 00:00:00+00:00
[2024-05-21T19:58:51.034+0000] {processor.py:183} INFO - Processing /home/airflow/.local/lib/python3.12/site-packages/airflow/example_dags/example_setup_teardown.py took 0.239 seconds
[2024-05-21T19:59:21.190+0000] {processor.py:161} INFO - Started process (PID=586) to work on /home/airflow/.local/lib/python3.12/site-packages/airflow/example_dags/example_setup_teardown.py
[2024-05-21T19:59:21.191+0000] {processor.py:830} INFO - Processing file /home/airflow/.local/lib/python3.12/site-packages/airflow/example_dags/example_setup_teardown.py for tasks to queue
[2024-05-21T19:59:21.196+0000] {logging_mixin.py:188} INFO - [2024-05-21T19:59:21.195+0000] {dagbag.py:545} INFO - Filling up the DagBag from /home/airflow/.local/lib/python3.12/site-packages/airflow/example_dags/example_setup_teardown.py
[2024-05-21T19:59:21.209+0000] {processor.py:840} INFO - DAG(s) 'example_setup_teardown' retrieved from /home/airflow/.local/lib/python3.12/site-packages/airflow/example_dags/example_setup_teardown.py
[2024-05-21T19:59:21.272+0000] {logging_mixin.py:188} INFO - [2024-05-21T19:59:21.272+0000] {dag.py:3096} INFO - Sync 1 DAGs
[2024-05-21T19:59:21.339+0000] {logging_mixin.py:188} INFO - [2024-05-21T19:59:21.338+0000] {dag.py:3954} INFO - Setting next_dagrun for example_setup_teardown to 2024-05-20 00:00:00+00:00, run_after=2024-05-21 00:00:00+00:00
[2024-05-21T19:59:21.408+0000] {processor.py:183} INFO - Processing /home/airflow/.local/lib/python3.12/site-packages/airflow/example_dags/example_setup_teardown.py took 0.230 seconds
[2024-05-21T19:59:51.882+0000] {processor.py:161} INFO - Started process (PID=646) to work on /home/airflow/.local/lib/python3.12/site-packages/airflow/example_dags/example_setup_teardown.py
[2024-05-21T19:59:51.885+0000] {processor.py:830} INFO - Processing file /home/airflow/.local/lib/python3.12/site-packages/airflow/example_dags/example_setup_teardown.py for tasks to queue
[2024-05-21T19:59:51.890+0000] {logging_mixin.py:188} INFO - [2024-05-21T19:59:51.889+0000] {dagbag.py:545} INFO - Filling up the DagBag from /home/airflow/.local/lib/python3.12/site-packages/airflow/example_dags/example_setup_teardown.py
[2024-05-21T19:59:51.913+0000] {processor.py:840} INFO - DAG(s) 'example_setup_teardown' retrieved from /home/airflow/.local/lib/python3.12/site-packages/airflow/example_dags/example_setup_teardown.py
[2024-05-21T19:59:51.994+0000] {logging_mixin.py:188} INFO - [2024-05-21T19:59:51.993+0000] {dag.py:3096} INFO - Sync 1 DAGs
[2024-05-21T19:59:52.068+0000] {logging_mixin.py:188} INFO - [2024-05-21T19:59:52.067+0000] {dag.py:3954} INFO - Setting next_dagrun for example_setup_teardown to 2024-05-20 00:00:00+00:00, run_after=2024-05-21 00:00:00+00:00
[2024-05-21T19:59:52.132+0000] {processor.py:183} INFO - Processing /home/airflow/.local/lib/python3.12/site-packages/airflow/example_dags/example_setup_teardown.py took 0.263 seconds
[2024-05-21T20:00:22.425+0000] {processor.py:161} INFO - Started process (PID=706) to work on /home/airflow/.local/lib/python3.12/site-packages/airflow/example_dags/example_setup_teardown.py
[2024-05-21T20:00:22.434+0000] {processor.py:830} INFO - Processing file /home/airflow/.local/lib/python3.12/site-packages/airflow/example_dags/example_setup_teardown.py for tasks to queue
[2024-05-21T20:00:22.440+0000] {logging_mixin.py:188} INFO - [2024-05-21T20:00:22.439+0000] {dagbag.py:545} INFO - Filling up the DagBag from /home/airflow/.local/lib/python3.12/site-packages/airflow/example_dags/example_setup_teardown.py
[2024-05-21T20:00:22.468+0000] {processor.py:840} INFO - DAG(s) 'example_setup_teardown' retrieved from /home/airflow/.local/lib/python3.12/site-packages/airflow/example_dags/example_setup_teardown.py
[2024-05-21T20:00:22.550+0000] {logging_mixin.py:188} INFO - [2024-05-21T20:00:22.549+0000] {dag.py:3096} INFO - Sync 1 DAGs
[2024-05-21T20:00:22.621+0000] {logging_mixin.py:188} INFO - [2024-05-21T20:00:22.620+0000] {dag.py:3954} INFO - Setting next_dagrun for example_setup_teardown to 2024-05-20 00:00:00+00:00, run_after=2024-05-21 00:00:00+00:00
[2024-05-21T20:00:22.731+0000] {processor.py:183} INFO - Processing /home/airflow/.local/lib/python3.12/site-packages/airflow/example_dags/example_setup_teardown.py took 0.325 seconds
[2024-05-21T20:00:53.323+0000] {processor.py:161} INFO - Started process (PID=766) to work on /home/airflow/.local/lib/python3.12/site-packages/airflow/example_dags/example_setup_teardown.py
[2024-05-21T20:00:53.325+0000] {processor.py:830} INFO - Processing file /home/airflow/.local/lib/python3.12/site-packages/airflow/example_dags/example_setup_teardown.py for tasks to queue
[2024-05-21T20:00:53.329+0000] {logging_mixin.py:188} INFO - [2024-05-21T20:00:53.328+0000] {dagbag.py:545} INFO - Filling up the DagBag from /home/airflow/.local/lib/python3.12/site-packages/airflow/example_dags/example_setup_teardown.py
[2024-05-21T20:00:53.347+0000] {processor.py:840} INFO - DAG(s) 'example_setup_teardown' retrieved from /home/airflow/.local/lib/python3.12/site-packages/airflow/example_dags/example_setup_teardown.py
[2024-05-21T20:00:53.420+0000] {logging_mixin.py:188} INFO - [2024-05-21T20:00:53.419+0000] {dag.py:3096} INFO - Sync 1 DAGs
[2024-05-21T20:00:53.519+0000] {logging_mixin.py:188} INFO - [2024-05-21T20:00:53.517+0000] {dag.py:3954} INFO - Setting next_dagrun for example_setup_teardown to 2024-05-20 00:00:00+00:00, run_after=2024-05-21 00:00:00+00:00
[2024-05-21T20:00:53.608+0000] {processor.py:183} INFO - Processing /home/airflow/.local/lib/python3.12/site-packages/airflow/example_dags/example_setup_teardown.py took 0.299 seconds
[2024-05-21T20:01:23.894+0000] {processor.py:161} INFO - Started process (PID=826) to work on /home/airflow/.local/lib/python3.12/site-packages/airflow/example_dags/example_setup_teardown.py
[2024-05-21T20:01:23.897+0000] {processor.py:830} INFO - Processing file /home/airflow/.local/lib/python3.12/site-packages/airflow/example_dags/example_setup_teardown.py for tasks to queue
[2024-05-21T20:01:23.902+0000] {logging_mixin.py:188} INFO - [2024-05-21T20:01:23.901+0000] {dagbag.py:545} INFO - Filling up the DagBag from /home/airflow/.local/lib/python3.12/site-packages/airflow/example_dags/example_setup_teardown.py
[2024-05-21T20:01:23.915+0000] {processor.py:840} INFO - DAG(s) 'example_setup_teardown' retrieved from /home/airflow/.local/lib/python3.12/site-packages/airflow/example_dags/example_setup_teardown.py
[2024-05-21T20:01:23.959+0000] {logging_mixin.py:188} INFO - [2024-05-21T20:01:23.958+0000] {dag.py:3096} INFO - Sync 1 DAGs
[2024-05-21T20:01:24.014+0000] {logging_mixin.py:188} INFO - [2024-05-21T20:01:24.013+0000] {dag.py:3954} INFO - Setting next_dagrun for example_setup_teardown to 2024-05-20 00:00:00+00:00, run_after=2024-05-21 00:00:00+00:00
[2024-05-21T20:01:24.059+0000] {processor.py:183} INFO - Processing /home/airflow/.local/lib/python3.12/site-packages/airflow/example_dags/example_setup_teardown.py took 0.180 seconds
[2024-05-21T20:01:54.368+0000] {processor.py:161} INFO - Started process (PID=886) to work on /home/airflow/.local/lib/python3.12/site-packages/airflow/example_dags/example_setup_teardown.py
[2024-05-21T20:01:54.371+0000] {processor.py:830} INFO - Processing file /home/airflow/.local/lib/python3.12/site-packages/airflow/example_dags/example_setup_teardown.py for tasks to queue
[2024-05-21T20:01:54.376+0000] {logging_mixin.py:188} INFO - [2024-05-21T20:01:54.375+0000] {dagbag.py:545} INFO - Filling up the DagBag from /home/airflow/.local/lib/python3.12/site-packages/airflow/example_dags/example_setup_teardown.py
[2024-05-21T20:01:54.395+0000] {processor.py:840} INFO - DAG(s) 'example_setup_teardown' retrieved from /home/airflow/.local/lib/python3.12/site-packages/airflow/example_dags/example_setup_teardown.py
[2024-05-21T20:01:54.456+0000] {logging_mixin.py:188} INFO - [2024-05-21T20:01:54.456+0000] {dag.py:3096} INFO - Sync 1 DAGs
[2024-05-21T20:01:54.570+0000] {logging_mixin.py:188} INFO - [2024-05-21T20:01:54.566+0000] {dag.py:3954} INFO - Setting next_dagrun for example_setup_teardown to 2024-05-20 00:00:00+00:00, run_after=2024-05-21 00:00:00+00:00
[2024-05-21T20:01:54.636+0000] {processor.py:183} INFO - Processing /home/airflow/.local/lib/python3.12/site-packages/airflow/example_dags/example_setup_teardown.py took 0.287 seconds
[2024-05-21T20:02:24.783+0000] {processor.py:161} INFO - Started process (PID=946) to work on /home/airflow/.local/lib/python3.12/site-packages/airflow/example_dags/example_setup_teardown.py
[2024-05-21T20:02:24.785+0000] {processor.py:830} INFO - Processing file /home/airflow/.local/lib/python3.12/site-packages/airflow/example_dags/example_setup_teardown.py for tasks to queue
[2024-05-21T20:02:24.793+0000] {logging_mixin.py:188} INFO - [2024-05-21T20:02:24.792+0000] {dagbag.py:545} INFO - Filling up the DagBag from /home/airflow/.local/lib/python3.12/site-packages/airflow/example_dags/example_setup_teardown.py
[2024-05-21T20:02:24.819+0000] {processor.py:840} INFO - DAG(s) 'example_setup_teardown' retrieved from /home/airflow/.local/lib/python3.12/site-packages/airflow/example_dags/example_setup_teardown.py
[2024-05-21T20:02:24.864+0000] {logging_mixin.py:188} INFO - [2024-05-21T20:02:24.864+0000] {dag.py:3096} INFO - Sync 1 DAGs
[2024-05-21T20:02:24.918+0000] {logging_mixin.py:188} INFO - [2024-05-21T20:02:24.917+0000] {dag.py:3954} INFO - Setting next_dagrun for example_setup_teardown to 2024-05-20 00:00:00+00:00, run_after=2024-05-21 00:00:00+00:00
[2024-05-21T20:02:24.959+0000] {processor.py:183} INFO - Processing /home/airflow/.local/lib/python3.12/site-packages/airflow/example_dags/example_setup_teardown.py took 0.186 seconds
