[2024-05-21T19:29:06.370+0000] {processor.py:161} INFO - Started process (PID=65) to work on /home/airflow/.local/lib/python3.12/site-packages/airflow/example_dags/example_python_operator.py
[2024-05-21T19:29:06.374+0000] {processor.py:830} INFO - Processing file /home/airflow/.local/lib/python3.12/site-packages/airflow/example_dags/example_python_operator.py for tasks to queue
[2024-05-21T19:29:06.380+0000] {logging_mixin.py:188} INFO - [2024-05-21T19:29:06.379+0000] {dagbag.py:545} INFO - Filling up the DagBag from /home/airflow/.local/lib/python3.12/site-packages/airflow/example_dags/example_python_operator.py
[2024-05-21T19:29:06.409+0000] {processor.py:840} INFO - DAG(s) 'example_python_operator' retrieved from /home/airflow/.local/lib/python3.12/site-packages/airflow/example_dags/example_python_operator.py
[2024-05-21T19:29:06.736+0000] {logging_mixin.py:188} INFO - [2024-05-21T19:29:06.735+0000] {dag.py:3096} INFO - Sync 1 DAGs
[2024-05-21T19:29:06.770+0000] {logging_mixin.py:188} INFO - [2024-05-21T19:29:06.769+0000] {dag.py:3954} INFO - Setting next_dagrun for example_python_operator to None, run_after=None
[2024-05-21T19:29:06.825+0000] {processor.py:183} INFO - Processing /home/airflow/.local/lib/python3.12/site-packages/airflow/example_dags/example_python_operator.py took 0.479 seconds
[2024-05-21T19:29:37.776+0000] {processor.py:161} INFO - Started process (PID=125) to work on /home/airflow/.local/lib/python3.12/site-packages/airflow/example_dags/example_python_operator.py
[2024-05-21T19:29:37.779+0000] {processor.py:830} INFO - Processing file /home/airflow/.local/lib/python3.12/site-packages/airflow/example_dags/example_python_operator.py for tasks to queue
[2024-05-21T19:29:37.787+0000] {logging_mixin.py:188} INFO - [2024-05-21T19:29:37.786+0000] {dagbag.py:545} INFO - Filling up the DagBag from /home/airflow/.local/lib/python3.12/site-packages/airflow/example_dags/example_python_operator.py
[2024-05-21T19:29:37.839+0000] {processor.py:840} INFO - DAG(s) 'example_python_operator' retrieved from /home/airflow/.local/lib/python3.12/site-packages/airflow/example_dags/example_python_operator.py
[2024-05-21T19:29:37.986+0000] {logging_mixin.py:188} INFO - [2024-05-21T19:29:37.985+0000] {dag.py:3096} INFO - Sync 1 DAGs
[2024-05-21T19:29:38.047+0000] {logging_mixin.py:188} INFO - [2024-05-21T19:29:38.046+0000] {dag.py:3954} INFO - Setting next_dagrun for example_python_operator to None, run_after=None
[2024-05-21T19:29:38.151+0000] {processor.py:183} INFO - Processing /home/airflow/.local/lib/python3.12/site-packages/airflow/example_dags/example_python_operator.py took 0.404 seconds
[2024-05-21T19:30:08.665+0000] {processor.py:161} INFO - Started process (PID=185) to work on /home/airflow/.local/lib/python3.12/site-packages/airflow/example_dags/example_python_operator.py
[2024-05-21T19:30:08.668+0000] {processor.py:830} INFO - Processing file /home/airflow/.local/lib/python3.12/site-packages/airflow/example_dags/example_python_operator.py for tasks to queue
[2024-05-21T19:30:08.674+0000] {logging_mixin.py:188} INFO - [2024-05-21T19:30:08.673+0000] {dagbag.py:545} INFO - Filling up the DagBag from /home/airflow/.local/lib/python3.12/site-packages/airflow/example_dags/example_python_operator.py
[2024-05-21T19:30:08.708+0000] {processor.py:840} INFO - DAG(s) 'example_python_operator' retrieved from /home/airflow/.local/lib/python3.12/site-packages/airflow/example_dags/example_python_operator.py
[2024-05-21T19:30:08.804+0000] {logging_mixin.py:188} INFO - [2024-05-21T19:30:08.803+0000] {dag.py:3096} INFO - Sync 1 DAGs
[2024-05-21T19:30:08.842+0000] {logging_mixin.py:188} INFO - [2024-05-21T19:30:08.841+0000] {dag.py:3954} INFO - Setting next_dagrun for example_python_operator to None, run_after=None
[2024-05-21T19:30:08.941+0000] {processor.py:183} INFO - Processing /home/airflow/.local/lib/python3.12/site-packages/airflow/example_dags/example_python_operator.py took 0.305 seconds
[2024-05-21T19:30:39.328+0000] {processor.py:161} INFO - Started process (PID=245) to work on /home/airflow/.local/lib/python3.12/site-packages/airflow/example_dags/example_python_operator.py
[2024-05-21T19:30:39.330+0000] {processor.py:830} INFO - Processing file /home/airflow/.local/lib/python3.12/site-packages/airflow/example_dags/example_python_operator.py for tasks to queue
[2024-05-21T19:30:39.336+0000] {logging_mixin.py:188} INFO - [2024-05-21T19:30:39.335+0000] {dagbag.py:545} INFO - Filling up the DagBag from /home/airflow/.local/lib/python3.12/site-packages/airflow/example_dags/example_python_operator.py
[2024-05-21T19:30:39.365+0000] {processor.py:840} INFO - DAG(s) 'example_python_operator' retrieved from /home/airflow/.local/lib/python3.12/site-packages/airflow/example_dags/example_python_operator.py
[2024-05-21T19:30:39.414+0000] {logging_mixin.py:188} INFO - [2024-05-21T19:30:39.414+0000] {dag.py:3096} INFO - Sync 1 DAGs
[2024-05-21T19:30:39.450+0000] {logging_mixin.py:188} INFO - [2024-05-21T19:30:39.450+0000] {dag.py:3954} INFO - Setting next_dagrun for example_python_operator to None, run_after=None
[2024-05-21T19:30:39.527+0000] {processor.py:183} INFO - Processing /home/airflow/.local/lib/python3.12/site-packages/airflow/example_dags/example_python_operator.py took 0.218 seconds
[2024-05-21T19:31:10.628+0000] {processor.py:161} INFO - Started process (PID=305) to work on /home/airflow/.local/lib/python3.12/site-packages/airflow/example_dags/example_python_operator.py
[2024-05-21T19:31:10.635+0000] {processor.py:830} INFO - Processing file /home/airflow/.local/lib/python3.12/site-packages/airflow/example_dags/example_python_operator.py for tasks to queue
[2024-05-21T19:31:10.652+0000] {logging_mixin.py:188} INFO - [2024-05-21T19:31:10.650+0000] {dagbag.py:545} INFO - Filling up the DagBag from /home/airflow/.local/lib/python3.12/site-packages/airflow/example_dags/example_python_operator.py
[2024-05-21T19:31:10.683+0000] {processor.py:840} INFO - DAG(s) 'example_python_operator' retrieved from /home/airflow/.local/lib/python3.12/site-packages/airflow/example_dags/example_python_operator.py
[2024-05-21T19:31:10.758+0000] {logging_mixin.py:188} INFO - [2024-05-21T19:31:10.758+0000] {dag.py:3096} INFO - Sync 1 DAGs
[2024-05-21T19:31:10.796+0000] {logging_mixin.py:188} INFO - [2024-05-21T19:31:10.796+0000] {dag.py:3954} INFO - Setting next_dagrun for example_python_operator to None, run_after=None
[2024-05-21T19:31:10.872+0000] {processor.py:183} INFO - Processing /home/airflow/.local/lib/python3.12/site-packages/airflow/example_dags/example_python_operator.py took 0.261 seconds
[2024-05-21T19:31:41.536+0000] {processor.py:161} INFO - Started process (PID=365) to work on /home/airflow/.local/lib/python3.12/site-packages/airflow/example_dags/example_python_operator.py
[2024-05-21T19:31:41.539+0000] {processor.py:830} INFO - Processing file /home/airflow/.local/lib/python3.12/site-packages/airflow/example_dags/example_python_operator.py for tasks to queue
[2024-05-21T19:31:41.545+0000] {logging_mixin.py:188} INFO - [2024-05-21T19:31:41.544+0000] {dagbag.py:545} INFO - Filling up the DagBag from /home/airflow/.local/lib/python3.12/site-packages/airflow/example_dags/example_python_operator.py
[2024-05-21T19:31:41.604+0000] {processor.py:840} INFO - DAG(s) 'example_python_operator' retrieved from /home/airflow/.local/lib/python3.12/site-packages/airflow/example_dags/example_python_operator.py
[2024-05-21T19:31:41.760+0000] {logging_mixin.py:188} INFO - [2024-05-21T19:31:41.759+0000] {dag.py:3096} INFO - Sync 1 DAGs
[2024-05-21T19:31:41.829+0000] {logging_mixin.py:188} INFO - [2024-05-21T19:31:41.828+0000] {dag.py:3954} INFO - Setting next_dagrun for example_python_operator to None, run_after=None
[2024-05-21T19:31:41.901+0000] {processor.py:183} INFO - Processing /home/airflow/.local/lib/python3.12/site-packages/airflow/example_dags/example_python_operator.py took 0.395 seconds
[2024-05-21T19:32:13.630+0000] {processor.py:161} INFO - Started process (PID=425) to work on /home/airflow/.local/lib/python3.12/site-packages/airflow/example_dags/example_python_operator.py
[2024-05-21T19:32:13.634+0000] {processor.py:830} INFO - Processing file /home/airflow/.local/lib/python3.12/site-packages/airflow/example_dags/example_python_operator.py for tasks to queue
[2024-05-21T19:32:13.642+0000] {logging_mixin.py:188} INFO - [2024-05-21T19:32:13.640+0000] {dagbag.py:545} INFO - Filling up the DagBag from /home/airflow/.local/lib/python3.12/site-packages/airflow/example_dags/example_python_operator.py
[2024-05-21T19:32:13.664+0000] {processor.py:840} INFO - DAG(s) 'example_python_operator' retrieved from /home/airflow/.local/lib/python3.12/site-packages/airflow/example_dags/example_python_operator.py
[2024-05-21T19:32:13.728+0000] {logging_mixin.py:188} INFO - [2024-05-21T19:32:13.728+0000] {dag.py:3096} INFO - Sync 1 DAGs
[2024-05-21T19:32:13.761+0000] {logging_mixin.py:188} INFO - [2024-05-21T19:32:13.760+0000] {dag.py:3954} INFO - Setting next_dagrun for example_python_operator to None, run_after=None
[2024-05-21T19:32:13.814+0000] {processor.py:183} INFO - Processing /home/airflow/.local/lib/python3.12/site-packages/airflow/example_dags/example_python_operator.py took 0.195 seconds
[2024-05-21T19:32:46.346+0000] {processor.py:161} INFO - Started process (PID=486) to work on /home/airflow/.local/lib/python3.12/site-packages/airflow/example_dags/example_python_operator.py
[2024-05-21T19:32:46.350+0000] {processor.py:830} INFO - Processing file /home/airflow/.local/lib/python3.12/site-packages/airflow/example_dags/example_python_operator.py for tasks to queue
[2024-05-21T19:32:46.362+0000] {logging_mixin.py:188} INFO - [2024-05-21T19:32:46.360+0000] {dagbag.py:545} INFO - Filling up the DagBag from /home/airflow/.local/lib/python3.12/site-packages/airflow/example_dags/example_python_operator.py
[2024-05-21T19:32:46.399+0000] {processor.py:840} INFO - DAG(s) 'example_python_operator' retrieved from /home/airflow/.local/lib/python3.12/site-packages/airflow/example_dags/example_python_operator.py
[2024-05-21T19:32:46.535+0000] {logging_mixin.py:188} INFO - [2024-05-21T19:32:46.535+0000] {dag.py:3096} INFO - Sync 1 DAGs
[2024-05-21T19:32:46.594+0000] {logging_mixin.py:188} INFO - [2024-05-21T19:32:46.593+0000] {dag.py:3954} INFO - Setting next_dagrun for example_python_operator to None, run_after=None
[2024-05-21T19:32:46.657+0000] {processor.py:183} INFO - Processing /home/airflow/.local/lib/python3.12/site-packages/airflow/example_dags/example_python_operator.py took 0.332 seconds
[2024-05-21T19:33:17.458+0000] {processor.py:161} INFO - Started process (PID=546) to work on /home/airflow/.local/lib/python3.12/site-packages/airflow/example_dags/example_python_operator.py
[2024-05-21T19:33:17.460+0000] {processor.py:830} INFO - Processing file /home/airflow/.local/lib/python3.12/site-packages/airflow/example_dags/example_python_operator.py for tasks to queue
[2024-05-21T19:33:17.467+0000] {logging_mixin.py:188} INFO - [2024-05-21T19:33:17.466+0000] {dagbag.py:545} INFO - Filling up the DagBag from /home/airflow/.local/lib/python3.12/site-packages/airflow/example_dags/example_python_operator.py
[2024-05-21T19:33:17.504+0000] {processor.py:840} INFO - DAG(s) 'example_python_operator' retrieved from /home/airflow/.local/lib/python3.12/site-packages/airflow/example_dags/example_python_operator.py
[2024-05-21T19:33:17.567+0000] {logging_mixin.py:188} INFO - [2024-05-21T19:33:17.567+0000] {dag.py:3096} INFO - Sync 1 DAGs
[2024-05-21T19:33:17.622+0000] {logging_mixin.py:188} INFO - [2024-05-21T19:33:17.620+0000] {dag.py:3954} INFO - Setting next_dagrun for example_python_operator to None, run_after=None
[2024-05-21T19:33:17.669+0000] {processor.py:183} INFO - Processing /home/airflow/.local/lib/python3.12/site-packages/airflow/example_dags/example_python_operator.py took 0.228 seconds
[2024-05-21T19:33:48.275+0000] {processor.py:161} INFO - Started process (PID=606) to work on /home/airflow/.local/lib/python3.12/site-packages/airflow/example_dags/example_python_operator.py
[2024-05-21T19:33:48.277+0000] {processor.py:830} INFO - Processing file /home/airflow/.local/lib/python3.12/site-packages/airflow/example_dags/example_python_operator.py for tasks to queue
[2024-05-21T19:33:48.286+0000] {logging_mixin.py:188} INFO - [2024-05-21T19:33:48.285+0000] {dagbag.py:545} INFO - Filling up the DagBag from /home/airflow/.local/lib/python3.12/site-packages/airflow/example_dags/example_python_operator.py
[2024-05-21T19:33:48.320+0000] {processor.py:840} INFO - DAG(s) 'example_python_operator' retrieved from /home/airflow/.local/lib/python3.12/site-packages/airflow/example_dags/example_python_operator.py
[2024-05-21T19:33:48.422+0000] {logging_mixin.py:188} INFO - [2024-05-21T19:33:48.421+0000] {dag.py:3096} INFO - Sync 1 DAGs
[2024-05-21T19:33:48.458+0000] {logging_mixin.py:188} INFO - [2024-05-21T19:33:48.458+0000] {dag.py:3954} INFO - Setting next_dagrun for example_python_operator to None, run_after=None
[2024-05-21T19:33:48.540+0000] {processor.py:183} INFO - Processing /home/airflow/.local/lib/python3.12/site-packages/airflow/example_dags/example_python_operator.py took 0.289 seconds
[2024-05-21T19:34:18.757+0000] {processor.py:161} INFO - Started process (PID=664) to work on /home/airflow/.local/lib/python3.12/site-packages/airflow/example_dags/example_python_operator.py
[2024-05-21T19:34:18.759+0000] {processor.py:830} INFO - Processing file /home/airflow/.local/lib/python3.12/site-packages/airflow/example_dags/example_python_operator.py for tasks to queue
[2024-05-21T19:34:18.764+0000] {logging_mixin.py:188} INFO - [2024-05-21T19:34:18.763+0000] {dagbag.py:545} INFO - Filling up the DagBag from /home/airflow/.local/lib/python3.12/site-packages/airflow/example_dags/example_python_operator.py
[2024-05-21T19:34:18.787+0000] {processor.py:840} INFO - DAG(s) 'example_python_operator' retrieved from /home/airflow/.local/lib/python3.12/site-packages/airflow/example_dags/example_python_operator.py
[2024-05-21T19:34:18.843+0000] {logging_mixin.py:188} INFO - [2024-05-21T19:34:18.843+0000] {dag.py:3096} INFO - Sync 1 DAGs
[2024-05-21T19:34:18.872+0000] {logging_mixin.py:188} INFO - [2024-05-21T19:34:18.871+0000] {dag.py:3954} INFO - Setting next_dagrun for example_python_operator to None, run_after=None
[2024-05-21T19:34:18.939+0000] {processor.py:183} INFO - Processing /home/airflow/.local/lib/python3.12/site-packages/airflow/example_dags/example_python_operator.py took 0.196 seconds
[2024-05-21T19:34:49.095+0000] {processor.py:161} INFO - Started process (PID=724) to work on /home/airflow/.local/lib/python3.12/site-packages/airflow/example_dags/example_python_operator.py
[2024-05-21T19:34:49.098+0000] {processor.py:830} INFO - Processing file /home/airflow/.local/lib/python3.12/site-packages/airflow/example_dags/example_python_operator.py for tasks to queue
[2024-05-21T19:34:49.104+0000] {logging_mixin.py:188} INFO - [2024-05-21T19:34:49.103+0000] {dagbag.py:545} INFO - Filling up the DagBag from /home/airflow/.local/lib/python3.12/site-packages/airflow/example_dags/example_python_operator.py
[2024-05-21T19:34:49.155+0000] {processor.py:840} INFO - DAG(s) 'example_python_operator' retrieved from /home/airflow/.local/lib/python3.12/site-packages/airflow/example_dags/example_python_operator.py
[2024-05-21T19:34:49.226+0000] {logging_mixin.py:188} INFO - [2024-05-21T19:34:49.225+0000] {dag.py:3096} INFO - Sync 1 DAGs
[2024-05-21T19:34:49.253+0000] {logging_mixin.py:188} INFO - [2024-05-21T19:34:49.252+0000] {dag.py:3954} INFO - Setting next_dagrun for example_python_operator to None, run_after=None
[2024-05-21T19:34:49.328+0000] {processor.py:183} INFO - Processing /home/airflow/.local/lib/python3.12/site-packages/airflow/example_dags/example_python_operator.py took 0.261 seconds
[2024-05-21T19:35:20.034+0000] {processor.py:161} INFO - Started process (PID=790) to work on /home/airflow/.local/lib/python3.12/site-packages/airflow/example_dags/example_python_operator.py
[2024-05-21T19:35:20.037+0000] {processor.py:830} INFO - Processing file /home/airflow/.local/lib/python3.12/site-packages/airflow/example_dags/example_python_operator.py for tasks to queue
[2024-05-21T19:35:20.048+0000] {logging_mixin.py:188} INFO - [2024-05-21T19:35:20.047+0000] {dagbag.py:545} INFO - Filling up the DagBag from /home/airflow/.local/lib/python3.12/site-packages/airflow/example_dags/example_python_operator.py
[2024-05-21T19:35:20.113+0000] {processor.py:840} INFO - DAG(s) 'example_python_operator' retrieved from /home/airflow/.local/lib/python3.12/site-packages/airflow/example_dags/example_python_operator.py
[2024-05-21T19:35:20.199+0000] {logging_mixin.py:188} INFO - [2024-05-21T19:35:20.199+0000] {dag.py:3096} INFO - Sync 1 DAGs
[2024-05-21T19:35:20.248+0000] {logging_mixin.py:188} INFO - [2024-05-21T19:35:20.248+0000] {dag.py:3954} INFO - Setting next_dagrun for example_python_operator to None, run_after=None
[2024-05-21T19:35:20.335+0000] {processor.py:183} INFO - Processing /home/airflow/.local/lib/python3.12/site-packages/airflow/example_dags/example_python_operator.py took 0.325 seconds
[2024-05-21T19:35:50.663+0000] {processor.py:161} INFO - Started process (PID=849) to work on /home/airflow/.local/lib/python3.12/site-packages/airflow/example_dags/example_python_operator.py
[2024-05-21T19:35:50.666+0000] {processor.py:830} INFO - Processing file /home/airflow/.local/lib/python3.12/site-packages/airflow/example_dags/example_python_operator.py for tasks to queue
[2024-05-21T19:35:50.669+0000] {logging_mixin.py:188} INFO - [2024-05-21T19:35:50.669+0000] {dagbag.py:545} INFO - Filling up the DagBag from /home/airflow/.local/lib/python3.12/site-packages/airflow/example_dags/example_python_operator.py
[2024-05-21T19:35:50.689+0000] {processor.py:840} INFO - DAG(s) 'example_python_operator' retrieved from /home/airflow/.local/lib/python3.12/site-packages/airflow/example_dags/example_python_operator.py
[2024-05-21T19:35:50.745+0000] {logging_mixin.py:188} INFO - [2024-05-21T19:35:50.744+0000] {dag.py:3096} INFO - Sync 1 DAGs
[2024-05-21T19:35:50.776+0000] {logging_mixin.py:188} INFO - [2024-05-21T19:35:50.775+0000] {dag.py:3954} INFO - Setting next_dagrun for example_python_operator to None, run_after=None
[2024-05-21T19:35:50.820+0000] {processor.py:183} INFO - Processing /home/airflow/.local/lib/python3.12/site-packages/airflow/example_dags/example_python_operator.py took 0.167 seconds
[2024-05-21T19:36:21.457+0000] {processor.py:161} INFO - Started process (PID=909) to work on /home/airflow/.local/lib/python3.12/site-packages/airflow/example_dags/example_python_operator.py
[2024-05-21T19:36:21.460+0000] {processor.py:830} INFO - Processing file /home/airflow/.local/lib/python3.12/site-packages/airflow/example_dags/example_python_operator.py for tasks to queue
[2024-05-21T19:36:21.468+0000] {logging_mixin.py:188} INFO - [2024-05-21T19:36:21.467+0000] {dagbag.py:545} INFO - Filling up the DagBag from /home/airflow/.local/lib/python3.12/site-packages/airflow/example_dags/example_python_operator.py
[2024-05-21T19:36:21.491+0000] {processor.py:840} INFO - DAG(s) 'example_python_operator' retrieved from /home/airflow/.local/lib/python3.12/site-packages/airflow/example_dags/example_python_operator.py
[2024-05-21T19:36:21.576+0000] {logging_mixin.py:188} INFO - [2024-05-21T19:36:21.576+0000] {dag.py:3096} INFO - Sync 1 DAGs
[2024-05-21T19:36:21.613+0000] {logging_mixin.py:188} INFO - [2024-05-21T19:36:21.613+0000] {dag.py:3954} INFO - Setting next_dagrun for example_python_operator to None, run_after=None
[2024-05-21T19:36:21.692+0000] {processor.py:183} INFO - Processing /home/airflow/.local/lib/python3.12/site-packages/airflow/example_dags/example_python_operator.py took 0.253 seconds
[2024-05-21T19:36:51.911+0000] {processor.py:161} INFO - Started process (PID=968) to work on /home/airflow/.local/lib/python3.12/site-packages/airflow/example_dags/example_python_operator.py
[2024-05-21T19:36:51.913+0000] {processor.py:830} INFO - Processing file /home/airflow/.local/lib/python3.12/site-packages/airflow/example_dags/example_python_operator.py for tasks to queue
[2024-05-21T19:36:51.919+0000] {logging_mixin.py:188} INFO - [2024-05-21T19:36:51.918+0000] {dagbag.py:545} INFO - Filling up the DagBag from /home/airflow/.local/lib/python3.12/site-packages/airflow/example_dags/example_python_operator.py
[2024-05-21T19:36:51.950+0000] {processor.py:840} INFO - DAG(s) 'example_python_operator' retrieved from /home/airflow/.local/lib/python3.12/site-packages/airflow/example_dags/example_python_operator.py
[2024-05-21T19:36:52.037+0000] {logging_mixin.py:188} INFO - [2024-05-21T19:36:52.036+0000] {dag.py:3096} INFO - Sync 1 DAGs
[2024-05-21T19:36:52.080+0000] {logging_mixin.py:188} INFO - [2024-05-21T19:36:52.079+0000] {dag.py:3954} INFO - Setting next_dagrun for example_python_operator to None, run_after=None
[2024-05-21T19:36:52.162+0000] {processor.py:183} INFO - Processing /home/airflow/.local/lib/python3.12/site-packages/airflow/example_dags/example_python_operator.py took 0.268 seconds
[2024-05-21T19:37:22.700+0000] {processor.py:161} INFO - Started process (PID=1028) to work on /home/airflow/.local/lib/python3.12/site-packages/airflow/example_dags/example_python_operator.py
[2024-05-21T19:37:22.702+0000] {processor.py:830} INFO - Processing file /home/airflow/.local/lib/python3.12/site-packages/airflow/example_dags/example_python_operator.py for tasks to queue
[2024-05-21T19:37:22.706+0000] {logging_mixin.py:188} INFO - [2024-05-21T19:37:22.705+0000] {dagbag.py:545} INFO - Filling up the DagBag from /home/airflow/.local/lib/python3.12/site-packages/airflow/example_dags/example_python_operator.py
[2024-05-21T19:37:22.728+0000] {processor.py:840} INFO - DAG(s) 'example_python_operator' retrieved from /home/airflow/.local/lib/python3.12/site-packages/airflow/example_dags/example_python_operator.py
[2024-05-21T19:37:22.774+0000] {logging_mixin.py:188} INFO - [2024-05-21T19:37:22.774+0000] {dag.py:3096} INFO - Sync 1 DAGs
[2024-05-21T19:37:22.801+0000] {logging_mixin.py:188} INFO - [2024-05-21T19:37:22.801+0000] {dag.py:3954} INFO - Setting next_dagrun for example_python_operator to None, run_after=None
[2024-05-21T19:37:22.858+0000] {processor.py:183} INFO - Processing /home/airflow/.local/lib/python3.12/site-packages/airflow/example_dags/example_python_operator.py took 0.173 seconds
[2024-05-21T19:37:54.027+0000] {processor.py:161} INFO - Started process (PID=1087) to work on /home/airflow/.local/lib/python3.12/site-packages/airflow/example_dags/example_python_operator.py
[2024-05-21T19:37:54.034+0000] {processor.py:830} INFO - Processing file /home/airflow/.local/lib/python3.12/site-packages/airflow/example_dags/example_python_operator.py for tasks to queue
[2024-05-21T19:37:54.046+0000] {logging_mixin.py:188} INFO - [2024-05-21T19:37:54.045+0000] {dagbag.py:545} INFO - Filling up the DagBag from /home/airflow/.local/lib/python3.12/site-packages/airflow/example_dags/example_python_operator.py
[2024-05-21T19:37:54.107+0000] {processor.py:840} INFO - DAG(s) 'example_python_operator' retrieved from /home/airflow/.local/lib/python3.12/site-packages/airflow/example_dags/example_python_operator.py
[2024-05-21T19:37:54.197+0000] {logging_mixin.py:188} INFO - [2024-05-21T19:37:54.196+0000] {dag.py:3096} INFO - Sync 1 DAGs
[2024-05-21T19:37:54.254+0000] {logging_mixin.py:188} INFO - [2024-05-21T19:37:54.253+0000] {dag.py:3954} INFO - Setting next_dagrun for example_python_operator to None, run_after=None
[2024-05-21T19:37:54.361+0000] {processor.py:183} INFO - Processing /home/airflow/.local/lib/python3.12/site-packages/airflow/example_dags/example_python_operator.py took 0.354 seconds
[2024-05-21T19:38:24.924+0000] {processor.py:161} INFO - Started process (PID=1147) to work on /home/airflow/.local/lib/python3.12/site-packages/airflow/example_dags/example_python_operator.py
[2024-05-21T19:38:24.927+0000] {processor.py:830} INFO - Processing file /home/airflow/.local/lib/python3.12/site-packages/airflow/example_dags/example_python_operator.py for tasks to queue
[2024-05-21T19:38:24.932+0000] {logging_mixin.py:188} INFO - [2024-05-21T19:38:24.932+0000] {dagbag.py:545} INFO - Filling up the DagBag from /home/airflow/.local/lib/python3.12/site-packages/airflow/example_dags/example_python_operator.py
[2024-05-21T19:38:24.961+0000] {processor.py:840} INFO - DAG(s) 'example_python_operator' retrieved from /home/airflow/.local/lib/python3.12/site-packages/airflow/example_dags/example_python_operator.py
[2024-05-21T19:38:25.026+0000] {logging_mixin.py:188} INFO - [2024-05-21T19:38:25.025+0000] {dag.py:3096} INFO - Sync 1 DAGs
[2024-05-21T19:38:25.060+0000] {logging_mixin.py:188} INFO - [2024-05-21T19:38:25.060+0000] {dag.py:3954} INFO - Setting next_dagrun for example_python_operator to None, run_after=None
[2024-05-21T19:38:25.124+0000] {processor.py:183} INFO - Processing /home/airflow/.local/lib/python3.12/site-packages/airflow/example_dags/example_python_operator.py took 0.216 seconds
[2024-05-21T19:38:55.241+0000] {processor.py:161} INFO - Started process (PID=1206) to work on /home/airflow/.local/lib/python3.12/site-packages/airflow/example_dags/example_python_operator.py
[2024-05-21T19:38:55.243+0000] {processor.py:830} INFO - Processing file /home/airflow/.local/lib/python3.12/site-packages/airflow/example_dags/example_python_operator.py for tasks to queue
[2024-05-21T19:38:55.249+0000] {logging_mixin.py:188} INFO - [2024-05-21T19:38:55.248+0000] {dagbag.py:545} INFO - Filling up the DagBag from /home/airflow/.local/lib/python3.12/site-packages/airflow/example_dags/example_python_operator.py
[2024-05-21T19:38:55.280+0000] {processor.py:840} INFO - DAG(s) 'example_python_operator' retrieved from /home/airflow/.local/lib/python3.12/site-packages/airflow/example_dags/example_python_operator.py
[2024-05-21T19:38:55.346+0000] {logging_mixin.py:188} INFO - [2024-05-21T19:38:55.346+0000] {dag.py:3096} INFO - Sync 1 DAGs
[2024-05-21T19:38:55.400+0000] {logging_mixin.py:188} INFO - [2024-05-21T19:38:55.400+0000] {dag.py:3954} INFO - Setting next_dagrun for example_python_operator to None, run_after=None
[2024-05-21T19:38:55.451+0000] {processor.py:183} INFO - Processing /home/airflow/.local/lib/python3.12/site-packages/airflow/example_dags/example_python_operator.py took 0.231 seconds
[2024-05-21T19:39:25.581+0000] {processor.py:161} INFO - Started process (PID=1265) to work on /home/airflow/.local/lib/python3.12/site-packages/airflow/example_dags/example_python_operator.py
[2024-05-21T19:39:25.584+0000] {processor.py:830} INFO - Processing file /home/airflow/.local/lib/python3.12/site-packages/airflow/example_dags/example_python_operator.py for tasks to queue
[2024-05-21T19:39:25.587+0000] {logging_mixin.py:188} INFO - [2024-05-21T19:39:25.587+0000] {dagbag.py:545} INFO - Filling up the DagBag from /home/airflow/.local/lib/python3.12/site-packages/airflow/example_dags/example_python_operator.py
[2024-05-21T19:39:25.606+0000] {processor.py:840} INFO - DAG(s) 'example_python_operator' retrieved from /home/airflow/.local/lib/python3.12/site-packages/airflow/example_dags/example_python_operator.py
[2024-05-21T19:39:25.661+0000] {logging_mixin.py:188} INFO - [2024-05-21T19:39:25.660+0000] {dag.py:3096} INFO - Sync 1 DAGs
[2024-05-21T19:39:25.693+0000] {logging_mixin.py:188} INFO - [2024-05-21T19:39:25.692+0000] {dag.py:3954} INFO - Setting next_dagrun for example_python_operator to None, run_after=None
[2024-05-21T19:39:25.748+0000] {processor.py:183} INFO - Processing /home/airflow/.local/lib/python3.12/site-packages/airflow/example_dags/example_python_operator.py took 0.177 seconds
[2024-05-21T19:39:57.033+0000] {processor.py:161} INFO - Started process (PID=1326) to work on /home/airflow/.local/lib/python3.12/site-packages/airflow/example_dags/example_python_operator.py
[2024-05-21T19:39:57.036+0000] {processor.py:830} INFO - Processing file /home/airflow/.local/lib/python3.12/site-packages/airflow/example_dags/example_python_operator.py for tasks to queue
[2024-05-21T19:39:57.044+0000] {logging_mixin.py:188} INFO - [2024-05-21T19:39:57.043+0000] {dagbag.py:545} INFO - Filling up the DagBag from /home/airflow/.local/lib/python3.12/site-packages/airflow/example_dags/example_python_operator.py
[2024-05-21T19:39:57.073+0000] {processor.py:840} INFO - DAG(s) 'example_python_operator' retrieved from /home/airflow/.local/lib/python3.12/site-packages/airflow/example_dags/example_python_operator.py
[2024-05-21T19:39:57.144+0000] {logging_mixin.py:188} INFO - [2024-05-21T19:39:57.142+0000] {dag.py:3096} INFO - Sync 1 DAGs
[2024-05-21T19:39:57.184+0000] {logging_mixin.py:188} INFO - [2024-05-21T19:39:57.183+0000] {dag.py:3954} INFO - Setting next_dagrun for example_python_operator to None, run_after=None
[2024-05-21T19:39:57.264+0000] {processor.py:183} INFO - Processing /home/airflow/.local/lib/python3.12/site-packages/airflow/example_dags/example_python_operator.py took 0.259 seconds
[2024-05-21T19:40:27.505+0000] {processor.py:161} INFO - Started process (PID=1385) to work on /home/airflow/.local/lib/python3.12/site-packages/airflow/example_dags/example_python_operator.py
[2024-05-21T19:40:27.508+0000] {processor.py:830} INFO - Processing file /home/airflow/.local/lib/python3.12/site-packages/airflow/example_dags/example_python_operator.py for tasks to queue
[2024-05-21T19:40:27.517+0000] {logging_mixin.py:188} INFO - [2024-05-21T19:40:27.516+0000] {dagbag.py:545} INFO - Filling up the DagBag from /home/airflow/.local/lib/python3.12/site-packages/airflow/example_dags/example_python_operator.py
[2024-05-21T19:40:27.555+0000] {processor.py:840} INFO - DAG(s) 'example_python_operator' retrieved from /home/airflow/.local/lib/python3.12/site-packages/airflow/example_dags/example_python_operator.py
[2024-05-21T19:40:27.658+0000] {logging_mixin.py:188} INFO - [2024-05-21T19:40:27.657+0000] {dag.py:3096} INFO - Sync 1 DAGs
[2024-05-21T19:40:27.721+0000] {logging_mixin.py:188} INFO - [2024-05-21T19:40:27.720+0000] {dag.py:3954} INFO - Setting next_dagrun for example_python_operator to None, run_after=None
[2024-05-21T19:40:27.828+0000] {processor.py:183} INFO - Processing /home/airflow/.local/lib/python3.12/site-packages/airflow/example_dags/example_python_operator.py took 0.347 seconds
[2024-05-21T19:40:58.123+0000] {processor.py:161} INFO - Started process (PID=1445) to work on /home/airflow/.local/lib/python3.12/site-packages/airflow/example_dags/example_python_operator.py
[2024-05-21T19:40:58.126+0000] {processor.py:830} INFO - Processing file /home/airflow/.local/lib/python3.12/site-packages/airflow/example_dags/example_python_operator.py for tasks to queue
[2024-05-21T19:40:58.131+0000] {logging_mixin.py:188} INFO - [2024-05-21T19:40:58.130+0000] {dagbag.py:545} INFO - Filling up the DagBag from /home/airflow/.local/lib/python3.12/site-packages/airflow/example_dags/example_python_operator.py
[2024-05-21T19:40:58.162+0000] {processor.py:840} INFO - DAG(s) 'example_python_operator' retrieved from /home/airflow/.local/lib/python3.12/site-packages/airflow/example_dags/example_python_operator.py
[2024-05-21T19:40:58.212+0000] {logging_mixin.py:188} INFO - [2024-05-21T19:40:58.211+0000] {dag.py:3096} INFO - Sync 1 DAGs
[2024-05-21T19:40:58.239+0000] {logging_mixin.py:188} INFO - [2024-05-21T19:40:58.238+0000] {dag.py:3954} INFO - Setting next_dagrun for example_python_operator to None, run_after=None
[2024-05-21T19:40:58.307+0000] {processor.py:183} INFO - Processing /home/airflow/.local/lib/python3.12/site-packages/airflow/example_dags/example_python_operator.py took 0.200 seconds
[2024-05-21T19:41:28.810+0000] {processor.py:161} INFO - Started process (PID=1504) to work on /home/airflow/.local/lib/python3.12/site-packages/airflow/example_dags/example_python_operator.py
[2024-05-21T19:41:28.812+0000] {processor.py:830} INFO - Processing file /home/airflow/.local/lib/python3.12/site-packages/airflow/example_dags/example_python_operator.py for tasks to queue
[2024-05-21T19:41:28.818+0000] {logging_mixin.py:188} INFO - [2024-05-21T19:41:28.817+0000] {dagbag.py:545} INFO - Filling up the DagBag from /home/airflow/.local/lib/python3.12/site-packages/airflow/example_dags/example_python_operator.py
[2024-05-21T19:41:28.843+0000] {processor.py:840} INFO - DAG(s) 'example_python_operator' retrieved from /home/airflow/.local/lib/python3.12/site-packages/airflow/example_dags/example_python_operator.py
[2024-05-21T19:41:28.910+0000] {logging_mixin.py:188} INFO - [2024-05-21T19:41:28.909+0000] {dag.py:3096} INFO - Sync 1 DAGs
[2024-05-21T19:41:28.990+0000] {logging_mixin.py:188} INFO - [2024-05-21T19:41:28.986+0000] {dag.py:3954} INFO - Setting next_dagrun for example_python_operator to None, run_after=None
[2024-05-21T19:41:29.078+0000] {processor.py:183} INFO - Processing /home/airflow/.local/lib/python3.12/site-packages/airflow/example_dags/example_python_operator.py took 0.280 seconds
[2024-05-21T19:41:59.507+0000] {processor.py:161} INFO - Started process (PID=1565) to work on /home/airflow/.local/lib/python3.12/site-packages/airflow/example_dags/example_python_operator.py
[2024-05-21T19:41:59.509+0000] {processor.py:830} INFO - Processing file /home/airflow/.local/lib/python3.12/site-packages/airflow/example_dags/example_python_operator.py for tasks to queue
[2024-05-21T19:41:59.514+0000] {logging_mixin.py:188} INFO - [2024-05-21T19:41:59.514+0000] {dagbag.py:545} INFO - Filling up the DagBag from /home/airflow/.local/lib/python3.12/site-packages/airflow/example_dags/example_python_operator.py
[2024-05-21T19:41:59.550+0000] {processor.py:840} INFO - DAG(s) 'example_python_operator' retrieved from /home/airflow/.local/lib/python3.12/site-packages/airflow/example_dags/example_python_operator.py
[2024-05-21T19:41:59.604+0000] {logging_mixin.py:188} INFO - [2024-05-21T19:41:59.603+0000] {dag.py:3096} INFO - Sync 1 DAGs
[2024-05-21T19:41:59.644+0000] {logging_mixin.py:188} INFO - [2024-05-21T19:41:59.644+0000] {dag.py:3954} INFO - Setting next_dagrun for example_python_operator to None, run_after=None
[2024-05-21T19:41:59.702+0000] {processor.py:183} INFO - Processing /home/airflow/.local/lib/python3.12/site-packages/airflow/example_dags/example_python_operator.py took 0.206 seconds
[2024-05-21T19:42:30.428+0000] {processor.py:161} INFO - Started process (PID=1625) to work on /home/airflow/.local/lib/python3.12/site-packages/airflow/example_dags/example_python_operator.py
[2024-05-21T19:42:30.432+0000] {processor.py:830} INFO - Processing file /home/airflow/.local/lib/python3.12/site-packages/airflow/example_dags/example_python_operator.py for tasks to queue
[2024-05-21T19:42:30.439+0000] {logging_mixin.py:188} INFO - [2024-05-21T19:42:30.438+0000] {dagbag.py:545} INFO - Filling up the DagBag from /home/airflow/.local/lib/python3.12/site-packages/airflow/example_dags/example_python_operator.py
[2024-05-21T19:42:30.466+0000] {processor.py:840} INFO - DAG(s) 'example_python_operator' retrieved from /home/airflow/.local/lib/python3.12/site-packages/airflow/example_dags/example_python_operator.py
[2024-05-21T19:42:30.515+0000] {logging_mixin.py:188} INFO - [2024-05-21T19:42:30.515+0000] {dag.py:3096} INFO - Sync 1 DAGs
[2024-05-21T19:42:30.541+0000] {logging_mixin.py:188} INFO - [2024-05-21T19:42:30.541+0000] {dag.py:3954} INFO - Setting next_dagrun for example_python_operator to None, run_after=None
[2024-05-21T19:42:30.604+0000] {processor.py:183} INFO - Processing /home/airflow/.local/lib/python3.12/site-packages/airflow/example_dags/example_python_operator.py took 0.194 seconds
[2024-05-21T19:43:00.737+0000] {processor.py:161} INFO - Started process (PID=1685) to work on /home/airflow/.local/lib/python3.12/site-packages/airflow/example_dags/example_python_operator.py
[2024-05-21T19:43:00.740+0000] {processor.py:830} INFO - Processing file /home/airflow/.local/lib/python3.12/site-packages/airflow/example_dags/example_python_operator.py for tasks to queue
[2024-05-21T19:43:00.746+0000] {logging_mixin.py:188} INFO - [2024-05-21T19:43:00.745+0000] {dagbag.py:545} INFO - Filling up the DagBag from /home/airflow/.local/lib/python3.12/site-packages/airflow/example_dags/example_python_operator.py
[2024-05-21T19:43:00.775+0000] {processor.py:840} INFO - DAG(s) 'example_python_operator' retrieved from /home/airflow/.local/lib/python3.12/site-packages/airflow/example_dags/example_python_operator.py
[2024-05-21T19:43:00.833+0000] {logging_mixin.py:188} INFO - [2024-05-21T19:43:00.832+0000] {dag.py:3096} INFO - Sync 1 DAGs
[2024-05-21T19:43:00.885+0000] {logging_mixin.py:188} INFO - [2024-05-21T19:43:00.885+0000] {dag.py:3954} INFO - Setting next_dagrun for example_python_operator to None, run_after=None
[2024-05-21T19:43:00.960+0000] {processor.py:183} INFO - Processing /home/airflow/.local/lib/python3.12/site-packages/airflow/example_dags/example_python_operator.py took 0.247 seconds
[2024-05-21T19:43:31.921+0000] {processor.py:161} INFO - Started process (PID=1745) to work on /home/airflow/.local/lib/python3.12/site-packages/airflow/example_dags/example_python_operator.py
[2024-05-21T19:43:31.924+0000] {processor.py:830} INFO - Processing file /home/airflow/.local/lib/python3.12/site-packages/airflow/example_dags/example_python_operator.py for tasks to queue
[2024-05-21T19:43:31.932+0000] {logging_mixin.py:188} INFO - [2024-05-21T19:43:31.931+0000] {dagbag.py:545} INFO - Filling up the DagBag from /home/airflow/.local/lib/python3.12/site-packages/airflow/example_dags/example_python_operator.py
[2024-05-21T19:43:31.968+0000] {processor.py:840} INFO - DAG(s) 'example_python_operator' retrieved from /home/airflow/.local/lib/python3.12/site-packages/airflow/example_dags/example_python_operator.py
[2024-05-21T19:43:32.031+0000] {logging_mixin.py:188} INFO - [2024-05-21T19:43:32.031+0000] {dag.py:3096} INFO - Sync 1 DAGs
[2024-05-21T19:43:32.063+0000] {logging_mixin.py:188} INFO - [2024-05-21T19:43:32.062+0000] {dag.py:3954} INFO - Setting next_dagrun for example_python_operator to None, run_after=None
[2024-05-21T19:43:32.113+0000] {processor.py:183} INFO - Processing /home/airflow/.local/lib/python3.12/site-packages/airflow/example_dags/example_python_operator.py took 0.208 seconds
[2024-05-21T19:44:02.366+0000] {processor.py:161} INFO - Started process (PID=1805) to work on /home/airflow/.local/lib/python3.12/site-packages/airflow/example_dags/example_python_operator.py
[2024-05-21T19:44:02.368+0000] {processor.py:830} INFO - Processing file /home/airflow/.local/lib/python3.12/site-packages/airflow/example_dags/example_python_operator.py for tasks to queue
[2024-05-21T19:44:02.376+0000] {logging_mixin.py:188} INFO - [2024-05-21T19:44:02.375+0000] {dagbag.py:545} INFO - Filling up the DagBag from /home/airflow/.local/lib/python3.12/site-packages/airflow/example_dags/example_python_operator.py
[2024-05-21T19:44:02.406+0000] {processor.py:840} INFO - DAG(s) 'example_python_operator' retrieved from /home/airflow/.local/lib/python3.12/site-packages/airflow/example_dags/example_python_operator.py
[2024-05-21T19:44:02.480+0000] {logging_mixin.py:188} INFO - [2024-05-21T19:44:02.480+0000] {dag.py:3096} INFO - Sync 1 DAGs
[2024-05-21T19:44:02.519+0000] {logging_mixin.py:188} INFO - [2024-05-21T19:44:02.518+0000] {dag.py:3954} INFO - Setting next_dagrun for example_python_operator to None, run_after=None
[2024-05-21T19:44:02.589+0000] {processor.py:183} INFO - Processing /home/airflow/.local/lib/python3.12/site-packages/airflow/example_dags/example_python_operator.py took 0.240 seconds
[2024-05-21T19:44:33.246+0000] {processor.py:161} INFO - Started process (PID=1865) to work on /home/airflow/.local/lib/python3.12/site-packages/airflow/example_dags/example_python_operator.py
[2024-05-21T19:44:33.249+0000] {processor.py:830} INFO - Processing file /home/airflow/.local/lib/python3.12/site-packages/airflow/example_dags/example_python_operator.py for tasks to queue
[2024-05-21T19:44:33.255+0000] {logging_mixin.py:188} INFO - [2024-05-21T19:44:33.254+0000] {dagbag.py:545} INFO - Filling up the DagBag from /home/airflow/.local/lib/python3.12/site-packages/airflow/example_dags/example_python_operator.py
[2024-05-21T19:44:33.289+0000] {processor.py:840} INFO - DAG(s) 'example_python_operator' retrieved from /home/airflow/.local/lib/python3.12/site-packages/airflow/example_dags/example_python_operator.py
[2024-05-21T19:44:33.365+0000] {logging_mixin.py:188} INFO - [2024-05-21T19:44:33.364+0000] {dag.py:3096} INFO - Sync 1 DAGs
[2024-05-21T19:44:33.409+0000] {logging_mixin.py:188} INFO - [2024-05-21T19:44:33.408+0000] {dag.py:3954} INFO - Setting next_dagrun for example_python_operator to None, run_after=None
[2024-05-21T19:44:33.474+0000] {processor.py:183} INFO - Processing /home/airflow/.local/lib/python3.12/site-packages/airflow/example_dags/example_python_operator.py took 0.247 seconds
[2024-05-21T19:45:04.097+0000] {processor.py:161} INFO - Started process (PID=1925) to work on /home/airflow/.local/lib/python3.12/site-packages/airflow/example_dags/example_python_operator.py
[2024-05-21T19:45:04.099+0000] {processor.py:830} INFO - Processing file /home/airflow/.local/lib/python3.12/site-packages/airflow/example_dags/example_python_operator.py for tasks to queue
[2024-05-21T19:45:04.104+0000] {logging_mixin.py:188} INFO - [2024-05-21T19:45:04.104+0000] {dagbag.py:545} INFO - Filling up the DagBag from /home/airflow/.local/lib/python3.12/site-packages/airflow/example_dags/example_python_operator.py
[2024-05-21T19:45:04.135+0000] {processor.py:840} INFO - DAG(s) 'example_python_operator' retrieved from /home/airflow/.local/lib/python3.12/site-packages/airflow/example_dags/example_python_operator.py
[2024-05-21T19:45:04.222+0000] {logging_mixin.py:188} INFO - [2024-05-21T19:45:04.221+0000] {dag.py:3096} INFO - Sync 1 DAGs
[2024-05-21T19:45:04.278+0000] {logging_mixin.py:188} INFO - [2024-05-21T19:45:04.277+0000] {dag.py:3954} INFO - Setting next_dagrun for example_python_operator to None, run_after=None
[2024-05-21T19:45:04.375+0000] {processor.py:183} INFO - Processing /home/airflow/.local/lib/python3.12/site-packages/airflow/example_dags/example_python_operator.py took 0.293 seconds
[2024-05-21T19:45:34.996+0000] {processor.py:161} INFO - Started process (PID=1983) to work on /home/airflow/.local/lib/python3.12/site-packages/airflow/example_dags/example_python_operator.py
[2024-05-21T19:45:34.998+0000] {processor.py:830} INFO - Processing file /home/airflow/.local/lib/python3.12/site-packages/airflow/example_dags/example_python_operator.py for tasks to queue
[2024-05-21T19:45:35.004+0000] {logging_mixin.py:188} INFO - [2024-05-21T19:45:35.003+0000] {dagbag.py:545} INFO - Filling up the DagBag from /home/airflow/.local/lib/python3.12/site-packages/airflow/example_dags/example_python_operator.py
[2024-05-21T19:45:35.040+0000] {processor.py:840} INFO - DAG(s) 'example_python_operator' retrieved from /home/airflow/.local/lib/python3.12/site-packages/airflow/example_dags/example_python_operator.py
[2024-05-21T19:45:35.130+0000] {logging_mixin.py:188} INFO - [2024-05-21T19:45:35.129+0000] {dag.py:3096} INFO - Sync 1 DAGs
[2024-05-21T19:45:35.166+0000] {logging_mixin.py:188} INFO - [2024-05-21T19:45:35.166+0000] {dag.py:3954} INFO - Setting next_dagrun for example_python_operator to None, run_after=None
[2024-05-21T19:45:35.238+0000] {processor.py:183} INFO - Processing /home/airflow/.local/lib/python3.12/site-packages/airflow/example_dags/example_python_operator.py took 0.260 seconds
[2024-05-21T19:46:05.822+0000] {processor.py:161} INFO - Started process (PID=2043) to work on /home/airflow/.local/lib/python3.12/site-packages/airflow/example_dags/example_python_operator.py
[2024-05-21T19:46:05.824+0000] {processor.py:830} INFO - Processing file /home/airflow/.local/lib/python3.12/site-packages/airflow/example_dags/example_python_operator.py for tasks to queue
[2024-05-21T19:46:05.829+0000] {logging_mixin.py:188} INFO - [2024-05-21T19:46:05.828+0000] {dagbag.py:545} INFO - Filling up the DagBag from /home/airflow/.local/lib/python3.12/site-packages/airflow/example_dags/example_python_operator.py
[2024-05-21T19:46:05.848+0000] {processor.py:840} INFO - DAG(s) 'example_python_operator' retrieved from /home/airflow/.local/lib/python3.12/site-packages/airflow/example_dags/example_python_operator.py
[2024-05-21T19:46:05.899+0000] {logging_mixin.py:188} INFO - [2024-05-21T19:46:05.899+0000] {dag.py:3096} INFO - Sync 1 DAGs
[2024-05-21T19:46:05.925+0000] {logging_mixin.py:188} INFO - [2024-05-21T19:46:05.925+0000] {dag.py:3954} INFO - Setting next_dagrun for example_python_operator to None, run_after=None
[2024-05-21T19:46:05.972+0000] {processor.py:183} INFO - Processing /home/airflow/.local/lib/python3.12/site-packages/airflow/example_dags/example_python_operator.py took 0.169 seconds
[2024-05-21T19:46:36.185+0000] {processor.py:161} INFO - Started process (PID=2103) to work on /home/airflow/.local/lib/python3.12/site-packages/airflow/example_dags/example_python_operator.py
[2024-05-21T19:46:36.188+0000] {processor.py:830} INFO - Processing file /home/airflow/.local/lib/python3.12/site-packages/airflow/example_dags/example_python_operator.py for tasks to queue
[2024-05-21T19:46:36.192+0000] {logging_mixin.py:188} INFO - [2024-05-21T19:46:36.192+0000] {dagbag.py:545} INFO - Filling up the DagBag from /home/airflow/.local/lib/python3.12/site-packages/airflow/example_dags/example_python_operator.py
[2024-05-21T19:46:36.215+0000] {processor.py:840} INFO - DAG(s) 'example_python_operator' retrieved from /home/airflow/.local/lib/python3.12/site-packages/airflow/example_dags/example_python_operator.py
[2024-05-21T19:46:36.281+0000] {logging_mixin.py:188} INFO - [2024-05-21T19:46:36.280+0000] {dag.py:3096} INFO - Sync 1 DAGs
[2024-05-21T19:46:36.308+0000] {logging_mixin.py:188} INFO - [2024-05-21T19:46:36.307+0000] {dag.py:3954} INFO - Setting next_dagrun for example_python_operator to None, run_after=None
[2024-05-21T19:46:36.361+0000] {processor.py:183} INFO - Processing /home/airflow/.local/lib/python3.12/site-packages/airflow/example_dags/example_python_operator.py took 0.189 seconds
[2024-05-21T19:47:07.114+0000] {processor.py:161} INFO - Started process (PID=2163) to work on /home/airflow/.local/lib/python3.12/site-packages/airflow/example_dags/example_python_operator.py
[2024-05-21T19:47:07.117+0000] {processor.py:830} INFO - Processing file /home/airflow/.local/lib/python3.12/site-packages/airflow/example_dags/example_python_operator.py for tasks to queue
[2024-05-21T19:47:07.123+0000] {logging_mixin.py:188} INFO - [2024-05-21T19:47:07.122+0000] {dagbag.py:545} INFO - Filling up the DagBag from /home/airflow/.local/lib/python3.12/site-packages/airflow/example_dags/example_python_operator.py
[2024-05-21T19:47:07.154+0000] {processor.py:840} INFO - DAG(s) 'example_python_operator' retrieved from /home/airflow/.local/lib/python3.12/site-packages/airflow/example_dags/example_python_operator.py
[2024-05-21T19:47:07.239+0000] {logging_mixin.py:188} INFO - [2024-05-21T19:47:07.238+0000] {dag.py:3096} INFO - Sync 1 DAGs
[2024-05-21T19:47:07.327+0000] {logging_mixin.py:188} INFO - [2024-05-21T19:47:07.326+0000] {dag.py:3954} INFO - Setting next_dagrun for example_python_operator to None, run_after=None
[2024-05-21T19:47:07.444+0000] {processor.py:183} INFO - Processing /home/airflow/.local/lib/python3.12/site-packages/airflow/example_dags/example_python_operator.py took 0.349 seconds
[2024-05-21T19:47:38.071+0000] {processor.py:161} INFO - Started process (PID=2223) to work on /home/airflow/.local/lib/python3.12/site-packages/airflow/example_dags/example_python_operator.py
[2024-05-21T19:47:38.074+0000] {processor.py:830} INFO - Processing file /home/airflow/.local/lib/python3.12/site-packages/airflow/example_dags/example_python_operator.py for tasks to queue
[2024-05-21T19:47:38.080+0000] {logging_mixin.py:188} INFO - [2024-05-21T19:47:38.079+0000] {dagbag.py:545} INFO - Filling up the DagBag from /home/airflow/.local/lib/python3.12/site-packages/airflow/example_dags/example_python_operator.py
[2024-05-21T19:47:38.103+0000] {processor.py:840} INFO - DAG(s) 'example_python_operator' retrieved from /home/airflow/.local/lib/python3.12/site-packages/airflow/example_dags/example_python_operator.py
[2024-05-21T19:47:38.179+0000] {logging_mixin.py:188} INFO - [2024-05-21T19:47:38.178+0000] {dag.py:3096} INFO - Sync 1 DAGs
[2024-05-21T19:47:38.215+0000] {logging_mixin.py:188} INFO - [2024-05-21T19:47:38.214+0000] {dag.py:3954} INFO - Setting next_dagrun for example_python_operator to None, run_after=None
[2024-05-21T19:47:38.301+0000] {processor.py:183} INFO - Processing /home/airflow/.local/lib/python3.12/site-packages/airflow/example_dags/example_python_operator.py took 0.247 seconds
[2024-05-21T19:48:08.519+0000] {processor.py:161} INFO - Started process (PID=2282) to work on /home/airflow/.local/lib/python3.12/site-packages/airflow/example_dags/example_python_operator.py
[2024-05-21T19:48:08.522+0000] {processor.py:830} INFO - Processing file /home/airflow/.local/lib/python3.12/site-packages/airflow/example_dags/example_python_operator.py for tasks to queue
[2024-05-21T19:48:08.528+0000] {logging_mixin.py:188} INFO - [2024-05-21T19:48:08.527+0000] {dagbag.py:545} INFO - Filling up the DagBag from /home/airflow/.local/lib/python3.12/site-packages/airflow/example_dags/example_python_operator.py
[2024-05-21T19:48:08.555+0000] {processor.py:840} INFO - DAG(s) 'example_python_operator' retrieved from /home/airflow/.local/lib/python3.12/site-packages/airflow/example_dags/example_python_operator.py
[2024-05-21T19:48:08.629+0000] {logging_mixin.py:188} INFO - [2024-05-21T19:48:08.628+0000] {dag.py:3096} INFO - Sync 1 DAGs
[2024-05-21T19:48:08.668+0000] {logging_mixin.py:188} INFO - [2024-05-21T19:48:08.667+0000] {dag.py:3954} INFO - Setting next_dagrun for example_python_operator to None, run_after=None
[2024-05-21T19:48:08.787+0000] {processor.py:183} INFO - Processing /home/airflow/.local/lib/python3.12/site-packages/airflow/example_dags/example_python_operator.py took 0.284 seconds
[2024-05-21T19:48:38.982+0000] {processor.py:161} INFO - Started process (PID=2340) to work on /home/airflow/.local/lib/python3.12/site-packages/airflow/example_dags/example_python_operator.py
[2024-05-21T19:48:38.987+0000] {processor.py:830} INFO - Processing file /home/airflow/.local/lib/python3.12/site-packages/airflow/example_dags/example_python_operator.py for tasks to queue
[2024-05-21T19:48:38.992+0000] {logging_mixin.py:188} INFO - [2024-05-21T19:48:38.991+0000] {dagbag.py:545} INFO - Filling up the DagBag from /home/airflow/.local/lib/python3.12/site-packages/airflow/example_dags/example_python_operator.py
[2024-05-21T19:48:39.016+0000] {processor.py:840} INFO - DAG(s) 'example_python_operator' retrieved from /home/airflow/.local/lib/python3.12/site-packages/airflow/example_dags/example_python_operator.py
[2024-05-21T19:48:39.099+0000] {logging_mixin.py:188} INFO - [2024-05-21T19:48:39.098+0000] {dag.py:3096} INFO - Sync 1 DAGs
[2024-05-21T19:48:39.148+0000] {logging_mixin.py:188} INFO - [2024-05-21T19:48:39.148+0000] {dag.py:3954} INFO - Setting next_dagrun for example_python_operator to None, run_after=None
[2024-05-21T19:48:39.232+0000] {processor.py:183} INFO - Processing /home/airflow/.local/lib/python3.12/site-packages/airflow/example_dags/example_python_operator.py took 0.267 seconds
[2024-05-21T19:49:09.354+0000] {processor.py:161} INFO - Started process (PID=2400) to work on /home/airflow/.local/lib/python3.12/site-packages/airflow/example_dags/example_python_operator.py
[2024-05-21T19:49:09.356+0000] {processor.py:830} INFO - Processing file /home/airflow/.local/lib/python3.12/site-packages/airflow/example_dags/example_python_operator.py for tasks to queue
[2024-05-21T19:49:09.359+0000] {logging_mixin.py:188} INFO - [2024-05-21T19:49:09.359+0000] {dagbag.py:545} INFO - Filling up the DagBag from /home/airflow/.local/lib/python3.12/site-packages/airflow/example_dags/example_python_operator.py
[2024-05-21T19:49:09.386+0000] {processor.py:840} INFO - DAG(s) 'example_python_operator' retrieved from /home/airflow/.local/lib/python3.12/site-packages/airflow/example_dags/example_python_operator.py
[2024-05-21T19:49:09.437+0000] {logging_mixin.py:188} INFO - [2024-05-21T19:49:09.436+0000] {dag.py:3096} INFO - Sync 1 DAGs
[2024-05-21T19:49:09.462+0000] {logging_mixin.py:188} INFO - [2024-05-21T19:49:09.461+0000] {dag.py:3954} INFO - Setting next_dagrun for example_python_operator to None, run_after=None
[2024-05-21T19:49:09.517+0000] {processor.py:183} INFO - Processing /home/airflow/.local/lib/python3.12/site-packages/airflow/example_dags/example_python_operator.py took 0.177 seconds
[2024-05-21T19:49:39.843+0000] {processor.py:161} INFO - Started process (PID=2460) to work on /home/airflow/.local/lib/python3.12/site-packages/airflow/example_dags/example_python_operator.py
[2024-05-21T19:49:39.845+0000] {processor.py:830} INFO - Processing file /home/airflow/.local/lib/python3.12/site-packages/airflow/example_dags/example_python_operator.py for tasks to queue
[2024-05-21T19:49:39.855+0000] {logging_mixin.py:188} INFO - [2024-05-21T19:49:39.854+0000] {dagbag.py:545} INFO - Filling up the DagBag from /home/airflow/.local/lib/python3.12/site-packages/airflow/example_dags/example_python_operator.py
[2024-05-21T19:49:39.879+0000] {processor.py:840} INFO - DAG(s) 'example_python_operator' retrieved from /home/airflow/.local/lib/python3.12/site-packages/airflow/example_dags/example_python_operator.py
[2024-05-21T19:49:39.939+0000] {logging_mixin.py:188} INFO - [2024-05-21T19:49:39.939+0000] {dag.py:3096} INFO - Sync 1 DAGs
[2024-05-21T19:49:39.979+0000] {logging_mixin.py:188} INFO - [2024-05-21T19:49:39.978+0000] {dag.py:3954} INFO - Setting next_dagrun for example_python_operator to None, run_after=None
[2024-05-21T19:49:40.051+0000] {processor.py:183} INFO - Processing /home/airflow/.local/lib/python3.12/site-packages/airflow/example_dags/example_python_operator.py took 0.220 seconds
[2024-05-21T19:50:10.637+0000] {processor.py:161} INFO - Started process (PID=2520) to work on /home/airflow/.local/lib/python3.12/site-packages/airflow/example_dags/example_python_operator.py
[2024-05-21T19:50:10.640+0000] {processor.py:830} INFO - Processing file /home/airflow/.local/lib/python3.12/site-packages/airflow/example_dags/example_python_operator.py for tasks to queue
[2024-05-21T19:50:10.649+0000] {logging_mixin.py:188} INFO - [2024-05-21T19:50:10.648+0000] {dagbag.py:545} INFO - Filling up the DagBag from /home/airflow/.local/lib/python3.12/site-packages/airflow/example_dags/example_python_operator.py
[2024-05-21T19:50:10.682+0000] {processor.py:840} INFO - DAG(s) 'example_python_operator' retrieved from /home/airflow/.local/lib/python3.12/site-packages/airflow/example_dags/example_python_operator.py
[2024-05-21T19:50:10.751+0000] {logging_mixin.py:188} INFO - [2024-05-21T19:50:10.750+0000] {dag.py:3096} INFO - Sync 1 DAGs
[2024-05-21T19:50:10.819+0000] {logging_mixin.py:188} INFO - [2024-05-21T19:50:10.817+0000] {dag.py:3954} INFO - Setting next_dagrun for example_python_operator to None, run_after=None
[2024-05-21T19:50:10.928+0000] {processor.py:183} INFO - Processing /home/airflow/.local/lib/python3.12/site-packages/airflow/example_dags/example_python_operator.py took 0.311 seconds
[2024-05-21T19:50:41.063+0000] {processor.py:161} INFO - Started process (PID=2580) to work on /home/airflow/.local/lib/python3.12/site-packages/airflow/example_dags/example_python_operator.py
[2024-05-21T19:50:41.065+0000] {processor.py:830} INFO - Processing file /home/airflow/.local/lib/python3.12/site-packages/airflow/example_dags/example_python_operator.py for tasks to queue
[2024-05-21T19:50:41.070+0000] {logging_mixin.py:188} INFO - [2024-05-21T19:50:41.070+0000] {dagbag.py:545} INFO - Filling up the DagBag from /home/airflow/.local/lib/python3.12/site-packages/airflow/example_dags/example_python_operator.py
[2024-05-21T19:50:41.091+0000] {processor.py:840} INFO - DAG(s) 'example_python_operator' retrieved from /home/airflow/.local/lib/python3.12/site-packages/airflow/example_dags/example_python_operator.py
[2024-05-21T19:50:41.159+0000] {logging_mixin.py:188} INFO - [2024-05-21T19:50:41.158+0000] {dag.py:3096} INFO - Sync 1 DAGs
[2024-05-21T19:50:41.186+0000] {logging_mixin.py:188} INFO - [2024-05-21T19:50:41.186+0000] {dag.py:3954} INFO - Setting next_dagrun for example_python_operator to None, run_after=None
[2024-05-21T19:50:41.270+0000] {processor.py:183} INFO - Processing /home/airflow/.local/lib/python3.12/site-packages/airflow/example_dags/example_python_operator.py took 0.220 seconds
[2024-05-21T19:51:11.992+0000] {processor.py:161} INFO - Started process (PID=2640) to work on /home/airflow/.local/lib/python3.12/site-packages/airflow/example_dags/example_python_operator.py
[2024-05-21T19:51:11.994+0000] {processor.py:830} INFO - Processing file /home/airflow/.local/lib/python3.12/site-packages/airflow/example_dags/example_python_operator.py for tasks to queue
[2024-05-21T19:51:11.999+0000] {logging_mixin.py:188} INFO - [2024-05-21T19:51:11.998+0000] {dagbag.py:545} INFO - Filling up the DagBag from /home/airflow/.local/lib/python3.12/site-packages/airflow/example_dags/example_python_operator.py
[2024-05-21T19:51:12.030+0000] {processor.py:840} INFO - DAG(s) 'example_python_operator' retrieved from /home/airflow/.local/lib/python3.12/site-packages/airflow/example_dags/example_python_operator.py
[2024-05-21T19:51:12.117+0000] {logging_mixin.py:188} INFO - [2024-05-21T19:51:12.115+0000] {dag.py:3096} INFO - Sync 1 DAGs
[2024-05-21T19:51:12.156+0000] {logging_mixin.py:188} INFO - [2024-05-21T19:51:12.155+0000] {dag.py:3954} INFO - Setting next_dagrun for example_python_operator to None, run_after=None
[2024-05-21T19:51:12.219+0000] {processor.py:183} INFO - Processing /home/airflow/.local/lib/python3.12/site-packages/airflow/example_dags/example_python_operator.py took 0.241 seconds
[2024-05-21T19:54:49.587+0000] {processor.py:161} INFO - Started process (PID=65) to work on /home/airflow/.local/lib/python3.12/site-packages/airflow/example_dags/example_python_operator.py
[2024-05-21T19:54:49.591+0000] {processor.py:830} INFO - Processing file /home/airflow/.local/lib/python3.12/site-packages/airflow/example_dags/example_python_operator.py for tasks to queue
[2024-05-21T19:54:49.595+0000] {logging_mixin.py:188} INFO - [2024-05-21T19:54:49.595+0000] {dagbag.py:545} INFO - Filling up the DagBag from /home/airflow/.local/lib/python3.12/site-packages/airflow/example_dags/example_python_operator.py
[2024-05-21T19:54:49.617+0000] {processor.py:840} INFO - DAG(s) 'example_python_operator' retrieved from /home/airflow/.local/lib/python3.12/site-packages/airflow/example_dags/example_python_operator.py
[2024-05-21T19:54:49.925+0000] {logging_mixin.py:188} INFO - [2024-05-21T19:54:49.925+0000] {dag.py:3096} INFO - Sync 1 DAGs
[2024-05-21T19:54:49.952+0000] {logging_mixin.py:188} INFO - [2024-05-21T19:54:49.951+0000] {dag.py:3954} INFO - Setting next_dagrun for example_python_operator to None, run_after=None
[2024-05-21T19:54:50.015+0000] {processor.py:183} INFO - Processing /home/airflow/.local/lib/python3.12/site-packages/airflow/example_dags/example_python_operator.py took 0.441 seconds
[2024-05-21T19:55:20.741+0000] {processor.py:161} INFO - Started process (PID=125) to work on /home/airflow/.local/lib/python3.12/site-packages/airflow/example_dags/example_python_operator.py
[2024-05-21T19:55:20.744+0000] {processor.py:830} INFO - Processing file /home/airflow/.local/lib/python3.12/site-packages/airflow/example_dags/example_python_operator.py for tasks to queue
[2024-05-21T19:55:20.752+0000] {logging_mixin.py:188} INFO - [2024-05-21T19:55:20.751+0000] {dagbag.py:545} INFO - Filling up the DagBag from /home/airflow/.local/lib/python3.12/site-packages/airflow/example_dags/example_python_operator.py
[2024-05-21T19:55:20.790+0000] {processor.py:840} INFO - DAG(s) 'example_python_operator' retrieved from /home/airflow/.local/lib/python3.12/site-packages/airflow/example_dags/example_python_operator.py
[2024-05-21T19:55:20.881+0000] {logging_mixin.py:188} INFO - [2024-05-21T19:55:20.879+0000] {dag.py:3096} INFO - Sync 1 DAGs
[2024-05-21T19:55:20.932+0000] {logging_mixin.py:188} INFO - [2024-05-21T19:55:20.932+0000] {dag.py:3954} INFO - Setting next_dagrun for example_python_operator to None, run_after=None
[2024-05-21T19:55:21.020+0000] {processor.py:183} INFO - Processing /home/airflow/.local/lib/python3.12/site-packages/airflow/example_dags/example_python_operator.py took 0.299 seconds
[2024-05-21T19:55:51.190+0000] {processor.py:161} INFO - Started process (PID=184) to work on /home/airflow/.local/lib/python3.12/site-packages/airflow/example_dags/example_python_operator.py
[2024-05-21T19:55:51.191+0000] {processor.py:830} INFO - Processing file /home/airflow/.local/lib/python3.12/site-packages/airflow/example_dags/example_python_operator.py for tasks to queue
[2024-05-21T19:55:51.196+0000] {logging_mixin.py:188} INFO - [2024-05-21T19:55:51.195+0000] {dagbag.py:545} INFO - Filling up the DagBag from /home/airflow/.local/lib/python3.12/site-packages/airflow/example_dags/example_python_operator.py
[2024-05-21T19:55:51.224+0000] {processor.py:840} INFO - DAG(s) 'example_python_operator' retrieved from /home/airflow/.local/lib/python3.12/site-packages/airflow/example_dags/example_python_operator.py
[2024-05-21T19:55:51.276+0000] {logging_mixin.py:188} INFO - [2024-05-21T19:55:51.274+0000] {dag.py:3096} INFO - Sync 1 DAGs
[2024-05-21T19:55:51.328+0000] {logging_mixin.py:188} INFO - [2024-05-21T19:55:51.327+0000] {dag.py:3954} INFO - Setting next_dagrun for example_python_operator to None, run_after=None
[2024-05-21T19:55:51.377+0000] {processor.py:183} INFO - Processing /home/airflow/.local/lib/python3.12/site-packages/airflow/example_dags/example_python_operator.py took 0.201 seconds
[2024-05-21T19:56:22.491+0000] {processor.py:161} INFO - Started process (PID=244) to work on /home/airflow/.local/lib/python3.12/site-packages/airflow/example_dags/example_python_operator.py
[2024-05-21T19:56:22.497+0000] {processor.py:830} INFO - Processing file /home/airflow/.local/lib/python3.12/site-packages/airflow/example_dags/example_python_operator.py for tasks to queue
[2024-05-21T19:56:22.503+0000] {logging_mixin.py:188} INFO - [2024-05-21T19:56:22.502+0000] {dagbag.py:545} INFO - Filling up the DagBag from /home/airflow/.local/lib/python3.12/site-packages/airflow/example_dags/example_python_operator.py
[2024-05-21T19:56:22.538+0000] {processor.py:840} INFO - DAG(s) 'example_python_operator' retrieved from /home/airflow/.local/lib/python3.12/site-packages/airflow/example_dags/example_python_operator.py
[2024-05-21T19:56:22.630+0000] {logging_mixin.py:188} INFO - [2024-05-21T19:56:22.620+0000] {dag.py:3096} INFO - Sync 1 DAGs
[2024-05-21T19:56:22.679+0000] {logging_mixin.py:188} INFO - [2024-05-21T19:56:22.677+0000] {dag.py:3954} INFO - Setting next_dagrun for example_python_operator to None, run_after=None
[2024-05-21T19:56:22.777+0000] {processor.py:183} INFO - Processing /home/airflow/.local/lib/python3.12/site-packages/airflow/example_dags/example_python_operator.py took 0.303 seconds
[2024-05-21T19:56:53.382+0000] {processor.py:161} INFO - Started process (PID=304) to work on /home/airflow/.local/lib/python3.12/site-packages/airflow/example_dags/example_python_operator.py
[2024-05-21T19:56:53.385+0000] {processor.py:830} INFO - Processing file /home/airflow/.local/lib/python3.12/site-packages/airflow/example_dags/example_python_operator.py for tasks to queue
[2024-05-21T19:56:53.391+0000] {logging_mixin.py:188} INFO - [2024-05-21T19:56:53.390+0000] {dagbag.py:545} INFO - Filling up the DagBag from /home/airflow/.local/lib/python3.12/site-packages/airflow/example_dags/example_python_operator.py
[2024-05-21T19:56:53.419+0000] {processor.py:840} INFO - DAG(s) 'example_python_operator' retrieved from /home/airflow/.local/lib/python3.12/site-packages/airflow/example_dags/example_python_operator.py
[2024-05-21T19:56:53.474+0000] {logging_mixin.py:188} INFO - [2024-05-21T19:56:53.474+0000] {dag.py:3096} INFO - Sync 1 DAGs
[2024-05-21T19:56:53.504+0000] {logging_mixin.py:188} INFO - [2024-05-21T19:56:53.503+0000] {dag.py:3954} INFO - Setting next_dagrun for example_python_operator to None, run_after=None
[2024-05-21T19:56:53.560+0000] {processor.py:183} INFO - Processing /home/airflow/.local/lib/python3.12/site-packages/airflow/example_dags/example_python_operator.py took 0.198 seconds
[2024-05-21T19:57:23.701+0000] {processor.py:161} INFO - Started process (PID=364) to work on /home/airflow/.local/lib/python3.12/site-packages/airflow/example_dags/example_python_operator.py
[2024-05-21T19:57:23.703+0000] {processor.py:830} INFO - Processing file /home/airflow/.local/lib/python3.12/site-packages/airflow/example_dags/example_python_operator.py for tasks to queue
[2024-05-21T19:57:23.706+0000] {logging_mixin.py:188} INFO - [2024-05-21T19:57:23.706+0000] {dagbag.py:545} INFO - Filling up the DagBag from /home/airflow/.local/lib/python3.12/site-packages/airflow/example_dags/example_python_operator.py
[2024-05-21T19:57:23.723+0000] {processor.py:840} INFO - DAG(s) 'example_python_operator' retrieved from /home/airflow/.local/lib/python3.12/site-packages/airflow/example_dags/example_python_operator.py
[2024-05-21T19:57:23.778+0000] {logging_mixin.py:188} INFO - [2024-05-21T19:57:23.778+0000] {dag.py:3096} INFO - Sync 1 DAGs
[2024-05-21T19:57:23.825+0000] {logging_mixin.py:188} INFO - [2024-05-21T19:57:23.825+0000] {dag.py:3954} INFO - Setting next_dagrun for example_python_operator to None, run_after=None
[2024-05-21T19:57:23.910+0000] {processor.py:183} INFO - Processing /home/airflow/.local/lib/python3.12/site-packages/airflow/example_dags/example_python_operator.py took 0.218 seconds
[2024-05-21T19:57:54.566+0000] {processor.py:161} INFO - Started process (PID=424) to work on /home/airflow/.local/lib/python3.12/site-packages/airflow/example_dags/example_python_operator.py
[2024-05-21T19:57:54.569+0000] {processor.py:830} INFO - Processing file /home/airflow/.local/lib/python3.12/site-packages/airflow/example_dags/example_python_operator.py for tasks to queue
[2024-05-21T19:57:54.575+0000] {logging_mixin.py:188} INFO - [2024-05-21T19:57:54.574+0000] {dagbag.py:545} INFO - Filling up the DagBag from /home/airflow/.local/lib/python3.12/site-packages/airflow/example_dags/example_python_operator.py
[2024-05-21T19:57:54.604+0000] {processor.py:840} INFO - DAG(s) 'example_python_operator' retrieved from /home/airflow/.local/lib/python3.12/site-packages/airflow/example_dags/example_python_operator.py
[2024-05-21T19:57:54.662+0000] {logging_mixin.py:188} INFO - [2024-05-21T19:57:54.661+0000] {dag.py:3096} INFO - Sync 1 DAGs
[2024-05-21T19:57:54.706+0000] {logging_mixin.py:188} INFO - [2024-05-21T19:57:54.705+0000] {dag.py:3954} INFO - Setting next_dagrun for example_python_operator to None, run_after=None
[2024-05-21T19:57:54.798+0000] {processor.py:183} INFO - Processing /home/airflow/.local/lib/python3.12/site-packages/airflow/example_dags/example_python_operator.py took 0.249 seconds
[2024-05-21T19:58:25.634+0000] {processor.py:161} INFO - Started process (PID=484) to work on /home/airflow/.local/lib/python3.12/site-packages/airflow/example_dags/example_python_operator.py
[2024-05-21T19:58:25.637+0000] {processor.py:830} INFO - Processing file /home/airflow/.local/lib/python3.12/site-packages/airflow/example_dags/example_python_operator.py for tasks to queue
[2024-05-21T19:58:25.647+0000] {logging_mixin.py:188} INFO - [2024-05-21T19:58:25.644+0000] {dagbag.py:545} INFO - Filling up the DagBag from /home/airflow/.local/lib/python3.12/site-packages/airflow/example_dags/example_python_operator.py
[2024-05-21T19:58:25.758+0000] {processor.py:840} INFO - DAG(s) 'example_python_operator' retrieved from /home/airflow/.local/lib/python3.12/site-packages/airflow/example_dags/example_python_operator.py
[2024-05-21T19:58:25.833+0000] {logging_mixin.py:188} INFO - [2024-05-21T19:58:25.833+0000] {dag.py:3096} INFO - Sync 1 DAGs
[2024-05-21T19:58:25.940+0000] {logging_mixin.py:188} INFO - [2024-05-21T19:58:25.935+0000] {dag.py:3954} INFO - Setting next_dagrun for example_python_operator to None, run_after=None
[2024-05-21T19:58:25.994+0000] {processor.py:183} INFO - Processing /home/airflow/.local/lib/python3.12/site-packages/airflow/example_dags/example_python_operator.py took 0.380 seconds
[2024-05-21T19:58:57.350+0000] {processor.py:161} INFO - Started process (PID=544) to work on /home/airflow/.local/lib/python3.12/site-packages/airflow/example_dags/example_python_operator.py
[2024-05-21T19:58:57.352+0000] {processor.py:830} INFO - Processing file /home/airflow/.local/lib/python3.12/site-packages/airflow/example_dags/example_python_operator.py for tasks to queue
[2024-05-21T19:58:57.357+0000] {logging_mixin.py:188} INFO - [2024-05-21T19:58:57.356+0000] {dagbag.py:545} INFO - Filling up the DagBag from /home/airflow/.local/lib/python3.12/site-packages/airflow/example_dags/example_python_operator.py
[2024-05-21T19:58:57.381+0000] {processor.py:840} INFO - DAG(s) 'example_python_operator' retrieved from /home/airflow/.local/lib/python3.12/site-packages/airflow/example_dags/example_python_operator.py
[2024-05-21T19:58:57.444+0000] {logging_mixin.py:188} INFO - [2024-05-21T19:58:57.444+0000] {dag.py:3096} INFO - Sync 1 DAGs
[2024-05-21T19:58:57.481+0000] {logging_mixin.py:188} INFO - [2024-05-21T19:58:57.481+0000] {dag.py:3954} INFO - Setting next_dagrun for example_python_operator to None, run_after=None
[2024-05-21T19:58:57.582+0000] {processor.py:183} INFO - Processing /home/airflow/.local/lib/python3.12/site-packages/airflow/example_dags/example_python_operator.py took 0.248 seconds
[2024-05-21T19:59:29.014+0000] {processor.py:161} INFO - Started process (PID=604) to work on /home/airflow/.local/lib/python3.12/site-packages/airflow/example_dags/example_python_operator.py
[2024-05-21T19:59:29.017+0000] {processor.py:830} INFO - Processing file /home/airflow/.local/lib/python3.12/site-packages/airflow/example_dags/example_python_operator.py for tasks to queue
[2024-05-21T19:59:29.024+0000] {logging_mixin.py:188} INFO - [2024-05-21T19:59:29.023+0000] {dagbag.py:545} INFO - Filling up the DagBag from /home/airflow/.local/lib/python3.12/site-packages/airflow/example_dags/example_python_operator.py
[2024-05-21T19:59:29.053+0000] {processor.py:840} INFO - DAG(s) 'example_python_operator' retrieved from /home/airflow/.local/lib/python3.12/site-packages/airflow/example_dags/example_python_operator.py
[2024-05-21T19:59:29.112+0000] {logging_mixin.py:188} INFO - [2024-05-21T19:59:29.111+0000] {dag.py:3096} INFO - Sync 1 DAGs
[2024-05-21T19:59:29.139+0000] {logging_mixin.py:188} INFO - [2024-05-21T19:59:29.138+0000] {dag.py:3954} INFO - Setting next_dagrun for example_python_operator to None, run_after=None
[2024-05-21T19:59:29.197+0000] {processor.py:183} INFO - Processing /home/airflow/.local/lib/python3.12/site-packages/airflow/example_dags/example_python_operator.py took 0.200 seconds
[2024-05-21T20:00:00.594+0000] {processor.py:161} INFO - Started process (PID=664) to work on /home/airflow/.local/lib/python3.12/site-packages/airflow/example_dags/example_python_operator.py
[2024-05-21T20:00:00.597+0000] {processor.py:830} INFO - Processing file /home/airflow/.local/lib/python3.12/site-packages/airflow/example_dags/example_python_operator.py for tasks to queue
[2024-05-21T20:00:00.602+0000] {logging_mixin.py:188} INFO - [2024-05-21T20:00:00.602+0000] {dagbag.py:545} INFO - Filling up the DagBag from /home/airflow/.local/lib/python3.12/site-packages/airflow/example_dags/example_python_operator.py
[2024-05-21T20:00:00.636+0000] {processor.py:840} INFO - DAG(s) 'example_python_operator' retrieved from /home/airflow/.local/lib/python3.12/site-packages/airflow/example_dags/example_python_operator.py
[2024-05-21T20:00:00.707+0000] {logging_mixin.py:188} INFO - [2024-05-21T20:00:00.706+0000] {dag.py:3096} INFO - Sync 1 DAGs
[2024-05-21T20:00:00.748+0000] {logging_mixin.py:188} INFO - [2024-05-21T20:00:00.747+0000] {dag.py:3954} INFO - Setting next_dagrun for example_python_operator to None, run_after=None
[2024-05-21T20:00:00.821+0000] {processor.py:183} INFO - Processing /home/airflow/.local/lib/python3.12/site-packages/airflow/example_dags/example_python_operator.py took 0.244 seconds
[2024-05-21T20:00:32.412+0000] {processor.py:161} INFO - Started process (PID=724) to work on /home/airflow/.local/lib/python3.12/site-packages/airflow/example_dags/example_python_operator.py
[2024-05-21T20:00:32.415+0000] {processor.py:830} INFO - Processing file /home/airflow/.local/lib/python3.12/site-packages/airflow/example_dags/example_python_operator.py for tasks to queue
[2024-05-21T20:00:32.420+0000] {logging_mixin.py:188} INFO - [2024-05-21T20:00:32.419+0000] {dagbag.py:545} INFO - Filling up the DagBag from /home/airflow/.local/lib/python3.12/site-packages/airflow/example_dags/example_python_operator.py
[2024-05-21T20:00:32.449+0000] {processor.py:840} INFO - DAG(s) 'example_python_operator' retrieved from /home/airflow/.local/lib/python3.12/site-packages/airflow/example_dags/example_python_operator.py
[2024-05-21T20:00:32.522+0000] {logging_mixin.py:188} INFO - [2024-05-21T20:00:32.521+0000] {dag.py:3096} INFO - Sync 1 DAGs
[2024-05-21T20:00:32.558+0000] {logging_mixin.py:188} INFO - [2024-05-21T20:00:32.557+0000] {dag.py:3954} INFO - Setting next_dagrun for example_python_operator to None, run_after=None
[2024-05-21T20:00:32.629+0000] {processor.py:183} INFO - Processing /home/airflow/.local/lib/python3.12/site-packages/airflow/example_dags/example_python_operator.py took 0.233 seconds
[2024-05-21T20:01:04.502+0000] {processor.py:161} INFO - Started process (PID=784) to work on /home/airflow/.local/lib/python3.12/site-packages/airflow/example_dags/example_python_operator.py
[2024-05-21T20:01:04.505+0000] {processor.py:830} INFO - Processing file /home/airflow/.local/lib/python3.12/site-packages/airflow/example_dags/example_python_operator.py for tasks to queue
[2024-05-21T20:01:04.510+0000] {logging_mixin.py:188} INFO - [2024-05-21T20:01:04.509+0000] {dagbag.py:545} INFO - Filling up the DagBag from /home/airflow/.local/lib/python3.12/site-packages/airflow/example_dags/example_python_operator.py
[2024-05-21T20:01:04.535+0000] {processor.py:840} INFO - DAG(s) 'example_python_operator' retrieved from /home/airflow/.local/lib/python3.12/site-packages/airflow/example_dags/example_python_operator.py
[2024-05-21T20:01:04.603+0000] {logging_mixin.py:188} INFO - [2024-05-21T20:01:04.602+0000] {dag.py:3096} INFO - Sync 1 DAGs
[2024-05-21T20:01:04.660+0000] {logging_mixin.py:188} INFO - [2024-05-21T20:01:04.659+0000] {dag.py:3954} INFO - Setting next_dagrun for example_python_operator to None, run_after=None
[2024-05-21T20:01:04.739+0000] {processor.py:183} INFO - Processing /home/airflow/.local/lib/python3.12/site-packages/airflow/example_dags/example_python_operator.py took 0.248 seconds
[2024-05-21T20:01:35.306+0000] {processor.py:161} INFO - Started process (PID=850) to work on /home/airflow/.local/lib/python3.12/site-packages/airflow/example_dags/example_python_operator.py
[2024-05-21T20:01:35.309+0000] {processor.py:830} INFO - Processing file /home/airflow/.local/lib/python3.12/site-packages/airflow/example_dags/example_python_operator.py for tasks to queue
[2024-05-21T20:01:35.315+0000] {logging_mixin.py:188} INFO - [2024-05-21T20:01:35.314+0000] {dagbag.py:545} INFO - Filling up the DagBag from /home/airflow/.local/lib/python3.12/site-packages/airflow/example_dags/example_python_operator.py
[2024-05-21T20:01:35.344+0000] {processor.py:840} INFO - DAG(s) 'example_python_operator' retrieved from /home/airflow/.local/lib/python3.12/site-packages/airflow/example_dags/example_python_operator.py
[2024-05-21T20:01:35.409+0000] {logging_mixin.py:188} INFO - [2024-05-21T20:01:35.408+0000] {dag.py:3096} INFO - Sync 1 DAGs
[2024-05-21T20:01:35.451+0000] {logging_mixin.py:188} INFO - [2024-05-21T20:01:35.450+0000] {dag.py:3954} INFO - Setting next_dagrun for example_python_operator to None, run_after=None
[2024-05-21T20:01:35.590+0000] {processor.py:183} INFO - Processing /home/airflow/.local/lib/python3.12/site-packages/airflow/example_dags/example_python_operator.py took 0.303 seconds
[2024-05-21T20:02:06.290+0000] {processor.py:161} INFO - Started process (PID=910) to work on /home/airflow/.local/lib/python3.12/site-packages/airflow/example_dags/example_python_operator.py
[2024-05-21T20:02:06.292+0000] {processor.py:830} INFO - Processing file /home/airflow/.local/lib/python3.12/site-packages/airflow/example_dags/example_python_operator.py for tasks to queue
[2024-05-21T20:02:06.296+0000] {logging_mixin.py:188} INFO - [2024-05-21T20:02:06.296+0000] {dagbag.py:545} INFO - Filling up the DagBag from /home/airflow/.local/lib/python3.12/site-packages/airflow/example_dags/example_python_operator.py
[2024-05-21T20:02:06.323+0000] {processor.py:840} INFO - DAG(s) 'example_python_operator' retrieved from /home/airflow/.local/lib/python3.12/site-packages/airflow/example_dags/example_python_operator.py
[2024-05-21T20:02:06.408+0000] {logging_mixin.py:188} INFO - [2024-05-21T20:02:06.407+0000] {dag.py:3096} INFO - Sync 1 DAGs
[2024-05-21T20:02:06.440+0000] {logging_mixin.py:188} INFO - [2024-05-21T20:02:06.439+0000] {dag.py:3954} INFO - Setting next_dagrun for example_python_operator to None, run_after=None
[2024-05-21T20:02:06.511+0000] {processor.py:183} INFO - Processing /home/airflow/.local/lib/python3.12/site-packages/airflow/example_dags/example_python_operator.py took 0.234 seconds
[2024-05-21T20:02:36.604+0000] {processor.py:161} INFO - Started process (PID=968) to work on /home/airflow/.local/lib/python3.12/site-packages/airflow/example_dags/example_python_operator.py
[2024-05-21T20:02:36.607+0000] {processor.py:830} INFO - Processing file /home/airflow/.local/lib/python3.12/site-packages/airflow/example_dags/example_python_operator.py for tasks to queue
[2024-05-21T20:02:36.614+0000] {logging_mixin.py:188} INFO - [2024-05-21T20:02:36.613+0000] {dagbag.py:545} INFO - Filling up the DagBag from /home/airflow/.local/lib/python3.12/site-packages/airflow/example_dags/example_python_operator.py
[2024-05-21T20:02:36.643+0000] {processor.py:840} INFO - DAG(s) 'example_python_operator' retrieved from /home/airflow/.local/lib/python3.12/site-packages/airflow/example_dags/example_python_operator.py
[2024-05-21T20:02:36.707+0000] {logging_mixin.py:188} INFO - [2024-05-21T20:02:36.706+0000] {dag.py:3096} INFO - Sync 1 DAGs
[2024-05-21T20:02:36.751+0000] {logging_mixin.py:188} INFO - [2024-05-21T20:02:36.751+0000] {dag.py:3954} INFO - Setting next_dagrun for example_python_operator to None, run_after=None
[2024-05-21T20:02:36.815+0000] {processor.py:183} INFO - Processing /home/airflow/.local/lib/python3.12/site-packages/airflow/example_dags/example_python_operator.py took 0.227 seconds
