[2024-05-21T19:29:05.916+0000] {processor.py:161} INFO - Started process (PID=64) to work on /home/airflow/.local/lib/python3.12/site-packages/airflow/example_dags/example_bash_operator.py
[2024-05-21T19:29:05.918+0000] {processor.py:830} INFO - Processing file /home/airflow/.local/lib/python3.12/site-packages/airflow/example_dags/example_bash_operator.py for tasks to queue
[2024-05-21T19:29:05.924+0000] {logging_mixin.py:188} INFO - [2024-05-21T19:29:05.923+0000] {dagbag.py:545} INFO - Filling up the DagBag from /home/airflow/.local/lib/python3.12/site-packages/airflow/example_dags/example_bash_operator.py
[2024-05-21T19:29:05.950+0000] {processor.py:840} INFO - DAG(s) 'example_bash_operator' retrieved from /home/airflow/.local/lib/python3.12/site-packages/airflow/example_dags/example_bash_operator.py
[2024-05-21T19:29:06.339+0000] {logging_mixin.py:188} INFO - [2024-05-21T19:29:06.339+0000] {dag.py:3096} INFO - Sync 1 DAGs
[2024-05-21T19:29:06.402+0000] {logging_mixin.py:188} INFO - [2024-05-21T19:29:06.401+0000] {dag.py:3954} INFO - Setting next_dagrun for example_bash_operator to 2024-05-20 00:00:00+00:00, run_after=2024-05-21 00:00:00+00:00
[2024-05-21T19:29:06.470+0000] {processor.py:183} INFO - Processing /home/airflow/.local/lib/python3.12/site-packages/airflow/example_dags/example_bash_operator.py took 0.570 seconds
[2024-05-21T19:29:37.276+0000] {processor.py:161} INFO - Started process (PID=124) to work on /home/airflow/.local/lib/python3.12/site-packages/airflow/example_dags/example_bash_operator.py
[2024-05-21T19:29:37.279+0000] {processor.py:830} INFO - Processing file /home/airflow/.local/lib/python3.12/site-packages/airflow/example_dags/example_bash_operator.py for tasks to queue
[2024-05-21T19:29:37.284+0000] {logging_mixin.py:188} INFO - [2024-05-21T19:29:37.284+0000] {dagbag.py:545} INFO - Filling up the DagBag from /home/airflow/.local/lib/python3.12/site-packages/airflow/example_dags/example_bash_operator.py
[2024-05-21T19:29:37.307+0000] {processor.py:840} INFO - DAG(s) 'example_bash_operator' retrieved from /home/airflow/.local/lib/python3.12/site-packages/airflow/example_dags/example_bash_operator.py
[2024-05-21T19:29:37.401+0000] {logging_mixin.py:188} INFO - [2024-05-21T19:29:37.400+0000] {dag.py:3096} INFO - Sync 1 DAGs
[2024-05-21T19:29:37.535+0000] {logging_mixin.py:188} INFO - [2024-05-21T19:29:37.535+0000] {dag.py:3954} INFO - Setting next_dagrun for example_bash_operator to 2024-05-20 00:00:00+00:00, run_after=2024-05-21 00:00:00+00:00
[2024-05-21T19:29:37.689+0000] {processor.py:183} INFO - Processing /home/airflow/.local/lib/python3.12/site-packages/airflow/example_dags/example_bash_operator.py took 0.433 seconds
[2024-05-21T19:30:08.310+0000] {processor.py:161} INFO - Started process (PID=184) to work on /home/airflow/.local/lib/python3.12/site-packages/airflow/example_dags/example_bash_operator.py
[2024-05-21T19:30:08.313+0000] {processor.py:830} INFO - Processing file /home/airflow/.local/lib/python3.12/site-packages/airflow/example_dags/example_bash_operator.py for tasks to queue
[2024-05-21T19:30:08.318+0000] {logging_mixin.py:188} INFO - [2024-05-21T19:30:08.317+0000] {dagbag.py:545} INFO - Filling up the DagBag from /home/airflow/.local/lib/python3.12/site-packages/airflow/example_dags/example_bash_operator.py
[2024-05-21T19:30:08.355+0000] {processor.py:840} INFO - DAG(s) 'example_bash_operator' retrieved from /home/airflow/.local/lib/python3.12/site-packages/airflow/example_dags/example_bash_operator.py
[2024-05-21T19:30:08.428+0000] {logging_mixin.py:188} INFO - [2024-05-21T19:30:08.427+0000] {dag.py:3096} INFO - Sync 1 DAGs
[2024-05-21T19:30:08.497+0000] {logging_mixin.py:188} INFO - [2024-05-21T19:30:08.496+0000] {dag.py:3954} INFO - Setting next_dagrun for example_bash_operator to 2024-05-20 00:00:00+00:00, run_after=2024-05-21 00:00:00+00:00
[2024-05-21T19:30:08.567+0000] {processor.py:183} INFO - Processing /home/airflow/.local/lib/python3.12/site-packages/airflow/example_dags/example_bash_operator.py took 0.275 seconds
[2024-05-21T19:30:39.100+0000] {processor.py:161} INFO - Started process (PID=244) to work on /home/airflow/.local/lib/python3.12/site-packages/airflow/example_dags/example_bash_operator.py
[2024-05-21T19:30:39.103+0000] {processor.py:830} INFO - Processing file /home/airflow/.local/lib/python3.12/site-packages/airflow/example_dags/example_bash_operator.py for tasks to queue
[2024-05-21T19:30:39.109+0000] {logging_mixin.py:188} INFO - [2024-05-21T19:30:39.108+0000] {dagbag.py:545} INFO - Filling up the DagBag from /home/airflow/.local/lib/python3.12/site-packages/airflow/example_dags/example_bash_operator.py
[2024-05-21T19:30:39.134+0000] {processor.py:840} INFO - DAG(s) 'example_bash_operator' retrieved from /home/airflow/.local/lib/python3.12/site-packages/airflow/example_dags/example_bash_operator.py
[2024-05-21T19:30:39.209+0000] {logging_mixin.py:188} INFO - [2024-05-21T19:30:39.208+0000] {dag.py:3096} INFO - Sync 1 DAGs
[2024-05-21T19:30:39.289+0000] {logging_mixin.py:188} INFO - [2024-05-21T19:30:39.289+0000] {dag.py:3954} INFO - Setting next_dagrun for example_bash_operator to 2024-05-20 00:00:00+00:00, run_after=2024-05-21 00:00:00+00:00
[2024-05-21T19:30:39.345+0000] {processor.py:183} INFO - Processing /home/airflow/.local/lib/python3.12/site-packages/airflow/example_dags/example_bash_operator.py took 0.261 seconds
[2024-05-21T19:31:10.235+0000] {processor.py:161} INFO - Started process (PID=304) to work on /home/airflow/.local/lib/python3.12/site-packages/airflow/example_dags/example_bash_operator.py
[2024-05-21T19:31:10.237+0000] {processor.py:830} INFO - Processing file /home/airflow/.local/lib/python3.12/site-packages/airflow/example_dags/example_bash_operator.py for tasks to queue
[2024-05-21T19:31:10.250+0000] {logging_mixin.py:188} INFO - [2024-05-21T19:31:10.244+0000] {dagbag.py:545} INFO - Filling up the DagBag from /home/airflow/.local/lib/python3.12/site-packages/airflow/example_dags/example_bash_operator.py
[2024-05-21T19:31:10.290+0000] {processor.py:840} INFO - DAG(s) 'example_bash_operator' retrieved from /home/airflow/.local/lib/python3.12/site-packages/airflow/example_dags/example_bash_operator.py
[2024-05-21T19:31:10.403+0000] {logging_mixin.py:188} INFO - [2024-05-21T19:31:10.402+0000] {dag.py:3096} INFO - Sync 1 DAGs
[2024-05-21T19:31:10.552+0000] {logging_mixin.py:188} INFO - [2024-05-21T19:31:10.552+0000] {dag.py:3954} INFO - Setting next_dagrun for example_bash_operator to 2024-05-20 00:00:00+00:00, run_after=2024-05-21 00:00:00+00:00
[2024-05-21T19:31:10.617+0000] {processor.py:183} INFO - Processing /home/airflow/.local/lib/python3.12/site-packages/airflow/example_dags/example_bash_operator.py took 0.397 seconds
[2024-05-21T19:31:41.067+0000] {processor.py:161} INFO - Started process (PID=364) to work on /home/airflow/.local/lib/python3.12/site-packages/airflow/example_dags/example_bash_operator.py
[2024-05-21T19:31:41.069+0000] {processor.py:830} INFO - Processing file /home/airflow/.local/lib/python3.12/site-packages/airflow/example_dags/example_bash_operator.py for tasks to queue
[2024-05-21T19:31:41.074+0000] {logging_mixin.py:188} INFO - [2024-05-21T19:31:41.073+0000] {dagbag.py:545} INFO - Filling up the DagBag from /home/airflow/.local/lib/python3.12/site-packages/airflow/example_dags/example_bash_operator.py
[2024-05-21T19:31:41.101+0000] {processor.py:840} INFO - DAG(s) 'example_bash_operator' retrieved from /home/airflow/.local/lib/python3.12/site-packages/airflow/example_dags/example_bash_operator.py
[2024-05-21T19:31:41.191+0000] {logging_mixin.py:188} INFO - [2024-05-21T19:31:41.190+0000] {dag.py:3096} INFO - Sync 1 DAGs
[2024-05-21T19:31:41.297+0000] {logging_mixin.py:188} INFO - [2024-05-21T19:31:41.296+0000] {dag.py:3954} INFO - Setting next_dagrun for example_bash_operator to 2024-05-20 00:00:00+00:00, run_after=2024-05-21 00:00:00+00:00
[2024-05-21T19:31:41.414+0000] {processor.py:183} INFO - Processing /home/airflow/.local/lib/python3.12/site-packages/airflow/example_dags/example_bash_operator.py took 0.362 seconds
[2024-05-21T19:32:13.313+0000] {processor.py:161} INFO - Started process (PID=424) to work on /home/airflow/.local/lib/python3.12/site-packages/airflow/example_dags/example_bash_operator.py
[2024-05-21T19:32:13.317+0000] {processor.py:830} INFO - Processing file /home/airflow/.local/lib/python3.12/site-packages/airflow/example_dags/example_bash_operator.py for tasks to queue
[2024-05-21T19:32:13.322+0000] {logging_mixin.py:188} INFO - [2024-05-21T19:32:13.321+0000] {dagbag.py:545} INFO - Filling up the DagBag from /home/airflow/.local/lib/python3.12/site-packages/airflow/example_dags/example_bash_operator.py
[2024-05-21T19:32:13.348+0000] {processor.py:840} INFO - DAG(s) 'example_bash_operator' retrieved from /home/airflow/.local/lib/python3.12/site-packages/airflow/example_dags/example_bash_operator.py
[2024-05-21T19:32:13.419+0000] {logging_mixin.py:188} INFO - [2024-05-21T19:32:13.418+0000] {dag.py:3096} INFO - Sync 1 DAGs
[2024-05-21T19:32:13.470+0000] {logging_mixin.py:188} INFO - [2024-05-21T19:32:13.469+0000] {dag.py:3954} INFO - Setting next_dagrun for example_bash_operator to 2024-05-20 00:00:00+00:00, run_after=2024-05-21 00:00:00+00:00
[2024-05-21T19:32:13.536+0000] {processor.py:183} INFO - Processing /home/airflow/.local/lib/python3.12/site-packages/airflow/example_dags/example_bash_operator.py took 0.238 seconds
[2024-05-21T19:32:46.242+0000] {processor.py:161} INFO - Started process (PID=485) to work on /home/airflow/.local/lib/python3.12/site-packages/airflow/example_dags/example_bash_operator.py
[2024-05-21T19:32:46.245+0000] {processor.py:830} INFO - Processing file /home/airflow/.local/lib/python3.12/site-packages/airflow/example_dags/example_bash_operator.py for tasks to queue
[2024-05-21T19:32:46.251+0000] {logging_mixin.py:188} INFO - [2024-05-21T19:32:46.250+0000] {dagbag.py:545} INFO - Filling up the DagBag from /home/airflow/.local/lib/python3.12/site-packages/airflow/example_dags/example_bash_operator.py
[2024-05-21T19:32:46.285+0000] {processor.py:840} INFO - DAG(s) 'example_bash_operator' retrieved from /home/airflow/.local/lib/python3.12/site-packages/airflow/example_dags/example_bash_operator.py
[2024-05-21T19:32:46.396+0000] {logging_mixin.py:188} INFO - [2024-05-21T19:32:46.395+0000] {dag.py:3096} INFO - Sync 1 DAGs
[2024-05-21T19:32:46.469+0000] {logging_mixin.py:188} INFO - [2024-05-21T19:32:46.468+0000] {dag.py:3954} INFO - Setting next_dagrun for example_bash_operator to 2024-05-20 00:00:00+00:00, run_after=2024-05-21 00:00:00+00:00
[2024-05-21T19:32:46.533+0000] {processor.py:183} INFO - Processing /home/airflow/.local/lib/python3.12/site-packages/airflow/example_dags/example_bash_operator.py took 0.314 seconds
[2024-05-21T19:33:17.168+0000] {processor.py:161} INFO - Started process (PID=545) to work on /home/airflow/.local/lib/python3.12/site-packages/airflow/example_dags/example_bash_operator.py
[2024-05-21T19:33:17.172+0000] {processor.py:830} INFO - Processing file /home/airflow/.local/lib/python3.12/site-packages/airflow/example_dags/example_bash_operator.py for tasks to queue
[2024-05-21T19:33:17.179+0000] {logging_mixin.py:188} INFO - [2024-05-21T19:33:17.178+0000] {dagbag.py:545} INFO - Filling up the DagBag from /home/airflow/.local/lib/python3.12/site-packages/airflow/example_dags/example_bash_operator.py
[2024-05-21T19:33:17.210+0000] {processor.py:840} INFO - DAG(s) 'example_bash_operator' retrieved from /home/airflow/.local/lib/python3.12/site-packages/airflow/example_dags/example_bash_operator.py
[2024-05-21T19:33:17.281+0000] {logging_mixin.py:188} INFO - [2024-05-21T19:33:17.280+0000] {dag.py:3096} INFO - Sync 1 DAGs
[2024-05-21T19:33:17.358+0000] {logging_mixin.py:188} INFO - [2024-05-21T19:33:17.357+0000] {dag.py:3954} INFO - Setting next_dagrun for example_bash_operator to 2024-05-20 00:00:00+00:00, run_after=2024-05-21 00:00:00+00:00
[2024-05-21T19:33:17.451+0000] {processor.py:183} INFO - Processing /home/airflow/.local/lib/python3.12/site-packages/airflow/example_dags/example_bash_operator.py took 0.305 seconds
[2024-05-21T19:33:47.836+0000] {processor.py:161} INFO - Started process (PID=604) to work on /home/airflow/.local/lib/python3.12/site-packages/airflow/example_dags/example_bash_operator.py
[2024-05-21T19:33:47.839+0000] {processor.py:830} INFO - Processing file /home/airflow/.local/lib/python3.12/site-packages/airflow/example_dags/example_bash_operator.py for tasks to queue
[2024-05-21T19:33:47.854+0000] {logging_mixin.py:188} INFO - [2024-05-21T19:33:47.849+0000] {dagbag.py:545} INFO - Filling up the DagBag from /home/airflow/.local/lib/python3.12/site-packages/airflow/example_dags/example_bash_operator.py
[2024-05-21T19:33:47.887+0000] {processor.py:840} INFO - DAG(s) 'example_bash_operator' retrieved from /home/airflow/.local/lib/python3.12/site-packages/airflow/example_dags/example_bash_operator.py
[2024-05-21T19:33:47.992+0000] {logging_mixin.py:188} INFO - [2024-05-21T19:33:47.991+0000] {dag.py:3096} INFO - Sync 1 DAGs
[2024-05-21T19:33:48.081+0000] {logging_mixin.py:188} INFO - [2024-05-21T19:33:48.080+0000] {dag.py:3954} INFO - Setting next_dagrun for example_bash_operator to 2024-05-20 00:00:00+00:00, run_after=2024-05-21 00:00:00+00:00
[2024-05-21T19:33:48.168+0000] {processor.py:183} INFO - Processing /home/airflow/.local/lib/python3.12/site-packages/airflow/example_dags/example_bash_operator.py took 0.347 seconds
[2024-05-21T19:34:18.441+0000] {processor.py:161} INFO - Started process (PID=663) to work on /home/airflow/.local/lib/python3.12/site-packages/airflow/example_dags/example_bash_operator.py
[2024-05-21T19:34:18.443+0000] {processor.py:830} INFO - Processing file /home/airflow/.local/lib/python3.12/site-packages/airflow/example_dags/example_bash_operator.py for tasks to queue
[2024-05-21T19:34:18.448+0000] {logging_mixin.py:188} INFO - [2024-05-21T19:34:18.447+0000] {dagbag.py:545} INFO - Filling up the DagBag from /home/airflow/.local/lib/python3.12/site-packages/airflow/example_dags/example_bash_operator.py
[2024-05-21T19:34:18.481+0000] {processor.py:840} INFO - DAG(s) 'example_bash_operator' retrieved from /home/airflow/.local/lib/python3.12/site-packages/airflow/example_dags/example_bash_operator.py
[2024-05-21T19:34:18.572+0000] {logging_mixin.py:188} INFO - [2024-05-21T19:34:18.572+0000] {dag.py:3096} INFO - Sync 1 DAGs
[2024-05-21T19:34:18.629+0000] {logging_mixin.py:188} INFO - [2024-05-21T19:34:18.628+0000] {dag.py:3954} INFO - Setting next_dagrun for example_bash_operator to 2024-05-20 00:00:00+00:00, run_after=2024-05-21 00:00:00+00:00
[2024-05-21T19:34:18.680+0000] {processor.py:183} INFO - Processing /home/airflow/.local/lib/python3.12/site-packages/airflow/example_dags/example_bash_operator.py took 0.250 seconds
[2024-05-21T19:34:49.080+0000] {processor.py:161} INFO - Started process (PID=723) to work on /home/airflow/.local/lib/python3.12/site-packages/airflow/example_dags/example_bash_operator.py
[2024-05-21T19:34:49.082+0000] {processor.py:830} INFO - Processing file /home/airflow/.local/lib/python3.12/site-packages/airflow/example_dags/example_bash_operator.py for tasks to queue
[2024-05-21T19:34:49.089+0000] {logging_mixin.py:188} INFO - [2024-05-21T19:34:49.089+0000] {dagbag.py:545} INFO - Filling up the DagBag from /home/airflow/.local/lib/python3.12/site-packages/airflow/example_dags/example_bash_operator.py
[2024-05-21T19:34:49.131+0000] {processor.py:840} INFO - DAG(s) 'example_bash_operator' retrieved from /home/airflow/.local/lib/python3.12/site-packages/airflow/example_dags/example_bash_operator.py
[2024-05-21T19:34:49.222+0000] {logging_mixin.py:188} INFO - [2024-05-21T19:34:49.221+0000] {dag.py:3096} INFO - Sync 1 DAGs
[2024-05-21T19:34:49.334+0000] {logging_mixin.py:188} INFO - [2024-05-21T19:34:49.333+0000] {dag.py:3954} INFO - Setting next_dagrun for example_bash_operator to 2024-05-20 00:00:00+00:00, run_after=2024-05-21 00:00:00+00:00
[2024-05-21T19:34:49.426+0000] {processor.py:183} INFO - Processing /home/airflow/.local/lib/python3.12/site-packages/airflow/example_dags/example_bash_operator.py took 0.360 seconds
[2024-05-21T19:35:19.670+0000] {processor.py:161} INFO - Started process (PID=783) to work on /home/airflow/.local/lib/python3.12/site-packages/airflow/example_dags/example_bash_operator.py
[2024-05-21T19:35:19.672+0000] {processor.py:830} INFO - Processing file /home/airflow/.local/lib/python3.12/site-packages/airflow/example_dags/example_bash_operator.py for tasks to queue
[2024-05-21T19:35:19.678+0000] {logging_mixin.py:188} INFO - [2024-05-21T19:35:19.677+0000] {dagbag.py:545} INFO - Filling up the DagBag from /home/airflow/.local/lib/python3.12/site-packages/airflow/example_dags/example_bash_operator.py
[2024-05-21T19:35:19.719+0000] {processor.py:840} INFO - DAG(s) 'example_bash_operator' retrieved from /home/airflow/.local/lib/python3.12/site-packages/airflow/example_dags/example_bash_operator.py
[2024-05-21T19:35:19.837+0000] {logging_mixin.py:188} INFO - [2024-05-21T19:35:19.835+0000] {dag.py:3096} INFO - Sync 1 DAGs
[2024-05-21T19:35:20.003+0000] {logging_mixin.py:188} INFO - [2024-05-21T19:35:20.001+0000] {dag.py:3954} INFO - Setting next_dagrun for example_bash_operator to 2024-05-20 00:00:00+00:00, run_after=2024-05-21 00:00:00+00:00
[2024-05-21T19:35:20.127+0000] {processor.py:183} INFO - Processing /home/airflow/.local/lib/python3.12/site-packages/airflow/example_dags/example_bash_operator.py took 0.475 seconds
[2024-05-21T19:35:50.389+0000] {processor.py:161} INFO - Started process (PID=848) to work on /home/airflow/.local/lib/python3.12/site-packages/airflow/example_dags/example_bash_operator.py
[2024-05-21T19:35:50.392+0000] {processor.py:830} INFO - Processing file /home/airflow/.local/lib/python3.12/site-packages/airflow/example_dags/example_bash_operator.py for tasks to queue
[2024-05-21T19:35:50.397+0000] {logging_mixin.py:188} INFO - [2024-05-21T19:35:50.397+0000] {dagbag.py:545} INFO - Filling up the DagBag from /home/airflow/.local/lib/python3.12/site-packages/airflow/example_dags/example_bash_operator.py
[2024-05-21T19:35:50.419+0000] {processor.py:840} INFO - DAG(s) 'example_bash_operator' retrieved from /home/airflow/.local/lib/python3.12/site-packages/airflow/example_dags/example_bash_operator.py
[2024-05-21T19:35:50.479+0000] {logging_mixin.py:188} INFO - [2024-05-21T19:35:50.479+0000] {dag.py:3096} INFO - Sync 1 DAGs
[2024-05-21T19:35:50.533+0000] {logging_mixin.py:188} INFO - [2024-05-21T19:35:50.532+0000] {dag.py:3954} INFO - Setting next_dagrun for example_bash_operator to 2024-05-20 00:00:00+00:00, run_after=2024-05-21 00:00:00+00:00
[2024-05-21T19:35:50.588+0000] {processor.py:183} INFO - Processing /home/airflow/.local/lib/python3.12/site-packages/airflow/example_dags/example_bash_operator.py took 0.213 seconds
[2024-05-21T19:36:21.095+0000] {processor.py:161} INFO - Started process (PID=908) to work on /home/airflow/.local/lib/python3.12/site-packages/airflow/example_dags/example_bash_operator.py
[2024-05-21T19:36:21.098+0000] {processor.py:830} INFO - Processing file /home/airflow/.local/lib/python3.12/site-packages/airflow/example_dags/example_bash_operator.py for tasks to queue
[2024-05-21T19:36:21.105+0000] {logging_mixin.py:188} INFO - [2024-05-21T19:36:21.104+0000] {dagbag.py:545} INFO - Filling up the DagBag from /home/airflow/.local/lib/python3.12/site-packages/airflow/example_dags/example_bash_operator.py
[2024-05-21T19:36:21.131+0000] {processor.py:840} INFO - DAG(s) 'example_bash_operator' retrieved from /home/airflow/.local/lib/python3.12/site-packages/airflow/example_dags/example_bash_operator.py
[2024-05-21T19:36:21.215+0000] {logging_mixin.py:188} INFO - [2024-05-21T19:36:21.214+0000] {dag.py:3096} INFO - Sync 1 DAGs
[2024-05-21T19:36:21.275+0000] {logging_mixin.py:188} INFO - [2024-05-21T19:36:21.275+0000] {dag.py:3954} INFO - Setting next_dagrun for example_bash_operator to 2024-05-20 00:00:00+00:00, run_after=2024-05-21 00:00:00+00:00
[2024-05-21T19:36:21.364+0000] {processor.py:183} INFO - Processing /home/airflow/.local/lib/python3.12/site-packages/airflow/example_dags/example_bash_operator.py took 0.301 seconds
[2024-05-21T19:36:51.519+0000] {processor.py:161} INFO - Started process (PID=967) to work on /home/airflow/.local/lib/python3.12/site-packages/airflow/example_dags/example_bash_operator.py
[2024-05-21T19:36:51.522+0000] {processor.py:830} INFO - Processing file /home/airflow/.local/lib/python3.12/site-packages/airflow/example_dags/example_bash_operator.py for tasks to queue
[2024-05-21T19:36:51.531+0000] {logging_mixin.py:188} INFO - [2024-05-21T19:36:51.528+0000] {dagbag.py:545} INFO - Filling up the DagBag from /home/airflow/.local/lib/python3.12/site-packages/airflow/example_dags/example_bash_operator.py
[2024-05-21T19:36:51.562+0000] {processor.py:840} INFO - DAG(s) 'example_bash_operator' retrieved from /home/airflow/.local/lib/python3.12/site-packages/airflow/example_dags/example_bash_operator.py
[2024-05-21T19:36:51.678+0000] {logging_mixin.py:188} INFO - [2024-05-21T19:36:51.677+0000] {dag.py:3096} INFO - Sync 1 DAGs
[2024-05-21T19:36:51.747+0000] {logging_mixin.py:188} INFO - [2024-05-21T19:36:51.746+0000] {dag.py:3954} INFO - Setting next_dagrun for example_bash_operator to 2024-05-20 00:00:00+00:00, run_after=2024-05-21 00:00:00+00:00
[2024-05-21T19:36:51.821+0000] {processor.py:183} INFO - Processing /home/airflow/.local/lib/python3.12/site-packages/airflow/example_dags/example_bash_operator.py took 0.330 seconds
[2024-05-21T19:37:22.434+0000] {processor.py:161} INFO - Started process (PID=1027) to work on /home/airflow/.local/lib/python3.12/site-packages/airflow/example_dags/example_bash_operator.py
[2024-05-21T19:37:22.437+0000] {processor.py:830} INFO - Processing file /home/airflow/.local/lib/python3.12/site-packages/airflow/example_dags/example_bash_operator.py for tasks to queue
[2024-05-21T19:37:22.442+0000] {logging_mixin.py:188} INFO - [2024-05-21T19:37:22.441+0000] {dagbag.py:545} INFO - Filling up the DagBag from /home/airflow/.local/lib/python3.12/site-packages/airflow/example_dags/example_bash_operator.py
[2024-05-21T19:37:22.471+0000] {processor.py:840} INFO - DAG(s) 'example_bash_operator' retrieved from /home/airflow/.local/lib/python3.12/site-packages/airflow/example_dags/example_bash_operator.py
[2024-05-21T19:37:22.547+0000] {logging_mixin.py:188} INFO - [2024-05-21T19:37:22.546+0000] {dag.py:3096} INFO - Sync 1 DAGs
[2024-05-21T19:37:22.606+0000] {logging_mixin.py:188} INFO - [2024-05-21T19:37:22.606+0000] {dag.py:3954} INFO - Setting next_dagrun for example_bash_operator to 2024-05-20 00:00:00+00:00, run_after=2024-05-21 00:00:00+00:00
[2024-05-21T19:37:22.669+0000] {processor.py:183} INFO - Processing /home/airflow/.local/lib/python3.12/site-packages/airflow/example_dags/example_bash_operator.py took 0.249 seconds
[2024-05-21T19:37:53.903+0000] {processor.py:161} INFO - Started process (PID=1086) to work on /home/airflow/.local/lib/python3.12/site-packages/airflow/example_dags/example_bash_operator.py
[2024-05-21T19:37:53.906+0000] {processor.py:830} INFO - Processing file /home/airflow/.local/lib/python3.12/site-packages/airflow/example_dags/example_bash_operator.py for tasks to queue
[2024-05-21T19:37:53.912+0000] {logging_mixin.py:188} INFO - [2024-05-21T19:37:53.911+0000] {dagbag.py:545} INFO - Filling up the DagBag from /home/airflow/.local/lib/python3.12/site-packages/airflow/example_dags/example_bash_operator.py
[2024-05-21T19:37:53.949+0000] {processor.py:840} INFO - DAG(s) 'example_bash_operator' retrieved from /home/airflow/.local/lib/python3.12/site-packages/airflow/example_dags/example_bash_operator.py
[2024-05-21T19:37:54.043+0000] {logging_mixin.py:188} INFO - [2024-05-21T19:37:54.042+0000] {dag.py:3096} INFO - Sync 1 DAGs
[2024-05-21T19:37:54.128+0000] {logging_mixin.py:188} INFO - [2024-05-21T19:37:54.127+0000] {dag.py:3954} INFO - Setting next_dagrun for example_bash_operator to 2024-05-20 00:00:00+00:00, run_after=2024-05-21 00:00:00+00:00
[2024-05-21T19:37:54.230+0000] {processor.py:183} INFO - Processing /home/airflow/.local/lib/python3.12/site-packages/airflow/example_dags/example_bash_operator.py took 0.345 seconds
[2024-05-21T19:38:24.564+0000] {processor.py:161} INFO - Started process (PID=1146) to work on /home/airflow/.local/lib/python3.12/site-packages/airflow/example_dags/example_bash_operator.py
[2024-05-21T19:38:24.566+0000] {processor.py:830} INFO - Processing file /home/airflow/.local/lib/python3.12/site-packages/airflow/example_dags/example_bash_operator.py for tasks to queue
[2024-05-21T19:38:24.572+0000] {logging_mixin.py:188} INFO - [2024-05-21T19:38:24.571+0000] {dagbag.py:545} INFO - Filling up the DagBag from /home/airflow/.local/lib/python3.12/site-packages/airflow/example_dags/example_bash_operator.py
[2024-05-21T19:38:24.622+0000] {processor.py:840} INFO - DAG(s) 'example_bash_operator' retrieved from /home/airflow/.local/lib/python3.12/site-packages/airflow/example_dags/example_bash_operator.py
[2024-05-21T19:38:24.700+0000] {logging_mixin.py:188} INFO - [2024-05-21T19:38:24.700+0000] {dag.py:3096} INFO - Sync 1 DAGs
[2024-05-21T19:38:24.764+0000] {logging_mixin.py:188} INFO - [2024-05-21T19:38:24.764+0000] {dag.py:3954} INFO - Setting next_dagrun for example_bash_operator to 2024-05-20 00:00:00+00:00, run_after=2024-05-21 00:00:00+00:00
[2024-05-21T19:38:24.849+0000] {processor.py:183} INFO - Processing /home/airflow/.local/lib/python3.12/site-packages/airflow/example_dags/example_bash_operator.py took 0.297 seconds
[2024-05-21T19:38:55.240+0000] {processor.py:161} INFO - Started process (PID=1205) to work on /home/airflow/.local/lib/python3.12/site-packages/airflow/example_dags/example_bash_operator.py
[2024-05-21T19:38:55.243+0000] {processor.py:830} INFO - Processing file /home/airflow/.local/lib/python3.12/site-packages/airflow/example_dags/example_bash_operator.py for tasks to queue
[2024-05-21T19:38:55.249+0000] {logging_mixin.py:188} INFO - [2024-05-21T19:38:55.248+0000] {dagbag.py:545} INFO - Filling up the DagBag from /home/airflow/.local/lib/python3.12/site-packages/airflow/example_dags/example_bash_operator.py
[2024-05-21T19:38:55.275+0000] {processor.py:840} INFO - DAG(s) 'example_bash_operator' retrieved from /home/airflow/.local/lib/python3.12/site-packages/airflow/example_dags/example_bash_operator.py
[2024-05-21T19:38:55.367+0000] {logging_mixin.py:188} INFO - [2024-05-21T19:38:55.367+0000] {dag.py:3096} INFO - Sync 1 DAGs
[2024-05-21T19:38:55.466+0000] {logging_mixin.py:188} INFO - [2024-05-21T19:38:55.465+0000] {dag.py:3954} INFO - Setting next_dagrun for example_bash_operator to 2024-05-20 00:00:00+00:00, run_after=2024-05-21 00:00:00+00:00
[2024-05-21T19:38:55.525+0000] {processor.py:183} INFO - Processing /home/airflow/.local/lib/python3.12/site-packages/airflow/example_dags/example_bash_operator.py took 0.305 seconds
[2024-05-21T19:39:25.831+0000] {processor.py:161} INFO - Started process (PID=1266) to work on /home/airflow/.local/lib/python3.12/site-packages/airflow/example_dags/example_bash_operator.py
[2024-05-21T19:39:25.834+0000] {processor.py:830} INFO - Processing file /home/airflow/.local/lib/python3.12/site-packages/airflow/example_dags/example_bash_operator.py for tasks to queue
[2024-05-21T19:39:25.839+0000] {logging_mixin.py:188} INFO - [2024-05-21T19:39:25.838+0000] {dagbag.py:545} INFO - Filling up the DagBag from /home/airflow/.local/lib/python3.12/site-packages/airflow/example_dags/example_bash_operator.py
[2024-05-21T19:39:25.870+0000] {processor.py:840} INFO - DAG(s) 'example_bash_operator' retrieved from /home/airflow/.local/lib/python3.12/site-packages/airflow/example_dags/example_bash_operator.py
[2024-05-21T19:39:25.927+0000] {logging_mixin.py:188} INFO - [2024-05-21T19:39:25.926+0000] {dag.py:3096} INFO - Sync 1 DAGs
[2024-05-21T19:39:25.985+0000] {logging_mixin.py:188} INFO - [2024-05-21T19:39:25.984+0000] {dag.py:3954} INFO - Setting next_dagrun for example_bash_operator to 2024-05-20 00:00:00+00:00, run_after=2024-05-21 00:00:00+00:00
[2024-05-21T19:39:26.060+0000] {processor.py:183} INFO - Processing /home/airflow/.local/lib/python3.12/site-packages/airflow/example_dags/example_bash_operator.py took 0.244 seconds
[2024-05-21T19:39:57.014+0000] {processor.py:161} INFO - Started process (PID=1325) to work on /home/airflow/.local/lib/python3.12/site-packages/airflow/example_dags/example_bash_operator.py
[2024-05-21T19:39:57.017+0000] {processor.py:830} INFO - Processing file /home/airflow/.local/lib/python3.12/site-packages/airflow/example_dags/example_bash_operator.py for tasks to queue
[2024-05-21T19:39:57.026+0000] {logging_mixin.py:188} INFO - [2024-05-21T19:39:57.025+0000] {dagbag.py:545} INFO - Filling up the DagBag from /home/airflow/.local/lib/python3.12/site-packages/airflow/example_dags/example_bash_operator.py
[2024-05-21T19:39:57.062+0000] {processor.py:840} INFO - DAG(s) 'example_bash_operator' retrieved from /home/airflow/.local/lib/python3.12/site-packages/airflow/example_dags/example_bash_operator.py
[2024-05-21T19:39:57.132+0000] {logging_mixin.py:188} INFO - [2024-05-21T19:39:57.131+0000] {dag.py:3096} INFO - Sync 1 DAGs
[2024-05-21T19:39:57.195+0000] {logging_mixin.py:188} INFO - [2024-05-21T19:39:57.194+0000] {dag.py:3954} INFO - Setting next_dagrun for example_bash_operator to 2024-05-20 00:00:00+00:00, run_after=2024-05-21 00:00:00+00:00
[2024-05-21T19:39:57.518+0000] {processor.py:183} INFO - Processing /home/airflow/.local/lib/python3.12/site-packages/airflow/example_dags/example_bash_operator.py took 0.522 seconds
[2024-05-21T19:40:27.922+0000] {processor.py:161} INFO - Started process (PID=1386) to work on /home/airflow/.local/lib/python3.12/site-packages/airflow/example_dags/example_bash_operator.py
[2024-05-21T19:40:27.925+0000] {processor.py:830} INFO - Processing file /home/airflow/.local/lib/python3.12/site-packages/airflow/example_dags/example_bash_operator.py for tasks to queue
[2024-05-21T19:40:27.930+0000] {logging_mixin.py:188} INFO - [2024-05-21T19:40:27.930+0000] {dagbag.py:545} INFO - Filling up the DagBag from /home/airflow/.local/lib/python3.12/site-packages/airflow/example_dags/example_bash_operator.py
[2024-05-21T19:40:27.966+0000] {processor.py:840} INFO - DAG(s) 'example_bash_operator' retrieved from /home/airflow/.local/lib/python3.12/site-packages/airflow/example_dags/example_bash_operator.py
[2024-05-21T19:40:28.080+0000] {logging_mixin.py:188} INFO - [2024-05-21T19:40:28.079+0000] {dag.py:3096} INFO - Sync 1 DAGs
[2024-05-21T19:40:28.199+0000] {logging_mixin.py:188} INFO - [2024-05-21T19:40:28.199+0000] {dag.py:3954} INFO - Setting next_dagrun for example_bash_operator to 2024-05-20 00:00:00+00:00, run_after=2024-05-21 00:00:00+00:00
[2024-05-21T19:40:28.480+0000] {processor.py:183} INFO - Processing /home/airflow/.local/lib/python3.12/site-packages/airflow/example_dags/example_bash_operator.py took 0.587 seconds
[2024-05-21T19:40:59.434+0000] {processor.py:161} INFO - Started process (PID=1446) to work on /home/airflow/.local/lib/python3.12/site-packages/airflow/example_dags/example_bash_operator.py
[2024-05-21T19:40:59.437+0000] {processor.py:830} INFO - Processing file /home/airflow/.local/lib/python3.12/site-packages/airflow/example_dags/example_bash_operator.py for tasks to queue
[2024-05-21T19:40:59.443+0000] {logging_mixin.py:188} INFO - [2024-05-21T19:40:59.442+0000] {dagbag.py:545} INFO - Filling up the DagBag from /home/airflow/.local/lib/python3.12/site-packages/airflow/example_dags/example_bash_operator.py
[2024-05-21T19:40:59.470+0000] {processor.py:840} INFO - DAG(s) 'example_bash_operator' retrieved from /home/airflow/.local/lib/python3.12/site-packages/airflow/example_dags/example_bash_operator.py
[2024-05-21T19:40:59.564+0000] {logging_mixin.py:188} INFO - [2024-05-21T19:40:59.564+0000] {dag.py:3096} INFO - Sync 1 DAGs
[2024-05-21T19:40:59.630+0000] {logging_mixin.py:188} INFO - [2024-05-21T19:40:59.630+0000] {dag.py:3954} INFO - Setting next_dagrun for example_bash_operator to 2024-05-20 00:00:00+00:00, run_after=2024-05-21 00:00:00+00:00
[2024-05-21T19:40:59.688+0000] {processor.py:183} INFO - Processing /home/airflow/.local/lib/python3.12/site-packages/airflow/example_dags/example_bash_operator.py took 0.272 seconds
[2024-05-21T19:41:30.204+0000] {processor.py:161} INFO - Started process (PID=1506) to work on /home/airflow/.local/lib/python3.12/site-packages/airflow/example_dags/example_bash_operator.py
[2024-05-21T19:41:30.207+0000] {processor.py:830} INFO - Processing file /home/airflow/.local/lib/python3.12/site-packages/airflow/example_dags/example_bash_operator.py for tasks to queue
[2024-05-21T19:41:30.223+0000] {logging_mixin.py:188} INFO - [2024-05-21T19:41:30.221+0000] {dagbag.py:545} INFO - Filling up the DagBag from /home/airflow/.local/lib/python3.12/site-packages/airflow/example_dags/example_bash_operator.py
[2024-05-21T19:41:30.278+0000] {processor.py:840} INFO - DAG(s) 'example_bash_operator' retrieved from /home/airflow/.local/lib/python3.12/site-packages/airflow/example_dags/example_bash_operator.py
[2024-05-21T19:41:30.380+0000] {logging_mixin.py:188} INFO - [2024-05-21T19:41:30.379+0000] {dag.py:3096} INFO - Sync 1 DAGs
[2024-05-21T19:41:30.449+0000] {logging_mixin.py:188} INFO - [2024-05-21T19:41:30.448+0000] {dag.py:3954} INFO - Setting next_dagrun for example_bash_operator to 2024-05-20 00:00:00+00:00, run_after=2024-05-21 00:00:00+00:00
[2024-05-21T19:41:30.560+0000] {processor.py:183} INFO - Processing /home/airflow/.local/lib/python3.12/site-packages/airflow/example_dags/example_bash_operator.py took 0.373 seconds
[2024-05-21T19:42:00.804+0000] {processor.py:161} INFO - Started process (PID=1566) to work on /home/airflow/.local/lib/python3.12/site-packages/airflow/example_dags/example_bash_operator.py
[2024-05-21T19:42:00.807+0000] {processor.py:830} INFO - Processing file /home/airflow/.local/lib/python3.12/site-packages/airflow/example_dags/example_bash_operator.py for tasks to queue
[2024-05-21T19:42:00.813+0000] {logging_mixin.py:188} INFO - [2024-05-21T19:42:00.812+0000] {dagbag.py:545} INFO - Filling up the DagBag from /home/airflow/.local/lib/python3.12/site-packages/airflow/example_dags/example_bash_operator.py
[2024-05-21T19:42:00.838+0000] {processor.py:840} INFO - DAG(s) 'example_bash_operator' retrieved from /home/airflow/.local/lib/python3.12/site-packages/airflow/example_dags/example_bash_operator.py
[2024-05-21T19:42:00.911+0000] {logging_mixin.py:188} INFO - [2024-05-21T19:42:00.910+0000] {dag.py:3096} INFO - Sync 1 DAGs
[2024-05-21T19:42:00.968+0000] {logging_mixin.py:188} INFO - [2024-05-21T19:42:00.967+0000] {dag.py:3954} INFO - Setting next_dagrun for example_bash_operator to 2024-05-20 00:00:00+00:00, run_after=2024-05-21 00:00:00+00:00
[2024-05-21T19:42:01.047+0000] {processor.py:183} INFO - Processing /home/airflow/.local/lib/python3.12/site-packages/airflow/example_dags/example_bash_operator.py took 0.254 seconds
[2024-05-21T19:42:31.668+0000] {processor.py:161} INFO - Started process (PID=1626) to work on /home/airflow/.local/lib/python3.12/site-packages/airflow/example_dags/example_bash_operator.py
[2024-05-21T19:42:31.671+0000] {processor.py:830} INFO - Processing file /home/airflow/.local/lib/python3.12/site-packages/airflow/example_dags/example_bash_operator.py for tasks to queue
[2024-05-21T19:42:31.675+0000] {logging_mixin.py:188} INFO - [2024-05-21T19:42:31.674+0000] {dagbag.py:545} INFO - Filling up the DagBag from /home/airflow/.local/lib/python3.12/site-packages/airflow/example_dags/example_bash_operator.py
[2024-05-21T19:42:31.701+0000] {processor.py:840} INFO - DAG(s) 'example_bash_operator' retrieved from /home/airflow/.local/lib/python3.12/site-packages/airflow/example_dags/example_bash_operator.py
[2024-05-21T19:42:31.785+0000] {logging_mixin.py:188} INFO - [2024-05-21T19:42:31.783+0000] {dag.py:3096} INFO - Sync 1 DAGs
[2024-05-21T19:42:31.847+0000] {logging_mixin.py:188} INFO - [2024-05-21T19:42:31.846+0000] {dag.py:3954} INFO - Setting next_dagrun for example_bash_operator to 2024-05-20 00:00:00+00:00, run_after=2024-05-21 00:00:00+00:00
[2024-05-21T19:42:31.913+0000] {processor.py:183} INFO - Processing /home/airflow/.local/lib/python3.12/site-packages/airflow/example_dags/example_bash_operator.py took 0.257 seconds
[2024-05-21T19:43:02.046+0000] {processor.py:161} INFO - Started process (PID=1686) to work on /home/airflow/.local/lib/python3.12/site-packages/airflow/example_dags/example_bash_operator.py
[2024-05-21T19:43:02.049+0000] {processor.py:830} INFO - Processing file /home/airflow/.local/lib/python3.12/site-packages/airflow/example_dags/example_bash_operator.py for tasks to queue
[2024-05-21T19:43:02.054+0000] {logging_mixin.py:188} INFO - [2024-05-21T19:43:02.054+0000] {dagbag.py:545} INFO - Filling up the DagBag from /home/airflow/.local/lib/python3.12/site-packages/airflow/example_dags/example_bash_operator.py
[2024-05-21T19:43:02.085+0000] {processor.py:840} INFO - DAG(s) 'example_bash_operator' retrieved from /home/airflow/.local/lib/python3.12/site-packages/airflow/example_dags/example_bash_operator.py
[2024-05-21T19:43:02.166+0000] {logging_mixin.py:188} INFO - [2024-05-21T19:43:02.165+0000] {dag.py:3096} INFO - Sync 1 DAGs
[2024-05-21T19:43:02.228+0000] {logging_mixin.py:188} INFO - [2024-05-21T19:43:02.228+0000] {dag.py:3954} INFO - Setting next_dagrun for example_bash_operator to 2024-05-20 00:00:00+00:00, run_after=2024-05-21 00:00:00+00:00
[2024-05-21T19:43:02.302+0000] {processor.py:183} INFO - Processing /home/airflow/.local/lib/python3.12/site-packages/airflow/example_dags/example_bash_operator.py took 0.268 seconds
[2024-05-21T19:43:33.226+0000] {processor.py:161} INFO - Started process (PID=1746) to work on /home/airflow/.local/lib/python3.12/site-packages/airflow/example_dags/example_bash_operator.py
[2024-05-21T19:43:33.228+0000] {processor.py:830} INFO - Processing file /home/airflow/.local/lib/python3.12/site-packages/airflow/example_dags/example_bash_operator.py for tasks to queue
[2024-05-21T19:43:33.235+0000] {logging_mixin.py:188} INFO - [2024-05-21T19:43:33.234+0000] {dagbag.py:545} INFO - Filling up the DagBag from /home/airflow/.local/lib/python3.12/site-packages/airflow/example_dags/example_bash_operator.py
[2024-05-21T19:43:33.258+0000] {processor.py:840} INFO - DAG(s) 'example_bash_operator' retrieved from /home/airflow/.local/lib/python3.12/site-packages/airflow/example_dags/example_bash_operator.py
[2024-05-21T19:43:33.328+0000] {logging_mixin.py:188} INFO - [2024-05-21T19:43:33.328+0000] {dag.py:3096} INFO - Sync 1 DAGs
[2024-05-21T19:43:33.397+0000] {logging_mixin.py:188} INFO - [2024-05-21T19:43:33.396+0000] {dag.py:3954} INFO - Setting next_dagrun for example_bash_operator to 2024-05-20 00:00:00+00:00, run_after=2024-05-21 00:00:00+00:00
[2024-05-21T19:43:33.482+0000] {processor.py:183} INFO - Processing /home/airflow/.local/lib/python3.12/site-packages/airflow/example_dags/example_bash_operator.py took 0.268 seconds
[2024-05-21T19:44:03.675+0000] {processor.py:161} INFO - Started process (PID=1806) to work on /home/airflow/.local/lib/python3.12/site-packages/airflow/example_dags/example_bash_operator.py
[2024-05-21T19:44:03.683+0000] {processor.py:830} INFO - Processing file /home/airflow/.local/lib/python3.12/site-packages/airflow/example_dags/example_bash_operator.py for tasks to queue
[2024-05-21T19:44:03.704+0000] {logging_mixin.py:188} INFO - [2024-05-21T19:44:03.703+0000] {dagbag.py:545} INFO - Filling up the DagBag from /home/airflow/.local/lib/python3.12/site-packages/airflow/example_dags/example_bash_operator.py
[2024-05-21T19:44:03.741+0000] {processor.py:840} INFO - DAG(s) 'example_bash_operator' retrieved from /home/airflow/.local/lib/python3.12/site-packages/airflow/example_dags/example_bash_operator.py
[2024-05-21T19:44:03.835+0000] {logging_mixin.py:188} INFO - [2024-05-21T19:44:03.834+0000] {dag.py:3096} INFO - Sync 1 DAGs
[2024-05-21T19:44:03.899+0000] {logging_mixin.py:188} INFO - [2024-05-21T19:44:03.899+0000] {dag.py:3954} INFO - Setting next_dagrun for example_bash_operator to 2024-05-20 00:00:00+00:00, run_after=2024-05-21 00:00:00+00:00
[2024-05-21T19:44:03.984+0000] {processor.py:183} INFO - Processing /home/airflow/.local/lib/python3.12/site-packages/airflow/example_dags/example_bash_operator.py took 0.328 seconds
[2024-05-21T19:44:34.309+0000] {processor.py:161} INFO - Started process (PID=1866) to work on /home/airflow/.local/lib/python3.12/site-packages/airflow/example_dags/example_bash_operator.py
[2024-05-21T19:44:34.313+0000] {processor.py:830} INFO - Processing file /home/airflow/.local/lib/python3.12/site-packages/airflow/example_dags/example_bash_operator.py for tasks to queue
[2024-05-21T19:44:34.319+0000] {logging_mixin.py:188} INFO - [2024-05-21T19:44:34.318+0000] {dagbag.py:545} INFO - Filling up the DagBag from /home/airflow/.local/lib/python3.12/site-packages/airflow/example_dags/example_bash_operator.py
[2024-05-21T19:44:34.359+0000] {processor.py:840} INFO - DAG(s) 'example_bash_operator' retrieved from /home/airflow/.local/lib/python3.12/site-packages/airflow/example_dags/example_bash_operator.py
[2024-05-21T19:44:34.438+0000] {logging_mixin.py:188} INFO - [2024-05-21T19:44:34.437+0000] {dag.py:3096} INFO - Sync 1 DAGs
[2024-05-21T19:44:34.522+0000] {logging_mixin.py:188} INFO - [2024-05-21T19:44:34.521+0000] {dag.py:3954} INFO - Setting next_dagrun for example_bash_operator to 2024-05-20 00:00:00+00:00, run_after=2024-05-21 00:00:00+00:00
[2024-05-21T19:44:34.606+0000] {processor.py:183} INFO - Processing /home/airflow/.local/lib/python3.12/site-packages/airflow/example_dags/example_bash_operator.py took 0.315 seconds
[2024-05-21T19:45:05.382+0000] {processor.py:161} INFO - Started process (PID=1926) to work on /home/airflow/.local/lib/python3.12/site-packages/airflow/example_dags/example_bash_operator.py
[2024-05-21T19:45:05.385+0000] {processor.py:830} INFO - Processing file /home/airflow/.local/lib/python3.12/site-packages/airflow/example_dags/example_bash_operator.py for tasks to queue
[2024-05-21T19:45:05.392+0000] {logging_mixin.py:188} INFO - [2024-05-21T19:45:05.390+0000] {dagbag.py:545} INFO - Filling up the DagBag from /home/airflow/.local/lib/python3.12/site-packages/airflow/example_dags/example_bash_operator.py
[2024-05-21T19:45:05.440+0000] {processor.py:840} INFO - DAG(s) 'example_bash_operator' retrieved from /home/airflow/.local/lib/python3.12/site-packages/airflow/example_dags/example_bash_operator.py
[2024-05-21T19:45:05.536+0000] {logging_mixin.py:188} INFO - [2024-05-21T19:45:05.535+0000] {dag.py:3096} INFO - Sync 1 DAGs
[2024-05-21T19:45:05.644+0000] {logging_mixin.py:188} INFO - [2024-05-21T19:45:05.643+0000] {dag.py:3954} INFO - Setting next_dagrun for example_bash_operator to 2024-05-20 00:00:00+00:00, run_after=2024-05-21 00:00:00+00:00
[2024-05-21T19:45:05.722+0000] {processor.py:183} INFO - Processing /home/airflow/.local/lib/python3.12/site-packages/airflow/example_dags/example_bash_operator.py took 0.362 seconds
[2024-05-21T19:45:36.009+0000] {processor.py:161} INFO - Started process (PID=1986) to work on /home/airflow/.local/lib/python3.12/site-packages/airflow/example_dags/example_bash_operator.py
[2024-05-21T19:45:36.011+0000] {processor.py:830} INFO - Processing file /home/airflow/.local/lib/python3.12/site-packages/airflow/example_dags/example_bash_operator.py for tasks to queue
[2024-05-21T19:45:36.015+0000] {logging_mixin.py:188} INFO - [2024-05-21T19:45:36.015+0000] {dagbag.py:545} INFO - Filling up the DagBag from /home/airflow/.local/lib/python3.12/site-packages/airflow/example_dags/example_bash_operator.py
[2024-05-21T19:45:36.058+0000] {processor.py:840} INFO - DAG(s) 'example_bash_operator' retrieved from /home/airflow/.local/lib/python3.12/site-packages/airflow/example_dags/example_bash_operator.py
[2024-05-21T19:45:36.226+0000] {logging_mixin.py:188} INFO - [2024-05-21T19:45:36.225+0000] {dag.py:3096} INFO - Sync 1 DAGs
[2024-05-21T19:45:36.301+0000] {logging_mixin.py:188} INFO - [2024-05-21T19:45:36.300+0000] {dag.py:3954} INFO - Setting next_dagrun for example_bash_operator to 2024-05-20 00:00:00+00:00, run_after=2024-05-21 00:00:00+00:00
[2024-05-21T19:45:36.369+0000] {processor.py:183} INFO - Processing /home/airflow/.local/lib/python3.12/site-packages/airflow/example_dags/example_bash_operator.py took 0.372 seconds
[2024-05-21T19:46:06.849+0000] {processor.py:161} INFO - Started process (PID=2044) to work on /home/airflow/.local/lib/python3.12/site-packages/airflow/example_dags/example_bash_operator.py
[2024-05-21T19:46:06.852+0000] {processor.py:830} INFO - Processing file /home/airflow/.local/lib/python3.12/site-packages/airflow/example_dags/example_bash_operator.py for tasks to queue
[2024-05-21T19:46:06.858+0000] {logging_mixin.py:188} INFO - [2024-05-21T19:46:06.857+0000] {dagbag.py:545} INFO - Filling up the DagBag from /home/airflow/.local/lib/python3.12/site-packages/airflow/example_dags/example_bash_operator.py
[2024-05-21T19:46:06.891+0000] {processor.py:840} INFO - DAG(s) 'example_bash_operator' retrieved from /home/airflow/.local/lib/python3.12/site-packages/airflow/example_dags/example_bash_operator.py
[2024-05-21T19:46:06.956+0000] {logging_mixin.py:188} INFO - [2024-05-21T19:46:06.956+0000] {dag.py:3096} INFO - Sync 1 DAGs
[2024-05-21T19:46:07.018+0000] {logging_mixin.py:188} INFO - [2024-05-21T19:46:07.018+0000] {dag.py:3954} INFO - Setting next_dagrun for example_bash_operator to 2024-05-20 00:00:00+00:00, run_after=2024-05-21 00:00:00+00:00
[2024-05-21T19:46:07.078+0000] {processor.py:183} INFO - Processing /home/airflow/.local/lib/python3.12/site-packages/airflow/example_dags/example_bash_operator.py took 0.246 seconds
[2024-05-21T19:46:37.209+0000] {processor.py:161} INFO - Started process (PID=2104) to work on /home/airflow/.local/lib/python3.12/site-packages/airflow/example_dags/example_bash_operator.py
[2024-05-21T19:46:37.212+0000] {processor.py:830} INFO - Processing file /home/airflow/.local/lib/python3.12/site-packages/airflow/example_dags/example_bash_operator.py for tasks to queue
[2024-05-21T19:46:37.218+0000] {logging_mixin.py:188} INFO - [2024-05-21T19:46:37.217+0000] {dagbag.py:545} INFO - Filling up the DagBag from /home/airflow/.local/lib/python3.12/site-packages/airflow/example_dags/example_bash_operator.py
[2024-05-21T19:46:37.246+0000] {processor.py:840} INFO - DAG(s) 'example_bash_operator' retrieved from /home/airflow/.local/lib/python3.12/site-packages/airflow/example_dags/example_bash_operator.py
[2024-05-21T19:46:37.369+0000] {logging_mixin.py:188} INFO - [2024-05-21T19:46:37.368+0000] {dag.py:3096} INFO - Sync 1 DAGs
[2024-05-21T19:46:37.432+0000] {logging_mixin.py:188} INFO - [2024-05-21T19:46:37.432+0000] {dag.py:3954} INFO - Setting next_dagrun for example_bash_operator to 2024-05-20 00:00:00+00:00, run_after=2024-05-21 00:00:00+00:00
[2024-05-21T19:46:37.497+0000] {processor.py:183} INFO - Processing /home/airflow/.local/lib/python3.12/site-packages/airflow/example_dags/example_bash_operator.py took 0.299 seconds
[2024-05-21T19:47:08.288+0000] {processor.py:161} INFO - Started process (PID=2164) to work on /home/airflow/.local/lib/python3.12/site-packages/airflow/example_dags/example_bash_operator.py
[2024-05-21T19:47:08.291+0000] {processor.py:830} INFO - Processing file /home/airflow/.local/lib/python3.12/site-packages/airflow/example_dags/example_bash_operator.py for tasks to queue
[2024-05-21T19:47:08.295+0000] {logging_mixin.py:188} INFO - [2024-05-21T19:47:08.295+0000] {dagbag.py:545} INFO - Filling up the DagBag from /home/airflow/.local/lib/python3.12/site-packages/airflow/example_dags/example_bash_operator.py
[2024-05-21T19:47:08.330+0000] {processor.py:840} INFO - DAG(s) 'example_bash_operator' retrieved from /home/airflow/.local/lib/python3.12/site-packages/airflow/example_dags/example_bash_operator.py
[2024-05-21T19:47:08.429+0000] {logging_mixin.py:188} INFO - [2024-05-21T19:47:08.428+0000] {dag.py:3096} INFO - Sync 1 DAGs
[2024-05-21T19:47:08.511+0000] {logging_mixin.py:188} INFO - [2024-05-21T19:47:08.511+0000] {dag.py:3954} INFO - Setting next_dagrun for example_bash_operator to 2024-05-20 00:00:00+00:00, run_after=2024-05-21 00:00:00+00:00
[2024-05-21T19:47:08.618+0000] {processor.py:183} INFO - Processing /home/airflow/.local/lib/python3.12/site-packages/airflow/example_dags/example_bash_operator.py took 0.346 seconds
[2024-05-21T19:47:39.172+0000] {processor.py:161} INFO - Started process (PID=2224) to work on /home/airflow/.local/lib/python3.12/site-packages/airflow/example_dags/example_bash_operator.py
[2024-05-21T19:47:39.175+0000] {processor.py:830} INFO - Processing file /home/airflow/.local/lib/python3.12/site-packages/airflow/example_dags/example_bash_operator.py for tasks to queue
[2024-05-21T19:47:39.182+0000] {logging_mixin.py:188} INFO - [2024-05-21T19:47:39.181+0000] {dagbag.py:545} INFO - Filling up the DagBag from /home/airflow/.local/lib/python3.12/site-packages/airflow/example_dags/example_bash_operator.py
[2024-05-21T19:47:39.209+0000] {processor.py:840} INFO - DAG(s) 'example_bash_operator' retrieved from /home/airflow/.local/lib/python3.12/site-packages/airflow/example_dags/example_bash_operator.py
[2024-05-21T19:47:39.277+0000] {logging_mixin.py:188} INFO - [2024-05-21T19:47:39.277+0000] {dag.py:3096} INFO - Sync 1 DAGs
[2024-05-21T19:47:39.345+0000] {logging_mixin.py:188} INFO - [2024-05-21T19:47:39.345+0000] {dag.py:3954} INFO - Setting next_dagrun for example_bash_operator to 2024-05-20 00:00:00+00:00, run_after=2024-05-21 00:00:00+00:00
[2024-05-21T19:47:39.431+0000] {processor.py:183} INFO - Processing /home/airflow/.local/lib/python3.12/site-packages/airflow/example_dags/example_bash_operator.py took 0.271 seconds
[2024-05-21T19:48:09.546+0000] {processor.py:161} INFO - Started process (PID=2283) to work on /home/airflow/.local/lib/python3.12/site-packages/airflow/example_dags/example_bash_operator.py
[2024-05-21T19:48:09.548+0000] {processor.py:830} INFO - Processing file /home/airflow/.local/lib/python3.12/site-packages/airflow/example_dags/example_bash_operator.py for tasks to queue
[2024-05-21T19:48:09.553+0000] {logging_mixin.py:188} INFO - [2024-05-21T19:48:09.553+0000] {dagbag.py:545} INFO - Filling up the DagBag from /home/airflow/.local/lib/python3.12/site-packages/airflow/example_dags/example_bash_operator.py
[2024-05-21T19:48:09.587+0000] {processor.py:840} INFO - DAG(s) 'example_bash_operator' retrieved from /home/airflow/.local/lib/python3.12/site-packages/airflow/example_dags/example_bash_operator.py
[2024-05-21T19:48:09.681+0000] {logging_mixin.py:188} INFO - [2024-05-21T19:48:09.680+0000] {dag.py:3096} INFO - Sync 1 DAGs
[2024-05-21T19:48:09.749+0000] {logging_mixin.py:188} INFO - [2024-05-21T19:48:09.749+0000] {dag.py:3954} INFO - Setting next_dagrun for example_bash_operator to 2024-05-20 00:00:00+00:00, run_after=2024-05-21 00:00:00+00:00
[2024-05-21T19:48:09.806+0000] {processor.py:183} INFO - Processing /home/airflow/.local/lib/python3.12/site-packages/airflow/example_dags/example_bash_operator.py took 0.276 seconds
[2024-05-21T19:48:40.033+0000] {processor.py:161} INFO - Started process (PID=2342) to work on /home/airflow/.local/lib/python3.12/site-packages/airflow/example_dags/example_bash_operator.py
[2024-05-21T19:48:40.035+0000] {processor.py:830} INFO - Processing file /home/airflow/.local/lib/python3.12/site-packages/airflow/example_dags/example_bash_operator.py for tasks to queue
[2024-05-21T19:48:40.039+0000] {logging_mixin.py:188} INFO - [2024-05-21T19:48:40.039+0000] {dagbag.py:545} INFO - Filling up the DagBag from /home/airflow/.local/lib/python3.12/site-packages/airflow/example_dags/example_bash_operator.py
[2024-05-21T19:48:40.071+0000] {processor.py:840} INFO - DAG(s) 'example_bash_operator' retrieved from /home/airflow/.local/lib/python3.12/site-packages/airflow/example_dags/example_bash_operator.py
[2024-05-21T19:48:40.149+0000] {logging_mixin.py:188} INFO - [2024-05-21T19:48:40.147+0000] {dag.py:3096} INFO - Sync 1 DAGs
[2024-05-21T19:48:40.228+0000] {logging_mixin.py:188} INFO - [2024-05-21T19:48:40.228+0000] {dag.py:3954} INFO - Setting next_dagrun for example_bash_operator to 2024-05-20 00:00:00+00:00, run_after=2024-05-21 00:00:00+00:00
[2024-05-21T19:48:40.281+0000] {processor.py:183} INFO - Processing /home/airflow/.local/lib/python3.12/site-packages/airflow/example_dags/example_bash_operator.py took 0.264 seconds
[2024-05-21T19:49:10.375+0000] {processor.py:161} INFO - Started process (PID=2401) to work on /home/airflow/.local/lib/python3.12/site-packages/airflow/example_dags/example_bash_operator.py
[2024-05-21T19:49:10.378+0000] {processor.py:830} INFO - Processing file /home/airflow/.local/lib/python3.12/site-packages/airflow/example_dags/example_bash_operator.py for tasks to queue
[2024-05-21T19:49:10.384+0000] {logging_mixin.py:188} INFO - [2024-05-21T19:49:10.383+0000] {dagbag.py:545} INFO - Filling up the DagBag from /home/airflow/.local/lib/python3.12/site-packages/airflow/example_dags/example_bash_operator.py
[2024-05-21T19:49:10.403+0000] {processor.py:840} INFO - DAG(s) 'example_bash_operator' retrieved from /home/airflow/.local/lib/python3.12/site-packages/airflow/example_dags/example_bash_operator.py
[2024-05-21T19:49:10.461+0000] {logging_mixin.py:188} INFO - [2024-05-21T19:49:10.460+0000] {dag.py:3096} INFO - Sync 1 DAGs
[2024-05-21T19:49:10.512+0000] {logging_mixin.py:188} INFO - [2024-05-21T19:49:10.511+0000] {dag.py:3954} INFO - Setting next_dagrun for example_bash_operator to 2024-05-20 00:00:00+00:00, run_after=2024-05-21 00:00:00+00:00
[2024-05-21T19:49:10.589+0000] {processor.py:183} INFO - Processing /home/airflow/.local/lib/python3.12/site-packages/airflow/example_dags/example_bash_operator.py took 0.224 seconds
[2024-05-21T19:49:40.889+0000] {processor.py:161} INFO - Started process (PID=2461) to work on /home/airflow/.local/lib/python3.12/site-packages/airflow/example_dags/example_bash_operator.py
[2024-05-21T19:49:40.892+0000] {processor.py:830} INFO - Processing file /home/airflow/.local/lib/python3.12/site-packages/airflow/example_dags/example_bash_operator.py for tasks to queue
[2024-05-21T19:49:40.896+0000] {logging_mixin.py:188} INFO - [2024-05-21T19:49:40.895+0000] {dagbag.py:545} INFO - Filling up the DagBag from /home/airflow/.local/lib/python3.12/site-packages/airflow/example_dags/example_bash_operator.py
[2024-05-21T19:49:40.918+0000] {processor.py:840} INFO - DAG(s) 'example_bash_operator' retrieved from /home/airflow/.local/lib/python3.12/site-packages/airflow/example_dags/example_bash_operator.py
[2024-05-21T19:49:40.992+0000] {logging_mixin.py:188} INFO - [2024-05-21T19:49:40.992+0000] {dag.py:3096} INFO - Sync 1 DAGs
[2024-05-21T19:49:41.097+0000] {logging_mixin.py:188} INFO - [2024-05-21T19:49:41.096+0000] {dag.py:3954} INFO - Setting next_dagrun for example_bash_operator to 2024-05-20 00:00:00+00:00, run_after=2024-05-21 00:00:00+00:00
[2024-05-21T19:49:41.195+0000] {processor.py:183} INFO - Processing /home/airflow/.local/lib/python3.12/site-packages/airflow/example_dags/example_bash_operator.py took 0.325 seconds
[2024-05-21T19:50:11.716+0000] {processor.py:161} INFO - Started process (PID=2521) to work on /home/airflow/.local/lib/python3.12/site-packages/airflow/example_dags/example_bash_operator.py
[2024-05-21T19:50:11.719+0000] {processor.py:830} INFO - Processing file /home/airflow/.local/lib/python3.12/site-packages/airflow/example_dags/example_bash_operator.py for tasks to queue
[2024-05-21T19:50:11.729+0000] {logging_mixin.py:188} INFO - [2024-05-21T19:50:11.728+0000] {dagbag.py:545} INFO - Filling up the DagBag from /home/airflow/.local/lib/python3.12/site-packages/airflow/example_dags/example_bash_operator.py
[2024-05-21T19:50:11.767+0000] {processor.py:840} INFO - DAG(s) 'example_bash_operator' retrieved from /home/airflow/.local/lib/python3.12/site-packages/airflow/example_dags/example_bash_operator.py
[2024-05-21T19:50:11.870+0000] {logging_mixin.py:188} INFO - [2024-05-21T19:50:11.869+0000] {dag.py:3096} INFO - Sync 1 DAGs
[2024-05-21T19:50:11.959+0000] {logging_mixin.py:188} INFO - [2024-05-21T19:50:11.958+0000] {dag.py:3954} INFO - Setting next_dagrun for example_bash_operator to 2024-05-20 00:00:00+00:00, run_after=2024-05-21 00:00:00+00:00
[2024-05-21T19:50:12.046+0000] {processor.py:183} INFO - Processing /home/airflow/.local/lib/python3.12/site-packages/airflow/example_dags/example_bash_operator.py took 0.349 seconds
[2024-05-21T19:50:42.393+0000] {processor.py:161} INFO - Started process (PID=2581) to work on /home/airflow/.local/lib/python3.12/site-packages/airflow/example_dags/example_bash_operator.py
[2024-05-21T19:50:42.395+0000] {processor.py:830} INFO - Processing file /home/airflow/.local/lib/python3.12/site-packages/airflow/example_dags/example_bash_operator.py for tasks to queue
[2024-05-21T19:50:42.400+0000] {logging_mixin.py:188} INFO - [2024-05-21T19:50:42.400+0000] {dagbag.py:545} INFO - Filling up the DagBag from /home/airflow/.local/lib/python3.12/site-packages/airflow/example_dags/example_bash_operator.py
[2024-05-21T19:50:42.425+0000] {processor.py:840} INFO - DAG(s) 'example_bash_operator' retrieved from /home/airflow/.local/lib/python3.12/site-packages/airflow/example_dags/example_bash_operator.py
[2024-05-21T19:50:42.528+0000] {logging_mixin.py:188} INFO - [2024-05-21T19:50:42.527+0000] {dag.py:3096} INFO - Sync 1 DAGs
[2024-05-21T19:50:42.618+0000] {logging_mixin.py:188} INFO - [2024-05-21T19:50:42.617+0000] {dag.py:3954} INFO - Setting next_dagrun for example_bash_operator to 2024-05-20 00:00:00+00:00, run_after=2024-05-21 00:00:00+00:00
[2024-05-21T19:50:42.712+0000] {processor.py:183} INFO - Processing /home/airflow/.local/lib/python3.12/site-packages/airflow/example_dags/example_bash_operator.py took 0.332 seconds
[2024-05-21T19:51:13.275+0000] {processor.py:161} INFO - Started process (PID=2641) to work on /home/airflow/.local/lib/python3.12/site-packages/airflow/example_dags/example_bash_operator.py
[2024-05-21T19:51:13.277+0000] {processor.py:830} INFO - Processing file /home/airflow/.local/lib/python3.12/site-packages/airflow/example_dags/example_bash_operator.py for tasks to queue
[2024-05-21T19:51:13.283+0000] {logging_mixin.py:188} INFO - [2024-05-21T19:51:13.282+0000] {dagbag.py:545} INFO - Filling up the DagBag from /home/airflow/.local/lib/python3.12/site-packages/airflow/example_dags/example_bash_operator.py
[2024-05-21T19:51:13.324+0000] {processor.py:840} INFO - DAG(s) 'example_bash_operator' retrieved from /home/airflow/.local/lib/python3.12/site-packages/airflow/example_dags/example_bash_operator.py
[2024-05-21T19:51:13.419+0000] {logging_mixin.py:188} INFO - [2024-05-21T19:51:13.419+0000] {dag.py:3096} INFO - Sync 1 DAGs
[2024-05-21T19:51:13.499+0000] {logging_mixin.py:188} INFO - [2024-05-21T19:51:13.498+0000] {dag.py:3954} INFO - Setting next_dagrun for example_bash_operator to 2024-05-20 00:00:00+00:00, run_after=2024-05-21 00:00:00+00:00
[2024-05-21T19:51:13.557+0000] {processor.py:183} INFO - Processing /home/airflow/.local/lib/python3.12/site-packages/airflow/example_dags/example_bash_operator.py took 0.303 seconds
[2024-05-21T19:54:49.496+0000] {processor.py:161} INFO - Started process (PID=64) to work on /home/airflow/.local/lib/python3.12/site-packages/airflow/example_dags/example_bash_operator.py
[2024-05-21T19:54:49.499+0000] {processor.py:830} INFO - Processing file /home/airflow/.local/lib/python3.12/site-packages/airflow/example_dags/example_bash_operator.py for tasks to queue
[2024-05-21T19:54:49.512+0000] {logging_mixin.py:188} INFO - [2024-05-21T19:54:49.510+0000] {dagbag.py:545} INFO - Filling up the DagBag from /home/airflow/.local/lib/python3.12/site-packages/airflow/example_dags/example_bash_operator.py
[2024-05-21T19:54:49.536+0000] {processor.py:840} INFO - DAG(s) 'example_bash_operator' retrieved from /home/airflow/.local/lib/python3.12/site-packages/airflow/example_dags/example_bash_operator.py
[2024-05-21T19:54:49.776+0000] {logging_mixin.py:188} INFO - [2024-05-21T19:54:49.776+0000] {dag.py:3096} INFO - Sync 1 DAGs
[2024-05-21T19:54:49.830+0000] {logging_mixin.py:188} INFO - [2024-05-21T19:54:49.830+0000] {dag.py:3954} INFO - Setting next_dagrun for example_bash_operator to 2024-05-20 00:00:00+00:00, run_after=2024-05-21 00:00:00+00:00
[2024-05-21T19:54:49.900+0000] {processor.py:183} INFO - Processing /home/airflow/.local/lib/python3.12/site-packages/airflow/example_dags/example_bash_operator.py took 0.415 seconds
[2024-05-21T19:55:20.676+0000] {processor.py:161} INFO - Started process (PID=124) to work on /home/airflow/.local/lib/python3.12/site-packages/airflow/example_dags/example_bash_operator.py
[2024-05-21T19:55:20.679+0000] {processor.py:830} INFO - Processing file /home/airflow/.local/lib/python3.12/site-packages/airflow/example_dags/example_bash_operator.py for tasks to queue
[2024-05-21T19:55:20.686+0000] {logging_mixin.py:188} INFO - [2024-05-21T19:55:20.685+0000] {dagbag.py:545} INFO - Filling up the DagBag from /home/airflow/.local/lib/python3.12/site-packages/airflow/example_dags/example_bash_operator.py
[2024-05-21T19:55:20.726+0000] {processor.py:840} INFO - DAG(s) 'example_bash_operator' retrieved from /home/airflow/.local/lib/python3.12/site-packages/airflow/example_dags/example_bash_operator.py
[2024-05-21T19:55:20.854+0000] {logging_mixin.py:188} INFO - [2024-05-21T19:55:20.854+0000] {dag.py:3096} INFO - Sync 1 DAGs
[2024-05-21T19:55:20.944+0000] {logging_mixin.py:188} INFO - [2024-05-21T19:55:20.943+0000] {dag.py:3954} INFO - Setting next_dagrun for example_bash_operator to 2024-05-20 00:00:00+00:00, run_after=2024-05-21 00:00:00+00:00
[2024-05-21T19:55:21.032+0000] {processor.py:183} INFO - Processing /home/airflow/.local/lib/python3.12/site-packages/airflow/example_dags/example_bash_operator.py took 0.379 seconds
[2024-05-21T19:55:51.185+0000] {processor.py:161} INFO - Started process (PID=183) to work on /home/airflow/.local/lib/python3.12/site-packages/airflow/example_dags/example_bash_operator.py
[2024-05-21T19:55:51.188+0000] {processor.py:830} INFO - Processing file /home/airflow/.local/lib/python3.12/site-packages/airflow/example_dags/example_bash_operator.py for tasks to queue
[2024-05-21T19:55:51.193+0000] {logging_mixin.py:188} INFO - [2024-05-21T19:55:51.192+0000] {dagbag.py:545} INFO - Filling up the DagBag from /home/airflow/.local/lib/python3.12/site-packages/airflow/example_dags/example_bash_operator.py
[2024-05-21T19:55:51.215+0000] {processor.py:840} INFO - DAG(s) 'example_bash_operator' retrieved from /home/airflow/.local/lib/python3.12/site-packages/airflow/example_dags/example_bash_operator.py
[2024-05-21T19:55:51.282+0000] {logging_mixin.py:188} INFO - [2024-05-21T19:55:51.281+0000] {dag.py:3096} INFO - Sync 1 DAGs
[2024-05-21T19:55:51.337+0000] {logging_mixin.py:188} INFO - [2024-05-21T19:55:51.336+0000] {dag.py:3954} INFO - Setting next_dagrun for example_bash_operator to 2024-05-20 00:00:00+00:00, run_after=2024-05-21 00:00:00+00:00
[2024-05-21T19:55:51.395+0000] {processor.py:183} INFO - Processing /home/airflow/.local/lib/python3.12/site-packages/airflow/example_dags/example_bash_operator.py took 0.224 seconds
[2024-05-21T19:56:22.162+0000] {processor.py:161} INFO - Started process (PID=243) to work on /home/airflow/.local/lib/python3.12/site-packages/airflow/example_dags/example_bash_operator.py
[2024-05-21T19:56:22.166+0000] {processor.py:830} INFO - Processing file /home/airflow/.local/lib/python3.12/site-packages/airflow/example_dags/example_bash_operator.py for tasks to queue
[2024-05-21T19:56:22.173+0000] {logging_mixin.py:188} INFO - [2024-05-21T19:56:22.172+0000] {dagbag.py:545} INFO - Filling up the DagBag from /home/airflow/.local/lib/python3.12/site-packages/airflow/example_dags/example_bash_operator.py
[2024-05-21T19:56:22.223+0000] {processor.py:840} INFO - DAG(s) 'example_bash_operator' retrieved from /home/airflow/.local/lib/python3.12/site-packages/airflow/example_dags/example_bash_operator.py
[2024-05-21T19:56:22.336+0000] {logging_mixin.py:188} INFO - [2024-05-21T19:56:22.335+0000] {dag.py:3096} INFO - Sync 1 DAGs
[2024-05-21T19:56:22.434+0000] {logging_mixin.py:188} INFO - [2024-05-21T19:56:22.434+0000] {dag.py:3954} INFO - Setting next_dagrun for example_bash_operator to 2024-05-20 00:00:00+00:00, run_after=2024-05-21 00:00:00+00:00
[2024-05-21T19:56:22.518+0000] {processor.py:183} INFO - Processing /home/airflow/.local/lib/python3.12/site-packages/airflow/example_dags/example_bash_operator.py took 0.382 seconds
[2024-05-21T19:56:52.993+0000] {processor.py:161} INFO - Started process (PID=303) to work on /home/airflow/.local/lib/python3.12/site-packages/airflow/example_dags/example_bash_operator.py
[2024-05-21T19:56:52.998+0000] {processor.py:830} INFO - Processing file /home/airflow/.local/lib/python3.12/site-packages/airflow/example_dags/example_bash_operator.py for tasks to queue
[2024-05-21T19:56:53.005+0000] {logging_mixin.py:188} INFO - [2024-05-21T19:56:53.004+0000] {dagbag.py:545} INFO - Filling up the DagBag from /home/airflow/.local/lib/python3.12/site-packages/airflow/example_dags/example_bash_operator.py
[2024-05-21T19:56:53.040+0000] {processor.py:840} INFO - DAG(s) 'example_bash_operator' retrieved from /home/airflow/.local/lib/python3.12/site-packages/airflow/example_dags/example_bash_operator.py
[2024-05-21T19:56:53.142+0000] {logging_mixin.py:188} INFO - [2024-05-21T19:56:53.142+0000] {dag.py:3096} INFO - Sync 1 DAGs
[2024-05-21T19:56:53.215+0000] {logging_mixin.py:188} INFO - [2024-05-21T19:56:53.214+0000] {dag.py:3954} INFO - Setting next_dagrun for example_bash_operator to 2024-05-20 00:00:00+00:00, run_after=2024-05-21 00:00:00+00:00
[2024-05-21T19:56:53.279+0000] {processor.py:183} INFO - Processing /home/airflow/.local/lib/python3.12/site-packages/airflow/example_dags/example_bash_operator.py took 0.327 seconds
[2024-05-21T19:57:23.456+0000] {processor.py:161} INFO - Started process (PID=363) to work on /home/airflow/.local/lib/python3.12/site-packages/airflow/example_dags/example_bash_operator.py
[2024-05-21T19:57:23.458+0000] {processor.py:830} INFO - Processing file /home/airflow/.local/lib/python3.12/site-packages/airflow/example_dags/example_bash_operator.py for tasks to queue
[2024-05-21T19:57:23.462+0000] {logging_mixin.py:188} INFO - [2024-05-21T19:57:23.461+0000] {dagbag.py:545} INFO - Filling up the DagBag from /home/airflow/.local/lib/python3.12/site-packages/airflow/example_dags/example_bash_operator.py
[2024-05-21T19:57:23.481+0000] {processor.py:840} INFO - DAG(s) 'example_bash_operator' retrieved from /home/airflow/.local/lib/python3.12/site-packages/airflow/example_dags/example_bash_operator.py
[2024-05-21T19:57:23.543+0000] {logging_mixin.py:188} INFO - [2024-05-21T19:57:23.542+0000] {dag.py:3096} INFO - Sync 1 DAGs
[2024-05-21T19:57:23.591+0000] {logging_mixin.py:188} INFO - [2024-05-21T19:57:23.591+0000] {dag.py:3954} INFO - Setting next_dagrun for example_bash_operator to 2024-05-20 00:00:00+00:00, run_after=2024-05-21 00:00:00+00:00
[2024-05-21T19:57:23.637+0000] {processor.py:183} INFO - Processing /home/airflow/.local/lib/python3.12/site-packages/airflow/example_dags/example_bash_operator.py took 0.192 seconds
[2024-05-21T19:57:54.572+0000] {processor.py:161} INFO - Started process (PID=423) to work on /home/airflow/.local/lib/python3.12/site-packages/airflow/example_dags/example_bash_operator.py
[2024-05-21T19:57:54.574+0000] {processor.py:830} INFO - Processing file /home/airflow/.local/lib/python3.12/site-packages/airflow/example_dags/example_bash_operator.py for tasks to queue
[2024-05-21T19:57:54.580+0000] {logging_mixin.py:188} INFO - [2024-05-21T19:57:54.579+0000] {dagbag.py:545} INFO - Filling up the DagBag from /home/airflow/.local/lib/python3.12/site-packages/airflow/example_dags/example_bash_operator.py
[2024-05-21T19:57:54.610+0000] {processor.py:840} INFO - DAG(s) 'example_bash_operator' retrieved from /home/airflow/.local/lib/python3.12/site-packages/airflow/example_dags/example_bash_operator.py
[2024-05-21T19:57:54.723+0000] {logging_mixin.py:188} INFO - [2024-05-21T19:57:54.722+0000] {dag.py:3096} INFO - Sync 1 DAGs
[2024-05-21T19:57:54.829+0000] {logging_mixin.py:188} INFO - [2024-05-21T19:57:54.828+0000] {dag.py:3954} INFO - Setting next_dagrun for example_bash_operator to 2024-05-20 00:00:00+00:00, run_after=2024-05-21 00:00:00+00:00
[2024-05-21T19:57:54.920+0000] {processor.py:183} INFO - Processing /home/airflow/.local/lib/python3.12/site-packages/airflow/example_dags/example_bash_operator.py took 0.380 seconds
[2024-05-21T19:58:25.533+0000] {processor.py:161} INFO - Started process (PID=483) to work on /home/airflow/.local/lib/python3.12/site-packages/airflow/example_dags/example_bash_operator.py
[2024-05-21T19:58:25.536+0000] {processor.py:830} INFO - Processing file /home/airflow/.local/lib/python3.12/site-packages/airflow/example_dags/example_bash_operator.py for tasks to queue
[2024-05-21T19:58:25.543+0000] {logging_mixin.py:188} INFO - [2024-05-21T19:58:25.542+0000] {dagbag.py:545} INFO - Filling up the DagBag from /home/airflow/.local/lib/python3.12/site-packages/airflow/example_dags/example_bash_operator.py
[2024-05-21T19:58:25.583+0000] {processor.py:840} INFO - DAG(s) 'example_bash_operator' retrieved from /home/airflow/.local/lib/python3.12/site-packages/airflow/example_dags/example_bash_operator.py
[2024-05-21T19:58:25.660+0000] {logging_mixin.py:188} INFO - [2024-05-21T19:58:25.659+0000] {dag.py:3096} INFO - Sync 1 DAGs
[2024-05-21T19:58:25.723+0000] {logging_mixin.py:188} INFO - [2024-05-21T19:58:25.723+0000] {dag.py:3954} INFO - Setting next_dagrun for example_bash_operator to 2024-05-20 00:00:00+00:00, run_after=2024-05-21 00:00:00+00:00
[2024-05-21T19:58:25.798+0000] {processor.py:183} INFO - Processing /home/airflow/.local/lib/python3.12/site-packages/airflow/example_dags/example_bash_operator.py took 0.320 seconds
[2024-05-21T19:58:57.353+0000] {processor.py:161} INFO - Started process (PID=543) to work on /home/airflow/.local/lib/python3.12/site-packages/airflow/example_dags/example_bash_operator.py
[2024-05-21T19:58:57.355+0000] {processor.py:830} INFO - Processing file /home/airflow/.local/lib/python3.12/site-packages/airflow/example_dags/example_bash_operator.py for tasks to queue
[2024-05-21T19:58:57.360+0000] {logging_mixin.py:188} INFO - [2024-05-21T19:58:57.359+0000] {dagbag.py:545} INFO - Filling up the DagBag from /home/airflow/.local/lib/python3.12/site-packages/airflow/example_dags/example_bash_operator.py
[2024-05-21T19:58:57.398+0000] {processor.py:840} INFO - DAG(s) 'example_bash_operator' retrieved from /home/airflow/.local/lib/python3.12/site-packages/airflow/example_dags/example_bash_operator.py
[2024-05-21T19:58:57.490+0000] {logging_mixin.py:188} INFO - [2024-05-21T19:58:57.489+0000] {dag.py:3096} INFO - Sync 1 DAGs
[2024-05-21T19:58:57.558+0000] {logging_mixin.py:188} INFO - [2024-05-21T19:58:57.557+0000] {dag.py:3954} INFO - Setting next_dagrun for example_bash_operator to 2024-05-20 00:00:00+00:00, run_after=2024-05-21 00:00:00+00:00
[2024-05-21T19:58:57.661+0000] {processor.py:183} INFO - Processing /home/airflow/.local/lib/python3.12/site-packages/airflow/example_dags/example_bash_operator.py took 0.322 seconds
[2024-05-21T19:59:28.796+0000] {processor.py:161} INFO - Started process (PID=603) to work on /home/airflow/.local/lib/python3.12/site-packages/airflow/example_dags/example_bash_operator.py
[2024-05-21T19:59:28.801+0000] {processor.py:830} INFO - Processing file /home/airflow/.local/lib/python3.12/site-packages/airflow/example_dags/example_bash_operator.py for tasks to queue
[2024-05-21T19:59:28.811+0000] {logging_mixin.py:188} INFO - [2024-05-21T19:59:28.809+0000] {dagbag.py:545} INFO - Filling up the DagBag from /home/airflow/.local/lib/python3.12/site-packages/airflow/example_dags/example_bash_operator.py
[2024-05-21T19:59:28.842+0000] {processor.py:840} INFO - DAG(s) 'example_bash_operator' retrieved from /home/airflow/.local/lib/python3.12/site-packages/airflow/example_dags/example_bash_operator.py
[2024-05-21T19:59:28.918+0000] {logging_mixin.py:188} INFO - [2024-05-21T19:59:28.917+0000] {dag.py:3096} INFO - Sync 1 DAGs
[2024-05-21T19:59:28.991+0000] {logging_mixin.py:188} INFO - [2024-05-21T19:59:28.990+0000] {dag.py:3954} INFO - Setting next_dagrun for example_bash_operator to 2024-05-20 00:00:00+00:00, run_after=2024-05-21 00:00:00+00:00
[2024-05-21T19:59:29.061+0000] {processor.py:183} INFO - Processing /home/airflow/.local/lib/python3.12/site-packages/airflow/example_dags/example_bash_operator.py took 0.284 seconds
[2024-05-21T20:00:00.593+0000] {processor.py:161} INFO - Started process (PID=663) to work on /home/airflow/.local/lib/python3.12/site-packages/airflow/example_dags/example_bash_operator.py
[2024-05-21T20:00:00.598+0000] {processor.py:830} INFO - Processing file /home/airflow/.local/lib/python3.12/site-packages/airflow/example_dags/example_bash_operator.py for tasks to queue
[2024-05-21T20:00:00.615+0000] {logging_mixin.py:188} INFO - [2024-05-21T20:00:00.615+0000] {dagbag.py:545} INFO - Filling up the DagBag from /home/airflow/.local/lib/python3.12/site-packages/airflow/example_dags/example_bash_operator.py
[2024-05-21T20:00:00.661+0000] {processor.py:840} INFO - DAG(s) 'example_bash_operator' retrieved from /home/airflow/.local/lib/python3.12/site-packages/airflow/example_dags/example_bash_operator.py
[2024-05-21T20:00:00.778+0000] {logging_mixin.py:188} INFO - [2024-05-21T20:00:00.777+0000] {dag.py:3096} INFO - Sync 1 DAGs
[2024-05-21T20:00:00.868+0000] {logging_mixin.py:188} INFO - [2024-05-21T20:00:00.867+0000] {dag.py:3954} INFO - Setting next_dagrun for example_bash_operator to 2024-05-20 00:00:00+00:00, run_after=2024-05-21 00:00:00+00:00
[2024-05-21T20:00:00.924+0000] {processor.py:183} INFO - Processing /home/airflow/.local/lib/python3.12/site-packages/airflow/example_dags/example_bash_operator.py took 0.348 seconds
[2024-05-21T20:00:32.150+0000] {processor.py:161} INFO - Started process (PID=723) to work on /home/airflow/.local/lib/python3.12/site-packages/airflow/example_dags/example_bash_operator.py
[2024-05-21T20:00:32.153+0000] {processor.py:830} INFO - Processing file /home/airflow/.local/lib/python3.12/site-packages/airflow/example_dags/example_bash_operator.py for tasks to queue
[2024-05-21T20:00:32.162+0000] {logging_mixin.py:188} INFO - [2024-05-21T20:00:32.160+0000] {dagbag.py:545} INFO - Filling up the DagBag from /home/airflow/.local/lib/python3.12/site-packages/airflow/example_dags/example_bash_operator.py
[2024-05-21T20:00:32.206+0000] {processor.py:840} INFO - DAG(s) 'example_bash_operator' retrieved from /home/airflow/.local/lib/python3.12/site-packages/airflow/example_dags/example_bash_operator.py
[2024-05-21T20:00:32.307+0000] {logging_mixin.py:188} INFO - [2024-05-21T20:00:32.306+0000] {dag.py:3096} INFO - Sync 1 DAGs
[2024-05-21T20:00:32.374+0000] {logging_mixin.py:188} INFO - [2024-05-21T20:00:32.373+0000] {dag.py:3954} INFO - Setting next_dagrun for example_bash_operator to 2024-05-20 00:00:00+00:00, run_after=2024-05-21 00:00:00+00:00
[2024-05-21T20:00:32.447+0000] {processor.py:183} INFO - Processing /home/airflow/.local/lib/python3.12/site-packages/airflow/example_dags/example_bash_operator.py took 0.317 seconds
[2024-05-21T20:01:04.035+0000] {processor.py:161} INFO - Started process (PID=783) to work on /home/airflow/.local/lib/python3.12/site-packages/airflow/example_dags/example_bash_operator.py
[2024-05-21T20:01:04.038+0000] {processor.py:830} INFO - Processing file /home/airflow/.local/lib/python3.12/site-packages/airflow/example_dags/example_bash_operator.py for tasks to queue
[2024-05-21T20:01:04.043+0000] {logging_mixin.py:188} INFO - [2024-05-21T20:01:04.042+0000] {dagbag.py:545} INFO - Filling up the DagBag from /home/airflow/.local/lib/python3.12/site-packages/airflow/example_dags/example_bash_operator.py
[2024-05-21T20:01:04.074+0000] {processor.py:840} INFO - DAG(s) 'example_bash_operator' retrieved from /home/airflow/.local/lib/python3.12/site-packages/airflow/example_dags/example_bash_operator.py
[2024-05-21T20:01:04.190+0000] {logging_mixin.py:188} INFO - [2024-05-21T20:01:04.186+0000] {dag.py:3096} INFO - Sync 1 DAGs
[2024-05-21T20:01:04.264+0000] {logging_mixin.py:188} INFO - [2024-05-21T20:01:04.264+0000] {dag.py:3954} INFO - Setting next_dagrun for example_bash_operator to 2024-05-20 00:00:00+00:00, run_after=2024-05-21 00:00:00+00:00
[2024-05-21T20:01:04.396+0000] {processor.py:183} INFO - Processing /home/airflow/.local/lib/python3.12/site-packages/airflow/example_dags/example_bash_operator.py took 0.382 seconds
[2024-05-21T20:01:34.971+0000] {processor.py:161} INFO - Started process (PID=843) to work on /home/airflow/.local/lib/python3.12/site-packages/airflow/example_dags/example_bash_operator.py
[2024-05-21T20:01:34.974+0000] {processor.py:830} INFO - Processing file /home/airflow/.local/lib/python3.12/site-packages/airflow/example_dags/example_bash_operator.py for tasks to queue
[2024-05-21T20:01:34.984+0000] {logging_mixin.py:188} INFO - [2024-05-21T20:01:34.982+0000] {dagbag.py:545} INFO - Filling up the DagBag from /home/airflow/.local/lib/python3.12/site-packages/airflow/example_dags/example_bash_operator.py
[2024-05-21T20:01:35.027+0000] {processor.py:840} INFO - DAG(s) 'example_bash_operator' retrieved from /home/airflow/.local/lib/python3.12/site-packages/airflow/example_dags/example_bash_operator.py
[2024-05-21T20:01:35.138+0000] {logging_mixin.py:188} INFO - [2024-05-21T20:01:35.137+0000] {dag.py:3096} INFO - Sync 1 DAGs
[2024-05-21T20:01:35.214+0000] {logging_mixin.py:188} INFO - [2024-05-21T20:01:35.213+0000] {dag.py:3954} INFO - Setting next_dagrun for example_bash_operator to 2024-05-20 00:00:00+00:00, run_after=2024-05-21 00:00:00+00:00
[2024-05-21T20:01:35.268+0000] {processor.py:183} INFO - Processing /home/airflow/.local/lib/python3.12/site-packages/airflow/example_dags/example_bash_operator.py took 0.316 seconds
[2024-05-21T20:02:05.922+0000] {processor.py:161} INFO - Started process (PID=909) to work on /home/airflow/.local/lib/python3.12/site-packages/airflow/example_dags/example_bash_operator.py
[2024-05-21T20:02:05.924+0000] {processor.py:830} INFO - Processing file /home/airflow/.local/lib/python3.12/site-packages/airflow/example_dags/example_bash_operator.py for tasks to queue
[2024-05-21T20:02:05.929+0000] {logging_mixin.py:188} INFO - [2024-05-21T20:02:05.928+0000] {dagbag.py:545} INFO - Filling up the DagBag from /home/airflow/.local/lib/python3.12/site-packages/airflow/example_dags/example_bash_operator.py
[2024-05-21T20:02:05.988+0000] {processor.py:840} INFO - DAG(s) 'example_bash_operator' retrieved from /home/airflow/.local/lib/python3.12/site-packages/airflow/example_dags/example_bash_operator.py
[2024-05-21T20:02:06.068+0000] {logging_mixin.py:188} INFO - [2024-05-21T20:02:06.067+0000] {dag.py:3096} INFO - Sync 1 DAGs
[2024-05-21T20:02:06.130+0000] {logging_mixin.py:188} INFO - [2024-05-21T20:02:06.129+0000] {dag.py:3954} INFO - Setting next_dagrun for example_bash_operator to 2024-05-20 00:00:00+00:00, run_after=2024-05-21 00:00:00+00:00
[2024-05-21T20:02:06.214+0000] {processor.py:183} INFO - Processing /home/airflow/.local/lib/python3.12/site-packages/airflow/example_dags/example_bash_operator.py took 0.306 seconds
[2024-05-21T20:02:36.497+0000] {processor.py:161} INFO - Started process (PID=967) to work on /home/airflow/.local/lib/python3.12/site-packages/airflow/example_dags/example_bash_operator.py
[2024-05-21T20:02:36.499+0000] {processor.py:830} INFO - Processing file /home/airflow/.local/lib/python3.12/site-packages/airflow/example_dags/example_bash_operator.py for tasks to queue
[2024-05-21T20:02:36.504+0000] {logging_mixin.py:188} INFO - [2024-05-21T20:02:36.503+0000] {dagbag.py:545} INFO - Filling up the DagBag from /home/airflow/.local/lib/python3.12/site-packages/airflow/example_dags/example_bash_operator.py
[2024-05-21T20:02:36.535+0000] {processor.py:840} INFO - DAG(s) 'example_bash_operator' retrieved from /home/airflow/.local/lib/python3.12/site-packages/airflow/example_dags/example_bash_operator.py
[2024-05-21T20:02:36.613+0000] {logging_mixin.py:188} INFO - [2024-05-21T20:02:36.612+0000] {dag.py:3096} INFO - Sync 1 DAGs
[2024-05-21T20:02:36.693+0000] {logging_mixin.py:188} INFO - [2024-05-21T20:02:36.692+0000] {dag.py:3954} INFO - Setting next_dagrun for example_bash_operator to 2024-05-20 00:00:00+00:00, run_after=2024-05-21 00:00:00+00:00
[2024-05-21T20:02:36.765+0000] {processor.py:183} INFO - Processing /home/airflow/.local/lib/python3.12/site-packages/airflow/example_dags/example_bash_operator.py took 0.284 seconds
