[2024-05-21T19:29:07.172+0000] {processor.py:161} INFO - Started process (PID=68) to work on /home/airflow/.local/lib/python3.12/site-packages/airflow/example_dags/example_sensors.py
[2024-05-21T19:29:07.177+0000] {processor.py:830} INFO - Processing file /home/airflow/.local/lib/python3.12/site-packages/airflow/example_dags/example_sensors.py for tasks to queue
[2024-05-21T19:29:07.189+0000] {logging_mixin.py:188} INFO - [2024-05-21T19:29:07.188+0000] {dagbag.py:545} INFO - Filling up the DagBag from /home/airflow/.local/lib/python3.12/site-packages/airflow/example_dags/example_sensors.py
[2024-05-21T19:29:07.221+0000] {processor.py:840} INFO - DAG(s) 'example_sensors' retrieved from /home/airflow/.local/lib/python3.12/site-packages/airflow/example_dags/example_sensors.py
[2024-05-21T19:29:07.559+0000] {logging_mixin.py:188} INFO - [2024-05-21T19:29:07.558+0000] {dag.py:3096} INFO - Sync 1 DAGs
[2024-05-21T19:29:07.608+0000] {logging_mixin.py:188} INFO - [2024-05-21T19:29:07.607+0000] {dag.py:3954} INFO - Setting next_dagrun for example_sensors to None, run_after=None
[2024-05-21T19:29:07.673+0000] {processor.py:183} INFO - Processing /home/airflow/.local/lib/python3.12/site-packages/airflow/example_dags/example_sensors.py took 0.531 seconds
[2024-05-21T19:29:38.446+0000] {processor.py:161} INFO - Started process (PID=128) to work on /home/airflow/.local/lib/python3.12/site-packages/airflow/example_dags/example_sensors.py
[2024-05-21T19:29:38.449+0000] {processor.py:830} INFO - Processing file /home/airflow/.local/lib/python3.12/site-packages/airflow/example_dags/example_sensors.py for tasks to queue
[2024-05-21T19:29:38.454+0000] {logging_mixin.py:188} INFO - [2024-05-21T19:29:38.453+0000] {dagbag.py:545} INFO - Filling up the DagBag from /home/airflow/.local/lib/python3.12/site-packages/airflow/example_dags/example_sensors.py
[2024-05-21T19:29:38.492+0000] {processor.py:840} INFO - DAG(s) 'example_sensors' retrieved from /home/airflow/.local/lib/python3.12/site-packages/airflow/example_dags/example_sensors.py
[2024-05-21T19:29:38.589+0000] {logging_mixin.py:188} INFO - [2024-05-21T19:29:38.586+0000] {dag.py:3096} INFO - Sync 1 DAGs
[2024-05-21T19:29:38.631+0000] {logging_mixin.py:188} INFO - [2024-05-21T19:29:38.630+0000] {dag.py:3954} INFO - Setting next_dagrun for example_sensors to None, run_after=None
[2024-05-21T19:29:38.724+0000] {processor.py:183} INFO - Processing /home/airflow/.local/lib/python3.12/site-packages/airflow/example_dags/example_sensors.py took 0.295 seconds
[2024-05-21T19:30:09.193+0000] {processor.py:161} INFO - Started process (PID=188) to work on /home/airflow/.local/lib/python3.12/site-packages/airflow/example_dags/example_sensors.py
[2024-05-21T19:30:09.196+0000] {processor.py:830} INFO - Processing file /home/airflow/.local/lib/python3.12/site-packages/airflow/example_dags/example_sensors.py for tasks to queue
[2024-05-21T19:30:09.201+0000] {logging_mixin.py:188} INFO - [2024-05-21T19:30:09.200+0000] {dagbag.py:545} INFO - Filling up the DagBag from /home/airflow/.local/lib/python3.12/site-packages/airflow/example_dags/example_sensors.py
[2024-05-21T19:30:09.228+0000] {processor.py:840} INFO - DAG(s) 'example_sensors' retrieved from /home/airflow/.local/lib/python3.12/site-packages/airflow/example_dags/example_sensors.py
[2024-05-21T19:30:09.301+0000] {logging_mixin.py:188} INFO - [2024-05-21T19:30:09.299+0000] {dag.py:3096} INFO - Sync 1 DAGs
[2024-05-21T19:30:09.386+0000] {logging_mixin.py:188} INFO - [2024-05-21T19:30:09.386+0000] {dag.py:3954} INFO - Setting next_dagrun for example_sensors to None, run_after=None
[2024-05-21T19:30:09.450+0000] {processor.py:183} INFO - Processing /home/airflow/.local/lib/python3.12/site-packages/airflow/example_dags/example_sensors.py took 0.275 seconds
[2024-05-21T19:30:39.793+0000] {processor.py:161} INFO - Started process (PID=248) to work on /home/airflow/.local/lib/python3.12/site-packages/airflow/example_dags/example_sensors.py
[2024-05-21T19:30:39.796+0000] {processor.py:830} INFO - Processing file /home/airflow/.local/lib/python3.12/site-packages/airflow/example_dags/example_sensors.py for tasks to queue
[2024-05-21T19:30:39.801+0000] {logging_mixin.py:188} INFO - [2024-05-21T19:30:39.801+0000] {dagbag.py:545} INFO - Filling up the DagBag from /home/airflow/.local/lib/python3.12/site-packages/airflow/example_dags/example_sensors.py
[2024-05-21T19:30:39.825+0000] {processor.py:840} INFO - DAG(s) 'example_sensors' retrieved from /home/airflow/.local/lib/python3.12/site-packages/airflow/example_dags/example_sensors.py
[2024-05-21T19:30:39.896+0000] {logging_mixin.py:188} INFO - [2024-05-21T19:30:39.895+0000] {dag.py:3096} INFO - Sync 1 DAGs
[2024-05-21T19:30:39.947+0000] {logging_mixin.py:188} INFO - [2024-05-21T19:30:39.946+0000] {dag.py:3954} INFO - Setting next_dagrun for example_sensors to None, run_after=None
[2024-05-21T19:30:40.028+0000] {processor.py:183} INFO - Processing /home/airflow/.local/lib/python3.12/site-packages/airflow/example_dags/example_sensors.py took 0.250 seconds
[2024-05-21T19:31:11.154+0000] {processor.py:161} INFO - Started process (PID=308) to work on /home/airflow/.local/lib/python3.12/site-packages/airflow/example_dags/example_sensors.py
[2024-05-21T19:31:11.158+0000] {processor.py:830} INFO - Processing file /home/airflow/.local/lib/python3.12/site-packages/airflow/example_dags/example_sensors.py for tasks to queue
[2024-05-21T19:31:11.165+0000] {logging_mixin.py:188} INFO - [2024-05-21T19:31:11.164+0000] {dagbag.py:545} INFO - Filling up the DagBag from /home/airflow/.local/lib/python3.12/site-packages/airflow/example_dags/example_sensors.py
[2024-05-21T19:31:11.187+0000] {processor.py:840} INFO - DAG(s) 'example_sensors' retrieved from /home/airflow/.local/lib/python3.12/site-packages/airflow/example_dags/example_sensors.py
[2024-05-21T19:31:11.270+0000] {logging_mixin.py:188} INFO - [2024-05-21T19:31:11.269+0000] {dag.py:3096} INFO - Sync 1 DAGs
[2024-05-21T19:31:11.298+0000] {logging_mixin.py:188} INFO - [2024-05-21T19:31:11.297+0000] {dag.py:3954} INFO - Setting next_dagrun for example_sensors to None, run_after=None
[2024-05-21T19:31:11.357+0000] {processor.py:183} INFO - Processing /home/airflow/.local/lib/python3.12/site-packages/airflow/example_dags/example_sensors.py took 0.216 seconds
[2024-05-21T19:31:42.414+0000] {processor.py:161} INFO - Started process (PID=368) to work on /home/airflow/.local/lib/python3.12/site-packages/airflow/example_dags/example_sensors.py
[2024-05-21T19:31:42.418+0000] {processor.py:830} INFO - Processing file /home/airflow/.local/lib/python3.12/site-packages/airflow/example_dags/example_sensors.py for tasks to queue
[2024-05-21T19:31:42.429+0000] {logging_mixin.py:188} INFO - [2024-05-21T19:31:42.428+0000] {dagbag.py:545} INFO - Filling up the DagBag from /home/airflow/.local/lib/python3.12/site-packages/airflow/example_dags/example_sensors.py
[2024-05-21T19:31:42.454+0000] {processor.py:840} INFO - DAG(s) 'example_sensors' retrieved from /home/airflow/.local/lib/python3.12/site-packages/airflow/example_dags/example_sensors.py
[2024-05-21T19:31:42.546+0000] {logging_mixin.py:188} INFO - [2024-05-21T19:31:42.545+0000] {dag.py:3096} INFO - Sync 1 DAGs
[2024-05-21T19:31:42.586+0000] {logging_mixin.py:188} INFO - [2024-05-21T19:31:42.586+0000] {dag.py:3954} INFO - Setting next_dagrun for example_sensors to None, run_after=None
[2024-05-21T19:31:42.648+0000] {processor.py:183} INFO - Processing /home/airflow/.local/lib/python3.12/site-packages/airflow/example_dags/example_sensors.py took 0.248 seconds
[2024-05-21T19:32:14.303+0000] {processor.py:161} INFO - Started process (PID=428) to work on /home/airflow/.local/lib/python3.12/site-packages/airflow/example_dags/example_sensors.py
[2024-05-21T19:32:14.306+0000] {processor.py:830} INFO - Processing file /home/airflow/.local/lib/python3.12/site-packages/airflow/example_dags/example_sensors.py for tasks to queue
[2024-05-21T19:32:14.311+0000] {logging_mixin.py:188} INFO - [2024-05-21T19:32:14.310+0000] {dagbag.py:545} INFO - Filling up the DagBag from /home/airflow/.local/lib/python3.12/site-packages/airflow/example_dags/example_sensors.py
[2024-05-21T19:32:14.345+0000] {processor.py:840} INFO - DAG(s) 'example_sensors' retrieved from /home/airflow/.local/lib/python3.12/site-packages/airflow/example_dags/example_sensors.py
[2024-05-21T19:32:14.453+0000] {logging_mixin.py:188} INFO - [2024-05-21T19:32:14.452+0000] {dag.py:3096} INFO - Sync 1 DAGs
[2024-05-21T19:32:14.498+0000] {logging_mixin.py:188} INFO - [2024-05-21T19:32:14.498+0000] {dag.py:3954} INFO - Setting next_dagrun for example_sensors to None, run_after=None
[2024-05-21T19:32:14.611+0000] {processor.py:183} INFO - Processing /home/airflow/.local/lib/python3.12/site-packages/airflow/example_dags/example_sensors.py took 0.322 seconds
[2024-05-21T19:32:47.135+0000] {processor.py:161} INFO - Started process (PID=489) to work on /home/airflow/.local/lib/python3.12/site-packages/airflow/example_dags/example_sensors.py
[2024-05-21T19:32:47.138+0000] {processor.py:830} INFO - Processing file /home/airflow/.local/lib/python3.12/site-packages/airflow/example_dags/example_sensors.py for tasks to queue
[2024-05-21T19:32:47.143+0000] {logging_mixin.py:188} INFO - [2024-05-21T19:32:47.142+0000] {dagbag.py:545} INFO - Filling up the DagBag from /home/airflow/.local/lib/python3.12/site-packages/airflow/example_dags/example_sensors.py
[2024-05-21T19:32:47.173+0000] {processor.py:840} INFO - DAG(s) 'example_sensors' retrieved from /home/airflow/.local/lib/python3.12/site-packages/airflow/example_dags/example_sensors.py
[2024-05-21T19:32:47.305+0000] {logging_mixin.py:188} INFO - [2024-05-21T19:32:47.304+0000] {dag.py:3096} INFO - Sync 1 DAGs
[2024-05-21T19:32:47.348+0000] {logging_mixin.py:188} INFO - [2024-05-21T19:32:47.347+0000] {dag.py:3954} INFO - Setting next_dagrun for example_sensors to None, run_after=None
[2024-05-21T19:32:47.523+0000] {processor.py:183} INFO - Processing /home/airflow/.local/lib/python3.12/site-packages/airflow/example_dags/example_sensors.py took 0.411 seconds
[2024-05-21T19:33:18.041+0000] {processor.py:161} INFO - Started process (PID=549) to work on /home/airflow/.local/lib/python3.12/site-packages/airflow/example_dags/example_sensors.py
[2024-05-21T19:33:18.044+0000] {processor.py:830} INFO - Processing file /home/airflow/.local/lib/python3.12/site-packages/airflow/example_dags/example_sensors.py for tasks to queue
[2024-05-21T19:33:18.049+0000] {logging_mixin.py:188} INFO - [2024-05-21T19:33:18.048+0000] {dagbag.py:545} INFO - Filling up the DagBag from /home/airflow/.local/lib/python3.12/site-packages/airflow/example_dags/example_sensors.py
[2024-05-21T19:33:18.072+0000] {processor.py:840} INFO - DAG(s) 'example_sensors' retrieved from /home/airflow/.local/lib/python3.12/site-packages/airflow/example_dags/example_sensors.py
[2024-05-21T19:33:18.144+0000] {logging_mixin.py:188} INFO - [2024-05-21T19:33:18.143+0000] {dag.py:3096} INFO - Sync 1 DAGs
[2024-05-21T19:33:18.185+0000] {logging_mixin.py:188} INFO - [2024-05-21T19:33:18.185+0000] {dag.py:3954} INFO - Setting next_dagrun for example_sensors to None, run_after=None
[2024-05-21T19:33:18.276+0000] {processor.py:183} INFO - Processing /home/airflow/.local/lib/python3.12/site-packages/airflow/example_dags/example_sensors.py took 0.253 seconds
[2024-05-21T19:33:49.633+0000] {processor.py:161} INFO - Started process (PID=609) to work on /home/airflow/.local/lib/python3.12/site-packages/airflow/example_dags/example_sensors.py
[2024-05-21T19:33:49.636+0000] {processor.py:830} INFO - Processing file /home/airflow/.local/lib/python3.12/site-packages/airflow/example_dags/example_sensors.py for tasks to queue
[2024-05-21T19:33:49.642+0000] {logging_mixin.py:188} INFO - [2024-05-21T19:33:49.642+0000] {dagbag.py:545} INFO - Filling up the DagBag from /home/airflow/.local/lib/python3.12/site-packages/airflow/example_dags/example_sensors.py
[2024-05-21T19:33:49.691+0000] {processor.py:840} INFO - DAG(s) 'example_sensors' retrieved from /home/airflow/.local/lib/python3.12/site-packages/airflow/example_dags/example_sensors.py
[2024-05-21T19:33:49.761+0000] {logging_mixin.py:188} INFO - [2024-05-21T19:33:49.760+0000] {dag.py:3096} INFO - Sync 1 DAGs
[2024-05-21T19:33:49.793+0000] {logging_mixin.py:188} INFO - [2024-05-21T19:33:49.793+0000] {dag.py:3954} INFO - Setting next_dagrun for example_sensors to None, run_after=None
[2024-05-21T19:33:49.838+0000] {processor.py:183} INFO - Processing /home/airflow/.local/lib/python3.12/site-packages/airflow/example_dags/example_sensors.py took 0.222 seconds
[2024-05-21T19:34:20.717+0000] {processor.py:161} INFO - Started process (PID=675) to work on /home/airflow/.local/lib/python3.12/site-packages/airflow/example_dags/example_sensors.py
[2024-05-21T19:34:20.722+0000] {processor.py:830} INFO - Processing file /home/airflow/.local/lib/python3.12/site-packages/airflow/example_dags/example_sensors.py for tasks to queue
[2024-05-21T19:34:20.738+0000] {logging_mixin.py:188} INFO - [2024-05-21T19:34:20.737+0000] {dagbag.py:545} INFO - Filling up the DagBag from /home/airflow/.local/lib/python3.12/site-packages/airflow/example_dags/example_sensors.py
[2024-05-21T19:34:20.777+0000] {processor.py:840} INFO - DAG(s) 'example_sensors' retrieved from /home/airflow/.local/lib/python3.12/site-packages/airflow/example_dags/example_sensors.py
[2024-05-21T19:34:20.859+0000] {logging_mixin.py:188} INFO - [2024-05-21T19:34:20.858+0000] {dag.py:3096} INFO - Sync 1 DAGs
[2024-05-21T19:34:20.898+0000] {logging_mixin.py:188} INFO - [2024-05-21T19:34:20.898+0000] {dag.py:3954} INFO - Setting next_dagrun for example_sensors to None, run_after=None
[2024-05-21T19:34:20.956+0000] {processor.py:183} INFO - Processing /home/airflow/.local/lib/python3.12/site-packages/airflow/example_dags/example_sensors.py took 0.257 seconds
[2024-05-21T19:34:51.458+0000] {processor.py:161} INFO - Started process (PID=733) to work on /home/airflow/.local/lib/python3.12/site-packages/airflow/example_dags/example_sensors.py
[2024-05-21T19:34:51.461+0000] {processor.py:830} INFO - Processing file /home/airflow/.local/lib/python3.12/site-packages/airflow/example_dags/example_sensors.py for tasks to queue
[2024-05-21T19:34:51.467+0000] {logging_mixin.py:188} INFO - [2024-05-21T19:34:51.466+0000] {dagbag.py:545} INFO - Filling up the DagBag from /home/airflow/.local/lib/python3.12/site-packages/airflow/example_dags/example_sensors.py
[2024-05-21T19:34:51.495+0000] {processor.py:840} INFO - DAG(s) 'example_sensors' retrieved from /home/airflow/.local/lib/python3.12/site-packages/airflow/example_dags/example_sensors.py
[2024-05-21T19:34:51.647+0000] {logging_mixin.py:188} INFO - [2024-05-21T19:34:51.646+0000] {dag.py:3096} INFO - Sync 1 DAGs
[2024-05-21T19:34:51.688+0000] {logging_mixin.py:188} INFO - [2024-05-21T19:34:51.687+0000] {dag.py:3954} INFO - Setting next_dagrun for example_sensors to None, run_after=None
[2024-05-21T19:34:51.852+0000] {processor.py:183} INFO - Processing /home/airflow/.local/lib/python3.12/site-packages/airflow/example_dags/example_sensors.py took 0.410 seconds
[2024-05-21T19:35:22.751+0000] {processor.py:161} INFO - Started process (PID=793) to work on /home/airflow/.local/lib/python3.12/site-packages/airflow/example_dags/example_sensors.py
[2024-05-21T19:35:22.755+0000] {processor.py:830} INFO - Processing file /home/airflow/.local/lib/python3.12/site-packages/airflow/example_dags/example_sensors.py for tasks to queue
[2024-05-21T19:35:22.768+0000] {logging_mixin.py:188} INFO - [2024-05-21T19:35:22.762+0000] {dagbag.py:545} INFO - Filling up the DagBag from /home/airflow/.local/lib/python3.12/site-packages/airflow/example_dags/example_sensors.py
[2024-05-21T19:35:22.832+0000] {processor.py:840} INFO - DAG(s) 'example_sensors' retrieved from /home/airflow/.local/lib/python3.12/site-packages/airflow/example_dags/example_sensors.py
[2024-05-21T19:35:22.923+0000] {logging_mixin.py:188} INFO - [2024-05-21T19:35:22.922+0000] {dag.py:3096} INFO - Sync 1 DAGs
[2024-05-21T19:35:22.959+0000] {logging_mixin.py:188} INFO - [2024-05-21T19:35:22.959+0000] {dag.py:3954} INFO - Setting next_dagrun for example_sensors to None, run_after=None
[2024-05-21T19:35:23.039+0000] {processor.py:183} INFO - Processing /home/airflow/.local/lib/python3.12/site-packages/airflow/example_dags/example_sensors.py took 0.301 seconds
[2024-05-21T19:35:53.354+0000] {processor.py:161} INFO - Started process (PID=852) to work on /home/airflow/.local/lib/python3.12/site-packages/airflow/example_dags/example_sensors.py
[2024-05-21T19:35:53.357+0000] {processor.py:830} INFO - Processing file /home/airflow/.local/lib/python3.12/site-packages/airflow/example_dags/example_sensors.py for tasks to queue
[2024-05-21T19:35:53.364+0000] {logging_mixin.py:188} INFO - [2024-05-21T19:35:53.363+0000] {dagbag.py:545} INFO - Filling up the DagBag from /home/airflow/.local/lib/python3.12/site-packages/airflow/example_dags/example_sensors.py
[2024-05-21T19:35:53.400+0000] {processor.py:840} INFO - DAG(s) 'example_sensors' retrieved from /home/airflow/.local/lib/python3.12/site-packages/airflow/example_dags/example_sensors.py
[2024-05-21T19:35:53.500+0000] {logging_mixin.py:188} INFO - [2024-05-21T19:35:53.499+0000] {dag.py:3096} INFO - Sync 1 DAGs
[2024-05-21T19:35:53.548+0000] {logging_mixin.py:188} INFO - [2024-05-21T19:35:53.548+0000] {dag.py:3954} INFO - Setting next_dagrun for example_sensors to None, run_after=None
[2024-05-21T19:35:53.618+0000] {processor.py:183} INFO - Processing /home/airflow/.local/lib/python3.12/site-packages/airflow/example_dags/example_sensors.py took 0.286 seconds
[2024-05-21T19:36:23.899+0000] {processor.py:161} INFO - Started process (PID=912) to work on /home/airflow/.local/lib/python3.12/site-packages/airflow/example_dags/example_sensors.py
[2024-05-21T19:36:23.902+0000] {processor.py:830} INFO - Processing file /home/airflow/.local/lib/python3.12/site-packages/airflow/example_dags/example_sensors.py for tasks to queue
[2024-05-21T19:36:23.908+0000] {logging_mixin.py:188} INFO - [2024-05-21T19:36:23.907+0000] {dagbag.py:545} INFO - Filling up the DagBag from /home/airflow/.local/lib/python3.12/site-packages/airflow/example_dags/example_sensors.py
[2024-05-21T19:36:23.939+0000] {processor.py:840} INFO - DAG(s) 'example_sensors' retrieved from /home/airflow/.local/lib/python3.12/site-packages/airflow/example_dags/example_sensors.py
[2024-05-21T19:36:24.012+0000] {logging_mixin.py:188} INFO - [2024-05-21T19:36:24.011+0000] {dag.py:3096} INFO - Sync 1 DAGs
[2024-05-21T19:36:24.057+0000] {logging_mixin.py:188} INFO - [2024-05-21T19:36:24.056+0000] {dag.py:3954} INFO - Setting next_dagrun for example_sensors to None, run_after=None
[2024-05-21T19:36:24.105+0000] {processor.py:183} INFO - Processing /home/airflow/.local/lib/python3.12/site-packages/airflow/example_dags/example_sensors.py took 0.216 seconds
[2024-05-21T19:36:54.381+0000] {processor.py:161} INFO - Started process (PID=971) to work on /home/airflow/.local/lib/python3.12/site-packages/airflow/example_dags/example_sensors.py
[2024-05-21T19:36:54.385+0000] {processor.py:830} INFO - Processing file /home/airflow/.local/lib/python3.12/site-packages/airflow/example_dags/example_sensors.py for tasks to queue
[2024-05-21T19:36:54.391+0000] {logging_mixin.py:188} INFO - [2024-05-21T19:36:54.390+0000] {dagbag.py:545} INFO - Filling up the DagBag from /home/airflow/.local/lib/python3.12/site-packages/airflow/example_dags/example_sensors.py
[2024-05-21T19:36:54.418+0000] {processor.py:840} INFO - DAG(s) 'example_sensors' retrieved from /home/airflow/.local/lib/python3.12/site-packages/airflow/example_dags/example_sensors.py
[2024-05-21T19:36:54.524+0000] {logging_mixin.py:188} INFO - [2024-05-21T19:36:54.523+0000] {dag.py:3096} INFO - Sync 1 DAGs
[2024-05-21T19:36:54.579+0000] {logging_mixin.py:188} INFO - [2024-05-21T19:36:54.578+0000] {dag.py:3954} INFO - Setting next_dagrun for example_sensors to None, run_after=None
[2024-05-21T19:36:54.675+0000] {processor.py:183} INFO - Processing /home/airflow/.local/lib/python3.12/site-packages/airflow/example_dags/example_sensors.py took 0.311 seconds
[2024-05-21T19:37:24.985+0000] {processor.py:161} INFO - Started process (PID=1031) to work on /home/airflow/.local/lib/python3.12/site-packages/airflow/example_dags/example_sensors.py
[2024-05-21T19:37:24.988+0000] {processor.py:830} INFO - Processing file /home/airflow/.local/lib/python3.12/site-packages/airflow/example_dags/example_sensors.py for tasks to queue
[2024-05-21T19:37:25.000+0000] {logging_mixin.py:188} INFO - [2024-05-21T19:37:24.998+0000] {dagbag.py:545} INFO - Filling up the DagBag from /home/airflow/.local/lib/python3.12/site-packages/airflow/example_dags/example_sensors.py
[2024-05-21T19:37:25.027+0000] {processor.py:840} INFO - DAG(s) 'example_sensors' retrieved from /home/airflow/.local/lib/python3.12/site-packages/airflow/example_dags/example_sensors.py
[2024-05-21T19:37:25.117+0000] {logging_mixin.py:188} INFO - [2024-05-21T19:37:25.116+0000] {dag.py:3096} INFO - Sync 1 DAGs
[2024-05-21T19:37:25.152+0000] {logging_mixin.py:188} INFO - [2024-05-21T19:37:25.152+0000] {dag.py:3954} INFO - Setting next_dagrun for example_sensors to None, run_after=None
[2024-05-21T19:37:25.219+0000] {processor.py:183} INFO - Processing /home/airflow/.local/lib/python3.12/site-packages/airflow/example_dags/example_sensors.py took 0.247 seconds
[2024-05-21T19:37:55.906+0000] {processor.py:161} INFO - Started process (PID=1090) to work on /home/airflow/.local/lib/python3.12/site-packages/airflow/example_dags/example_sensors.py
[2024-05-21T19:37:55.908+0000] {processor.py:830} INFO - Processing file /home/airflow/.local/lib/python3.12/site-packages/airflow/example_dags/example_sensors.py for tasks to queue
[2024-05-21T19:37:55.914+0000] {logging_mixin.py:188} INFO - [2024-05-21T19:37:55.913+0000] {dagbag.py:545} INFO - Filling up the DagBag from /home/airflow/.local/lib/python3.12/site-packages/airflow/example_dags/example_sensors.py
[2024-05-21T19:37:55.942+0000] {processor.py:840} INFO - DAG(s) 'example_sensors' retrieved from /home/airflow/.local/lib/python3.12/site-packages/airflow/example_dags/example_sensors.py
[2024-05-21T19:37:56.041+0000] {logging_mixin.py:188} INFO - [2024-05-21T19:37:56.041+0000] {dag.py:3096} INFO - Sync 1 DAGs
[2024-05-21T19:37:56.095+0000] {logging_mixin.py:188} INFO - [2024-05-21T19:37:56.094+0000] {dag.py:3954} INFO - Setting next_dagrun for example_sensors to None, run_after=None
[2024-05-21T19:37:56.157+0000] {processor.py:183} INFO - Processing /home/airflow/.local/lib/python3.12/site-packages/airflow/example_dags/example_sensors.py took 0.266 seconds
[2024-05-21T19:38:26.698+0000] {processor.py:161} INFO - Started process (PID=1150) to work on /home/airflow/.local/lib/python3.12/site-packages/airflow/example_dags/example_sensors.py
[2024-05-21T19:38:26.701+0000] {processor.py:830} INFO - Processing file /home/airflow/.local/lib/python3.12/site-packages/airflow/example_dags/example_sensors.py for tasks to queue
[2024-05-21T19:38:26.706+0000] {logging_mixin.py:188} INFO - [2024-05-21T19:38:26.705+0000] {dagbag.py:545} INFO - Filling up the DagBag from /home/airflow/.local/lib/python3.12/site-packages/airflow/example_dags/example_sensors.py
[2024-05-21T19:38:26.742+0000] {processor.py:840} INFO - DAG(s) 'example_sensors' retrieved from /home/airflow/.local/lib/python3.12/site-packages/airflow/example_dags/example_sensors.py
[2024-05-21T19:38:26.839+0000] {logging_mixin.py:188} INFO - [2024-05-21T19:38:26.838+0000] {dag.py:3096} INFO - Sync 1 DAGs
[2024-05-21T19:38:26.884+0000] {logging_mixin.py:188} INFO - [2024-05-21T19:38:26.883+0000] {dag.py:3954} INFO - Setting next_dagrun for example_sensors to None, run_after=None
[2024-05-21T19:38:26.951+0000] {processor.py:183} INFO - Processing /home/airflow/.local/lib/python3.12/site-packages/airflow/example_dags/example_sensors.py took 0.292 seconds
[2024-05-21T19:38:57.097+0000] {processor.py:161} INFO - Started process (PID=1210) to work on /home/airflow/.local/lib/python3.12/site-packages/airflow/example_dags/example_sensors.py
[2024-05-21T19:38:57.099+0000] {processor.py:830} INFO - Processing file /home/airflow/.local/lib/python3.12/site-packages/airflow/example_dags/example_sensors.py for tasks to queue
[2024-05-21T19:38:57.107+0000] {logging_mixin.py:188} INFO - [2024-05-21T19:38:57.105+0000] {dagbag.py:545} INFO - Filling up the DagBag from /home/airflow/.local/lib/python3.12/site-packages/airflow/example_dags/example_sensors.py
[2024-05-21T19:38:57.131+0000] {processor.py:840} INFO - DAG(s) 'example_sensors' retrieved from /home/airflow/.local/lib/python3.12/site-packages/airflow/example_dags/example_sensors.py
[2024-05-21T19:38:57.206+0000] {logging_mixin.py:188} INFO - [2024-05-21T19:38:57.206+0000] {dag.py:3096} INFO - Sync 1 DAGs
[2024-05-21T19:38:57.246+0000] {logging_mixin.py:188} INFO - [2024-05-21T19:38:57.246+0000] {dag.py:3954} INFO - Setting next_dagrun for example_sensors to None, run_after=None
[2024-05-21T19:38:57.321+0000] {processor.py:183} INFO - Processing /home/airflow/.local/lib/python3.12/site-packages/airflow/example_dags/example_sensors.py took 0.238 seconds
[2024-05-21T19:39:27.679+0000] {processor.py:161} INFO - Started process (PID=1270) to work on /home/airflow/.local/lib/python3.12/site-packages/airflow/example_dags/example_sensors.py
[2024-05-21T19:39:27.682+0000] {processor.py:830} INFO - Processing file /home/airflow/.local/lib/python3.12/site-packages/airflow/example_dags/example_sensors.py for tasks to queue
[2024-05-21T19:39:27.687+0000] {logging_mixin.py:188} INFO - [2024-05-21T19:39:27.685+0000] {dagbag.py:545} INFO - Filling up the DagBag from /home/airflow/.local/lib/python3.12/site-packages/airflow/example_dags/example_sensors.py
[2024-05-21T19:39:27.706+0000] {processor.py:840} INFO - DAG(s) 'example_sensors' retrieved from /home/airflow/.local/lib/python3.12/site-packages/airflow/example_dags/example_sensors.py
[2024-05-21T19:39:27.767+0000] {logging_mixin.py:188} INFO - [2024-05-21T19:39:27.767+0000] {dag.py:3096} INFO - Sync 1 DAGs
[2024-05-21T19:39:27.800+0000] {logging_mixin.py:188} INFO - [2024-05-21T19:39:27.799+0000] {dag.py:3954} INFO - Setting next_dagrun for example_sensors to None, run_after=None
[2024-05-21T19:39:27.851+0000] {processor.py:183} INFO - Processing /home/airflow/.local/lib/python3.12/site-packages/airflow/example_dags/example_sensors.py took 0.184 seconds
[2024-05-21T19:39:58.453+0000] {processor.py:161} INFO - Started process (PID=1330) to work on /home/airflow/.local/lib/python3.12/site-packages/airflow/example_dags/example_sensors.py
[2024-05-21T19:39:58.456+0000] {processor.py:830} INFO - Processing file /home/airflow/.local/lib/python3.12/site-packages/airflow/example_dags/example_sensors.py for tasks to queue
[2024-05-21T19:39:58.464+0000] {logging_mixin.py:188} INFO - [2024-05-21T19:39:58.463+0000] {dagbag.py:545} INFO - Filling up the DagBag from /home/airflow/.local/lib/python3.12/site-packages/airflow/example_dags/example_sensors.py
[2024-05-21T19:39:58.497+0000] {processor.py:840} INFO - DAG(s) 'example_sensors' retrieved from /home/airflow/.local/lib/python3.12/site-packages/airflow/example_dags/example_sensors.py
[2024-05-21T19:39:58.584+0000] {logging_mixin.py:188} INFO - [2024-05-21T19:39:58.583+0000] {dag.py:3096} INFO - Sync 1 DAGs
[2024-05-21T19:39:58.636+0000] {logging_mixin.py:188} INFO - [2024-05-21T19:39:58.635+0000] {dag.py:3954} INFO - Setting next_dagrun for example_sensors to None, run_after=None
[2024-05-21T19:39:58.710+0000] {processor.py:183} INFO - Processing /home/airflow/.local/lib/python3.12/site-packages/airflow/example_dags/example_sensors.py took 0.276 seconds
[2024-05-21T19:40:28.944+0000] {processor.py:161} INFO - Started process (PID=1389) to work on /home/airflow/.local/lib/python3.12/site-packages/airflow/example_dags/example_sensors.py
[2024-05-21T19:40:28.947+0000] {processor.py:830} INFO - Processing file /home/airflow/.local/lib/python3.12/site-packages/airflow/example_dags/example_sensors.py for tasks to queue
[2024-05-21T19:40:28.961+0000] {logging_mixin.py:188} INFO - [2024-05-21T19:40:28.957+0000] {dagbag.py:545} INFO - Filling up the DagBag from /home/airflow/.local/lib/python3.12/site-packages/airflow/example_dags/example_sensors.py
[2024-05-21T19:40:29.002+0000] {processor.py:840} INFO - DAG(s) 'example_sensors' retrieved from /home/airflow/.local/lib/python3.12/site-packages/airflow/example_dags/example_sensors.py
[2024-05-21T19:40:29.079+0000] {logging_mixin.py:188} INFO - [2024-05-21T19:40:29.078+0000] {dag.py:3096} INFO - Sync 1 DAGs
[2024-05-21T19:40:29.166+0000] {logging_mixin.py:188} INFO - [2024-05-21T19:40:29.165+0000] {dag.py:3954} INFO - Setting next_dagrun for example_sensors to None, run_after=None
[2024-05-21T19:40:29.264+0000] {processor.py:183} INFO - Processing /home/airflow/.local/lib/python3.12/site-packages/airflow/example_dags/example_sensors.py took 0.339 seconds
[2024-05-21T19:40:59.840+0000] {processor.py:161} INFO - Started process (PID=1449) to work on /home/airflow/.local/lib/python3.12/site-packages/airflow/example_dags/example_sensors.py
[2024-05-21T19:40:59.843+0000] {processor.py:830} INFO - Processing file /home/airflow/.local/lib/python3.12/site-packages/airflow/example_dags/example_sensors.py for tasks to queue
[2024-05-21T19:40:59.849+0000] {logging_mixin.py:188} INFO - [2024-05-21T19:40:59.848+0000] {dagbag.py:545} INFO - Filling up the DagBag from /home/airflow/.local/lib/python3.12/site-packages/airflow/example_dags/example_sensors.py
[2024-05-21T19:40:59.874+0000] {processor.py:840} INFO - DAG(s) 'example_sensors' retrieved from /home/airflow/.local/lib/python3.12/site-packages/airflow/example_dags/example_sensors.py
[2024-05-21T19:40:59.971+0000] {logging_mixin.py:188} INFO - [2024-05-21T19:40:59.969+0000] {dag.py:3096} INFO - Sync 1 DAGs
[2024-05-21T19:41:00.008+0000] {logging_mixin.py:188} INFO - [2024-05-21T19:41:00.008+0000] {dag.py:3954} INFO - Setting next_dagrun for example_sensors to None, run_after=None
[2024-05-21T19:41:00.066+0000] {processor.py:183} INFO - Processing /home/airflow/.local/lib/python3.12/site-packages/airflow/example_dags/example_sensors.py took 0.240 seconds
[2024-05-21T19:41:30.643+0000] {processor.py:161} INFO - Started process (PID=1509) to work on /home/airflow/.local/lib/python3.12/site-packages/airflow/example_dags/example_sensors.py
[2024-05-21T19:41:30.645+0000] {processor.py:830} INFO - Processing file /home/airflow/.local/lib/python3.12/site-packages/airflow/example_dags/example_sensors.py for tasks to queue
[2024-05-21T19:41:30.651+0000] {logging_mixin.py:188} INFO - [2024-05-21T19:41:30.650+0000] {dagbag.py:545} INFO - Filling up the DagBag from /home/airflow/.local/lib/python3.12/site-packages/airflow/example_dags/example_sensors.py
[2024-05-21T19:41:30.679+0000] {processor.py:840} INFO - DAG(s) 'example_sensors' retrieved from /home/airflow/.local/lib/python3.12/site-packages/airflow/example_dags/example_sensors.py
[2024-05-21T19:41:30.787+0000] {logging_mixin.py:188} INFO - [2024-05-21T19:41:30.786+0000] {dag.py:3096} INFO - Sync 1 DAGs
[2024-05-21T19:41:30.835+0000] {logging_mixin.py:188} INFO - [2024-05-21T19:41:30.834+0000] {dag.py:3954} INFO - Setting next_dagrun for example_sensors to None, run_after=None
[2024-05-21T19:41:30.920+0000] {processor.py:183} INFO - Processing /home/airflow/.local/lib/python3.12/site-packages/airflow/example_dags/example_sensors.py took 0.294 seconds
[2024-05-21T19:42:01.381+0000] {processor.py:161} INFO - Started process (PID=1569) to work on /home/airflow/.local/lib/python3.12/site-packages/airflow/example_dags/example_sensors.py
[2024-05-21T19:42:01.384+0000] {processor.py:830} INFO - Processing file /home/airflow/.local/lib/python3.12/site-packages/airflow/example_dags/example_sensors.py for tasks to queue
[2024-05-21T19:42:01.398+0000] {logging_mixin.py:188} INFO - [2024-05-21T19:42:01.396+0000] {dagbag.py:545} INFO - Filling up the DagBag from /home/airflow/.local/lib/python3.12/site-packages/airflow/example_dags/example_sensors.py
[2024-05-21T19:42:01.417+0000] {processor.py:840} INFO - DAG(s) 'example_sensors' retrieved from /home/airflow/.local/lib/python3.12/site-packages/airflow/example_dags/example_sensors.py
[2024-05-21T19:42:01.468+0000] {logging_mixin.py:188} INFO - [2024-05-21T19:42:01.467+0000] {dag.py:3096} INFO - Sync 1 DAGs
[2024-05-21T19:42:01.497+0000] {logging_mixin.py:188} INFO - [2024-05-21T19:42:01.497+0000] {dag.py:3954} INFO - Setting next_dagrun for example_sensors to None, run_after=None
[2024-05-21T19:42:01.565+0000] {processor.py:183} INFO - Processing /home/airflow/.local/lib/python3.12/site-packages/airflow/example_dags/example_sensors.py took 0.200 seconds
[2024-05-21T19:42:32.076+0000] {processor.py:161} INFO - Started process (PID=1629) to work on /home/airflow/.local/lib/python3.12/site-packages/airflow/example_dags/example_sensors.py
[2024-05-21T19:42:32.079+0000] {processor.py:830} INFO - Processing file /home/airflow/.local/lib/python3.12/site-packages/airflow/example_dags/example_sensors.py for tasks to queue
[2024-05-21T19:42:32.084+0000] {logging_mixin.py:188} INFO - [2024-05-21T19:42:32.083+0000] {dagbag.py:545} INFO - Filling up the DagBag from /home/airflow/.local/lib/python3.12/site-packages/airflow/example_dags/example_sensors.py
[2024-05-21T19:42:32.110+0000] {processor.py:840} INFO - DAG(s) 'example_sensors' retrieved from /home/airflow/.local/lib/python3.12/site-packages/airflow/example_dags/example_sensors.py
[2024-05-21T19:42:32.192+0000] {logging_mixin.py:188} INFO - [2024-05-21T19:42:32.192+0000] {dag.py:3096} INFO - Sync 1 DAGs
[2024-05-21T19:42:32.224+0000] {logging_mixin.py:188} INFO - [2024-05-21T19:42:32.224+0000] {dag.py:3954} INFO - Setting next_dagrun for example_sensors to None, run_after=None
[2024-05-21T19:42:32.304+0000] {processor.py:183} INFO - Processing /home/airflow/.local/lib/python3.12/site-packages/airflow/example_dags/example_sensors.py took 0.243 seconds
[2024-05-21T19:43:02.381+0000] {processor.py:161} INFO - Started process (PID=1688) to work on /home/airflow/.local/lib/python3.12/site-packages/airflow/example_dags/example_sensors.py
[2024-05-21T19:43:02.385+0000] {processor.py:830} INFO - Processing file /home/airflow/.local/lib/python3.12/site-packages/airflow/example_dags/example_sensors.py for tasks to queue
[2024-05-21T19:43:02.403+0000] {logging_mixin.py:188} INFO - [2024-05-21T19:43:02.401+0000] {dagbag.py:545} INFO - Filling up the DagBag from /home/airflow/.local/lib/python3.12/site-packages/airflow/example_dags/example_sensors.py
[2024-05-21T19:43:02.428+0000] {processor.py:840} INFO - DAG(s) 'example_sensors' retrieved from /home/airflow/.local/lib/python3.12/site-packages/airflow/example_dags/example_sensors.py
[2024-05-21T19:43:02.510+0000] {logging_mixin.py:188} INFO - [2024-05-21T19:43:02.509+0000] {dag.py:3096} INFO - Sync 1 DAGs
[2024-05-21T19:43:02.545+0000] {logging_mixin.py:188} INFO - [2024-05-21T19:43:02.544+0000] {dag.py:3954} INFO - Setting next_dagrun for example_sensors to None, run_after=None
[2024-05-21T19:43:02.602+0000] {processor.py:183} INFO - Processing /home/airflow/.local/lib/python3.12/site-packages/airflow/example_dags/example_sensors.py took 0.237 seconds
[2024-05-21T19:43:33.587+0000] {processor.py:161} INFO - Started process (PID=1749) to work on /home/airflow/.local/lib/python3.12/site-packages/airflow/example_dags/example_sensors.py
[2024-05-21T19:43:33.589+0000] {processor.py:830} INFO - Processing file /home/airflow/.local/lib/python3.12/site-packages/airflow/example_dags/example_sensors.py for tasks to queue
[2024-05-21T19:43:33.593+0000] {logging_mixin.py:188} INFO - [2024-05-21T19:43:33.593+0000] {dagbag.py:545} INFO - Filling up the DagBag from /home/airflow/.local/lib/python3.12/site-packages/airflow/example_dags/example_sensors.py
[2024-05-21T19:43:33.614+0000] {processor.py:840} INFO - DAG(s) 'example_sensors' retrieved from /home/airflow/.local/lib/python3.12/site-packages/airflow/example_dags/example_sensors.py
[2024-05-21T19:43:33.687+0000] {logging_mixin.py:188} INFO - [2024-05-21T19:43:33.686+0000] {dag.py:3096} INFO - Sync 1 DAGs
[2024-05-21T19:43:33.719+0000] {logging_mixin.py:188} INFO - [2024-05-21T19:43:33.718+0000] {dag.py:3954} INFO - Setting next_dagrun for example_sensors to None, run_after=None
[2024-05-21T19:43:33.769+0000] {processor.py:183} INFO - Processing /home/airflow/.local/lib/python3.12/site-packages/airflow/example_dags/example_sensors.py took 0.195 seconds
[2024-05-21T19:44:04.156+0000] {processor.py:161} INFO - Started process (PID=1809) to work on /home/airflow/.local/lib/python3.12/site-packages/airflow/example_dags/example_sensors.py
[2024-05-21T19:44:04.159+0000] {processor.py:830} INFO - Processing file /home/airflow/.local/lib/python3.12/site-packages/airflow/example_dags/example_sensors.py for tasks to queue
[2024-05-21T19:44:04.166+0000] {logging_mixin.py:188} INFO - [2024-05-21T19:44:04.165+0000] {dagbag.py:545} INFO - Filling up the DagBag from /home/airflow/.local/lib/python3.12/site-packages/airflow/example_dags/example_sensors.py
[2024-05-21T19:44:04.189+0000] {processor.py:840} INFO - DAG(s) 'example_sensors' retrieved from /home/airflow/.local/lib/python3.12/site-packages/airflow/example_dags/example_sensors.py
[2024-05-21T19:44:04.263+0000] {logging_mixin.py:188} INFO - [2024-05-21T19:44:04.262+0000] {dag.py:3096} INFO - Sync 1 DAGs
[2024-05-21T19:44:04.293+0000] {logging_mixin.py:188} INFO - [2024-05-21T19:44:04.293+0000] {dag.py:3954} INFO - Setting next_dagrun for example_sensors to None, run_after=None
[2024-05-21T19:44:04.383+0000] {processor.py:183} INFO - Processing /home/airflow/.local/lib/python3.12/site-packages/airflow/example_dags/example_sensors.py took 0.245 seconds
[2024-05-21T19:44:34.737+0000] {processor.py:161} INFO - Started process (PID=1869) to work on /home/airflow/.local/lib/python3.12/site-packages/airflow/example_dags/example_sensors.py
[2024-05-21T19:44:34.739+0000] {processor.py:830} INFO - Processing file /home/airflow/.local/lib/python3.12/site-packages/airflow/example_dags/example_sensors.py for tasks to queue
[2024-05-21T19:44:34.744+0000] {logging_mixin.py:188} INFO - [2024-05-21T19:44:34.743+0000] {dagbag.py:545} INFO - Filling up the DagBag from /home/airflow/.local/lib/python3.12/site-packages/airflow/example_dags/example_sensors.py
[2024-05-21T19:44:34.763+0000] {processor.py:840} INFO - DAG(s) 'example_sensors' retrieved from /home/airflow/.local/lib/python3.12/site-packages/airflow/example_dags/example_sensors.py
[2024-05-21T19:44:34.834+0000] {logging_mixin.py:188} INFO - [2024-05-21T19:44:34.833+0000] {dag.py:3096} INFO - Sync 1 DAGs
[2024-05-21T19:44:34.871+0000] {logging_mixin.py:188} INFO - [2024-05-21T19:44:34.870+0000] {dag.py:3954} INFO - Setting next_dagrun for example_sensors to None, run_after=None
[2024-05-21T19:44:34.929+0000] {processor.py:183} INFO - Processing /home/airflow/.local/lib/python3.12/site-packages/airflow/example_dags/example_sensors.py took 0.207 seconds
[2024-05-21T19:45:05.879+0000] {processor.py:161} INFO - Started process (PID=1929) to work on /home/airflow/.local/lib/python3.12/site-packages/airflow/example_dags/example_sensors.py
[2024-05-21T19:45:05.882+0000] {processor.py:830} INFO - Processing file /home/airflow/.local/lib/python3.12/site-packages/airflow/example_dags/example_sensors.py for tasks to queue
[2024-05-21T19:45:05.887+0000] {logging_mixin.py:188} INFO - [2024-05-21T19:45:05.886+0000] {dagbag.py:545} INFO - Filling up the DagBag from /home/airflow/.local/lib/python3.12/site-packages/airflow/example_dags/example_sensors.py
[2024-05-21T19:45:05.912+0000] {processor.py:840} INFO - DAG(s) 'example_sensors' retrieved from /home/airflow/.local/lib/python3.12/site-packages/airflow/example_dags/example_sensors.py
[2024-05-21T19:45:05.982+0000] {logging_mixin.py:188} INFO - [2024-05-21T19:45:05.981+0000] {dag.py:3096} INFO - Sync 1 DAGs
[2024-05-21T19:45:06.029+0000] {logging_mixin.py:188} INFO - [2024-05-21T19:45:06.028+0000] {dag.py:3954} INFO - Setting next_dagrun for example_sensors to None, run_after=None
[2024-05-21T19:45:06.110+0000] {processor.py:183} INFO - Processing /home/airflow/.local/lib/python3.12/site-packages/airflow/example_dags/example_sensors.py took 0.246 seconds
[2024-05-21T19:45:36.570+0000] {processor.py:161} INFO - Started process (PID=1989) to work on /home/airflow/.local/lib/python3.12/site-packages/airflow/example_dags/example_sensors.py
[2024-05-21T19:45:36.573+0000] {processor.py:830} INFO - Processing file /home/airflow/.local/lib/python3.12/site-packages/airflow/example_dags/example_sensors.py for tasks to queue
[2024-05-21T19:45:36.578+0000] {logging_mixin.py:188} INFO - [2024-05-21T19:45:36.578+0000] {dagbag.py:545} INFO - Filling up the DagBag from /home/airflow/.local/lib/python3.12/site-packages/airflow/example_dags/example_sensors.py
[2024-05-21T19:45:36.608+0000] {processor.py:840} INFO - DAG(s) 'example_sensors' retrieved from /home/airflow/.local/lib/python3.12/site-packages/airflow/example_dags/example_sensors.py
[2024-05-21T19:45:36.721+0000] {logging_mixin.py:188} INFO - [2024-05-21T19:45:36.721+0000] {dag.py:3096} INFO - Sync 1 DAGs
[2024-05-21T19:45:36.758+0000] {logging_mixin.py:188} INFO - [2024-05-21T19:45:36.758+0000] {dag.py:3954} INFO - Setting next_dagrun for example_sensors to None, run_after=None
[2024-05-21T19:45:36.845+0000] {processor.py:183} INFO - Processing /home/airflow/.local/lib/python3.12/site-packages/airflow/example_dags/example_sensors.py took 0.295 seconds
[2024-05-21T19:46:07.484+0000] {processor.py:161} INFO - Started process (PID=2049) to work on /home/airflow/.local/lib/python3.12/site-packages/airflow/example_dags/example_sensors.py
[2024-05-21T19:46:07.486+0000] {processor.py:830} INFO - Processing file /home/airflow/.local/lib/python3.12/site-packages/airflow/example_dags/example_sensors.py for tasks to queue
[2024-05-21T19:46:07.493+0000] {logging_mixin.py:188} INFO - [2024-05-21T19:46:07.492+0000] {dagbag.py:545} INFO - Filling up the DagBag from /home/airflow/.local/lib/python3.12/site-packages/airflow/example_dags/example_sensors.py
[2024-05-21T19:46:07.518+0000] {processor.py:840} INFO - DAG(s) 'example_sensors' retrieved from /home/airflow/.local/lib/python3.12/site-packages/airflow/example_dags/example_sensors.py
[2024-05-21T19:46:07.610+0000] {logging_mixin.py:188} INFO - [2024-05-21T19:46:07.609+0000] {dag.py:3096} INFO - Sync 1 DAGs
[2024-05-21T19:46:07.651+0000] {logging_mixin.py:188} INFO - [2024-05-21T19:46:07.650+0000] {dag.py:3954} INFO - Setting next_dagrun for example_sensors to None, run_after=None
[2024-05-21T19:46:07.733+0000] {processor.py:183} INFO - Processing /home/airflow/.local/lib/python3.12/site-packages/airflow/example_dags/example_sensors.py took 0.269 seconds
[2024-05-21T19:46:37.888+0000] {processor.py:161} INFO - Started process (PID=2107) to work on /home/airflow/.local/lib/python3.12/site-packages/airflow/example_dags/example_sensors.py
[2024-05-21T19:46:37.892+0000] {processor.py:830} INFO - Processing file /home/airflow/.local/lib/python3.12/site-packages/airflow/example_dags/example_sensors.py for tasks to queue
[2024-05-21T19:46:37.909+0000] {logging_mixin.py:188} INFO - [2024-05-21T19:46:37.906+0000] {dagbag.py:545} INFO - Filling up the DagBag from /home/airflow/.local/lib/python3.12/site-packages/airflow/example_dags/example_sensors.py
[2024-05-21T19:46:37.978+0000] {processor.py:840} INFO - DAG(s) 'example_sensors' retrieved from /home/airflow/.local/lib/python3.12/site-packages/airflow/example_dags/example_sensors.py
[2024-05-21T19:46:38.092+0000] {logging_mixin.py:188} INFO - [2024-05-21T19:46:38.090+0000] {dag.py:3096} INFO - Sync 1 DAGs
[2024-05-21T19:46:38.132+0000] {logging_mixin.py:188} INFO - [2024-05-21T19:46:38.132+0000] {dag.py:3954} INFO - Setting next_dagrun for example_sensors to None, run_after=None
[2024-05-21T19:46:38.207+0000] {processor.py:183} INFO - Processing /home/airflow/.local/lib/python3.12/site-packages/airflow/example_dags/example_sensors.py took 0.338 seconds
[2024-05-21T19:47:08.783+0000] {processor.py:161} INFO - Started process (PID=2167) to work on /home/airflow/.local/lib/python3.12/site-packages/airflow/example_dags/example_sensors.py
[2024-05-21T19:47:08.786+0000] {processor.py:830} INFO - Processing file /home/airflow/.local/lib/python3.12/site-packages/airflow/example_dags/example_sensors.py for tasks to queue
[2024-05-21T19:47:08.793+0000] {logging_mixin.py:188} INFO - [2024-05-21T19:47:08.792+0000] {dagbag.py:545} INFO - Filling up the DagBag from /home/airflow/.local/lib/python3.12/site-packages/airflow/example_dags/example_sensors.py
[2024-05-21T19:47:08.829+0000] {processor.py:840} INFO - DAG(s) 'example_sensors' retrieved from /home/airflow/.local/lib/python3.12/site-packages/airflow/example_dags/example_sensors.py
[2024-05-21T19:47:08.941+0000] {logging_mixin.py:188} INFO - [2024-05-21T19:47:08.940+0000] {dag.py:3096} INFO - Sync 1 DAGs
[2024-05-21T19:47:08.975+0000] {logging_mixin.py:188} INFO - [2024-05-21T19:47:08.975+0000] {dag.py:3954} INFO - Setting next_dagrun for example_sensors to None, run_after=None
[2024-05-21T19:47:09.059+0000] {processor.py:183} INFO - Processing /home/airflow/.local/lib/python3.12/site-packages/airflow/example_dags/example_sensors.py took 0.292 seconds
[2024-05-21T19:47:39.544+0000] {processor.py:161} INFO - Started process (PID=2227) to work on /home/airflow/.local/lib/python3.12/site-packages/airflow/example_dags/example_sensors.py
[2024-05-21T19:47:39.546+0000] {processor.py:830} INFO - Processing file /home/airflow/.local/lib/python3.12/site-packages/airflow/example_dags/example_sensors.py for tasks to queue
[2024-05-21T19:47:39.551+0000] {logging_mixin.py:188} INFO - [2024-05-21T19:47:39.550+0000] {dagbag.py:545} INFO - Filling up the DagBag from /home/airflow/.local/lib/python3.12/site-packages/airflow/example_dags/example_sensors.py
[2024-05-21T19:47:39.569+0000] {processor.py:840} INFO - DAG(s) 'example_sensors' retrieved from /home/airflow/.local/lib/python3.12/site-packages/airflow/example_dags/example_sensors.py
[2024-05-21T19:47:39.644+0000] {logging_mixin.py:188} INFO - [2024-05-21T19:47:39.644+0000] {dag.py:3096} INFO - Sync 1 DAGs
[2024-05-21T19:47:39.676+0000] {logging_mixin.py:188} INFO - [2024-05-21T19:47:39.676+0000] {dag.py:3954} INFO - Setting next_dagrun for example_sensors to None, run_after=None
[2024-05-21T19:47:39.740+0000] {processor.py:183} INFO - Processing /home/airflow/.local/lib/python3.12/site-packages/airflow/example_dags/example_sensors.py took 0.211 seconds
[2024-05-21T19:48:10.270+0000] {processor.py:161} INFO - Started process (PID=2286) to work on /home/airflow/.local/lib/python3.12/site-packages/airflow/example_dags/example_sensors.py
[2024-05-21T19:48:10.273+0000] {processor.py:830} INFO - Processing file /home/airflow/.local/lib/python3.12/site-packages/airflow/example_dags/example_sensors.py for tasks to queue
[2024-05-21T19:48:10.280+0000] {logging_mixin.py:188} INFO - [2024-05-21T19:48:10.279+0000] {dagbag.py:545} INFO - Filling up the DagBag from /home/airflow/.local/lib/python3.12/site-packages/airflow/example_dags/example_sensors.py
[2024-05-21T19:48:10.304+0000] {processor.py:840} INFO - DAG(s) 'example_sensors' retrieved from /home/airflow/.local/lib/python3.12/site-packages/airflow/example_dags/example_sensors.py
[2024-05-21T19:48:10.390+0000] {logging_mixin.py:188} INFO - [2024-05-21T19:48:10.389+0000] {dag.py:3096} INFO - Sync 1 DAGs
[2024-05-21T19:48:10.428+0000] {logging_mixin.py:188} INFO - [2024-05-21T19:48:10.427+0000] {dag.py:3954} INFO - Setting next_dagrun for example_sensors to None, run_after=None
[2024-05-21T19:48:10.531+0000] {processor.py:183} INFO - Processing /home/airflow/.local/lib/python3.12/site-packages/airflow/example_dags/example_sensors.py took 0.280 seconds
[2024-05-21T19:48:41.133+0000] {processor.py:161} INFO - Started process (PID=2346) to work on /home/airflow/.local/lib/python3.12/site-packages/airflow/example_dags/example_sensors.py
[2024-05-21T19:48:41.137+0000] {processor.py:830} INFO - Processing file /home/airflow/.local/lib/python3.12/site-packages/airflow/example_dags/example_sensors.py for tasks to queue
[2024-05-21T19:48:41.142+0000] {logging_mixin.py:188} INFO - [2024-05-21T19:48:41.141+0000] {dagbag.py:545} INFO - Filling up the DagBag from /home/airflow/.local/lib/python3.12/site-packages/airflow/example_dags/example_sensors.py
[2024-05-21T19:48:41.172+0000] {processor.py:840} INFO - DAG(s) 'example_sensors' retrieved from /home/airflow/.local/lib/python3.12/site-packages/airflow/example_dags/example_sensors.py
[2024-05-21T19:48:41.239+0000] {logging_mixin.py:188} INFO - [2024-05-21T19:48:41.239+0000] {dag.py:3096} INFO - Sync 1 DAGs
[2024-05-21T19:48:41.272+0000] {logging_mixin.py:188} INFO - [2024-05-21T19:48:41.272+0000] {dag.py:3954} INFO - Setting next_dagrun for example_sensors to None, run_after=None
[2024-05-21T19:48:41.323+0000] {processor.py:183} INFO - Processing /home/airflow/.local/lib/python3.12/site-packages/airflow/example_dags/example_sensors.py took 0.204 seconds
[2024-05-21T19:49:12.435+0000] {processor.py:161} INFO - Started process (PID=2406) to work on /home/airflow/.local/lib/python3.12/site-packages/airflow/example_dags/example_sensors.py
[2024-05-21T19:49:12.437+0000] {processor.py:830} INFO - Processing file /home/airflow/.local/lib/python3.12/site-packages/airflow/example_dags/example_sensors.py for tasks to queue
[2024-05-21T19:49:12.442+0000] {logging_mixin.py:188} INFO - [2024-05-21T19:49:12.441+0000] {dagbag.py:545} INFO - Filling up the DagBag from /home/airflow/.local/lib/python3.12/site-packages/airflow/example_dags/example_sensors.py
[2024-05-21T19:49:12.469+0000] {processor.py:840} INFO - DAG(s) 'example_sensors' retrieved from /home/airflow/.local/lib/python3.12/site-packages/airflow/example_dags/example_sensors.py
[2024-05-21T19:49:12.571+0000] {logging_mixin.py:188} INFO - [2024-05-21T19:49:12.570+0000] {dag.py:3096} INFO - Sync 1 DAGs
[2024-05-21T19:49:12.607+0000] {logging_mixin.py:188} INFO - [2024-05-21T19:49:12.607+0000] {dag.py:3954} INFO - Setting next_dagrun for example_sensors to None, run_after=None
[2024-05-21T19:49:12.695+0000] {processor.py:183} INFO - Processing /home/airflow/.local/lib/python3.12/site-packages/airflow/example_dags/example_sensors.py took 0.276 seconds
[2024-05-21T19:49:42.994+0000] {processor.py:161} INFO - Started process (PID=2464) to work on /home/airflow/.local/lib/python3.12/site-packages/airflow/example_dags/example_sensors.py
[2024-05-21T19:49:42.996+0000] {processor.py:830} INFO - Processing file /home/airflow/.local/lib/python3.12/site-packages/airflow/example_dags/example_sensors.py for tasks to queue
[2024-05-21T19:49:43.000+0000] {logging_mixin.py:188} INFO - [2024-05-21T19:49:42.999+0000] {dagbag.py:545} INFO - Filling up the DagBag from /home/airflow/.local/lib/python3.12/site-packages/airflow/example_dags/example_sensors.py
[2024-05-21T19:49:43.023+0000] {processor.py:840} INFO - DAG(s) 'example_sensors' retrieved from /home/airflow/.local/lib/python3.12/site-packages/airflow/example_dags/example_sensors.py
[2024-05-21T19:49:43.092+0000] {logging_mixin.py:188} INFO - [2024-05-21T19:49:43.092+0000] {dag.py:3096} INFO - Sync 1 DAGs
[2024-05-21T19:49:43.127+0000] {logging_mixin.py:188} INFO - [2024-05-21T19:49:43.127+0000] {dag.py:3954} INFO - Setting next_dagrun for example_sensors to None, run_after=None
[2024-05-21T19:49:43.198+0000] {processor.py:183} INFO - Processing /home/airflow/.local/lib/python3.12/site-packages/airflow/example_dags/example_sensors.py took 0.221 seconds
[2024-05-21T19:50:13.604+0000] {processor.py:161} INFO - Started process (PID=2524) to work on /home/airflow/.local/lib/python3.12/site-packages/airflow/example_dags/example_sensors.py
[2024-05-21T19:50:13.609+0000] {processor.py:830} INFO - Processing file /home/airflow/.local/lib/python3.12/site-packages/airflow/example_dags/example_sensors.py for tasks to queue
[2024-05-21T19:50:13.618+0000] {logging_mixin.py:188} INFO - [2024-05-21T19:50:13.618+0000] {dagbag.py:545} INFO - Filling up the DagBag from /home/airflow/.local/lib/python3.12/site-packages/airflow/example_dags/example_sensors.py
[2024-05-21T19:50:13.651+0000] {processor.py:840} INFO - DAG(s) 'example_sensors' retrieved from /home/airflow/.local/lib/python3.12/site-packages/airflow/example_dags/example_sensors.py
[2024-05-21T19:50:13.754+0000] {logging_mixin.py:188} INFO - [2024-05-21T19:50:13.754+0000] {dag.py:3096} INFO - Sync 1 DAGs
[2024-05-21T19:50:13.803+0000] {logging_mixin.py:188} INFO - [2024-05-21T19:50:13.802+0000] {dag.py:3954} INFO - Setting next_dagrun for example_sensors to None, run_after=None
[2024-05-21T19:50:13.919+0000] {processor.py:183} INFO - Processing /home/airflow/.local/lib/python3.12/site-packages/airflow/example_dags/example_sensors.py took 0.337 seconds
[2024-05-21T19:50:44.458+0000] {processor.py:161} INFO - Started process (PID=2584) to work on /home/airflow/.local/lib/python3.12/site-packages/airflow/example_dags/example_sensors.py
[2024-05-21T19:50:44.461+0000] {processor.py:830} INFO - Processing file /home/airflow/.local/lib/python3.12/site-packages/airflow/example_dags/example_sensors.py for tasks to queue
[2024-05-21T19:50:44.470+0000] {logging_mixin.py:188} INFO - [2024-05-21T19:50:44.468+0000] {dagbag.py:545} INFO - Filling up the DagBag from /home/airflow/.local/lib/python3.12/site-packages/airflow/example_dags/example_sensors.py
[2024-05-21T19:50:44.504+0000] {processor.py:840} INFO - DAG(s) 'example_sensors' retrieved from /home/airflow/.local/lib/python3.12/site-packages/airflow/example_dags/example_sensors.py
[2024-05-21T19:50:44.605+0000] {logging_mixin.py:188} INFO - [2024-05-21T19:50:44.604+0000] {dag.py:3096} INFO - Sync 1 DAGs
[2024-05-21T19:50:44.659+0000] {logging_mixin.py:188} INFO - [2024-05-21T19:50:44.658+0000] {dag.py:3954} INFO - Setting next_dagrun for example_sensors to None, run_after=None
[2024-05-21T19:50:44.742+0000] {processor.py:183} INFO - Processing /home/airflow/.local/lib/python3.12/site-packages/airflow/example_dags/example_sensors.py took 0.313 seconds
[2024-05-21T19:51:15.123+0000] {processor.py:161} INFO - Started process (PID=2644) to work on /home/airflow/.local/lib/python3.12/site-packages/airflow/example_dags/example_sensors.py
[2024-05-21T19:51:15.126+0000] {processor.py:830} INFO - Processing file /home/airflow/.local/lib/python3.12/site-packages/airflow/example_dags/example_sensors.py for tasks to queue
[2024-05-21T19:51:15.131+0000] {logging_mixin.py:188} INFO - [2024-05-21T19:51:15.131+0000] {dagbag.py:545} INFO - Filling up the DagBag from /home/airflow/.local/lib/python3.12/site-packages/airflow/example_dags/example_sensors.py
[2024-05-21T19:51:15.155+0000] {processor.py:840} INFO - DAG(s) 'example_sensors' retrieved from /home/airflow/.local/lib/python3.12/site-packages/airflow/example_dags/example_sensors.py
[2024-05-21T19:51:15.229+0000] {logging_mixin.py:188} INFO - [2024-05-21T19:51:15.228+0000] {dag.py:3096} INFO - Sync 1 DAGs
[2024-05-21T19:51:15.260+0000] {logging_mixin.py:188} INFO - [2024-05-21T19:51:15.259+0000] {dag.py:3954} INFO - Setting next_dagrun for example_sensors to None, run_after=None
[2024-05-21T19:51:15.340+0000] {processor.py:183} INFO - Processing /home/airflow/.local/lib/python3.12/site-packages/airflow/example_dags/example_sensors.py took 0.231 seconds
[2024-05-21T19:54:50.515+0000] {processor.py:161} INFO - Started process (PID=68) to work on /home/airflow/.local/lib/python3.12/site-packages/airflow/example_dags/example_sensors.py
[2024-05-21T19:54:50.518+0000] {processor.py:830} INFO - Processing file /home/airflow/.local/lib/python3.12/site-packages/airflow/example_dags/example_sensors.py for tasks to queue
[2024-05-21T19:54:50.529+0000] {logging_mixin.py:188} INFO - [2024-05-21T19:54:50.528+0000] {dagbag.py:545} INFO - Filling up the DagBag from /home/airflow/.local/lib/python3.12/site-packages/airflow/example_dags/example_sensors.py
[2024-05-21T19:54:50.547+0000] {processor.py:840} INFO - DAG(s) 'example_sensors' retrieved from /home/airflow/.local/lib/python3.12/site-packages/airflow/example_dags/example_sensors.py
[2024-05-21T19:54:50.813+0000] {logging_mixin.py:188} INFO - [2024-05-21T19:54:50.813+0000] {dag.py:3096} INFO - Sync 1 DAGs
[2024-05-21T19:54:50.838+0000] {logging_mixin.py:188} INFO - [2024-05-21T19:54:50.837+0000] {dag.py:3954} INFO - Setting next_dagrun for example_sensors to None, run_after=None
[2024-05-21T19:54:50.920+0000] {processor.py:183} INFO - Processing /home/airflow/.local/lib/python3.12/site-packages/airflow/example_dags/example_sensors.py took 0.419 seconds
[2024-05-21T19:55:22.181+0000] {processor.py:161} INFO - Started process (PID=128) to work on /home/airflow/.local/lib/python3.12/site-packages/airflow/example_dags/example_sensors.py
[2024-05-21T19:55:22.184+0000] {processor.py:830} INFO - Processing file /home/airflow/.local/lib/python3.12/site-packages/airflow/example_dags/example_sensors.py for tasks to queue
[2024-05-21T19:55:22.191+0000] {logging_mixin.py:188} INFO - [2024-05-21T19:55:22.190+0000] {dagbag.py:545} INFO - Filling up the DagBag from /home/airflow/.local/lib/python3.12/site-packages/airflow/example_dags/example_sensors.py
[2024-05-21T19:55:22.237+0000] {processor.py:840} INFO - DAG(s) 'example_sensors' retrieved from /home/airflow/.local/lib/python3.12/site-packages/airflow/example_dags/example_sensors.py
[2024-05-21T19:55:22.358+0000] {logging_mixin.py:188} INFO - [2024-05-21T19:55:22.357+0000] {dag.py:3096} INFO - Sync 1 DAGs
[2024-05-21T19:55:22.445+0000] {logging_mixin.py:188} INFO - [2024-05-21T19:55:22.443+0000] {dag.py:3954} INFO - Setting next_dagrun for example_sensors to None, run_after=None
[2024-05-21T19:55:22.592+0000] {processor.py:183} INFO - Processing /home/airflow/.local/lib/python3.12/site-packages/airflow/example_dags/example_sensors.py took 0.442 seconds
[2024-05-21T19:55:52.854+0000] {processor.py:161} INFO - Started process (PID=187) to work on /home/airflow/.local/lib/python3.12/site-packages/airflow/example_dags/example_sensors.py
[2024-05-21T19:55:52.857+0000] {processor.py:830} INFO - Processing file /home/airflow/.local/lib/python3.12/site-packages/airflow/example_dags/example_sensors.py for tasks to queue
[2024-05-21T19:55:52.861+0000] {logging_mixin.py:188} INFO - [2024-05-21T19:55:52.860+0000] {dagbag.py:545} INFO - Filling up the DagBag from /home/airflow/.local/lib/python3.12/site-packages/airflow/example_dags/example_sensors.py
[2024-05-21T19:55:52.885+0000] {processor.py:840} INFO - DAG(s) 'example_sensors' retrieved from /home/airflow/.local/lib/python3.12/site-packages/airflow/example_dags/example_sensors.py
[2024-05-21T19:55:52.979+0000] {logging_mixin.py:188} INFO - [2024-05-21T19:55:52.976+0000] {dag.py:3096} INFO - Sync 1 DAGs
[2024-05-21T19:55:53.066+0000] {logging_mixin.py:188} INFO - [2024-05-21T19:55:53.063+0000] {dag.py:3954} INFO - Setting next_dagrun for example_sensors to None, run_after=None
[2024-05-21T19:55:53.168+0000] {processor.py:183} INFO - Processing /home/airflow/.local/lib/python3.12/site-packages/airflow/example_dags/example_sensors.py took 0.329 seconds
[2024-05-21T19:56:23.426+0000] {processor.py:161} INFO - Started process (PID=247) to work on /home/airflow/.local/lib/python3.12/site-packages/airflow/example_dags/example_sensors.py
[2024-05-21T19:56:23.429+0000] {processor.py:830} INFO - Processing file /home/airflow/.local/lib/python3.12/site-packages/airflow/example_dags/example_sensors.py for tasks to queue
[2024-05-21T19:56:23.434+0000] {logging_mixin.py:188} INFO - [2024-05-21T19:56:23.433+0000] {dagbag.py:545} INFO - Filling up the DagBag from /home/airflow/.local/lib/python3.12/site-packages/airflow/example_dags/example_sensors.py
[2024-05-21T19:56:23.491+0000] {processor.py:840} INFO - DAG(s) 'example_sensors' retrieved from /home/airflow/.local/lib/python3.12/site-packages/airflow/example_dags/example_sensors.py
[2024-05-21T19:56:23.566+0000] {logging_mixin.py:188} INFO - [2024-05-21T19:56:23.565+0000] {dag.py:3096} INFO - Sync 1 DAGs
[2024-05-21T19:56:23.626+0000] {logging_mixin.py:188} INFO - [2024-05-21T19:56:23.625+0000] {dag.py:3954} INFO - Setting next_dagrun for example_sensors to None, run_after=None
[2024-05-21T19:56:23.752+0000] {processor.py:183} INFO - Processing /home/airflow/.local/lib/python3.12/site-packages/airflow/example_dags/example_sensors.py took 0.340 seconds
[2024-05-21T19:56:54.083+0000] {processor.py:161} INFO - Started process (PID=307) to work on /home/airflow/.local/lib/python3.12/site-packages/airflow/example_dags/example_sensors.py
[2024-05-21T19:56:54.087+0000] {processor.py:830} INFO - Processing file /home/airflow/.local/lib/python3.12/site-packages/airflow/example_dags/example_sensors.py for tasks to queue
[2024-05-21T19:56:54.093+0000] {logging_mixin.py:188} INFO - [2024-05-21T19:56:54.092+0000] {dagbag.py:545} INFO - Filling up the DagBag from /home/airflow/.local/lib/python3.12/site-packages/airflow/example_dags/example_sensors.py
[2024-05-21T19:56:54.129+0000] {processor.py:840} INFO - DAG(s) 'example_sensors' retrieved from /home/airflow/.local/lib/python3.12/site-packages/airflow/example_dags/example_sensors.py
[2024-05-21T19:56:54.203+0000] {logging_mixin.py:188} INFO - [2024-05-21T19:56:54.202+0000] {dag.py:3096} INFO - Sync 1 DAGs
[2024-05-21T19:56:54.232+0000] {logging_mixin.py:188} INFO - [2024-05-21T19:56:54.232+0000] {dag.py:3954} INFO - Setting next_dagrun for example_sensors to None, run_after=None
[2024-05-21T19:56:54.290+0000] {processor.py:183} INFO - Processing /home/airflow/.local/lib/python3.12/site-packages/airflow/example_dags/example_sensors.py took 0.231 seconds
[2024-05-21T19:57:25.067+0000] {processor.py:161} INFO - Started process (PID=367) to work on /home/airflow/.local/lib/python3.12/site-packages/airflow/example_dags/example_sensors.py
[2024-05-21T19:57:25.071+0000] {processor.py:830} INFO - Processing file /home/airflow/.local/lib/python3.12/site-packages/airflow/example_dags/example_sensors.py for tasks to queue
[2024-05-21T19:57:25.079+0000] {logging_mixin.py:188} INFO - [2024-05-21T19:57:25.078+0000] {dagbag.py:545} INFO - Filling up the DagBag from /home/airflow/.local/lib/python3.12/site-packages/airflow/example_dags/example_sensors.py
[2024-05-21T19:57:25.117+0000] {processor.py:840} INFO - DAG(s) 'example_sensors' retrieved from /home/airflow/.local/lib/python3.12/site-packages/airflow/example_dags/example_sensors.py
[2024-05-21T19:57:25.207+0000] {logging_mixin.py:188} INFO - [2024-05-21T19:57:25.206+0000] {dag.py:3096} INFO - Sync 1 DAGs
[2024-05-21T19:57:25.250+0000] {logging_mixin.py:188} INFO - [2024-05-21T19:57:25.249+0000] {dag.py:3954} INFO - Setting next_dagrun for example_sensors to None, run_after=None
[2024-05-21T19:57:25.317+0000] {processor.py:183} INFO - Processing /home/airflow/.local/lib/python3.12/site-packages/airflow/example_dags/example_sensors.py took 0.266 seconds
[2024-05-21T19:57:56.364+0000] {processor.py:161} INFO - Started process (PID=427) to work on /home/airflow/.local/lib/python3.12/site-packages/airflow/example_dags/example_sensors.py
[2024-05-21T19:57:56.366+0000] {processor.py:830} INFO - Processing file /home/airflow/.local/lib/python3.12/site-packages/airflow/example_dags/example_sensors.py for tasks to queue
[2024-05-21T19:57:56.371+0000] {logging_mixin.py:188} INFO - [2024-05-21T19:57:56.370+0000] {dagbag.py:545} INFO - Filling up the DagBag from /home/airflow/.local/lib/python3.12/site-packages/airflow/example_dags/example_sensors.py
[2024-05-21T19:57:56.393+0000] {processor.py:840} INFO - DAG(s) 'example_sensors' retrieved from /home/airflow/.local/lib/python3.12/site-packages/airflow/example_dags/example_sensors.py
[2024-05-21T19:57:56.466+0000] {logging_mixin.py:188} INFO - [2024-05-21T19:57:56.466+0000] {dag.py:3096} INFO - Sync 1 DAGs
[2024-05-21T19:57:56.506+0000] {logging_mixin.py:188} INFO - [2024-05-21T19:57:56.505+0000] {dag.py:3954} INFO - Setting next_dagrun for example_sensors to None, run_after=None
[2024-05-21T19:57:56.602+0000] {processor.py:183} INFO - Processing /home/airflow/.local/lib/python3.12/site-packages/airflow/example_dags/example_sensors.py took 0.253 seconds
[2024-05-21T19:58:27.313+0000] {processor.py:161} INFO - Started process (PID=487) to work on /home/airflow/.local/lib/python3.12/site-packages/airflow/example_dags/example_sensors.py
[2024-05-21T19:58:27.315+0000] {processor.py:830} INFO - Processing file /home/airflow/.local/lib/python3.12/site-packages/airflow/example_dags/example_sensors.py for tasks to queue
[2024-05-21T19:58:27.322+0000] {logging_mixin.py:188} INFO - [2024-05-21T19:58:27.321+0000] {dagbag.py:545} INFO - Filling up the DagBag from /home/airflow/.local/lib/python3.12/site-packages/airflow/example_dags/example_sensors.py
[2024-05-21T19:58:27.355+0000] {processor.py:840} INFO - DAG(s) 'example_sensors' retrieved from /home/airflow/.local/lib/python3.12/site-packages/airflow/example_dags/example_sensors.py
[2024-05-21T19:58:27.479+0000] {logging_mixin.py:188} INFO - [2024-05-21T19:58:27.479+0000] {dag.py:3096} INFO - Sync 1 DAGs
[2024-05-21T19:58:27.519+0000] {logging_mixin.py:188} INFO - [2024-05-21T19:58:27.518+0000] {dag.py:3954} INFO - Setting next_dagrun for example_sensors to None, run_after=None
[2024-05-21T19:58:27.585+0000] {processor.py:183} INFO - Processing /home/airflow/.local/lib/python3.12/site-packages/airflow/example_dags/example_sensors.py took 0.287 seconds
[2024-05-21T19:58:58.027+0000] {processor.py:161} INFO - Started process (PID=547) to work on /home/airflow/.local/lib/python3.12/site-packages/airflow/example_dags/example_sensors.py
[2024-05-21T19:58:58.030+0000] {processor.py:830} INFO - Processing file /home/airflow/.local/lib/python3.12/site-packages/airflow/example_dags/example_sensors.py for tasks to queue
[2024-05-21T19:58:58.041+0000] {logging_mixin.py:188} INFO - [2024-05-21T19:58:58.037+0000] {dagbag.py:545} INFO - Filling up the DagBag from /home/airflow/.local/lib/python3.12/site-packages/airflow/example_dags/example_sensors.py
[2024-05-21T19:58:58.068+0000] {processor.py:840} INFO - DAG(s) 'example_sensors' retrieved from /home/airflow/.local/lib/python3.12/site-packages/airflow/example_dags/example_sensors.py
[2024-05-21T19:58:58.141+0000] {logging_mixin.py:188} INFO - [2024-05-21T19:58:58.140+0000] {dag.py:3096} INFO - Sync 1 DAGs
[2024-05-21T19:58:58.184+0000] {logging_mixin.py:188} INFO - [2024-05-21T19:58:58.183+0000] {dag.py:3954} INFO - Setting next_dagrun for example_sensors to None, run_after=None
[2024-05-21T19:58:58.263+0000] {processor.py:183} INFO - Processing /home/airflow/.local/lib/python3.12/site-packages/airflow/example_dags/example_sensors.py took 0.252 seconds
[2024-05-21T19:59:29.501+0000] {processor.py:161} INFO - Started process (PID=607) to work on /home/airflow/.local/lib/python3.12/site-packages/airflow/example_dags/example_sensors.py
[2024-05-21T19:59:29.503+0000] {processor.py:830} INFO - Processing file /home/airflow/.local/lib/python3.12/site-packages/airflow/example_dags/example_sensors.py for tasks to queue
[2024-05-21T19:59:29.508+0000] {logging_mixin.py:188} INFO - [2024-05-21T19:59:29.507+0000] {dagbag.py:545} INFO - Filling up the DagBag from /home/airflow/.local/lib/python3.12/site-packages/airflow/example_dags/example_sensors.py
[2024-05-21T19:59:29.529+0000] {processor.py:840} INFO - DAG(s) 'example_sensors' retrieved from /home/airflow/.local/lib/python3.12/site-packages/airflow/example_dags/example_sensors.py
[2024-05-21T19:59:29.591+0000] {logging_mixin.py:188} INFO - [2024-05-21T19:59:29.590+0000] {dag.py:3096} INFO - Sync 1 DAGs
[2024-05-21T19:59:29.618+0000] {logging_mixin.py:188} INFO - [2024-05-21T19:59:29.618+0000] {dag.py:3954} INFO - Setting next_dagrun for example_sensors to None, run_after=None
[2024-05-21T19:59:29.681+0000] {processor.py:183} INFO - Processing /home/airflow/.local/lib/python3.12/site-packages/airflow/example_dags/example_sensors.py took 0.192 seconds
[2024-05-21T20:00:01.328+0000] {processor.py:161} INFO - Started process (PID=667) to work on /home/airflow/.local/lib/python3.12/site-packages/airflow/example_dags/example_sensors.py
[2024-05-21T20:00:01.330+0000] {processor.py:830} INFO - Processing file /home/airflow/.local/lib/python3.12/site-packages/airflow/example_dags/example_sensors.py for tasks to queue
[2024-05-21T20:00:01.334+0000] {logging_mixin.py:188} INFO - [2024-05-21T20:00:01.333+0000] {dagbag.py:545} INFO - Filling up the DagBag from /home/airflow/.local/lib/python3.12/site-packages/airflow/example_dags/example_sensors.py
[2024-05-21T20:00:01.353+0000] {processor.py:840} INFO - DAG(s) 'example_sensors' retrieved from /home/airflow/.local/lib/python3.12/site-packages/airflow/example_dags/example_sensors.py
[2024-05-21T20:00:01.438+0000] {logging_mixin.py:188} INFO - [2024-05-21T20:00:01.437+0000] {dag.py:3096} INFO - Sync 1 DAGs
[2024-05-21T20:00:01.478+0000] {logging_mixin.py:188} INFO - [2024-05-21T20:00:01.477+0000] {dag.py:3954} INFO - Setting next_dagrun for example_sensors to None, run_after=None
[2024-05-21T20:00:01.568+0000] {processor.py:183} INFO - Processing /home/airflow/.local/lib/python3.12/site-packages/airflow/example_dags/example_sensors.py took 0.281 seconds
[2024-05-21T20:00:32.977+0000] {processor.py:161} INFO - Started process (PID=727) to work on /home/airflow/.local/lib/python3.12/site-packages/airflow/example_dags/example_sensors.py
[2024-05-21T20:00:32.980+0000] {processor.py:830} INFO - Processing file /home/airflow/.local/lib/python3.12/site-packages/airflow/example_dags/example_sensors.py for tasks to queue
[2024-05-21T20:00:32.986+0000] {logging_mixin.py:188} INFO - [2024-05-21T20:00:32.985+0000] {dagbag.py:545} INFO - Filling up the DagBag from /home/airflow/.local/lib/python3.12/site-packages/airflow/example_dags/example_sensors.py
[2024-05-21T20:00:33.009+0000] {processor.py:840} INFO - DAG(s) 'example_sensors' retrieved from /home/airflow/.local/lib/python3.12/site-packages/airflow/example_dags/example_sensors.py
[2024-05-21T20:00:33.074+0000] {logging_mixin.py:188} INFO - [2024-05-21T20:00:33.073+0000] {dag.py:3096} INFO - Sync 1 DAGs
[2024-05-21T20:00:33.110+0000] {logging_mixin.py:188} INFO - [2024-05-21T20:00:33.109+0000] {dag.py:3954} INFO - Setting next_dagrun for example_sensors to None, run_after=None
[2024-05-21T20:00:33.164+0000] {processor.py:183} INFO - Processing /home/airflow/.local/lib/python3.12/site-packages/airflow/example_dags/example_sensors.py took 0.225 seconds
[2024-05-21T20:01:05.097+0000] {processor.py:161} INFO - Started process (PID=793) to work on /home/airflow/.local/lib/python3.12/site-packages/airflow/example_dags/example_sensors.py
[2024-05-21T20:01:05.100+0000] {processor.py:830} INFO - Processing file /home/airflow/.local/lib/python3.12/site-packages/airflow/example_dags/example_sensors.py for tasks to queue
[2024-05-21T20:01:05.105+0000] {logging_mixin.py:188} INFO - [2024-05-21T20:01:05.104+0000] {dagbag.py:545} INFO - Filling up the DagBag from /home/airflow/.local/lib/python3.12/site-packages/airflow/example_dags/example_sensors.py
[2024-05-21T20:01:05.130+0000] {processor.py:840} INFO - DAG(s) 'example_sensors' retrieved from /home/airflow/.local/lib/python3.12/site-packages/airflow/example_dags/example_sensors.py
[2024-05-21T20:01:05.194+0000] {logging_mixin.py:188} INFO - [2024-05-21T20:01:05.194+0000] {dag.py:3096} INFO - Sync 1 DAGs
[2024-05-21T20:01:05.232+0000] {logging_mixin.py:188} INFO - [2024-05-21T20:01:05.231+0000] {dag.py:3954} INFO - Setting next_dagrun for example_sensors to None, run_after=None
[2024-05-21T20:01:05.282+0000] {processor.py:183} INFO - Processing /home/airflow/.local/lib/python3.12/site-packages/airflow/example_dags/example_sensors.py took 0.210 seconds
[2024-05-21T20:01:35.789+0000] {processor.py:161} INFO - Started process (PID=853) to work on /home/airflow/.local/lib/python3.12/site-packages/airflow/example_dags/example_sensors.py
[2024-05-21T20:01:35.792+0000] {processor.py:830} INFO - Processing file /home/airflow/.local/lib/python3.12/site-packages/airflow/example_dags/example_sensors.py for tasks to queue
[2024-05-21T20:01:35.797+0000] {logging_mixin.py:188} INFO - [2024-05-21T20:01:35.796+0000] {dagbag.py:545} INFO - Filling up the DagBag from /home/airflow/.local/lib/python3.12/site-packages/airflow/example_dags/example_sensors.py
[2024-05-21T20:01:35.821+0000] {processor.py:840} INFO - DAG(s) 'example_sensors' retrieved from /home/airflow/.local/lib/python3.12/site-packages/airflow/example_dags/example_sensors.py
[2024-05-21T20:01:35.934+0000] {logging_mixin.py:188} INFO - [2024-05-21T20:01:35.933+0000] {dag.py:3096} INFO - Sync 1 DAGs
[2024-05-21T20:01:35.990+0000] {logging_mixin.py:188} INFO - [2024-05-21T20:01:35.989+0000] {dag.py:3954} INFO - Setting next_dagrun for example_sensors to None, run_after=None
[2024-05-21T20:01:36.061+0000] {processor.py:183} INFO - Processing /home/airflow/.local/lib/python3.12/site-packages/airflow/example_dags/example_sensors.py took 0.289 seconds
[2024-05-21T20:02:07.028+0000] {processor.py:161} INFO - Started process (PID=913) to work on /home/airflow/.local/lib/python3.12/site-packages/airflow/example_dags/example_sensors.py
[2024-05-21T20:02:07.032+0000] {processor.py:830} INFO - Processing file /home/airflow/.local/lib/python3.12/site-packages/airflow/example_dags/example_sensors.py for tasks to queue
[2024-05-21T20:02:07.039+0000] {logging_mixin.py:188} INFO - [2024-05-21T20:02:07.037+0000] {dagbag.py:545} INFO - Filling up the DagBag from /home/airflow/.local/lib/python3.12/site-packages/airflow/example_dags/example_sensors.py
[2024-05-21T20:02:07.080+0000] {processor.py:840} INFO - DAG(s) 'example_sensors' retrieved from /home/airflow/.local/lib/python3.12/site-packages/airflow/example_dags/example_sensors.py
[2024-05-21T20:02:07.162+0000] {logging_mixin.py:188} INFO - [2024-05-21T20:02:07.161+0000] {dag.py:3096} INFO - Sync 1 DAGs
[2024-05-21T20:02:07.211+0000] {logging_mixin.py:188} INFO - [2024-05-21T20:02:07.210+0000] {dag.py:3954} INFO - Setting next_dagrun for example_sensors to None, run_after=None
[2024-05-21T20:02:07.291+0000] {processor.py:183} INFO - Processing /home/airflow/.local/lib/python3.12/site-packages/airflow/example_dags/example_sensors.py took 0.283 seconds
[2024-05-21T20:02:38.353+0000] {processor.py:161} INFO - Started process (PID=973) to work on /home/airflow/.local/lib/python3.12/site-packages/airflow/example_dags/example_sensors.py
[2024-05-21T20:02:38.356+0000] {processor.py:830} INFO - Processing file /home/airflow/.local/lib/python3.12/site-packages/airflow/example_dags/example_sensors.py for tasks to queue
[2024-05-21T20:02:38.361+0000] {logging_mixin.py:188} INFO - [2024-05-21T20:02:38.360+0000] {dagbag.py:545} INFO - Filling up the DagBag from /home/airflow/.local/lib/python3.12/site-packages/airflow/example_dags/example_sensors.py
[2024-05-21T20:02:38.390+0000] {processor.py:840} INFO - DAG(s) 'example_sensors' retrieved from /home/airflow/.local/lib/python3.12/site-packages/airflow/example_dags/example_sensors.py
[2024-05-21T20:02:38.459+0000] {logging_mixin.py:188} INFO - [2024-05-21T20:02:38.458+0000] {dag.py:3096} INFO - Sync 1 DAGs
[2024-05-21T20:02:38.489+0000] {logging_mixin.py:188} INFO - [2024-05-21T20:02:38.488+0000] {dag.py:3954} INFO - Setting next_dagrun for example_sensors to None, run_after=None
[2024-05-21T20:02:38.542+0000] {processor.py:183} INFO - Processing /home/airflow/.local/lib/python3.12/site-packages/airflow/example_dags/example_sensors.py took 0.205 seconds
