[2024-05-21T19:29:07.552+0000] {processor.py:161} INFO - Started process (PID=69) to work on /home/airflow/.local/lib/python3.12/site-packages/airflow/example_dags/example_short_circuit_operator.py
[2024-05-21T19:29:07.555+0000] {processor.py:830} INFO - Processing file /home/airflow/.local/lib/python3.12/site-packages/airflow/example_dags/example_short_circuit_operator.py for tasks to queue
[2024-05-21T19:29:07.561+0000] {logging_mixin.py:188} INFO - [2024-05-21T19:29:07.560+0000] {dagbag.py:545} INFO - Filling up the DagBag from /home/airflow/.local/lib/python3.12/site-packages/airflow/example_dags/example_short_circuit_operator.py
[2024-05-21T19:29:07.583+0000] {processor.py:840} INFO - DAG(s) 'example_short_circuit_operator' retrieved from /home/airflow/.local/lib/python3.12/site-packages/airflow/example_dags/example_short_circuit_operator.py
[2024-05-21T19:29:07.830+0000] {logging_mixin.py:188} INFO - [2024-05-21T19:29:07.829+0000] {dag.py:3096} INFO - Sync 1 DAGs
[2024-05-21T19:29:07.881+0000] {logging_mixin.py:188} INFO - [2024-05-21T19:29:07.881+0000] {dag.py:3954} INFO - Setting next_dagrun for example_short_circuit_operator to 2024-05-20 00:00:00+00:00, run_after=2024-05-21 00:00:00+00:00
[2024-05-21T19:29:07.953+0000] {processor.py:183} INFO - Processing /home/airflow/.local/lib/python3.12/site-packages/airflow/example_dags/example_short_circuit_operator.py took 0.416 seconds
[2024-05-21T19:29:38.721+0000] {processor.py:161} INFO - Started process (PID=129) to work on /home/airflow/.local/lib/python3.12/site-packages/airflow/example_dags/example_short_circuit_operator.py
[2024-05-21T19:29:38.724+0000] {processor.py:830} INFO - Processing file /home/airflow/.local/lib/python3.12/site-packages/airflow/example_dags/example_short_circuit_operator.py for tasks to queue
[2024-05-21T19:29:38.729+0000] {logging_mixin.py:188} INFO - [2024-05-21T19:29:38.728+0000] {dagbag.py:545} INFO - Filling up the DagBag from /home/airflow/.local/lib/python3.12/site-packages/airflow/example_dags/example_short_circuit_operator.py
[2024-05-21T19:29:38.750+0000] {processor.py:840} INFO - DAG(s) 'example_short_circuit_operator' retrieved from /home/airflow/.local/lib/python3.12/site-packages/airflow/example_dags/example_short_circuit_operator.py
[2024-05-21T19:29:38.833+0000] {logging_mixin.py:188} INFO - [2024-05-21T19:29:38.832+0000] {dag.py:3096} INFO - Sync 1 DAGs
[2024-05-21T19:29:38.903+0000] {logging_mixin.py:188} INFO - [2024-05-21T19:29:38.902+0000] {dag.py:3954} INFO - Setting next_dagrun for example_short_circuit_operator to 2024-05-20 00:00:00+00:00, run_after=2024-05-21 00:00:00+00:00
[2024-05-21T19:29:38.968+0000] {processor.py:183} INFO - Processing /home/airflow/.local/lib/python3.12/site-packages/airflow/example_dags/example_short_circuit_operator.py took 0.264 seconds
[2024-05-21T19:30:09.469+0000] {processor.py:161} INFO - Started process (PID=189) to work on /home/airflow/.local/lib/python3.12/site-packages/airflow/example_dags/example_short_circuit_operator.py
[2024-05-21T19:30:09.472+0000] {processor.py:830} INFO - Processing file /home/airflow/.local/lib/python3.12/site-packages/airflow/example_dags/example_short_circuit_operator.py for tasks to queue
[2024-05-21T19:30:09.479+0000] {logging_mixin.py:188} INFO - [2024-05-21T19:30:09.478+0000] {dagbag.py:545} INFO - Filling up the DagBag from /home/airflow/.local/lib/python3.12/site-packages/airflow/example_dags/example_short_circuit_operator.py
[2024-05-21T19:30:09.500+0000] {processor.py:840} INFO - DAG(s) 'example_short_circuit_operator' retrieved from /home/airflow/.local/lib/python3.12/site-packages/airflow/example_dags/example_short_circuit_operator.py
[2024-05-21T19:30:09.574+0000] {logging_mixin.py:188} INFO - [2024-05-21T19:30:09.573+0000] {dag.py:3096} INFO - Sync 1 DAGs
[2024-05-21T19:30:09.660+0000] {logging_mixin.py:188} INFO - [2024-05-21T19:30:09.659+0000] {dag.py:3954} INFO - Setting next_dagrun for example_short_circuit_operator to 2024-05-20 00:00:00+00:00, run_after=2024-05-21 00:00:00+00:00
[2024-05-21T19:30:09.739+0000] {processor.py:183} INFO - Processing /home/airflow/.local/lib/python3.12/site-packages/airflow/example_dags/example_short_circuit_operator.py took 0.324 seconds
[2024-05-21T19:30:39.892+0000] {processor.py:161} INFO - Started process (PID=249) to work on /home/airflow/.local/lib/python3.12/site-packages/airflow/example_dags/example_short_circuit_operator.py
[2024-05-21T19:30:39.895+0000] {processor.py:830} INFO - Processing file /home/airflow/.local/lib/python3.12/site-packages/airflow/example_dags/example_short_circuit_operator.py for tasks to queue
[2024-05-21T19:30:39.900+0000] {logging_mixin.py:188} INFO - [2024-05-21T19:30:39.899+0000] {dagbag.py:545} INFO - Filling up the DagBag from /home/airflow/.local/lib/python3.12/site-packages/airflow/example_dags/example_short_circuit_operator.py
[2024-05-21T19:30:39.920+0000] {processor.py:840} INFO - DAG(s) 'example_short_circuit_operator' retrieved from /home/airflow/.local/lib/python3.12/site-packages/airflow/example_dags/example_short_circuit_operator.py
[2024-05-21T19:30:39.984+0000] {logging_mixin.py:188} INFO - [2024-05-21T19:30:39.983+0000] {dag.py:3096} INFO - Sync 1 DAGs
[2024-05-21T19:30:40.049+0000] {logging_mixin.py:188} INFO - [2024-05-21T19:30:40.048+0000] {dag.py:3954} INFO - Setting next_dagrun for example_short_circuit_operator to 2024-05-20 00:00:00+00:00, run_after=2024-05-21 00:00:00+00:00
[2024-05-21T19:30:40.112+0000] {processor.py:183} INFO - Processing /home/airflow/.local/lib/python3.12/site-packages/airflow/example_dags/example_short_circuit_operator.py took 0.234 seconds
[2024-05-21T19:31:11.336+0000] {processor.py:161} INFO - Started process (PID=309) to work on /home/airflow/.local/lib/python3.12/site-packages/airflow/example_dags/example_short_circuit_operator.py
[2024-05-21T19:31:11.340+0000] {processor.py:830} INFO - Processing file /home/airflow/.local/lib/python3.12/site-packages/airflow/example_dags/example_short_circuit_operator.py for tasks to queue
[2024-05-21T19:31:11.360+0000] {logging_mixin.py:188} INFO - [2024-05-21T19:31:11.357+0000] {dagbag.py:545} INFO - Filling up the DagBag from /home/airflow/.local/lib/python3.12/site-packages/airflow/example_dags/example_short_circuit_operator.py
[2024-05-21T19:31:11.382+0000] {processor.py:840} INFO - DAG(s) 'example_short_circuit_operator' retrieved from /home/airflow/.local/lib/python3.12/site-packages/airflow/example_dags/example_short_circuit_operator.py
[2024-05-21T19:31:11.446+0000] {logging_mixin.py:188} INFO - [2024-05-21T19:31:11.445+0000] {dag.py:3096} INFO - Sync 1 DAGs
[2024-05-21T19:31:11.509+0000] {logging_mixin.py:188} INFO - [2024-05-21T19:31:11.508+0000] {dag.py:3954} INFO - Setting next_dagrun for example_short_circuit_operator to 2024-05-20 00:00:00+00:00, run_after=2024-05-21 00:00:00+00:00
[2024-05-21T19:31:11.569+0000] {processor.py:183} INFO - Processing /home/airflow/.local/lib/python3.12/site-packages/airflow/example_dags/example_short_circuit_operator.py took 0.247 seconds
[2024-05-21T19:31:42.791+0000] {processor.py:161} INFO - Started process (PID=369) to work on /home/airflow/.local/lib/python3.12/site-packages/airflow/example_dags/example_short_circuit_operator.py
[2024-05-21T19:31:42.793+0000] {processor.py:830} INFO - Processing file /home/airflow/.local/lib/python3.12/site-packages/airflow/example_dags/example_short_circuit_operator.py for tasks to queue
[2024-05-21T19:31:42.798+0000] {logging_mixin.py:188} INFO - [2024-05-21T19:31:42.797+0000] {dagbag.py:545} INFO - Filling up the DagBag from /home/airflow/.local/lib/python3.12/site-packages/airflow/example_dags/example_short_circuit_operator.py
[2024-05-21T19:31:42.817+0000] {processor.py:840} INFO - DAG(s) 'example_short_circuit_operator' retrieved from /home/airflow/.local/lib/python3.12/site-packages/airflow/example_dags/example_short_circuit_operator.py
[2024-05-21T19:31:42.877+0000] {logging_mixin.py:188} INFO - [2024-05-21T19:31:42.876+0000] {dag.py:3096} INFO - Sync 1 DAGs
[2024-05-21T19:31:42.939+0000] {logging_mixin.py:188} INFO - [2024-05-21T19:31:42.939+0000] {dag.py:3954} INFO - Setting next_dagrun for example_short_circuit_operator to 2024-05-20 00:00:00+00:00, run_after=2024-05-21 00:00:00+00:00
[2024-05-21T19:31:42.990+0000] {processor.py:183} INFO - Processing /home/airflow/.local/lib/python3.12/site-packages/airflow/example_dags/example_short_circuit_operator.py took 0.216 seconds
[2024-05-21T19:32:14.705+0000] {processor.py:161} INFO - Started process (PID=429) to work on /home/airflow/.local/lib/python3.12/site-packages/airflow/example_dags/example_short_circuit_operator.py
[2024-05-21T19:32:14.708+0000] {processor.py:830} INFO - Processing file /home/airflow/.local/lib/python3.12/site-packages/airflow/example_dags/example_short_circuit_operator.py for tasks to queue
[2024-05-21T19:32:14.715+0000] {logging_mixin.py:188} INFO - [2024-05-21T19:32:14.714+0000] {dagbag.py:545} INFO - Filling up the DagBag from /home/airflow/.local/lib/python3.12/site-packages/airflow/example_dags/example_short_circuit_operator.py
[2024-05-21T19:32:14.741+0000] {processor.py:840} INFO - DAG(s) 'example_short_circuit_operator' retrieved from /home/airflow/.local/lib/python3.12/site-packages/airflow/example_dags/example_short_circuit_operator.py
[2024-05-21T19:32:14.844+0000] {logging_mixin.py:188} INFO - [2024-05-21T19:32:14.843+0000] {dag.py:3096} INFO - Sync 1 DAGs
[2024-05-21T19:32:14.920+0000] {logging_mixin.py:188} INFO - [2024-05-21T19:32:14.920+0000] {dag.py:3954} INFO - Setting next_dagrun for example_short_circuit_operator to 2024-05-20 00:00:00+00:00, run_after=2024-05-21 00:00:00+00:00
[2024-05-21T19:32:14.983+0000] {processor.py:183} INFO - Processing /home/airflow/.local/lib/python3.12/site-packages/airflow/example_dags/example_short_circuit_operator.py took 0.296 seconds
[2024-05-21T19:32:47.693+0000] {processor.py:161} INFO - Started process (PID=490) to work on /home/airflow/.local/lib/python3.12/site-packages/airflow/example_dags/example_short_circuit_operator.py
[2024-05-21T19:32:47.697+0000] {processor.py:830} INFO - Processing file /home/airflow/.local/lib/python3.12/site-packages/airflow/example_dags/example_short_circuit_operator.py for tasks to queue
[2024-05-21T19:32:47.703+0000] {logging_mixin.py:188} INFO - [2024-05-21T19:32:47.702+0000] {dagbag.py:545} INFO - Filling up the DagBag from /home/airflow/.local/lib/python3.12/site-packages/airflow/example_dags/example_short_circuit_operator.py
[2024-05-21T19:32:47.725+0000] {processor.py:840} INFO - DAG(s) 'example_short_circuit_operator' retrieved from /home/airflow/.local/lib/python3.12/site-packages/airflow/example_dags/example_short_circuit_operator.py
[2024-05-21T19:32:47.874+0000] {logging_mixin.py:188} INFO - [2024-05-21T19:32:47.873+0000] {dag.py:3096} INFO - Sync 1 DAGs
[2024-05-21T19:32:48.024+0000] {logging_mixin.py:188} INFO - [2024-05-21T19:32:48.023+0000] {dag.py:3954} INFO - Setting next_dagrun for example_short_circuit_operator to 2024-05-20 00:00:00+00:00, run_after=2024-05-21 00:00:00+00:00
[2024-05-21T19:32:48.144+0000] {processor.py:183} INFO - Processing /home/airflow/.local/lib/python3.12/site-packages/airflow/example_dags/example_short_circuit_operator.py took 0.481 seconds
[2024-05-21T19:33:18.384+0000] {processor.py:161} INFO - Started process (PID=550) to work on /home/airflow/.local/lib/python3.12/site-packages/airflow/example_dags/example_short_circuit_operator.py
[2024-05-21T19:33:18.388+0000] {processor.py:830} INFO - Processing file /home/airflow/.local/lib/python3.12/site-packages/airflow/example_dags/example_short_circuit_operator.py for tasks to queue
[2024-05-21T19:33:18.397+0000] {logging_mixin.py:188} INFO - [2024-05-21T19:33:18.397+0000] {dagbag.py:545} INFO - Filling up the DagBag from /home/airflow/.local/lib/python3.12/site-packages/airflow/example_dags/example_short_circuit_operator.py
[2024-05-21T19:33:18.469+0000] {processor.py:840} INFO - DAG(s) 'example_short_circuit_operator' retrieved from /home/airflow/.local/lib/python3.12/site-packages/airflow/example_dags/example_short_circuit_operator.py
[2024-05-21T19:33:18.544+0000] {logging_mixin.py:188} INFO - [2024-05-21T19:33:18.544+0000] {dag.py:3096} INFO - Sync 1 DAGs
[2024-05-21T19:33:18.624+0000] {logging_mixin.py:188} INFO - [2024-05-21T19:33:18.623+0000] {dag.py:3954} INFO - Setting next_dagrun for example_short_circuit_operator to 2024-05-20 00:00:00+00:00, run_after=2024-05-21 00:00:00+00:00
[2024-05-21T19:33:18.689+0000] {processor.py:183} INFO - Processing /home/airflow/.local/lib/python3.12/site-packages/airflow/example_dags/example_short_circuit_operator.py took 0.331 seconds
[2024-05-21T19:33:49.785+0000] {processor.py:161} INFO - Started process (PID=616) to work on /home/airflow/.local/lib/python3.12/site-packages/airflow/example_dags/example_short_circuit_operator.py
[2024-05-21T19:33:49.787+0000] {processor.py:830} INFO - Processing file /home/airflow/.local/lib/python3.12/site-packages/airflow/example_dags/example_short_circuit_operator.py for tasks to queue
[2024-05-21T19:33:49.793+0000] {logging_mixin.py:188} INFO - [2024-05-21T19:33:49.792+0000] {dagbag.py:545} INFO - Filling up the DagBag from /home/airflow/.local/lib/python3.12/site-packages/airflow/example_dags/example_short_circuit_operator.py
[2024-05-21T19:33:49.812+0000] {processor.py:840} INFO - DAG(s) 'example_short_circuit_operator' retrieved from /home/airflow/.local/lib/python3.12/site-packages/airflow/example_dags/example_short_circuit_operator.py
[2024-05-21T19:33:49.896+0000] {logging_mixin.py:188} INFO - [2024-05-21T19:33:49.895+0000] {dag.py:3096} INFO - Sync 1 DAGs
[2024-05-21T19:33:49.956+0000] {logging_mixin.py:188} INFO - [2024-05-21T19:33:49.956+0000] {dag.py:3954} INFO - Setting next_dagrun for example_short_circuit_operator to 2024-05-20 00:00:00+00:00, run_after=2024-05-21 00:00:00+00:00
[2024-05-21T19:33:50.022+0000] {processor.py:183} INFO - Processing /home/airflow/.local/lib/python3.12/site-packages/airflow/example_dags/example_short_circuit_operator.py took 0.255 seconds
[2024-05-21T19:34:21.043+0000] {processor.py:161} INFO - Started process (PID=676) to work on /home/airflow/.local/lib/python3.12/site-packages/airflow/example_dags/example_short_circuit_operator.py
[2024-05-21T19:34:21.047+0000] {processor.py:830} INFO - Processing file /home/airflow/.local/lib/python3.12/site-packages/airflow/example_dags/example_short_circuit_operator.py for tasks to queue
[2024-05-21T19:34:21.054+0000] {logging_mixin.py:188} INFO - [2024-05-21T19:34:21.053+0000] {dagbag.py:545} INFO - Filling up the DagBag from /home/airflow/.local/lib/python3.12/site-packages/airflow/example_dags/example_short_circuit_operator.py
[2024-05-21T19:34:21.079+0000] {processor.py:840} INFO - DAG(s) 'example_short_circuit_operator' retrieved from /home/airflow/.local/lib/python3.12/site-packages/airflow/example_dags/example_short_circuit_operator.py
[2024-05-21T19:34:21.152+0000] {logging_mixin.py:188} INFO - [2024-05-21T19:34:21.151+0000] {dag.py:3096} INFO - Sync 1 DAGs
[2024-05-21T19:34:21.224+0000] {logging_mixin.py:188} INFO - [2024-05-21T19:34:21.223+0000] {dag.py:3954} INFO - Setting next_dagrun for example_short_circuit_operator to 2024-05-20 00:00:00+00:00, run_after=2024-05-21 00:00:00+00:00
[2024-05-21T19:34:21.317+0000] {processor.py:183} INFO - Processing /home/airflow/.local/lib/python3.12/site-packages/airflow/example_dags/example_short_circuit_operator.py took 0.291 seconds
[2024-05-21T19:34:51.459+0000] {processor.py:161} INFO - Started process (PID=734) to work on /home/airflow/.local/lib/python3.12/site-packages/airflow/example_dags/example_short_circuit_operator.py
[2024-05-21T19:34:51.462+0000] {processor.py:830} INFO - Processing file /home/airflow/.local/lib/python3.12/site-packages/airflow/example_dags/example_short_circuit_operator.py for tasks to queue
[2024-05-21T19:34:51.467+0000] {logging_mixin.py:188} INFO - [2024-05-21T19:34:51.466+0000] {dagbag.py:545} INFO - Filling up the DagBag from /home/airflow/.local/lib/python3.12/site-packages/airflow/example_dags/example_short_circuit_operator.py
[2024-05-21T19:34:51.488+0000] {processor.py:840} INFO - DAG(s) 'example_short_circuit_operator' retrieved from /home/airflow/.local/lib/python3.12/site-packages/airflow/example_dags/example_short_circuit_operator.py
[2024-05-21T19:34:51.605+0000] {logging_mixin.py:188} INFO - [2024-05-21T19:34:51.604+0000] {dag.py:3096} INFO - Sync 1 DAGs
[2024-05-21T19:34:51.729+0000] {logging_mixin.py:188} INFO - [2024-05-21T19:34:51.728+0000] {dag.py:3954} INFO - Setting next_dagrun for example_short_circuit_operator to 2024-05-20 00:00:00+00:00, run_after=2024-05-21 00:00:00+00:00
[2024-05-21T19:34:51.808+0000] {processor.py:183} INFO - Processing /home/airflow/.local/lib/python3.12/site-packages/airflow/example_dags/example_short_circuit_operator.py took 0.365 seconds
[2024-05-21T19:35:22.758+0000] {processor.py:161} INFO - Started process (PID=794) to work on /home/airflow/.local/lib/python3.12/site-packages/airflow/example_dags/example_short_circuit_operator.py
[2024-05-21T19:35:22.760+0000] {processor.py:830} INFO - Processing file /home/airflow/.local/lib/python3.12/site-packages/airflow/example_dags/example_short_circuit_operator.py for tasks to queue
[2024-05-21T19:35:22.765+0000] {logging_mixin.py:188} INFO - [2024-05-21T19:35:22.764+0000] {dagbag.py:545} INFO - Filling up the DagBag from /home/airflow/.local/lib/python3.12/site-packages/airflow/example_dags/example_short_circuit_operator.py
[2024-05-21T19:35:22.787+0000] {processor.py:840} INFO - DAG(s) 'example_short_circuit_operator' retrieved from /home/airflow/.local/lib/python3.12/site-packages/airflow/example_dags/example_short_circuit_operator.py
[2024-05-21T19:35:22.853+0000] {logging_mixin.py:188} INFO - [2024-05-21T19:35:22.852+0000] {dag.py:3096} INFO - Sync 1 DAGs
[2024-05-21T19:35:22.955+0000] {logging_mixin.py:188} INFO - [2024-05-21T19:35:22.954+0000] {dag.py:3954} INFO - Setting next_dagrun for example_short_circuit_operator to 2024-05-20 00:00:00+00:00, run_after=2024-05-21 00:00:00+00:00
[2024-05-21T19:35:23.072+0000] {processor.py:183} INFO - Processing /home/airflow/.local/lib/python3.12/site-packages/airflow/example_dags/example_short_circuit_operator.py took 0.329 seconds
[2024-05-21T19:35:53.364+0000] {processor.py:161} INFO - Started process (PID=853) to work on /home/airflow/.local/lib/python3.12/site-packages/airflow/example_dags/example_short_circuit_operator.py
[2024-05-21T19:35:53.371+0000] {processor.py:830} INFO - Processing file /home/airflow/.local/lib/python3.12/site-packages/airflow/example_dags/example_short_circuit_operator.py for tasks to queue
[2024-05-21T19:35:53.387+0000] {logging_mixin.py:188} INFO - [2024-05-21T19:35:53.386+0000] {dagbag.py:545} INFO - Filling up the DagBag from /home/airflow/.local/lib/python3.12/site-packages/airflow/example_dags/example_short_circuit_operator.py
[2024-05-21T19:35:53.412+0000] {processor.py:840} INFO - DAG(s) 'example_short_circuit_operator' retrieved from /home/airflow/.local/lib/python3.12/site-packages/airflow/example_dags/example_short_circuit_operator.py
[2024-05-21T19:35:53.505+0000] {logging_mixin.py:188} INFO - [2024-05-21T19:35:53.504+0000] {dag.py:3096} INFO - Sync 1 DAGs
[2024-05-21T19:35:53.579+0000] {logging_mixin.py:188} INFO - [2024-05-21T19:35:53.578+0000] {dag.py:3954} INFO - Setting next_dagrun for example_short_circuit_operator to 2024-05-20 00:00:00+00:00, run_after=2024-05-21 00:00:00+00:00
[2024-05-21T19:35:53.648+0000] {processor.py:183} INFO - Processing /home/airflow/.local/lib/python3.12/site-packages/airflow/example_dags/example_short_circuit_operator.py took 0.302 seconds
[2024-05-21T19:36:23.902+0000] {processor.py:161} INFO - Started process (PID=913) to work on /home/airflow/.local/lib/python3.12/site-packages/airflow/example_dags/example_short_circuit_operator.py
[2024-05-21T19:36:23.905+0000] {processor.py:830} INFO - Processing file /home/airflow/.local/lib/python3.12/site-packages/airflow/example_dags/example_short_circuit_operator.py for tasks to queue
[2024-05-21T19:36:23.910+0000] {logging_mixin.py:188} INFO - [2024-05-21T19:36:23.910+0000] {dagbag.py:545} INFO - Filling up the DagBag from /home/airflow/.local/lib/python3.12/site-packages/airflow/example_dags/example_short_circuit_operator.py
[2024-05-21T19:36:23.929+0000] {processor.py:840} INFO - DAG(s) 'example_short_circuit_operator' retrieved from /home/airflow/.local/lib/python3.12/site-packages/airflow/example_dags/example_short_circuit_operator.py
[2024-05-21T19:36:23.991+0000] {logging_mixin.py:188} INFO - [2024-05-21T19:36:23.990+0000] {dag.py:3096} INFO - Sync 1 DAGs
[2024-05-21T19:36:24.055+0000] {logging_mixin.py:188} INFO - [2024-05-21T19:36:24.055+0000] {dag.py:3954} INFO - Setting next_dagrun for example_short_circuit_operator to 2024-05-20 00:00:00+00:00, run_after=2024-05-21 00:00:00+00:00
[2024-05-21T19:36:24.109+0000] {processor.py:183} INFO - Processing /home/airflow/.local/lib/python3.12/site-packages/airflow/example_dags/example_short_circuit_operator.py took 0.220 seconds
[2024-05-21T19:36:54.381+0000] {processor.py:161} INFO - Started process (PID=972) to work on /home/airflow/.local/lib/python3.12/site-packages/airflow/example_dags/example_short_circuit_operator.py
[2024-05-21T19:36:54.385+0000] {processor.py:830} INFO - Processing file /home/airflow/.local/lib/python3.12/site-packages/airflow/example_dags/example_short_circuit_operator.py for tasks to queue
[2024-05-21T19:36:54.391+0000] {logging_mixin.py:188} INFO - [2024-05-21T19:36:54.390+0000] {dagbag.py:545} INFO - Filling up the DagBag from /home/airflow/.local/lib/python3.12/site-packages/airflow/example_dags/example_short_circuit_operator.py
[2024-05-21T19:36:54.413+0000] {processor.py:840} INFO - DAG(s) 'example_short_circuit_operator' retrieved from /home/airflow/.local/lib/python3.12/site-packages/airflow/example_dags/example_short_circuit_operator.py
[2024-05-21T19:36:54.493+0000] {logging_mixin.py:188} INFO - [2024-05-21T19:36:54.492+0000] {dag.py:3096} INFO - Sync 1 DAGs
[2024-05-21T19:36:54.591+0000] {logging_mixin.py:188} INFO - [2024-05-21T19:36:54.590+0000] {dag.py:3954} INFO - Setting next_dagrun for example_short_circuit_operator to 2024-05-20 00:00:00+00:00, run_after=2024-05-21 00:00:00+00:00
[2024-05-21T19:36:54.682+0000] {processor.py:183} INFO - Processing /home/airflow/.local/lib/python3.12/site-packages/airflow/example_dags/example_short_circuit_operator.py took 0.321 seconds
[2024-05-21T19:37:24.998+0000] {processor.py:161} INFO - Started process (PID=1032) to work on /home/airflow/.local/lib/python3.12/site-packages/airflow/example_dags/example_short_circuit_operator.py
[2024-05-21T19:37:25.000+0000] {processor.py:830} INFO - Processing file /home/airflow/.local/lib/python3.12/site-packages/airflow/example_dags/example_short_circuit_operator.py for tasks to queue
[2024-05-21T19:37:25.005+0000] {logging_mixin.py:188} INFO - [2024-05-21T19:37:25.004+0000] {dagbag.py:545} INFO - Filling up the DagBag from /home/airflow/.local/lib/python3.12/site-packages/airflow/example_dags/example_short_circuit_operator.py
[2024-05-21T19:37:25.033+0000] {processor.py:840} INFO - DAG(s) 'example_short_circuit_operator' retrieved from /home/airflow/.local/lib/python3.12/site-packages/airflow/example_dags/example_short_circuit_operator.py
[2024-05-21T19:37:25.095+0000] {logging_mixin.py:188} INFO - [2024-05-21T19:37:25.095+0000] {dag.py:3096} INFO - Sync 1 DAGs
[2024-05-21T19:37:25.155+0000] {logging_mixin.py:188} INFO - [2024-05-21T19:37:25.155+0000] {dag.py:3954} INFO - Setting next_dagrun for example_short_circuit_operator to 2024-05-20 00:00:00+00:00, run_after=2024-05-21 00:00:00+00:00
[2024-05-21T19:37:25.229+0000] {processor.py:183} INFO - Processing /home/airflow/.local/lib/python3.12/site-packages/airflow/example_dags/example_short_circuit_operator.py took 0.249 seconds
[2024-05-21T19:37:55.907+0000] {processor.py:161} INFO - Started process (PID=1091) to work on /home/airflow/.local/lib/python3.12/site-packages/airflow/example_dags/example_short_circuit_operator.py
[2024-05-21T19:37:55.911+0000] {processor.py:830} INFO - Processing file /home/airflow/.local/lib/python3.12/site-packages/airflow/example_dags/example_short_circuit_operator.py for tasks to queue
[2024-05-21T19:37:55.918+0000] {logging_mixin.py:188} INFO - [2024-05-21T19:37:55.917+0000] {dagbag.py:545} INFO - Filling up the DagBag from /home/airflow/.local/lib/python3.12/site-packages/airflow/example_dags/example_short_circuit_operator.py
[2024-05-21T19:37:55.949+0000] {processor.py:840} INFO - DAG(s) 'example_short_circuit_operator' retrieved from /home/airflow/.local/lib/python3.12/site-packages/airflow/example_dags/example_short_circuit_operator.py
[2024-05-21T19:37:56.032+0000] {logging_mixin.py:188} INFO - [2024-05-21T19:37:56.031+0000] {dag.py:3096} INFO - Sync 1 DAGs
[2024-05-21T19:37:56.093+0000] {logging_mixin.py:188} INFO - [2024-05-21T19:37:56.092+0000] {dag.py:3954} INFO - Setting next_dagrun for example_short_circuit_operator to 2024-05-20 00:00:00+00:00, run_after=2024-05-21 00:00:00+00:00
[2024-05-21T19:37:56.190+0000] {processor.py:183} INFO - Processing /home/airflow/.local/lib/python3.12/site-packages/airflow/example_dags/example_short_circuit_operator.py took 0.298 seconds
[2024-05-21T19:38:26.672+0000] {processor.py:161} INFO - Started process (PID=1151) to work on /home/airflow/.local/lib/python3.12/site-packages/airflow/example_dags/example_short_circuit_operator.py
[2024-05-21T19:38:26.675+0000] {processor.py:830} INFO - Processing file /home/airflow/.local/lib/python3.12/site-packages/airflow/example_dags/example_short_circuit_operator.py for tasks to queue
[2024-05-21T19:38:26.680+0000] {logging_mixin.py:188} INFO - [2024-05-21T19:38:26.679+0000] {dagbag.py:545} INFO - Filling up the DagBag from /home/airflow/.local/lib/python3.12/site-packages/airflow/example_dags/example_short_circuit_operator.py
[2024-05-21T19:38:26.706+0000] {processor.py:840} INFO - DAG(s) 'example_short_circuit_operator' retrieved from /home/airflow/.local/lib/python3.12/site-packages/airflow/example_dags/example_short_circuit_operator.py
[2024-05-21T19:38:26.775+0000] {logging_mixin.py:188} INFO - [2024-05-21T19:38:26.774+0000] {dag.py:3096} INFO - Sync 1 DAGs
[2024-05-21T19:38:26.850+0000] {logging_mixin.py:188} INFO - [2024-05-21T19:38:26.849+0000] {dag.py:3954} INFO - Setting next_dagrun for example_short_circuit_operator to 2024-05-20 00:00:00+00:00, run_after=2024-05-21 00:00:00+00:00
[2024-05-21T19:38:26.933+0000] {processor.py:183} INFO - Processing /home/airflow/.local/lib/python3.12/site-packages/airflow/example_dags/example_short_circuit_operator.py took 0.277 seconds
[2024-05-21T19:38:57.166+0000] {processor.py:161} INFO - Started process (PID=1211) to work on /home/airflow/.local/lib/python3.12/site-packages/airflow/example_dags/example_short_circuit_operator.py
[2024-05-21T19:38:57.168+0000] {processor.py:830} INFO - Processing file /home/airflow/.local/lib/python3.12/site-packages/airflow/example_dags/example_short_circuit_operator.py for tasks to queue
[2024-05-21T19:38:57.177+0000] {logging_mixin.py:188} INFO - [2024-05-21T19:38:57.175+0000] {dagbag.py:545} INFO - Filling up the DagBag from /home/airflow/.local/lib/python3.12/site-packages/airflow/example_dags/example_short_circuit_operator.py
[2024-05-21T19:38:57.206+0000] {processor.py:840} INFO - DAG(s) 'example_short_circuit_operator' retrieved from /home/airflow/.local/lib/python3.12/site-packages/airflow/example_dags/example_short_circuit_operator.py
[2024-05-21T19:38:57.290+0000] {logging_mixin.py:188} INFO - [2024-05-21T19:38:57.289+0000] {dag.py:3096} INFO - Sync 1 DAGs
[2024-05-21T19:38:57.357+0000] {logging_mixin.py:188} INFO - [2024-05-21T19:38:57.356+0000] {dag.py:3954} INFO - Setting next_dagrun for example_short_circuit_operator to 2024-05-20 00:00:00+00:00, run_after=2024-05-21 00:00:00+00:00
[2024-05-21T19:38:57.402+0000] {processor.py:183} INFO - Processing /home/airflow/.local/lib/python3.12/site-packages/airflow/example_dags/example_short_circuit_operator.py took 0.274 seconds
[2024-05-21T19:39:27.784+0000] {processor.py:161} INFO - Started process (PID=1271) to work on /home/airflow/.local/lib/python3.12/site-packages/airflow/example_dags/example_short_circuit_operator.py
[2024-05-21T19:39:27.787+0000] {processor.py:830} INFO - Processing file /home/airflow/.local/lib/python3.12/site-packages/airflow/example_dags/example_short_circuit_operator.py for tasks to queue
[2024-05-21T19:39:27.792+0000] {logging_mixin.py:188} INFO - [2024-05-21T19:39:27.791+0000] {dagbag.py:545} INFO - Filling up the DagBag from /home/airflow/.local/lib/python3.12/site-packages/airflow/example_dags/example_short_circuit_operator.py
[2024-05-21T19:39:27.812+0000] {processor.py:840} INFO - DAG(s) 'example_short_circuit_operator' retrieved from /home/airflow/.local/lib/python3.12/site-packages/airflow/example_dags/example_short_circuit_operator.py
[2024-05-21T19:39:27.896+0000] {logging_mixin.py:188} INFO - [2024-05-21T19:39:27.895+0000] {dag.py:3096} INFO - Sync 1 DAGs
[2024-05-21T19:39:27.955+0000] {logging_mixin.py:188} INFO - [2024-05-21T19:39:27.954+0000] {dag.py:3954} INFO - Setting next_dagrun for example_short_circuit_operator to 2024-05-20 00:00:00+00:00, run_after=2024-05-21 00:00:00+00:00
[2024-05-21T19:39:28.025+0000] {processor.py:183} INFO - Processing /home/airflow/.local/lib/python3.12/site-packages/airflow/example_dags/example_short_circuit_operator.py took 0.259 seconds
[2024-05-21T19:39:58.801+0000] {processor.py:161} INFO - Started process (PID=1331) to work on /home/airflow/.local/lib/python3.12/site-packages/airflow/example_dags/example_short_circuit_operator.py
[2024-05-21T19:39:58.804+0000] {processor.py:830} INFO - Processing file /home/airflow/.local/lib/python3.12/site-packages/airflow/example_dags/example_short_circuit_operator.py for tasks to queue
[2024-05-21T19:39:58.810+0000] {logging_mixin.py:188} INFO - [2024-05-21T19:39:58.809+0000] {dagbag.py:545} INFO - Filling up the DagBag from /home/airflow/.local/lib/python3.12/site-packages/airflow/example_dags/example_short_circuit_operator.py
[2024-05-21T19:39:58.835+0000] {processor.py:840} INFO - DAG(s) 'example_short_circuit_operator' retrieved from /home/airflow/.local/lib/python3.12/site-packages/airflow/example_dags/example_short_circuit_operator.py
[2024-05-21T19:39:58.935+0000] {logging_mixin.py:188} INFO - [2024-05-21T19:39:58.934+0000] {dag.py:3096} INFO - Sync 1 DAGs
[2024-05-21T19:39:59.055+0000] {logging_mixin.py:188} INFO - [2024-05-21T19:39:59.054+0000] {dag.py:3954} INFO - Setting next_dagrun for example_short_circuit_operator to 2024-05-20 00:00:00+00:00, run_after=2024-05-21 00:00:00+00:00
[2024-05-21T19:39:59.130+0000] {processor.py:183} INFO - Processing /home/airflow/.local/lib/python3.12/site-packages/airflow/example_dags/example_short_circuit_operator.py took 0.360 seconds
[2024-05-21T19:40:29.969+0000] {processor.py:161} INFO - Started process (PID=1391) to work on /home/airflow/.local/lib/python3.12/site-packages/airflow/example_dags/example_short_circuit_operator.py
[2024-05-21T19:40:29.973+0000] {processor.py:830} INFO - Processing file /home/airflow/.local/lib/python3.12/site-packages/airflow/example_dags/example_short_circuit_operator.py for tasks to queue
[2024-05-21T19:40:29.979+0000] {logging_mixin.py:188} INFO - [2024-05-21T19:40:29.978+0000] {dagbag.py:545} INFO - Filling up the DagBag from /home/airflow/.local/lib/python3.12/site-packages/airflow/example_dags/example_short_circuit_operator.py
[2024-05-21T19:40:29.995+0000] {processor.py:840} INFO - DAG(s) 'example_short_circuit_operator' retrieved from /home/airflow/.local/lib/python3.12/site-packages/airflow/example_dags/example_short_circuit_operator.py
[2024-05-21T19:40:30.075+0000] {logging_mixin.py:188} INFO - [2024-05-21T19:40:30.075+0000] {dag.py:3096} INFO - Sync 1 DAGs
[2024-05-21T19:40:30.138+0000] {logging_mixin.py:188} INFO - [2024-05-21T19:40:30.137+0000] {dag.py:3954} INFO - Setting next_dagrun for example_short_circuit_operator to 2024-05-20 00:00:00+00:00, run_after=2024-05-21 00:00:00+00:00
[2024-05-21T19:40:30.180+0000] {processor.py:183} INFO - Processing /home/airflow/.local/lib/python3.12/site-packages/airflow/example_dags/example_short_circuit_operator.py took 0.228 seconds
[2024-05-21T19:41:00.903+0000] {processor.py:161} INFO - Started process (PID=1451) to work on /home/airflow/.local/lib/python3.12/site-packages/airflow/example_dags/example_short_circuit_operator.py
[2024-05-21T19:41:00.906+0000] {processor.py:830} INFO - Processing file /home/airflow/.local/lib/python3.12/site-packages/airflow/example_dags/example_short_circuit_operator.py for tasks to queue
[2024-05-21T19:41:00.912+0000] {logging_mixin.py:188} INFO - [2024-05-21T19:41:00.911+0000] {dagbag.py:545} INFO - Filling up the DagBag from /home/airflow/.local/lib/python3.12/site-packages/airflow/example_dags/example_short_circuit_operator.py
[2024-05-21T19:41:00.961+0000] {processor.py:840} INFO - DAG(s) 'example_short_circuit_operator' retrieved from /home/airflow/.local/lib/python3.12/site-packages/airflow/example_dags/example_short_circuit_operator.py
[2024-05-21T19:41:01.036+0000] {logging_mixin.py:188} INFO - [2024-05-21T19:41:01.035+0000] {dag.py:3096} INFO - Sync 1 DAGs
[2024-05-21T19:41:01.104+0000] {logging_mixin.py:188} INFO - [2024-05-21T19:41:01.103+0000] {dag.py:3954} INFO - Setting next_dagrun for example_short_circuit_operator to 2024-05-20 00:00:00+00:00, run_after=2024-05-21 00:00:00+00:00
[2024-05-21T19:41:01.538+0000] {processor.py:183} INFO - Processing /home/airflow/.local/lib/python3.12/site-packages/airflow/example_dags/example_short_circuit_operator.py took 0.655 seconds
[2024-05-21T19:41:31.691+0000] {processor.py:161} INFO - Started process (PID=1510) to work on /home/airflow/.local/lib/python3.12/site-packages/airflow/example_dags/example_short_circuit_operator.py
[2024-05-21T19:41:31.694+0000] {processor.py:830} INFO - Processing file /home/airflow/.local/lib/python3.12/site-packages/airflow/example_dags/example_short_circuit_operator.py for tasks to queue
[2024-05-21T19:41:31.700+0000] {logging_mixin.py:188} INFO - [2024-05-21T19:41:31.699+0000] {dagbag.py:545} INFO - Filling up the DagBag from /home/airflow/.local/lib/python3.12/site-packages/airflow/example_dags/example_short_circuit_operator.py
[2024-05-21T19:41:31.722+0000] {processor.py:840} INFO - DAG(s) 'example_short_circuit_operator' retrieved from /home/airflow/.local/lib/python3.12/site-packages/airflow/example_dags/example_short_circuit_operator.py
[2024-05-21T19:41:31.808+0000] {logging_mixin.py:188} INFO - [2024-05-21T19:41:31.807+0000] {dag.py:3096} INFO - Sync 1 DAGs
[2024-05-21T19:41:31.877+0000] {logging_mixin.py:188} INFO - [2024-05-21T19:41:31.876+0000] {dag.py:3954} INFO - Setting next_dagrun for example_short_circuit_operator to 2024-05-20 00:00:00+00:00, run_after=2024-05-21 00:00:00+00:00
[2024-05-21T19:41:31.991+0000] {processor.py:183} INFO - Processing /home/airflow/.local/lib/python3.12/site-packages/airflow/example_dags/example_short_circuit_operator.py took 0.325 seconds
[2024-05-21T19:42:02.398+0000] {processor.py:161} INFO - Started process (PID=1570) to work on /home/airflow/.local/lib/python3.12/site-packages/airflow/example_dags/example_short_circuit_operator.py
[2024-05-21T19:42:02.401+0000] {processor.py:830} INFO - Processing file /home/airflow/.local/lib/python3.12/site-packages/airflow/example_dags/example_short_circuit_operator.py for tasks to queue
[2024-05-21T19:42:02.406+0000] {logging_mixin.py:188} INFO - [2024-05-21T19:42:02.406+0000] {dagbag.py:545} INFO - Filling up the DagBag from /home/airflow/.local/lib/python3.12/site-packages/airflow/example_dags/example_short_circuit_operator.py
[2024-05-21T19:42:02.422+0000] {processor.py:840} INFO - DAG(s) 'example_short_circuit_operator' retrieved from /home/airflow/.local/lib/python3.12/site-packages/airflow/example_dags/example_short_circuit_operator.py
[2024-05-21T19:42:02.483+0000] {logging_mixin.py:188} INFO - [2024-05-21T19:42:02.482+0000] {dag.py:3096} INFO - Sync 1 DAGs
[2024-05-21T19:42:02.535+0000] {logging_mixin.py:188} INFO - [2024-05-21T19:42:02.534+0000] {dag.py:3954} INFO - Setting next_dagrun for example_short_circuit_operator to 2024-05-20 00:00:00+00:00, run_after=2024-05-21 00:00:00+00:00
[2024-05-21T19:42:02.591+0000] {processor.py:183} INFO - Processing /home/airflow/.local/lib/python3.12/site-packages/airflow/example_dags/example_short_circuit_operator.py took 0.204 seconds
[2024-05-21T19:42:33.430+0000] {processor.py:161} INFO - Started process (PID=1630) to work on /home/airflow/.local/lib/python3.12/site-packages/airflow/example_dags/example_short_circuit_operator.py
[2024-05-21T19:42:33.433+0000] {processor.py:830} INFO - Processing file /home/airflow/.local/lib/python3.12/site-packages/airflow/example_dags/example_short_circuit_operator.py for tasks to queue
[2024-05-21T19:42:33.439+0000] {logging_mixin.py:188} INFO - [2024-05-21T19:42:33.438+0000] {dagbag.py:545} INFO - Filling up the DagBag from /home/airflow/.local/lib/python3.12/site-packages/airflow/example_dags/example_short_circuit_operator.py
[2024-05-21T19:42:33.456+0000] {processor.py:840} INFO - DAG(s) 'example_short_circuit_operator' retrieved from /home/airflow/.local/lib/python3.12/site-packages/airflow/example_dags/example_short_circuit_operator.py
[2024-05-21T19:42:33.521+0000] {logging_mixin.py:188} INFO - [2024-05-21T19:42:33.520+0000] {dag.py:3096} INFO - Sync 1 DAGs
[2024-05-21T19:42:33.583+0000] {logging_mixin.py:188} INFO - [2024-05-21T19:42:33.583+0000] {dag.py:3954} INFO - Setting next_dagrun for example_short_circuit_operator to 2024-05-20 00:00:00+00:00, run_after=2024-05-21 00:00:00+00:00
[2024-05-21T19:42:33.673+0000] {processor.py:183} INFO - Processing /home/airflow/.local/lib/python3.12/site-packages/airflow/example_dags/example_short_circuit_operator.py took 0.258 seconds
[2024-05-21T19:43:03.887+0000] {processor.py:161} INFO - Started process (PID=1690) to work on /home/airflow/.local/lib/python3.12/site-packages/airflow/example_dags/example_short_circuit_operator.py
[2024-05-21T19:43:03.889+0000] {processor.py:830} INFO - Processing file /home/airflow/.local/lib/python3.12/site-packages/airflow/example_dags/example_short_circuit_operator.py for tasks to queue
[2024-05-21T19:43:03.894+0000] {logging_mixin.py:188} INFO - [2024-05-21T19:43:03.893+0000] {dagbag.py:545} INFO - Filling up the DagBag from /home/airflow/.local/lib/python3.12/site-packages/airflow/example_dags/example_short_circuit_operator.py
[2024-05-21T19:43:03.912+0000] {processor.py:840} INFO - DAG(s) 'example_short_circuit_operator' retrieved from /home/airflow/.local/lib/python3.12/site-packages/airflow/example_dags/example_short_circuit_operator.py
[2024-05-21T19:43:03.961+0000] {logging_mixin.py:188} INFO - [2024-05-21T19:43:03.961+0000] {dag.py:3096} INFO - Sync 1 DAGs
[2024-05-21T19:43:04.011+0000] {logging_mixin.py:188} INFO - [2024-05-21T19:43:04.010+0000] {dag.py:3954} INFO - Setting next_dagrun for example_short_circuit_operator to 2024-05-20 00:00:00+00:00, run_after=2024-05-21 00:00:00+00:00
[2024-05-21T19:43:04.061+0000] {processor.py:183} INFO - Processing /home/airflow/.local/lib/python3.12/site-packages/airflow/example_dags/example_short_circuit_operator.py took 0.185 seconds
[2024-05-21T19:43:34.641+0000] {processor.py:161} INFO - Started process (PID=1750) to work on /home/airflow/.local/lib/python3.12/site-packages/airflow/example_dags/example_short_circuit_operator.py
[2024-05-21T19:43:34.643+0000] {processor.py:830} INFO - Processing file /home/airflow/.local/lib/python3.12/site-packages/airflow/example_dags/example_short_circuit_operator.py for tasks to queue
[2024-05-21T19:43:34.648+0000] {logging_mixin.py:188} INFO - [2024-05-21T19:43:34.647+0000] {dagbag.py:545} INFO - Filling up the DagBag from /home/airflow/.local/lib/python3.12/site-packages/airflow/example_dags/example_short_circuit_operator.py
[2024-05-21T19:43:34.667+0000] {processor.py:840} INFO - DAG(s) 'example_short_circuit_operator' retrieved from /home/airflow/.local/lib/python3.12/site-packages/airflow/example_dags/example_short_circuit_operator.py
[2024-05-21T19:43:34.727+0000] {logging_mixin.py:188} INFO - [2024-05-21T19:43:34.727+0000] {dag.py:3096} INFO - Sync 1 DAGs
[2024-05-21T19:43:34.799+0000] {logging_mixin.py:188} INFO - [2024-05-21T19:43:34.798+0000] {dag.py:3954} INFO - Setting next_dagrun for example_short_circuit_operator to 2024-05-20 00:00:00+00:00, run_after=2024-05-21 00:00:00+00:00
[2024-05-21T19:43:34.865+0000] {processor.py:183} INFO - Processing /home/airflow/.local/lib/python3.12/site-packages/airflow/example_dags/example_short_circuit_operator.py took 0.236 seconds
[2024-05-21T19:44:05.481+0000] {processor.py:161} INFO - Started process (PID=1810) to work on /home/airflow/.local/lib/python3.12/site-packages/airflow/example_dags/example_short_circuit_operator.py
[2024-05-21T19:44:05.484+0000] {processor.py:830} INFO - Processing file /home/airflow/.local/lib/python3.12/site-packages/airflow/example_dags/example_short_circuit_operator.py for tasks to queue
[2024-05-21T19:44:05.492+0000] {logging_mixin.py:188} INFO - [2024-05-21T19:44:05.491+0000] {dagbag.py:545} INFO - Filling up the DagBag from /home/airflow/.local/lib/python3.12/site-packages/airflow/example_dags/example_short_circuit_operator.py
[2024-05-21T19:44:05.530+0000] {processor.py:840} INFO - DAG(s) 'example_short_circuit_operator' retrieved from /home/airflow/.local/lib/python3.12/site-packages/airflow/example_dags/example_short_circuit_operator.py
[2024-05-21T19:44:05.638+0000] {logging_mixin.py:188} INFO - [2024-05-21T19:44:05.637+0000] {dag.py:3096} INFO - Sync 1 DAGs
[2024-05-21T19:44:05.714+0000] {logging_mixin.py:188} INFO - [2024-05-21T19:44:05.713+0000] {dag.py:3954} INFO - Setting next_dagrun for example_short_circuit_operator to 2024-05-20 00:00:00+00:00, run_after=2024-05-21 00:00:00+00:00
[2024-05-21T19:44:05.822+0000] {processor.py:183} INFO - Processing /home/airflow/.local/lib/python3.12/site-packages/airflow/example_dags/example_short_circuit_operator.py took 0.367 seconds
[2024-05-21T19:44:36.013+0000] {processor.py:161} INFO - Started process (PID=1870) to work on /home/airflow/.local/lib/python3.12/site-packages/airflow/example_dags/example_short_circuit_operator.py
[2024-05-21T19:44:36.015+0000] {processor.py:830} INFO - Processing file /home/airflow/.local/lib/python3.12/site-packages/airflow/example_dags/example_short_circuit_operator.py for tasks to queue
[2024-05-21T19:44:36.020+0000] {logging_mixin.py:188} INFO - [2024-05-21T19:44:36.020+0000] {dagbag.py:545} INFO - Filling up the DagBag from /home/airflow/.local/lib/python3.12/site-packages/airflow/example_dags/example_short_circuit_operator.py
[2024-05-21T19:44:36.055+0000] {processor.py:840} INFO - DAG(s) 'example_short_circuit_operator' retrieved from /home/airflow/.local/lib/python3.12/site-packages/airflow/example_dags/example_short_circuit_operator.py
[2024-05-21T19:44:36.118+0000] {logging_mixin.py:188} INFO - [2024-05-21T19:44:36.117+0000] {dag.py:3096} INFO - Sync 1 DAGs
[2024-05-21T19:44:36.180+0000] {logging_mixin.py:188} INFO - [2024-05-21T19:44:36.179+0000] {dag.py:3954} INFO - Setting next_dagrun for example_short_circuit_operator to 2024-05-20 00:00:00+00:00, run_after=2024-05-21 00:00:00+00:00
[2024-05-21T19:44:36.231+0000] {processor.py:183} INFO - Processing /home/airflow/.local/lib/python3.12/site-packages/airflow/example_dags/example_short_circuit_operator.py took 0.233 seconds
[2024-05-21T19:45:06.940+0000] {processor.py:161} INFO - Started process (PID=1930) to work on /home/airflow/.local/lib/python3.12/site-packages/airflow/example_dags/example_short_circuit_operator.py
[2024-05-21T19:45:06.945+0000] {processor.py:830} INFO - Processing file /home/airflow/.local/lib/python3.12/site-packages/airflow/example_dags/example_short_circuit_operator.py for tasks to queue
[2024-05-21T19:45:06.952+0000] {logging_mixin.py:188} INFO - [2024-05-21T19:45:06.951+0000] {dagbag.py:545} INFO - Filling up the DagBag from /home/airflow/.local/lib/python3.12/site-packages/airflow/example_dags/example_short_circuit_operator.py
[2024-05-21T19:45:06.998+0000] {processor.py:840} INFO - DAG(s) 'example_short_circuit_operator' retrieved from /home/airflow/.local/lib/python3.12/site-packages/airflow/example_dags/example_short_circuit_operator.py
[2024-05-21T19:45:07.066+0000] {logging_mixin.py:188} INFO - [2024-05-21T19:45:07.065+0000] {dag.py:3096} INFO - Sync 1 DAGs
[2024-05-21T19:45:07.146+0000] {logging_mixin.py:188} INFO - [2024-05-21T19:45:07.145+0000] {dag.py:3954} INFO - Setting next_dagrun for example_short_circuit_operator to 2024-05-20 00:00:00+00:00, run_after=2024-05-21 00:00:00+00:00
[2024-05-21T19:45:07.263+0000] {processor.py:183} INFO - Processing /home/airflow/.local/lib/python3.12/site-packages/airflow/example_dags/example_short_circuit_operator.py took 0.342 seconds
[2024-05-21T19:45:37.828+0000] {processor.py:161} INFO - Started process (PID=1990) to work on /home/airflow/.local/lib/python3.12/site-packages/airflow/example_dags/example_short_circuit_operator.py
[2024-05-21T19:45:37.830+0000] {processor.py:830} INFO - Processing file /home/airflow/.local/lib/python3.12/site-packages/airflow/example_dags/example_short_circuit_operator.py for tasks to queue
[2024-05-21T19:45:37.837+0000] {logging_mixin.py:188} INFO - [2024-05-21T19:45:37.837+0000] {dagbag.py:545} INFO - Filling up the DagBag from /home/airflow/.local/lib/python3.12/site-packages/airflow/example_dags/example_short_circuit_operator.py
[2024-05-21T19:45:37.868+0000] {processor.py:840} INFO - DAG(s) 'example_short_circuit_operator' retrieved from /home/airflow/.local/lib/python3.12/site-packages/airflow/example_dags/example_short_circuit_operator.py
[2024-05-21T19:45:37.938+0000] {logging_mixin.py:188} INFO - [2024-05-21T19:45:37.937+0000] {dag.py:3096} INFO - Sync 1 DAGs
[2024-05-21T19:45:37.990+0000] {logging_mixin.py:188} INFO - [2024-05-21T19:45:37.989+0000] {dag.py:3954} INFO - Setting next_dagrun for example_short_circuit_operator to 2024-05-20 00:00:00+00:00, run_after=2024-05-21 00:00:00+00:00
[2024-05-21T19:45:38.064+0000] {processor.py:183} INFO - Processing /home/airflow/.local/lib/python3.12/site-packages/airflow/example_dags/example_short_circuit_operator.py took 0.248 seconds
[2024-05-21T19:46:08.843+0000] {processor.py:161} INFO - Started process (PID=2050) to work on /home/airflow/.local/lib/python3.12/site-packages/airflow/example_dags/example_short_circuit_operator.py
[2024-05-21T19:46:08.845+0000] {processor.py:830} INFO - Processing file /home/airflow/.local/lib/python3.12/site-packages/airflow/example_dags/example_short_circuit_operator.py for tasks to queue
[2024-05-21T19:46:08.850+0000] {logging_mixin.py:188} INFO - [2024-05-21T19:46:08.849+0000] {dagbag.py:545} INFO - Filling up the DagBag from /home/airflow/.local/lib/python3.12/site-packages/airflow/example_dags/example_short_circuit_operator.py
[2024-05-21T19:46:08.868+0000] {processor.py:840} INFO - DAG(s) 'example_short_circuit_operator' retrieved from /home/airflow/.local/lib/python3.12/site-packages/airflow/example_dags/example_short_circuit_operator.py
[2024-05-21T19:46:08.953+0000] {logging_mixin.py:188} INFO - [2024-05-21T19:46:08.951+0000] {dag.py:3096} INFO - Sync 1 DAGs
[2024-05-21T19:46:09.064+0000] {logging_mixin.py:188} INFO - [2024-05-21T19:46:09.063+0000] {dag.py:3954} INFO - Setting next_dagrun for example_short_circuit_operator to 2024-05-20 00:00:00+00:00, run_after=2024-05-21 00:00:00+00:00
[2024-05-21T19:46:09.159+0000] {processor.py:183} INFO - Processing /home/airflow/.local/lib/python3.12/site-packages/airflow/example_dags/example_short_circuit_operator.py took 0.338 seconds
[2024-05-21T19:46:39.668+0000] {processor.py:161} INFO - Started process (PID=2111) to work on /home/airflow/.local/lib/python3.12/site-packages/airflow/example_dags/example_short_circuit_operator.py
[2024-05-21T19:46:39.671+0000] {processor.py:830} INFO - Processing file /home/airflow/.local/lib/python3.12/site-packages/airflow/example_dags/example_short_circuit_operator.py for tasks to queue
[2024-05-21T19:46:39.676+0000] {logging_mixin.py:188} INFO - [2024-05-21T19:46:39.676+0000] {dagbag.py:545} INFO - Filling up the DagBag from /home/airflow/.local/lib/python3.12/site-packages/airflow/example_dags/example_short_circuit_operator.py
[2024-05-21T19:46:39.702+0000] {processor.py:840} INFO - DAG(s) 'example_short_circuit_operator' retrieved from /home/airflow/.local/lib/python3.12/site-packages/airflow/example_dags/example_short_circuit_operator.py
[2024-05-21T19:46:39.789+0000] {logging_mixin.py:188} INFO - [2024-05-21T19:46:39.788+0000] {dag.py:3096} INFO - Sync 1 DAGs
[2024-05-21T19:46:39.875+0000] {logging_mixin.py:188} INFO - [2024-05-21T19:46:39.874+0000] {dag.py:3954} INFO - Setting next_dagrun for example_short_circuit_operator to 2024-05-20 00:00:00+00:00, run_after=2024-05-21 00:00:00+00:00
[2024-05-21T19:46:39.935+0000] {processor.py:183} INFO - Processing /home/airflow/.local/lib/python3.12/site-packages/airflow/example_dags/example_short_circuit_operator.py took 0.287 seconds
[2024-05-21T19:47:10.163+0000] {processor.py:161} INFO - Started process (PID=2168) to work on /home/airflow/.local/lib/python3.12/site-packages/airflow/example_dags/example_short_circuit_operator.py
[2024-05-21T19:47:10.166+0000] {processor.py:830} INFO - Processing file /home/airflow/.local/lib/python3.12/site-packages/airflow/example_dags/example_short_circuit_operator.py for tasks to queue
[2024-05-21T19:47:10.173+0000] {logging_mixin.py:188} INFO - [2024-05-21T19:47:10.172+0000] {dagbag.py:545} INFO - Filling up the DagBag from /home/airflow/.local/lib/python3.12/site-packages/airflow/example_dags/example_short_circuit_operator.py
[2024-05-21T19:47:10.195+0000] {processor.py:840} INFO - DAG(s) 'example_short_circuit_operator' retrieved from /home/airflow/.local/lib/python3.12/site-packages/airflow/example_dags/example_short_circuit_operator.py
[2024-05-21T19:47:10.267+0000] {logging_mixin.py:188} INFO - [2024-05-21T19:47:10.266+0000] {dag.py:3096} INFO - Sync 1 DAGs
[2024-05-21T19:47:10.327+0000] {logging_mixin.py:188} INFO - [2024-05-21T19:47:10.327+0000] {dag.py:3954} INFO - Setting next_dagrun for example_short_circuit_operator to 2024-05-20 00:00:00+00:00, run_after=2024-05-21 00:00:00+00:00
[2024-05-21T19:47:10.388+0000] {processor.py:183} INFO - Processing /home/airflow/.local/lib/python3.12/site-packages/airflow/example_dags/example_short_circuit_operator.py took 0.243 seconds
[2024-05-21T19:47:40.591+0000] {processor.py:161} INFO - Started process (PID=2228) to work on /home/airflow/.local/lib/python3.12/site-packages/airflow/example_dags/example_short_circuit_operator.py
[2024-05-21T19:47:40.594+0000] {processor.py:830} INFO - Processing file /home/airflow/.local/lib/python3.12/site-packages/airflow/example_dags/example_short_circuit_operator.py for tasks to queue
[2024-05-21T19:47:40.599+0000] {logging_mixin.py:188} INFO - [2024-05-21T19:47:40.598+0000] {dagbag.py:545} INFO - Filling up the DagBag from /home/airflow/.local/lib/python3.12/site-packages/airflow/example_dags/example_short_circuit_operator.py
[2024-05-21T19:47:40.616+0000] {processor.py:840} INFO - DAG(s) 'example_short_circuit_operator' retrieved from /home/airflow/.local/lib/python3.12/site-packages/airflow/example_dags/example_short_circuit_operator.py
[2024-05-21T19:47:40.711+0000] {logging_mixin.py:188} INFO - [2024-05-21T19:47:40.711+0000] {dag.py:3096} INFO - Sync 1 DAGs
[2024-05-21T19:47:40.771+0000] {logging_mixin.py:188} INFO - [2024-05-21T19:47:40.771+0000] {dag.py:3954} INFO - Setting next_dagrun for example_short_circuit_operator to 2024-05-20 00:00:00+00:00, run_after=2024-05-21 00:00:00+00:00
[2024-05-21T19:47:40.824+0000] {processor.py:183} INFO - Processing /home/airflow/.local/lib/python3.12/site-packages/airflow/example_dags/example_short_circuit_operator.py took 0.247 seconds
[2024-05-21T19:48:11.309+0000] {processor.py:161} INFO - Started process (PID=2287) to work on /home/airflow/.local/lib/python3.12/site-packages/airflow/example_dags/example_short_circuit_operator.py
[2024-05-21T19:48:11.312+0000] {processor.py:830} INFO - Processing file /home/airflow/.local/lib/python3.12/site-packages/airflow/example_dags/example_short_circuit_operator.py for tasks to queue
[2024-05-21T19:48:11.320+0000] {logging_mixin.py:188} INFO - [2024-05-21T19:48:11.319+0000] {dagbag.py:545} INFO - Filling up the DagBag from /home/airflow/.local/lib/python3.12/site-packages/airflow/example_dags/example_short_circuit_operator.py
[2024-05-21T19:48:11.336+0000] {processor.py:840} INFO - DAG(s) 'example_short_circuit_operator' retrieved from /home/airflow/.local/lib/python3.12/site-packages/airflow/example_dags/example_short_circuit_operator.py
[2024-05-21T19:48:11.437+0000] {logging_mixin.py:188} INFO - [2024-05-21T19:48:11.437+0000] {dag.py:3096} INFO - Sync 1 DAGs
[2024-05-21T19:48:11.575+0000] {logging_mixin.py:188} INFO - [2024-05-21T19:48:11.573+0000] {dag.py:3954} INFO - Setting next_dagrun for example_short_circuit_operator to 2024-05-20 00:00:00+00:00, run_after=2024-05-21 00:00:00+00:00
[2024-05-21T19:48:11.688+0000] {processor.py:183} INFO - Processing /home/airflow/.local/lib/python3.12/site-packages/airflow/example_dags/example_short_circuit_operator.py took 0.396 seconds
[2024-05-21T19:48:42.355+0000] {processor.py:161} INFO - Started process (PID=2347) to work on /home/airflow/.local/lib/python3.12/site-packages/airflow/example_dags/example_short_circuit_operator.py
[2024-05-21T19:48:42.360+0000] {processor.py:830} INFO - Processing file /home/airflow/.local/lib/python3.12/site-packages/airflow/example_dags/example_short_circuit_operator.py for tasks to queue
[2024-05-21T19:48:42.374+0000] {logging_mixin.py:188} INFO - [2024-05-21T19:48:42.373+0000] {dagbag.py:545} INFO - Filling up the DagBag from /home/airflow/.local/lib/python3.12/site-packages/airflow/example_dags/example_short_circuit_operator.py
[2024-05-21T19:48:42.391+0000] {processor.py:840} INFO - DAG(s) 'example_short_circuit_operator' retrieved from /home/airflow/.local/lib/python3.12/site-packages/airflow/example_dags/example_short_circuit_operator.py
[2024-05-21T19:48:42.460+0000] {logging_mixin.py:188} INFO - [2024-05-21T19:48:42.460+0000] {dag.py:3096} INFO - Sync 1 DAGs
[2024-05-21T19:48:42.537+0000] {logging_mixin.py:188} INFO - [2024-05-21T19:48:42.536+0000] {dag.py:3954} INFO - Setting next_dagrun for example_short_circuit_operator to 2024-05-20 00:00:00+00:00, run_after=2024-05-21 00:00:00+00:00
[2024-05-21T19:48:42.605+0000] {processor.py:183} INFO - Processing /home/airflow/.local/lib/python3.12/site-packages/airflow/example_dags/example_short_circuit_operator.py took 0.279 seconds
[2024-05-21T19:49:12.786+0000] {processor.py:161} INFO - Started process (PID=2407) to work on /home/airflow/.local/lib/python3.12/site-packages/airflow/example_dags/example_short_circuit_operator.py
[2024-05-21T19:49:12.790+0000] {processor.py:830} INFO - Processing file /home/airflow/.local/lib/python3.12/site-packages/airflow/example_dags/example_short_circuit_operator.py for tasks to queue
[2024-05-21T19:49:12.797+0000] {logging_mixin.py:188} INFO - [2024-05-21T19:49:12.796+0000] {dagbag.py:545} INFO - Filling up the DagBag from /home/airflow/.local/lib/python3.12/site-packages/airflow/example_dags/example_short_circuit_operator.py
[2024-05-21T19:49:12.814+0000] {processor.py:840} INFO - DAG(s) 'example_short_circuit_operator' retrieved from /home/airflow/.local/lib/python3.12/site-packages/airflow/example_dags/example_short_circuit_operator.py
[2024-05-21T19:49:12.904+0000] {logging_mixin.py:188} INFO - [2024-05-21T19:49:12.903+0000] {dag.py:3096} INFO - Sync 1 DAGs
[2024-05-21T19:49:12.970+0000] {logging_mixin.py:188} INFO - [2024-05-21T19:49:12.969+0000] {dag.py:3954} INFO - Setting next_dagrun for example_short_circuit_operator to 2024-05-20 00:00:00+00:00, run_after=2024-05-21 00:00:00+00:00
[2024-05-21T19:49:13.024+0000] {processor.py:183} INFO - Processing /home/airflow/.local/lib/python3.12/site-packages/airflow/example_dags/example_short_circuit_operator.py took 0.260 seconds
[2024-05-21T19:49:43.331+0000] {processor.py:161} INFO - Started process (PID=2466) to work on /home/airflow/.local/lib/python3.12/site-packages/airflow/example_dags/example_short_circuit_operator.py
[2024-05-21T19:49:43.334+0000] {processor.py:830} INFO - Processing file /home/airflow/.local/lib/python3.12/site-packages/airflow/example_dags/example_short_circuit_operator.py for tasks to queue
[2024-05-21T19:49:43.341+0000] {logging_mixin.py:188} INFO - [2024-05-21T19:49:43.340+0000] {dagbag.py:545} INFO - Filling up the DagBag from /home/airflow/.local/lib/python3.12/site-packages/airflow/example_dags/example_short_circuit_operator.py
[2024-05-21T19:49:43.374+0000] {processor.py:840} INFO - DAG(s) 'example_short_circuit_operator' retrieved from /home/airflow/.local/lib/python3.12/site-packages/airflow/example_dags/example_short_circuit_operator.py
[2024-05-21T19:49:43.449+0000] {logging_mixin.py:188} INFO - [2024-05-21T19:49:43.448+0000] {dag.py:3096} INFO - Sync 1 DAGs
[2024-05-21T19:49:43.521+0000] {logging_mixin.py:188} INFO - [2024-05-21T19:49:43.520+0000] {dag.py:3954} INFO - Setting next_dagrun for example_short_circuit_operator to 2024-05-20 00:00:00+00:00, run_after=2024-05-21 00:00:00+00:00
[2024-05-21T19:49:43.573+0000] {processor.py:183} INFO - Processing /home/airflow/.local/lib/python3.12/site-packages/airflow/example_dags/example_short_circuit_operator.py took 0.260 seconds
[2024-05-21T19:50:13.676+0000] {processor.py:161} INFO - Started process (PID=2525) to work on /home/airflow/.local/lib/python3.12/site-packages/airflow/example_dags/example_short_circuit_operator.py
[2024-05-21T19:50:13.679+0000] {processor.py:830} INFO - Processing file /home/airflow/.local/lib/python3.12/site-packages/airflow/example_dags/example_short_circuit_operator.py for tasks to queue
[2024-05-21T19:50:13.685+0000] {logging_mixin.py:188} INFO - [2024-05-21T19:50:13.684+0000] {dagbag.py:545} INFO - Filling up the DagBag from /home/airflow/.local/lib/python3.12/site-packages/airflow/example_dags/example_short_circuit_operator.py
[2024-05-21T19:50:13.715+0000] {processor.py:840} INFO - DAG(s) 'example_short_circuit_operator' retrieved from /home/airflow/.local/lib/python3.12/site-packages/airflow/example_dags/example_short_circuit_operator.py
[2024-05-21T19:50:13.805+0000] {logging_mixin.py:188} INFO - [2024-05-21T19:50:13.803+0000] {dag.py:3096} INFO - Sync 1 DAGs
[2024-05-21T19:50:13.888+0000] {logging_mixin.py:188} INFO - [2024-05-21T19:50:13.887+0000] {dag.py:3954} INFO - Setting next_dagrun for example_short_circuit_operator to 2024-05-20 00:00:00+00:00, run_after=2024-05-21 00:00:00+00:00
[2024-05-21T19:50:13.970+0000] {processor.py:183} INFO - Processing /home/airflow/.local/lib/python3.12/site-packages/airflow/example_dags/example_short_circuit_operator.py took 0.316 seconds
[2024-05-21T19:50:44.546+0000] {processor.py:161} INFO - Started process (PID=2585) to work on /home/airflow/.local/lib/python3.12/site-packages/airflow/example_dags/example_short_circuit_operator.py
[2024-05-21T19:50:44.548+0000] {processor.py:830} INFO - Processing file /home/airflow/.local/lib/python3.12/site-packages/airflow/example_dags/example_short_circuit_operator.py for tasks to queue
[2024-05-21T19:50:44.558+0000] {logging_mixin.py:188} INFO - [2024-05-21T19:50:44.556+0000] {dagbag.py:545} INFO - Filling up the DagBag from /home/airflow/.local/lib/python3.12/site-packages/airflow/example_dags/example_short_circuit_operator.py
[2024-05-21T19:50:44.582+0000] {processor.py:840} INFO - DAG(s) 'example_short_circuit_operator' retrieved from /home/airflow/.local/lib/python3.12/site-packages/airflow/example_dags/example_short_circuit_operator.py
[2024-05-21T19:50:44.681+0000] {logging_mixin.py:188} INFO - [2024-05-21T19:50:44.681+0000] {dag.py:3096} INFO - Sync 1 DAGs
[2024-05-21T19:50:44.763+0000] {logging_mixin.py:188} INFO - [2024-05-21T19:50:44.762+0000] {dag.py:3954} INFO - Setting next_dagrun for example_short_circuit_operator to 2024-05-20 00:00:00+00:00, run_after=2024-05-21 00:00:00+00:00
[2024-05-21T19:50:44.858+0000] {processor.py:183} INFO - Processing /home/airflow/.local/lib/python3.12/site-packages/airflow/example_dags/example_short_circuit_operator.py took 0.331 seconds
[2024-05-21T19:51:15.428+0000] {processor.py:161} INFO - Started process (PID=2645) to work on /home/airflow/.local/lib/python3.12/site-packages/airflow/example_dags/example_short_circuit_operator.py
[2024-05-21T19:51:15.430+0000] {processor.py:830} INFO - Processing file /home/airflow/.local/lib/python3.12/site-packages/airflow/example_dags/example_short_circuit_operator.py for tasks to queue
[2024-05-21T19:51:15.436+0000] {logging_mixin.py:188} INFO - [2024-05-21T19:51:15.436+0000] {dagbag.py:545} INFO - Filling up the DagBag from /home/airflow/.local/lib/python3.12/site-packages/airflow/example_dags/example_short_circuit_operator.py
[2024-05-21T19:51:15.464+0000] {processor.py:840} INFO - DAG(s) 'example_short_circuit_operator' retrieved from /home/airflow/.local/lib/python3.12/site-packages/airflow/example_dags/example_short_circuit_operator.py
[2024-05-21T19:51:15.549+0000] {logging_mixin.py:188} INFO - [2024-05-21T19:51:15.548+0000] {dag.py:3096} INFO - Sync 1 DAGs
[2024-05-21T19:51:15.622+0000] {logging_mixin.py:188} INFO - [2024-05-21T19:51:15.621+0000] {dag.py:3954} INFO - Setting next_dagrun for example_short_circuit_operator to 2024-05-20 00:00:00+00:00, run_after=2024-05-21 00:00:00+00:00
[2024-05-21T19:51:15.721+0000] {processor.py:183} INFO - Processing /home/airflow/.local/lib/python3.12/site-packages/airflow/example_dags/example_short_circuit_operator.py took 0.308 seconds
[2024-05-21T19:54:50.579+0000] {processor.py:161} INFO - Started process (PID=69) to work on /home/airflow/.local/lib/python3.12/site-packages/airflow/example_dags/example_short_circuit_operator.py
[2024-05-21T19:54:50.581+0000] {processor.py:830} INFO - Processing file /home/airflow/.local/lib/python3.12/site-packages/airflow/example_dags/example_short_circuit_operator.py for tasks to queue
[2024-05-21T19:54:50.585+0000] {logging_mixin.py:188} INFO - [2024-05-21T19:54:50.585+0000] {dagbag.py:545} INFO - Filling up the DagBag from /home/airflow/.local/lib/python3.12/site-packages/airflow/example_dags/example_short_circuit_operator.py
[2024-05-21T19:54:50.600+0000] {processor.py:840} INFO - DAG(s) 'example_short_circuit_operator' retrieved from /home/airflow/.local/lib/python3.12/site-packages/airflow/example_dags/example_short_circuit_operator.py
[2024-05-21T19:54:50.848+0000] {logging_mixin.py:188} INFO - [2024-05-21T19:54:50.847+0000] {dag.py:3096} INFO - Sync 1 DAGs
[2024-05-21T19:54:50.895+0000] {logging_mixin.py:188} INFO - [2024-05-21T19:54:50.895+0000] {dag.py:3954} INFO - Setting next_dagrun for example_short_circuit_operator to 2024-05-20 00:00:00+00:00, run_after=2024-05-21 00:00:00+00:00
[2024-05-21T19:54:50.936+0000] {processor.py:183} INFO - Processing /home/airflow/.local/lib/python3.12/site-packages/airflow/example_dags/example_short_circuit_operator.py took 0.370 seconds
[2024-05-21T19:55:22.283+0000] {processor.py:161} INFO - Started process (PID=129) to work on /home/airflow/.local/lib/python3.12/site-packages/airflow/example_dags/example_short_circuit_operator.py
[2024-05-21T19:55:22.296+0000] {processor.py:830} INFO - Processing file /home/airflow/.local/lib/python3.12/site-packages/airflow/example_dags/example_short_circuit_operator.py for tasks to queue
[2024-05-21T19:55:22.302+0000] {logging_mixin.py:188} INFO - [2024-05-21T19:55:22.301+0000] {dagbag.py:545} INFO - Filling up the DagBag from /home/airflow/.local/lib/python3.12/site-packages/airflow/example_dags/example_short_circuit_operator.py
[2024-05-21T19:55:22.334+0000] {processor.py:840} INFO - DAG(s) 'example_short_circuit_operator' retrieved from /home/airflow/.local/lib/python3.12/site-packages/airflow/example_dags/example_short_circuit_operator.py
[2024-05-21T19:55:22.452+0000] {logging_mixin.py:188} INFO - [2024-05-21T19:55:22.450+0000] {dag.py:3096} INFO - Sync 1 DAGs
[2024-05-21T19:55:22.594+0000] {logging_mixin.py:188} INFO - [2024-05-21T19:55:22.593+0000] {dag.py:3954} INFO - Setting next_dagrun for example_short_circuit_operator to 2024-05-20 00:00:00+00:00, run_after=2024-05-21 00:00:00+00:00
[2024-05-21T19:55:22.695+0000] {processor.py:183} INFO - Processing /home/airflow/.local/lib/python3.12/site-packages/airflow/example_dags/example_short_circuit_operator.py took 0.440 seconds
[2024-05-21T19:55:53.263+0000] {processor.py:161} INFO - Started process (PID=188) to work on /home/airflow/.local/lib/python3.12/site-packages/airflow/example_dags/example_short_circuit_operator.py
[2024-05-21T19:55:53.266+0000] {processor.py:830} INFO - Processing file /home/airflow/.local/lib/python3.12/site-packages/airflow/example_dags/example_short_circuit_operator.py for tasks to queue
[2024-05-21T19:55:53.271+0000] {logging_mixin.py:188} INFO - [2024-05-21T19:55:53.270+0000] {dagbag.py:545} INFO - Filling up the DagBag from /home/airflow/.local/lib/python3.12/site-packages/airflow/example_dags/example_short_circuit_operator.py
[2024-05-21T19:55:53.292+0000] {processor.py:840} INFO - DAG(s) 'example_short_circuit_operator' retrieved from /home/airflow/.local/lib/python3.12/site-packages/airflow/example_dags/example_short_circuit_operator.py
[2024-05-21T19:55:53.378+0000] {logging_mixin.py:188} INFO - [2024-05-21T19:55:53.377+0000] {dag.py:3096} INFO - Sync 1 DAGs
[2024-05-21T19:55:53.461+0000] {logging_mixin.py:188} INFO - [2024-05-21T19:55:53.459+0000] {dag.py:3954} INFO - Setting next_dagrun for example_short_circuit_operator to 2024-05-20 00:00:00+00:00, run_after=2024-05-21 00:00:00+00:00
[2024-05-21T19:55:53.552+0000] {processor.py:183} INFO - Processing /home/airflow/.local/lib/python3.12/site-packages/airflow/example_dags/example_short_circuit_operator.py took 0.302 seconds
[2024-05-21T19:56:23.870+0000] {processor.py:161} INFO - Started process (PID=248) to work on /home/airflow/.local/lib/python3.12/site-packages/airflow/example_dags/example_short_circuit_operator.py
[2024-05-21T19:56:23.874+0000] {processor.py:830} INFO - Processing file /home/airflow/.local/lib/python3.12/site-packages/airflow/example_dags/example_short_circuit_operator.py for tasks to queue
[2024-05-21T19:56:23.880+0000] {logging_mixin.py:188} INFO - [2024-05-21T19:56:23.879+0000] {dagbag.py:545} INFO - Filling up the DagBag from /home/airflow/.local/lib/python3.12/site-packages/airflow/example_dags/example_short_circuit_operator.py
[2024-05-21T19:56:23.960+0000] {processor.py:840} INFO - DAG(s) 'example_short_circuit_operator' retrieved from /home/airflow/.local/lib/python3.12/site-packages/airflow/example_dags/example_short_circuit_operator.py
[2024-05-21T19:56:24.211+0000] {logging_mixin.py:188} INFO - [2024-05-21T19:56:24.210+0000] {dag.py:3096} INFO - Sync 1 DAGs
[2024-05-21T19:56:24.353+0000] {logging_mixin.py:188} INFO - [2024-05-21T19:56:24.352+0000] {dag.py:3954} INFO - Setting next_dagrun for example_short_circuit_operator to 2024-05-20 00:00:00+00:00, run_after=2024-05-21 00:00:00+00:00
[2024-05-21T19:56:24.426+0000] {processor.py:183} INFO - Processing /home/airflow/.local/lib/python3.12/site-packages/airflow/example_dags/example_short_circuit_operator.py took 0.575 seconds
[2024-05-21T19:56:55.189+0000] {processor.py:161} INFO - Started process (PID=308) to work on /home/airflow/.local/lib/python3.12/site-packages/airflow/example_dags/example_short_circuit_operator.py
[2024-05-21T19:56:55.192+0000] {processor.py:830} INFO - Processing file /home/airflow/.local/lib/python3.12/site-packages/airflow/example_dags/example_short_circuit_operator.py for tasks to queue
[2024-05-21T19:56:55.199+0000] {logging_mixin.py:188} INFO - [2024-05-21T19:56:55.197+0000] {dagbag.py:545} INFO - Filling up the DagBag from /home/airflow/.local/lib/python3.12/site-packages/airflow/example_dags/example_short_circuit_operator.py
[2024-05-21T19:56:55.220+0000] {processor.py:840} INFO - DAG(s) 'example_short_circuit_operator' retrieved from /home/airflow/.local/lib/python3.12/site-packages/airflow/example_dags/example_short_circuit_operator.py
[2024-05-21T19:56:55.306+0000] {logging_mixin.py:188} INFO - [2024-05-21T19:56:55.305+0000] {dag.py:3096} INFO - Sync 1 DAGs
[2024-05-21T19:56:55.364+0000] {logging_mixin.py:188} INFO - [2024-05-21T19:56:55.363+0000] {dag.py:3954} INFO - Setting next_dagrun for example_short_circuit_operator to 2024-05-20 00:00:00+00:00, run_after=2024-05-21 00:00:00+00:00
[2024-05-21T19:56:55.427+0000] {processor.py:183} INFO - Processing /home/airflow/.local/lib/python3.12/site-packages/airflow/example_dags/example_short_circuit_operator.py took 0.258 seconds
[2024-05-21T19:57:26.238+0000] {processor.py:161} INFO - Started process (PID=368) to work on /home/airflow/.local/lib/python3.12/site-packages/airflow/example_dags/example_short_circuit_operator.py
[2024-05-21T19:57:26.240+0000] {processor.py:830} INFO - Processing file /home/airflow/.local/lib/python3.12/site-packages/airflow/example_dags/example_short_circuit_operator.py for tasks to queue
[2024-05-21T19:57:26.247+0000] {logging_mixin.py:188} INFO - [2024-05-21T19:57:26.246+0000] {dagbag.py:545} INFO - Filling up the DagBag from /home/airflow/.local/lib/python3.12/site-packages/airflow/example_dags/example_short_circuit_operator.py
[2024-05-21T19:57:26.267+0000] {processor.py:840} INFO - DAG(s) 'example_short_circuit_operator' retrieved from /home/airflow/.local/lib/python3.12/site-packages/airflow/example_dags/example_short_circuit_operator.py
[2024-05-21T19:57:26.325+0000] {logging_mixin.py:188} INFO - [2024-05-21T19:57:26.323+0000] {dag.py:3096} INFO - Sync 1 DAGs
[2024-05-21T19:57:26.398+0000] {logging_mixin.py:188} INFO - [2024-05-21T19:57:26.397+0000] {dag.py:3954} INFO - Setting next_dagrun for example_short_circuit_operator to 2024-05-20 00:00:00+00:00, run_after=2024-05-21 00:00:00+00:00
[2024-05-21T19:57:26.493+0000] {processor.py:183} INFO - Processing /home/airflow/.local/lib/python3.12/site-packages/airflow/example_dags/example_short_circuit_operator.py took 0.267 seconds
[2024-05-21T19:57:56.735+0000] {processor.py:161} INFO - Started process (PID=428) to work on /home/airflow/.local/lib/python3.12/site-packages/airflow/example_dags/example_short_circuit_operator.py
[2024-05-21T19:57:56.738+0000] {processor.py:830} INFO - Processing file /home/airflow/.local/lib/python3.12/site-packages/airflow/example_dags/example_short_circuit_operator.py for tasks to queue
[2024-05-21T19:57:56.745+0000] {logging_mixin.py:188} INFO - [2024-05-21T19:57:56.743+0000] {dagbag.py:545} INFO - Filling up the DagBag from /home/airflow/.local/lib/python3.12/site-packages/airflow/example_dags/example_short_circuit_operator.py
[2024-05-21T19:57:56.771+0000] {processor.py:840} INFO - DAG(s) 'example_short_circuit_operator' retrieved from /home/airflow/.local/lib/python3.12/site-packages/airflow/example_dags/example_short_circuit_operator.py
[2024-05-21T19:57:56.839+0000] {logging_mixin.py:188} INFO - [2024-05-21T19:57:56.838+0000] {dag.py:3096} INFO - Sync 1 DAGs
[2024-05-21T19:57:56.901+0000] {logging_mixin.py:188} INFO - [2024-05-21T19:57:56.900+0000] {dag.py:3954} INFO - Setting next_dagrun for example_short_circuit_operator to 2024-05-20 00:00:00+00:00, run_after=2024-05-21 00:00:00+00:00
[2024-05-21T19:57:56.972+0000] {processor.py:183} INFO - Processing /home/airflow/.local/lib/python3.12/site-packages/airflow/example_dags/example_short_circuit_operator.py took 0.257 seconds
[2024-05-21T19:58:27.332+0000] {processor.py:161} INFO - Started process (PID=488) to work on /home/airflow/.local/lib/python3.12/site-packages/airflow/example_dags/example_short_circuit_operator.py
[2024-05-21T19:58:27.335+0000] {processor.py:830} INFO - Processing file /home/airflow/.local/lib/python3.12/site-packages/airflow/example_dags/example_short_circuit_operator.py for tasks to queue
[2024-05-21T19:58:27.340+0000] {logging_mixin.py:188} INFO - [2024-05-21T19:58:27.339+0000] {dagbag.py:545} INFO - Filling up the DagBag from /home/airflow/.local/lib/python3.12/site-packages/airflow/example_dags/example_short_circuit_operator.py
[2024-05-21T19:58:27.360+0000] {processor.py:840} INFO - DAG(s) 'example_short_circuit_operator' retrieved from /home/airflow/.local/lib/python3.12/site-packages/airflow/example_dags/example_short_circuit_operator.py
[2024-05-21T19:58:27.432+0000] {logging_mixin.py:188} INFO - [2024-05-21T19:58:27.432+0000] {dag.py:3096} INFO - Sync 1 DAGs
[2024-05-21T19:58:27.547+0000] {logging_mixin.py:188} INFO - [2024-05-21T19:58:27.547+0000] {dag.py:3954} INFO - Setting next_dagrun for example_short_circuit_operator to 2024-05-20 00:00:00+00:00, run_after=2024-05-21 00:00:00+00:00
[2024-05-21T19:58:27.608+0000] {processor.py:183} INFO - Processing /home/airflow/.local/lib/python3.12/site-packages/airflow/example_dags/example_short_circuit_operator.py took 0.289 seconds
[2024-05-21T19:58:58.116+0000] {processor.py:161} INFO - Started process (PID=548) to work on /home/airflow/.local/lib/python3.12/site-packages/airflow/example_dags/example_short_circuit_operator.py
[2024-05-21T19:58:58.119+0000] {processor.py:830} INFO - Processing file /home/airflow/.local/lib/python3.12/site-packages/airflow/example_dags/example_short_circuit_operator.py for tasks to queue
[2024-05-21T19:58:58.124+0000] {logging_mixin.py:188} INFO - [2024-05-21T19:58:58.123+0000] {dagbag.py:545} INFO - Filling up the DagBag from /home/airflow/.local/lib/python3.12/site-packages/airflow/example_dags/example_short_circuit_operator.py
[2024-05-21T19:58:58.143+0000] {processor.py:840} INFO - DAG(s) 'example_short_circuit_operator' retrieved from /home/airflow/.local/lib/python3.12/site-packages/airflow/example_dags/example_short_circuit_operator.py
[2024-05-21T19:58:58.227+0000] {logging_mixin.py:188} INFO - [2024-05-21T19:58:58.226+0000] {dag.py:3096} INFO - Sync 1 DAGs
[2024-05-21T19:58:58.318+0000] {logging_mixin.py:188} INFO - [2024-05-21T19:58:58.317+0000] {dag.py:3954} INFO - Setting next_dagrun for example_short_circuit_operator to 2024-05-20 00:00:00+00:00, run_after=2024-05-21 00:00:00+00:00
[2024-05-21T19:58:58.389+0000] {processor.py:183} INFO - Processing /home/airflow/.local/lib/python3.12/site-packages/airflow/example_dags/example_short_circuit_operator.py took 0.286 seconds
[2024-05-21T19:59:29.562+0000] {processor.py:161} INFO - Started process (PID=608) to work on /home/airflow/.local/lib/python3.12/site-packages/airflow/example_dags/example_short_circuit_operator.py
[2024-05-21T19:59:29.565+0000] {processor.py:830} INFO - Processing file /home/airflow/.local/lib/python3.12/site-packages/airflow/example_dags/example_short_circuit_operator.py for tasks to queue
[2024-05-21T19:59:29.571+0000] {logging_mixin.py:188} INFO - [2024-05-21T19:59:29.570+0000] {dagbag.py:545} INFO - Filling up the DagBag from /home/airflow/.local/lib/python3.12/site-packages/airflow/example_dags/example_short_circuit_operator.py
[2024-05-21T19:59:29.589+0000] {processor.py:840} INFO - DAG(s) 'example_short_circuit_operator' retrieved from /home/airflow/.local/lib/python3.12/site-packages/airflow/example_dags/example_short_circuit_operator.py
[2024-05-21T19:59:29.653+0000] {logging_mixin.py:188} INFO - [2024-05-21T19:59:29.653+0000] {dag.py:3096} INFO - Sync 1 DAGs
[2024-05-21T19:59:29.706+0000] {logging_mixin.py:188} INFO - [2024-05-21T19:59:29.706+0000] {dag.py:3954} INFO - Setting next_dagrun for example_short_circuit_operator to 2024-05-20 00:00:00+00:00, run_after=2024-05-21 00:00:00+00:00
[2024-05-21T19:59:29.776+0000] {processor.py:183} INFO - Processing /home/airflow/.local/lib/python3.12/site-packages/airflow/example_dags/example_short_circuit_operator.py took 0.224 seconds
[2024-05-21T20:00:01.398+0000] {processor.py:161} INFO - Started process (PID=668) to work on /home/airflow/.local/lib/python3.12/site-packages/airflow/example_dags/example_short_circuit_operator.py
[2024-05-21T20:00:01.403+0000] {processor.py:830} INFO - Processing file /home/airflow/.local/lib/python3.12/site-packages/airflow/example_dags/example_short_circuit_operator.py for tasks to queue
[2024-05-21T20:00:01.410+0000] {logging_mixin.py:188} INFO - [2024-05-21T20:00:01.409+0000] {dagbag.py:545} INFO - Filling up the DagBag from /home/airflow/.local/lib/python3.12/site-packages/airflow/example_dags/example_short_circuit_operator.py
[2024-05-21T20:00:01.428+0000] {processor.py:840} INFO - DAG(s) 'example_short_circuit_operator' retrieved from /home/airflow/.local/lib/python3.12/site-packages/airflow/example_dags/example_short_circuit_operator.py
[2024-05-21T20:00:01.501+0000] {logging_mixin.py:188} INFO - [2024-05-21T20:00:01.501+0000] {dag.py:3096} INFO - Sync 1 DAGs
[2024-05-21T20:00:01.578+0000] {logging_mixin.py:188} INFO - [2024-05-21T20:00:01.577+0000] {dag.py:3954} INFO - Setting next_dagrun for example_short_circuit_operator to 2024-05-20 00:00:00+00:00, run_after=2024-05-21 00:00:00+00:00
[2024-05-21T20:00:01.632+0000] {processor.py:183} INFO - Processing /home/airflow/.local/lib/python3.12/site-packages/airflow/example_dags/example_short_circuit_operator.py took 0.257 seconds
[2024-05-21T20:00:33.014+0000] {processor.py:161} INFO - Started process (PID=728) to work on /home/airflow/.local/lib/python3.12/site-packages/airflow/example_dags/example_short_circuit_operator.py
[2024-05-21T20:00:33.016+0000] {processor.py:830} INFO - Processing file /home/airflow/.local/lib/python3.12/site-packages/airflow/example_dags/example_short_circuit_operator.py for tasks to queue
[2024-05-21T20:00:33.021+0000] {logging_mixin.py:188} INFO - [2024-05-21T20:00:33.020+0000] {dagbag.py:545} INFO - Filling up the DagBag from /home/airflow/.local/lib/python3.12/site-packages/airflow/example_dags/example_short_circuit_operator.py
[2024-05-21T20:00:33.039+0000] {processor.py:840} INFO - DAG(s) 'example_short_circuit_operator' retrieved from /home/airflow/.local/lib/python3.12/site-packages/airflow/example_dags/example_short_circuit_operator.py
[2024-05-21T20:00:33.102+0000] {logging_mixin.py:188} INFO - [2024-05-21T20:00:33.102+0000] {dag.py:3096} INFO - Sync 1 DAGs
[2024-05-21T20:00:33.163+0000] {logging_mixin.py:188} INFO - [2024-05-21T20:00:33.162+0000] {dag.py:3954} INFO - Setting next_dagrun for example_short_circuit_operator to 2024-05-20 00:00:00+00:00, run_after=2024-05-21 00:00:00+00:00
[2024-05-21T20:00:33.230+0000] {processor.py:183} INFO - Processing /home/airflow/.local/lib/python3.12/site-packages/airflow/example_dags/example_short_circuit_operator.py took 0.229 seconds
[2024-05-21T20:01:05.201+0000] {processor.py:161} INFO - Started process (PID=794) to work on /home/airflow/.local/lib/python3.12/site-packages/airflow/example_dags/example_short_circuit_operator.py
[2024-05-21T20:01:05.203+0000] {processor.py:830} INFO - Processing file /home/airflow/.local/lib/python3.12/site-packages/airflow/example_dags/example_short_circuit_operator.py for tasks to queue
[2024-05-21T20:01:05.208+0000] {logging_mixin.py:188} INFO - [2024-05-21T20:01:05.207+0000] {dagbag.py:545} INFO - Filling up the DagBag from /home/airflow/.local/lib/python3.12/site-packages/airflow/example_dags/example_short_circuit_operator.py
[2024-05-21T20:01:05.227+0000] {processor.py:840} INFO - DAG(s) 'example_short_circuit_operator' retrieved from /home/airflow/.local/lib/python3.12/site-packages/airflow/example_dags/example_short_circuit_operator.py
[2024-05-21T20:01:05.289+0000] {logging_mixin.py:188} INFO - [2024-05-21T20:01:05.288+0000] {dag.py:3096} INFO - Sync 1 DAGs
[2024-05-21T20:01:05.376+0000] {logging_mixin.py:188} INFO - [2024-05-21T20:01:05.375+0000] {dag.py:3954} INFO - Setting next_dagrun for example_short_circuit_operator to 2024-05-20 00:00:00+00:00, run_after=2024-05-21 00:00:00+00:00
[2024-05-21T20:01:05.435+0000] {processor.py:183} INFO - Processing /home/airflow/.local/lib/python3.12/site-packages/airflow/example_dags/example_short_circuit_operator.py took 0.250 seconds
[2024-05-21T20:01:36.028+0000] {processor.py:161} INFO - Started process (PID=854) to work on /home/airflow/.local/lib/python3.12/site-packages/airflow/example_dags/example_short_circuit_operator.py
[2024-05-21T20:01:36.031+0000] {processor.py:830} INFO - Processing file /home/airflow/.local/lib/python3.12/site-packages/airflow/example_dags/example_short_circuit_operator.py for tasks to queue
[2024-05-21T20:01:36.036+0000] {logging_mixin.py:188} INFO - [2024-05-21T20:01:36.035+0000] {dagbag.py:545} INFO - Filling up the DagBag from /home/airflow/.local/lib/python3.12/site-packages/airflow/example_dags/example_short_circuit_operator.py
[2024-05-21T20:01:36.057+0000] {processor.py:840} INFO - DAG(s) 'example_short_circuit_operator' retrieved from /home/airflow/.local/lib/python3.12/site-packages/airflow/example_dags/example_short_circuit_operator.py
[2024-05-21T20:01:36.147+0000] {logging_mixin.py:188} INFO - [2024-05-21T20:01:36.146+0000] {dag.py:3096} INFO - Sync 1 DAGs
[2024-05-21T20:01:36.223+0000] {logging_mixin.py:188} INFO - [2024-05-21T20:01:36.219+0000] {dag.py:3954} INFO - Setting next_dagrun for example_short_circuit_operator to 2024-05-20 00:00:00+00:00, run_after=2024-05-21 00:00:00+00:00
[2024-05-21T20:01:36.306+0000] {processor.py:183} INFO - Processing /home/airflow/.local/lib/python3.12/site-packages/airflow/example_dags/example_short_circuit_operator.py took 0.309 seconds
[2024-05-21T20:02:07.129+0000] {processor.py:161} INFO - Started process (PID=914) to work on /home/airflow/.local/lib/python3.12/site-packages/airflow/example_dags/example_short_circuit_operator.py
[2024-05-21T20:02:07.132+0000] {processor.py:830} INFO - Processing file /home/airflow/.local/lib/python3.12/site-packages/airflow/example_dags/example_short_circuit_operator.py for tasks to queue
[2024-05-21T20:02:07.138+0000] {logging_mixin.py:188} INFO - [2024-05-21T20:02:07.137+0000] {dagbag.py:545} INFO - Filling up the DagBag from /home/airflow/.local/lib/python3.12/site-packages/airflow/example_dags/example_short_circuit_operator.py
[2024-05-21T20:02:07.160+0000] {processor.py:840} INFO - DAG(s) 'example_short_circuit_operator' retrieved from /home/airflow/.local/lib/python3.12/site-packages/airflow/example_dags/example_short_circuit_operator.py
[2024-05-21T20:02:07.241+0000] {logging_mixin.py:188} INFO - [2024-05-21T20:02:07.238+0000] {dag.py:3096} INFO - Sync 1 DAGs
[2024-05-21T20:02:07.329+0000] {logging_mixin.py:188} INFO - [2024-05-21T20:02:07.329+0000] {dag.py:3954} INFO - Setting next_dagrun for example_short_circuit_operator to 2024-05-20 00:00:00+00:00, run_after=2024-05-21 00:00:00+00:00
[2024-05-21T20:02:07.386+0000] {processor.py:183} INFO - Processing /home/airflow/.local/lib/python3.12/site-packages/airflow/example_dags/example_short_circuit_operator.py took 0.274 seconds
[2024-05-21T20:02:38.459+0000] {processor.py:161} INFO - Started process (PID=974) to work on /home/airflow/.local/lib/python3.12/site-packages/airflow/example_dags/example_short_circuit_operator.py
[2024-05-21T20:02:38.466+0000] {processor.py:830} INFO - Processing file /home/airflow/.local/lib/python3.12/site-packages/airflow/example_dags/example_short_circuit_operator.py for tasks to queue
[2024-05-21T20:02:38.472+0000] {logging_mixin.py:188} INFO - [2024-05-21T20:02:38.471+0000] {dagbag.py:545} INFO - Filling up the DagBag from /home/airflow/.local/lib/python3.12/site-packages/airflow/example_dags/example_short_circuit_operator.py
[2024-05-21T20:02:38.514+0000] {processor.py:840} INFO - DAG(s) 'example_short_circuit_operator' retrieved from /home/airflow/.local/lib/python3.12/site-packages/airflow/example_dags/example_short_circuit_operator.py
[2024-05-21T20:02:38.575+0000] {logging_mixin.py:188} INFO - [2024-05-21T20:02:38.574+0000] {dag.py:3096} INFO - Sync 1 DAGs
[2024-05-21T20:02:38.635+0000] {logging_mixin.py:188} INFO - [2024-05-21T20:02:38.634+0000] {dag.py:3954} INFO - Setting next_dagrun for example_short_circuit_operator to 2024-05-20 00:00:00+00:00, run_after=2024-05-21 00:00:00+00:00
[2024-05-21T20:02:38.687+0000] {processor.py:183} INFO - Processing /home/airflow/.local/lib/python3.12/site-packages/airflow/example_dags/example_short_circuit_operator.py took 0.261 seconds
