[2024-05-21T19:29:07.747+0000] {processor.py:161} INFO - Started process (PID=70) to work on /home/airflow/.local/lib/python3.12/site-packages/airflow/example_dags/example_skip_dag.py
[2024-05-21T19:29:07.750+0000] {processor.py:830} INFO - Processing file /home/airflow/.local/lib/python3.12/site-packages/airflow/example_dags/example_skip_dag.py for tasks to queue
[2024-05-21T19:29:07.756+0000] {logging_mixin.py:188} INFO - [2024-05-21T19:29:07.755+0000] {dagbag.py:545} INFO - Filling up the DagBag from /home/airflow/.local/lib/python3.12/site-packages/airflow/example_dags/example_skip_dag.py
[2024-05-21T19:29:07.787+0000] {processor.py:840} INFO - DAG(s) 'example_skip_dag' retrieved from /home/airflow/.local/lib/python3.12/site-packages/airflow/example_dags/example_skip_dag.py
[2024-05-21T19:29:08.043+0000] {logging_mixin.py:188} INFO - [2024-05-21T19:29:08.042+0000] {dag.py:3096} INFO - Sync 1 DAGs
[2024-05-21T19:29:08.092+0000] {logging_mixin.py:188} INFO - [2024-05-21T19:29:08.091+0000] {dag.py:3954} INFO - Setting next_dagrun for example_skip_dag to 2024-05-20 00:00:00+00:00, run_after=2024-05-21 00:00:00+00:00
[2024-05-21T19:29:08.148+0000] {processor.py:183} INFO - Processing /home/airflow/.local/lib/python3.12/site-packages/airflow/example_dags/example_skip_dag.py took 0.413 seconds
[2024-05-21T19:29:38.809+0000] {processor.py:161} INFO - Started process (PID=130) to work on /home/airflow/.local/lib/python3.12/site-packages/airflow/example_dags/example_skip_dag.py
[2024-05-21T19:29:38.812+0000] {processor.py:830} INFO - Processing file /home/airflow/.local/lib/python3.12/site-packages/airflow/example_dags/example_skip_dag.py for tasks to queue
[2024-05-21T19:29:38.820+0000] {logging_mixin.py:188} INFO - [2024-05-21T19:29:38.819+0000] {dagbag.py:545} INFO - Filling up the DagBag from /home/airflow/.local/lib/python3.12/site-packages/airflow/example_dags/example_skip_dag.py
[2024-05-21T19:29:38.840+0000] {processor.py:840} INFO - DAG(s) 'example_skip_dag' retrieved from /home/airflow/.local/lib/python3.12/site-packages/airflow/example_dags/example_skip_dag.py
[2024-05-21T19:29:38.930+0000] {logging_mixin.py:188} INFO - [2024-05-21T19:29:38.929+0000] {dag.py:3096} INFO - Sync 1 DAGs
[2024-05-21T19:29:38.998+0000] {logging_mixin.py:188} INFO - [2024-05-21T19:29:38.997+0000] {dag.py:3954} INFO - Setting next_dagrun for example_skip_dag to 2024-05-20 00:00:00+00:00, run_after=2024-05-21 00:00:00+00:00
[2024-05-21T19:29:39.085+0000] {processor.py:183} INFO - Processing /home/airflow/.local/lib/python3.12/site-packages/airflow/example_dags/example_skip_dag.py took 0.288 seconds
[2024-05-21T19:30:09.531+0000] {processor.py:161} INFO - Started process (PID=190) to work on /home/airflow/.local/lib/python3.12/site-packages/airflow/example_dags/example_skip_dag.py
[2024-05-21T19:30:09.533+0000] {processor.py:830} INFO - Processing file /home/airflow/.local/lib/python3.12/site-packages/airflow/example_dags/example_skip_dag.py for tasks to queue
[2024-05-21T19:30:09.538+0000] {logging_mixin.py:188} INFO - [2024-05-21T19:30:09.537+0000] {dagbag.py:545} INFO - Filling up the DagBag from /home/airflow/.local/lib/python3.12/site-packages/airflow/example_dags/example_skip_dag.py
[2024-05-21T19:30:09.554+0000] {processor.py:840} INFO - DAG(s) 'example_skip_dag' retrieved from /home/airflow/.local/lib/python3.12/site-packages/airflow/example_dags/example_skip_dag.py
[2024-05-21T19:30:09.640+0000] {logging_mixin.py:188} INFO - [2024-05-21T19:30:09.639+0000] {dag.py:3096} INFO - Sync 1 DAGs
[2024-05-21T19:30:09.742+0000] {logging_mixin.py:188} INFO - [2024-05-21T19:30:09.741+0000] {dag.py:3954} INFO - Setting next_dagrun for example_skip_dag to 2024-05-20 00:00:00+00:00, run_after=2024-05-21 00:00:00+00:00
[2024-05-21T19:30:09.804+0000] {processor.py:183} INFO - Processing /home/airflow/.local/lib/python3.12/site-packages/airflow/example_dags/example_skip_dag.py took 0.290 seconds
[2024-05-21T19:30:40.105+0000] {processor.py:161} INFO - Started process (PID=250) to work on /home/airflow/.local/lib/python3.12/site-packages/airflow/example_dags/example_skip_dag.py
[2024-05-21T19:30:40.108+0000] {processor.py:830} INFO - Processing file /home/airflow/.local/lib/python3.12/site-packages/airflow/example_dags/example_skip_dag.py for tasks to queue
[2024-05-21T19:30:40.114+0000] {logging_mixin.py:188} INFO - [2024-05-21T19:30:40.113+0000] {dagbag.py:545} INFO - Filling up the DagBag from /home/airflow/.local/lib/python3.12/site-packages/airflow/example_dags/example_skip_dag.py
[2024-05-21T19:30:40.131+0000] {processor.py:840} INFO - DAG(s) 'example_skip_dag' retrieved from /home/airflow/.local/lib/python3.12/site-packages/airflow/example_dags/example_skip_dag.py
[2024-05-21T19:30:40.191+0000] {logging_mixin.py:188} INFO - [2024-05-21T19:30:40.190+0000] {dag.py:3096} INFO - Sync 1 DAGs
[2024-05-21T19:30:40.276+0000] {logging_mixin.py:188} INFO - [2024-05-21T19:30:40.275+0000] {dag.py:3954} INFO - Setting next_dagrun for example_skip_dag to 2024-05-20 00:00:00+00:00, run_after=2024-05-21 00:00:00+00:00
[2024-05-21T19:30:40.349+0000] {processor.py:183} INFO - Processing /home/airflow/.local/lib/python3.12/site-packages/airflow/example_dags/example_skip_dag.py took 0.262 seconds
[2024-05-21T19:31:11.451+0000] {processor.py:161} INFO - Started process (PID=310) to work on /home/airflow/.local/lib/python3.12/site-packages/airflow/example_dags/example_skip_dag.py
[2024-05-21T19:31:11.454+0000] {processor.py:830} INFO - Processing file /home/airflow/.local/lib/python3.12/site-packages/airflow/example_dags/example_skip_dag.py for tasks to queue
[2024-05-21T19:31:11.460+0000] {logging_mixin.py:188} INFO - [2024-05-21T19:31:11.459+0000] {dagbag.py:545} INFO - Filling up the DagBag from /home/airflow/.local/lib/python3.12/site-packages/airflow/example_dags/example_skip_dag.py
[2024-05-21T19:31:11.477+0000] {processor.py:840} INFO - DAG(s) 'example_skip_dag' retrieved from /home/airflow/.local/lib/python3.12/site-packages/airflow/example_dags/example_skip_dag.py
[2024-05-21T19:31:11.576+0000] {logging_mixin.py:188} INFO - [2024-05-21T19:31:11.575+0000] {dag.py:3096} INFO - Sync 1 DAGs
[2024-05-21T19:31:11.662+0000] {logging_mixin.py:188} INFO - [2024-05-21T19:31:11.661+0000] {dag.py:3954} INFO - Setting next_dagrun for example_skip_dag to 2024-05-20 00:00:00+00:00, run_after=2024-05-21 00:00:00+00:00
[2024-05-21T19:31:11.806+0000] {processor.py:183} INFO - Processing /home/airflow/.local/lib/python3.12/site-packages/airflow/example_dags/example_skip_dag.py took 0.368 seconds
[2024-05-21T19:31:42.788+0000] {processor.py:161} INFO - Started process (PID=370) to work on /home/airflow/.local/lib/python3.12/site-packages/airflow/example_dags/example_skip_dag.py
[2024-05-21T19:31:42.791+0000] {processor.py:830} INFO - Processing file /home/airflow/.local/lib/python3.12/site-packages/airflow/example_dags/example_skip_dag.py for tasks to queue
[2024-05-21T19:31:42.795+0000] {logging_mixin.py:188} INFO - [2024-05-21T19:31:42.794+0000] {dagbag.py:545} INFO - Filling up the DagBag from /home/airflow/.local/lib/python3.12/site-packages/airflow/example_dags/example_skip_dag.py
[2024-05-21T19:31:42.810+0000] {processor.py:840} INFO - DAG(s) 'example_skip_dag' retrieved from /home/airflow/.local/lib/python3.12/site-packages/airflow/example_dags/example_skip_dag.py
[2024-05-21T19:31:42.880+0000] {logging_mixin.py:188} INFO - [2024-05-21T19:31:42.879+0000] {dag.py:3096} INFO - Sync 1 DAGs
[2024-05-21T19:31:42.939+0000] {logging_mixin.py:188} INFO - [2024-05-21T19:31:42.939+0000] {dag.py:3954} INFO - Setting next_dagrun for example_skip_dag to 2024-05-20 00:00:00+00:00, run_after=2024-05-21 00:00:00+00:00
[2024-05-21T19:31:43.007+0000] {processor.py:183} INFO - Processing /home/airflow/.local/lib/python3.12/site-packages/airflow/example_dags/example_skip_dag.py took 0.234 seconds
[2024-05-21T19:32:14.727+0000] {processor.py:161} INFO - Started process (PID=430) to work on /home/airflow/.local/lib/python3.12/site-packages/airflow/example_dags/example_skip_dag.py
[2024-05-21T19:32:14.730+0000] {processor.py:830} INFO - Processing file /home/airflow/.local/lib/python3.12/site-packages/airflow/example_dags/example_skip_dag.py for tasks to queue
[2024-05-21T19:32:14.735+0000] {logging_mixin.py:188} INFO - [2024-05-21T19:32:14.734+0000] {dagbag.py:545} INFO - Filling up the DagBag from /home/airflow/.local/lib/python3.12/site-packages/airflow/example_dags/example_skip_dag.py
[2024-05-21T19:32:14.756+0000] {processor.py:840} INFO - DAG(s) 'example_skip_dag' retrieved from /home/airflow/.local/lib/python3.12/site-packages/airflow/example_dags/example_skip_dag.py
[2024-05-21T19:32:14.848+0000] {logging_mixin.py:188} INFO - [2024-05-21T19:32:14.847+0000] {dag.py:3096} INFO - Sync 1 DAGs
[2024-05-21T19:32:14.935+0000] {logging_mixin.py:188} INFO - [2024-05-21T19:32:14.934+0000] {dag.py:3954} INFO - Setting next_dagrun for example_skip_dag to 2024-05-20 00:00:00+00:00, run_after=2024-05-21 00:00:00+00:00
[2024-05-21T19:32:15.008+0000] {processor.py:183} INFO - Processing /home/airflow/.local/lib/python3.12/site-packages/airflow/example_dags/example_skip_dag.py took 0.316 seconds
[2024-05-21T19:32:47.680+0000] {processor.py:161} INFO - Started process (PID=491) to work on /home/airflow/.local/lib/python3.12/site-packages/airflow/example_dags/example_skip_dag.py
[2024-05-21T19:32:47.683+0000] {processor.py:830} INFO - Processing file /home/airflow/.local/lib/python3.12/site-packages/airflow/example_dags/example_skip_dag.py for tasks to queue
[2024-05-21T19:32:47.691+0000] {logging_mixin.py:188} INFO - [2024-05-21T19:32:47.689+0000] {dagbag.py:545} INFO - Filling up the DagBag from /home/airflow/.local/lib/python3.12/site-packages/airflow/example_dags/example_skip_dag.py
[2024-05-21T19:32:47.712+0000] {processor.py:840} INFO - DAG(s) 'example_skip_dag' retrieved from /home/airflow/.local/lib/python3.12/site-packages/airflow/example_dags/example_skip_dag.py
[2024-05-21T19:32:47.801+0000] {logging_mixin.py:188} INFO - [2024-05-21T19:32:47.800+0000] {dag.py:3096} INFO - Sync 1 DAGs
[2024-05-21T19:32:47.919+0000] {logging_mixin.py:188} INFO - [2024-05-21T19:32:47.918+0000] {dag.py:3954} INFO - Setting next_dagrun for example_skip_dag to 2024-05-20 00:00:00+00:00, run_after=2024-05-21 00:00:00+00:00
[2024-05-21T19:32:48.057+0000] {processor.py:183} INFO - Processing /home/airflow/.local/lib/python3.12/site-packages/airflow/example_dags/example_skip_dag.py took 0.393 seconds
[2024-05-21T19:33:18.366+0000] {processor.py:161} INFO - Started process (PID=551) to work on /home/airflow/.local/lib/python3.12/site-packages/airflow/example_dags/example_skip_dag.py
[2024-05-21T19:33:18.369+0000] {processor.py:830} INFO - Processing file /home/airflow/.local/lib/python3.12/site-packages/airflow/example_dags/example_skip_dag.py for tasks to queue
[2024-05-21T19:33:18.381+0000] {logging_mixin.py:188} INFO - [2024-05-21T19:33:18.378+0000] {dagbag.py:545} INFO - Filling up the DagBag from /home/airflow/.local/lib/python3.12/site-packages/airflow/example_dags/example_skip_dag.py
[2024-05-21T19:33:18.400+0000] {processor.py:840} INFO - DAG(s) 'example_skip_dag' retrieved from /home/airflow/.local/lib/python3.12/site-packages/airflow/example_dags/example_skip_dag.py
[2024-05-21T19:33:18.459+0000] {logging_mixin.py:188} INFO - [2024-05-21T19:33:18.458+0000] {dag.py:3096} INFO - Sync 1 DAGs
[2024-05-21T19:33:18.518+0000] {logging_mixin.py:188} INFO - [2024-05-21T19:33:18.518+0000] {dag.py:3954} INFO - Setting next_dagrun for example_skip_dag to 2024-05-20 00:00:00+00:00, run_after=2024-05-21 00:00:00+00:00
[2024-05-21T19:33:18.606+0000] {processor.py:183} INFO - Processing /home/airflow/.local/lib/python3.12/site-packages/airflow/example_dags/example_skip_dag.py took 0.255 seconds
[2024-05-21T19:33:49.894+0000] {processor.py:161} INFO - Started process (PID=617) to work on /home/airflow/.local/lib/python3.12/site-packages/airflow/example_dags/example_skip_dag.py
[2024-05-21T19:33:49.896+0000] {processor.py:830} INFO - Processing file /home/airflow/.local/lib/python3.12/site-packages/airflow/example_dags/example_skip_dag.py for tasks to queue
[2024-05-21T19:33:49.902+0000] {logging_mixin.py:188} INFO - [2024-05-21T19:33:49.901+0000] {dagbag.py:545} INFO - Filling up the DagBag from /home/airflow/.local/lib/python3.12/site-packages/airflow/example_dags/example_skip_dag.py
[2024-05-21T19:33:49.939+0000] {processor.py:840} INFO - DAG(s) 'example_skip_dag' retrieved from /home/airflow/.local/lib/python3.12/site-packages/airflow/example_dags/example_skip_dag.py
[2024-05-21T19:33:50.020+0000] {logging_mixin.py:188} INFO - [2024-05-21T19:33:50.019+0000] {dag.py:3096} INFO - Sync 1 DAGs
[2024-05-21T19:33:50.085+0000] {logging_mixin.py:188} INFO - [2024-05-21T19:33:50.084+0000] {dag.py:3954} INFO - Setting next_dagrun for example_skip_dag to 2024-05-20 00:00:00+00:00, run_after=2024-05-21 00:00:00+00:00
[2024-05-21T19:33:50.133+0000] {processor.py:183} INFO - Processing /home/airflow/.local/lib/python3.12/site-packages/airflow/example_dags/example_skip_dag.py took 0.251 seconds
[2024-05-21T19:34:21.391+0000] {processor.py:161} INFO - Started process (PID=677) to work on /home/airflow/.local/lib/python3.12/site-packages/airflow/example_dags/example_skip_dag.py
[2024-05-21T19:34:21.394+0000] {processor.py:830} INFO - Processing file /home/airflow/.local/lib/python3.12/site-packages/airflow/example_dags/example_skip_dag.py for tasks to queue
[2024-05-21T19:34:21.399+0000] {logging_mixin.py:188} INFO - [2024-05-21T19:34:21.398+0000] {dagbag.py:545} INFO - Filling up the DagBag from /home/airflow/.local/lib/python3.12/site-packages/airflow/example_dags/example_skip_dag.py
[2024-05-21T19:34:21.417+0000] {processor.py:840} INFO - DAG(s) 'example_skip_dag' retrieved from /home/airflow/.local/lib/python3.12/site-packages/airflow/example_dags/example_skip_dag.py
[2024-05-21T19:34:21.481+0000] {logging_mixin.py:188} INFO - [2024-05-21T19:34:21.480+0000] {dag.py:3096} INFO - Sync 1 DAGs
[2024-05-21T19:34:21.538+0000] {logging_mixin.py:188} INFO - [2024-05-21T19:34:21.537+0000] {dag.py:3954} INFO - Setting next_dagrun for example_skip_dag to 2024-05-20 00:00:00+00:00, run_after=2024-05-21 00:00:00+00:00
[2024-05-21T19:34:21.592+0000] {processor.py:183} INFO - Processing /home/airflow/.local/lib/python3.12/site-packages/airflow/example_dags/example_skip_dag.py took 0.216 seconds
[2024-05-21T19:34:52.504+0000] {processor.py:161} INFO - Started process (PID=737) to work on /home/airflow/.local/lib/python3.12/site-packages/airflow/example_dags/example_skip_dag.py
[2024-05-21T19:34:52.507+0000] {processor.py:830} INFO - Processing file /home/airflow/.local/lib/python3.12/site-packages/airflow/example_dags/example_skip_dag.py for tasks to queue
[2024-05-21T19:34:52.512+0000] {logging_mixin.py:188} INFO - [2024-05-21T19:34:52.511+0000] {dagbag.py:545} INFO - Filling up the DagBag from /home/airflow/.local/lib/python3.12/site-packages/airflow/example_dags/example_skip_dag.py
[2024-05-21T19:34:52.526+0000] {processor.py:840} INFO - DAG(s) 'example_skip_dag' retrieved from /home/airflow/.local/lib/python3.12/site-packages/airflow/example_dags/example_skip_dag.py
[2024-05-21T19:34:52.577+0000] {logging_mixin.py:188} INFO - [2024-05-21T19:34:52.577+0000] {dag.py:3096} INFO - Sync 1 DAGs
[2024-05-21T19:34:52.627+0000] {logging_mixin.py:188} INFO - [2024-05-21T19:34:52.627+0000] {dag.py:3954} INFO - Setting next_dagrun for example_skip_dag to 2024-05-20 00:00:00+00:00, run_after=2024-05-21 00:00:00+00:00
[2024-05-21T19:34:52.700+0000] {processor.py:183} INFO - Processing /home/airflow/.local/lib/python3.12/site-packages/airflow/example_dags/example_skip_dag.py took 0.210 seconds
[2024-05-21T19:35:23.163+0000] {processor.py:161} INFO - Started process (PID=795) to work on /home/airflow/.local/lib/python3.12/site-packages/airflow/example_dags/example_skip_dag.py
[2024-05-21T19:35:23.166+0000] {processor.py:830} INFO - Processing file /home/airflow/.local/lib/python3.12/site-packages/airflow/example_dags/example_skip_dag.py for tasks to queue
[2024-05-21T19:35:23.176+0000] {logging_mixin.py:188} INFO - [2024-05-21T19:35:23.174+0000] {dagbag.py:545} INFO - Filling up the DagBag from /home/airflow/.local/lib/python3.12/site-packages/airflow/example_dags/example_skip_dag.py
[2024-05-21T19:35:23.195+0000] {processor.py:840} INFO - DAG(s) 'example_skip_dag' retrieved from /home/airflow/.local/lib/python3.12/site-packages/airflow/example_dags/example_skip_dag.py
[2024-05-21T19:35:23.292+0000] {logging_mixin.py:188} INFO - [2024-05-21T19:35:23.290+0000] {dag.py:3096} INFO - Sync 1 DAGs
[2024-05-21T19:35:23.373+0000] {logging_mixin.py:188} INFO - [2024-05-21T19:35:23.372+0000] {dag.py:3954} INFO - Setting next_dagrun for example_skip_dag to 2024-05-20 00:00:00+00:00, run_after=2024-05-21 00:00:00+00:00
[2024-05-21T19:35:23.431+0000] {processor.py:183} INFO - Processing /home/airflow/.local/lib/python3.12/site-packages/airflow/example_dags/example_skip_dag.py took 0.291 seconds
[2024-05-21T19:35:53.697+0000] {processor.py:161} INFO - Started process (PID=854) to work on /home/airflow/.local/lib/python3.12/site-packages/airflow/example_dags/example_skip_dag.py
[2024-05-21T19:35:53.700+0000] {processor.py:830} INFO - Processing file /home/airflow/.local/lib/python3.12/site-packages/airflow/example_dags/example_skip_dag.py for tasks to queue
[2024-05-21T19:35:53.705+0000] {logging_mixin.py:188} INFO - [2024-05-21T19:35:53.704+0000] {dagbag.py:545} INFO - Filling up the DagBag from /home/airflow/.local/lib/python3.12/site-packages/airflow/example_dags/example_skip_dag.py
[2024-05-21T19:35:53.724+0000] {processor.py:840} INFO - DAG(s) 'example_skip_dag' retrieved from /home/airflow/.local/lib/python3.12/site-packages/airflow/example_dags/example_skip_dag.py
[2024-05-21T19:35:53.791+0000] {logging_mixin.py:188} INFO - [2024-05-21T19:35:53.791+0000] {dag.py:3096} INFO - Sync 1 DAGs
[2024-05-21T19:35:53.850+0000] {logging_mixin.py:188} INFO - [2024-05-21T19:35:53.849+0000] {dag.py:3954} INFO - Setting next_dagrun for example_skip_dag to 2024-05-20 00:00:00+00:00, run_after=2024-05-21 00:00:00+00:00
[2024-05-21T19:35:53.927+0000] {processor.py:183} INFO - Processing /home/airflow/.local/lib/python3.12/site-packages/airflow/example_dags/example_skip_dag.py took 0.245 seconds
[2024-05-21T19:36:24.201+0000] {processor.py:161} INFO - Started process (PID=914) to work on /home/airflow/.local/lib/python3.12/site-packages/airflow/example_dags/example_skip_dag.py
[2024-05-21T19:36:24.203+0000] {processor.py:830} INFO - Processing file /home/airflow/.local/lib/python3.12/site-packages/airflow/example_dags/example_skip_dag.py for tasks to queue
[2024-05-21T19:36:24.210+0000] {logging_mixin.py:188} INFO - [2024-05-21T19:36:24.209+0000] {dagbag.py:545} INFO - Filling up the DagBag from /home/airflow/.local/lib/python3.12/site-packages/airflow/example_dags/example_skip_dag.py
[2024-05-21T19:36:24.244+0000] {processor.py:840} INFO - DAG(s) 'example_skip_dag' retrieved from /home/airflow/.local/lib/python3.12/site-packages/airflow/example_dags/example_skip_dag.py
[2024-05-21T19:36:24.342+0000] {logging_mixin.py:188} INFO - [2024-05-21T19:36:24.341+0000] {dag.py:3096} INFO - Sync 1 DAGs
[2024-05-21T19:36:24.462+0000] {logging_mixin.py:188} INFO - [2024-05-21T19:36:24.461+0000] {dag.py:3954} INFO - Setting next_dagrun for example_skip_dag to 2024-05-20 00:00:00+00:00, run_after=2024-05-21 00:00:00+00:00
[2024-05-21T19:36:24.563+0000] {processor.py:183} INFO - Processing /home/airflow/.local/lib/python3.12/site-packages/airflow/example_dags/example_skip_dag.py took 0.380 seconds
[2024-05-21T19:36:54.774+0000] {processor.py:161} INFO - Started process (PID=973) to work on /home/airflow/.local/lib/python3.12/site-packages/airflow/example_dags/example_skip_dag.py
[2024-05-21T19:36:54.777+0000] {processor.py:830} INFO - Processing file /home/airflow/.local/lib/python3.12/site-packages/airflow/example_dags/example_skip_dag.py for tasks to queue
[2024-05-21T19:36:54.782+0000] {logging_mixin.py:188} INFO - [2024-05-21T19:36:54.781+0000] {dagbag.py:545} INFO - Filling up the DagBag from /home/airflow/.local/lib/python3.12/site-packages/airflow/example_dags/example_skip_dag.py
[2024-05-21T19:36:54.797+0000] {processor.py:840} INFO - DAG(s) 'example_skip_dag' retrieved from /home/airflow/.local/lib/python3.12/site-packages/airflow/example_dags/example_skip_dag.py
[2024-05-21T19:36:54.859+0000] {logging_mixin.py:188} INFO - [2024-05-21T19:36:54.858+0000] {dag.py:3096} INFO - Sync 1 DAGs
[2024-05-21T19:36:54.920+0000] {logging_mixin.py:188} INFO - [2024-05-21T19:36:54.920+0000] {dag.py:3954} INFO - Setting next_dagrun for example_skip_dag to 2024-05-20 00:00:00+00:00, run_after=2024-05-21 00:00:00+00:00
[2024-05-21T19:36:54.982+0000] {processor.py:183} INFO - Processing /home/airflow/.local/lib/python3.12/site-packages/airflow/example_dags/example_skip_dag.py took 0.221 seconds
[2024-05-21T19:37:25.333+0000] {processor.py:161} INFO - Started process (PID=1033) to work on /home/airflow/.local/lib/python3.12/site-packages/airflow/example_dags/example_skip_dag.py
[2024-05-21T19:37:25.336+0000] {processor.py:830} INFO - Processing file /home/airflow/.local/lib/python3.12/site-packages/airflow/example_dags/example_skip_dag.py for tasks to queue
[2024-05-21T19:37:25.342+0000] {logging_mixin.py:188} INFO - [2024-05-21T19:37:25.341+0000] {dagbag.py:545} INFO - Filling up the DagBag from /home/airflow/.local/lib/python3.12/site-packages/airflow/example_dags/example_skip_dag.py
[2024-05-21T19:37:25.361+0000] {processor.py:840} INFO - DAG(s) 'example_skip_dag' retrieved from /home/airflow/.local/lib/python3.12/site-packages/airflow/example_dags/example_skip_dag.py
[2024-05-21T19:37:25.446+0000] {logging_mixin.py:188} INFO - [2024-05-21T19:37:25.445+0000] {dag.py:3096} INFO - Sync 1 DAGs
[2024-05-21T19:37:25.539+0000] {logging_mixin.py:188} INFO - [2024-05-21T19:37:25.538+0000] {dag.py:3954} INFO - Setting next_dagrun for example_skip_dag to 2024-05-20 00:00:00+00:00, run_after=2024-05-21 00:00:00+00:00
[2024-05-21T19:37:25.611+0000] {processor.py:183} INFO - Processing /home/airflow/.local/lib/python3.12/site-packages/airflow/example_dags/example_skip_dag.py took 0.308 seconds
[2024-05-21T19:37:56.225+0000] {processor.py:161} INFO - Started process (PID=1092) to work on /home/airflow/.local/lib/python3.12/site-packages/airflow/example_dags/example_skip_dag.py
[2024-05-21T19:37:56.229+0000] {processor.py:830} INFO - Processing file /home/airflow/.local/lib/python3.12/site-packages/airflow/example_dags/example_skip_dag.py for tasks to queue
[2024-05-21T19:37:56.234+0000] {logging_mixin.py:188} INFO - [2024-05-21T19:37:56.233+0000] {dagbag.py:545} INFO - Filling up the DagBag from /home/airflow/.local/lib/python3.12/site-packages/airflow/example_dags/example_skip_dag.py
[2024-05-21T19:37:56.253+0000] {processor.py:840} INFO - DAG(s) 'example_skip_dag' retrieved from /home/airflow/.local/lib/python3.12/site-packages/airflow/example_dags/example_skip_dag.py
[2024-05-21T19:37:56.310+0000] {logging_mixin.py:188} INFO - [2024-05-21T19:37:56.309+0000] {dag.py:3096} INFO - Sync 1 DAGs
[2024-05-21T19:37:56.394+0000] {logging_mixin.py:188} INFO - [2024-05-21T19:37:56.393+0000] {dag.py:3954} INFO - Setting next_dagrun for example_skip_dag to 2024-05-20 00:00:00+00:00, run_after=2024-05-21 00:00:00+00:00
[2024-05-21T19:37:56.486+0000] {processor.py:183} INFO - Processing /home/airflow/.local/lib/python3.12/site-packages/airflow/example_dags/example_skip_dag.py took 0.278 seconds
[2024-05-21T19:38:27.006+0000] {processor.py:161} INFO - Started process (PID=1152) to work on /home/airflow/.local/lib/python3.12/site-packages/airflow/example_dags/example_skip_dag.py
[2024-05-21T19:38:27.009+0000] {processor.py:830} INFO - Processing file /home/airflow/.local/lib/python3.12/site-packages/airflow/example_dags/example_skip_dag.py for tasks to queue
[2024-05-21T19:38:27.017+0000] {logging_mixin.py:188} INFO - [2024-05-21T19:38:27.016+0000] {dagbag.py:545} INFO - Filling up the DagBag from /home/airflow/.local/lib/python3.12/site-packages/airflow/example_dags/example_skip_dag.py
[2024-05-21T19:38:27.038+0000] {processor.py:840} INFO - DAG(s) 'example_skip_dag' retrieved from /home/airflow/.local/lib/python3.12/site-packages/airflow/example_dags/example_skip_dag.py
[2024-05-21T19:38:27.121+0000] {logging_mixin.py:188} INFO - [2024-05-21T19:38:27.120+0000] {dag.py:3096} INFO - Sync 1 DAGs
[2024-05-21T19:38:27.197+0000] {logging_mixin.py:188} INFO - [2024-05-21T19:38:27.196+0000] {dag.py:3954} INFO - Setting next_dagrun for example_skip_dag to 2024-05-20 00:00:00+00:00, run_after=2024-05-21 00:00:00+00:00
[2024-05-21T19:38:27.308+0000] {processor.py:183} INFO - Processing /home/airflow/.local/lib/python3.12/site-packages/airflow/example_dags/example_skip_dag.py took 0.321 seconds
[2024-05-21T19:38:57.385+0000] {processor.py:161} INFO - Started process (PID=1212) to work on /home/airflow/.local/lib/python3.12/site-packages/airflow/example_dags/example_skip_dag.py
[2024-05-21T19:38:57.389+0000] {processor.py:830} INFO - Processing file /home/airflow/.local/lib/python3.12/site-packages/airflow/example_dags/example_skip_dag.py for tasks to queue
[2024-05-21T19:38:57.402+0000] {logging_mixin.py:188} INFO - [2024-05-21T19:38:57.399+0000] {dagbag.py:545} INFO - Filling up the DagBag from /home/airflow/.local/lib/python3.12/site-packages/airflow/example_dags/example_skip_dag.py
[2024-05-21T19:38:57.419+0000] {processor.py:840} INFO - DAG(s) 'example_skip_dag' retrieved from /home/airflow/.local/lib/python3.12/site-packages/airflow/example_dags/example_skip_dag.py
[2024-05-21T19:38:57.472+0000] {logging_mixin.py:188} INFO - [2024-05-21T19:38:57.472+0000] {dag.py:3096} INFO - Sync 1 DAGs
[2024-05-21T19:38:57.519+0000] {logging_mixin.py:188} INFO - [2024-05-21T19:38:57.518+0000] {dag.py:3954} INFO - Setting next_dagrun for example_skip_dag to 2024-05-20 00:00:00+00:00, run_after=2024-05-21 00:00:00+00:00
[2024-05-21T19:38:57.601+0000] {processor.py:183} INFO - Processing /home/airflow/.local/lib/python3.12/site-packages/airflow/example_dags/example_skip_dag.py took 0.233 seconds
[2024-05-21T19:39:27.930+0000] {processor.py:161} INFO - Started process (PID=1272) to work on /home/airflow/.local/lib/python3.12/site-packages/airflow/example_dags/example_skip_dag.py
[2024-05-21T19:39:27.932+0000] {processor.py:830} INFO - Processing file /home/airflow/.local/lib/python3.12/site-packages/airflow/example_dags/example_skip_dag.py for tasks to queue
[2024-05-21T19:39:27.936+0000] {logging_mixin.py:188} INFO - [2024-05-21T19:39:27.936+0000] {dagbag.py:545} INFO - Filling up the DagBag from /home/airflow/.local/lib/python3.12/site-packages/airflow/example_dags/example_skip_dag.py
[2024-05-21T19:39:27.957+0000] {processor.py:840} INFO - DAG(s) 'example_skip_dag' retrieved from /home/airflow/.local/lib/python3.12/site-packages/airflow/example_dags/example_skip_dag.py
[2024-05-21T19:39:28.015+0000] {logging_mixin.py:188} INFO - [2024-05-21T19:39:28.015+0000] {dag.py:3096} INFO - Sync 1 DAGs
[2024-05-21T19:39:28.069+0000] {logging_mixin.py:188} INFO - [2024-05-21T19:39:28.068+0000] {dag.py:3954} INFO - Setting next_dagrun for example_skip_dag to 2024-05-20 00:00:00+00:00, run_after=2024-05-21 00:00:00+00:00
[2024-05-21T19:39:28.116+0000] {processor.py:183} INFO - Processing /home/airflow/.local/lib/python3.12/site-packages/airflow/example_dags/example_skip_dag.py took 0.200 seconds
[2024-05-21T19:39:59.215+0000] {processor.py:161} INFO - Started process (PID=1332) to work on /home/airflow/.local/lib/python3.12/site-packages/airflow/example_dags/example_skip_dag.py
[2024-05-21T19:39:59.217+0000] {processor.py:830} INFO - Processing file /home/airflow/.local/lib/python3.12/site-packages/airflow/example_dags/example_skip_dag.py for tasks to queue
[2024-05-21T19:39:59.226+0000] {logging_mixin.py:188} INFO - [2024-05-21T19:39:59.223+0000] {dagbag.py:545} INFO - Filling up the DagBag from /home/airflow/.local/lib/python3.12/site-packages/airflow/example_dags/example_skip_dag.py
[2024-05-21T19:39:59.245+0000] {processor.py:840} INFO - DAG(s) 'example_skip_dag' retrieved from /home/airflow/.local/lib/python3.12/site-packages/airflow/example_dags/example_skip_dag.py
[2024-05-21T19:39:59.317+0000] {logging_mixin.py:188} INFO - [2024-05-21T19:39:59.316+0000] {dag.py:3096} INFO - Sync 1 DAGs
[2024-05-21T19:39:59.380+0000] {logging_mixin.py:188} INFO - [2024-05-21T19:39:59.379+0000] {dag.py:3954} INFO - Setting next_dagrun for example_skip_dag to 2024-05-20 00:00:00+00:00, run_after=2024-05-21 00:00:00+00:00
[2024-05-21T19:39:59.441+0000] {processor.py:183} INFO - Processing /home/airflow/.local/lib/python3.12/site-packages/airflow/example_dags/example_skip_dag.py took 0.242 seconds
[2024-05-21T19:40:30.241+0000] {processor.py:161} INFO - Started process (PID=1392) to work on /home/airflow/.local/lib/python3.12/site-packages/airflow/example_dags/example_skip_dag.py
[2024-05-21T19:40:30.243+0000] {processor.py:830} INFO - Processing file /home/airflow/.local/lib/python3.12/site-packages/airflow/example_dags/example_skip_dag.py for tasks to queue
[2024-05-21T19:40:30.248+0000] {logging_mixin.py:188} INFO - [2024-05-21T19:40:30.247+0000] {dagbag.py:545} INFO - Filling up the DagBag from /home/airflow/.local/lib/python3.12/site-packages/airflow/example_dags/example_skip_dag.py
[2024-05-21T19:40:30.263+0000] {processor.py:840} INFO - DAG(s) 'example_skip_dag' retrieved from /home/airflow/.local/lib/python3.12/site-packages/airflow/example_dags/example_skip_dag.py
[2024-05-21T19:40:30.317+0000] {logging_mixin.py:188} INFO - [2024-05-21T19:40:30.316+0000] {dag.py:3096} INFO - Sync 1 DAGs
[2024-05-21T19:40:30.616+0000] {logging_mixin.py:188} INFO - [2024-05-21T19:40:30.616+0000] {dag.py:3954} INFO - Setting next_dagrun for example_skip_dag to 2024-05-20 00:00:00+00:00, run_after=2024-05-21 00:00:00+00:00
[2024-05-21T19:40:30.689+0000] {processor.py:183} INFO - Processing /home/airflow/.local/lib/python3.12/site-packages/airflow/example_dags/example_skip_dag.py took 0.462 seconds
[2024-05-21T19:41:01.687+0000] {processor.py:161} INFO - Started process (PID=1452) to work on /home/airflow/.local/lib/python3.12/site-packages/airflow/example_dags/example_skip_dag.py
[2024-05-21T19:41:01.693+0000] {processor.py:830} INFO - Processing file /home/airflow/.local/lib/python3.12/site-packages/airflow/example_dags/example_skip_dag.py for tasks to queue
[2024-05-21T19:41:01.718+0000] {logging_mixin.py:188} INFO - [2024-05-21T19:41:01.701+0000] {dagbag.py:545} INFO - Filling up the DagBag from /home/airflow/.local/lib/python3.12/site-packages/airflow/example_dags/example_skip_dag.py
[2024-05-21T19:41:01.746+0000] {processor.py:840} INFO - DAG(s) 'example_skip_dag' retrieved from /home/airflow/.local/lib/python3.12/site-packages/airflow/example_dags/example_skip_dag.py
[2024-05-21T19:41:01.809+0000] {logging_mixin.py:188} INFO - [2024-05-21T19:41:01.809+0000] {dag.py:3096} INFO - Sync 1 DAGs
[2024-05-21T19:41:01.913+0000] {logging_mixin.py:188} INFO - [2024-05-21T19:41:01.912+0000] {dag.py:3954} INFO - Setting next_dagrun for example_skip_dag to 2024-05-20 00:00:00+00:00, run_after=2024-05-21 00:00:00+00:00
[2024-05-21T19:41:02.333+0000] {processor.py:183} INFO - Processing /home/airflow/.local/lib/python3.12/site-packages/airflow/example_dags/example_skip_dag.py took 0.671 seconds
[2024-05-21T19:41:33.045+0000] {processor.py:161} INFO - Started process (PID=1512) to work on /home/airflow/.local/lib/python3.12/site-packages/airflow/example_dags/example_skip_dag.py
[2024-05-21T19:41:33.048+0000] {processor.py:830} INFO - Processing file /home/airflow/.local/lib/python3.12/site-packages/airflow/example_dags/example_skip_dag.py for tasks to queue
[2024-05-21T19:41:33.053+0000] {logging_mixin.py:188} INFO - [2024-05-21T19:41:33.052+0000] {dagbag.py:545} INFO - Filling up the DagBag from /home/airflow/.local/lib/python3.12/site-packages/airflow/example_dags/example_skip_dag.py
[2024-05-21T19:41:33.074+0000] {processor.py:840} INFO - DAG(s) 'example_skip_dag' retrieved from /home/airflow/.local/lib/python3.12/site-packages/airflow/example_dags/example_skip_dag.py
[2024-05-21T19:41:33.159+0000] {logging_mixin.py:188} INFO - [2024-05-21T19:41:33.158+0000] {dag.py:3096} INFO - Sync 1 DAGs
[2024-05-21T19:41:33.258+0000] {logging_mixin.py:188} INFO - [2024-05-21T19:41:33.256+0000] {dag.py:3954} INFO - Setting next_dagrun for example_skip_dag to 2024-05-20 00:00:00+00:00, run_after=2024-05-21 00:00:00+00:00
[2024-05-21T19:41:33.327+0000] {processor.py:183} INFO - Processing /home/airflow/.local/lib/python3.12/site-packages/airflow/example_dags/example_skip_dag.py took 0.297 seconds
[2024-05-21T19:42:03.479+0000] {processor.py:161} INFO - Started process (PID=1571) to work on /home/airflow/.local/lib/python3.12/site-packages/airflow/example_dags/example_skip_dag.py
[2024-05-21T19:42:03.481+0000] {processor.py:830} INFO - Processing file /home/airflow/.local/lib/python3.12/site-packages/airflow/example_dags/example_skip_dag.py for tasks to queue
[2024-05-21T19:42:03.494+0000] {logging_mixin.py:188} INFO - [2024-05-21T19:42:03.493+0000] {dagbag.py:545} INFO - Filling up the DagBag from /home/airflow/.local/lib/python3.12/site-packages/airflow/example_dags/example_skip_dag.py
[2024-05-21T19:42:03.518+0000] {processor.py:840} INFO - DAG(s) 'example_skip_dag' retrieved from /home/airflow/.local/lib/python3.12/site-packages/airflow/example_dags/example_skip_dag.py
[2024-05-21T19:42:03.589+0000] {logging_mixin.py:188} INFO - [2024-05-21T19:42:03.588+0000] {dag.py:3096} INFO - Sync 1 DAGs
[2024-05-21T19:42:03.675+0000] {logging_mixin.py:188} INFO - [2024-05-21T19:42:03.674+0000] {dag.py:3954} INFO - Setting next_dagrun for example_skip_dag to 2024-05-20 00:00:00+00:00, run_after=2024-05-21 00:00:00+00:00
[2024-05-21T19:42:03.730+0000] {processor.py:183} INFO - Processing /home/airflow/.local/lib/python3.12/site-packages/airflow/example_dags/example_skip_dag.py took 0.267 seconds
[2024-05-21T19:42:34.501+0000] {processor.py:161} INFO - Started process (PID=1631) to work on /home/airflow/.local/lib/python3.12/site-packages/airflow/example_dags/example_skip_dag.py
[2024-05-21T19:42:34.503+0000] {processor.py:830} INFO - Processing file /home/airflow/.local/lib/python3.12/site-packages/airflow/example_dags/example_skip_dag.py for tasks to queue
[2024-05-21T19:42:34.510+0000] {logging_mixin.py:188} INFO - [2024-05-21T19:42:34.509+0000] {dagbag.py:545} INFO - Filling up the DagBag from /home/airflow/.local/lib/python3.12/site-packages/airflow/example_dags/example_skip_dag.py
[2024-05-21T19:42:34.522+0000] {processor.py:840} INFO - DAG(s) 'example_skip_dag' retrieved from /home/airflow/.local/lib/python3.12/site-packages/airflow/example_dags/example_skip_dag.py
[2024-05-21T19:42:34.569+0000] {logging_mixin.py:188} INFO - [2024-05-21T19:42:34.569+0000] {dag.py:3096} INFO - Sync 1 DAGs
[2024-05-21T19:42:34.620+0000] {logging_mixin.py:188} INFO - [2024-05-21T19:42:34.619+0000] {dag.py:3954} INFO - Setting next_dagrun for example_skip_dag to 2024-05-20 00:00:00+00:00, run_after=2024-05-21 00:00:00+00:00
[2024-05-21T19:42:34.683+0000] {processor.py:183} INFO - Processing /home/airflow/.local/lib/python3.12/site-packages/airflow/example_dags/example_skip_dag.py took 0.195 seconds
[2024-05-21T19:43:04.919+0000] {processor.py:161} INFO - Started process (PID=1691) to work on /home/airflow/.local/lib/python3.12/site-packages/airflow/example_dags/example_skip_dag.py
[2024-05-21T19:43:04.922+0000] {processor.py:830} INFO - Processing file /home/airflow/.local/lib/python3.12/site-packages/airflow/example_dags/example_skip_dag.py for tasks to queue
[2024-05-21T19:43:04.926+0000] {logging_mixin.py:188} INFO - [2024-05-21T19:43:04.925+0000] {dagbag.py:545} INFO - Filling up the DagBag from /home/airflow/.local/lib/python3.12/site-packages/airflow/example_dags/example_skip_dag.py
[2024-05-21T19:43:04.942+0000] {processor.py:840} INFO - DAG(s) 'example_skip_dag' retrieved from /home/airflow/.local/lib/python3.12/site-packages/airflow/example_dags/example_skip_dag.py
[2024-05-21T19:43:04.993+0000] {logging_mixin.py:188} INFO - [2024-05-21T19:43:04.992+0000] {dag.py:3096} INFO - Sync 1 DAGs
[2024-05-21T19:43:05.048+0000] {logging_mixin.py:188} INFO - [2024-05-21T19:43:05.048+0000] {dag.py:3954} INFO - Setting next_dagrun for example_skip_dag to 2024-05-20 00:00:00+00:00, run_after=2024-05-21 00:00:00+00:00
[2024-05-21T19:43:05.107+0000] {processor.py:183} INFO - Processing /home/airflow/.local/lib/python3.12/site-packages/airflow/example_dags/example_skip_dag.py took 0.199 seconds
[2024-05-21T19:43:35.915+0000] {processor.py:161} INFO - Started process (PID=1751) to work on /home/airflow/.local/lib/python3.12/site-packages/airflow/example_dags/example_skip_dag.py
[2024-05-21T19:43:35.919+0000] {processor.py:830} INFO - Processing file /home/airflow/.local/lib/python3.12/site-packages/airflow/example_dags/example_skip_dag.py for tasks to queue
[2024-05-21T19:43:35.925+0000] {logging_mixin.py:188} INFO - [2024-05-21T19:43:35.924+0000] {dagbag.py:545} INFO - Filling up the DagBag from /home/airflow/.local/lib/python3.12/site-packages/airflow/example_dags/example_skip_dag.py
[2024-05-21T19:43:35.943+0000] {processor.py:840} INFO - DAG(s) 'example_skip_dag' retrieved from /home/airflow/.local/lib/python3.12/site-packages/airflow/example_dags/example_skip_dag.py
[2024-05-21T19:43:36.017+0000] {logging_mixin.py:188} INFO - [2024-05-21T19:43:36.016+0000] {dag.py:3096} INFO - Sync 1 DAGs
[2024-05-21T19:43:36.098+0000] {logging_mixin.py:188} INFO - [2024-05-21T19:43:36.098+0000] {dag.py:3954} INFO - Setting next_dagrun for example_skip_dag to 2024-05-20 00:00:00+00:00, run_after=2024-05-21 00:00:00+00:00
[2024-05-21T19:43:36.204+0000] {processor.py:183} INFO - Processing /home/airflow/.local/lib/python3.12/site-packages/airflow/example_dags/example_skip_dag.py took 0.306 seconds
[2024-05-21T19:44:06.556+0000] {processor.py:161} INFO - Started process (PID=1811) to work on /home/airflow/.local/lib/python3.12/site-packages/airflow/example_dags/example_skip_dag.py
[2024-05-21T19:44:06.559+0000] {processor.py:830} INFO - Processing file /home/airflow/.local/lib/python3.12/site-packages/airflow/example_dags/example_skip_dag.py for tasks to queue
[2024-05-21T19:44:06.563+0000] {logging_mixin.py:188} INFO - [2024-05-21T19:44:06.562+0000] {dagbag.py:545} INFO - Filling up the DagBag from /home/airflow/.local/lib/python3.12/site-packages/airflow/example_dags/example_skip_dag.py
[2024-05-21T19:44:06.579+0000] {processor.py:840} INFO - DAG(s) 'example_skip_dag' retrieved from /home/airflow/.local/lib/python3.12/site-packages/airflow/example_dags/example_skip_dag.py
[2024-05-21T19:44:06.657+0000] {logging_mixin.py:188} INFO - [2024-05-21T19:44:06.656+0000] {dag.py:3096} INFO - Sync 1 DAGs
[2024-05-21T19:44:06.738+0000] {logging_mixin.py:188} INFO - [2024-05-21T19:44:06.737+0000] {dag.py:3954} INFO - Setting next_dagrun for example_skip_dag to 2024-05-20 00:00:00+00:00, run_after=2024-05-21 00:00:00+00:00
[2024-05-21T19:44:06.826+0000] {processor.py:183} INFO - Processing /home/airflow/.local/lib/python3.12/site-packages/airflow/example_dags/example_skip_dag.py took 0.294 seconds
[2024-05-21T19:44:37.060+0000] {processor.py:161} INFO - Started process (PID=1871) to work on /home/airflow/.local/lib/python3.12/site-packages/airflow/example_dags/example_skip_dag.py
[2024-05-21T19:44:37.063+0000] {processor.py:830} INFO - Processing file /home/airflow/.local/lib/python3.12/site-packages/airflow/example_dags/example_skip_dag.py for tasks to queue
[2024-05-21T19:44:37.070+0000] {logging_mixin.py:188} INFO - [2024-05-21T19:44:37.069+0000] {dagbag.py:545} INFO - Filling up the DagBag from /home/airflow/.local/lib/python3.12/site-packages/airflow/example_dags/example_skip_dag.py
[2024-05-21T19:44:37.089+0000] {processor.py:840} INFO - DAG(s) 'example_skip_dag' retrieved from /home/airflow/.local/lib/python3.12/site-packages/airflow/example_dags/example_skip_dag.py
[2024-05-21T19:44:37.162+0000] {logging_mixin.py:188} INFO - [2024-05-21T19:44:37.162+0000] {dag.py:3096} INFO - Sync 1 DAGs
[2024-05-21T19:44:37.224+0000] {logging_mixin.py:188} INFO - [2024-05-21T19:44:37.224+0000] {dag.py:3954} INFO - Setting next_dagrun for example_skip_dag to 2024-05-20 00:00:00+00:00, run_after=2024-05-21 00:00:00+00:00
[2024-05-21T19:44:37.275+0000] {processor.py:183} INFO - Processing /home/airflow/.local/lib/python3.12/site-packages/airflow/example_dags/example_skip_dag.py took 0.234 seconds
[2024-05-21T19:45:07.400+0000] {processor.py:161} INFO - Started process (PID=1931) to work on /home/airflow/.local/lib/python3.12/site-packages/airflow/example_dags/example_skip_dag.py
[2024-05-21T19:45:07.403+0000] {processor.py:830} INFO - Processing file /home/airflow/.local/lib/python3.12/site-packages/airflow/example_dags/example_skip_dag.py for tasks to queue
[2024-05-21T19:45:07.415+0000] {logging_mixin.py:188} INFO - [2024-05-21T19:45:07.413+0000] {dagbag.py:545} INFO - Filling up the DagBag from /home/airflow/.local/lib/python3.12/site-packages/airflow/example_dags/example_skip_dag.py
[2024-05-21T19:45:07.451+0000] {processor.py:840} INFO - DAG(s) 'example_skip_dag' retrieved from /home/airflow/.local/lib/python3.12/site-packages/airflow/example_dags/example_skip_dag.py
[2024-05-21T19:45:07.533+0000] {logging_mixin.py:188} INFO - [2024-05-21T19:45:07.532+0000] {dag.py:3096} INFO - Sync 1 DAGs
[2024-05-21T19:45:07.766+0000] {logging_mixin.py:188} INFO - [2024-05-21T19:45:07.765+0000] {dag.py:3954} INFO - Setting next_dagrun for example_skip_dag to 2024-05-20 00:00:00+00:00, run_after=2024-05-21 00:00:00+00:00
[2024-05-21T19:45:08.042+0000] {processor.py:183} INFO - Processing /home/airflow/.local/lib/python3.12/site-packages/airflow/example_dags/example_skip_dag.py took 0.668 seconds
[2024-05-21T19:45:38.153+0000] {processor.py:161} INFO - Started process (PID=1991) to work on /home/airflow/.local/lib/python3.12/site-packages/airflow/example_dags/example_skip_dag.py
[2024-05-21T19:45:38.156+0000] {processor.py:830} INFO - Processing file /home/airflow/.local/lib/python3.12/site-packages/airflow/example_dags/example_skip_dag.py for tasks to queue
[2024-05-21T19:45:38.203+0000] {logging_mixin.py:188} INFO - [2024-05-21T19:45:38.196+0000] {dagbag.py:545} INFO - Filling up the DagBag from /home/airflow/.local/lib/python3.12/site-packages/airflow/example_dags/example_skip_dag.py
[2024-05-21T19:45:38.226+0000] {processor.py:840} INFO - DAG(s) 'example_skip_dag' retrieved from /home/airflow/.local/lib/python3.12/site-packages/airflow/example_dags/example_skip_dag.py
[2024-05-21T19:45:38.289+0000] {logging_mixin.py:188} INFO - [2024-05-21T19:45:38.288+0000] {dag.py:3096} INFO - Sync 1 DAGs
[2024-05-21T19:45:38.351+0000] {logging_mixin.py:188} INFO - [2024-05-21T19:45:38.350+0000] {dag.py:3954} INFO - Setting next_dagrun for example_skip_dag to 2024-05-20 00:00:00+00:00, run_after=2024-05-21 00:00:00+00:00
[2024-05-21T19:45:38.424+0000] {processor.py:183} INFO - Processing /home/airflow/.local/lib/python3.12/site-packages/airflow/example_dags/example_skip_dag.py took 0.283 seconds
[2024-05-21T19:46:08.836+0000] {processor.py:161} INFO - Started process (PID=2051) to work on /home/airflow/.local/lib/python3.12/site-packages/airflow/example_dags/example_skip_dag.py
[2024-05-21T19:46:08.838+0000] {processor.py:830} INFO - Processing file /home/airflow/.local/lib/python3.12/site-packages/airflow/example_dags/example_skip_dag.py for tasks to queue
[2024-05-21T19:46:08.843+0000] {logging_mixin.py:188} INFO - [2024-05-21T19:46:08.842+0000] {dagbag.py:545} INFO - Filling up the DagBag from /home/airflow/.local/lib/python3.12/site-packages/airflow/example_dags/example_skip_dag.py
[2024-05-21T19:46:08.862+0000] {processor.py:840} INFO - DAG(s) 'example_skip_dag' retrieved from /home/airflow/.local/lib/python3.12/site-packages/airflow/example_dags/example_skip_dag.py
[2024-05-21T19:46:08.929+0000] {logging_mixin.py:188} INFO - [2024-05-21T19:46:08.926+0000] {dag.py:3096} INFO - Sync 1 DAGs
[2024-05-21T19:46:09.044+0000] {logging_mixin.py:188} INFO - [2024-05-21T19:46:09.043+0000] {dag.py:3954} INFO - Setting next_dagrun for example_skip_dag to 2024-05-20 00:00:00+00:00, run_after=2024-05-21 00:00:00+00:00
[2024-05-21T19:46:09.147+0000] {processor.py:183} INFO - Processing /home/airflow/.local/lib/python3.12/site-packages/airflow/example_dags/example_skip_dag.py took 0.323 seconds
[2024-05-21T19:46:39.278+0000] {processor.py:161} INFO - Started process (PID=2110) to work on /home/airflow/.local/lib/python3.12/site-packages/airflow/example_dags/example_skip_dag.py
[2024-05-21T19:46:39.281+0000] {processor.py:830} INFO - Processing file /home/airflow/.local/lib/python3.12/site-packages/airflow/example_dags/example_skip_dag.py for tasks to queue
[2024-05-21T19:46:39.287+0000] {logging_mixin.py:188} INFO - [2024-05-21T19:46:39.286+0000] {dagbag.py:545} INFO - Filling up the DagBag from /home/airflow/.local/lib/python3.12/site-packages/airflow/example_dags/example_skip_dag.py
[2024-05-21T19:46:39.305+0000] {processor.py:840} INFO - DAG(s) 'example_skip_dag' retrieved from /home/airflow/.local/lib/python3.12/site-packages/airflow/example_dags/example_skip_dag.py
[2024-05-21T19:46:39.371+0000] {logging_mixin.py:188} INFO - [2024-05-21T19:46:39.369+0000] {dag.py:3096} INFO - Sync 1 DAGs
[2024-05-21T19:46:39.470+0000] {logging_mixin.py:188} INFO - [2024-05-21T19:46:39.470+0000] {dag.py:3954} INFO - Setting next_dagrun for example_skip_dag to 2024-05-20 00:00:00+00:00, run_after=2024-05-21 00:00:00+00:00
[2024-05-21T19:46:39.555+0000] {processor.py:183} INFO - Processing /home/airflow/.local/lib/python3.12/site-packages/airflow/example_dags/example_skip_dag.py took 0.289 seconds
[2024-05-21T19:47:10.163+0000] {processor.py:161} INFO - Started process (PID=2169) to work on /home/airflow/.local/lib/python3.12/site-packages/airflow/example_dags/example_skip_dag.py
[2024-05-21T19:47:10.166+0000] {processor.py:830} INFO - Processing file /home/airflow/.local/lib/python3.12/site-packages/airflow/example_dags/example_skip_dag.py for tasks to queue
[2024-05-21T19:47:10.174+0000] {logging_mixin.py:188} INFO - [2024-05-21T19:47:10.173+0000] {dagbag.py:545} INFO - Filling up the DagBag from /home/airflow/.local/lib/python3.12/site-packages/airflow/example_dags/example_skip_dag.py
[2024-05-21T19:47:10.191+0000] {processor.py:840} INFO - DAG(s) 'example_skip_dag' retrieved from /home/airflow/.local/lib/python3.12/site-packages/airflow/example_dags/example_skip_dag.py
[2024-05-21T19:47:10.263+0000] {logging_mixin.py:188} INFO - [2024-05-21T19:47:10.262+0000] {dag.py:3096} INFO - Sync 1 DAGs
[2024-05-21T19:47:10.338+0000] {logging_mixin.py:188} INFO - [2024-05-21T19:47:10.337+0000] {dag.py:3954} INFO - Setting next_dagrun for example_skip_dag to 2024-05-20 00:00:00+00:00, run_after=2024-05-21 00:00:00+00:00
[2024-05-21T19:47:10.403+0000] {processor.py:183} INFO - Processing /home/airflow/.local/lib/python3.12/site-packages/airflow/example_dags/example_skip_dag.py took 0.258 seconds
[2024-05-21T19:47:40.595+0000] {processor.py:161} INFO - Started process (PID=2229) to work on /home/airflow/.local/lib/python3.12/site-packages/airflow/example_dags/example_skip_dag.py
[2024-05-21T19:47:40.598+0000] {processor.py:830} INFO - Processing file /home/airflow/.local/lib/python3.12/site-packages/airflow/example_dags/example_skip_dag.py for tasks to queue
[2024-05-21T19:47:40.604+0000] {logging_mixin.py:188} INFO - [2024-05-21T19:47:40.603+0000] {dagbag.py:545} INFO - Filling up the DagBag from /home/airflow/.local/lib/python3.12/site-packages/airflow/example_dags/example_skip_dag.py
[2024-05-21T19:47:40.623+0000] {processor.py:840} INFO - DAG(s) 'example_skip_dag' retrieved from /home/airflow/.local/lib/python3.12/site-packages/airflow/example_dags/example_skip_dag.py
[2024-05-21T19:47:40.679+0000] {logging_mixin.py:188} INFO - [2024-05-21T19:47:40.678+0000] {dag.py:3096} INFO - Sync 1 DAGs
[2024-05-21T19:47:40.732+0000] {logging_mixin.py:188} INFO - [2024-05-21T19:47:40.731+0000] {dag.py:3954} INFO - Setting next_dagrun for example_skip_dag to 2024-05-20 00:00:00+00:00, run_after=2024-05-21 00:00:00+00:00
[2024-05-21T19:47:40.789+0000] {processor.py:183} INFO - Processing /home/airflow/.local/lib/python3.12/site-packages/airflow/example_dags/example_skip_dag.py took 0.209 seconds
[2024-05-21T19:48:11.318+0000] {processor.py:161} INFO - Started process (PID=2288) to work on /home/airflow/.local/lib/python3.12/site-packages/airflow/example_dags/example_skip_dag.py
[2024-05-21T19:48:11.320+0000] {processor.py:830} INFO - Processing file /home/airflow/.local/lib/python3.12/site-packages/airflow/example_dags/example_skip_dag.py for tasks to queue
[2024-05-21T19:48:11.326+0000] {logging_mixin.py:188} INFO - [2024-05-21T19:48:11.325+0000] {dagbag.py:545} INFO - Filling up the DagBag from /home/airflow/.local/lib/python3.12/site-packages/airflow/example_dags/example_skip_dag.py
[2024-05-21T19:48:11.347+0000] {processor.py:840} INFO - DAG(s) 'example_skip_dag' retrieved from /home/airflow/.local/lib/python3.12/site-packages/airflow/example_dags/example_skip_dag.py
[2024-05-21T19:48:11.401+0000] {logging_mixin.py:188} INFO - [2024-05-21T19:48:11.400+0000] {dag.py:3096} INFO - Sync 1 DAGs
[2024-05-21T19:48:11.509+0000] {logging_mixin.py:188} INFO - [2024-05-21T19:48:11.508+0000] {dag.py:3954} INFO - Setting next_dagrun for example_skip_dag to 2024-05-20 00:00:00+00:00, run_after=2024-05-21 00:00:00+00:00
[2024-05-21T19:48:11.627+0000] {processor.py:183} INFO - Processing /home/airflow/.local/lib/python3.12/site-packages/airflow/example_dags/example_skip_dag.py took 0.331 seconds
[2024-05-21T19:48:42.343+0000] {processor.py:161} INFO - Started process (PID=2348) to work on /home/airflow/.local/lib/python3.12/site-packages/airflow/example_dags/example_skip_dag.py
[2024-05-21T19:48:42.345+0000] {processor.py:830} INFO - Processing file /home/airflow/.local/lib/python3.12/site-packages/airflow/example_dags/example_skip_dag.py for tasks to queue
[2024-05-21T19:48:42.350+0000] {logging_mixin.py:188} INFO - [2024-05-21T19:48:42.349+0000] {dagbag.py:545} INFO - Filling up the DagBag from /home/airflow/.local/lib/python3.12/site-packages/airflow/example_dags/example_skip_dag.py
[2024-05-21T19:48:42.366+0000] {processor.py:840} INFO - DAG(s) 'example_skip_dag' retrieved from /home/airflow/.local/lib/python3.12/site-packages/airflow/example_dags/example_skip_dag.py
[2024-05-21T19:48:42.435+0000] {logging_mixin.py:188} INFO - [2024-05-21T19:48:42.434+0000] {dag.py:3096} INFO - Sync 1 DAGs
[2024-05-21T19:48:42.516+0000] {logging_mixin.py:188} INFO - [2024-05-21T19:48:42.515+0000] {dag.py:3954} INFO - Setting next_dagrun for example_skip_dag to 2024-05-20 00:00:00+00:00, run_after=2024-05-21 00:00:00+00:00
[2024-05-21T19:48:42.584+0000] {processor.py:183} INFO - Processing /home/airflow/.local/lib/python3.12/site-packages/airflow/example_dags/example_skip_dag.py took 0.259 seconds
[2024-05-21T19:49:13.073+0000] {processor.py:161} INFO - Started process (PID=2408) to work on /home/airflow/.local/lib/python3.12/site-packages/airflow/example_dags/example_skip_dag.py
[2024-05-21T19:49:13.076+0000] {processor.py:830} INFO - Processing file /home/airflow/.local/lib/python3.12/site-packages/airflow/example_dags/example_skip_dag.py for tasks to queue
[2024-05-21T19:49:13.081+0000] {logging_mixin.py:188} INFO - [2024-05-21T19:49:13.080+0000] {dagbag.py:545} INFO - Filling up the DagBag from /home/airflow/.local/lib/python3.12/site-packages/airflow/example_dags/example_skip_dag.py
[2024-05-21T19:49:13.099+0000] {processor.py:840} INFO - DAG(s) 'example_skip_dag' retrieved from /home/airflow/.local/lib/python3.12/site-packages/airflow/example_dags/example_skip_dag.py
[2024-05-21T19:49:13.173+0000] {logging_mixin.py:188} INFO - [2024-05-21T19:49:13.172+0000] {dag.py:3096} INFO - Sync 1 DAGs
[2024-05-21T19:49:13.245+0000] {logging_mixin.py:188} INFO - [2024-05-21T19:49:13.244+0000] {dag.py:3954} INFO - Setting next_dagrun for example_skip_dag to 2024-05-20 00:00:00+00:00, run_after=2024-05-21 00:00:00+00:00
[2024-05-21T19:49:13.328+0000] {processor.py:183} INFO - Processing /home/airflow/.local/lib/python3.12/site-packages/airflow/example_dags/example_skip_dag.py took 0.269 seconds
[2024-05-21T19:49:43.668+0000] {processor.py:161} INFO - Started process (PID=2468) to work on /home/airflow/.local/lib/python3.12/site-packages/airflow/example_dags/example_skip_dag.py
[2024-05-21T19:49:43.671+0000] {processor.py:830} INFO - Processing file /home/airflow/.local/lib/python3.12/site-packages/airflow/example_dags/example_skip_dag.py for tasks to queue
[2024-05-21T19:49:43.677+0000] {logging_mixin.py:188} INFO - [2024-05-21T19:49:43.676+0000] {dagbag.py:545} INFO - Filling up the DagBag from /home/airflow/.local/lib/python3.12/site-packages/airflow/example_dags/example_skip_dag.py
[2024-05-21T19:49:43.695+0000] {processor.py:840} INFO - DAG(s) 'example_skip_dag' retrieved from /home/airflow/.local/lib/python3.12/site-packages/airflow/example_dags/example_skip_dag.py
[2024-05-21T19:49:43.761+0000] {logging_mixin.py:188} INFO - [2024-05-21T19:49:43.760+0000] {dag.py:3096} INFO - Sync 1 DAGs
[2024-05-21T19:49:43.819+0000] {logging_mixin.py:188} INFO - [2024-05-21T19:49:43.819+0000] {dag.py:3954} INFO - Setting next_dagrun for example_skip_dag to 2024-05-20 00:00:00+00:00, run_after=2024-05-21 00:00:00+00:00
[2024-05-21T19:49:43.925+0000] {processor.py:183} INFO - Processing /home/airflow/.local/lib/python3.12/site-packages/airflow/example_dags/example_skip_dag.py took 0.273 seconds
[2024-05-21T19:50:14.054+0000] {processor.py:161} INFO - Started process (PID=2526) to work on /home/airflow/.local/lib/python3.12/site-packages/airflow/example_dags/example_skip_dag.py
[2024-05-21T19:50:14.057+0000] {processor.py:830} INFO - Processing file /home/airflow/.local/lib/python3.12/site-packages/airflow/example_dags/example_skip_dag.py for tasks to queue
[2024-05-21T19:50:14.064+0000] {logging_mixin.py:188} INFO - [2024-05-21T19:50:14.063+0000] {dagbag.py:545} INFO - Filling up the DagBag from /home/airflow/.local/lib/python3.12/site-packages/airflow/example_dags/example_skip_dag.py
[2024-05-21T19:50:14.083+0000] {processor.py:840} INFO - DAG(s) 'example_skip_dag' retrieved from /home/airflow/.local/lib/python3.12/site-packages/airflow/example_dags/example_skip_dag.py
[2024-05-21T19:50:14.144+0000] {logging_mixin.py:188} INFO - [2024-05-21T19:50:14.143+0000] {dag.py:3096} INFO - Sync 1 DAGs
[2024-05-21T19:50:14.238+0000] {logging_mixin.py:188} INFO - [2024-05-21T19:50:14.237+0000] {dag.py:3954} INFO - Setting next_dagrun for example_skip_dag to 2024-05-20 00:00:00+00:00, run_after=2024-05-21 00:00:00+00:00
[2024-05-21T19:50:14.325+0000] {processor.py:183} INFO - Processing /home/airflow/.local/lib/python3.12/site-packages/airflow/example_dags/example_skip_dag.py took 0.301 seconds
[2024-05-21T19:50:44.822+0000] {processor.py:161} INFO - Started process (PID=2586) to work on /home/airflow/.local/lib/python3.12/site-packages/airflow/example_dags/example_skip_dag.py
[2024-05-21T19:50:44.825+0000] {processor.py:830} INFO - Processing file /home/airflow/.local/lib/python3.12/site-packages/airflow/example_dags/example_skip_dag.py for tasks to queue
[2024-05-21T19:50:44.830+0000] {logging_mixin.py:188} INFO - [2024-05-21T19:50:44.829+0000] {dagbag.py:545} INFO - Filling up the DagBag from /home/airflow/.local/lib/python3.12/site-packages/airflow/example_dags/example_skip_dag.py
[2024-05-21T19:50:44.847+0000] {processor.py:840} INFO - DAG(s) 'example_skip_dag' retrieved from /home/airflow/.local/lib/python3.12/site-packages/airflow/example_dags/example_skip_dag.py
[2024-05-21T19:50:44.929+0000] {logging_mixin.py:188} INFO - [2024-05-21T19:50:44.929+0000] {dag.py:3096} INFO - Sync 1 DAGs
[2024-05-21T19:50:45.009+0000] {logging_mixin.py:188} INFO - [2024-05-21T19:50:45.009+0000] {dag.py:3954} INFO - Setting next_dagrun for example_skip_dag to 2024-05-20 00:00:00+00:00, run_after=2024-05-21 00:00:00+00:00
[2024-05-21T19:50:45.111+0000] {processor.py:183} INFO - Processing /home/airflow/.local/lib/python3.12/site-packages/airflow/example_dags/example_skip_dag.py took 0.304 seconds
[2024-05-21T19:51:15.839+0000] {processor.py:161} INFO - Started process (PID=2646) to work on /home/airflow/.local/lib/python3.12/site-packages/airflow/example_dags/example_skip_dag.py
[2024-05-21T19:51:15.842+0000] {processor.py:830} INFO - Processing file /home/airflow/.local/lib/python3.12/site-packages/airflow/example_dags/example_skip_dag.py for tasks to queue
[2024-05-21T19:51:15.848+0000] {logging_mixin.py:188} INFO - [2024-05-21T19:51:15.847+0000] {dagbag.py:545} INFO - Filling up the DagBag from /home/airflow/.local/lib/python3.12/site-packages/airflow/example_dags/example_skip_dag.py
[2024-05-21T19:51:15.862+0000] {processor.py:840} INFO - DAG(s) 'example_skip_dag' retrieved from /home/airflow/.local/lib/python3.12/site-packages/airflow/example_dags/example_skip_dag.py
[2024-05-21T19:51:15.923+0000] {logging_mixin.py:188} INFO - [2024-05-21T19:51:15.922+0000] {dag.py:3096} INFO - Sync 1 DAGs
[2024-05-21T19:51:15.987+0000] {logging_mixin.py:188} INFO - [2024-05-21T19:51:15.986+0000] {dag.py:3954} INFO - Setting next_dagrun for example_skip_dag to 2024-05-20 00:00:00+00:00, run_after=2024-05-21 00:00:00+00:00
[2024-05-21T19:51:16.076+0000] {processor.py:183} INFO - Processing /home/airflow/.local/lib/python3.12/site-packages/airflow/example_dags/example_skip_dag.py took 0.253 seconds
[2024-05-21T19:54:50.983+0000] {processor.py:161} INFO - Started process (PID=70) to work on /home/airflow/.local/lib/python3.12/site-packages/airflow/example_dags/example_skip_dag.py
[2024-05-21T19:54:50.986+0000] {processor.py:830} INFO - Processing file /home/airflow/.local/lib/python3.12/site-packages/airflow/example_dags/example_skip_dag.py for tasks to queue
[2024-05-21T19:54:50.991+0000] {logging_mixin.py:188} INFO - [2024-05-21T19:54:50.990+0000] {dagbag.py:545} INFO - Filling up the DagBag from /home/airflow/.local/lib/python3.12/site-packages/airflow/example_dags/example_skip_dag.py
[2024-05-21T19:54:51.004+0000] {processor.py:840} INFO - DAG(s) 'example_skip_dag' retrieved from /home/airflow/.local/lib/python3.12/site-packages/airflow/example_dags/example_skip_dag.py
[2024-05-21T19:54:51.220+0000] {logging_mixin.py:188} INFO - [2024-05-21T19:54:51.220+0000] {dag.py:3096} INFO - Sync 1 DAGs
[2024-05-21T19:54:51.273+0000] {logging_mixin.py:188} INFO - [2024-05-21T19:54:51.272+0000] {dag.py:3954} INFO - Setting next_dagrun for example_skip_dag to 2024-05-20 00:00:00+00:00, run_after=2024-05-21 00:00:00+00:00
[2024-05-21T19:54:51.341+0000] {processor.py:183} INFO - Processing /home/airflow/.local/lib/python3.12/site-packages/airflow/example_dags/example_skip_dag.py took 0.369 seconds
[2024-05-21T19:55:22.714+0000] {processor.py:161} INFO - Started process (PID=130) to work on /home/airflow/.local/lib/python3.12/site-packages/airflow/example_dags/example_skip_dag.py
[2024-05-21T19:55:22.720+0000] {processor.py:830} INFO - Processing file /home/airflow/.local/lib/python3.12/site-packages/airflow/example_dags/example_skip_dag.py for tasks to queue
[2024-05-21T19:55:22.727+0000] {logging_mixin.py:188} INFO - [2024-05-21T19:55:22.726+0000] {dagbag.py:545} INFO - Filling up the DagBag from /home/airflow/.local/lib/python3.12/site-packages/airflow/example_dags/example_skip_dag.py
[2024-05-21T19:55:22.743+0000] {processor.py:840} INFO - DAG(s) 'example_skip_dag' retrieved from /home/airflow/.local/lib/python3.12/site-packages/airflow/example_dags/example_skip_dag.py
[2024-05-21T19:55:22.808+0000] {logging_mixin.py:188} INFO - [2024-05-21T19:55:22.807+0000] {dag.py:3096} INFO - Sync 1 DAGs
[2024-05-21T19:55:22.890+0000] {logging_mixin.py:188} INFO - [2024-05-21T19:55:22.889+0000] {dag.py:3954} INFO - Setting next_dagrun for example_skip_dag to 2024-05-20 00:00:00+00:00, run_after=2024-05-21 00:00:00+00:00
[2024-05-21T19:55:22.989+0000] {processor.py:183} INFO - Processing /home/airflow/.local/lib/python3.12/site-packages/airflow/example_dags/example_skip_dag.py took 0.301 seconds
[2024-05-21T19:55:53.685+0000] {processor.py:161} INFO - Started process (PID=189) to work on /home/airflow/.local/lib/python3.12/site-packages/airflow/example_dags/example_skip_dag.py
[2024-05-21T19:55:53.692+0000] {processor.py:830} INFO - Processing file /home/airflow/.local/lib/python3.12/site-packages/airflow/example_dags/example_skip_dag.py for tasks to queue
[2024-05-21T19:55:53.728+0000] {logging_mixin.py:188} INFO - [2024-05-21T19:55:53.723+0000] {dagbag.py:545} INFO - Filling up the DagBag from /home/airflow/.local/lib/python3.12/site-packages/airflow/example_dags/example_skip_dag.py
[2024-05-21T19:55:53.752+0000] {processor.py:840} INFO - DAG(s) 'example_skip_dag' retrieved from /home/airflow/.local/lib/python3.12/site-packages/airflow/example_dags/example_skip_dag.py
[2024-05-21T19:55:53.895+0000] {logging_mixin.py:188} INFO - [2024-05-21T19:55:53.894+0000] {dag.py:3096} INFO - Sync 1 DAGs
[2024-05-21T19:55:53.980+0000] {logging_mixin.py:188} INFO - [2024-05-21T19:55:53.979+0000] {dag.py:3954} INFO - Setting next_dagrun for example_skip_dag to 2024-05-20 00:00:00+00:00, run_after=2024-05-21 00:00:00+00:00
[2024-05-21T19:55:54.079+0000] {processor.py:183} INFO - Processing /home/airflow/.local/lib/python3.12/site-packages/airflow/example_dags/example_skip_dag.py took 0.414 seconds
[2024-05-21T19:56:24.449+0000] {processor.py:161} INFO - Started process (PID=249) to work on /home/airflow/.local/lib/python3.12/site-packages/airflow/example_dags/example_skip_dag.py
[2024-05-21T19:56:24.451+0000] {processor.py:830} INFO - Processing file /home/airflow/.local/lib/python3.12/site-packages/airflow/example_dags/example_skip_dag.py for tasks to queue
[2024-05-21T19:56:24.459+0000] {logging_mixin.py:188} INFO - [2024-05-21T19:56:24.458+0000] {dagbag.py:545} INFO - Filling up the DagBag from /home/airflow/.local/lib/python3.12/site-packages/airflow/example_dags/example_skip_dag.py
[2024-05-21T19:56:24.480+0000] {processor.py:840} INFO - DAG(s) 'example_skip_dag' retrieved from /home/airflow/.local/lib/python3.12/site-packages/airflow/example_dags/example_skip_dag.py
[2024-05-21T19:56:24.538+0000] {logging_mixin.py:188} INFO - [2024-05-21T19:56:24.537+0000] {dag.py:3096} INFO - Sync 1 DAGs
[2024-05-21T19:56:24.601+0000] {logging_mixin.py:188} INFO - [2024-05-21T19:56:24.600+0000] {dag.py:3954} INFO - Setting next_dagrun for example_skip_dag to 2024-05-20 00:00:00+00:00, run_after=2024-05-21 00:00:00+00:00
[2024-05-21T19:56:24.665+0000] {processor.py:183} INFO - Processing /home/airflow/.local/lib/python3.12/site-packages/airflow/example_dags/example_skip_dag.py took 0.233 seconds
[2024-05-21T19:56:55.193+0000] {processor.py:161} INFO - Started process (PID=309) to work on /home/airflow/.local/lib/python3.12/site-packages/airflow/example_dags/example_skip_dag.py
[2024-05-21T19:56:55.196+0000] {processor.py:830} INFO - Processing file /home/airflow/.local/lib/python3.12/site-packages/airflow/example_dags/example_skip_dag.py for tasks to queue
[2024-05-21T19:56:55.203+0000] {logging_mixin.py:188} INFO - [2024-05-21T19:56:55.203+0000] {dagbag.py:545} INFO - Filling up the DagBag from /home/airflow/.local/lib/python3.12/site-packages/airflow/example_dags/example_skip_dag.py
[2024-05-21T19:56:55.234+0000] {processor.py:840} INFO - DAG(s) 'example_skip_dag' retrieved from /home/airflow/.local/lib/python3.12/site-packages/airflow/example_dags/example_skip_dag.py
[2024-05-21T19:56:55.287+0000] {logging_mixin.py:188} INFO - [2024-05-21T19:56:55.286+0000] {dag.py:3096} INFO - Sync 1 DAGs
[2024-05-21T19:56:55.377+0000] {logging_mixin.py:188} INFO - [2024-05-21T19:56:55.377+0000] {dag.py:3954} INFO - Setting next_dagrun for example_skip_dag to 2024-05-20 00:00:00+00:00, run_after=2024-05-21 00:00:00+00:00
[2024-05-21T19:56:55.422+0000] {processor.py:183} INFO - Processing /home/airflow/.local/lib/python3.12/site-packages/airflow/example_dags/example_skip_dag.py took 0.249 seconds
[2024-05-21T19:57:26.239+0000] {processor.py:161} INFO - Started process (PID=369) to work on /home/airflow/.local/lib/python3.12/site-packages/airflow/example_dags/example_skip_dag.py
[2024-05-21T19:57:26.242+0000] {processor.py:830} INFO - Processing file /home/airflow/.local/lib/python3.12/site-packages/airflow/example_dags/example_skip_dag.py for tasks to queue
[2024-05-21T19:57:26.247+0000] {logging_mixin.py:188} INFO - [2024-05-21T19:57:26.246+0000] {dagbag.py:545} INFO - Filling up the DagBag from /home/airflow/.local/lib/python3.12/site-packages/airflow/example_dags/example_skip_dag.py
[2024-05-21T19:57:26.273+0000] {processor.py:840} INFO - DAG(s) 'example_skip_dag' retrieved from /home/airflow/.local/lib/python3.12/site-packages/airflow/example_dags/example_skip_dag.py
[2024-05-21T19:57:26.335+0000] {logging_mixin.py:188} INFO - [2024-05-21T19:57:26.334+0000] {dag.py:3096} INFO - Sync 1 DAGs
[2024-05-21T19:57:26.399+0000] {logging_mixin.py:188} INFO - [2024-05-21T19:57:26.398+0000] {dag.py:3954} INFO - Setting next_dagrun for example_skip_dag to 2024-05-20 00:00:00+00:00, run_after=2024-05-21 00:00:00+00:00
[2024-05-21T19:57:26.462+0000] {processor.py:183} INFO - Processing /home/airflow/.local/lib/python3.12/site-packages/airflow/example_dags/example_skip_dag.py took 0.237 seconds
[2024-05-21T19:57:56.735+0000] {processor.py:161} INFO - Started process (PID=429) to work on /home/airflow/.local/lib/python3.12/site-packages/airflow/example_dags/example_skip_dag.py
[2024-05-21T19:57:56.737+0000] {processor.py:830} INFO - Processing file /home/airflow/.local/lib/python3.12/site-packages/airflow/example_dags/example_skip_dag.py for tasks to queue
[2024-05-21T19:57:56.749+0000] {logging_mixin.py:188} INFO - [2024-05-21T19:57:56.746+0000] {dagbag.py:545} INFO - Filling up the DagBag from /home/airflow/.local/lib/python3.12/site-packages/airflow/example_dags/example_skip_dag.py
[2024-05-21T19:57:56.768+0000] {processor.py:840} INFO - DAG(s) 'example_skip_dag' retrieved from /home/airflow/.local/lib/python3.12/site-packages/airflow/example_dags/example_skip_dag.py
[2024-05-21T19:57:56.828+0000] {logging_mixin.py:188} INFO - [2024-05-21T19:57:56.827+0000] {dag.py:3096} INFO - Sync 1 DAGs
[2024-05-21T19:57:56.923+0000] {logging_mixin.py:188} INFO - [2024-05-21T19:57:56.923+0000] {dag.py:3954} INFO - Setting next_dagrun for example_skip_dag to 2024-05-20 00:00:00+00:00, run_after=2024-05-21 00:00:00+00:00
[2024-05-21T19:57:56.978+0000] {processor.py:183} INFO - Processing /home/airflow/.local/lib/python3.12/site-packages/airflow/example_dags/example_skip_dag.py took 0.266 seconds
[2024-05-21T19:58:27.675+0000] {processor.py:161} INFO - Started process (PID=489) to work on /home/airflow/.local/lib/python3.12/site-packages/airflow/example_dags/example_skip_dag.py
[2024-05-21T19:58:27.678+0000] {processor.py:830} INFO - Processing file /home/airflow/.local/lib/python3.12/site-packages/airflow/example_dags/example_skip_dag.py for tasks to queue
[2024-05-21T19:58:27.684+0000] {logging_mixin.py:188} INFO - [2024-05-21T19:58:27.683+0000] {dagbag.py:545} INFO - Filling up the DagBag from /home/airflow/.local/lib/python3.12/site-packages/airflow/example_dags/example_skip_dag.py
[2024-05-21T19:58:27.700+0000] {processor.py:840} INFO - DAG(s) 'example_skip_dag' retrieved from /home/airflow/.local/lib/python3.12/site-packages/airflow/example_dags/example_skip_dag.py
[2024-05-21T19:58:27.800+0000] {logging_mixin.py:188} INFO - [2024-05-21T19:58:27.800+0000] {dag.py:3096} INFO - Sync 1 DAGs
[2024-05-21T19:58:27.870+0000] {logging_mixin.py:188} INFO - [2024-05-21T19:58:27.869+0000] {dag.py:3954} INFO - Setting next_dagrun for example_skip_dag to 2024-05-20 00:00:00+00:00, run_after=2024-05-21 00:00:00+00:00
[2024-05-21T19:58:27.945+0000] {processor.py:183} INFO - Processing /home/airflow/.local/lib/python3.12/site-packages/airflow/example_dags/example_skip_dag.py took 0.286 seconds
[2024-05-21T19:58:58.330+0000] {processor.py:161} INFO - Started process (PID=549) to work on /home/airflow/.local/lib/python3.12/site-packages/airflow/example_dags/example_skip_dag.py
[2024-05-21T19:58:58.333+0000] {processor.py:830} INFO - Processing file /home/airflow/.local/lib/python3.12/site-packages/airflow/example_dags/example_skip_dag.py for tasks to queue
[2024-05-21T19:58:58.338+0000] {logging_mixin.py:188} INFO - [2024-05-21T19:58:58.337+0000] {dagbag.py:545} INFO - Filling up the DagBag from /home/airflow/.local/lib/python3.12/site-packages/airflow/example_dags/example_skip_dag.py
[2024-05-21T19:58:58.354+0000] {processor.py:840} INFO - DAG(s) 'example_skip_dag' retrieved from /home/airflow/.local/lib/python3.12/site-packages/airflow/example_dags/example_skip_dag.py
[2024-05-21T19:58:58.419+0000] {logging_mixin.py:188} INFO - [2024-05-21T19:58:58.419+0000] {dag.py:3096} INFO - Sync 1 DAGs
[2024-05-21T19:58:58.484+0000] {logging_mixin.py:188} INFO - [2024-05-21T19:58:58.484+0000] {dag.py:3954} INFO - Setting next_dagrun for example_skip_dag to 2024-05-20 00:00:00+00:00, run_after=2024-05-21 00:00:00+00:00
[2024-05-21T19:58:58.558+0000] {processor.py:183} INFO - Processing /home/airflow/.local/lib/python3.12/site-packages/airflow/example_dags/example_skip_dag.py took 0.244 seconds
[2024-05-21T19:59:29.749+0000] {processor.py:161} INFO - Started process (PID=609) to work on /home/airflow/.local/lib/python3.12/site-packages/airflow/example_dags/example_skip_dag.py
[2024-05-21T19:59:29.751+0000] {processor.py:830} INFO - Processing file /home/airflow/.local/lib/python3.12/site-packages/airflow/example_dags/example_skip_dag.py for tasks to queue
[2024-05-21T19:59:29.756+0000] {logging_mixin.py:188} INFO - [2024-05-21T19:59:29.755+0000] {dagbag.py:545} INFO - Filling up the DagBag from /home/airflow/.local/lib/python3.12/site-packages/airflow/example_dags/example_skip_dag.py
[2024-05-21T19:59:29.775+0000] {processor.py:840} INFO - DAG(s) 'example_skip_dag' retrieved from /home/airflow/.local/lib/python3.12/site-packages/airflow/example_dags/example_skip_dag.py
[2024-05-21T19:59:29.848+0000] {logging_mixin.py:188} INFO - [2024-05-21T19:59:29.848+0000] {dag.py:3096} INFO - Sync 1 DAGs
[2024-05-21T19:59:29.908+0000] {logging_mixin.py:188} INFO - [2024-05-21T19:59:29.908+0000] {dag.py:3954} INFO - Setting next_dagrun for example_skip_dag to 2024-05-20 00:00:00+00:00, run_after=2024-05-21 00:00:00+00:00
[2024-05-21T19:59:29.952+0000] {processor.py:183} INFO - Processing /home/airflow/.local/lib/python3.12/site-packages/airflow/example_dags/example_skip_dag.py took 0.218 seconds
[2024-05-21T20:00:01.653+0000] {processor.py:161} INFO - Started process (PID=669) to work on /home/airflow/.local/lib/python3.12/site-packages/airflow/example_dags/example_skip_dag.py
[2024-05-21T20:00:01.656+0000] {processor.py:830} INFO - Processing file /home/airflow/.local/lib/python3.12/site-packages/airflow/example_dags/example_skip_dag.py for tasks to queue
[2024-05-21T20:00:01.661+0000] {logging_mixin.py:188} INFO - [2024-05-21T20:00:01.660+0000] {dagbag.py:545} INFO - Filling up the DagBag from /home/airflow/.local/lib/python3.12/site-packages/airflow/example_dags/example_skip_dag.py
[2024-05-21T20:00:01.680+0000] {processor.py:840} INFO - DAG(s) 'example_skip_dag' retrieved from /home/airflow/.local/lib/python3.12/site-packages/airflow/example_dags/example_skip_dag.py
[2024-05-21T20:00:01.734+0000] {logging_mixin.py:188} INFO - [2024-05-21T20:00:01.734+0000] {dag.py:3096} INFO - Sync 1 DAGs
[2024-05-21T20:00:01.815+0000] {logging_mixin.py:188} INFO - [2024-05-21T20:00:01.815+0000] {dag.py:3954} INFO - Setting next_dagrun for example_skip_dag to 2024-05-20 00:00:00+00:00, run_after=2024-05-21 00:00:00+00:00
[2024-05-21T20:00:01.880+0000] {processor.py:183} INFO - Processing /home/airflow/.local/lib/python3.12/site-packages/airflow/example_dags/example_skip_dag.py took 0.243 seconds
[2024-05-21T20:00:33.235+0000] {processor.py:161} INFO - Started process (PID=729) to work on /home/airflow/.local/lib/python3.12/site-packages/airflow/example_dags/example_skip_dag.py
[2024-05-21T20:00:33.238+0000] {processor.py:830} INFO - Processing file /home/airflow/.local/lib/python3.12/site-packages/airflow/example_dags/example_skip_dag.py for tasks to queue
[2024-05-21T20:00:33.248+0000] {logging_mixin.py:188} INFO - [2024-05-21T20:00:33.247+0000] {dagbag.py:545} INFO - Filling up the DagBag from /home/airflow/.local/lib/python3.12/site-packages/airflow/example_dags/example_skip_dag.py
[2024-05-21T20:00:33.264+0000] {processor.py:840} INFO - DAG(s) 'example_skip_dag' retrieved from /home/airflow/.local/lib/python3.12/site-packages/airflow/example_dags/example_skip_dag.py
[2024-05-21T20:00:33.320+0000] {logging_mixin.py:188} INFO - [2024-05-21T20:00:33.319+0000] {dag.py:3096} INFO - Sync 1 DAGs
[2024-05-21T20:00:33.381+0000] {logging_mixin.py:188} INFO - [2024-05-21T20:00:33.380+0000] {dag.py:3954} INFO - Setting next_dagrun for example_skip_dag to 2024-05-20 00:00:00+00:00, run_after=2024-05-21 00:00:00+00:00
[2024-05-21T20:00:33.454+0000] {processor.py:183} INFO - Processing /home/airflow/.local/lib/python3.12/site-packages/airflow/example_dags/example_skip_dag.py took 0.235 seconds
[2024-05-21T20:01:05.355+0000] {processor.py:161} INFO - Started process (PID=795) to work on /home/airflow/.local/lib/python3.12/site-packages/airflow/example_dags/example_skip_dag.py
[2024-05-21T20:01:05.358+0000] {processor.py:830} INFO - Processing file /home/airflow/.local/lib/python3.12/site-packages/airflow/example_dags/example_skip_dag.py for tasks to queue
[2024-05-21T20:01:05.364+0000] {logging_mixin.py:188} INFO - [2024-05-21T20:01:05.363+0000] {dagbag.py:545} INFO - Filling up the DagBag from /home/airflow/.local/lib/python3.12/site-packages/airflow/example_dags/example_skip_dag.py
[2024-05-21T20:01:05.386+0000] {processor.py:840} INFO - DAG(s) 'example_skip_dag' retrieved from /home/airflow/.local/lib/python3.12/site-packages/airflow/example_dags/example_skip_dag.py
[2024-05-21T20:01:05.444+0000] {logging_mixin.py:188} INFO - [2024-05-21T20:01:05.443+0000] {dag.py:3096} INFO - Sync 1 DAGs
[2024-05-21T20:01:05.510+0000] {logging_mixin.py:188} INFO - [2024-05-21T20:01:05.509+0000] {dag.py:3954} INFO - Setting next_dagrun for example_skip_dag to 2024-05-20 00:00:00+00:00, run_after=2024-05-21 00:00:00+00:00
[2024-05-21T20:01:05.592+0000] {processor.py:183} INFO - Processing /home/airflow/.local/lib/python3.12/site-packages/airflow/example_dags/example_skip_dag.py took 0.258 seconds
[2024-05-21T20:01:36.130+0000] {processor.py:161} INFO - Started process (PID=855) to work on /home/airflow/.local/lib/python3.12/site-packages/airflow/example_dags/example_skip_dag.py
[2024-05-21T20:01:36.133+0000] {processor.py:830} INFO - Processing file /home/airflow/.local/lib/python3.12/site-packages/airflow/example_dags/example_skip_dag.py for tasks to queue
[2024-05-21T20:01:36.138+0000] {logging_mixin.py:188} INFO - [2024-05-21T20:01:36.137+0000] {dagbag.py:545} INFO - Filling up the DagBag from /home/airflow/.local/lib/python3.12/site-packages/airflow/example_dags/example_skip_dag.py
[2024-05-21T20:01:36.154+0000] {processor.py:840} INFO - DAG(s) 'example_skip_dag' retrieved from /home/airflow/.local/lib/python3.12/site-packages/airflow/example_dags/example_skip_dag.py
[2024-05-21T20:01:36.227+0000] {logging_mixin.py:188} INFO - [2024-05-21T20:01:36.226+0000] {dag.py:3096} INFO - Sync 1 DAGs
[2024-05-21T20:01:36.297+0000] {logging_mixin.py:188} INFO - [2024-05-21T20:01:36.296+0000] {dag.py:3954} INFO - Setting next_dagrun for example_skip_dag to 2024-05-20 00:00:00+00:00, run_after=2024-05-21 00:00:00+00:00
[2024-05-21T20:01:36.368+0000] {processor.py:183} INFO - Processing /home/airflow/.local/lib/python3.12/site-packages/airflow/example_dags/example_skip_dag.py took 0.257 seconds
[2024-05-21T20:02:07.394+0000] {processor.py:161} INFO - Started process (PID=915) to work on /home/airflow/.local/lib/python3.12/site-packages/airflow/example_dags/example_skip_dag.py
[2024-05-21T20:02:07.397+0000] {processor.py:830} INFO - Processing file /home/airflow/.local/lib/python3.12/site-packages/airflow/example_dags/example_skip_dag.py for tasks to queue
[2024-05-21T20:02:07.403+0000] {logging_mixin.py:188} INFO - [2024-05-21T20:02:07.402+0000] {dagbag.py:545} INFO - Filling up the DagBag from /home/airflow/.local/lib/python3.12/site-packages/airflow/example_dags/example_skip_dag.py
[2024-05-21T20:02:07.419+0000] {processor.py:840} INFO - DAG(s) 'example_skip_dag' retrieved from /home/airflow/.local/lib/python3.12/site-packages/airflow/example_dags/example_skip_dag.py
[2024-05-21T20:02:07.487+0000] {logging_mixin.py:188} INFO - [2024-05-21T20:02:07.486+0000] {dag.py:3096} INFO - Sync 1 DAGs
[2024-05-21T20:02:07.574+0000] {logging_mixin.py:188} INFO - [2024-05-21T20:02:07.574+0000] {dag.py:3954} INFO - Setting next_dagrun for example_skip_dag to 2024-05-20 00:00:00+00:00, run_after=2024-05-21 00:00:00+00:00
[2024-05-21T20:02:07.650+0000] {processor.py:183} INFO - Processing /home/airflow/.local/lib/python3.12/site-packages/airflow/example_dags/example_skip_dag.py took 0.275 seconds
[2024-05-21T20:02:38.609+0000] {processor.py:161} INFO - Started process (PID=975) to work on /home/airflow/.local/lib/python3.12/site-packages/airflow/example_dags/example_skip_dag.py
[2024-05-21T20:02:38.612+0000] {processor.py:830} INFO - Processing file /home/airflow/.local/lib/python3.12/site-packages/airflow/example_dags/example_skip_dag.py for tasks to queue
[2024-05-21T20:02:38.617+0000] {logging_mixin.py:188} INFO - [2024-05-21T20:02:38.616+0000] {dagbag.py:545} INFO - Filling up the DagBag from /home/airflow/.local/lib/python3.12/site-packages/airflow/example_dags/example_skip_dag.py
[2024-05-21T20:02:38.633+0000] {processor.py:840} INFO - DAG(s) 'example_skip_dag' retrieved from /home/airflow/.local/lib/python3.12/site-packages/airflow/example_dags/example_skip_dag.py
[2024-05-21T20:02:38.690+0000] {logging_mixin.py:188} INFO - [2024-05-21T20:02:38.689+0000] {dag.py:3096} INFO - Sync 1 DAGs
[2024-05-21T20:02:38.743+0000] {logging_mixin.py:188} INFO - [2024-05-21T20:02:38.742+0000] {dag.py:3954} INFO - Setting next_dagrun for example_skip_dag to 2024-05-20 00:00:00+00:00, run_after=2024-05-21 00:00:00+00:00
[2024-05-21T20:02:38.787+0000] {processor.py:183} INFO - Processing /home/airflow/.local/lib/python3.12/site-packages/airflow/example_dags/example_skip_dag.py took 0.189 seconds
