[2024-05-21T19:29:11.352+0000] {processor.py:161} INFO - Started process (PID=83) to work on /home/airflow/.local/lib/python3.12/site-packages/airflow/example_dags/example_task_group.py
[2024-05-21T19:29:11.358+0000] {processor.py:830} INFO - Processing file /home/airflow/.local/lib/python3.12/site-packages/airflow/example_dags/example_task_group.py for tasks to queue
[2024-05-21T19:29:11.369+0000] {logging_mixin.py:188} INFO - [2024-05-21T19:29:11.368+0000] {dagbag.py:545} INFO - Filling up the DagBag from /home/airflow/.local/lib/python3.12/site-packages/airflow/example_dags/example_task_group.py
[2024-05-21T19:29:11.398+0000] {processor.py:840} INFO - DAG(s) 'example_task_group' retrieved from /home/airflow/.local/lib/python3.12/site-packages/airflow/example_dags/example_task_group.py
[2024-05-21T19:29:11.740+0000] {logging_mixin.py:188} INFO - [2024-05-21T19:29:11.740+0000] {dag.py:3096} INFO - Sync 1 DAGs
[2024-05-21T19:29:11.798+0000] {logging_mixin.py:188} INFO - [2024-05-21T19:29:11.797+0000] {dag.py:3954} INFO - Setting next_dagrun for example_task_group to 2024-05-20 00:00:00+00:00, run_after=2024-05-21 00:00:00+00:00
[2024-05-21T19:29:11.878+0000] {processor.py:183} INFO - Processing /home/airflow/.local/lib/python3.12/site-packages/airflow/example_dags/example_task_group.py took 0.541 seconds
[2024-05-21T19:29:42.071+0000] {processor.py:161} INFO - Started process (PID=144) to work on /home/airflow/.local/lib/python3.12/site-packages/airflow/example_dags/example_task_group.py
[2024-05-21T19:29:42.074+0000] {processor.py:830} INFO - Processing file /home/airflow/.local/lib/python3.12/site-packages/airflow/example_dags/example_task_group.py for tasks to queue
[2024-05-21T19:29:42.079+0000] {logging_mixin.py:188} INFO - [2024-05-21T19:29:42.078+0000] {dagbag.py:545} INFO - Filling up the DagBag from /home/airflow/.local/lib/python3.12/site-packages/airflow/example_dags/example_task_group.py
[2024-05-21T19:29:42.101+0000] {processor.py:840} INFO - DAG(s) 'example_task_group' retrieved from /home/airflow/.local/lib/python3.12/site-packages/airflow/example_dags/example_task_group.py
[2024-05-21T19:29:42.172+0000] {logging_mixin.py:188} INFO - [2024-05-21T19:29:42.170+0000] {dag.py:3096} INFO - Sync 1 DAGs
[2024-05-21T19:29:42.246+0000] {logging_mixin.py:188} INFO - [2024-05-21T19:29:42.245+0000] {dag.py:3954} INFO - Setting next_dagrun for example_task_group to 2024-05-20 00:00:00+00:00, run_after=2024-05-21 00:00:00+00:00
[2024-05-21T19:29:42.307+0000] {processor.py:183} INFO - Processing /home/airflow/.local/lib/python3.12/site-packages/airflow/example_dags/example_task_group.py took 0.249 seconds
[2024-05-21T19:30:12.451+0000] {processor.py:161} INFO - Started process (PID=205) to work on /home/airflow/.local/lib/python3.12/site-packages/airflow/example_dags/example_task_group.py
[2024-05-21T19:30:12.454+0000] {processor.py:830} INFO - Processing file /home/airflow/.local/lib/python3.12/site-packages/airflow/example_dags/example_task_group.py for tasks to queue
[2024-05-21T19:30:12.460+0000] {logging_mixin.py:188} INFO - [2024-05-21T19:30:12.459+0000] {dagbag.py:545} INFO - Filling up the DagBag from /home/airflow/.local/lib/python3.12/site-packages/airflow/example_dags/example_task_group.py
[2024-05-21T19:30:12.479+0000] {processor.py:840} INFO - DAG(s) 'example_task_group' retrieved from /home/airflow/.local/lib/python3.12/site-packages/airflow/example_dags/example_task_group.py
[2024-05-21T19:30:12.542+0000] {logging_mixin.py:188} INFO - [2024-05-21T19:30:12.541+0000] {dag.py:3096} INFO - Sync 1 DAGs
[2024-05-21T19:30:12.606+0000] {logging_mixin.py:188} INFO - [2024-05-21T19:30:12.606+0000] {dag.py:3954} INFO - Setting next_dagrun for example_task_group to 2024-05-20 00:00:00+00:00, run_after=2024-05-21 00:00:00+00:00
[2024-05-21T19:30:12.670+0000] {processor.py:183} INFO - Processing /home/airflow/.local/lib/python3.12/site-packages/airflow/example_dags/example_task_group.py took 0.234 seconds
[2024-05-21T19:30:43.386+0000] {processor.py:161} INFO - Started process (PID=265) to work on /home/airflow/.local/lib/python3.12/site-packages/airflow/example_dags/example_task_group.py
[2024-05-21T19:30:43.389+0000] {processor.py:830} INFO - Processing file /home/airflow/.local/lib/python3.12/site-packages/airflow/example_dags/example_task_group.py for tasks to queue
[2024-05-21T19:30:43.394+0000] {logging_mixin.py:188} INFO - [2024-05-21T19:30:43.393+0000] {dagbag.py:545} INFO - Filling up the DagBag from /home/airflow/.local/lib/python3.12/site-packages/airflow/example_dags/example_task_group.py
[2024-05-21T19:30:43.415+0000] {processor.py:840} INFO - DAG(s) 'example_task_group' retrieved from /home/airflow/.local/lib/python3.12/site-packages/airflow/example_dags/example_task_group.py
[2024-05-21T19:30:43.495+0000] {logging_mixin.py:188} INFO - [2024-05-21T19:30:43.495+0000] {dag.py:3096} INFO - Sync 1 DAGs
[2024-05-21T19:30:43.582+0000] {logging_mixin.py:188} INFO - [2024-05-21T19:30:43.581+0000] {dag.py:3954} INFO - Setting next_dagrun for example_task_group to 2024-05-20 00:00:00+00:00, run_after=2024-05-21 00:00:00+00:00
[2024-05-21T19:30:43.667+0000] {processor.py:183} INFO - Processing /home/airflow/.local/lib/python3.12/site-packages/airflow/example_dags/example_task_group.py took 0.297 seconds
[2024-05-21T19:31:14.804+0000] {processor.py:161} INFO - Started process (PID=323) to work on /home/airflow/.local/lib/python3.12/site-packages/airflow/example_dags/example_task_group.py
[2024-05-21T19:31:14.811+0000] {processor.py:830} INFO - Processing file /home/airflow/.local/lib/python3.12/site-packages/airflow/example_dags/example_task_group.py for tasks to queue
[2024-05-21T19:31:14.819+0000] {logging_mixin.py:188} INFO - [2024-05-21T19:31:14.818+0000] {dagbag.py:545} INFO - Filling up the DagBag from /home/airflow/.local/lib/python3.12/site-packages/airflow/example_dags/example_task_group.py
[2024-05-21T19:31:14.835+0000] {processor.py:840} INFO - DAG(s) 'example_task_group' retrieved from /home/airflow/.local/lib/python3.12/site-packages/airflow/example_dags/example_task_group.py
[2024-05-21T19:31:14.898+0000] {logging_mixin.py:188} INFO - [2024-05-21T19:31:14.897+0000] {dag.py:3096} INFO - Sync 1 DAGs
[2024-05-21T19:31:14.959+0000] {logging_mixin.py:188} INFO - [2024-05-21T19:31:14.959+0000] {dag.py:3954} INFO - Setting next_dagrun for example_task_group to 2024-05-20 00:00:00+00:00, run_after=2024-05-21 00:00:00+00:00
[2024-05-21T19:31:15.002+0000] {processor.py:183} INFO - Processing /home/airflow/.local/lib/python3.12/site-packages/airflow/example_dags/example_task_group.py took 0.223 seconds
[2024-05-21T19:31:45.326+0000] {processor.py:161} INFO - Started process (PID=385) to work on /home/airflow/.local/lib/python3.12/site-packages/airflow/example_dags/example_task_group.py
[2024-05-21T19:31:45.329+0000] {processor.py:830} INFO - Processing file /home/airflow/.local/lib/python3.12/site-packages/airflow/example_dags/example_task_group.py for tasks to queue
[2024-05-21T19:31:45.333+0000] {logging_mixin.py:188} INFO - [2024-05-21T19:31:45.332+0000] {dagbag.py:545} INFO - Filling up the DagBag from /home/airflow/.local/lib/python3.12/site-packages/airflow/example_dags/example_task_group.py
[2024-05-21T19:31:45.349+0000] {processor.py:840} INFO - DAG(s) 'example_task_group' retrieved from /home/airflow/.local/lib/python3.12/site-packages/airflow/example_dags/example_task_group.py
[2024-05-21T19:31:45.396+0000] {logging_mixin.py:188} INFO - [2024-05-21T19:31:45.395+0000] {dag.py:3096} INFO - Sync 1 DAGs
[2024-05-21T19:31:45.447+0000] {logging_mixin.py:188} INFO - [2024-05-21T19:31:45.447+0000] {dag.py:3954} INFO - Setting next_dagrun for example_task_group to 2024-05-20 00:00:00+00:00, run_after=2024-05-21 00:00:00+00:00
[2024-05-21T19:31:45.520+0000] {processor.py:183} INFO - Processing /home/airflow/.local/lib/python3.12/site-packages/airflow/example_dags/example_task_group.py took 0.204 seconds
[2024-05-21T19:32:17.043+0000] {processor.py:161} INFO - Started process (PID=443) to work on /home/airflow/.local/lib/python3.12/site-packages/airflow/example_dags/example_task_group.py
[2024-05-21T19:32:17.047+0000] {processor.py:830} INFO - Processing file /home/airflow/.local/lib/python3.12/site-packages/airflow/example_dags/example_task_group.py for tasks to queue
[2024-05-21T19:32:17.053+0000] {logging_mixin.py:188} INFO - [2024-05-21T19:32:17.052+0000] {dagbag.py:545} INFO - Filling up the DagBag from /home/airflow/.local/lib/python3.12/site-packages/airflow/example_dags/example_task_group.py
[2024-05-21T19:32:17.106+0000] {processor.py:840} INFO - DAG(s) 'example_task_group' retrieved from /home/airflow/.local/lib/python3.12/site-packages/airflow/example_dags/example_task_group.py
[2024-05-21T19:32:17.199+0000] {logging_mixin.py:188} INFO - [2024-05-21T19:32:17.198+0000] {dag.py:3096} INFO - Sync 1 DAGs
[2024-05-21T19:32:17.300+0000] {logging_mixin.py:188} INFO - [2024-05-21T19:32:17.299+0000] {dag.py:3954} INFO - Setting next_dagrun for example_task_group to 2024-05-20 00:00:00+00:00, run_after=2024-05-21 00:00:00+00:00
[2024-05-21T19:32:17.405+0000] {processor.py:183} INFO - Processing /home/airflow/.local/lib/python3.12/site-packages/airflow/example_dags/example_task_group.py took 0.390 seconds
[2024-05-21T19:32:51.221+0000] {processor.py:161} INFO - Started process (PID=510) to work on /home/airflow/.local/lib/python3.12/site-packages/airflow/example_dags/example_task_group.py
[2024-05-21T19:32:51.226+0000] {processor.py:830} INFO - Processing file /home/airflow/.local/lib/python3.12/site-packages/airflow/example_dags/example_task_group.py for tasks to queue
[2024-05-21T19:32:51.237+0000] {logging_mixin.py:188} INFO - [2024-05-21T19:32:51.236+0000] {dagbag.py:545} INFO - Filling up the DagBag from /home/airflow/.local/lib/python3.12/site-packages/airflow/example_dags/example_task_group.py
[2024-05-21T19:32:51.259+0000] {processor.py:840} INFO - DAG(s) 'example_task_group' retrieved from /home/airflow/.local/lib/python3.12/site-packages/airflow/example_dags/example_task_group.py
[2024-05-21T19:32:51.335+0000] {logging_mixin.py:188} INFO - [2024-05-21T19:32:51.333+0000] {dag.py:3096} INFO - Sync 1 DAGs
[2024-05-21T19:32:51.412+0000] {logging_mixin.py:188} INFO - [2024-05-21T19:32:51.412+0000] {dag.py:3954} INFO - Setting next_dagrun for example_task_group to 2024-05-20 00:00:00+00:00, run_after=2024-05-21 00:00:00+00:00
[2024-05-21T19:32:51.465+0000] {processor.py:183} INFO - Processing /home/airflow/.local/lib/python3.12/site-packages/airflow/example_dags/example_task_group.py took 0.269 seconds
[2024-05-21T19:33:21.898+0000] {processor.py:161} INFO - Started process (PID=570) to work on /home/airflow/.local/lib/python3.12/site-packages/airflow/example_dags/example_task_group.py
[2024-05-21T19:33:21.901+0000] {processor.py:830} INFO - Processing file /home/airflow/.local/lib/python3.12/site-packages/airflow/example_dags/example_task_group.py for tasks to queue
[2024-05-21T19:33:21.907+0000] {logging_mixin.py:188} INFO - [2024-05-21T19:33:21.906+0000] {dagbag.py:545} INFO - Filling up the DagBag from /home/airflow/.local/lib/python3.12/site-packages/airflow/example_dags/example_task_group.py
[2024-05-21T19:33:21.936+0000] {processor.py:840} INFO - DAG(s) 'example_task_group' retrieved from /home/airflow/.local/lib/python3.12/site-packages/airflow/example_dags/example_task_group.py
[2024-05-21T19:33:22.028+0000] {logging_mixin.py:188} INFO - [2024-05-21T19:33:22.027+0000] {dag.py:3096} INFO - Sync 1 DAGs
[2024-05-21T19:33:22.145+0000] {logging_mixin.py:188} INFO - [2024-05-21T19:33:22.144+0000] {dag.py:3954} INFO - Setting next_dagrun for example_task_group to 2024-05-20 00:00:00+00:00, run_after=2024-05-21 00:00:00+00:00
[2024-05-21T19:33:22.204+0000] {processor.py:183} INFO - Processing /home/airflow/.local/lib/python3.12/site-packages/airflow/example_dags/example_task_group.py took 0.323 seconds
[2024-05-21T19:33:52.365+0000] {processor.py:161} INFO - Started process (PID=630) to work on /home/airflow/.local/lib/python3.12/site-packages/airflow/example_dags/example_task_group.py
[2024-05-21T19:33:52.368+0000] {processor.py:830} INFO - Processing file /home/airflow/.local/lib/python3.12/site-packages/airflow/example_dags/example_task_group.py for tasks to queue
[2024-05-21T19:33:52.374+0000] {logging_mixin.py:188} INFO - [2024-05-21T19:33:52.373+0000] {dagbag.py:545} INFO - Filling up the DagBag from /home/airflow/.local/lib/python3.12/site-packages/airflow/example_dags/example_task_group.py
[2024-05-21T19:33:52.394+0000] {processor.py:840} INFO - DAG(s) 'example_task_group' retrieved from /home/airflow/.local/lib/python3.12/site-packages/airflow/example_dags/example_task_group.py
[2024-05-21T19:33:52.471+0000] {logging_mixin.py:188} INFO - [2024-05-21T19:33:52.470+0000] {dag.py:3096} INFO - Sync 1 DAGs
[2024-05-21T19:33:52.558+0000] {logging_mixin.py:188} INFO - [2024-05-21T19:33:52.557+0000] {dag.py:3954} INFO - Setting next_dagrun for example_task_group to 2024-05-20 00:00:00+00:00, run_after=2024-05-21 00:00:00+00:00
[2024-05-21T19:33:52.621+0000] {processor.py:183} INFO - Processing /home/airflow/.local/lib/python3.12/site-packages/airflow/example_dags/example_task_group.py took 0.270 seconds
[2024-05-21T19:34:24.007+0000] {processor.py:161} INFO - Started process (PID=690) to work on /home/airflow/.local/lib/python3.12/site-packages/airflow/example_dags/example_task_group.py
[2024-05-21T19:34:24.009+0000] {processor.py:830} INFO - Processing file /home/airflow/.local/lib/python3.12/site-packages/airflow/example_dags/example_task_group.py for tasks to queue
[2024-05-21T19:34:24.014+0000] {logging_mixin.py:188} INFO - [2024-05-21T19:34:24.013+0000] {dagbag.py:545} INFO - Filling up the DagBag from /home/airflow/.local/lib/python3.12/site-packages/airflow/example_dags/example_task_group.py
[2024-05-21T19:34:24.032+0000] {processor.py:840} INFO - DAG(s) 'example_task_group' retrieved from /home/airflow/.local/lib/python3.12/site-packages/airflow/example_dags/example_task_group.py
[2024-05-21T19:34:24.084+0000] {logging_mixin.py:188} INFO - [2024-05-21T19:34:24.084+0000] {dag.py:3096} INFO - Sync 1 DAGs
[2024-05-21T19:34:24.132+0000] {logging_mixin.py:188} INFO - [2024-05-21T19:34:24.131+0000] {dag.py:3954} INFO - Setting next_dagrun for example_task_group to 2024-05-20 00:00:00+00:00, run_after=2024-05-21 00:00:00+00:00
[2024-05-21T19:34:24.195+0000] {processor.py:183} INFO - Processing /home/airflow/.local/lib/python3.12/site-packages/airflow/example_dags/example_task_group.py took 0.214 seconds
[2024-05-21T19:34:54.984+0000] {processor.py:161} INFO - Started process (PID=750) to work on /home/airflow/.local/lib/python3.12/site-packages/airflow/example_dags/example_task_group.py
[2024-05-21T19:34:54.986+0000] {processor.py:830} INFO - Processing file /home/airflow/.local/lib/python3.12/site-packages/airflow/example_dags/example_task_group.py for tasks to queue
[2024-05-21T19:34:54.991+0000] {logging_mixin.py:188} INFO - [2024-05-21T19:34:54.990+0000] {dagbag.py:545} INFO - Filling up the DagBag from /home/airflow/.local/lib/python3.12/site-packages/airflow/example_dags/example_task_group.py
[2024-05-21T19:34:55.015+0000] {processor.py:840} INFO - DAG(s) 'example_task_group' retrieved from /home/airflow/.local/lib/python3.12/site-packages/airflow/example_dags/example_task_group.py
[2024-05-21T19:34:55.103+0000] {logging_mixin.py:188} INFO - [2024-05-21T19:34:55.103+0000] {dag.py:3096} INFO - Sync 1 DAGs
[2024-05-21T19:34:55.247+0000] {logging_mixin.py:188} INFO - [2024-05-21T19:34:55.245+0000] {dag.py:3954} INFO - Setting next_dagrun for example_task_group to 2024-05-20 00:00:00+00:00, run_after=2024-05-21 00:00:00+00:00
[2024-05-21T19:34:55.326+0000] {processor.py:183} INFO - Processing /home/airflow/.local/lib/python3.12/site-packages/airflow/example_dags/example_task_group.py took 0.365 seconds
[2024-05-21T19:35:26.521+0000] {processor.py:161} INFO - Started process (PID=810) to work on /home/airflow/.local/lib/python3.12/site-packages/airflow/example_dags/example_task_group.py
[2024-05-21T19:35:26.523+0000] {processor.py:830} INFO - Processing file /home/airflow/.local/lib/python3.12/site-packages/airflow/example_dags/example_task_group.py for tasks to queue
[2024-05-21T19:35:26.528+0000] {logging_mixin.py:188} INFO - [2024-05-21T19:35:26.527+0000] {dagbag.py:545} INFO - Filling up the DagBag from /home/airflow/.local/lib/python3.12/site-packages/airflow/example_dags/example_task_group.py
[2024-05-21T19:35:26.547+0000] {processor.py:840} INFO - DAG(s) 'example_task_group' retrieved from /home/airflow/.local/lib/python3.12/site-packages/airflow/example_dags/example_task_group.py
[2024-05-21T19:35:26.615+0000] {logging_mixin.py:188} INFO - [2024-05-21T19:35:26.614+0000] {dag.py:3096} INFO - Sync 1 DAGs
[2024-05-21T19:35:26.693+0000] {logging_mixin.py:188} INFO - [2024-05-21T19:35:26.693+0000] {dag.py:3954} INFO - Setting next_dagrun for example_task_group to 2024-05-20 00:00:00+00:00, run_after=2024-05-21 00:00:00+00:00
[2024-05-21T19:35:26.749+0000] {processor.py:183} INFO - Processing /home/airflow/.local/lib/python3.12/site-packages/airflow/example_dags/example_task_group.py took 0.243 seconds
[2024-05-21T19:35:57.972+0000] {processor.py:161} INFO - Started process (PID=869) to work on /home/airflow/.local/lib/python3.12/site-packages/airflow/example_dags/example_task_group.py
[2024-05-21T19:35:57.975+0000] {processor.py:830} INFO - Processing file /home/airflow/.local/lib/python3.12/site-packages/airflow/example_dags/example_task_group.py for tasks to queue
[2024-05-21T19:35:57.981+0000] {logging_mixin.py:188} INFO - [2024-05-21T19:35:57.980+0000] {dagbag.py:545} INFO - Filling up the DagBag from /home/airflow/.local/lib/python3.12/site-packages/airflow/example_dags/example_task_group.py
[2024-05-21T19:35:58.004+0000] {processor.py:840} INFO - DAG(s) 'example_task_group' retrieved from /home/airflow/.local/lib/python3.12/site-packages/airflow/example_dags/example_task_group.py
[2024-05-21T19:35:58.077+0000] {logging_mixin.py:188} INFO - [2024-05-21T19:35:58.076+0000] {dag.py:3096} INFO - Sync 1 DAGs
[2024-05-21T19:35:58.165+0000] {logging_mixin.py:188} INFO - [2024-05-21T19:35:58.165+0000] {dag.py:3954} INFO - Setting next_dagrun for example_task_group to 2024-05-20 00:00:00+00:00, run_after=2024-05-21 00:00:00+00:00
[2024-05-21T19:35:58.264+0000] {processor.py:183} INFO - Processing /home/airflow/.local/lib/python3.12/site-packages/airflow/example_dags/example_task_group.py took 0.311 seconds
[2024-05-21T19:36:29.665+0000] {processor.py:161} INFO - Started process (PID=929) to work on /home/airflow/.local/lib/python3.12/site-packages/airflow/example_dags/example_task_group.py
[2024-05-21T19:36:29.669+0000] {processor.py:830} INFO - Processing file /home/airflow/.local/lib/python3.12/site-packages/airflow/example_dags/example_task_group.py for tasks to queue
[2024-05-21T19:36:29.677+0000] {logging_mixin.py:188} INFO - [2024-05-21T19:36:29.676+0000] {dagbag.py:545} INFO - Filling up the DagBag from /home/airflow/.local/lib/python3.12/site-packages/airflow/example_dags/example_task_group.py
[2024-05-21T19:36:29.701+0000] {processor.py:840} INFO - DAG(s) 'example_task_group' retrieved from /home/airflow/.local/lib/python3.12/site-packages/airflow/example_dags/example_task_group.py
[2024-05-21T19:36:29.771+0000] {logging_mixin.py:188} INFO - [2024-05-21T19:36:29.770+0000] {dag.py:3096} INFO - Sync 1 DAGs
[2024-05-21T19:36:29.935+0000] {logging_mixin.py:188} INFO - [2024-05-21T19:36:29.933+0000] {dag.py:3954} INFO - Setting next_dagrun for example_task_group to 2024-05-20 00:00:00+00:00, run_after=2024-05-21 00:00:00+00:00
[2024-05-21T19:36:30.041+0000] {processor.py:183} INFO - Processing /home/airflow/.local/lib/python3.12/site-packages/airflow/example_dags/example_task_group.py took 0.397 seconds
[2024-05-21T19:37:01.180+0000] {processor.py:161} INFO - Started process (PID=990) to work on /home/airflow/.local/lib/python3.12/site-packages/airflow/example_dags/example_task_group.py
[2024-05-21T19:37:01.182+0000] {processor.py:830} INFO - Processing file /home/airflow/.local/lib/python3.12/site-packages/airflow/example_dags/example_task_group.py for tasks to queue
[2024-05-21T19:37:01.187+0000] {logging_mixin.py:188} INFO - [2024-05-21T19:37:01.186+0000] {dagbag.py:545} INFO - Filling up the DagBag from /home/airflow/.local/lib/python3.12/site-packages/airflow/example_dags/example_task_group.py
[2024-05-21T19:37:01.206+0000] {processor.py:840} INFO - DAG(s) 'example_task_group' retrieved from /home/airflow/.local/lib/python3.12/site-packages/airflow/example_dags/example_task_group.py
[2024-05-21T19:37:01.273+0000] {logging_mixin.py:188} INFO - [2024-05-21T19:37:01.273+0000] {dag.py:3096} INFO - Sync 1 DAGs
[2024-05-21T19:37:01.334+0000] {logging_mixin.py:188} INFO - [2024-05-21T19:37:01.334+0000] {dag.py:3954} INFO - Setting next_dagrun for example_task_group to 2024-05-20 00:00:00+00:00, run_after=2024-05-21 00:00:00+00:00
[2024-05-21T19:37:01.384+0000] {processor.py:183} INFO - Processing /home/airflow/.local/lib/python3.12/site-packages/airflow/example_dags/example_task_group.py took 0.217 seconds
[2024-05-21T19:37:32.471+0000] {processor.py:161} INFO - Started process (PID=1049) to work on /home/airflow/.local/lib/python3.12/site-packages/airflow/example_dags/example_task_group.py
[2024-05-21T19:37:32.473+0000] {processor.py:830} INFO - Processing file /home/airflow/.local/lib/python3.12/site-packages/airflow/example_dags/example_task_group.py for tasks to queue
[2024-05-21T19:37:32.479+0000] {logging_mixin.py:188} INFO - [2024-05-21T19:37:32.478+0000] {dagbag.py:545} INFO - Filling up the DagBag from /home/airflow/.local/lib/python3.12/site-packages/airflow/example_dags/example_task_group.py
[2024-05-21T19:37:32.516+0000] {processor.py:840} INFO - DAG(s) 'example_task_group' retrieved from /home/airflow/.local/lib/python3.12/site-packages/airflow/example_dags/example_task_group.py
[2024-05-21T19:37:32.590+0000] {logging_mixin.py:188} INFO - [2024-05-21T19:37:32.589+0000] {dag.py:3096} INFO - Sync 1 DAGs
[2024-05-21T19:37:32.660+0000] {logging_mixin.py:188} INFO - [2024-05-21T19:37:32.659+0000] {dag.py:3954} INFO - Setting next_dagrun for example_task_group to 2024-05-20 00:00:00+00:00, run_after=2024-05-21 00:00:00+00:00
[2024-05-21T19:37:32.750+0000] {processor.py:183} INFO - Processing /home/airflow/.local/lib/python3.12/site-packages/airflow/example_dags/example_task_group.py took 0.294 seconds
[2024-05-21T19:38:03.691+0000] {processor.py:161} INFO - Started process (PID=1107) to work on /home/airflow/.local/lib/python3.12/site-packages/airflow/example_dags/example_task_group.py
[2024-05-21T19:38:03.694+0000] {processor.py:830} INFO - Processing file /home/airflow/.local/lib/python3.12/site-packages/airflow/example_dags/example_task_group.py for tasks to queue
[2024-05-21T19:38:03.698+0000] {logging_mixin.py:188} INFO - [2024-05-21T19:38:03.697+0000] {dagbag.py:545} INFO - Filling up the DagBag from /home/airflow/.local/lib/python3.12/site-packages/airflow/example_dags/example_task_group.py
[2024-05-21T19:38:03.715+0000] {processor.py:840} INFO - DAG(s) 'example_task_group' retrieved from /home/airflow/.local/lib/python3.12/site-packages/airflow/example_dags/example_task_group.py
[2024-05-21T19:38:03.779+0000] {logging_mixin.py:188} INFO - [2024-05-21T19:38:03.779+0000] {dag.py:3096} INFO - Sync 1 DAGs
[2024-05-21T19:38:03.831+0000] {logging_mixin.py:188} INFO - [2024-05-21T19:38:03.831+0000] {dag.py:3954} INFO - Setting next_dagrun for example_task_group to 2024-05-20 00:00:00+00:00, run_after=2024-05-21 00:00:00+00:00
[2024-05-21T19:38:03.883+0000] {processor.py:183} INFO - Processing /home/airflow/.local/lib/python3.12/site-packages/airflow/example_dags/example_task_group.py took 0.207 seconds
[2024-05-21T19:38:34.168+0000] {processor.py:161} INFO - Started process (PID=1167) to work on /home/airflow/.local/lib/python3.12/site-packages/airflow/example_dags/example_task_group.py
[2024-05-21T19:38:34.171+0000] {processor.py:830} INFO - Processing file /home/airflow/.local/lib/python3.12/site-packages/airflow/example_dags/example_task_group.py for tasks to queue
[2024-05-21T19:38:34.177+0000] {logging_mixin.py:188} INFO - [2024-05-21T19:38:34.176+0000] {dagbag.py:545} INFO - Filling up the DagBag from /home/airflow/.local/lib/python3.12/site-packages/airflow/example_dags/example_task_group.py
[2024-05-21T19:38:34.197+0000] {processor.py:840} INFO - DAG(s) 'example_task_group' retrieved from /home/airflow/.local/lib/python3.12/site-packages/airflow/example_dags/example_task_group.py
[2024-05-21T19:38:34.254+0000] {logging_mixin.py:188} INFO - [2024-05-21T19:38:34.254+0000] {dag.py:3096} INFO - Sync 1 DAGs
[2024-05-21T19:38:34.314+0000] {logging_mixin.py:188} INFO - [2024-05-21T19:38:34.314+0000] {dag.py:3954} INFO - Setting next_dagrun for example_task_group to 2024-05-20 00:00:00+00:00, run_after=2024-05-21 00:00:00+00:00
[2024-05-21T19:38:34.385+0000] {processor.py:183} INFO - Processing /home/airflow/.local/lib/python3.12/site-packages/airflow/example_dags/example_task_group.py took 0.233 seconds
[2024-05-21T19:39:04.576+0000] {processor.py:161} INFO - Started process (PID=1227) to work on /home/airflow/.local/lib/python3.12/site-packages/airflow/example_dags/example_task_group.py
[2024-05-21T19:39:04.580+0000] {processor.py:830} INFO - Processing file /home/airflow/.local/lib/python3.12/site-packages/airflow/example_dags/example_task_group.py for tasks to queue
[2024-05-21T19:39:04.597+0000] {logging_mixin.py:188} INFO - [2024-05-21T19:39:04.596+0000] {dagbag.py:545} INFO - Filling up the DagBag from /home/airflow/.local/lib/python3.12/site-packages/airflow/example_dags/example_task_group.py
[2024-05-21T19:39:04.619+0000] {processor.py:840} INFO - DAG(s) 'example_task_group' retrieved from /home/airflow/.local/lib/python3.12/site-packages/airflow/example_dags/example_task_group.py
[2024-05-21T19:39:04.687+0000] {logging_mixin.py:188} INFO - [2024-05-21T19:39:04.686+0000] {dag.py:3096} INFO - Sync 1 DAGs
[2024-05-21T19:39:04.766+0000] {logging_mixin.py:188} INFO - [2024-05-21T19:39:04.765+0000] {dag.py:3954} INFO - Setting next_dagrun for example_task_group to 2024-05-20 00:00:00+00:00, run_after=2024-05-21 00:00:00+00:00
[2024-05-21T19:39:04.839+0000] {processor.py:183} INFO - Processing /home/airflow/.local/lib/python3.12/site-packages/airflow/example_dags/example_task_group.py took 0.282 seconds
[2024-05-21T19:39:35.050+0000] {processor.py:161} INFO - Started process (PID=1288) to work on /home/airflow/.local/lib/python3.12/site-packages/airflow/example_dags/example_task_group.py
[2024-05-21T19:39:35.053+0000] {processor.py:830} INFO - Processing file /home/airflow/.local/lib/python3.12/site-packages/airflow/example_dags/example_task_group.py for tasks to queue
[2024-05-21T19:39:35.057+0000] {logging_mixin.py:188} INFO - [2024-05-21T19:39:35.057+0000] {dagbag.py:545} INFO - Filling up the DagBag from /home/airflow/.local/lib/python3.12/site-packages/airflow/example_dags/example_task_group.py
[2024-05-21T19:39:35.078+0000] {processor.py:840} INFO - DAG(s) 'example_task_group' retrieved from /home/airflow/.local/lib/python3.12/site-packages/airflow/example_dags/example_task_group.py
[2024-05-21T19:39:35.135+0000] {logging_mixin.py:188} INFO - [2024-05-21T19:39:35.134+0000] {dag.py:3096} INFO - Sync 1 DAGs
[2024-05-21T19:39:35.196+0000] {logging_mixin.py:188} INFO - [2024-05-21T19:39:35.195+0000] {dag.py:3954} INFO - Setting next_dagrun for example_task_group to 2024-05-20 00:00:00+00:00, run_after=2024-05-21 00:00:00+00:00
[2024-05-21T19:39:35.279+0000] {processor.py:183} INFO - Processing /home/airflow/.local/lib/python3.12/site-packages/airflow/example_dags/example_task_group.py took 0.256 seconds
[2024-05-21T19:40:05.415+0000] {processor.py:161} INFO - Started process (PID=1347) to work on /home/airflow/.local/lib/python3.12/site-packages/airflow/example_dags/example_task_group.py
[2024-05-21T19:40:05.418+0000] {processor.py:830} INFO - Processing file /home/airflow/.local/lib/python3.12/site-packages/airflow/example_dags/example_task_group.py for tasks to queue
[2024-05-21T19:40:05.426+0000] {logging_mixin.py:188} INFO - [2024-05-21T19:40:05.425+0000] {dagbag.py:545} INFO - Filling up the DagBag from /home/airflow/.local/lib/python3.12/site-packages/airflow/example_dags/example_task_group.py
[2024-05-21T19:40:05.453+0000] {processor.py:840} INFO - DAG(s) 'example_task_group' retrieved from /home/airflow/.local/lib/python3.12/site-packages/airflow/example_dags/example_task_group.py
[2024-05-21T19:40:05.517+0000] {logging_mixin.py:188} INFO - [2024-05-21T19:40:05.516+0000] {dag.py:3096} INFO - Sync 1 DAGs
[2024-05-21T19:40:05.598+0000] {logging_mixin.py:188} INFO - [2024-05-21T19:40:05.597+0000] {dag.py:3954} INFO - Setting next_dagrun for example_task_group to 2024-05-20 00:00:00+00:00, run_after=2024-05-21 00:00:00+00:00
[2024-05-21T19:40:05.670+0000] {processor.py:183} INFO - Processing /home/airflow/.local/lib/python3.12/site-packages/airflow/example_dags/example_task_group.py took 0.280 seconds
[2024-05-21T19:40:36.015+0000] {processor.py:161} INFO - Started process (PID=1407) to work on /home/airflow/.local/lib/python3.12/site-packages/airflow/example_dags/example_task_group.py
[2024-05-21T19:40:36.018+0000] {processor.py:830} INFO - Processing file /home/airflow/.local/lib/python3.12/site-packages/airflow/example_dags/example_task_group.py for tasks to queue
[2024-05-21T19:40:36.023+0000] {logging_mixin.py:188} INFO - [2024-05-21T19:40:36.022+0000] {dagbag.py:545} INFO - Filling up the DagBag from /home/airflow/.local/lib/python3.12/site-packages/airflow/example_dags/example_task_group.py
[2024-05-21T19:40:36.039+0000] {processor.py:840} INFO - DAG(s) 'example_task_group' retrieved from /home/airflow/.local/lib/python3.12/site-packages/airflow/example_dags/example_task_group.py
[2024-05-21T19:40:36.091+0000] {logging_mixin.py:188} INFO - [2024-05-21T19:40:36.090+0000] {dag.py:3096} INFO - Sync 1 DAGs
[2024-05-21T19:40:36.184+0000] {logging_mixin.py:188} INFO - [2024-05-21T19:40:36.183+0000] {dag.py:3954} INFO - Setting next_dagrun for example_task_group to 2024-05-20 00:00:00+00:00, run_after=2024-05-21 00:00:00+00:00
[2024-05-21T19:40:36.242+0000] {processor.py:183} INFO - Processing /home/airflow/.local/lib/python3.12/site-packages/airflow/example_dags/example_task_group.py took 0.241 seconds
[2024-05-21T19:41:06.608+0000] {processor.py:161} INFO - Started process (PID=1467) to work on /home/airflow/.local/lib/python3.12/site-packages/airflow/example_dags/example_task_group.py
[2024-05-21T19:41:06.610+0000] {processor.py:830} INFO - Processing file /home/airflow/.local/lib/python3.12/site-packages/airflow/example_dags/example_task_group.py for tasks to queue
[2024-05-21T19:41:06.620+0000] {logging_mixin.py:188} INFO - [2024-05-21T19:41:06.619+0000] {dagbag.py:545} INFO - Filling up the DagBag from /home/airflow/.local/lib/python3.12/site-packages/airflow/example_dags/example_task_group.py
[2024-05-21T19:41:06.645+0000] {processor.py:840} INFO - DAG(s) 'example_task_group' retrieved from /home/airflow/.local/lib/python3.12/site-packages/airflow/example_dags/example_task_group.py
[2024-05-21T19:41:06.721+0000] {logging_mixin.py:188} INFO - [2024-05-21T19:41:06.720+0000] {dag.py:3096} INFO - Sync 1 DAGs
[2024-05-21T19:41:07.053+0000] {logging_mixin.py:188} INFO - [2024-05-21T19:41:07.053+0000] {dag.py:3954} INFO - Setting next_dagrun for example_task_group to 2024-05-20 00:00:00+00:00, run_after=2024-05-21 00:00:00+00:00
[2024-05-21T19:41:07.110+0000] {processor.py:183} INFO - Processing /home/airflow/.local/lib/python3.12/site-packages/airflow/example_dags/example_task_group.py took 0.512 seconds
[2024-05-21T19:41:37.697+0000] {processor.py:161} INFO - Started process (PID=1528) to work on /home/airflow/.local/lib/python3.12/site-packages/airflow/example_dags/example_task_group.py
[2024-05-21T19:41:37.699+0000] {processor.py:830} INFO - Processing file /home/airflow/.local/lib/python3.12/site-packages/airflow/example_dags/example_task_group.py for tasks to queue
[2024-05-21T19:41:37.705+0000] {logging_mixin.py:188} INFO - [2024-05-21T19:41:37.704+0000] {dagbag.py:545} INFO - Filling up the DagBag from /home/airflow/.local/lib/python3.12/site-packages/airflow/example_dags/example_task_group.py
[2024-05-21T19:41:37.723+0000] {processor.py:840} INFO - DAG(s) 'example_task_group' retrieved from /home/airflow/.local/lib/python3.12/site-packages/airflow/example_dags/example_task_group.py
[2024-05-21T19:41:37.799+0000] {logging_mixin.py:188} INFO - [2024-05-21T19:41:37.799+0000] {dag.py:3096} INFO - Sync 1 DAGs
[2024-05-21T19:41:38.139+0000] {logging_mixin.py:188} INFO - [2024-05-21T19:41:38.139+0000] {dag.py:3954} INFO - Setting next_dagrun for example_task_group to 2024-05-20 00:00:00+00:00, run_after=2024-05-21 00:00:00+00:00
[2024-05-21T19:41:38.235+0000] {processor.py:183} INFO - Processing /home/airflow/.local/lib/python3.12/site-packages/airflow/example_dags/example_task_group.py took 0.554 seconds
[2024-05-21T19:42:08.721+0000] {processor.py:161} INFO - Started process (PID=1589) to work on /home/airflow/.local/lib/python3.12/site-packages/airflow/example_dags/example_task_group.py
[2024-05-21T19:42:08.724+0000] {processor.py:830} INFO - Processing file /home/airflow/.local/lib/python3.12/site-packages/airflow/example_dags/example_task_group.py for tasks to queue
[2024-05-21T19:42:08.729+0000] {logging_mixin.py:188} INFO - [2024-05-21T19:42:08.728+0000] {dagbag.py:545} INFO - Filling up the DagBag from /home/airflow/.local/lib/python3.12/site-packages/airflow/example_dags/example_task_group.py
[2024-05-21T19:42:08.748+0000] {processor.py:840} INFO - DAG(s) 'example_task_group' retrieved from /home/airflow/.local/lib/python3.12/site-packages/airflow/example_dags/example_task_group.py
[2024-05-21T19:42:08.820+0000] {logging_mixin.py:188} INFO - [2024-05-21T19:42:08.818+0000] {dag.py:3096} INFO - Sync 1 DAGs
[2024-05-21T19:42:09.167+0000] {logging_mixin.py:188} INFO - [2024-05-21T19:42:09.166+0000] {dag.py:3954} INFO - Setting next_dagrun for example_task_group to 2024-05-20 00:00:00+00:00, run_after=2024-05-21 00:00:00+00:00
[2024-05-21T19:42:09.265+0000] {processor.py:183} INFO - Processing /home/airflow/.local/lib/python3.12/site-packages/airflow/example_dags/example_task_group.py took 0.564 seconds
[2024-05-21T19:42:40.139+0000] {processor.py:161} INFO - Started process (PID=1649) to work on /home/airflow/.local/lib/python3.12/site-packages/airflow/example_dags/example_task_group.py
[2024-05-21T19:42:40.142+0000] {processor.py:830} INFO - Processing file /home/airflow/.local/lib/python3.12/site-packages/airflow/example_dags/example_task_group.py for tasks to queue
[2024-05-21T19:42:40.148+0000] {logging_mixin.py:188} INFO - [2024-05-21T19:42:40.147+0000] {dagbag.py:545} INFO - Filling up the DagBag from /home/airflow/.local/lib/python3.12/site-packages/airflow/example_dags/example_task_group.py
[2024-05-21T19:42:40.165+0000] {processor.py:840} INFO - DAG(s) 'example_task_group' retrieved from /home/airflow/.local/lib/python3.12/site-packages/airflow/example_dags/example_task_group.py
[2024-05-21T19:42:40.234+0000] {logging_mixin.py:188} INFO - [2024-05-21T19:42:40.233+0000] {dag.py:3096} INFO - Sync 1 DAGs
[2024-05-21T19:42:40.325+0000] {logging_mixin.py:188} INFO - [2024-05-21T19:42:40.325+0000] {dag.py:3954} INFO - Setting next_dagrun for example_task_group to 2024-05-20 00:00:00+00:00, run_after=2024-05-21 00:00:00+00:00
[2024-05-21T19:42:40.391+0000] {processor.py:183} INFO - Processing /home/airflow/.local/lib/python3.12/site-packages/airflow/example_dags/example_task_group.py took 0.273 seconds
[2024-05-21T19:43:11.339+0000] {processor.py:161} INFO - Started process (PID=1709) to work on /home/airflow/.local/lib/python3.12/site-packages/airflow/example_dags/example_task_group.py
[2024-05-21T19:43:11.341+0000] {processor.py:830} INFO - Processing file /home/airflow/.local/lib/python3.12/site-packages/airflow/example_dags/example_task_group.py for tasks to queue
[2024-05-21T19:43:11.347+0000] {logging_mixin.py:188} INFO - [2024-05-21T19:43:11.347+0000] {dagbag.py:545} INFO - Filling up the DagBag from /home/airflow/.local/lib/python3.12/site-packages/airflow/example_dags/example_task_group.py
[2024-05-21T19:43:11.370+0000] {processor.py:840} INFO - DAG(s) 'example_task_group' retrieved from /home/airflow/.local/lib/python3.12/site-packages/airflow/example_dags/example_task_group.py
[2024-05-21T19:43:11.472+0000] {logging_mixin.py:188} INFO - [2024-05-21T19:43:11.470+0000] {dag.py:3096} INFO - Sync 1 DAGs
[2024-05-21T19:43:11.580+0000] {logging_mixin.py:188} INFO - [2024-05-21T19:43:11.579+0000] {dag.py:3954} INFO - Setting next_dagrun for example_task_group to 2024-05-20 00:00:00+00:00, run_after=2024-05-21 00:00:00+00:00
[2024-05-21T19:43:11.673+0000] {processor.py:183} INFO - Processing /home/airflow/.local/lib/python3.12/site-packages/airflow/example_dags/example_task_group.py took 0.350 seconds
[2024-05-21T19:43:41.935+0000] {processor.py:161} INFO - Started process (PID=1769) to work on /home/airflow/.local/lib/python3.12/site-packages/airflow/example_dags/example_task_group.py
[2024-05-21T19:43:41.936+0000] {processor.py:830} INFO - Processing file /home/airflow/.local/lib/python3.12/site-packages/airflow/example_dags/example_task_group.py for tasks to queue
[2024-05-21T19:43:41.941+0000] {logging_mixin.py:188} INFO - [2024-05-21T19:43:41.940+0000] {dagbag.py:545} INFO - Filling up the DagBag from /home/airflow/.local/lib/python3.12/site-packages/airflow/example_dags/example_task_group.py
[2024-05-21T19:43:41.966+0000] {processor.py:840} INFO - DAG(s) 'example_task_group' retrieved from /home/airflow/.local/lib/python3.12/site-packages/airflow/example_dags/example_task_group.py
[2024-05-21T19:43:42.019+0000] {logging_mixin.py:188} INFO - [2024-05-21T19:43:42.018+0000] {dag.py:3096} INFO - Sync 1 DAGs
[2024-05-21T19:43:42.121+0000] {logging_mixin.py:188} INFO - [2024-05-21T19:43:42.120+0000] {dag.py:3954} INFO - Setting next_dagrun for example_task_group to 2024-05-20 00:00:00+00:00, run_after=2024-05-21 00:00:00+00:00
[2024-05-21T19:43:42.194+0000] {processor.py:183} INFO - Processing /home/airflow/.local/lib/python3.12/site-packages/airflow/example_dags/example_task_group.py took 0.276 seconds
[2024-05-21T19:44:12.563+0000] {processor.py:161} INFO - Started process (PID=1827) to work on /home/airflow/.local/lib/python3.12/site-packages/airflow/example_dags/example_task_group.py
[2024-05-21T19:44:12.566+0000] {processor.py:830} INFO - Processing file /home/airflow/.local/lib/python3.12/site-packages/airflow/example_dags/example_task_group.py for tasks to queue
[2024-05-21T19:44:12.572+0000] {logging_mixin.py:188} INFO - [2024-05-21T19:44:12.571+0000] {dagbag.py:545} INFO - Filling up the DagBag from /home/airflow/.local/lib/python3.12/site-packages/airflow/example_dags/example_task_group.py
[2024-05-21T19:44:12.606+0000] {processor.py:840} INFO - DAG(s) 'example_task_group' retrieved from /home/airflow/.local/lib/python3.12/site-packages/airflow/example_dags/example_task_group.py
[2024-05-21T19:44:12.693+0000] {logging_mixin.py:188} INFO - [2024-05-21T19:44:12.691+0000] {dag.py:3096} INFO - Sync 1 DAGs
[2024-05-21T19:44:12.844+0000] {logging_mixin.py:188} INFO - [2024-05-21T19:44:12.840+0000] {dag.py:3954} INFO - Setting next_dagrun for example_task_group to 2024-05-20 00:00:00+00:00, run_after=2024-05-21 00:00:00+00:00
[2024-05-21T19:44:12.929+0000] {processor.py:183} INFO - Processing /home/airflow/.local/lib/python3.12/site-packages/airflow/example_dags/example_task_group.py took 0.388 seconds
[2024-05-21T19:44:43.731+0000] {processor.py:161} INFO - Started process (PID=1887) to work on /home/airflow/.local/lib/python3.12/site-packages/airflow/example_dags/example_task_group.py
[2024-05-21T19:44:43.733+0000] {processor.py:830} INFO - Processing file /home/airflow/.local/lib/python3.12/site-packages/airflow/example_dags/example_task_group.py for tasks to queue
[2024-05-21T19:44:43.738+0000] {logging_mixin.py:188} INFO - [2024-05-21T19:44:43.738+0000] {dagbag.py:545} INFO - Filling up the DagBag from /home/airflow/.local/lib/python3.12/site-packages/airflow/example_dags/example_task_group.py
[2024-05-21T19:44:43.758+0000] {processor.py:840} INFO - DAG(s) 'example_task_group' retrieved from /home/airflow/.local/lib/python3.12/site-packages/airflow/example_dags/example_task_group.py
[2024-05-21T19:44:43.827+0000] {logging_mixin.py:188} INFO - [2024-05-21T19:44:43.827+0000] {dag.py:3096} INFO - Sync 1 DAGs
[2024-05-21T19:44:43.896+0000] {logging_mixin.py:188} INFO - [2024-05-21T19:44:43.895+0000] {dag.py:3954} INFO - Setting next_dagrun for example_task_group to 2024-05-20 00:00:00+00:00, run_after=2024-05-21 00:00:00+00:00
[2024-05-21T19:44:43.957+0000] {processor.py:183} INFO - Processing /home/airflow/.local/lib/python3.12/site-packages/airflow/example_dags/example_task_group.py took 0.243 seconds
[2024-05-21T19:45:14.515+0000] {processor.py:161} INFO - Started process (PID=1947) to work on /home/airflow/.local/lib/python3.12/site-packages/airflow/example_dags/example_task_group.py
[2024-05-21T19:45:14.519+0000] {processor.py:830} INFO - Processing file /home/airflow/.local/lib/python3.12/site-packages/airflow/example_dags/example_task_group.py for tasks to queue
[2024-05-21T19:45:14.524+0000] {logging_mixin.py:188} INFO - [2024-05-21T19:45:14.524+0000] {dagbag.py:545} INFO - Filling up the DagBag from /home/airflow/.local/lib/python3.12/site-packages/airflow/example_dags/example_task_group.py
[2024-05-21T19:45:14.550+0000] {processor.py:840} INFO - DAG(s) 'example_task_group' retrieved from /home/airflow/.local/lib/python3.12/site-packages/airflow/example_dags/example_task_group.py
[2024-05-21T19:45:14.635+0000] {logging_mixin.py:188} INFO - [2024-05-21T19:45:14.635+0000] {dag.py:3096} INFO - Sync 1 DAGs
[2024-05-21T19:45:14.714+0000] {logging_mixin.py:188} INFO - [2024-05-21T19:45:14.712+0000] {dag.py:3954} INFO - Setting next_dagrun for example_task_group to 2024-05-20 00:00:00+00:00, run_after=2024-05-21 00:00:00+00:00
[2024-05-21T19:45:14.777+0000] {processor.py:183} INFO - Processing /home/airflow/.local/lib/python3.12/site-packages/airflow/example_dags/example_task_group.py took 0.278 seconds
[2024-05-21T19:45:45.002+0000] {processor.py:161} INFO - Started process (PID=2007) to work on /home/airflow/.local/lib/python3.12/site-packages/airflow/example_dags/example_task_group.py
[2024-05-21T19:45:45.005+0000] {processor.py:830} INFO - Processing file /home/airflow/.local/lib/python3.12/site-packages/airflow/example_dags/example_task_group.py for tasks to queue
[2024-05-21T19:45:45.012+0000] {logging_mixin.py:188} INFO - [2024-05-21T19:45:45.011+0000] {dagbag.py:545} INFO - Filling up the DagBag from /home/airflow/.local/lib/python3.12/site-packages/airflow/example_dags/example_task_group.py
[2024-05-21T19:45:45.040+0000] {processor.py:840} INFO - DAG(s) 'example_task_group' retrieved from /home/airflow/.local/lib/python3.12/site-packages/airflow/example_dags/example_task_group.py
[2024-05-21T19:45:45.126+0000] {logging_mixin.py:188} INFO - [2024-05-21T19:45:45.126+0000] {dag.py:3096} INFO - Sync 1 DAGs
[2024-05-21T19:45:45.199+0000] {logging_mixin.py:188} INFO - [2024-05-21T19:45:45.198+0000] {dag.py:3954} INFO - Setting next_dagrun for example_task_group to 2024-05-20 00:00:00+00:00, run_after=2024-05-21 00:00:00+00:00
[2024-05-21T19:45:45.268+0000] {processor.py:183} INFO - Processing /home/airflow/.local/lib/python3.12/site-packages/airflow/example_dags/example_task_group.py took 0.290 seconds
[2024-05-21T19:46:16.108+0000] {processor.py:161} INFO - Started process (PID=2067) to work on /home/airflow/.local/lib/python3.12/site-packages/airflow/example_dags/example_task_group.py
[2024-05-21T19:46:16.111+0000] {processor.py:830} INFO - Processing file /home/airflow/.local/lib/python3.12/site-packages/airflow/example_dags/example_task_group.py for tasks to queue
[2024-05-21T19:46:16.117+0000] {logging_mixin.py:188} INFO - [2024-05-21T19:46:16.116+0000] {dagbag.py:545} INFO - Filling up the DagBag from /home/airflow/.local/lib/python3.12/site-packages/airflow/example_dags/example_task_group.py
[2024-05-21T19:46:16.138+0000] {processor.py:840} INFO - DAG(s) 'example_task_group' retrieved from /home/airflow/.local/lib/python3.12/site-packages/airflow/example_dags/example_task_group.py
[2024-05-21T19:46:16.206+0000] {logging_mixin.py:188} INFO - [2024-05-21T19:46:16.204+0000] {dag.py:3096} INFO - Sync 1 DAGs
[2024-05-21T19:46:16.257+0000] {logging_mixin.py:188} INFO - [2024-05-21T19:46:16.257+0000] {dag.py:3954} INFO - Setting next_dagrun for example_task_group to 2024-05-20 00:00:00+00:00, run_after=2024-05-21 00:00:00+00:00
[2024-05-21T19:46:16.322+0000] {processor.py:183} INFO - Processing /home/airflow/.local/lib/python3.12/site-packages/airflow/example_dags/example_task_group.py took 0.246 seconds
[2024-05-21T19:46:46.902+0000] {processor.py:161} INFO - Started process (PID=2127) to work on /home/airflow/.local/lib/python3.12/site-packages/airflow/example_dags/example_task_group.py
[2024-05-21T19:46:46.906+0000] {processor.py:830} INFO - Processing file /home/airflow/.local/lib/python3.12/site-packages/airflow/example_dags/example_task_group.py for tasks to queue
[2024-05-21T19:46:46.912+0000] {logging_mixin.py:188} INFO - [2024-05-21T19:46:46.911+0000] {dagbag.py:545} INFO - Filling up the DagBag from /home/airflow/.local/lib/python3.12/site-packages/airflow/example_dags/example_task_group.py
[2024-05-21T19:46:46.934+0000] {processor.py:840} INFO - DAG(s) 'example_task_group' retrieved from /home/airflow/.local/lib/python3.12/site-packages/airflow/example_dags/example_task_group.py
[2024-05-21T19:46:46.998+0000] {logging_mixin.py:188} INFO - [2024-05-21T19:46:46.997+0000] {dag.py:3096} INFO - Sync 1 DAGs
[2024-05-21T19:46:47.054+0000] {logging_mixin.py:188} INFO - [2024-05-21T19:46:47.053+0000] {dag.py:3954} INFO - Setting next_dagrun for example_task_group to 2024-05-20 00:00:00+00:00, run_after=2024-05-21 00:00:00+00:00
[2024-05-21T19:46:47.110+0000] {processor.py:183} INFO - Processing /home/airflow/.local/lib/python3.12/site-packages/airflow/example_dags/example_task_group.py took 0.224 seconds
[2024-05-21T19:47:17.473+0000] {processor.py:161} INFO - Started process (PID=2187) to work on /home/airflow/.local/lib/python3.12/site-packages/airflow/example_dags/example_task_group.py
[2024-05-21T19:47:17.476+0000] {processor.py:830} INFO - Processing file /home/airflow/.local/lib/python3.12/site-packages/airflow/example_dags/example_task_group.py for tasks to queue
[2024-05-21T19:47:17.482+0000] {logging_mixin.py:188} INFO - [2024-05-21T19:47:17.481+0000] {dagbag.py:545} INFO - Filling up the DagBag from /home/airflow/.local/lib/python3.12/site-packages/airflow/example_dags/example_task_group.py
[2024-05-21T19:47:17.503+0000] {processor.py:840} INFO - DAG(s) 'example_task_group' retrieved from /home/airflow/.local/lib/python3.12/site-packages/airflow/example_dags/example_task_group.py
[2024-05-21T19:47:17.574+0000] {logging_mixin.py:188} INFO - [2024-05-21T19:47:17.572+0000] {dag.py:3096} INFO - Sync 1 DAGs
[2024-05-21T19:47:17.647+0000] {logging_mixin.py:188} INFO - [2024-05-21T19:47:17.647+0000] {dag.py:3954} INFO - Setting next_dagrun for example_task_group to 2024-05-20 00:00:00+00:00, run_after=2024-05-21 00:00:00+00:00
[2024-05-21T19:47:17.710+0000] {processor.py:183} INFO - Processing /home/airflow/.local/lib/python3.12/site-packages/airflow/example_dags/example_task_group.py took 0.252 seconds
[2024-05-21T19:47:48.253+0000] {processor.py:161} INFO - Started process (PID=2247) to work on /home/airflow/.local/lib/python3.12/site-packages/airflow/example_dags/example_task_group.py
[2024-05-21T19:47:48.255+0000] {processor.py:830} INFO - Processing file /home/airflow/.local/lib/python3.12/site-packages/airflow/example_dags/example_task_group.py for tasks to queue
[2024-05-21T19:47:48.263+0000] {logging_mixin.py:188} INFO - [2024-05-21T19:47:48.262+0000] {dagbag.py:545} INFO - Filling up the DagBag from /home/airflow/.local/lib/python3.12/site-packages/airflow/example_dags/example_task_group.py
[2024-05-21T19:47:48.294+0000] {processor.py:840} INFO - DAG(s) 'example_task_group' retrieved from /home/airflow/.local/lib/python3.12/site-packages/airflow/example_dags/example_task_group.py
[2024-05-21T19:47:48.372+0000] {logging_mixin.py:188} INFO - [2024-05-21T19:47:48.371+0000] {dag.py:3096} INFO - Sync 1 DAGs
[2024-05-21T19:47:48.453+0000] {logging_mixin.py:188} INFO - [2024-05-21T19:47:48.452+0000] {dag.py:3954} INFO - Setting next_dagrun for example_task_group to 2024-05-20 00:00:00+00:00, run_after=2024-05-21 00:00:00+00:00
[2024-05-21T19:47:48.517+0000] {processor.py:183} INFO - Processing /home/airflow/.local/lib/python3.12/site-packages/airflow/example_dags/example_task_group.py took 0.279 seconds
[2024-05-21T19:48:19.304+0000] {processor.py:161} INFO - Started process (PID=2306) to work on /home/airflow/.local/lib/python3.12/site-packages/airflow/example_dags/example_task_group.py
[2024-05-21T19:48:19.306+0000] {processor.py:830} INFO - Processing file /home/airflow/.local/lib/python3.12/site-packages/airflow/example_dags/example_task_group.py for tasks to queue
[2024-05-21T19:48:19.311+0000] {logging_mixin.py:188} INFO - [2024-05-21T19:48:19.310+0000] {dagbag.py:545} INFO - Filling up the DagBag from /home/airflow/.local/lib/python3.12/site-packages/airflow/example_dags/example_task_group.py
[2024-05-21T19:48:19.331+0000] {processor.py:840} INFO - DAG(s) 'example_task_group' retrieved from /home/airflow/.local/lib/python3.12/site-packages/airflow/example_dags/example_task_group.py
[2024-05-21T19:48:19.385+0000] {logging_mixin.py:188} INFO - [2024-05-21T19:48:19.384+0000] {dag.py:3096} INFO - Sync 1 DAGs
[2024-05-21T19:48:19.448+0000] {logging_mixin.py:188} INFO - [2024-05-21T19:48:19.447+0000] {dag.py:3954} INFO - Setting next_dagrun for example_task_group to 2024-05-20 00:00:00+00:00, run_after=2024-05-21 00:00:00+00:00
[2024-05-21T19:48:19.500+0000] {processor.py:183} INFO - Processing /home/airflow/.local/lib/python3.12/site-packages/airflow/example_dags/example_task_group.py took 0.211 seconds
[2024-05-21T19:48:49.885+0000] {processor.py:161} INFO - Started process (PID=2366) to work on /home/airflow/.local/lib/python3.12/site-packages/airflow/example_dags/example_task_group.py
[2024-05-21T19:48:49.888+0000] {processor.py:830} INFO - Processing file /home/airflow/.local/lib/python3.12/site-packages/airflow/example_dags/example_task_group.py for tasks to queue
[2024-05-21T19:48:49.894+0000] {logging_mixin.py:188} INFO - [2024-05-21T19:48:49.892+0000] {dagbag.py:545} INFO - Filling up the DagBag from /home/airflow/.local/lib/python3.12/site-packages/airflow/example_dags/example_task_group.py
[2024-05-21T19:48:49.910+0000] {processor.py:840} INFO - DAG(s) 'example_task_group' retrieved from /home/airflow/.local/lib/python3.12/site-packages/airflow/example_dags/example_task_group.py
[2024-05-21T19:48:49.965+0000] {logging_mixin.py:188} INFO - [2024-05-21T19:48:49.965+0000] {dag.py:3096} INFO - Sync 1 DAGs
[2024-05-21T19:48:50.016+0000] {logging_mixin.py:188} INFO - [2024-05-21T19:48:50.016+0000] {dag.py:3954} INFO - Setting next_dagrun for example_task_group to 2024-05-20 00:00:00+00:00, run_after=2024-05-21 00:00:00+00:00
[2024-05-21T19:48:50.106+0000] {processor.py:183} INFO - Processing /home/airflow/.local/lib/python3.12/site-packages/airflow/example_dags/example_task_group.py took 0.233 seconds
[2024-05-21T19:49:20.731+0000] {processor.py:161} INFO - Started process (PID=2426) to work on /home/airflow/.local/lib/python3.12/site-packages/airflow/example_dags/example_task_group.py
[2024-05-21T19:49:20.733+0000] {processor.py:830} INFO - Processing file /home/airflow/.local/lib/python3.12/site-packages/airflow/example_dags/example_task_group.py for tasks to queue
[2024-05-21T19:49:20.739+0000] {logging_mixin.py:188} INFO - [2024-05-21T19:49:20.738+0000] {dagbag.py:545} INFO - Filling up the DagBag from /home/airflow/.local/lib/python3.12/site-packages/airflow/example_dags/example_task_group.py
[2024-05-21T19:49:20.762+0000] {processor.py:840} INFO - DAG(s) 'example_task_group' retrieved from /home/airflow/.local/lib/python3.12/site-packages/airflow/example_dags/example_task_group.py
[2024-05-21T19:49:20.845+0000] {logging_mixin.py:188} INFO - [2024-05-21T19:49:20.844+0000] {dag.py:3096} INFO - Sync 1 DAGs
[2024-05-21T19:49:20.923+0000] {logging_mixin.py:188} INFO - [2024-05-21T19:49:20.922+0000] {dag.py:3954} INFO - Setting next_dagrun for example_task_group to 2024-05-20 00:00:00+00:00, run_after=2024-05-21 00:00:00+00:00
[2024-05-21T19:49:21.088+0000] {processor.py:183} INFO - Processing /home/airflow/.local/lib/python3.12/site-packages/airflow/example_dags/example_task_group.py took 0.377 seconds
[2024-05-21T19:49:51.725+0000] {processor.py:161} INFO - Started process (PID=2486) to work on /home/airflow/.local/lib/python3.12/site-packages/airflow/example_dags/example_task_group.py
[2024-05-21T19:49:51.728+0000] {processor.py:830} INFO - Processing file /home/airflow/.local/lib/python3.12/site-packages/airflow/example_dags/example_task_group.py for tasks to queue
[2024-05-21T19:49:51.732+0000] {logging_mixin.py:188} INFO - [2024-05-21T19:49:51.731+0000] {dagbag.py:545} INFO - Filling up the DagBag from /home/airflow/.local/lib/python3.12/site-packages/airflow/example_dags/example_task_group.py
[2024-05-21T19:49:51.750+0000] {processor.py:840} INFO - DAG(s) 'example_task_group' retrieved from /home/airflow/.local/lib/python3.12/site-packages/airflow/example_dags/example_task_group.py
[2024-05-21T19:49:51.809+0000] {logging_mixin.py:188} INFO - [2024-05-21T19:49:51.808+0000] {dag.py:3096} INFO - Sync 1 DAGs
[2024-05-21T19:49:51.866+0000] {logging_mixin.py:188} INFO - [2024-05-21T19:49:51.866+0000] {dag.py:3954} INFO - Setting next_dagrun for example_task_group to 2024-05-20 00:00:00+00:00, run_after=2024-05-21 00:00:00+00:00
[2024-05-21T19:49:51.930+0000] {processor.py:183} INFO - Processing /home/airflow/.local/lib/python3.12/site-packages/airflow/example_dags/example_task_group.py took 0.224 seconds
[2024-05-21T19:50:22.685+0000] {processor.py:161} INFO - Started process (PID=2546) to work on /home/airflow/.local/lib/python3.12/site-packages/airflow/example_dags/example_task_group.py
[2024-05-21T19:50:22.691+0000] {processor.py:830} INFO - Processing file /home/airflow/.local/lib/python3.12/site-packages/airflow/example_dags/example_task_group.py for tasks to queue
[2024-05-21T19:50:22.696+0000] {logging_mixin.py:188} INFO - [2024-05-21T19:50:22.695+0000] {dagbag.py:545} INFO - Filling up the DagBag from /home/airflow/.local/lib/python3.12/site-packages/airflow/example_dags/example_task_group.py
[2024-05-21T19:50:22.723+0000] {processor.py:840} INFO - DAG(s) 'example_task_group' retrieved from /home/airflow/.local/lib/python3.12/site-packages/airflow/example_dags/example_task_group.py
[2024-05-21T19:50:22.804+0000] {logging_mixin.py:188} INFO - [2024-05-21T19:50:22.804+0000] {dag.py:3096} INFO - Sync 1 DAGs
[2024-05-21T19:50:22.889+0000] {logging_mixin.py:188} INFO - [2024-05-21T19:50:22.888+0000] {dag.py:3954} INFO - Setting next_dagrun for example_task_group to 2024-05-20 00:00:00+00:00, run_after=2024-05-21 00:00:00+00:00
[2024-05-21T19:50:22.990+0000] {processor.py:183} INFO - Processing /home/airflow/.local/lib/python3.12/site-packages/airflow/example_dags/example_task_group.py took 0.340 seconds
[2024-05-21T19:50:53.368+0000] {processor.py:161} INFO - Started process (PID=2606) to work on /home/airflow/.local/lib/python3.12/site-packages/airflow/example_dags/example_task_group.py
[2024-05-21T19:50:53.370+0000] {processor.py:830} INFO - Processing file /home/airflow/.local/lib/python3.12/site-packages/airflow/example_dags/example_task_group.py for tasks to queue
[2024-05-21T19:50:53.375+0000] {logging_mixin.py:188} INFO - [2024-05-21T19:50:53.374+0000] {dagbag.py:545} INFO - Filling up the DagBag from /home/airflow/.local/lib/python3.12/site-packages/airflow/example_dags/example_task_group.py
[2024-05-21T19:50:53.398+0000] {processor.py:840} INFO - DAG(s) 'example_task_group' retrieved from /home/airflow/.local/lib/python3.12/site-packages/airflow/example_dags/example_task_group.py
[2024-05-21T19:50:53.472+0000] {logging_mixin.py:188} INFO - [2024-05-21T19:50:53.471+0000] {dag.py:3096} INFO - Sync 1 DAGs
[2024-05-21T19:50:53.558+0000] {logging_mixin.py:188} INFO - [2024-05-21T19:50:53.557+0000] {dag.py:3954} INFO - Setting next_dagrun for example_task_group to 2024-05-20 00:00:00+00:00, run_after=2024-05-21 00:00:00+00:00
[2024-05-21T19:50:53.656+0000] {processor.py:183} INFO - Processing /home/airflow/.local/lib/python3.12/site-packages/airflow/example_dags/example_task_group.py took 0.305 seconds
[2024-05-21T19:51:23.940+0000] {processor.py:161} INFO - Started process (PID=2672) to work on /home/airflow/.local/lib/python3.12/site-packages/airflow/example_dags/example_task_group.py
[2024-05-21T19:51:23.942+0000] {processor.py:830} INFO - Processing file /home/airflow/.local/lib/python3.12/site-packages/airflow/example_dags/example_task_group.py for tasks to queue
[2024-05-21T19:51:23.949+0000] {logging_mixin.py:188} INFO - [2024-05-21T19:51:23.947+0000] {dagbag.py:545} INFO - Filling up the DagBag from /home/airflow/.local/lib/python3.12/site-packages/airflow/example_dags/example_task_group.py
[2024-05-21T19:51:23.965+0000] {processor.py:840} INFO - DAG(s) 'example_task_group' retrieved from /home/airflow/.local/lib/python3.12/site-packages/airflow/example_dags/example_task_group.py
[2024-05-21T19:51:24.023+0000] {logging_mixin.py:188} INFO - [2024-05-21T19:51:24.022+0000] {dag.py:3096} INFO - Sync 1 DAGs
[2024-05-21T19:51:24.069+0000] {logging_mixin.py:188} INFO - [2024-05-21T19:51:24.069+0000] {dag.py:3954} INFO - Setting next_dagrun for example_task_group to 2024-05-20 00:00:00+00:00, run_after=2024-05-21 00:00:00+00:00
[2024-05-21T19:51:24.145+0000] {processor.py:183} INFO - Processing /home/airflow/.local/lib/python3.12/site-packages/airflow/example_dags/example_task_group.py took 0.216 seconds
[2024-05-21T19:54:54.393+0000] {processor.py:161} INFO - Started process (PID=83) to work on /home/airflow/.local/lib/python3.12/site-packages/airflow/example_dags/example_task_group.py
[2024-05-21T19:54:54.397+0000] {processor.py:830} INFO - Processing file /home/airflow/.local/lib/python3.12/site-packages/airflow/example_dags/example_task_group.py for tasks to queue
[2024-05-21T19:54:54.402+0000] {logging_mixin.py:188} INFO - [2024-05-21T19:54:54.401+0000] {dagbag.py:545} INFO - Filling up the DagBag from /home/airflow/.local/lib/python3.12/site-packages/airflow/example_dags/example_task_group.py
[2024-05-21T19:54:54.423+0000] {processor.py:840} INFO - DAG(s) 'example_task_group' retrieved from /home/airflow/.local/lib/python3.12/site-packages/airflow/example_dags/example_task_group.py
[2024-05-21T19:54:54.762+0000] {logging_mixin.py:188} INFO - [2024-05-21T19:54:54.761+0000] {dag.py:3096} INFO - Sync 1 DAGs
[2024-05-21T19:54:54.822+0000] {logging_mixin.py:188} INFO - [2024-05-21T19:54:54.821+0000] {dag.py:3954} INFO - Setting next_dagrun for example_task_group to 2024-05-20 00:00:00+00:00, run_after=2024-05-21 00:00:00+00:00
[2024-05-21T19:54:54.902+0000] {processor.py:183} INFO - Processing /home/airflow/.local/lib/python3.12/site-packages/airflow/example_dags/example_task_group.py took 0.536 seconds
[2024-05-21T19:55:25.387+0000] {processor.py:161} INFO - Started process (PID=143) to work on /home/airflow/.local/lib/python3.12/site-packages/airflow/example_dags/example_task_group.py
[2024-05-21T19:55:25.390+0000] {processor.py:830} INFO - Processing file /home/airflow/.local/lib/python3.12/site-packages/airflow/example_dags/example_task_group.py for tasks to queue
[2024-05-21T19:55:25.406+0000] {logging_mixin.py:188} INFO - [2024-05-21T19:55:25.405+0000] {dagbag.py:545} INFO - Filling up the DagBag from /home/airflow/.local/lib/python3.12/site-packages/airflow/example_dags/example_task_group.py
[2024-05-21T19:55:25.456+0000] {processor.py:840} INFO - DAG(s) 'example_task_group' retrieved from /home/airflow/.local/lib/python3.12/site-packages/airflow/example_dags/example_task_group.py
[2024-05-21T19:55:25.575+0000] {logging_mixin.py:188} INFO - [2024-05-21T19:55:25.574+0000] {dag.py:3096} INFO - Sync 1 DAGs
[2024-05-21T19:55:25.674+0000] {logging_mixin.py:188} INFO - [2024-05-21T19:55:25.673+0000] {dag.py:3954} INFO - Setting next_dagrun for example_task_group to 2024-05-20 00:00:00+00:00, run_after=2024-05-21 00:00:00+00:00
[2024-05-21T19:55:25.760+0000] {processor.py:183} INFO - Processing /home/airflow/.local/lib/python3.12/site-packages/airflow/example_dags/example_task_group.py took 0.406 seconds
[2024-05-21T19:55:56.258+0000] {processor.py:161} INFO - Started process (PID=202) to work on /home/airflow/.local/lib/python3.12/site-packages/airflow/example_dags/example_task_group.py
[2024-05-21T19:55:56.260+0000] {processor.py:830} INFO - Processing file /home/airflow/.local/lib/python3.12/site-packages/airflow/example_dags/example_task_group.py for tasks to queue
[2024-05-21T19:55:56.265+0000] {logging_mixin.py:188} INFO - [2024-05-21T19:55:56.265+0000] {dagbag.py:545} INFO - Filling up the DagBag from /home/airflow/.local/lib/python3.12/site-packages/airflow/example_dags/example_task_group.py
[2024-05-21T19:55:56.283+0000] {processor.py:840} INFO - DAG(s) 'example_task_group' retrieved from /home/airflow/.local/lib/python3.12/site-packages/airflow/example_dags/example_task_group.py
[2024-05-21T19:55:56.427+0000] {logging_mixin.py:188} INFO - [2024-05-21T19:55:56.426+0000] {dag.py:3096} INFO - Sync 1 DAGs
[2024-05-21T19:55:56.535+0000] {logging_mixin.py:188} INFO - [2024-05-21T19:55:56.534+0000] {dag.py:3954} INFO - Setting next_dagrun for example_task_group to 2024-05-20 00:00:00+00:00, run_after=2024-05-21 00:00:00+00:00
[2024-05-21T19:55:56.596+0000] {processor.py:183} INFO - Processing /home/airflow/.local/lib/python3.12/site-packages/airflow/example_dags/example_task_group.py took 0.398 seconds
[2024-05-21T19:56:26.917+0000] {processor.py:161} INFO - Started process (PID=262) to work on /home/airflow/.local/lib/python3.12/site-packages/airflow/example_dags/example_task_group.py
[2024-05-21T19:56:26.920+0000] {processor.py:830} INFO - Processing file /home/airflow/.local/lib/python3.12/site-packages/airflow/example_dags/example_task_group.py for tasks to queue
[2024-05-21T19:56:26.938+0000] {logging_mixin.py:188} INFO - [2024-05-21T19:56:26.934+0000] {dagbag.py:545} INFO - Filling up the DagBag from /home/airflow/.local/lib/python3.12/site-packages/airflow/example_dags/example_task_group.py
[2024-05-21T19:56:26.968+0000] {processor.py:840} INFO - DAG(s) 'example_task_group' retrieved from /home/airflow/.local/lib/python3.12/site-packages/airflow/example_dags/example_task_group.py
[2024-05-21T19:56:27.047+0000] {logging_mixin.py:188} INFO - [2024-05-21T19:56:27.046+0000] {dag.py:3096} INFO - Sync 1 DAGs
[2024-05-21T19:56:27.119+0000] {logging_mixin.py:188} INFO - [2024-05-21T19:56:27.119+0000] {dag.py:3954} INFO - Setting next_dagrun for example_task_group to 2024-05-20 00:00:00+00:00, run_after=2024-05-21 00:00:00+00:00
[2024-05-21T19:56:27.180+0000] {processor.py:183} INFO - Processing /home/airflow/.local/lib/python3.12/site-packages/airflow/example_dags/example_task_group.py took 0.280 seconds
[2024-05-21T19:56:57.744+0000] {processor.py:161} INFO - Started process (PID=322) to work on /home/airflow/.local/lib/python3.12/site-packages/airflow/example_dags/example_task_group.py
[2024-05-21T19:56:57.747+0000] {processor.py:830} INFO - Processing file /home/airflow/.local/lib/python3.12/site-packages/airflow/example_dags/example_task_group.py for tasks to queue
[2024-05-21T19:56:57.752+0000] {logging_mixin.py:188} INFO - [2024-05-21T19:56:57.751+0000] {dagbag.py:545} INFO - Filling up the DagBag from /home/airflow/.local/lib/python3.12/site-packages/airflow/example_dags/example_task_group.py
[2024-05-21T19:56:57.777+0000] {processor.py:840} INFO - DAG(s) 'example_task_group' retrieved from /home/airflow/.local/lib/python3.12/site-packages/airflow/example_dags/example_task_group.py
[2024-05-21T19:56:57.909+0000] {logging_mixin.py:188} INFO - [2024-05-21T19:56:57.908+0000] {dag.py:3096} INFO - Sync 1 DAGs
[2024-05-21T19:56:57.977+0000] {logging_mixin.py:188} INFO - [2024-05-21T19:56:57.977+0000] {dag.py:3954} INFO - Setting next_dagrun for example_task_group to 2024-05-20 00:00:00+00:00, run_after=2024-05-21 00:00:00+00:00
[2024-05-21T19:56:58.047+0000] {processor.py:183} INFO - Processing /home/airflow/.local/lib/python3.12/site-packages/airflow/example_dags/example_task_group.py took 0.320 seconds
[2024-05-21T19:57:28.855+0000] {processor.py:161} INFO - Started process (PID=382) to work on /home/airflow/.local/lib/python3.12/site-packages/airflow/example_dags/example_task_group.py
[2024-05-21T19:57:28.857+0000] {processor.py:830} INFO - Processing file /home/airflow/.local/lib/python3.12/site-packages/airflow/example_dags/example_task_group.py for tasks to queue
[2024-05-21T19:57:28.863+0000] {logging_mixin.py:188} INFO - [2024-05-21T19:57:28.862+0000] {dagbag.py:545} INFO - Filling up the DagBag from /home/airflow/.local/lib/python3.12/site-packages/airflow/example_dags/example_task_group.py
[2024-05-21T19:57:28.889+0000] {processor.py:840} INFO - DAG(s) 'example_task_group' retrieved from /home/airflow/.local/lib/python3.12/site-packages/airflow/example_dags/example_task_group.py
[2024-05-21T19:57:28.963+0000] {logging_mixin.py:188} INFO - [2024-05-21T19:57:28.963+0000] {dag.py:3096} INFO - Sync 1 DAGs
[2024-05-21T19:57:29.040+0000] {logging_mixin.py:188} INFO - [2024-05-21T19:57:29.039+0000] {dag.py:3954} INFO - Setting next_dagrun for example_task_group to 2024-05-20 00:00:00+00:00, run_after=2024-05-21 00:00:00+00:00
[2024-05-21T19:57:29.116+0000] {processor.py:183} INFO - Processing /home/airflow/.local/lib/python3.12/site-packages/airflow/example_dags/example_task_group.py took 0.273 seconds
[2024-05-21T19:57:59.578+0000] {processor.py:161} INFO - Started process (PID=442) to work on /home/airflow/.local/lib/python3.12/site-packages/airflow/example_dags/example_task_group.py
[2024-05-21T19:57:59.580+0000] {processor.py:830} INFO - Processing file /home/airflow/.local/lib/python3.12/site-packages/airflow/example_dags/example_task_group.py for tasks to queue
[2024-05-21T19:57:59.585+0000] {logging_mixin.py:188} INFO - [2024-05-21T19:57:59.584+0000] {dagbag.py:545} INFO - Filling up the DagBag from /home/airflow/.local/lib/python3.12/site-packages/airflow/example_dags/example_task_group.py
[2024-05-21T19:57:59.598+0000] {processor.py:840} INFO - DAG(s) 'example_task_group' retrieved from /home/airflow/.local/lib/python3.12/site-packages/airflow/example_dags/example_task_group.py
[2024-05-21T19:57:59.653+0000] {logging_mixin.py:188} INFO - [2024-05-21T19:57:59.653+0000] {dag.py:3096} INFO - Sync 1 DAGs
[2024-05-21T19:57:59.721+0000] {logging_mixin.py:188} INFO - [2024-05-21T19:57:59.721+0000] {dag.py:3954} INFO - Setting next_dagrun for example_task_group to 2024-05-20 00:00:00+00:00, run_after=2024-05-21 00:00:00+00:00
[2024-05-21T19:57:59.777+0000] {processor.py:183} INFO - Processing /home/airflow/.local/lib/python3.12/site-packages/airflow/example_dags/example_task_group.py took 0.224 seconds
[2024-05-21T19:58:30.352+0000] {processor.py:161} INFO - Started process (PID=502) to work on /home/airflow/.local/lib/python3.12/site-packages/airflow/example_dags/example_task_group.py
[2024-05-21T19:58:30.356+0000] {processor.py:830} INFO - Processing file /home/airflow/.local/lib/python3.12/site-packages/airflow/example_dags/example_task_group.py for tasks to queue
[2024-05-21T19:58:30.362+0000] {logging_mixin.py:188} INFO - [2024-05-21T19:58:30.361+0000] {dagbag.py:545} INFO - Filling up the DagBag from /home/airflow/.local/lib/python3.12/site-packages/airflow/example_dags/example_task_group.py
[2024-05-21T19:58:30.385+0000] {processor.py:840} INFO - DAG(s) 'example_task_group' retrieved from /home/airflow/.local/lib/python3.12/site-packages/airflow/example_dags/example_task_group.py
[2024-05-21T19:58:30.488+0000] {logging_mixin.py:188} INFO - [2024-05-21T19:58:30.486+0000] {dag.py:3096} INFO - Sync 1 DAGs
[2024-05-21T19:58:30.605+0000] {logging_mixin.py:188} INFO - [2024-05-21T19:58:30.604+0000] {dag.py:3954} INFO - Setting next_dagrun for example_task_group to 2024-05-20 00:00:00+00:00, run_after=2024-05-21 00:00:00+00:00
[2024-05-21T19:58:30.722+0000] {processor.py:183} INFO - Processing /home/airflow/.local/lib/python3.12/site-packages/airflow/example_dags/example_task_group.py took 0.409 seconds
[2024-05-21T19:59:00.879+0000] {processor.py:161} INFO - Started process (PID=562) to work on /home/airflow/.local/lib/python3.12/site-packages/airflow/example_dags/example_task_group.py
[2024-05-21T19:59:00.885+0000] {processor.py:830} INFO - Processing file /home/airflow/.local/lib/python3.12/site-packages/airflow/example_dags/example_task_group.py for tasks to queue
[2024-05-21T19:59:00.890+0000] {logging_mixin.py:188} INFO - [2024-05-21T19:59:00.889+0000] {dagbag.py:545} INFO - Filling up the DagBag from /home/airflow/.local/lib/python3.12/site-packages/airflow/example_dags/example_task_group.py
[2024-05-21T19:59:00.910+0000] {processor.py:840} INFO - DAG(s) 'example_task_group' retrieved from /home/airflow/.local/lib/python3.12/site-packages/airflow/example_dags/example_task_group.py
[2024-05-21T19:59:00.976+0000] {logging_mixin.py:188} INFO - [2024-05-21T19:59:00.975+0000] {dag.py:3096} INFO - Sync 1 DAGs
[2024-05-21T19:59:01.052+0000] {logging_mixin.py:188} INFO - [2024-05-21T19:59:01.051+0000] {dag.py:3954} INFO - Setting next_dagrun for example_task_group to 2024-05-20 00:00:00+00:00, run_after=2024-05-21 00:00:00+00:00
[2024-05-21T19:59:01.115+0000] {processor.py:183} INFO - Processing /home/airflow/.local/lib/python3.12/site-packages/airflow/example_dags/example_task_group.py took 0.253 seconds
[2024-05-21T19:59:31.887+0000] {processor.py:161} INFO - Started process (PID=622) to work on /home/airflow/.local/lib/python3.12/site-packages/airflow/example_dags/example_task_group.py
[2024-05-21T19:59:31.889+0000] {processor.py:830} INFO - Processing file /home/airflow/.local/lib/python3.12/site-packages/airflow/example_dags/example_task_group.py for tasks to queue
[2024-05-21T19:59:31.894+0000] {logging_mixin.py:188} INFO - [2024-05-21T19:59:31.893+0000] {dagbag.py:545} INFO - Filling up the DagBag from /home/airflow/.local/lib/python3.12/site-packages/airflow/example_dags/example_task_group.py
[2024-05-21T19:59:31.913+0000] {processor.py:840} INFO - DAG(s) 'example_task_group' retrieved from /home/airflow/.local/lib/python3.12/site-packages/airflow/example_dags/example_task_group.py
[2024-05-21T19:59:31.972+0000] {logging_mixin.py:188} INFO - [2024-05-21T19:59:31.971+0000] {dag.py:3096} INFO - Sync 1 DAGs
[2024-05-21T19:59:32.055+0000] {logging_mixin.py:188} INFO - [2024-05-21T19:59:32.055+0000] {dag.py:3954} INFO - Setting next_dagrun for example_task_group to 2024-05-20 00:00:00+00:00, run_after=2024-05-21 00:00:00+00:00
[2024-05-21T19:59:32.110+0000] {processor.py:183} INFO - Processing /home/airflow/.local/lib/python3.12/site-packages/airflow/example_dags/example_task_group.py took 0.236 seconds
[2024-05-21T20:00:03.730+0000] {processor.py:161} INFO - Started process (PID=682) to work on /home/airflow/.local/lib/python3.12/site-packages/airflow/example_dags/example_task_group.py
[2024-05-21T20:00:03.732+0000] {processor.py:830} INFO - Processing file /home/airflow/.local/lib/python3.12/site-packages/airflow/example_dags/example_task_group.py for tasks to queue
[2024-05-21T20:00:03.737+0000] {logging_mixin.py:188} INFO - [2024-05-21T20:00:03.737+0000] {dagbag.py:545} INFO - Filling up the DagBag from /home/airflow/.local/lib/python3.12/site-packages/airflow/example_dags/example_task_group.py
[2024-05-21T20:00:03.775+0000] {processor.py:840} INFO - DAG(s) 'example_task_group' retrieved from /home/airflow/.local/lib/python3.12/site-packages/airflow/example_dags/example_task_group.py
[2024-05-21T20:00:03.850+0000] {logging_mixin.py:188} INFO - [2024-05-21T20:00:03.849+0000] {dag.py:3096} INFO - Sync 1 DAGs
[2024-05-21T20:00:03.931+0000] {logging_mixin.py:188} INFO - [2024-05-21T20:00:03.931+0000] {dag.py:3954} INFO - Setting next_dagrun for example_task_group to 2024-05-20 00:00:00+00:00, run_after=2024-05-21 00:00:00+00:00
[2024-05-21T20:00:04.004+0000] {processor.py:183} INFO - Processing /home/airflow/.local/lib/python3.12/site-packages/airflow/example_dags/example_task_group.py took 0.290 seconds
[2024-05-21T20:00:35.372+0000] {processor.py:161} INFO - Started process (PID=748) to work on /home/airflow/.local/lib/python3.12/site-packages/airflow/example_dags/example_task_group.py
[2024-05-21T20:00:35.374+0000] {processor.py:830} INFO - Processing file /home/airflow/.local/lib/python3.12/site-packages/airflow/example_dags/example_task_group.py for tasks to queue
[2024-05-21T20:00:35.379+0000] {logging_mixin.py:188} INFO - [2024-05-21T20:00:35.378+0000] {dagbag.py:545} INFO - Filling up the DagBag from /home/airflow/.local/lib/python3.12/site-packages/airflow/example_dags/example_task_group.py
[2024-05-21T20:00:35.406+0000] {processor.py:840} INFO - DAG(s) 'example_task_group' retrieved from /home/airflow/.local/lib/python3.12/site-packages/airflow/example_dags/example_task_group.py
[2024-05-21T20:00:35.513+0000] {logging_mixin.py:188} INFO - [2024-05-21T20:00:35.512+0000] {dag.py:3096} INFO - Sync 1 DAGs
[2024-05-21T20:00:35.595+0000] {logging_mixin.py:188} INFO - [2024-05-21T20:00:35.595+0000] {dag.py:3954} INFO - Setting next_dagrun for example_task_group to 2024-05-20 00:00:00+00:00, run_after=2024-05-21 00:00:00+00:00
[2024-05-21T20:00:35.685+0000] {processor.py:183} INFO - Processing /home/airflow/.local/lib/python3.12/site-packages/airflow/example_dags/example_task_group.py took 0.332 seconds
[2024-05-21T20:01:07.860+0000] {processor.py:161} INFO - Started process (PID=808) to work on /home/airflow/.local/lib/python3.12/site-packages/airflow/example_dags/example_task_group.py
[2024-05-21T20:01:07.863+0000] {processor.py:830} INFO - Processing file /home/airflow/.local/lib/python3.12/site-packages/airflow/example_dags/example_task_group.py for tasks to queue
[2024-05-21T20:01:07.872+0000] {logging_mixin.py:188} INFO - [2024-05-21T20:01:07.872+0000] {dagbag.py:545} INFO - Filling up the DagBag from /home/airflow/.local/lib/python3.12/site-packages/airflow/example_dags/example_task_group.py
[2024-05-21T20:01:07.888+0000] {processor.py:840} INFO - DAG(s) 'example_task_group' retrieved from /home/airflow/.local/lib/python3.12/site-packages/airflow/example_dags/example_task_group.py
[2024-05-21T20:01:07.962+0000] {logging_mixin.py:188} INFO - [2024-05-21T20:01:07.961+0000] {dag.py:3096} INFO - Sync 1 DAGs
[2024-05-21T20:01:08.034+0000] {logging_mixin.py:188} INFO - [2024-05-21T20:01:08.034+0000] {dag.py:3954} INFO - Setting next_dagrun for example_task_group to 2024-05-20 00:00:00+00:00, run_after=2024-05-21 00:00:00+00:00
[2024-05-21T20:01:08.081+0000] {processor.py:183} INFO - Processing /home/airflow/.local/lib/python3.12/site-packages/airflow/example_dags/example_task_group.py took 0.234 seconds
[2024-05-21T20:01:38.171+0000] {processor.py:161} INFO - Started process (PID=867) to work on /home/airflow/.local/lib/python3.12/site-packages/airflow/example_dags/example_task_group.py
[2024-05-21T20:01:38.173+0000] {processor.py:830} INFO - Processing file /home/airflow/.local/lib/python3.12/site-packages/airflow/example_dags/example_task_group.py for tasks to queue
[2024-05-21T20:01:38.178+0000] {logging_mixin.py:188} INFO - [2024-05-21T20:01:38.177+0000] {dagbag.py:545} INFO - Filling up the DagBag from /home/airflow/.local/lib/python3.12/site-packages/airflow/example_dags/example_task_group.py
[2024-05-21T20:01:38.193+0000] {processor.py:840} INFO - DAG(s) 'example_task_group' retrieved from /home/airflow/.local/lib/python3.12/site-packages/airflow/example_dags/example_task_group.py
[2024-05-21T20:01:38.256+0000] {logging_mixin.py:188} INFO - [2024-05-21T20:01:38.256+0000] {dag.py:3096} INFO - Sync 1 DAGs
[2024-05-21T20:01:38.306+0000] {logging_mixin.py:188} INFO - [2024-05-21T20:01:38.305+0000] {dag.py:3954} INFO - Setting next_dagrun for example_task_group to 2024-05-20 00:00:00+00:00, run_after=2024-05-21 00:00:00+00:00
[2024-05-21T20:01:38.349+0000] {processor.py:183} INFO - Processing /home/airflow/.local/lib/python3.12/site-packages/airflow/example_dags/example_task_group.py took 0.202 seconds
[2024-05-21T20:02:10.471+0000] {processor.py:161} INFO - Started process (PID=928) to work on /home/airflow/.local/lib/python3.12/site-packages/airflow/example_dags/example_task_group.py
[2024-05-21T20:02:10.474+0000] {processor.py:830} INFO - Processing file /home/airflow/.local/lib/python3.12/site-packages/airflow/example_dags/example_task_group.py for tasks to queue
[2024-05-21T20:02:10.480+0000] {logging_mixin.py:188} INFO - [2024-05-21T20:02:10.479+0000] {dagbag.py:545} INFO - Filling up the DagBag from /home/airflow/.local/lib/python3.12/site-packages/airflow/example_dags/example_task_group.py
[2024-05-21T20:02:10.504+0000] {processor.py:840} INFO - DAG(s) 'example_task_group' retrieved from /home/airflow/.local/lib/python3.12/site-packages/airflow/example_dags/example_task_group.py
[2024-05-21T20:02:10.586+0000] {logging_mixin.py:188} INFO - [2024-05-21T20:02:10.585+0000] {dag.py:3096} INFO - Sync 1 DAGs
[2024-05-21T20:02:10.654+0000] {logging_mixin.py:188} INFO - [2024-05-21T20:02:10.653+0000] {dag.py:3954} INFO - Setting next_dagrun for example_task_group to 2024-05-20 00:00:00+00:00, run_after=2024-05-21 00:00:00+00:00
[2024-05-21T20:02:10.714+0000] {processor.py:183} INFO - Processing /home/airflow/.local/lib/python3.12/site-packages/airflow/example_dags/example_task_group.py took 0.259 seconds
[2024-05-21T20:02:40.922+0000] {processor.py:161} INFO - Started process (PID=990) to work on /home/airflow/.local/lib/python3.12/site-packages/airflow/example_dags/example_task_group.py
[2024-05-21T20:02:40.924+0000] {processor.py:830} INFO - Processing file /home/airflow/.local/lib/python3.12/site-packages/airflow/example_dags/example_task_group.py for tasks to queue
[2024-05-21T20:02:40.930+0000] {logging_mixin.py:188} INFO - [2024-05-21T20:02:40.928+0000] {dagbag.py:545} INFO - Filling up the DagBag from /home/airflow/.local/lib/python3.12/site-packages/airflow/example_dags/example_task_group.py
[2024-05-21T20:02:40.950+0000] {processor.py:840} INFO - DAG(s) 'example_task_group' retrieved from /home/airflow/.local/lib/python3.12/site-packages/airflow/example_dags/example_task_group.py
[2024-05-21T20:02:41.001+0000] {logging_mixin.py:188} INFO - [2024-05-21T20:02:41.001+0000] {dag.py:3096} INFO - Sync 1 DAGs
[2024-05-21T20:02:41.057+0000] {logging_mixin.py:188} INFO - [2024-05-21T20:02:41.057+0000] {dag.py:3954} INFO - Setting next_dagrun for example_task_group to 2024-05-20 00:00:00+00:00, run_after=2024-05-21 00:00:00+00:00
[2024-05-21T20:02:41.123+0000] {processor.py:183} INFO - Processing /home/airflow/.local/lib/python3.12/site-packages/airflow/example_dags/example_task_group.py took 0.211 seconds
