[2024-05-21T19:29:08.514+0000] {processor.py:161} INFO - Started process (PID=73) to work on /home/airflow/.local/lib/python3.12/site-packages/airflow/example_dags/example_sla_dag.py
[2024-05-21T19:29:08.517+0000] {processor.py:830} INFO - Processing file /home/airflow/.local/lib/python3.12/site-packages/airflow/example_dags/example_sla_dag.py for tasks to queue
[2024-05-21T19:29:08.521+0000] {logging_mixin.py:188} INFO - [2024-05-21T19:29:08.520+0000] {dagbag.py:545} INFO - Filling up the DagBag from /home/airflow/.local/lib/python3.12/site-packages/airflow/example_dags/example_sla_dag.py
[2024-05-21T19:29:08.546+0000] {processor.py:840} INFO - DAG(s) 'example_sla_dag' retrieved from /home/airflow/.local/lib/python3.12/site-packages/airflow/example_dags/example_sla_dag.py
[2024-05-21T19:29:09.010+0000] {logging_mixin.py:188} INFO - [2024-05-21T19:29:09.009+0000] {dag.py:3096} INFO - Sync 1 DAGs
[2024-05-21T19:29:09.076+0000] {logging_mixin.py:188} INFO - [2024-05-21T19:29:09.075+0000] {dag.py:3954} INFO - Setting next_dagrun for example_sla_dag to 2024-05-21 19:26:00+00:00, run_after=2024-05-21 19:28:00+00:00
[2024-05-21T19:29:09.136+0000] {processor.py:183} INFO - Processing /home/airflow/.local/lib/python3.12/site-packages/airflow/example_dags/example_sla_dag.py took 0.635 seconds
[2024-05-21T19:29:39.356+0000] {processor.py:161} INFO - Started process (PID=133) to work on /home/airflow/.local/lib/python3.12/site-packages/airflow/example_dags/example_sla_dag.py
[2024-05-21T19:29:39.359+0000] {processor.py:830} INFO - Processing file /home/airflow/.local/lib/python3.12/site-packages/airflow/example_dags/example_sla_dag.py for tasks to queue
[2024-05-21T19:29:39.367+0000] {logging_mixin.py:188} INFO - [2024-05-21T19:29:39.365+0000] {dagbag.py:545} INFO - Filling up the DagBag from /home/airflow/.local/lib/python3.12/site-packages/airflow/example_dags/example_sla_dag.py
[2024-05-21T19:29:39.397+0000] {processor.py:840} INFO - DAG(s) 'example_sla_dag' retrieved from /home/airflow/.local/lib/python3.12/site-packages/airflow/example_dags/example_sla_dag.py
[2024-05-21T19:29:39.455+0000] {logging_mixin.py:188} INFO - [2024-05-21T19:29:39.454+0000] {dag.py:3096} INFO - Sync 1 DAGs
[2024-05-21T19:29:39.525+0000] {logging_mixin.py:188} INFO - [2024-05-21T19:29:39.525+0000] {dag.py:3954} INFO - Setting next_dagrun for example_sla_dag to 2024-05-21 19:26:00+00:00, run_after=2024-05-21 19:28:00+00:00
[2024-05-21T19:29:39.595+0000] {processor.py:183} INFO - Processing /home/airflow/.local/lib/python3.12/site-packages/airflow/example_dags/example_sla_dag.py took 0.254 seconds
[2024-05-21T19:30:10.206+0000] {processor.py:161} INFO - Started process (PID=193) to work on /home/airflow/.local/lib/python3.12/site-packages/airflow/example_dags/example_sla_dag.py
[2024-05-21T19:30:10.208+0000] {processor.py:830} INFO - Processing file /home/airflow/.local/lib/python3.12/site-packages/airflow/example_dags/example_sla_dag.py for tasks to queue
[2024-05-21T19:30:10.215+0000] {logging_mixin.py:188} INFO - [2024-05-21T19:30:10.214+0000] {dagbag.py:545} INFO - Filling up the DagBag from /home/airflow/.local/lib/python3.12/site-packages/airflow/example_dags/example_sla_dag.py
[2024-05-21T19:30:10.236+0000] {processor.py:840} INFO - DAG(s) 'example_sla_dag' retrieved from /home/airflow/.local/lib/python3.12/site-packages/airflow/example_dags/example_sla_dag.py
[2024-05-21T19:30:10.294+0000] {logging_mixin.py:188} INFO - [2024-05-21T19:30:10.293+0000] {dag.py:3096} INFO - Sync 1 DAGs
[2024-05-21T19:30:10.382+0000] {logging_mixin.py:188} INFO - [2024-05-21T19:30:10.381+0000] {dag.py:3954} INFO - Setting next_dagrun for example_sla_dag to 2024-05-21 19:28:00+00:00, run_after=2024-05-21 19:30:00+00:00
[2024-05-21T19:30:10.475+0000] {processor.py:183} INFO - Processing /home/airflow/.local/lib/python3.12/site-packages/airflow/example_dags/example_sla_dag.py took 0.284 seconds
[2024-05-21T19:30:40.780+0000] {processor.py:161} INFO - Started process (PID=253) to work on /home/airflow/.local/lib/python3.12/site-packages/airflow/example_dags/example_sla_dag.py
[2024-05-21T19:30:40.783+0000] {processor.py:830} INFO - Processing file /home/airflow/.local/lib/python3.12/site-packages/airflow/example_dags/example_sla_dag.py for tasks to queue
[2024-05-21T19:30:40.788+0000] {logging_mixin.py:188} INFO - [2024-05-21T19:30:40.787+0000] {dagbag.py:545} INFO - Filling up the DagBag from /home/airflow/.local/lib/python3.12/site-packages/airflow/example_dags/example_sla_dag.py
[2024-05-21T19:30:40.814+0000] {processor.py:840} INFO - DAG(s) 'example_sla_dag' retrieved from /home/airflow/.local/lib/python3.12/site-packages/airflow/example_dags/example_sla_dag.py
[2024-05-21T19:30:40.870+0000] {logging_mixin.py:188} INFO - [2024-05-21T19:30:40.870+0000] {dag.py:3096} INFO - Sync 1 DAGs
[2024-05-21T19:30:40.958+0000] {logging_mixin.py:188} INFO - [2024-05-21T19:30:40.957+0000] {dag.py:3954} INFO - Setting next_dagrun for example_sla_dag to 2024-05-21 19:28:00+00:00, run_after=2024-05-21 19:30:00+00:00
[2024-05-21T19:30:41.025+0000] {processor.py:183} INFO - Processing /home/airflow/.local/lib/python3.12/site-packages/airflow/example_dags/example_sla_dag.py took 0.261 seconds
[2024-05-21T19:31:11.976+0000] {processor.py:161} INFO - Started process (PID=313) to work on /home/airflow/.local/lib/python3.12/site-packages/airflow/example_dags/example_sla_dag.py
[2024-05-21T19:31:11.978+0000] {processor.py:830} INFO - Processing file /home/airflow/.local/lib/python3.12/site-packages/airflow/example_dags/example_sla_dag.py for tasks to queue
[2024-05-21T19:31:11.985+0000] {logging_mixin.py:188} INFO - [2024-05-21T19:31:11.984+0000] {dagbag.py:545} INFO - Filling up the DagBag from /home/airflow/.local/lib/python3.12/site-packages/airflow/example_dags/example_sla_dag.py
[2024-05-21T19:31:12.007+0000] {processor.py:840} INFO - DAG(s) 'example_sla_dag' retrieved from /home/airflow/.local/lib/python3.12/site-packages/airflow/example_dags/example_sla_dag.py
[2024-05-21T19:31:12.063+0000] {logging_mixin.py:188} INFO - [2024-05-21T19:31:12.062+0000] {dag.py:3096} INFO - Sync 1 DAGs
[2024-05-21T19:31:12.155+0000] {logging_mixin.py:188} INFO - [2024-05-21T19:31:12.154+0000] {dag.py:3954} INFO - Setting next_dagrun for example_sla_dag to 2024-05-21 19:28:00+00:00, run_after=2024-05-21 19:30:00+00:00
[2024-05-21T19:31:12.209+0000] {processor.py:183} INFO - Processing /home/airflow/.local/lib/python3.12/site-packages/airflow/example_dags/example_sla_dag.py took 0.266 seconds
[2024-05-21T19:31:43.372+0000] {processor.py:161} INFO - Started process (PID=373) to work on /home/airflow/.local/lib/python3.12/site-packages/airflow/example_dags/example_sla_dag.py
[2024-05-21T19:31:43.375+0000] {processor.py:830} INFO - Processing file /home/airflow/.local/lib/python3.12/site-packages/airflow/example_dags/example_sla_dag.py for tasks to queue
[2024-05-21T19:31:43.380+0000] {logging_mixin.py:188} INFO - [2024-05-21T19:31:43.379+0000] {dagbag.py:545} INFO - Filling up the DagBag from /home/airflow/.local/lib/python3.12/site-packages/airflow/example_dags/example_sla_dag.py
[2024-05-21T19:31:43.397+0000] {processor.py:840} INFO - DAG(s) 'example_sla_dag' retrieved from /home/airflow/.local/lib/python3.12/site-packages/airflow/example_dags/example_sla_dag.py
[2024-05-21T19:31:43.455+0000] {logging_mixin.py:188} INFO - [2024-05-21T19:31:43.454+0000] {dag.py:3096} INFO - Sync 1 DAGs
[2024-05-21T19:31:43.529+0000] {logging_mixin.py:188} INFO - [2024-05-21T19:31:43.529+0000] {dag.py:3954} INFO - Setting next_dagrun for example_sla_dag to 2024-05-21 19:28:00+00:00, run_after=2024-05-21 19:30:00+00:00
[2024-05-21T19:31:43.576+0000] {processor.py:183} INFO - Processing /home/airflow/.local/lib/python3.12/site-packages/airflow/example_dags/example_sla_dag.py took 0.220 seconds
[2024-05-21T19:32:15.397+0000] {processor.py:161} INFO - Started process (PID=433) to work on /home/airflow/.local/lib/python3.12/site-packages/airflow/example_dags/example_sla_dag.py
[2024-05-21T19:32:15.401+0000] {processor.py:830} INFO - Processing file /home/airflow/.local/lib/python3.12/site-packages/airflow/example_dags/example_sla_dag.py for tasks to queue
[2024-05-21T19:32:15.411+0000] {logging_mixin.py:188} INFO - [2024-05-21T19:32:15.410+0000] {dagbag.py:545} INFO - Filling up the DagBag from /home/airflow/.local/lib/python3.12/site-packages/airflow/example_dags/example_sla_dag.py
[2024-05-21T19:32:15.434+0000] {processor.py:840} INFO - DAG(s) 'example_sla_dag' retrieved from /home/airflow/.local/lib/python3.12/site-packages/airflow/example_dags/example_sla_dag.py
[2024-05-21T19:32:15.491+0000] {logging_mixin.py:188} INFO - [2024-05-21T19:32:15.490+0000] {dag.py:3096} INFO - Sync 1 DAGs
[2024-05-21T19:32:15.591+0000] {logging_mixin.py:188} INFO - [2024-05-21T19:32:15.590+0000] {dag.py:3954} INFO - Setting next_dagrun for example_sla_dag to 2024-05-21 19:30:00+00:00, run_after=2024-05-21 19:32:00+00:00
[2024-05-21T19:32:15.674+0000] {processor.py:183} INFO - Processing /home/airflow/.local/lib/python3.12/site-packages/airflow/example_dags/example_sla_dag.py took 0.294 seconds
[2024-05-21T19:32:48.675+0000] {processor.py:161} INFO - Started process (PID=494) to work on /home/airflow/.local/lib/python3.12/site-packages/airflow/example_dags/example_sla_dag.py
[2024-05-21T19:32:48.678+0000] {processor.py:830} INFO - Processing file /home/airflow/.local/lib/python3.12/site-packages/airflow/example_dags/example_sla_dag.py for tasks to queue
[2024-05-21T19:32:48.693+0000] {logging_mixin.py:188} INFO - [2024-05-21T19:32:48.692+0000] {dagbag.py:545} INFO - Filling up the DagBag from /home/airflow/.local/lib/python3.12/site-packages/airflow/example_dags/example_sla_dag.py
[2024-05-21T19:32:48.753+0000] {processor.py:840} INFO - DAG(s) 'example_sla_dag' retrieved from /home/airflow/.local/lib/python3.12/site-packages/airflow/example_dags/example_sla_dag.py
[2024-05-21T19:32:48.922+0000] {logging_mixin.py:188} INFO - [2024-05-21T19:32:48.921+0000] {dag.py:3096} INFO - Sync 1 DAGs
[2024-05-21T19:32:49.022+0000] {logging_mixin.py:188} INFO - [2024-05-21T19:32:49.021+0000] {dag.py:3954} INFO - Setting next_dagrun for example_sla_dag to 2024-05-21 19:30:00+00:00, run_after=2024-05-21 19:32:00+00:00
[2024-05-21T19:32:49.157+0000] {processor.py:183} INFO - Processing /home/airflow/.local/lib/python3.12/site-packages/airflow/example_dags/example_sla_dag.py took 0.494 seconds
[2024-05-21T19:33:20.087+0000] {processor.py:161} INFO - Started process (PID=560) to work on /home/airflow/.local/lib/python3.12/site-packages/airflow/example_dags/example_sla_dag.py
[2024-05-21T19:33:20.092+0000] {processor.py:830} INFO - Processing file /home/airflow/.local/lib/python3.12/site-packages/airflow/example_dags/example_sla_dag.py for tasks to queue
[2024-05-21T19:33:20.100+0000] {logging_mixin.py:188} INFO - [2024-05-21T19:33:20.099+0000] {dagbag.py:545} INFO - Filling up the DagBag from /home/airflow/.local/lib/python3.12/site-packages/airflow/example_dags/example_sla_dag.py
[2024-05-21T19:33:20.129+0000] {processor.py:840} INFO - DAG(s) 'example_sla_dag' retrieved from /home/airflow/.local/lib/python3.12/site-packages/airflow/example_dags/example_sla_dag.py
[2024-05-21T19:33:20.189+0000] {logging_mixin.py:188} INFO - [2024-05-21T19:33:20.186+0000] {dag.py:3096} INFO - Sync 1 DAGs
[2024-05-21T19:33:20.263+0000] {logging_mixin.py:188} INFO - [2024-05-21T19:33:20.263+0000] {dag.py:3954} INFO - Setting next_dagrun for example_sla_dag to 2024-05-21 19:30:00+00:00, run_after=2024-05-21 19:32:00+00:00
[2024-05-21T19:33:20.350+0000] {processor.py:183} INFO - Processing /home/airflow/.local/lib/python3.12/site-packages/airflow/example_dags/example_sla_dag.py took 0.295 seconds
[2024-05-21T19:33:50.460+0000] {processor.py:161} INFO - Started process (PID=620) to work on /home/airflow/.local/lib/python3.12/site-packages/airflow/example_dags/example_sla_dag.py
[2024-05-21T19:33:50.462+0000] {processor.py:830} INFO - Processing file /home/airflow/.local/lib/python3.12/site-packages/airflow/example_dags/example_sla_dag.py for tasks to queue
[2024-05-21T19:33:50.469+0000] {logging_mixin.py:188} INFO - [2024-05-21T19:33:50.469+0000] {dagbag.py:545} INFO - Filling up the DagBag from /home/airflow/.local/lib/python3.12/site-packages/airflow/example_dags/example_sla_dag.py
[2024-05-21T19:33:50.490+0000] {processor.py:840} INFO - DAG(s) 'example_sla_dag' retrieved from /home/airflow/.local/lib/python3.12/site-packages/airflow/example_dags/example_sla_dag.py
[2024-05-21T19:33:50.543+0000] {logging_mixin.py:188} INFO - [2024-05-21T19:33:50.542+0000] {dag.py:3096} INFO - Sync 1 DAGs
[2024-05-21T19:33:50.612+0000] {logging_mixin.py:188} INFO - [2024-05-21T19:33:50.612+0000] {dag.py:3954} INFO - Setting next_dagrun for example_sla_dag to 2024-05-21 19:30:00+00:00, run_after=2024-05-21 19:32:00+00:00
[2024-05-21T19:33:50.685+0000] {processor.py:183} INFO - Processing /home/airflow/.local/lib/python3.12/site-packages/airflow/example_dags/example_sla_dag.py took 0.238 seconds
[2024-05-21T19:34:21.959+0000] {processor.py:161} INFO - Started process (PID=680) to work on /home/airflow/.local/lib/python3.12/site-packages/airflow/example_dags/example_sla_dag.py
[2024-05-21T19:34:21.962+0000] {processor.py:830} INFO - Processing file /home/airflow/.local/lib/python3.12/site-packages/airflow/example_dags/example_sla_dag.py for tasks to queue
[2024-05-21T19:34:21.971+0000] {logging_mixin.py:188} INFO - [2024-05-21T19:34:21.970+0000] {dagbag.py:545} INFO - Filling up the DagBag from /home/airflow/.local/lib/python3.12/site-packages/airflow/example_dags/example_sla_dag.py
[2024-05-21T19:34:21.990+0000] {processor.py:840} INFO - DAG(s) 'example_sla_dag' retrieved from /home/airflow/.local/lib/python3.12/site-packages/airflow/example_dags/example_sla_dag.py
[2024-05-21T19:34:22.040+0000] {logging_mixin.py:188} INFO - [2024-05-21T19:34:22.039+0000] {dag.py:3096} INFO - Sync 1 DAGs
[2024-05-21T19:34:22.122+0000] {logging_mixin.py:188} INFO - [2024-05-21T19:34:22.121+0000] {dag.py:3954} INFO - Setting next_dagrun for example_sla_dag to 2024-05-21 19:32:00+00:00, run_after=2024-05-21 19:34:00+00:00
[2024-05-21T19:34:22.225+0000] {processor.py:183} INFO - Processing /home/airflow/.local/lib/python3.12/site-packages/airflow/example_dags/example_sla_dag.py took 0.280 seconds
[2024-05-21T19:34:53.414+0000] {processor.py:161} INFO - Started process (PID=740) to work on /home/airflow/.local/lib/python3.12/site-packages/airflow/example_dags/example_sla_dag.py
[2024-05-21T19:34:53.416+0000] {processor.py:830} INFO - Processing file /home/airflow/.local/lib/python3.12/site-packages/airflow/example_dags/example_sla_dag.py for tasks to queue
[2024-05-21T19:34:53.420+0000] {logging_mixin.py:188} INFO - [2024-05-21T19:34:53.419+0000] {dagbag.py:545} INFO - Filling up the DagBag from /home/airflow/.local/lib/python3.12/site-packages/airflow/example_dags/example_sla_dag.py
[2024-05-21T19:34:53.434+0000] {processor.py:840} INFO - DAG(s) 'example_sla_dag' retrieved from /home/airflow/.local/lib/python3.12/site-packages/airflow/example_dags/example_sla_dag.py
[2024-05-21T19:34:53.487+0000] {logging_mixin.py:188} INFO - [2024-05-21T19:34:53.486+0000] {dag.py:3096} INFO - Sync 1 DAGs
[2024-05-21T19:34:53.538+0000] {logging_mixin.py:188} INFO - [2024-05-21T19:34:53.537+0000] {dag.py:3954} INFO - Setting next_dagrun for example_sla_dag to 2024-05-21 19:32:00+00:00, run_after=2024-05-21 19:34:00+00:00
[2024-05-21T19:34:53.597+0000] {processor.py:183} INFO - Processing /home/airflow/.local/lib/python3.12/site-packages/airflow/example_dags/example_sla_dag.py took 0.195 seconds
[2024-05-21T19:35:24.296+0000] {processor.py:161} INFO - Started process (PID=800) to work on /home/airflow/.local/lib/python3.12/site-packages/airflow/example_dags/example_sla_dag.py
[2024-05-21T19:35:24.298+0000] {processor.py:830} INFO - Processing file /home/airflow/.local/lib/python3.12/site-packages/airflow/example_dags/example_sla_dag.py for tasks to queue
[2024-05-21T19:35:24.303+0000] {logging_mixin.py:188} INFO - [2024-05-21T19:35:24.302+0000] {dagbag.py:545} INFO - Filling up the DagBag from /home/airflow/.local/lib/python3.12/site-packages/airflow/example_dags/example_sla_dag.py
[2024-05-21T19:35:24.322+0000] {processor.py:840} INFO - DAG(s) 'example_sla_dag' retrieved from /home/airflow/.local/lib/python3.12/site-packages/airflow/example_dags/example_sla_dag.py
[2024-05-21T19:35:24.413+0000] {logging_mixin.py:188} INFO - [2024-05-21T19:35:24.413+0000] {dag.py:3096} INFO - Sync 1 DAGs
[2024-05-21T19:35:24.488+0000] {logging_mixin.py:188} INFO - [2024-05-21T19:35:24.487+0000] {dag.py:3954} INFO - Setting next_dagrun for example_sla_dag to 2024-05-21 19:32:00+00:00, run_after=2024-05-21 19:34:00+00:00
[2024-05-21T19:35:24.560+0000] {processor.py:183} INFO - Processing /home/airflow/.local/lib/python3.12/site-packages/airflow/example_dags/example_sla_dag.py took 0.281 seconds
[2024-05-21T19:35:54.806+0000] {processor.py:161} INFO - Started process (PID=857) to work on /home/airflow/.local/lib/python3.12/site-packages/airflow/example_dags/example_sla_dag.py
[2024-05-21T19:35:54.809+0000] {processor.py:830} INFO - Processing file /home/airflow/.local/lib/python3.12/site-packages/airflow/example_dags/example_sla_dag.py for tasks to queue
[2024-05-21T19:35:54.814+0000] {logging_mixin.py:188} INFO - [2024-05-21T19:35:54.813+0000] {dagbag.py:545} INFO - Filling up the DagBag from /home/airflow/.local/lib/python3.12/site-packages/airflow/example_dags/example_sla_dag.py
[2024-05-21T19:35:54.836+0000] {processor.py:840} INFO - DAG(s) 'example_sla_dag' retrieved from /home/airflow/.local/lib/python3.12/site-packages/airflow/example_dags/example_sla_dag.py
[2024-05-21T19:35:54.915+0000] {logging_mixin.py:188} INFO - [2024-05-21T19:35:54.914+0000] {dag.py:3096} INFO - Sync 1 DAGs
[2024-05-21T19:35:55.012+0000] {logging_mixin.py:188} INFO - [2024-05-21T19:35:55.012+0000] {dag.py:3954} INFO - Setting next_dagrun for example_sla_dag to 2024-05-21 19:32:00+00:00, run_after=2024-05-21 19:34:00+00:00
[2024-05-21T19:35:55.098+0000] {processor.py:183} INFO - Processing /home/airflow/.local/lib/python3.12/site-packages/airflow/example_dags/example_sla_dag.py took 0.308 seconds
[2024-05-21T19:36:25.577+0000] {processor.py:161} INFO - Started process (PID=917) to work on /home/airflow/.local/lib/python3.12/site-packages/airflow/example_dags/example_sla_dag.py
[2024-05-21T19:36:25.580+0000] {processor.py:830} INFO - Processing file /home/airflow/.local/lib/python3.12/site-packages/airflow/example_dags/example_sla_dag.py for tasks to queue
[2024-05-21T19:36:25.585+0000] {logging_mixin.py:188} INFO - [2024-05-21T19:36:25.584+0000] {dagbag.py:545} INFO - Filling up the DagBag from /home/airflow/.local/lib/python3.12/site-packages/airflow/example_dags/example_sla_dag.py
[2024-05-21T19:36:25.605+0000] {processor.py:840} INFO - DAG(s) 'example_sla_dag' retrieved from /home/airflow/.local/lib/python3.12/site-packages/airflow/example_dags/example_sla_dag.py
[2024-05-21T19:36:25.653+0000] {logging_mixin.py:188} INFO - [2024-05-21T19:36:25.653+0000] {dag.py:3096} INFO - Sync 1 DAGs
[2024-05-21T19:36:25.728+0000] {logging_mixin.py:188} INFO - [2024-05-21T19:36:25.728+0000] {dag.py:3954} INFO - Setting next_dagrun for example_sla_dag to 2024-05-21 19:34:00+00:00, run_after=2024-05-21 19:36:00+00:00
[2024-05-21T19:36:25.800+0000] {processor.py:183} INFO - Processing /home/airflow/.local/lib/python3.12/site-packages/airflow/example_dags/example_sla_dag.py took 0.242 seconds
[2024-05-21T19:36:56.132+0000] {processor.py:161} INFO - Started process (PID=976) to work on /home/airflow/.local/lib/python3.12/site-packages/airflow/example_dags/example_sla_dag.py
[2024-05-21T19:36:56.135+0000] {processor.py:830} INFO - Processing file /home/airflow/.local/lib/python3.12/site-packages/airflow/example_dags/example_sla_dag.py for tasks to queue
[2024-05-21T19:36:56.141+0000] {logging_mixin.py:188} INFO - [2024-05-21T19:36:56.140+0000] {dagbag.py:545} INFO - Filling up the DagBag from /home/airflow/.local/lib/python3.12/site-packages/airflow/example_dags/example_sla_dag.py
[2024-05-21T19:36:56.166+0000] {processor.py:840} INFO - DAG(s) 'example_sla_dag' retrieved from /home/airflow/.local/lib/python3.12/site-packages/airflow/example_dags/example_sla_dag.py
[2024-05-21T19:36:56.236+0000] {logging_mixin.py:188} INFO - [2024-05-21T19:36:56.235+0000] {dag.py:3096} INFO - Sync 1 DAGs
[2024-05-21T19:36:56.335+0000] {logging_mixin.py:188} INFO - [2024-05-21T19:36:56.334+0000] {dag.py:3954} INFO - Setting next_dagrun for example_sla_dag to 2024-05-21 19:34:00+00:00, run_after=2024-05-21 19:36:00+00:00
[2024-05-21T19:36:56.440+0000] {processor.py:183} INFO - Processing /home/airflow/.local/lib/python3.12/site-packages/airflow/example_dags/example_sla_dag.py took 0.321 seconds
[2024-05-21T19:37:26.721+0000] {processor.py:161} INFO - Started process (PID=1036) to work on /home/airflow/.local/lib/python3.12/site-packages/airflow/example_dags/example_sla_dag.py
[2024-05-21T19:37:26.724+0000] {processor.py:830} INFO - Processing file /home/airflow/.local/lib/python3.12/site-packages/airflow/example_dags/example_sla_dag.py for tasks to queue
[2024-05-21T19:37:26.729+0000] {logging_mixin.py:188} INFO - [2024-05-21T19:37:26.728+0000] {dagbag.py:545} INFO - Filling up the DagBag from /home/airflow/.local/lib/python3.12/site-packages/airflow/example_dags/example_sla_dag.py
[2024-05-21T19:37:26.752+0000] {processor.py:840} INFO - DAG(s) 'example_sla_dag' retrieved from /home/airflow/.local/lib/python3.12/site-packages/airflow/example_dags/example_sla_dag.py
[2024-05-21T19:37:26.795+0000] {logging_mixin.py:188} INFO - [2024-05-21T19:37:26.794+0000] {dag.py:3096} INFO - Sync 1 DAGs
[2024-05-21T19:37:26.861+0000] {logging_mixin.py:188} INFO - [2024-05-21T19:37:26.861+0000] {dag.py:3954} INFO - Setting next_dagrun for example_sla_dag to 2024-05-21 19:34:00+00:00, run_after=2024-05-21 19:36:00+00:00
[2024-05-21T19:37:26.917+0000] {processor.py:183} INFO - Processing /home/airflow/.local/lib/python3.12/site-packages/airflow/example_dags/example_sla_dag.py took 0.208 seconds
[2024-05-21T19:37:57.298+0000] {processor.py:161} INFO - Started process (PID=1095) to work on /home/airflow/.local/lib/python3.12/site-packages/airflow/example_dags/example_sla_dag.py
[2024-05-21T19:37:57.300+0000] {processor.py:830} INFO - Processing file /home/airflow/.local/lib/python3.12/site-packages/airflow/example_dags/example_sla_dag.py for tasks to queue
[2024-05-21T19:37:57.306+0000] {logging_mixin.py:188} INFO - [2024-05-21T19:37:57.305+0000] {dagbag.py:545} INFO - Filling up the DagBag from /home/airflow/.local/lib/python3.12/site-packages/airflow/example_dags/example_sla_dag.py
[2024-05-21T19:37:57.322+0000] {processor.py:840} INFO - DAG(s) 'example_sla_dag' retrieved from /home/airflow/.local/lib/python3.12/site-packages/airflow/example_dags/example_sla_dag.py
[2024-05-21T19:37:57.404+0000] {logging_mixin.py:188} INFO - [2024-05-21T19:37:57.403+0000] {dag.py:3096} INFO - Sync 1 DAGs
[2024-05-21T19:37:57.473+0000] {logging_mixin.py:188} INFO - [2024-05-21T19:37:57.473+0000] {dag.py:3954} INFO - Setting next_dagrun for example_sla_dag to 2024-05-21 19:34:00+00:00, run_after=2024-05-21 19:36:00+00:00
[2024-05-21T19:37:57.552+0000] {processor.py:183} INFO - Processing /home/airflow/.local/lib/python3.12/site-packages/airflow/example_dags/example_sla_dag.py took 0.267 seconds
[2024-05-21T19:38:28.427+0000] {processor.py:161} INFO - Started process (PID=1155) to work on /home/airflow/.local/lib/python3.12/site-packages/airflow/example_dags/example_sla_dag.py
[2024-05-21T19:38:28.430+0000] {processor.py:830} INFO - Processing file /home/airflow/.local/lib/python3.12/site-packages/airflow/example_dags/example_sla_dag.py for tasks to queue
[2024-05-21T19:38:28.436+0000] {logging_mixin.py:188} INFO - [2024-05-21T19:38:28.435+0000] {dagbag.py:545} INFO - Filling up the DagBag from /home/airflow/.local/lib/python3.12/site-packages/airflow/example_dags/example_sla_dag.py
[2024-05-21T19:38:28.460+0000] {processor.py:840} INFO - DAG(s) 'example_sla_dag' retrieved from /home/airflow/.local/lib/python3.12/site-packages/airflow/example_dags/example_sla_dag.py
[2024-05-21T19:38:28.571+0000] {logging_mixin.py:188} INFO - [2024-05-21T19:38:28.571+0000] {dag.py:3096} INFO - Sync 1 DAGs
[2024-05-21T19:38:28.647+0000] {logging_mixin.py:188} INFO - [2024-05-21T19:38:28.646+0000] {dag.py:3954} INFO - Setting next_dagrun for example_sla_dag to 2024-05-21 19:36:00+00:00, run_after=2024-05-21 19:38:00+00:00
[2024-05-21T19:38:28.706+0000] {processor.py:183} INFO - Processing /home/airflow/.local/lib/python3.12/site-packages/airflow/example_dags/example_sla_dag.py took 0.298 seconds
[2024-05-21T19:38:59.150+0000] {processor.py:161} INFO - Started process (PID=1215) to work on /home/airflow/.local/lib/python3.12/site-packages/airflow/example_dags/example_sla_dag.py
[2024-05-21T19:38:59.153+0000] {processor.py:830} INFO - Processing file /home/airflow/.local/lib/python3.12/site-packages/airflow/example_dags/example_sla_dag.py for tasks to queue
[2024-05-21T19:38:59.158+0000] {logging_mixin.py:188} INFO - [2024-05-21T19:38:59.157+0000] {dagbag.py:545} INFO - Filling up the DagBag from /home/airflow/.local/lib/python3.12/site-packages/airflow/example_dags/example_sla_dag.py
[2024-05-21T19:38:59.182+0000] {processor.py:840} INFO - DAG(s) 'example_sla_dag' retrieved from /home/airflow/.local/lib/python3.12/site-packages/airflow/example_dags/example_sla_dag.py
[2024-05-21T19:38:59.246+0000] {logging_mixin.py:188} INFO - [2024-05-21T19:38:59.244+0000] {dag.py:3096} INFO - Sync 1 DAGs
[2024-05-21T19:38:59.310+0000] {logging_mixin.py:188} INFO - [2024-05-21T19:38:59.310+0000] {dag.py:3954} INFO - Setting next_dagrun for example_sla_dag to 2024-05-21 19:36:00+00:00, run_after=2024-05-21 19:38:00+00:00
[2024-05-21T19:38:59.389+0000] {processor.py:183} INFO - Processing /home/airflow/.local/lib/python3.12/site-packages/airflow/example_dags/example_sla_dag.py took 0.255 seconds
[2024-05-21T19:39:29.814+0000] {processor.py:161} INFO - Started process (PID=1276) to work on /home/airflow/.local/lib/python3.12/site-packages/airflow/example_dags/example_sla_dag.py
[2024-05-21T19:39:29.818+0000] {processor.py:830} INFO - Processing file /home/airflow/.local/lib/python3.12/site-packages/airflow/example_dags/example_sla_dag.py for tasks to queue
[2024-05-21T19:39:29.824+0000] {logging_mixin.py:188} INFO - [2024-05-21T19:39:29.823+0000] {dagbag.py:545} INFO - Filling up the DagBag from /home/airflow/.local/lib/python3.12/site-packages/airflow/example_dags/example_sla_dag.py
[2024-05-21T19:39:29.848+0000] {processor.py:840} INFO - DAG(s) 'example_sla_dag' retrieved from /home/airflow/.local/lib/python3.12/site-packages/airflow/example_dags/example_sla_dag.py
[2024-05-21T19:39:29.941+0000] {logging_mixin.py:188} INFO - [2024-05-21T19:39:29.941+0000] {dag.py:3096} INFO - Sync 1 DAGs
[2024-05-21T19:39:30.041+0000] {logging_mixin.py:188} INFO - [2024-05-21T19:39:30.040+0000] {dag.py:3954} INFO - Setting next_dagrun for example_sla_dag to 2024-05-21 19:36:00+00:00, run_after=2024-05-21 19:38:00+00:00
[2024-05-21T19:39:30.117+0000] {processor.py:183} INFO - Processing /home/airflow/.local/lib/python3.12/site-packages/airflow/example_dags/example_sla_dag.py took 0.315 seconds
[2024-05-21T19:40:00.239+0000] {processor.py:161} INFO - Started process (PID=1336) to work on /home/airflow/.local/lib/python3.12/site-packages/airflow/example_dags/example_sla_dag.py
[2024-05-21T19:40:00.243+0000] {processor.py:830} INFO - Processing file /home/airflow/.local/lib/python3.12/site-packages/airflow/example_dags/example_sla_dag.py for tasks to queue
[2024-05-21T19:40:00.248+0000] {logging_mixin.py:188} INFO - [2024-05-21T19:40:00.247+0000] {dagbag.py:545} INFO - Filling up the DagBag from /home/airflow/.local/lib/python3.12/site-packages/airflow/example_dags/example_sla_dag.py
[2024-05-21T19:40:00.272+0000] {processor.py:840} INFO - DAG(s) 'example_sla_dag' retrieved from /home/airflow/.local/lib/python3.12/site-packages/airflow/example_dags/example_sla_dag.py
[2024-05-21T19:40:00.332+0000] {logging_mixin.py:188} INFO - [2024-05-21T19:40:00.332+0000] {dag.py:3096} INFO - Sync 1 DAGs
[2024-05-21T19:40:00.399+0000] {logging_mixin.py:188} INFO - [2024-05-21T19:40:00.398+0000] {dag.py:3954} INFO - Setting next_dagrun for example_sla_dag to 2024-05-21 19:38:00+00:00, run_after=2024-05-21 19:40:00+00:00
[2024-05-21T19:40:00.488+0000] {processor.py:183} INFO - Processing /home/airflow/.local/lib/python3.12/site-packages/airflow/example_dags/example_sla_dag.py took 0.264 seconds
[2024-05-21T19:40:31.209+0000] {processor.py:161} INFO - Started process (PID=1396) to work on /home/airflow/.local/lib/python3.12/site-packages/airflow/example_dags/example_sla_dag.py
[2024-05-21T19:40:31.212+0000] {processor.py:830} INFO - Processing file /home/airflow/.local/lib/python3.12/site-packages/airflow/example_dags/example_sla_dag.py for tasks to queue
[2024-05-21T19:40:31.218+0000] {logging_mixin.py:188} INFO - [2024-05-21T19:40:31.217+0000] {dagbag.py:545} INFO - Filling up the DagBag from /home/airflow/.local/lib/python3.12/site-packages/airflow/example_dags/example_sla_dag.py
[2024-05-21T19:40:31.250+0000] {processor.py:840} INFO - DAG(s) 'example_sla_dag' retrieved from /home/airflow/.local/lib/python3.12/site-packages/airflow/example_dags/example_sla_dag.py
[2024-05-21T19:40:31.306+0000] {logging_mixin.py:188} INFO - [2024-05-21T19:40:31.305+0000] {dag.py:3096} INFO - Sync 1 DAGs
[2024-05-21T19:40:31.375+0000] {logging_mixin.py:188} INFO - [2024-05-21T19:40:31.375+0000] {dag.py:3954} INFO - Setting next_dagrun for example_sla_dag to 2024-05-21 19:38:00+00:00, run_after=2024-05-21 19:40:00+00:00
[2024-05-21T19:40:31.429+0000] {processor.py:183} INFO - Processing /home/airflow/.local/lib/python3.12/site-packages/airflow/example_dags/example_sla_dag.py took 0.241 seconds
[2024-05-21T19:41:02.803+0000] {processor.py:161} INFO - Started process (PID=1455) to work on /home/airflow/.local/lib/python3.12/site-packages/airflow/example_dags/example_sla_dag.py
[2024-05-21T19:41:02.809+0000] {processor.py:830} INFO - Processing file /home/airflow/.local/lib/python3.12/site-packages/airflow/example_dags/example_sla_dag.py for tasks to queue
[2024-05-21T19:41:02.820+0000] {logging_mixin.py:188} INFO - [2024-05-21T19:41:02.819+0000] {dagbag.py:545} INFO - Filling up the DagBag from /home/airflow/.local/lib/python3.12/site-packages/airflow/example_dags/example_sla_dag.py
[2024-05-21T19:41:02.844+0000] {processor.py:840} INFO - DAG(s) 'example_sla_dag' retrieved from /home/airflow/.local/lib/python3.12/site-packages/airflow/example_dags/example_sla_dag.py
[2024-05-21T19:41:02.912+0000] {logging_mixin.py:188} INFO - [2024-05-21T19:41:02.911+0000] {dag.py:3096} INFO - Sync 1 DAGs
[2024-05-21T19:41:02.996+0000] {logging_mixin.py:188} INFO - [2024-05-21T19:41:02.995+0000] {dag.py:3954} INFO - Setting next_dagrun for example_sla_dag to 2024-05-21 19:38:00+00:00, run_after=2024-05-21 19:40:00+00:00
[2024-05-21T19:41:03.309+0000] {processor.py:183} INFO - Processing /home/airflow/.local/lib/python3.12/site-packages/airflow/example_dags/example_sla_dag.py took 0.522 seconds
[2024-05-21T19:41:33.919+0000] {processor.py:161} INFO - Started process (PID=1515) to work on /home/airflow/.local/lib/python3.12/site-packages/airflow/example_dags/example_sla_dag.py
[2024-05-21T19:41:33.922+0000] {processor.py:830} INFO - Processing file /home/airflow/.local/lib/python3.12/site-packages/airflow/example_dags/example_sla_dag.py for tasks to queue
[2024-05-21T19:41:33.930+0000] {logging_mixin.py:188} INFO - [2024-05-21T19:41:33.928+0000] {dagbag.py:545} INFO - Filling up the DagBag from /home/airflow/.local/lib/python3.12/site-packages/airflow/example_dags/example_sla_dag.py
[2024-05-21T19:41:33.958+0000] {processor.py:840} INFO - DAG(s) 'example_sla_dag' retrieved from /home/airflow/.local/lib/python3.12/site-packages/airflow/example_dags/example_sla_dag.py
[2024-05-21T19:41:34.033+0000] {logging_mixin.py:188} INFO - [2024-05-21T19:41:34.032+0000] {dag.py:3096} INFO - Sync 1 DAGs
[2024-05-21T19:41:34.118+0000] {logging_mixin.py:188} INFO - [2024-05-21T19:41:34.118+0000] {dag.py:3954} INFO - Setting next_dagrun for example_sla_dag to 2024-05-21 19:38:00+00:00, run_after=2024-05-21 19:40:00+00:00
[2024-05-21T19:41:34.185+0000] {processor.py:183} INFO - Processing /home/airflow/.local/lib/python3.12/site-packages/airflow/example_dags/example_sla_dag.py took 0.288 seconds
[2024-05-21T19:42:04.586+0000] {processor.py:161} INFO - Started process (PID=1575) to work on /home/airflow/.local/lib/python3.12/site-packages/airflow/example_dags/example_sla_dag.py
[2024-05-21T19:42:04.589+0000] {processor.py:830} INFO - Processing file /home/airflow/.local/lib/python3.12/site-packages/airflow/example_dags/example_sla_dag.py for tasks to queue
[2024-05-21T19:42:04.596+0000] {logging_mixin.py:188} INFO - [2024-05-21T19:42:04.595+0000] {dagbag.py:545} INFO - Filling up the DagBag from /home/airflow/.local/lib/python3.12/site-packages/airflow/example_dags/example_sla_dag.py
[2024-05-21T19:42:04.628+0000] {processor.py:840} INFO - DAG(s) 'example_sla_dag' retrieved from /home/airflow/.local/lib/python3.12/site-packages/airflow/example_dags/example_sla_dag.py
[2024-05-21T19:42:04.699+0000] {logging_mixin.py:188} INFO - [2024-05-21T19:42:04.698+0000] {dag.py:3096} INFO - Sync 1 DAGs
[2024-05-21T19:42:04.783+0000] {logging_mixin.py:188} INFO - [2024-05-21T19:42:04.783+0000] {dag.py:3954} INFO - Setting next_dagrun for example_sla_dag to 2024-05-21 19:40:00+00:00, run_after=2024-05-21 19:42:00+00:00
[2024-05-21T19:42:04.878+0000] {processor.py:183} INFO - Processing /home/airflow/.local/lib/python3.12/site-packages/airflow/example_dags/example_sla_dag.py took 0.310 seconds
[2024-05-21T19:42:35.046+0000] {processor.py:161} INFO - Started process (PID=1634) to work on /home/airflow/.local/lib/python3.12/site-packages/airflow/example_dags/example_sla_dag.py
[2024-05-21T19:42:35.049+0000] {processor.py:830} INFO - Processing file /home/airflow/.local/lib/python3.12/site-packages/airflow/example_dags/example_sla_dag.py for tasks to queue
[2024-05-21T19:42:35.056+0000] {logging_mixin.py:188} INFO - [2024-05-21T19:42:35.055+0000] {dagbag.py:545} INFO - Filling up the DagBag from /home/airflow/.local/lib/python3.12/site-packages/airflow/example_dags/example_sla_dag.py
[2024-05-21T19:42:35.077+0000] {processor.py:840} INFO - DAG(s) 'example_sla_dag' retrieved from /home/airflow/.local/lib/python3.12/site-packages/airflow/example_dags/example_sla_dag.py
[2024-05-21T19:42:35.134+0000] {logging_mixin.py:188} INFO - [2024-05-21T19:42:35.133+0000] {dag.py:3096} INFO - Sync 1 DAGs
[2024-05-21T19:42:35.193+0000] {logging_mixin.py:188} INFO - [2024-05-21T19:42:35.192+0000] {dag.py:3954} INFO - Setting next_dagrun for example_sla_dag to 2024-05-21 19:40:00+00:00, run_after=2024-05-21 19:42:00+00:00
[2024-05-21T19:42:35.237+0000] {processor.py:183} INFO - Processing /home/airflow/.local/lib/python3.12/site-packages/airflow/example_dags/example_sla_dag.py took 0.206 seconds
[2024-05-21T19:43:05.453+0000] {processor.py:161} INFO - Started process (PID=1694) to work on /home/airflow/.local/lib/python3.12/site-packages/airflow/example_dags/example_sla_dag.py
[2024-05-21T19:43:05.456+0000] {processor.py:830} INFO - Processing file /home/airflow/.local/lib/python3.12/site-packages/airflow/example_dags/example_sla_dag.py for tasks to queue
[2024-05-21T19:43:05.462+0000] {logging_mixin.py:188} INFO - [2024-05-21T19:43:05.460+0000] {dagbag.py:545} INFO - Filling up the DagBag from /home/airflow/.local/lib/python3.12/site-packages/airflow/example_dags/example_sla_dag.py
[2024-05-21T19:43:05.494+0000] {processor.py:840} INFO - DAG(s) 'example_sla_dag' retrieved from /home/airflow/.local/lib/python3.12/site-packages/airflow/example_dags/example_sla_dag.py
[2024-05-21T19:43:05.568+0000] {logging_mixin.py:188} INFO - [2024-05-21T19:43:05.567+0000] {dag.py:3096} INFO - Sync 1 DAGs
[2024-05-21T19:43:05.653+0000] {logging_mixin.py:188} INFO - [2024-05-21T19:43:05.649+0000] {dag.py:3954} INFO - Setting next_dagrun for example_sla_dag to 2024-05-21 19:40:00+00:00, run_after=2024-05-21 19:42:00+00:00
[2024-05-21T19:43:05.712+0000] {processor.py:183} INFO - Processing /home/airflow/.local/lib/python3.12/site-packages/airflow/example_dags/example_sla_dag.py took 0.280 seconds
[2024-05-21T19:43:36.298+0000] {processor.py:161} INFO - Started process (PID=1754) to work on /home/airflow/.local/lib/python3.12/site-packages/airflow/example_dags/example_sla_dag.py
[2024-05-21T19:43:36.301+0000] {processor.py:830} INFO - Processing file /home/airflow/.local/lib/python3.12/site-packages/airflow/example_dags/example_sla_dag.py for tasks to queue
[2024-05-21T19:43:36.308+0000] {logging_mixin.py:188} INFO - [2024-05-21T19:43:36.307+0000] {dagbag.py:545} INFO - Filling up the DagBag from /home/airflow/.local/lib/python3.12/site-packages/airflow/example_dags/example_sla_dag.py
[2024-05-21T19:43:36.330+0000] {processor.py:840} INFO - DAG(s) 'example_sla_dag' retrieved from /home/airflow/.local/lib/python3.12/site-packages/airflow/example_dags/example_sla_dag.py
[2024-05-21T19:43:36.380+0000] {logging_mixin.py:188} INFO - [2024-05-21T19:43:36.379+0000] {dag.py:3096} INFO - Sync 1 DAGs
[2024-05-21T19:43:36.450+0000] {logging_mixin.py:188} INFO - [2024-05-21T19:43:36.450+0000] {dag.py:3954} INFO - Setting next_dagrun for example_sla_dag to 2024-05-21 19:40:00+00:00, run_after=2024-05-21 19:42:00+00:00
[2024-05-21T19:43:36.509+0000] {processor.py:183} INFO - Processing /home/airflow/.local/lib/python3.12/site-packages/airflow/example_dags/example_sla_dag.py took 0.230 seconds
[2024-05-21T19:44:07.308+0000] {processor.py:161} INFO - Started process (PID=1814) to work on /home/airflow/.local/lib/python3.12/site-packages/airflow/example_dags/example_sla_dag.py
[2024-05-21T19:44:07.312+0000] {processor.py:830} INFO - Processing file /home/airflow/.local/lib/python3.12/site-packages/airflow/example_dags/example_sla_dag.py for tasks to queue
[2024-05-21T19:44:07.317+0000] {logging_mixin.py:188} INFO - [2024-05-21T19:44:07.316+0000] {dagbag.py:545} INFO - Filling up the DagBag from /home/airflow/.local/lib/python3.12/site-packages/airflow/example_dags/example_sla_dag.py
[2024-05-21T19:44:07.356+0000] {processor.py:840} INFO - DAG(s) 'example_sla_dag' retrieved from /home/airflow/.local/lib/python3.12/site-packages/airflow/example_dags/example_sla_dag.py
[2024-05-21T19:44:07.415+0000] {logging_mixin.py:188} INFO - [2024-05-21T19:44:07.414+0000] {dag.py:3096} INFO - Sync 1 DAGs
[2024-05-21T19:44:07.509+0000] {logging_mixin.py:188} INFO - [2024-05-21T19:44:07.508+0000] {dag.py:3954} INFO - Setting next_dagrun for example_sla_dag to 2024-05-21 19:42:00+00:00, run_after=2024-05-21 19:44:00+00:00
[2024-05-21T19:44:07.563+0000] {processor.py:183} INFO - Processing /home/airflow/.local/lib/python3.12/site-packages/airflow/example_dags/example_sla_dag.py took 0.283 seconds
[2024-05-21T19:44:38.422+0000] {processor.py:161} INFO - Started process (PID=1874) to work on /home/airflow/.local/lib/python3.12/site-packages/airflow/example_dags/example_sla_dag.py
[2024-05-21T19:44:38.424+0000] {processor.py:830} INFO - Processing file /home/airflow/.local/lib/python3.12/site-packages/airflow/example_dags/example_sla_dag.py for tasks to queue
[2024-05-21T19:44:38.429+0000] {logging_mixin.py:188} INFO - [2024-05-21T19:44:38.428+0000] {dagbag.py:545} INFO - Filling up the DagBag from /home/airflow/.local/lib/python3.12/site-packages/airflow/example_dags/example_sla_dag.py
[2024-05-21T19:44:38.452+0000] {processor.py:840} INFO - DAG(s) 'example_sla_dag' retrieved from /home/airflow/.local/lib/python3.12/site-packages/airflow/example_dags/example_sla_dag.py
[2024-05-21T19:44:38.518+0000] {logging_mixin.py:188} INFO - [2024-05-21T19:44:38.517+0000] {dag.py:3096} INFO - Sync 1 DAGs
[2024-05-21T19:44:38.592+0000] {logging_mixin.py:188} INFO - [2024-05-21T19:44:38.591+0000] {dag.py:3954} INFO - Setting next_dagrun for example_sla_dag to 2024-05-21 19:42:00+00:00, run_after=2024-05-21 19:44:00+00:00
[2024-05-21T19:44:38.647+0000] {processor.py:183} INFO - Processing /home/airflow/.local/lib/python3.12/site-packages/airflow/example_dags/example_sla_dag.py took 0.245 seconds
[2024-05-21T19:45:09.544+0000] {processor.py:161} INFO - Started process (PID=1934) to work on /home/airflow/.local/lib/python3.12/site-packages/airflow/example_dags/example_sla_dag.py
[2024-05-21T19:45:09.547+0000] {processor.py:830} INFO - Processing file /home/airflow/.local/lib/python3.12/site-packages/airflow/example_dags/example_sla_dag.py for tasks to queue
[2024-05-21T19:45:09.554+0000] {logging_mixin.py:188} INFO - [2024-05-21T19:45:09.552+0000] {dagbag.py:545} INFO - Filling up the DagBag from /home/airflow/.local/lib/python3.12/site-packages/airflow/example_dags/example_sla_dag.py
[2024-05-21T19:45:09.587+0000] {processor.py:840} INFO - DAG(s) 'example_sla_dag' retrieved from /home/airflow/.local/lib/python3.12/site-packages/airflow/example_dags/example_sla_dag.py
[2024-05-21T19:45:09.656+0000] {logging_mixin.py:188} INFO - [2024-05-21T19:45:09.655+0000] {dag.py:3096} INFO - Sync 1 DAGs
[2024-05-21T19:45:09.770+0000] {logging_mixin.py:188} INFO - [2024-05-21T19:45:09.769+0000] {dag.py:3954} INFO - Setting next_dagrun for example_sla_dag to 2024-05-21 19:42:00+00:00, run_after=2024-05-21 19:44:00+00:00
[2024-05-21T19:45:09.863+0000] {processor.py:183} INFO - Processing /home/airflow/.local/lib/python3.12/site-packages/airflow/example_dags/example_sla_dag.py took 0.341 seconds
[2024-05-21T19:45:40.221+0000] {processor.py:161} INFO - Started process (PID=1995) to work on /home/airflow/.local/lib/python3.12/site-packages/airflow/example_dags/example_sla_dag.py
[2024-05-21T19:45:40.223+0000] {processor.py:830} INFO - Processing file /home/airflow/.local/lib/python3.12/site-packages/airflow/example_dags/example_sla_dag.py for tasks to queue
[2024-05-21T19:45:40.231+0000] {logging_mixin.py:188} INFO - [2024-05-21T19:45:40.230+0000] {dagbag.py:545} INFO - Filling up the DagBag from /home/airflow/.local/lib/python3.12/site-packages/airflow/example_dags/example_sla_dag.py
[2024-05-21T19:45:40.255+0000] {processor.py:840} INFO - DAG(s) 'example_sla_dag' retrieved from /home/airflow/.local/lib/python3.12/site-packages/airflow/example_dags/example_sla_dag.py
[2024-05-21T19:45:40.324+0000] {logging_mixin.py:188} INFO - [2024-05-21T19:45:40.324+0000] {dag.py:3096} INFO - Sync 1 DAGs
[2024-05-21T19:45:40.410+0000] {logging_mixin.py:188} INFO - [2024-05-21T19:45:40.410+0000] {dag.py:3954} INFO - Setting next_dagrun for example_sla_dag to 2024-05-21 19:42:00+00:00, run_after=2024-05-21 19:44:00+00:00
[2024-05-21T19:45:40.490+0000] {processor.py:183} INFO - Processing /home/airflow/.local/lib/python3.12/site-packages/airflow/example_dags/example_sla_dag.py took 0.282 seconds
[2024-05-21T19:46:10.700+0000] {processor.py:161} INFO - Started process (PID=2054) to work on /home/airflow/.local/lib/python3.12/site-packages/airflow/example_dags/example_sla_dag.py
[2024-05-21T19:46:10.703+0000] {processor.py:830} INFO - Processing file /home/airflow/.local/lib/python3.12/site-packages/airflow/example_dags/example_sla_dag.py for tasks to queue
[2024-05-21T19:46:10.709+0000] {logging_mixin.py:188} INFO - [2024-05-21T19:46:10.708+0000] {dagbag.py:545} INFO - Filling up the DagBag from /home/airflow/.local/lib/python3.12/site-packages/airflow/example_dags/example_sla_dag.py
[2024-05-21T19:46:10.733+0000] {processor.py:840} INFO - DAG(s) 'example_sla_dag' retrieved from /home/airflow/.local/lib/python3.12/site-packages/airflow/example_dags/example_sla_dag.py
[2024-05-21T19:46:10.813+0000] {logging_mixin.py:188} INFO - [2024-05-21T19:46:10.812+0000] {dag.py:3096} INFO - Sync 1 DAGs
[2024-05-21T19:46:10.907+0000] {logging_mixin.py:188} INFO - [2024-05-21T19:46:10.906+0000] {dag.py:3954} INFO - Setting next_dagrun for example_sla_dag to 2024-05-21 19:44:00+00:00, run_after=2024-05-21 19:46:00+00:00
[2024-05-21T19:46:10.968+0000] {processor.py:183} INFO - Processing /home/airflow/.local/lib/python3.12/site-packages/airflow/example_dags/example_sla_dag.py took 0.285 seconds
[2024-05-21T19:46:41.088+0000] {processor.py:161} INFO - Started process (PID=2114) to work on /home/airflow/.local/lib/python3.12/site-packages/airflow/example_dags/example_sla_dag.py
[2024-05-21T19:46:41.091+0000] {processor.py:830} INFO - Processing file /home/airflow/.local/lib/python3.12/site-packages/airflow/example_dags/example_sla_dag.py for tasks to queue
[2024-05-21T19:46:41.096+0000] {logging_mixin.py:188} INFO - [2024-05-21T19:46:41.095+0000] {dagbag.py:545} INFO - Filling up the DagBag from /home/airflow/.local/lib/python3.12/site-packages/airflow/example_dags/example_sla_dag.py
[2024-05-21T19:46:41.113+0000] {processor.py:840} INFO - DAG(s) 'example_sla_dag' retrieved from /home/airflow/.local/lib/python3.12/site-packages/airflow/example_dags/example_sla_dag.py
[2024-05-21T19:46:41.166+0000] {logging_mixin.py:188} INFO - [2024-05-21T19:46:41.165+0000] {dag.py:3096} INFO - Sync 1 DAGs
[2024-05-21T19:46:41.245+0000] {logging_mixin.py:188} INFO - [2024-05-21T19:46:41.245+0000] {dag.py:3954} INFO - Setting next_dagrun for example_sla_dag to 2024-05-21 19:44:00+00:00, run_after=2024-05-21 19:46:00+00:00
[2024-05-21T19:46:41.321+0000] {processor.py:183} INFO - Processing /home/airflow/.local/lib/python3.12/site-packages/airflow/example_dags/example_sla_dag.py took 0.247 seconds
[2024-05-21T19:47:11.666+0000] {processor.py:161} INFO - Started process (PID=2174) to work on /home/airflow/.local/lib/python3.12/site-packages/airflow/example_dags/example_sla_dag.py
[2024-05-21T19:47:11.669+0000] {processor.py:830} INFO - Processing file /home/airflow/.local/lib/python3.12/site-packages/airflow/example_dags/example_sla_dag.py for tasks to queue
[2024-05-21T19:47:11.679+0000] {logging_mixin.py:188} INFO - [2024-05-21T19:47:11.678+0000] {dagbag.py:545} INFO - Filling up the DagBag from /home/airflow/.local/lib/python3.12/site-packages/airflow/example_dags/example_sla_dag.py
[2024-05-21T19:47:11.712+0000] {processor.py:840} INFO - DAG(s) 'example_sla_dag' retrieved from /home/airflow/.local/lib/python3.12/site-packages/airflow/example_dags/example_sla_dag.py
[2024-05-21T19:47:11.769+0000] {logging_mixin.py:188} INFO - [2024-05-21T19:47:11.768+0000] {dag.py:3096} INFO - Sync 1 DAGs
[2024-05-21T19:47:11.844+0000] {logging_mixin.py:188} INFO - [2024-05-21T19:47:11.843+0000] {dag.py:3954} INFO - Setting next_dagrun for example_sla_dag to 2024-05-21 19:44:00+00:00, run_after=2024-05-21 19:46:00+00:00
[2024-05-21T19:47:11.906+0000] {processor.py:183} INFO - Processing /home/airflow/.local/lib/python3.12/site-packages/airflow/example_dags/example_sla_dag.py took 0.270 seconds
[2024-05-21T19:47:42.415+0000] {processor.py:161} INFO - Started process (PID=2234) to work on /home/airflow/.local/lib/python3.12/site-packages/airflow/example_dags/example_sla_dag.py
[2024-05-21T19:47:42.417+0000] {processor.py:830} INFO - Processing file /home/airflow/.local/lib/python3.12/site-packages/airflow/example_dags/example_sla_dag.py for tasks to queue
[2024-05-21T19:47:42.423+0000] {logging_mixin.py:188} INFO - [2024-05-21T19:47:42.422+0000] {dagbag.py:545} INFO - Filling up the DagBag from /home/airflow/.local/lib/python3.12/site-packages/airflow/example_dags/example_sla_dag.py
[2024-05-21T19:47:42.446+0000] {processor.py:840} INFO - DAG(s) 'example_sla_dag' retrieved from /home/airflow/.local/lib/python3.12/site-packages/airflow/example_dags/example_sla_dag.py
[2024-05-21T19:47:42.500+0000] {logging_mixin.py:188} INFO - [2024-05-21T19:47:42.498+0000] {dag.py:3096} INFO - Sync 1 DAGs
[2024-05-21T19:47:42.605+0000] {logging_mixin.py:188} INFO - [2024-05-21T19:47:42.604+0000] {dag.py:3954} INFO - Setting next_dagrun for example_sla_dag to 2024-05-21 19:44:00+00:00, run_after=2024-05-21 19:46:00+00:00
[2024-05-21T19:47:42.689+0000] {processor.py:183} INFO - Processing /home/airflow/.local/lib/python3.12/site-packages/airflow/example_dags/example_sla_dag.py took 0.291 seconds
[2024-05-21T19:48:12.853+0000] {processor.py:161} INFO - Started process (PID=2291) to work on /home/airflow/.local/lib/python3.12/site-packages/airflow/example_dags/example_sla_dag.py
[2024-05-21T19:48:12.856+0000] {processor.py:830} INFO - Processing file /home/airflow/.local/lib/python3.12/site-packages/airflow/example_dags/example_sla_dag.py for tasks to queue
[2024-05-21T19:48:12.861+0000] {logging_mixin.py:188} INFO - [2024-05-21T19:48:12.861+0000] {dagbag.py:545} INFO - Filling up the DagBag from /home/airflow/.local/lib/python3.12/site-packages/airflow/example_dags/example_sla_dag.py
[2024-05-21T19:48:12.900+0000] {processor.py:840} INFO - DAG(s) 'example_sla_dag' retrieved from /home/airflow/.local/lib/python3.12/site-packages/airflow/example_dags/example_sla_dag.py
[2024-05-21T19:48:12.946+0000] {logging_mixin.py:188} INFO - [2024-05-21T19:48:12.945+0000] {dag.py:3096} INFO - Sync 1 DAGs
[2024-05-21T19:48:12.995+0000] {logging_mixin.py:188} INFO - [2024-05-21T19:48:12.995+0000] {dag.py:3954} INFO - Setting next_dagrun for example_sla_dag to 2024-05-21 19:46:00+00:00, run_after=2024-05-21 19:48:00+00:00
[2024-05-21T19:48:13.060+0000] {processor.py:183} INFO - Processing /home/airflow/.local/lib/python3.12/site-packages/airflow/example_dags/example_sla_dag.py took 0.221 seconds
[2024-05-21T19:48:43.754+0000] {processor.py:161} INFO - Started process (PID=2351) to work on /home/airflow/.local/lib/python3.12/site-packages/airflow/example_dags/example_sla_dag.py
[2024-05-21T19:48:43.756+0000] {processor.py:830} INFO - Processing file /home/airflow/.local/lib/python3.12/site-packages/airflow/example_dags/example_sla_dag.py for tasks to queue
[2024-05-21T19:48:43.762+0000] {logging_mixin.py:188} INFO - [2024-05-21T19:48:43.762+0000] {dagbag.py:545} INFO - Filling up the DagBag from /home/airflow/.local/lib/python3.12/site-packages/airflow/example_dags/example_sla_dag.py
[2024-05-21T19:48:43.798+0000] {processor.py:840} INFO - DAG(s) 'example_sla_dag' retrieved from /home/airflow/.local/lib/python3.12/site-packages/airflow/example_dags/example_sla_dag.py
[2024-05-21T19:48:43.890+0000] {logging_mixin.py:188} INFO - [2024-05-21T19:48:43.889+0000] {dag.py:3096} INFO - Sync 1 DAGs
[2024-05-21T19:48:43.967+0000] {logging_mixin.py:188} INFO - [2024-05-21T19:48:43.966+0000] {dag.py:3954} INFO - Setting next_dagrun for example_sla_dag to 2024-05-21 19:46:00+00:00, run_after=2024-05-21 19:48:00+00:00
[2024-05-21T19:48:44.031+0000] {processor.py:183} INFO - Processing /home/airflow/.local/lib/python3.12/site-packages/airflow/example_dags/example_sla_dag.py took 0.299 seconds
[2024-05-21T19:49:14.439+0000] {processor.py:161} INFO - Started process (PID=2411) to work on /home/airflow/.local/lib/python3.12/site-packages/airflow/example_dags/example_sla_dag.py
[2024-05-21T19:49:14.442+0000] {processor.py:830} INFO - Processing file /home/airflow/.local/lib/python3.12/site-packages/airflow/example_dags/example_sla_dag.py for tasks to queue
[2024-05-21T19:49:14.448+0000] {logging_mixin.py:188} INFO - [2024-05-21T19:49:14.447+0000] {dagbag.py:545} INFO - Filling up the DagBag from /home/airflow/.local/lib/python3.12/site-packages/airflow/example_dags/example_sla_dag.py
[2024-05-21T19:49:14.473+0000] {processor.py:840} INFO - DAG(s) 'example_sla_dag' retrieved from /home/airflow/.local/lib/python3.12/site-packages/airflow/example_dags/example_sla_dag.py
[2024-05-21T19:49:14.531+0000] {logging_mixin.py:188} INFO - [2024-05-21T19:49:14.530+0000] {dag.py:3096} INFO - Sync 1 DAGs
[2024-05-21T19:49:14.619+0000] {logging_mixin.py:188} INFO - [2024-05-21T19:49:14.619+0000] {dag.py:3954} INFO - Setting next_dagrun for example_sla_dag to 2024-05-21 19:46:00+00:00, run_after=2024-05-21 19:48:00+00:00
[2024-05-21T19:49:14.709+0000] {processor.py:183} INFO - Processing /home/airflow/.local/lib/python3.12/site-packages/airflow/example_dags/example_sla_dag.py took 0.287 seconds
[2024-05-21T19:49:45.358+0000] {processor.py:161} INFO - Started process (PID=2471) to work on /home/airflow/.local/lib/python3.12/site-packages/airflow/example_dags/example_sla_dag.py
[2024-05-21T19:49:45.362+0000] {processor.py:830} INFO - Processing file /home/airflow/.local/lib/python3.12/site-packages/airflow/example_dags/example_sla_dag.py for tasks to queue
[2024-05-21T19:49:45.367+0000] {logging_mixin.py:188} INFO - [2024-05-21T19:49:45.366+0000] {dagbag.py:545} INFO - Filling up the DagBag from /home/airflow/.local/lib/python3.12/site-packages/airflow/example_dags/example_sla_dag.py
[2024-05-21T19:49:45.417+0000] {processor.py:840} INFO - DAG(s) 'example_sla_dag' retrieved from /home/airflow/.local/lib/python3.12/site-packages/airflow/example_dags/example_sla_dag.py
[2024-05-21T19:49:45.463+0000] {logging_mixin.py:188} INFO - [2024-05-21T19:49:45.462+0000] {dag.py:3096} INFO - Sync 1 DAGs
[2024-05-21T19:49:45.528+0000] {logging_mixin.py:188} INFO - [2024-05-21T19:49:45.528+0000] {dag.py:3954} INFO - Setting next_dagrun for example_sla_dag to 2024-05-21 19:46:00+00:00, run_after=2024-05-21 19:48:00+00:00
[2024-05-21T19:49:45.586+0000] {processor.py:183} INFO - Processing /home/airflow/.local/lib/python3.12/site-packages/airflow/example_dags/example_sla_dag.py took 0.241 seconds
[2024-05-21T19:50:16.447+0000] {processor.py:161} INFO - Started process (PID=2531) to work on /home/airflow/.local/lib/python3.12/site-packages/airflow/example_dags/example_sla_dag.py
[2024-05-21T19:50:16.453+0000] {processor.py:830} INFO - Processing file /home/airflow/.local/lib/python3.12/site-packages/airflow/example_dags/example_sla_dag.py for tasks to queue
[2024-05-21T19:50:16.463+0000] {logging_mixin.py:188} INFO - [2024-05-21T19:50:16.462+0000] {dagbag.py:545} INFO - Filling up the DagBag from /home/airflow/.local/lib/python3.12/site-packages/airflow/example_dags/example_sla_dag.py
[2024-05-21T19:50:16.511+0000] {processor.py:840} INFO - DAG(s) 'example_sla_dag' retrieved from /home/airflow/.local/lib/python3.12/site-packages/airflow/example_dags/example_sla_dag.py
[2024-05-21T19:50:16.591+0000] {logging_mixin.py:188} INFO - [2024-05-21T19:50:16.591+0000] {dag.py:3096} INFO - Sync 1 DAGs
[2024-05-21T19:50:16.731+0000] {logging_mixin.py:188} INFO - [2024-05-21T19:50:16.729+0000] {dag.py:3954} INFO - Setting next_dagrun for example_sla_dag to 2024-05-21 19:48:00+00:00, run_after=2024-05-21 19:50:00+00:00
[2024-05-21T19:50:16.870+0000] {processor.py:183} INFO - Processing /home/airflow/.local/lib/python3.12/site-packages/airflow/example_dags/example_sla_dag.py took 0.450 seconds
[2024-05-21T19:50:47.922+0000] {processor.py:161} INFO - Started process (PID=2591) to work on /home/airflow/.local/lib/python3.12/site-packages/airflow/example_dags/example_sla_dag.py
[2024-05-21T19:50:47.953+0000] {processor.py:830} INFO - Processing file /home/airflow/.local/lib/python3.12/site-packages/airflow/example_dags/example_sla_dag.py for tasks to queue
[2024-05-21T19:50:47.961+0000] {logging_mixin.py:188} INFO - [2024-05-21T19:50:47.960+0000] {dagbag.py:545} INFO - Filling up the DagBag from /home/airflow/.local/lib/python3.12/site-packages/airflow/example_dags/example_sla_dag.py
[2024-05-21T19:50:48.011+0000] {processor.py:840} INFO - DAG(s) 'example_sla_dag' retrieved from /home/airflow/.local/lib/python3.12/site-packages/airflow/example_dags/example_sla_dag.py
[2024-05-21T19:50:48.127+0000] {logging_mixin.py:188} INFO - [2024-05-21T19:50:48.126+0000] {dag.py:3096} INFO - Sync 1 DAGs
[2024-05-21T19:50:48.263+0000] {logging_mixin.py:188} INFO - [2024-05-21T19:50:48.262+0000] {dag.py:3954} INFO - Setting next_dagrun for example_sla_dag to 2024-05-21 19:48:00+00:00, run_after=2024-05-21 19:50:00+00:00
[2024-05-21T19:50:48.373+0000] {processor.py:183} INFO - Processing /home/airflow/.local/lib/python3.12/site-packages/airflow/example_dags/example_sla_dag.py took 0.500 seconds
[2024-05-21T19:51:18.925+0000] {processor.py:161} INFO - Started process (PID=2649) to work on /home/airflow/.local/lib/python3.12/site-packages/airflow/example_dags/example_sla_dag.py
[2024-05-21T19:51:18.927+0000] {processor.py:830} INFO - Processing file /home/airflow/.local/lib/python3.12/site-packages/airflow/example_dags/example_sla_dag.py for tasks to queue
[2024-05-21T19:51:18.933+0000] {logging_mixin.py:188} INFO - [2024-05-21T19:51:18.932+0000] {dagbag.py:545} INFO - Filling up the DagBag from /home/airflow/.local/lib/python3.12/site-packages/airflow/example_dags/example_sla_dag.py
[2024-05-21T19:51:18.960+0000] {processor.py:840} INFO - DAG(s) 'example_sla_dag' retrieved from /home/airflow/.local/lib/python3.12/site-packages/airflow/example_dags/example_sla_dag.py
[2024-05-21T19:51:19.033+0000] {logging_mixin.py:188} INFO - [2024-05-21T19:51:19.032+0000] {dag.py:3096} INFO - Sync 1 DAGs
[2024-05-21T19:51:19.089+0000] {logging_mixin.py:188} INFO - [2024-05-21T19:51:19.089+0000] {dag.py:3954} INFO - Setting next_dagrun for example_sla_dag to 2024-05-21 19:48:00+00:00, run_after=2024-05-21 19:50:00+00:00
[2024-05-21T19:51:19.139+0000] {processor.py:183} INFO - Processing /home/airflow/.local/lib/python3.12/site-packages/airflow/example_dags/example_sla_dag.py took 0.231 seconds
[2024-05-21T19:54:51.492+0000] {processor.py:161} INFO - Started process (PID=73) to work on /home/airflow/.local/lib/python3.12/site-packages/airflow/example_dags/example_sla_dag.py
[2024-05-21T19:54:51.494+0000] {processor.py:830} INFO - Processing file /home/airflow/.local/lib/python3.12/site-packages/airflow/example_dags/example_sla_dag.py for tasks to queue
[2024-05-21T19:54:51.501+0000] {logging_mixin.py:188} INFO - [2024-05-21T19:54:51.500+0000] {dagbag.py:545} INFO - Filling up the DagBag from /home/airflow/.local/lib/python3.12/site-packages/airflow/example_dags/example_sla_dag.py
[2024-05-21T19:54:51.530+0000] {processor.py:840} INFO - DAG(s) 'example_sla_dag' retrieved from /home/airflow/.local/lib/python3.12/site-packages/airflow/example_dags/example_sla_dag.py
[2024-05-21T19:54:51.823+0000] {logging_mixin.py:188} INFO - [2024-05-21T19:54:51.822+0000] {dag.py:3096} INFO - Sync 1 DAGs
[2024-05-21T19:54:51.892+0000] {logging_mixin.py:188} INFO - [2024-05-21T19:54:51.891+0000] {dag.py:3954} INFO - Setting next_dagrun for example_sla_dag to 2024-05-21 19:52:00+00:00, run_after=2024-05-21 19:54:00+00:00
[2024-05-21T19:54:51.957+0000] {processor.py:183} INFO - Processing /home/airflow/.local/lib/python3.12/site-packages/airflow/example_dags/example_sla_dag.py took 0.477 seconds
[2024-05-21T19:55:23.193+0000] {processor.py:161} INFO - Started process (PID=133) to work on /home/airflow/.local/lib/python3.12/site-packages/airflow/example_dags/example_sla_dag.py
[2024-05-21T19:55:23.197+0000] {processor.py:830} INFO - Processing file /home/airflow/.local/lib/python3.12/site-packages/airflow/example_dags/example_sla_dag.py for tasks to queue
[2024-05-21T19:55:23.210+0000] {logging_mixin.py:188} INFO - [2024-05-21T19:55:23.206+0000] {dagbag.py:545} INFO - Filling up the DagBag from /home/airflow/.local/lib/python3.12/site-packages/airflow/example_dags/example_sla_dag.py
[2024-05-21T19:55:23.240+0000] {processor.py:840} INFO - DAG(s) 'example_sla_dag' retrieved from /home/airflow/.local/lib/python3.12/site-packages/airflow/example_dags/example_sla_dag.py
[2024-05-21T19:55:23.300+0000] {logging_mixin.py:188} INFO - [2024-05-21T19:55:23.300+0000] {dag.py:3096} INFO - Sync 1 DAGs
[2024-05-21T19:55:23.382+0000] {logging_mixin.py:188} INFO - [2024-05-21T19:55:23.381+0000] {dag.py:3954} INFO - Setting next_dagrun for example_sla_dag to 2024-05-21 19:52:00+00:00, run_after=2024-05-21 19:54:00+00:00
[2024-05-21T19:55:23.441+0000] {processor.py:183} INFO - Processing /home/airflow/.local/lib/python3.12/site-packages/airflow/example_dags/example_sla_dag.py took 0.266 seconds
[2024-05-21T19:55:54.163+0000] {processor.py:161} INFO - Started process (PID=192) to work on /home/airflow/.local/lib/python3.12/site-packages/airflow/example_dags/example_sla_dag.py
[2024-05-21T19:55:54.169+0000] {processor.py:830} INFO - Processing file /home/airflow/.local/lib/python3.12/site-packages/airflow/example_dags/example_sla_dag.py for tasks to queue
[2024-05-21T19:55:54.179+0000] {logging_mixin.py:188} INFO - [2024-05-21T19:55:54.178+0000] {dagbag.py:545} INFO - Filling up the DagBag from /home/airflow/.local/lib/python3.12/site-packages/airflow/example_dags/example_sla_dag.py
[2024-05-21T19:55:54.216+0000] {processor.py:840} INFO - DAG(s) 'example_sla_dag' retrieved from /home/airflow/.local/lib/python3.12/site-packages/airflow/example_dags/example_sla_dag.py
[2024-05-21T19:55:54.290+0000] {logging_mixin.py:188} INFO - [2024-05-21T19:55:54.289+0000] {dag.py:3096} INFO - Sync 1 DAGs
[2024-05-21T19:55:54.409+0000] {logging_mixin.py:188} INFO - [2024-05-21T19:55:54.408+0000] {dag.py:3954} INFO - Setting next_dagrun for example_sla_dag to 2024-05-21 19:52:00+00:00, run_after=2024-05-21 19:54:00+00:00
[2024-05-21T19:55:54.541+0000] {processor.py:183} INFO - Processing /home/airflow/.local/lib/python3.12/site-packages/airflow/example_dags/example_sla_dag.py took 0.401 seconds
[2024-05-21T19:56:24.843+0000] {processor.py:161} INFO - Started process (PID=252) to work on /home/airflow/.local/lib/python3.12/site-packages/airflow/example_dags/example_sla_dag.py
[2024-05-21T19:56:24.846+0000] {processor.py:830} INFO - Processing file /home/airflow/.local/lib/python3.12/site-packages/airflow/example_dags/example_sla_dag.py for tasks to queue
[2024-05-21T19:56:24.851+0000] {logging_mixin.py:188} INFO - [2024-05-21T19:56:24.850+0000] {dagbag.py:545} INFO - Filling up the DagBag from /home/airflow/.local/lib/python3.12/site-packages/airflow/example_dags/example_sla_dag.py
[2024-05-21T19:56:24.874+0000] {processor.py:840} INFO - DAG(s) 'example_sla_dag' retrieved from /home/airflow/.local/lib/python3.12/site-packages/airflow/example_dags/example_sla_dag.py
[2024-05-21T19:56:24.940+0000] {logging_mixin.py:188} INFO - [2024-05-21T19:56:24.940+0000] {dag.py:3096} INFO - Sync 1 DAGs
[2024-05-21T19:56:25.011+0000] {logging_mixin.py:188} INFO - [2024-05-21T19:56:25.011+0000] {dag.py:3954} INFO - Setting next_dagrun for example_sla_dag to 2024-05-21 19:54:00+00:00, run_after=2024-05-21 19:56:00+00:00
[2024-05-21T19:56:25.083+0000] {processor.py:183} INFO - Processing /home/airflow/.local/lib/python3.12/site-packages/airflow/example_dags/example_sla_dag.py took 0.256 seconds
[2024-05-21T19:56:55.854+0000] {processor.py:161} INFO - Started process (PID=312) to work on /home/airflow/.local/lib/python3.12/site-packages/airflow/example_dags/example_sla_dag.py
[2024-05-21T19:56:55.857+0000] {processor.py:830} INFO - Processing file /home/airflow/.local/lib/python3.12/site-packages/airflow/example_dags/example_sla_dag.py for tasks to queue
[2024-05-21T19:56:55.863+0000] {logging_mixin.py:188} INFO - [2024-05-21T19:56:55.862+0000] {dagbag.py:545} INFO - Filling up the DagBag from /home/airflow/.local/lib/python3.12/site-packages/airflow/example_dags/example_sla_dag.py
[2024-05-21T19:56:55.882+0000] {processor.py:840} INFO - DAG(s) 'example_sla_dag' retrieved from /home/airflow/.local/lib/python3.12/site-packages/airflow/example_dags/example_sla_dag.py
[2024-05-21T19:56:55.934+0000] {logging_mixin.py:188} INFO - [2024-05-21T19:56:55.934+0000] {dag.py:3096} INFO - Sync 1 DAGs
[2024-05-21T19:56:55.990+0000] {logging_mixin.py:188} INFO - [2024-05-21T19:56:55.989+0000] {dag.py:3954} INFO - Setting next_dagrun for example_sla_dag to 2024-05-21 19:54:00+00:00, run_after=2024-05-21 19:56:00+00:00
[2024-05-21T19:56:56.087+0000] {processor.py:183} INFO - Processing /home/airflow/.local/lib/python3.12/site-packages/airflow/example_dags/example_sla_dag.py took 0.248 seconds
[2024-05-21T19:57:26.878+0000] {processor.py:161} INFO - Started process (PID=372) to work on /home/airflow/.local/lib/python3.12/site-packages/airflow/example_dags/example_sla_dag.py
[2024-05-21T19:57:26.881+0000] {processor.py:830} INFO - Processing file /home/airflow/.local/lib/python3.12/site-packages/airflow/example_dags/example_sla_dag.py for tasks to queue
[2024-05-21T19:57:26.887+0000] {logging_mixin.py:188} INFO - [2024-05-21T19:57:26.886+0000] {dagbag.py:545} INFO - Filling up the DagBag from /home/airflow/.local/lib/python3.12/site-packages/airflow/example_dags/example_sla_dag.py
[2024-05-21T19:57:26.902+0000] {processor.py:840} INFO - DAG(s) 'example_sla_dag' retrieved from /home/airflow/.local/lib/python3.12/site-packages/airflow/example_dags/example_sla_dag.py
[2024-05-21T19:57:26.953+0000] {logging_mixin.py:188} INFO - [2024-05-21T19:57:26.953+0000] {dag.py:3096} INFO - Sync 1 DAGs
[2024-05-21T19:57:27.054+0000] {logging_mixin.py:188} INFO - [2024-05-21T19:57:27.053+0000] {dag.py:3954} INFO - Setting next_dagrun for example_sla_dag to 2024-05-21 19:54:00+00:00, run_after=2024-05-21 19:56:00+00:00
[2024-05-21T19:57:27.157+0000] {processor.py:183} INFO - Processing /home/airflow/.local/lib/python3.12/site-packages/airflow/example_dags/example_sla_dag.py took 0.294 seconds
[2024-05-21T19:57:57.601+0000] {processor.py:161} INFO - Started process (PID=432) to work on /home/airflow/.local/lib/python3.12/site-packages/airflow/example_dags/example_sla_dag.py
[2024-05-21T19:57:57.603+0000] {processor.py:830} INFO - Processing file /home/airflow/.local/lib/python3.12/site-packages/airflow/example_dags/example_sla_dag.py for tasks to queue
[2024-05-21T19:57:57.607+0000] {logging_mixin.py:188} INFO - [2024-05-21T19:57:57.606+0000] {dagbag.py:545} INFO - Filling up the DagBag from /home/airflow/.local/lib/python3.12/site-packages/airflow/example_dags/example_sla_dag.py
[2024-05-21T19:57:57.636+0000] {processor.py:840} INFO - DAG(s) 'example_sla_dag' retrieved from /home/airflow/.local/lib/python3.12/site-packages/airflow/example_dags/example_sla_dag.py
[2024-05-21T19:57:57.687+0000] {logging_mixin.py:188} INFO - [2024-05-21T19:57:57.686+0000] {dag.py:3096} INFO - Sync 1 DAGs
[2024-05-21T19:57:57.752+0000] {logging_mixin.py:188} INFO - [2024-05-21T19:57:57.752+0000] {dag.py:3954} INFO - Setting next_dagrun for example_sla_dag to 2024-05-21 19:54:00+00:00, run_after=2024-05-21 19:56:00+00:00
[2024-05-21T19:57:57.793+0000] {processor.py:183} INFO - Processing /home/airflow/.local/lib/python3.12/site-packages/airflow/example_dags/example_sla_dag.py took 0.202 seconds
[2024-05-21T19:58:28.482+0000] {processor.py:161} INFO - Started process (PID=492) to work on /home/airflow/.local/lib/python3.12/site-packages/airflow/example_dags/example_sla_dag.py
[2024-05-21T19:58:28.486+0000] {processor.py:830} INFO - Processing file /home/airflow/.local/lib/python3.12/site-packages/airflow/example_dags/example_sla_dag.py for tasks to queue
[2024-05-21T19:58:28.507+0000] {logging_mixin.py:188} INFO - [2024-05-21T19:58:28.498+0000] {dagbag.py:545} INFO - Filling up the DagBag from /home/airflow/.local/lib/python3.12/site-packages/airflow/example_dags/example_sla_dag.py
[2024-05-21T19:58:28.550+0000] {processor.py:840} INFO - DAG(s) 'example_sla_dag' retrieved from /home/airflow/.local/lib/python3.12/site-packages/airflow/example_dags/example_sla_dag.py
[2024-05-21T19:58:28.625+0000] {logging_mixin.py:188} INFO - [2024-05-21T19:58:28.624+0000] {dag.py:3096} INFO - Sync 1 DAGs
[2024-05-21T19:58:28.764+0000] {logging_mixin.py:188} INFO - [2024-05-21T19:58:28.763+0000] {dag.py:3954} INFO - Setting next_dagrun for example_sla_dag to 2024-05-21 19:56:00+00:00, run_after=2024-05-21 19:58:00+00:00
[2024-05-21T19:58:28.822+0000] {processor.py:183} INFO - Processing /home/airflow/.local/lib/python3.12/site-packages/airflow/example_dags/example_sla_dag.py took 0.383 seconds
[2024-05-21T19:58:58.959+0000] {processor.py:161} INFO - Started process (PID=552) to work on /home/airflow/.local/lib/python3.12/site-packages/airflow/example_dags/example_sla_dag.py
[2024-05-21T19:58:58.962+0000] {processor.py:830} INFO - Processing file /home/airflow/.local/lib/python3.12/site-packages/airflow/example_dags/example_sla_dag.py for tasks to queue
[2024-05-21T19:58:58.967+0000] {logging_mixin.py:188} INFO - [2024-05-21T19:58:58.966+0000] {dagbag.py:545} INFO - Filling up the DagBag from /home/airflow/.local/lib/python3.12/site-packages/airflow/example_dags/example_sla_dag.py
[2024-05-21T19:58:58.991+0000] {processor.py:840} INFO - DAG(s) 'example_sla_dag' retrieved from /home/airflow/.local/lib/python3.12/site-packages/airflow/example_dags/example_sla_dag.py
[2024-05-21T19:58:59.058+0000] {logging_mixin.py:188} INFO - [2024-05-21T19:58:59.058+0000] {dag.py:3096} INFO - Sync 1 DAGs
[2024-05-21T19:58:59.144+0000] {logging_mixin.py:188} INFO - [2024-05-21T19:58:59.143+0000] {dag.py:3954} INFO - Setting next_dagrun for example_sla_dag to 2024-05-21 19:56:00+00:00, run_after=2024-05-21 19:58:00+00:00
[2024-05-21T19:58:59.233+0000] {processor.py:183} INFO - Processing /home/airflow/.local/lib/python3.12/site-packages/airflow/example_dags/example_sla_dag.py took 0.292 seconds
[2024-05-21T19:59:30.138+0000] {processor.py:161} INFO - Started process (PID=612) to work on /home/airflow/.local/lib/python3.12/site-packages/airflow/example_dags/example_sla_dag.py
[2024-05-21T19:59:30.141+0000] {processor.py:830} INFO - Processing file /home/airflow/.local/lib/python3.12/site-packages/airflow/example_dags/example_sla_dag.py for tasks to queue
[2024-05-21T19:59:30.146+0000] {logging_mixin.py:188} INFO - [2024-05-21T19:59:30.146+0000] {dagbag.py:545} INFO - Filling up the DagBag from /home/airflow/.local/lib/python3.12/site-packages/airflow/example_dags/example_sla_dag.py
[2024-05-21T19:59:30.169+0000] {processor.py:840} INFO - DAG(s) 'example_sla_dag' retrieved from /home/airflow/.local/lib/python3.12/site-packages/airflow/example_dags/example_sla_dag.py
[2024-05-21T19:59:30.223+0000] {logging_mixin.py:188} INFO - [2024-05-21T19:59:30.223+0000] {dag.py:3096} INFO - Sync 1 DAGs
[2024-05-21T19:59:30.299+0000] {logging_mixin.py:188} INFO - [2024-05-21T19:59:30.299+0000] {dag.py:3954} INFO - Setting next_dagrun for example_sla_dag to 2024-05-21 19:56:00+00:00, run_after=2024-05-21 19:58:00+00:00
[2024-05-21T19:59:30.366+0000] {processor.py:183} INFO - Processing /home/airflow/.local/lib/python3.12/site-packages/airflow/example_dags/example_sla_dag.py took 0.244 seconds
[2024-05-21T20:00:02.072+0000] {processor.py:161} INFO - Started process (PID=672) to work on /home/airflow/.local/lib/python3.12/site-packages/airflow/example_dags/example_sla_dag.py
[2024-05-21T20:00:02.075+0000] {processor.py:830} INFO - Processing file /home/airflow/.local/lib/python3.12/site-packages/airflow/example_dags/example_sla_dag.py for tasks to queue
[2024-05-21T20:00:02.082+0000] {logging_mixin.py:188} INFO - [2024-05-21T20:00:02.081+0000] {dagbag.py:545} INFO - Filling up the DagBag from /home/airflow/.local/lib/python3.12/site-packages/airflow/example_dags/example_sla_dag.py
[2024-05-21T20:00:02.110+0000] {processor.py:840} INFO - DAG(s) 'example_sla_dag' retrieved from /home/airflow/.local/lib/python3.12/site-packages/airflow/example_dags/example_sla_dag.py
[2024-05-21T20:00:02.170+0000] {logging_mixin.py:188} INFO - [2024-05-21T20:00:02.169+0000] {dag.py:3096} INFO - Sync 1 DAGs
[2024-05-21T20:00:02.252+0000] {logging_mixin.py:188} INFO - [2024-05-21T20:00:02.252+0000] {dag.py:3954} INFO - Setting next_dagrun for example_sla_dag to 2024-05-21 19:58:00+00:00, run_after=2024-05-21 20:00:00+00:00
[2024-05-21T20:00:02.300+0000] {processor.py:183} INFO - Processing /home/airflow/.local/lib/python3.12/site-packages/airflow/example_dags/example_sla_dag.py took 0.247 seconds
[2024-05-21T20:00:33.622+0000] {processor.py:161} INFO - Started process (PID=732) to work on /home/airflow/.local/lib/python3.12/site-packages/airflow/example_dags/example_sla_dag.py
[2024-05-21T20:00:33.625+0000] {processor.py:830} INFO - Processing file /home/airflow/.local/lib/python3.12/site-packages/airflow/example_dags/example_sla_dag.py for tasks to queue
[2024-05-21T20:00:33.629+0000] {logging_mixin.py:188} INFO - [2024-05-21T20:00:33.628+0000] {dagbag.py:545} INFO - Filling up the DagBag from /home/airflow/.local/lib/python3.12/site-packages/airflow/example_dags/example_sla_dag.py
[2024-05-21T20:00:33.662+0000] {processor.py:840} INFO - DAG(s) 'example_sla_dag' retrieved from /home/airflow/.local/lib/python3.12/site-packages/airflow/example_dags/example_sla_dag.py
[2024-05-21T20:00:33.741+0000] {logging_mixin.py:188} INFO - [2024-05-21T20:00:33.740+0000] {dag.py:3096} INFO - Sync 1 DAGs
[2024-05-21T20:00:33.836+0000] {logging_mixin.py:188} INFO - [2024-05-21T20:00:33.835+0000] {dag.py:3954} INFO - Setting next_dagrun for example_sla_dag to 2024-05-21 19:58:00+00:00, run_after=2024-05-21 20:00:00+00:00
[2024-05-21T20:00:33.917+0000] {processor.py:183} INFO - Processing /home/airflow/.local/lib/python3.12/site-packages/airflow/example_dags/example_sla_dag.py took 0.314 seconds
[2024-05-21T20:01:05.932+0000] {processor.py:161} INFO - Started process (PID=798) to work on /home/airflow/.local/lib/python3.12/site-packages/airflow/example_dags/example_sla_dag.py
[2024-05-21T20:01:05.936+0000] {processor.py:830} INFO - Processing file /home/airflow/.local/lib/python3.12/site-packages/airflow/example_dags/example_sla_dag.py for tasks to queue
[2024-05-21T20:01:05.949+0000] {logging_mixin.py:188} INFO - [2024-05-21T20:01:05.948+0000] {dagbag.py:545} INFO - Filling up the DagBag from /home/airflow/.local/lib/python3.12/site-packages/airflow/example_dags/example_sla_dag.py
[2024-05-21T20:01:05.970+0000] {processor.py:840} INFO - DAG(s) 'example_sla_dag' retrieved from /home/airflow/.local/lib/python3.12/site-packages/airflow/example_dags/example_sla_dag.py
[2024-05-21T20:01:06.032+0000] {logging_mixin.py:188} INFO - [2024-05-21T20:01:06.032+0000] {dag.py:3096} INFO - Sync 1 DAGs
[2024-05-21T20:01:06.145+0000] {logging_mixin.py:188} INFO - [2024-05-21T20:01:06.144+0000] {dag.py:3954} INFO - Setting next_dagrun for example_sla_dag to 2024-05-21 19:58:00+00:00, run_after=2024-05-21 20:00:00+00:00
[2024-05-21T20:01:06.213+0000] {processor.py:183} INFO - Processing /home/airflow/.local/lib/python3.12/site-packages/airflow/example_dags/example_sla_dag.py took 0.293 seconds
[2024-05-21T20:01:36.658+0000] {processor.py:161} INFO - Started process (PID=858) to work on /home/airflow/.local/lib/python3.12/site-packages/airflow/example_dags/example_sla_dag.py
[2024-05-21T20:01:36.661+0000] {processor.py:830} INFO - Processing file /home/airflow/.local/lib/python3.12/site-packages/airflow/example_dags/example_sla_dag.py for tasks to queue
[2024-05-21T20:01:36.668+0000] {logging_mixin.py:188} INFO - [2024-05-21T20:01:36.666+0000] {dagbag.py:545} INFO - Filling up the DagBag from /home/airflow/.local/lib/python3.12/site-packages/airflow/example_dags/example_sla_dag.py
[2024-05-21T20:01:36.691+0000] {processor.py:840} INFO - DAG(s) 'example_sla_dag' retrieved from /home/airflow/.local/lib/python3.12/site-packages/airflow/example_dags/example_sla_dag.py
[2024-05-21T20:01:36.746+0000] {logging_mixin.py:188} INFO - [2024-05-21T20:01:36.745+0000] {dag.py:3096} INFO - Sync 1 DAGs
[2024-05-21T20:01:36.806+0000] {logging_mixin.py:188} INFO - [2024-05-21T20:01:36.806+0000] {dag.py:3954} INFO - Setting next_dagrun for example_sla_dag to 2024-05-21 19:58:00+00:00, run_after=2024-05-21 20:00:00+00:00
[2024-05-21T20:01:36.864+0000] {processor.py:183} INFO - Processing /home/airflow/.local/lib/python3.12/site-packages/airflow/example_dags/example_sla_dag.py took 0.219 seconds
[2024-05-21T20:02:07.844+0000] {processor.py:161} INFO - Started process (PID=918) to work on /home/airflow/.local/lib/python3.12/site-packages/airflow/example_dags/example_sla_dag.py
[2024-05-21T20:02:07.847+0000] {processor.py:830} INFO - Processing file /home/airflow/.local/lib/python3.12/site-packages/airflow/example_dags/example_sla_dag.py for tasks to queue
[2024-05-21T20:02:07.852+0000] {logging_mixin.py:188} INFO - [2024-05-21T20:02:07.852+0000] {dagbag.py:545} INFO - Filling up the DagBag from /home/airflow/.local/lib/python3.12/site-packages/airflow/example_dags/example_sla_dag.py
[2024-05-21T20:02:07.874+0000] {processor.py:840} INFO - DAG(s) 'example_sla_dag' retrieved from /home/airflow/.local/lib/python3.12/site-packages/airflow/example_dags/example_sla_dag.py
[2024-05-21T20:02:07.950+0000] {logging_mixin.py:188} INFO - [2024-05-21T20:02:07.949+0000] {dag.py:3096} INFO - Sync 1 DAGs
[2024-05-21T20:02:08.034+0000] {logging_mixin.py:188} INFO - [2024-05-21T20:02:08.033+0000] {dag.py:3954} INFO - Setting next_dagrun for example_sla_dag to 2024-05-21 20:00:00+00:00, run_after=2024-05-21 20:02:00+00:00
[2024-05-21T20:02:08.087+0000] {processor.py:183} INFO - Processing /home/airflow/.local/lib/python3.12/site-packages/airflow/example_dags/example_sla_dag.py took 0.265 seconds
[2024-05-21T20:02:39.057+0000] {processor.py:161} INFO - Started process (PID=978) to work on /home/airflow/.local/lib/python3.12/site-packages/airflow/example_dags/example_sla_dag.py
[2024-05-21T20:02:39.059+0000] {processor.py:830} INFO - Processing file /home/airflow/.local/lib/python3.12/site-packages/airflow/example_dags/example_sla_dag.py for tasks to queue
[2024-05-21T20:02:39.065+0000] {logging_mixin.py:188} INFO - [2024-05-21T20:02:39.064+0000] {dagbag.py:545} INFO - Filling up the DagBag from /home/airflow/.local/lib/python3.12/site-packages/airflow/example_dags/example_sla_dag.py
[2024-05-21T20:02:39.083+0000] {processor.py:840} INFO - DAG(s) 'example_sla_dag' retrieved from /home/airflow/.local/lib/python3.12/site-packages/airflow/example_dags/example_sla_dag.py
[2024-05-21T20:02:39.129+0000] {logging_mixin.py:188} INFO - [2024-05-21T20:02:39.129+0000] {dag.py:3096} INFO - Sync 1 DAGs
[2024-05-21T20:02:39.222+0000] {logging_mixin.py:188} INFO - [2024-05-21T20:02:39.222+0000] {dag.py:3954} INFO - Setting next_dagrun for example_sla_dag to 2024-05-21 20:00:00+00:00, run_after=2024-05-21 20:02:00+00:00
[2024-05-21T20:02:39.269+0000] {processor.py:183} INFO - Processing /home/airflow/.local/lib/python3.12/site-packages/airflow/example_dags/example_sla_dag.py took 0.224 seconds
