[2024-05-21T19:29:00.933+0000] {processor.py:161} INFO - Started process (PID=47) to work on /home/airflow/.local/lib/python3.12/site-packages/airflow/example_dags/example_branch_labels.py
[2024-05-21T19:29:00.936+0000] {processor.py:830} INFO - Processing file /home/airflow/.local/lib/python3.12/site-packages/airflow/example_dags/example_branch_labels.py for tasks to queue
[2024-05-21T19:29:00.942+0000] {logging_mixin.py:188} INFO - [2024-05-21T19:29:00.941+0000] {dagbag.py:545} INFO - Filling up the DagBag from /home/airflow/.local/lib/python3.12/site-packages/airflow/example_dags/example_branch_labels.py
[2024-05-21T19:29:00.982+0000] {processor.py:840} INFO - DAG(s) 'example_branch_labels' retrieved from /home/airflow/.local/lib/python3.12/site-packages/airflow/example_dags/example_branch_labels.py
[2024-05-21T19:29:01.364+0000] {logging_mixin.py:188} INFO - [2024-05-21T19:29:01.364+0000] {dag.py:3096} INFO - Sync 1 DAGs
[2024-05-21T19:29:01.471+0000] {logging_mixin.py:188} INFO - [2024-05-21T19:29:01.470+0000] {dag.py:3954} INFO - Setting next_dagrun for example_branch_labels to 2024-05-20 00:00:00+00:00, run_after=2024-05-21 00:00:00+00:00
[2024-05-21T19:29:01.573+0000] {processor.py:183} INFO - Processing /home/airflow/.local/lib/python3.12/site-packages/airflow/example_dags/example_branch_labels.py took 0.658 seconds
[2024-05-21T19:29:31.966+0000] {processor.py:161} INFO - Started process (PID=107) to work on /home/airflow/.local/lib/python3.12/site-packages/airflow/example_dags/example_branch_labels.py
[2024-05-21T19:29:31.973+0000] {processor.py:830} INFO - Processing file /home/airflow/.local/lib/python3.12/site-packages/airflow/example_dags/example_branch_labels.py for tasks to queue
[2024-05-21T19:29:31.996+0000] {logging_mixin.py:188} INFO - [2024-05-21T19:29:31.996+0000] {dagbag.py:545} INFO - Filling up the DagBag from /home/airflow/.local/lib/python3.12/site-packages/airflow/example_dags/example_branch_labels.py
[2024-05-21T19:29:32.025+0000] {processor.py:840} INFO - DAG(s) 'example_branch_labels' retrieved from /home/airflow/.local/lib/python3.12/site-packages/airflow/example_dags/example_branch_labels.py
[2024-05-21T19:29:32.091+0000] {logging_mixin.py:188} INFO - [2024-05-21T19:29:32.090+0000] {dag.py:3096} INFO - Sync 1 DAGs
[2024-05-21T19:29:32.174+0000] {logging_mixin.py:188} INFO - [2024-05-21T19:29:32.174+0000] {dag.py:3954} INFO - Setting next_dagrun for example_branch_labels to 2024-05-20 00:00:00+00:00, run_after=2024-05-21 00:00:00+00:00
[2024-05-21T19:29:32.234+0000] {processor.py:183} INFO - Processing /home/airflow/.local/lib/python3.12/site-packages/airflow/example_dags/example_branch_labels.py took 0.286 seconds
[2024-05-21T19:30:03.325+0000] {processor.py:161} INFO - Started process (PID=167) to work on /home/airflow/.local/lib/python3.12/site-packages/airflow/example_dags/example_branch_labels.py
[2024-05-21T19:30:03.329+0000] {processor.py:830} INFO - Processing file /home/airflow/.local/lib/python3.12/site-packages/airflow/example_dags/example_branch_labels.py for tasks to queue
[2024-05-21T19:30:03.356+0000] {logging_mixin.py:188} INFO - [2024-05-21T19:30:03.354+0000] {dagbag.py:545} INFO - Filling up the DagBag from /home/airflow/.local/lib/python3.12/site-packages/airflow/example_dags/example_branch_labels.py
[2024-05-21T19:30:03.387+0000] {processor.py:840} INFO - DAG(s) 'example_branch_labels' retrieved from /home/airflow/.local/lib/python3.12/site-packages/airflow/example_dags/example_branch_labels.py
[2024-05-21T19:30:03.462+0000] {logging_mixin.py:188} INFO - [2024-05-21T19:30:03.461+0000] {dag.py:3096} INFO - Sync 1 DAGs
[2024-05-21T19:30:03.533+0000] {logging_mixin.py:188} INFO - [2024-05-21T19:30:03.532+0000] {dag.py:3954} INFO - Setting next_dagrun for example_branch_labels to 2024-05-20 00:00:00+00:00, run_after=2024-05-21 00:00:00+00:00
[2024-05-21T19:30:03.593+0000] {processor.py:183} INFO - Processing /home/airflow/.local/lib/python3.12/site-packages/airflow/example_dags/example_branch_labels.py took 0.300 seconds
[2024-05-21T19:30:33.863+0000] {processor.py:161} INFO - Started process (PID=227) to work on /home/airflow/.local/lib/python3.12/site-packages/airflow/example_dags/example_branch_labels.py
[2024-05-21T19:30:33.867+0000] {processor.py:830} INFO - Processing file /home/airflow/.local/lib/python3.12/site-packages/airflow/example_dags/example_branch_labels.py for tasks to queue
[2024-05-21T19:30:33.877+0000] {logging_mixin.py:188} INFO - [2024-05-21T19:30:33.877+0000] {dagbag.py:545} INFO - Filling up the DagBag from /home/airflow/.local/lib/python3.12/site-packages/airflow/example_dags/example_branch_labels.py
[2024-05-21T19:30:33.895+0000] {processor.py:840} INFO - DAG(s) 'example_branch_labels' retrieved from /home/airflow/.local/lib/python3.12/site-packages/airflow/example_dags/example_branch_labels.py
[2024-05-21T19:30:33.965+0000] {logging_mixin.py:188} INFO - [2024-05-21T19:30:33.964+0000] {dag.py:3096} INFO - Sync 1 DAGs
[2024-05-21T19:30:34.027+0000] {logging_mixin.py:188} INFO - [2024-05-21T19:30:34.026+0000] {dag.py:3954} INFO - Setting next_dagrun for example_branch_labels to 2024-05-20 00:00:00+00:00, run_after=2024-05-21 00:00:00+00:00
[2024-05-21T19:30:34.094+0000] {processor.py:183} INFO - Processing /home/airflow/.local/lib/python3.12/site-packages/airflow/example_dags/example_branch_labels.py took 0.242 seconds
[2024-05-21T19:31:04.244+0000] {processor.py:161} INFO - Started process (PID=285) to work on /home/airflow/.local/lib/python3.12/site-packages/airflow/example_dags/example_branch_labels.py
[2024-05-21T19:31:04.249+0000] {processor.py:830} INFO - Processing file /home/airflow/.local/lib/python3.12/site-packages/airflow/example_dags/example_branch_labels.py for tasks to queue
[2024-05-21T19:31:04.256+0000] {logging_mixin.py:188} INFO - [2024-05-21T19:31:04.255+0000] {dagbag.py:545} INFO - Filling up the DagBag from /home/airflow/.local/lib/python3.12/site-packages/airflow/example_dags/example_branch_labels.py
[2024-05-21T19:31:04.280+0000] {processor.py:840} INFO - DAG(s) 'example_branch_labels' retrieved from /home/airflow/.local/lib/python3.12/site-packages/airflow/example_dags/example_branch_labels.py
[2024-05-21T19:31:04.344+0000] {logging_mixin.py:188} INFO - [2024-05-21T19:31:04.343+0000] {dag.py:3096} INFO - Sync 1 DAGs
[2024-05-21T19:31:04.427+0000] {logging_mixin.py:188} INFO - [2024-05-21T19:31:04.427+0000] {dag.py:3954} INFO - Setting next_dagrun for example_branch_labels to 2024-05-20 00:00:00+00:00, run_after=2024-05-21 00:00:00+00:00
[2024-05-21T19:31:04.485+0000] {processor.py:183} INFO - Processing /home/airflow/.local/lib/python3.12/site-packages/airflow/example_dags/example_branch_labels.py took 0.259 seconds
[2024-05-21T19:31:35.898+0000] {processor.py:161} INFO - Started process (PID=345) to work on /home/airflow/.local/lib/python3.12/site-packages/airflow/example_dags/example_branch_labels.py
[2024-05-21T19:31:35.900+0000] {processor.py:830} INFO - Processing file /home/airflow/.local/lib/python3.12/site-packages/airflow/example_dags/example_branch_labels.py for tasks to queue
[2024-05-21T19:31:35.906+0000] {logging_mixin.py:188} INFO - [2024-05-21T19:31:35.905+0000] {dagbag.py:545} INFO - Filling up the DagBag from /home/airflow/.local/lib/python3.12/site-packages/airflow/example_dags/example_branch_labels.py
[2024-05-21T19:31:35.929+0000] {processor.py:840} INFO - DAG(s) 'example_branch_labels' retrieved from /home/airflow/.local/lib/python3.12/site-packages/airflow/example_dags/example_branch_labels.py
[2024-05-21T19:31:36.026+0000] {logging_mixin.py:188} INFO - [2024-05-21T19:31:36.025+0000] {dag.py:3096} INFO - Sync 1 DAGs
[2024-05-21T19:31:36.159+0000] {logging_mixin.py:188} INFO - [2024-05-21T19:31:36.158+0000] {dag.py:3954} INFO - Setting next_dagrun for example_branch_labels to 2024-05-20 00:00:00+00:00, run_after=2024-05-21 00:00:00+00:00
[2024-05-21T19:31:36.247+0000] {processor.py:183} INFO - Processing /home/airflow/.local/lib/python3.12/site-packages/airflow/example_dags/example_branch_labels.py took 0.368 seconds
[2024-05-21T19:32:06.447+0000] {processor.py:161} INFO - Started process (PID=405) to work on /home/airflow/.local/lib/python3.12/site-packages/airflow/example_dags/example_branch_labels.py
[2024-05-21T19:32:06.450+0000] {processor.py:830} INFO - Processing file /home/airflow/.local/lib/python3.12/site-packages/airflow/example_dags/example_branch_labels.py for tasks to queue
[2024-05-21T19:32:06.456+0000] {logging_mixin.py:188} INFO - [2024-05-21T19:32:06.454+0000] {dagbag.py:545} INFO - Filling up the DagBag from /home/airflow/.local/lib/python3.12/site-packages/airflow/example_dags/example_branch_labels.py
[2024-05-21T19:32:06.479+0000] {processor.py:840} INFO - DAG(s) 'example_branch_labels' retrieved from /home/airflow/.local/lib/python3.12/site-packages/airflow/example_dags/example_branch_labels.py
[2024-05-21T19:32:06.537+0000] {logging_mixin.py:188} INFO - [2024-05-21T19:32:06.536+0000] {dag.py:3096} INFO - Sync 1 DAGs
[2024-05-21T19:32:06.600+0000] {logging_mixin.py:188} INFO - [2024-05-21T19:32:06.599+0000] {dag.py:3954} INFO - Setting next_dagrun for example_branch_labels to 2024-05-20 00:00:00+00:00, run_after=2024-05-21 00:00:00+00:00
[2024-05-21T19:32:06.681+0000] {processor.py:183} INFO - Processing /home/airflow/.local/lib/python3.12/site-packages/airflow/example_dags/example_branch_labels.py took 0.254 seconds
[2024-05-21T19:32:37.128+0000] {processor.py:161} INFO - Started process (PID=466) to work on /home/airflow/.local/lib/python3.12/site-packages/airflow/example_dags/example_branch_labels.py
[2024-05-21T19:32:37.131+0000] {processor.py:830} INFO - Processing file /home/airflow/.local/lib/python3.12/site-packages/airflow/example_dags/example_branch_labels.py for tasks to queue
[2024-05-21T19:32:37.135+0000] {logging_mixin.py:188} INFO - [2024-05-21T19:32:37.135+0000] {dagbag.py:545} INFO - Filling up the DagBag from /home/airflow/.local/lib/python3.12/site-packages/airflow/example_dags/example_branch_labels.py
[2024-05-21T19:32:37.152+0000] {processor.py:840} INFO - DAG(s) 'example_branch_labels' retrieved from /home/airflow/.local/lib/python3.12/site-packages/airflow/example_dags/example_branch_labels.py
[2024-05-21T19:32:37.220+0000] {logging_mixin.py:188} INFO - [2024-05-21T19:32:37.219+0000] {dag.py:3096} INFO - Sync 1 DAGs
[2024-05-21T19:32:37.334+0000] {logging_mixin.py:188} INFO - [2024-05-21T19:32:37.334+0000] {dag.py:3954} INFO - Setting next_dagrun for example_branch_labels to 2024-05-20 00:00:00+00:00, run_after=2024-05-21 00:00:00+00:00
[2024-05-21T19:32:37.389+0000] {processor.py:183} INFO - Processing /home/airflow/.local/lib/python3.12/site-packages/airflow/example_dags/example_branch_labels.py took 0.276 seconds
[2024-05-21T19:33:07.469+0000] {processor.py:161} INFO - Started process (PID=526) to work on /home/airflow/.local/lib/python3.12/site-packages/airflow/example_dags/example_branch_labels.py
[2024-05-21T19:33:07.472+0000] {processor.py:830} INFO - Processing file /home/airflow/.local/lib/python3.12/site-packages/airflow/example_dags/example_branch_labels.py for tasks to queue
[2024-05-21T19:33:07.482+0000] {logging_mixin.py:188} INFO - [2024-05-21T19:33:07.480+0000] {dagbag.py:545} INFO - Filling up the DagBag from /home/airflow/.local/lib/python3.12/site-packages/airflow/example_dags/example_branch_labels.py
[2024-05-21T19:33:07.505+0000] {processor.py:840} INFO - DAG(s) 'example_branch_labels' retrieved from /home/airflow/.local/lib/python3.12/site-packages/airflow/example_dags/example_branch_labels.py
[2024-05-21T19:33:07.572+0000] {logging_mixin.py:188} INFO - [2024-05-21T19:33:07.572+0000] {dag.py:3096} INFO - Sync 1 DAGs
[2024-05-21T19:33:07.633+0000] {logging_mixin.py:188} INFO - [2024-05-21T19:33:07.630+0000] {dag.py:3954} INFO - Setting next_dagrun for example_branch_labels to 2024-05-20 00:00:00+00:00, run_after=2024-05-21 00:00:00+00:00
[2024-05-21T19:33:07.686+0000] {processor.py:183} INFO - Processing /home/airflow/.local/lib/python3.12/site-packages/airflow/example_dags/example_branch_labels.py took 0.232 seconds
[2024-05-21T19:33:38.624+0000] {processor.py:161} INFO - Started process (PID=586) to work on /home/airflow/.local/lib/python3.12/site-packages/airflow/example_dags/example_branch_labels.py
[2024-05-21T19:33:38.628+0000] {processor.py:830} INFO - Processing file /home/airflow/.local/lib/python3.12/site-packages/airflow/example_dags/example_branch_labels.py for tasks to queue
[2024-05-21T19:33:38.639+0000] {logging_mixin.py:188} INFO - [2024-05-21T19:33:38.638+0000] {dagbag.py:545} INFO - Filling up the DagBag from /home/airflow/.local/lib/python3.12/site-packages/airflow/example_dags/example_branch_labels.py
[2024-05-21T19:33:38.658+0000] {processor.py:840} INFO - DAG(s) 'example_branch_labels' retrieved from /home/airflow/.local/lib/python3.12/site-packages/airflow/example_dags/example_branch_labels.py
[2024-05-21T19:33:38.716+0000] {logging_mixin.py:188} INFO - [2024-05-21T19:33:38.715+0000] {dag.py:3096} INFO - Sync 1 DAGs
[2024-05-21T19:33:38.785+0000] {logging_mixin.py:188} INFO - [2024-05-21T19:33:38.785+0000] {dag.py:3954} INFO - Setting next_dagrun for example_branch_labels to 2024-05-20 00:00:00+00:00, run_after=2024-05-21 00:00:00+00:00
[2024-05-21T19:33:38.862+0000] {processor.py:183} INFO - Processing /home/airflow/.local/lib/python3.12/site-packages/airflow/example_dags/example_branch_labels.py took 0.254 seconds
[2024-05-21T19:34:09.366+0000] {processor.py:161} INFO - Started process (PID=646) to work on /home/airflow/.local/lib/python3.12/site-packages/airflow/example_dags/example_branch_labels.py
[2024-05-21T19:34:09.368+0000] {processor.py:830} INFO - Processing file /home/airflow/.local/lib/python3.12/site-packages/airflow/example_dags/example_branch_labels.py for tasks to queue
[2024-05-21T19:34:09.372+0000] {logging_mixin.py:188} INFO - [2024-05-21T19:34:09.371+0000] {dagbag.py:545} INFO - Filling up the DagBag from /home/airflow/.local/lib/python3.12/site-packages/airflow/example_dags/example_branch_labels.py
[2024-05-21T19:34:09.387+0000] {processor.py:840} INFO - DAG(s) 'example_branch_labels' retrieved from /home/airflow/.local/lib/python3.12/site-packages/airflow/example_dags/example_branch_labels.py
[2024-05-21T19:34:09.449+0000] {logging_mixin.py:188} INFO - [2024-05-21T19:34:09.448+0000] {dag.py:3096} INFO - Sync 1 DAGs
[2024-05-21T19:34:09.519+0000] {logging_mixin.py:188} INFO - [2024-05-21T19:34:09.518+0000] {dag.py:3954} INFO - Setting next_dagrun for example_branch_labels to 2024-05-20 00:00:00+00:00, run_after=2024-05-21 00:00:00+00:00
[2024-05-21T19:34:09.559+0000] {processor.py:183} INFO - Processing /home/airflow/.local/lib/python3.12/site-packages/airflow/example_dags/example_branch_labels.py took 0.205 seconds
[2024-05-21T19:34:40.887+0000] {processor.py:161} INFO - Started process (PID=706) to work on /home/airflow/.local/lib/python3.12/site-packages/airflow/example_dags/example_branch_labels.py
[2024-05-21T19:34:40.890+0000] {processor.py:830} INFO - Processing file /home/airflow/.local/lib/python3.12/site-packages/airflow/example_dags/example_branch_labels.py for tasks to queue
[2024-05-21T19:34:40.897+0000] {logging_mixin.py:188} INFO - [2024-05-21T19:34:40.896+0000] {dagbag.py:545} INFO - Filling up the DagBag from /home/airflow/.local/lib/python3.12/site-packages/airflow/example_dags/example_branch_labels.py
[2024-05-21T19:34:40.931+0000] {processor.py:840} INFO - DAG(s) 'example_branch_labels' retrieved from /home/airflow/.local/lib/python3.12/site-packages/airflow/example_dags/example_branch_labels.py
[2024-05-21T19:34:41.014+0000] {logging_mixin.py:188} INFO - [2024-05-21T19:34:41.013+0000] {dag.py:3096} INFO - Sync 1 DAGs
[2024-05-21T19:34:41.114+0000] {logging_mixin.py:188} INFO - [2024-05-21T19:34:41.113+0000] {dag.py:3954} INFO - Setting next_dagrun for example_branch_labels to 2024-05-20 00:00:00+00:00, run_after=2024-05-21 00:00:00+00:00
[2024-05-21T19:34:41.178+0000] {processor.py:183} INFO - Processing /home/airflow/.local/lib/python3.12/site-packages/airflow/example_dags/example_branch_labels.py took 0.314 seconds
[2024-05-21T19:35:11.393+0000] {processor.py:161} INFO - Started process (PID=766) to work on /home/airflow/.local/lib/python3.12/site-packages/airflow/example_dags/example_branch_labels.py
[2024-05-21T19:35:11.396+0000] {processor.py:830} INFO - Processing file /home/airflow/.local/lib/python3.12/site-packages/airflow/example_dags/example_branch_labels.py for tasks to queue
[2024-05-21T19:35:11.413+0000] {logging_mixin.py:188} INFO - [2024-05-21T19:35:11.408+0000] {dagbag.py:545} INFO - Filling up the DagBag from /home/airflow/.local/lib/python3.12/site-packages/airflow/example_dags/example_branch_labels.py
[2024-05-21T19:35:11.436+0000] {processor.py:840} INFO - DAG(s) 'example_branch_labels' retrieved from /home/airflow/.local/lib/python3.12/site-packages/airflow/example_dags/example_branch_labels.py
[2024-05-21T19:35:11.506+0000] {logging_mixin.py:188} INFO - [2024-05-21T19:35:11.505+0000] {dag.py:3096} INFO - Sync 1 DAGs
[2024-05-21T19:35:11.571+0000] {logging_mixin.py:188} INFO - [2024-05-21T19:35:11.570+0000] {dag.py:3954} INFO - Setting next_dagrun for example_branch_labels to 2024-05-20 00:00:00+00:00, run_after=2024-05-21 00:00:00+00:00
[2024-05-21T19:35:11.623+0000] {processor.py:183} INFO - Processing /home/airflow/.local/lib/python3.12/site-packages/airflow/example_dags/example_branch_labels.py took 0.247 seconds
[2024-05-21T19:35:41.912+0000] {processor.py:161} INFO - Started process (PID=826) to work on /home/airflow/.local/lib/python3.12/site-packages/airflow/example_dags/example_branch_labels.py
[2024-05-21T19:35:41.914+0000] {processor.py:830} INFO - Processing file /home/airflow/.local/lib/python3.12/site-packages/airflow/example_dags/example_branch_labels.py for tasks to queue
[2024-05-21T19:35:41.919+0000] {logging_mixin.py:188} INFO - [2024-05-21T19:35:41.918+0000] {dagbag.py:545} INFO - Filling up the DagBag from /home/airflow/.local/lib/python3.12/site-packages/airflow/example_dags/example_branch_labels.py
[2024-05-21T19:35:41.931+0000] {processor.py:840} INFO - DAG(s) 'example_branch_labels' retrieved from /home/airflow/.local/lib/python3.12/site-packages/airflow/example_dags/example_branch_labels.py
[2024-05-21T19:35:41.973+0000] {logging_mixin.py:188} INFO - [2024-05-21T19:35:41.973+0000] {dag.py:3096} INFO - Sync 1 DAGs
[2024-05-21T19:35:42.038+0000] {logging_mixin.py:188} INFO - [2024-05-21T19:35:42.037+0000] {dag.py:3954} INFO - Setting next_dagrun for example_branch_labels to 2024-05-20 00:00:00+00:00, run_after=2024-05-21 00:00:00+00:00
[2024-05-21T19:35:42.102+0000] {processor.py:183} INFO - Processing /home/airflow/.local/lib/python3.12/site-packages/airflow/example_dags/example_branch_labels.py took 0.201 seconds
[2024-05-21T19:36:12.205+0000] {processor.py:161} INFO - Started process (PID=885) to work on /home/airflow/.local/lib/python3.12/site-packages/airflow/example_dags/example_branch_labels.py
[2024-05-21T19:36:12.207+0000] {processor.py:830} INFO - Processing file /home/airflow/.local/lib/python3.12/site-packages/airflow/example_dags/example_branch_labels.py for tasks to queue
[2024-05-21T19:36:12.212+0000] {logging_mixin.py:188} INFO - [2024-05-21T19:36:12.212+0000] {dagbag.py:545} INFO - Filling up the DagBag from /home/airflow/.local/lib/python3.12/site-packages/airflow/example_dags/example_branch_labels.py
[2024-05-21T19:36:12.229+0000] {processor.py:840} INFO - DAG(s) 'example_branch_labels' retrieved from /home/airflow/.local/lib/python3.12/site-packages/airflow/example_dags/example_branch_labels.py
[2024-05-21T19:36:12.296+0000] {logging_mixin.py:188} INFO - [2024-05-21T19:36:12.295+0000] {dag.py:3096} INFO - Sync 1 DAGs
[2024-05-21T19:36:12.356+0000] {logging_mixin.py:188} INFO - [2024-05-21T19:36:12.356+0000] {dag.py:3954} INFO - Setting next_dagrun for example_branch_labels to 2024-05-20 00:00:00+00:00, run_after=2024-05-21 00:00:00+00:00
[2024-05-21T19:36:12.418+0000] {processor.py:183} INFO - Processing /home/airflow/.local/lib/python3.12/site-packages/airflow/example_dags/example_branch_labels.py took 0.224 seconds
[2024-05-21T19:36:43.192+0000] {processor.py:161} INFO - Started process (PID=945) to work on /home/airflow/.local/lib/python3.12/site-packages/airflow/example_dags/example_branch_labels.py
[2024-05-21T19:36:43.196+0000] {processor.py:830} INFO - Processing file /home/airflow/.local/lib/python3.12/site-packages/airflow/example_dags/example_branch_labels.py for tasks to queue
[2024-05-21T19:36:43.203+0000] {logging_mixin.py:188} INFO - [2024-05-21T19:36:43.202+0000] {dagbag.py:545} INFO - Filling up the DagBag from /home/airflow/.local/lib/python3.12/site-packages/airflow/example_dags/example_branch_labels.py
[2024-05-21T19:36:43.225+0000] {processor.py:840} INFO - DAG(s) 'example_branch_labels' retrieved from /home/airflow/.local/lib/python3.12/site-packages/airflow/example_dags/example_branch_labels.py
[2024-05-21T19:36:43.308+0000] {logging_mixin.py:188} INFO - [2024-05-21T19:36:43.307+0000] {dag.py:3096} INFO - Sync 1 DAGs
[2024-05-21T19:36:43.376+0000] {logging_mixin.py:188} INFO - [2024-05-21T19:36:43.375+0000] {dag.py:3954} INFO - Setting next_dagrun for example_branch_labels to 2024-05-20 00:00:00+00:00, run_after=2024-05-21 00:00:00+00:00
[2024-05-21T19:36:43.451+0000] {processor.py:183} INFO - Processing /home/airflow/.local/lib/python3.12/site-packages/airflow/example_dags/example_branch_labels.py took 0.272 seconds
[2024-05-21T19:37:14.369+0000] {processor.py:161} INFO - Started process (PID=1004) to work on /home/airflow/.local/lib/python3.12/site-packages/airflow/example_dags/example_branch_labels.py
[2024-05-21T19:37:14.372+0000] {processor.py:830} INFO - Processing file /home/airflow/.local/lib/python3.12/site-packages/airflow/example_dags/example_branch_labels.py for tasks to queue
[2024-05-21T19:37:14.383+0000] {logging_mixin.py:188} INFO - [2024-05-21T19:37:14.381+0000] {dagbag.py:545} INFO - Filling up the DagBag from /home/airflow/.local/lib/python3.12/site-packages/airflow/example_dags/example_branch_labels.py
[2024-05-21T19:37:14.410+0000] {processor.py:840} INFO - DAG(s) 'example_branch_labels' retrieved from /home/airflow/.local/lib/python3.12/site-packages/airflow/example_dags/example_branch_labels.py
[2024-05-21T19:37:14.480+0000] {logging_mixin.py:188} INFO - [2024-05-21T19:37:14.479+0000] {dag.py:3096} INFO - Sync 1 DAGs
[2024-05-21T19:37:14.542+0000] {logging_mixin.py:188} INFO - [2024-05-21T19:37:14.541+0000] {dag.py:3954} INFO - Setting next_dagrun for example_branch_labels to 2024-05-20 00:00:00+00:00, run_after=2024-05-21 00:00:00+00:00
[2024-05-21T19:37:14.644+0000] {processor.py:183} INFO - Processing /home/airflow/.local/lib/python3.12/site-packages/airflow/example_dags/example_branch_labels.py took 0.293 seconds
[2024-05-21T19:37:44.709+0000] {processor.py:161} INFO - Started process (PID=1064) to work on /home/airflow/.local/lib/python3.12/site-packages/airflow/example_dags/example_branch_labels.py
[2024-05-21T19:37:44.712+0000] {processor.py:830} INFO - Processing file /home/airflow/.local/lib/python3.12/site-packages/airflow/example_dags/example_branch_labels.py for tasks to queue
[2024-05-21T19:37:44.717+0000] {logging_mixin.py:188} INFO - [2024-05-21T19:37:44.716+0000] {dagbag.py:545} INFO - Filling up the DagBag from /home/airflow/.local/lib/python3.12/site-packages/airflow/example_dags/example_branch_labels.py
[2024-05-21T19:37:44.739+0000] {processor.py:840} INFO - DAG(s) 'example_branch_labels' retrieved from /home/airflow/.local/lib/python3.12/site-packages/airflow/example_dags/example_branch_labels.py
[2024-05-21T19:37:44.827+0000] {logging_mixin.py:188} INFO - [2024-05-21T19:37:44.827+0000] {dag.py:3096} INFO - Sync 1 DAGs
[2024-05-21T19:37:44.933+0000] {logging_mixin.py:188} INFO - [2024-05-21T19:37:44.932+0000] {dag.py:3954} INFO - Setting next_dagrun for example_branch_labels to 2024-05-20 00:00:00+00:00, run_after=2024-05-21 00:00:00+00:00
[2024-05-21T19:37:45.017+0000] {processor.py:183} INFO - Processing /home/airflow/.local/lib/python3.12/site-packages/airflow/example_dags/example_branch_labels.py took 0.321 seconds
[2024-05-21T19:38:15.598+0000] {processor.py:161} INFO - Started process (PID=1123) to work on /home/airflow/.local/lib/python3.12/site-packages/airflow/example_dags/example_branch_labels.py
[2024-05-21T19:38:15.601+0000] {processor.py:830} INFO - Processing file /home/airflow/.local/lib/python3.12/site-packages/airflow/example_dags/example_branch_labels.py for tasks to queue
[2024-05-21T19:38:15.605+0000] {logging_mixin.py:188} INFO - [2024-05-21T19:38:15.604+0000] {dagbag.py:545} INFO - Filling up the DagBag from /home/airflow/.local/lib/python3.12/site-packages/airflow/example_dags/example_branch_labels.py
[2024-05-21T19:38:15.620+0000] {processor.py:840} INFO - DAG(s) 'example_branch_labels' retrieved from /home/airflow/.local/lib/python3.12/site-packages/airflow/example_dags/example_branch_labels.py
[2024-05-21T19:38:15.665+0000] {logging_mixin.py:188} INFO - [2024-05-21T19:38:15.664+0000] {dag.py:3096} INFO - Sync 1 DAGs
[2024-05-21T19:38:15.711+0000] {logging_mixin.py:188} INFO - [2024-05-21T19:38:15.710+0000] {dag.py:3954} INFO - Setting next_dagrun for example_branch_labels to 2024-05-20 00:00:00+00:00, run_after=2024-05-21 00:00:00+00:00
[2024-05-21T19:38:15.769+0000] {processor.py:183} INFO - Processing /home/airflow/.local/lib/python3.12/site-packages/airflow/example_dags/example_branch_labels.py took 0.186 seconds
[2024-05-21T19:38:45.913+0000] {processor.py:161} INFO - Started process (PID=1183) to work on /home/airflow/.local/lib/python3.12/site-packages/airflow/example_dags/example_branch_labels.py
[2024-05-21T19:38:45.916+0000] {processor.py:830} INFO - Processing file /home/airflow/.local/lib/python3.12/site-packages/airflow/example_dags/example_branch_labels.py for tasks to queue
[2024-05-21T19:38:45.920+0000] {logging_mixin.py:188} INFO - [2024-05-21T19:38:45.920+0000] {dagbag.py:545} INFO - Filling up the DagBag from /home/airflow/.local/lib/python3.12/site-packages/airflow/example_dags/example_branch_labels.py
[2024-05-21T19:38:45.940+0000] {processor.py:840} INFO - DAG(s) 'example_branch_labels' retrieved from /home/airflow/.local/lib/python3.12/site-packages/airflow/example_dags/example_branch_labels.py
[2024-05-21T19:38:46.005+0000] {logging_mixin.py:188} INFO - [2024-05-21T19:38:46.004+0000] {dag.py:3096} INFO - Sync 1 DAGs
[2024-05-21T19:38:46.068+0000] {logging_mixin.py:188} INFO - [2024-05-21T19:38:46.068+0000] {dag.py:3954} INFO - Setting next_dagrun for example_branch_labels to 2024-05-20 00:00:00+00:00, run_after=2024-05-21 00:00:00+00:00
[2024-05-21T19:38:46.114+0000] {processor.py:183} INFO - Processing /home/airflow/.local/lib/python3.12/site-packages/airflow/example_dags/example_branch_labels.py took 0.215 seconds
[2024-05-21T19:39:17.006+0000] {processor.py:161} INFO - Started process (PID=1243) to work on /home/airflow/.local/lib/python3.12/site-packages/airflow/example_dags/example_branch_labels.py
[2024-05-21T19:39:17.009+0000] {processor.py:830} INFO - Processing file /home/airflow/.local/lib/python3.12/site-packages/airflow/example_dags/example_branch_labels.py for tasks to queue
[2024-05-21T19:39:17.015+0000] {logging_mixin.py:188} INFO - [2024-05-21T19:39:17.015+0000] {dagbag.py:545} INFO - Filling up the DagBag from /home/airflow/.local/lib/python3.12/site-packages/airflow/example_dags/example_branch_labels.py
[2024-05-21T19:39:17.051+0000] {processor.py:840} INFO - DAG(s) 'example_branch_labels' retrieved from /home/airflow/.local/lib/python3.12/site-packages/airflow/example_dags/example_branch_labels.py
[2024-05-21T19:39:17.110+0000] {logging_mixin.py:188} INFO - [2024-05-21T19:39:17.109+0000] {dag.py:3096} INFO - Sync 1 DAGs
[2024-05-21T19:39:17.173+0000] {logging_mixin.py:188} INFO - [2024-05-21T19:39:17.172+0000] {dag.py:3954} INFO - Setting next_dagrun for example_branch_labels to 2024-05-20 00:00:00+00:00, run_after=2024-05-21 00:00:00+00:00
[2024-05-21T19:39:17.244+0000] {processor.py:183} INFO - Processing /home/airflow/.local/lib/python3.12/site-packages/airflow/example_dags/example_branch_labels.py took 0.253 seconds
[2024-05-21T19:39:48.098+0000] {processor.py:161} INFO - Started process (PID=1303) to work on /home/airflow/.local/lib/python3.12/site-packages/airflow/example_dags/example_branch_labels.py
[2024-05-21T19:39:48.100+0000] {processor.py:830} INFO - Processing file /home/airflow/.local/lib/python3.12/site-packages/airflow/example_dags/example_branch_labels.py for tasks to queue
[2024-05-21T19:39:48.106+0000] {logging_mixin.py:188} INFO - [2024-05-21T19:39:48.105+0000] {dagbag.py:545} INFO - Filling up the DagBag from /home/airflow/.local/lib/python3.12/site-packages/airflow/example_dags/example_branch_labels.py
[2024-05-21T19:39:48.128+0000] {processor.py:840} INFO - DAG(s) 'example_branch_labels' retrieved from /home/airflow/.local/lib/python3.12/site-packages/airflow/example_dags/example_branch_labels.py
[2024-05-21T19:39:48.199+0000] {logging_mixin.py:188} INFO - [2024-05-21T19:39:48.198+0000] {dag.py:3096} INFO - Sync 1 DAGs
[2024-05-21T19:39:48.276+0000] {logging_mixin.py:188} INFO - [2024-05-21T19:39:48.274+0000] {dag.py:3954} INFO - Setting next_dagrun for example_branch_labels to 2024-05-20 00:00:00+00:00, run_after=2024-05-21 00:00:00+00:00
[2024-05-21T19:39:48.350+0000] {processor.py:183} INFO - Processing /home/airflow/.local/lib/python3.12/site-packages/airflow/example_dags/example_branch_labels.py took 0.270 seconds
[2024-05-21T19:40:19.187+0000] {processor.py:161} INFO - Started process (PID=1363) to work on /home/airflow/.local/lib/python3.12/site-packages/airflow/example_dags/example_branch_labels.py
[2024-05-21T19:40:19.189+0000] {processor.py:830} INFO - Processing file /home/airflow/.local/lib/python3.12/site-packages/airflow/example_dags/example_branch_labels.py for tasks to queue
[2024-05-21T19:40:19.194+0000] {logging_mixin.py:188} INFO - [2024-05-21T19:40:19.193+0000] {dagbag.py:545} INFO - Filling up the DagBag from /home/airflow/.local/lib/python3.12/site-packages/airflow/example_dags/example_branch_labels.py
[2024-05-21T19:40:19.215+0000] {processor.py:840} INFO - DAG(s) 'example_branch_labels' retrieved from /home/airflow/.local/lib/python3.12/site-packages/airflow/example_dags/example_branch_labels.py
[2024-05-21T19:40:19.306+0000] {logging_mixin.py:188} INFO - [2024-05-21T19:40:19.305+0000] {dag.py:3096} INFO - Sync 1 DAGs
[2024-05-21T19:40:19.397+0000] {logging_mixin.py:188} INFO - [2024-05-21T19:40:19.396+0000] {dag.py:3954} INFO - Setting next_dagrun for example_branch_labels to 2024-05-20 00:00:00+00:00, run_after=2024-05-21 00:00:00+00:00
[2024-05-21T19:40:19.459+0000] {processor.py:183} INFO - Processing /home/airflow/.local/lib/python3.12/site-packages/airflow/example_dags/example_branch_labels.py took 0.287 seconds
[2024-05-21T19:40:49.738+0000] {processor.py:161} INFO - Started process (PID=1422) to work on /home/airflow/.local/lib/python3.12/site-packages/airflow/example_dags/example_branch_labels.py
[2024-05-21T19:40:49.741+0000] {processor.py:830} INFO - Processing file /home/airflow/.local/lib/python3.12/site-packages/airflow/example_dags/example_branch_labels.py for tasks to queue
[2024-05-21T19:40:49.747+0000] {logging_mixin.py:188} INFO - [2024-05-21T19:40:49.746+0000] {dagbag.py:545} INFO - Filling up the DagBag from /home/airflow/.local/lib/python3.12/site-packages/airflow/example_dags/example_branch_labels.py
[2024-05-21T19:40:49.769+0000] {processor.py:840} INFO - DAG(s) 'example_branch_labels' retrieved from /home/airflow/.local/lib/python3.12/site-packages/airflow/example_dags/example_branch_labels.py
[2024-05-21T19:40:49.836+0000] {logging_mixin.py:188} INFO - [2024-05-21T19:40:49.836+0000] {dag.py:3096} INFO - Sync 1 DAGs
[2024-05-21T19:40:49.928+0000] {logging_mixin.py:188} INFO - [2024-05-21T19:40:49.927+0000] {dag.py:3954} INFO - Setting next_dagrun for example_branch_labels to 2024-05-20 00:00:00+00:00, run_after=2024-05-21 00:00:00+00:00
[2024-05-21T19:40:50.065+0000] {processor.py:183} INFO - Processing /home/airflow/.local/lib/python3.12/site-packages/airflow/example_dags/example_branch_labels.py took 0.341 seconds
[2024-05-21T19:41:20.174+0000] {processor.py:161} INFO - Started process (PID=1480) to work on /home/airflow/.local/lib/python3.12/site-packages/airflow/example_dags/example_branch_labels.py
[2024-05-21T19:41:20.176+0000] {processor.py:830} INFO - Processing file /home/airflow/.local/lib/python3.12/site-packages/airflow/example_dags/example_branch_labels.py for tasks to queue
[2024-05-21T19:41:20.180+0000] {logging_mixin.py:188} INFO - [2024-05-21T19:41:20.180+0000] {dagbag.py:545} INFO - Filling up the DagBag from /home/airflow/.local/lib/python3.12/site-packages/airflow/example_dags/example_branch_labels.py
[2024-05-21T19:41:20.193+0000] {processor.py:840} INFO - DAG(s) 'example_branch_labels' retrieved from /home/airflow/.local/lib/python3.12/site-packages/airflow/example_dags/example_branch_labels.py
[2024-05-21T19:41:20.244+0000] {logging_mixin.py:188} INFO - [2024-05-21T19:41:20.244+0000] {dag.py:3096} INFO - Sync 1 DAGs
[2024-05-21T19:41:20.293+0000] {logging_mixin.py:188} INFO - [2024-05-21T19:41:20.293+0000] {dag.py:3954} INFO - Setting next_dagrun for example_branch_labels to 2024-05-20 00:00:00+00:00, run_after=2024-05-21 00:00:00+00:00
[2024-05-21T19:41:20.355+0000] {processor.py:183} INFO - Processing /home/airflow/.local/lib/python3.12/site-packages/airflow/example_dags/example_branch_labels.py took 0.195 seconds
[2024-05-21T19:41:50.874+0000] {processor.py:161} INFO - Started process (PID=1540) to work on /home/airflow/.local/lib/python3.12/site-packages/airflow/example_dags/example_branch_labels.py
[2024-05-21T19:41:50.878+0000] {processor.py:830} INFO - Processing file /home/airflow/.local/lib/python3.12/site-packages/airflow/example_dags/example_branch_labels.py for tasks to queue
[2024-05-21T19:41:50.888+0000] {logging_mixin.py:188} INFO - [2024-05-21T19:41:50.887+0000] {dagbag.py:545} INFO - Filling up the DagBag from /home/airflow/.local/lib/python3.12/site-packages/airflow/example_dags/example_branch_labels.py
[2024-05-21T19:41:50.909+0000] {processor.py:840} INFO - DAG(s) 'example_branch_labels' retrieved from /home/airflow/.local/lib/python3.12/site-packages/airflow/example_dags/example_branch_labels.py
[2024-05-21T19:41:50.980+0000] {logging_mixin.py:188} INFO - [2024-05-21T19:41:50.980+0000] {dag.py:3096} INFO - Sync 1 DAGs
[2024-05-21T19:41:51.361+0000] {logging_mixin.py:188} INFO - [2024-05-21T19:41:51.360+0000] {dag.py:3954} INFO - Setting next_dagrun for example_branch_labels to 2024-05-20 00:00:00+00:00, run_after=2024-05-21 00:00:00+00:00
[2024-05-21T19:41:51.419+0000] {processor.py:183} INFO - Processing /home/airflow/.local/lib/python3.12/site-packages/airflow/example_dags/example_branch_labels.py took 0.561 seconds
[2024-05-21T19:42:21.766+0000] {processor.py:161} INFO - Started process (PID=1606) to work on /home/airflow/.local/lib/python3.12/site-packages/airflow/example_dags/example_branch_labels.py
[2024-05-21T19:42:21.769+0000] {processor.py:830} INFO - Processing file /home/airflow/.local/lib/python3.12/site-packages/airflow/example_dags/example_branch_labels.py for tasks to queue
[2024-05-21T19:42:21.775+0000] {logging_mixin.py:188} INFO - [2024-05-21T19:42:21.774+0000] {dagbag.py:545} INFO - Filling up the DagBag from /home/airflow/.local/lib/python3.12/site-packages/airflow/example_dags/example_branch_labels.py
[2024-05-21T19:42:21.797+0000] {processor.py:840} INFO - DAG(s) 'example_branch_labels' retrieved from /home/airflow/.local/lib/python3.12/site-packages/airflow/example_dags/example_branch_labels.py
[2024-05-21T19:42:21.862+0000] {logging_mixin.py:188} INFO - [2024-05-21T19:42:21.862+0000] {dag.py:3096} INFO - Sync 1 DAGs
[2024-05-21T19:42:22.167+0000] {logging_mixin.py:188} INFO - [2024-05-21T19:42:22.166+0000] {dag.py:3954} INFO - Setting next_dagrun for example_branch_labels to 2024-05-20 00:00:00+00:00, run_after=2024-05-21 00:00:00+00:00
[2024-05-21T19:42:22.221+0000] {processor.py:183} INFO - Processing /home/airflow/.local/lib/python3.12/site-packages/airflow/example_dags/example_branch_labels.py took 0.468 seconds
[2024-05-21T19:42:52.595+0000] {processor.py:161} INFO - Started process (PID=1666) to work on /home/airflow/.local/lib/python3.12/site-packages/airflow/example_dags/example_branch_labels.py
[2024-05-21T19:42:52.599+0000] {processor.py:830} INFO - Processing file /home/airflow/.local/lib/python3.12/site-packages/airflow/example_dags/example_branch_labels.py for tasks to queue
[2024-05-21T19:42:52.608+0000] {logging_mixin.py:188} INFO - [2024-05-21T19:42:52.605+0000] {dagbag.py:545} INFO - Filling up the DagBag from /home/airflow/.local/lib/python3.12/site-packages/airflow/example_dags/example_branch_labels.py
[2024-05-21T19:42:52.632+0000] {processor.py:840} INFO - DAG(s) 'example_branch_labels' retrieved from /home/airflow/.local/lib/python3.12/site-packages/airflow/example_dags/example_branch_labels.py
[2024-05-21T19:42:52.686+0000] {logging_mixin.py:188} INFO - [2024-05-21T19:42:52.685+0000] {dag.py:3096} INFO - Sync 1 DAGs
[2024-05-21T19:42:52.751+0000] {logging_mixin.py:188} INFO - [2024-05-21T19:42:52.751+0000] {dag.py:3954} INFO - Setting next_dagrun for example_branch_labels to 2024-05-20 00:00:00+00:00, run_after=2024-05-21 00:00:00+00:00
[2024-05-21T19:42:52.822+0000] {processor.py:183} INFO - Processing /home/airflow/.local/lib/python3.12/site-packages/airflow/example_dags/example_branch_labels.py took 0.242 seconds
[2024-05-21T19:43:23.064+0000] {processor.py:161} INFO - Started process (PID=1726) to work on /home/airflow/.local/lib/python3.12/site-packages/airflow/example_dags/example_branch_labels.py
[2024-05-21T19:43:23.067+0000] {processor.py:830} INFO - Processing file /home/airflow/.local/lib/python3.12/site-packages/airflow/example_dags/example_branch_labels.py for tasks to queue
[2024-05-21T19:43:23.072+0000] {logging_mixin.py:188} INFO - [2024-05-21T19:43:23.071+0000] {dagbag.py:545} INFO - Filling up the DagBag from /home/airflow/.local/lib/python3.12/site-packages/airflow/example_dags/example_branch_labels.py
[2024-05-21T19:43:23.115+0000] {processor.py:840} INFO - DAG(s) 'example_branch_labels' retrieved from /home/airflow/.local/lib/python3.12/site-packages/airflow/example_dags/example_branch_labels.py
[2024-05-21T19:43:23.186+0000] {logging_mixin.py:188} INFO - [2024-05-21T19:43:23.185+0000] {dag.py:3096} INFO - Sync 1 DAGs
[2024-05-21T19:43:23.284+0000] {logging_mixin.py:188} INFO - [2024-05-21T19:43:23.283+0000] {dag.py:3954} INFO - Setting next_dagrun for example_branch_labels to 2024-05-20 00:00:00+00:00, run_after=2024-05-21 00:00:00+00:00
[2024-05-21T19:43:23.359+0000] {processor.py:183} INFO - Processing /home/airflow/.local/lib/python3.12/site-packages/airflow/example_dags/example_branch_labels.py took 0.326 seconds
[2024-05-21T19:43:53.526+0000] {processor.py:161} INFO - Started process (PID=1784) to work on /home/airflow/.local/lib/python3.12/site-packages/airflow/example_dags/example_branch_labels.py
[2024-05-21T19:43:53.530+0000] {processor.py:830} INFO - Processing file /home/airflow/.local/lib/python3.12/site-packages/airflow/example_dags/example_branch_labels.py for tasks to queue
[2024-05-21T19:43:53.540+0000] {logging_mixin.py:188} INFO - [2024-05-21T19:43:53.539+0000] {dagbag.py:545} INFO - Filling up the DagBag from /home/airflow/.local/lib/python3.12/site-packages/airflow/example_dags/example_branch_labels.py
[2024-05-21T19:43:53.569+0000] {processor.py:840} INFO - DAG(s) 'example_branch_labels' retrieved from /home/airflow/.local/lib/python3.12/site-packages/airflow/example_dags/example_branch_labels.py
[2024-05-21T19:43:53.656+0000] {logging_mixin.py:188} INFO - [2024-05-21T19:43:53.655+0000] {dag.py:3096} INFO - Sync 1 DAGs
[2024-05-21T19:43:53.717+0000] {logging_mixin.py:188} INFO - [2024-05-21T19:43:53.716+0000] {dag.py:3954} INFO - Setting next_dagrun for example_branch_labels to 2024-05-20 00:00:00+00:00, run_after=2024-05-21 00:00:00+00:00
[2024-05-21T19:43:53.784+0000] {processor.py:183} INFO - Processing /home/airflow/.local/lib/python3.12/site-packages/airflow/example_dags/example_branch_labels.py took 0.281 seconds
[2024-05-21T19:44:24.579+0000] {processor.py:161} INFO - Started process (PID=1844) to work on /home/airflow/.local/lib/python3.12/site-packages/airflow/example_dags/example_branch_labels.py
[2024-05-21T19:44:24.582+0000] {processor.py:830} INFO - Processing file /home/airflow/.local/lib/python3.12/site-packages/airflow/example_dags/example_branch_labels.py for tasks to queue
[2024-05-21T19:44:24.589+0000] {logging_mixin.py:188} INFO - [2024-05-21T19:44:24.589+0000] {dagbag.py:545} INFO - Filling up the DagBag from /home/airflow/.local/lib/python3.12/site-packages/airflow/example_dags/example_branch_labels.py
[2024-05-21T19:44:24.613+0000] {processor.py:840} INFO - DAG(s) 'example_branch_labels' retrieved from /home/airflow/.local/lib/python3.12/site-packages/airflow/example_dags/example_branch_labels.py
[2024-05-21T19:44:24.684+0000] {logging_mixin.py:188} INFO - [2024-05-21T19:44:24.682+0000] {dag.py:3096} INFO - Sync 1 DAGs
[2024-05-21T19:44:24.765+0000] {logging_mixin.py:188} INFO - [2024-05-21T19:44:24.765+0000] {dag.py:3954} INFO - Setting next_dagrun for example_branch_labels to 2024-05-20 00:00:00+00:00, run_after=2024-05-21 00:00:00+00:00
[2024-05-21T19:44:24.871+0000] {processor.py:183} INFO - Processing /home/airflow/.local/lib/python3.12/site-packages/airflow/example_dags/example_branch_labels.py took 0.310 seconds
[2024-05-21T19:44:55.618+0000] {processor.py:161} INFO - Started process (PID=1904) to work on /home/airflow/.local/lib/python3.12/site-packages/airflow/example_dags/example_branch_labels.py
[2024-05-21T19:44:55.620+0000] {processor.py:830} INFO - Processing file /home/airflow/.local/lib/python3.12/site-packages/airflow/example_dags/example_branch_labels.py for tasks to queue
[2024-05-21T19:44:55.625+0000] {logging_mixin.py:188} INFO - [2024-05-21T19:44:55.624+0000] {dagbag.py:545} INFO - Filling up the DagBag from /home/airflow/.local/lib/python3.12/site-packages/airflow/example_dags/example_branch_labels.py
[2024-05-21T19:44:55.640+0000] {processor.py:840} INFO - DAG(s) 'example_branch_labels' retrieved from /home/airflow/.local/lib/python3.12/site-packages/airflow/example_dags/example_branch_labels.py
[2024-05-21T19:44:55.699+0000] {logging_mixin.py:188} INFO - [2024-05-21T19:44:55.699+0000] {dag.py:3096} INFO - Sync 1 DAGs
[2024-05-21T19:44:55.757+0000] {logging_mixin.py:188} INFO - [2024-05-21T19:44:55.756+0000] {dag.py:3954} INFO - Setting next_dagrun for example_branch_labels to 2024-05-20 00:00:00+00:00, run_after=2024-05-21 00:00:00+00:00
[2024-05-21T19:44:55.804+0000] {processor.py:183} INFO - Processing /home/airflow/.local/lib/python3.12/site-packages/airflow/example_dags/example_branch_labels.py took 0.196 seconds
[2024-05-21T19:45:26.318+0000] {processor.py:161} INFO - Started process (PID=1964) to work on /home/airflow/.local/lib/python3.12/site-packages/airflow/example_dags/example_branch_labels.py
[2024-05-21T19:45:26.321+0000] {processor.py:830} INFO - Processing file /home/airflow/.local/lib/python3.12/site-packages/airflow/example_dags/example_branch_labels.py for tasks to queue
[2024-05-21T19:45:26.328+0000] {logging_mixin.py:188} INFO - [2024-05-21T19:45:26.327+0000] {dagbag.py:545} INFO - Filling up the DagBag from /home/airflow/.local/lib/python3.12/site-packages/airflow/example_dags/example_branch_labels.py
[2024-05-21T19:45:26.356+0000] {processor.py:840} INFO - DAG(s) 'example_branch_labels' retrieved from /home/airflow/.local/lib/python3.12/site-packages/airflow/example_dags/example_branch_labels.py
[2024-05-21T19:45:26.449+0000] {logging_mixin.py:188} INFO - [2024-05-21T19:45:26.448+0000] {dag.py:3096} INFO - Sync 1 DAGs
[2024-05-21T19:45:26.571+0000] {logging_mixin.py:188} INFO - [2024-05-21T19:45:26.570+0000] {dag.py:3954} INFO - Setting next_dagrun for example_branch_labels to 2024-05-20 00:00:00+00:00, run_after=2024-05-21 00:00:00+00:00
[2024-05-21T19:45:26.642+0000] {processor.py:183} INFO - Processing /home/airflow/.local/lib/python3.12/site-packages/airflow/example_dags/example_branch_labels.py took 0.345 seconds
[2024-05-21T19:45:56.879+0000] {processor.py:161} INFO - Started process (PID=2024) to work on /home/airflow/.local/lib/python3.12/site-packages/airflow/example_dags/example_branch_labels.py
[2024-05-21T19:45:56.882+0000] {processor.py:830} INFO - Processing file /home/airflow/.local/lib/python3.12/site-packages/airflow/example_dags/example_branch_labels.py for tasks to queue
[2024-05-21T19:45:56.886+0000] {logging_mixin.py:188} INFO - [2024-05-21T19:45:56.885+0000] {dagbag.py:545} INFO - Filling up the DagBag from /home/airflow/.local/lib/python3.12/site-packages/airflow/example_dags/example_branch_labels.py
[2024-05-21T19:45:56.907+0000] {processor.py:840} INFO - DAG(s) 'example_branch_labels' retrieved from /home/airflow/.local/lib/python3.12/site-packages/airflow/example_dags/example_branch_labels.py
[2024-05-21T19:45:56.963+0000] {logging_mixin.py:188} INFO - [2024-05-21T19:45:56.962+0000] {dag.py:3096} INFO - Sync 1 DAGs
[2024-05-21T19:45:57.023+0000] {logging_mixin.py:188} INFO - [2024-05-21T19:45:57.023+0000] {dag.py:3954} INFO - Setting next_dagrun for example_branch_labels to 2024-05-20 00:00:00+00:00, run_after=2024-05-21 00:00:00+00:00
[2024-05-21T19:45:57.113+0000] {processor.py:183} INFO - Processing /home/airflow/.local/lib/python3.12/site-packages/airflow/example_dags/example_branch_labels.py took 0.252 seconds
[2024-05-21T19:46:27.866+0000] {processor.py:161} INFO - Started process (PID=2084) to work on /home/airflow/.local/lib/python3.12/site-packages/airflow/example_dags/example_branch_labels.py
[2024-05-21T19:46:27.869+0000] {processor.py:830} INFO - Processing file /home/airflow/.local/lib/python3.12/site-packages/airflow/example_dags/example_branch_labels.py for tasks to queue
[2024-05-21T19:46:27.878+0000] {logging_mixin.py:188} INFO - [2024-05-21T19:46:27.876+0000] {dagbag.py:545} INFO - Filling up the DagBag from /home/airflow/.local/lib/python3.12/site-packages/airflow/example_dags/example_branch_labels.py
[2024-05-21T19:46:27.892+0000] {processor.py:840} INFO - DAG(s) 'example_branch_labels' retrieved from /home/airflow/.local/lib/python3.12/site-packages/airflow/example_dags/example_branch_labels.py
[2024-05-21T19:46:27.948+0000] {logging_mixin.py:188} INFO - [2024-05-21T19:46:27.947+0000] {dag.py:3096} INFO - Sync 1 DAGs
[2024-05-21T19:46:28.053+0000] {logging_mixin.py:188} INFO - [2024-05-21T19:46:28.053+0000] {dag.py:3954} INFO - Setting next_dagrun for example_branch_labels to 2024-05-20 00:00:00+00:00, run_after=2024-05-21 00:00:00+00:00
[2024-05-21T19:46:28.125+0000] {processor.py:183} INFO - Processing /home/airflow/.local/lib/python3.12/site-packages/airflow/example_dags/example_branch_labels.py took 0.272 seconds
[2024-05-21T19:46:58.451+0000] {processor.py:161} INFO - Started process (PID=2144) to work on /home/airflow/.local/lib/python3.12/site-packages/airflow/example_dags/example_branch_labels.py
[2024-05-21T19:46:58.454+0000] {processor.py:830} INFO - Processing file /home/airflow/.local/lib/python3.12/site-packages/airflow/example_dags/example_branch_labels.py for tasks to queue
[2024-05-21T19:46:58.458+0000] {logging_mixin.py:188} INFO - [2024-05-21T19:46:58.458+0000] {dagbag.py:545} INFO - Filling up the DagBag from /home/airflow/.local/lib/python3.12/site-packages/airflow/example_dags/example_branch_labels.py
[2024-05-21T19:46:58.480+0000] {processor.py:840} INFO - DAG(s) 'example_branch_labels' retrieved from /home/airflow/.local/lib/python3.12/site-packages/airflow/example_dags/example_branch_labels.py
[2024-05-21T19:46:58.532+0000] {logging_mixin.py:188} INFO - [2024-05-21T19:46:58.531+0000] {dag.py:3096} INFO - Sync 1 DAGs
[2024-05-21T19:46:58.586+0000] {logging_mixin.py:188} INFO - [2024-05-21T19:46:58.585+0000] {dag.py:3954} INFO - Setting next_dagrun for example_branch_labels to 2024-05-20 00:00:00+00:00, run_after=2024-05-21 00:00:00+00:00
[2024-05-21T19:46:58.671+0000] {processor.py:183} INFO - Processing /home/airflow/.local/lib/python3.12/site-packages/airflow/example_dags/example_branch_labels.py took 0.232 seconds
[2024-05-21T19:47:28.838+0000] {processor.py:161} INFO - Started process (PID=2204) to work on /home/airflow/.local/lib/python3.12/site-packages/airflow/example_dags/example_branch_labels.py
[2024-05-21T19:47:28.841+0000] {processor.py:830} INFO - Processing file /home/airflow/.local/lib/python3.12/site-packages/airflow/example_dags/example_branch_labels.py for tasks to queue
[2024-05-21T19:47:28.849+0000] {logging_mixin.py:188} INFO - [2024-05-21T19:47:28.847+0000] {dagbag.py:545} INFO - Filling up the DagBag from /home/airflow/.local/lib/python3.12/site-packages/airflow/example_dags/example_branch_labels.py
[2024-05-21T19:47:28.869+0000] {processor.py:840} INFO - DAG(s) 'example_branch_labels' retrieved from /home/airflow/.local/lib/python3.12/site-packages/airflow/example_dags/example_branch_labels.py
[2024-05-21T19:47:28.923+0000] {logging_mixin.py:188} INFO - [2024-05-21T19:47:28.922+0000] {dag.py:3096} INFO - Sync 1 DAGs
[2024-05-21T19:47:29.015+0000] {logging_mixin.py:188} INFO - [2024-05-21T19:47:29.013+0000] {dag.py:3954} INFO - Setting next_dagrun for example_branch_labels to 2024-05-20 00:00:00+00:00, run_after=2024-05-21 00:00:00+00:00
[2024-05-21T19:47:29.088+0000] {processor.py:183} INFO - Processing /home/airflow/.local/lib/python3.12/site-packages/airflow/example_dags/example_branch_labels.py took 0.264 seconds
[2024-05-21T19:47:59.239+0000] {processor.py:161} INFO - Started process (PID=2263) to work on /home/airflow/.local/lib/python3.12/site-packages/airflow/example_dags/example_branch_labels.py
[2024-05-21T19:47:59.242+0000] {processor.py:830} INFO - Processing file /home/airflow/.local/lib/python3.12/site-packages/airflow/example_dags/example_branch_labels.py for tasks to queue
[2024-05-21T19:47:59.247+0000] {logging_mixin.py:188} INFO - [2024-05-21T19:47:59.246+0000] {dagbag.py:545} INFO - Filling up the DagBag from /home/airflow/.local/lib/python3.12/site-packages/airflow/example_dags/example_branch_labels.py
[2024-05-21T19:47:59.261+0000] {processor.py:840} INFO - DAG(s) 'example_branch_labels' retrieved from /home/airflow/.local/lib/python3.12/site-packages/airflow/example_dags/example_branch_labels.py
[2024-05-21T19:47:59.321+0000] {logging_mixin.py:188} INFO - [2024-05-21T19:47:59.320+0000] {dag.py:3096} INFO - Sync 1 DAGs
[2024-05-21T19:47:59.382+0000] {logging_mixin.py:188} INFO - [2024-05-21T19:47:59.382+0000] {dag.py:3954} INFO - Setting next_dagrun for example_branch_labels to 2024-05-20 00:00:00+00:00, run_after=2024-05-21 00:00:00+00:00
[2024-05-21T19:47:59.444+0000] {processor.py:183} INFO - Processing /home/airflow/.local/lib/python3.12/site-packages/airflow/example_dags/example_branch_labels.py took 0.217 seconds
[2024-05-21T19:48:30.052+0000] {processor.py:161} INFO - Started process (PID=2323) to work on /home/airflow/.local/lib/python3.12/site-packages/airflow/example_dags/example_branch_labels.py
[2024-05-21T19:48:30.054+0000] {processor.py:830} INFO - Processing file /home/airflow/.local/lib/python3.12/site-packages/airflow/example_dags/example_branch_labels.py for tasks to queue
[2024-05-21T19:48:30.060+0000] {logging_mixin.py:188} INFO - [2024-05-21T19:48:30.059+0000] {dagbag.py:545} INFO - Filling up the DagBag from /home/airflow/.local/lib/python3.12/site-packages/airflow/example_dags/example_branch_labels.py
[2024-05-21T19:48:30.096+0000] {processor.py:840} INFO - DAG(s) 'example_branch_labels' retrieved from /home/airflow/.local/lib/python3.12/site-packages/airflow/example_dags/example_branch_labels.py
[2024-05-21T19:48:30.163+0000] {logging_mixin.py:188} INFO - [2024-05-21T19:48:30.162+0000] {dag.py:3096} INFO - Sync 1 DAGs
[2024-05-21T19:48:30.237+0000] {logging_mixin.py:188} INFO - [2024-05-21T19:48:30.236+0000] {dag.py:3954} INFO - Setting next_dagrun for example_branch_labels to 2024-05-20 00:00:00+00:00, run_after=2024-05-21 00:00:00+00:00
[2024-05-21T19:48:30.317+0000] {processor.py:183} INFO - Processing /home/airflow/.local/lib/python3.12/site-packages/airflow/example_dags/example_branch_labels.py took 0.281 seconds
[2024-05-21T19:49:00.633+0000] {processor.py:161} INFO - Started process (PID=2383) to work on /home/airflow/.local/lib/python3.12/site-packages/airflow/example_dags/example_branch_labels.py
[2024-05-21T19:49:00.636+0000] {processor.py:830} INFO - Processing file /home/airflow/.local/lib/python3.12/site-packages/airflow/example_dags/example_branch_labels.py for tasks to queue
[2024-05-21T19:49:00.643+0000] {logging_mixin.py:188} INFO - [2024-05-21T19:49:00.642+0000] {dagbag.py:545} INFO - Filling up the DagBag from /home/airflow/.local/lib/python3.12/site-packages/airflow/example_dags/example_branch_labels.py
[2024-05-21T19:49:00.676+0000] {processor.py:840} INFO - DAG(s) 'example_branch_labels' retrieved from /home/airflow/.local/lib/python3.12/site-packages/airflow/example_dags/example_branch_labels.py
[2024-05-21T19:49:00.727+0000] {logging_mixin.py:188} INFO - [2024-05-21T19:49:00.726+0000] {dag.py:3096} INFO - Sync 1 DAGs
[2024-05-21T19:49:00.786+0000] {logging_mixin.py:188} INFO - [2024-05-21T19:49:00.785+0000] {dag.py:3954} INFO - Setting next_dagrun for example_branch_labels to 2024-05-20 00:00:00+00:00, run_after=2024-05-21 00:00:00+00:00
[2024-05-21T19:49:00.848+0000] {processor.py:183} INFO - Processing /home/airflow/.local/lib/python3.12/site-packages/airflow/example_dags/example_branch_labels.py took 0.233 seconds
[2024-05-21T19:49:31.727+0000] {processor.py:161} INFO - Started process (PID=2443) to work on /home/airflow/.local/lib/python3.12/site-packages/airflow/example_dags/example_branch_labels.py
[2024-05-21T19:49:31.730+0000] {processor.py:830} INFO - Processing file /home/airflow/.local/lib/python3.12/site-packages/airflow/example_dags/example_branch_labels.py for tasks to queue
[2024-05-21T19:49:31.743+0000] {logging_mixin.py:188} INFO - [2024-05-21T19:49:31.741+0000] {dagbag.py:545} INFO - Filling up the DagBag from /home/airflow/.local/lib/python3.12/site-packages/airflow/example_dags/example_branch_labels.py
[2024-05-21T19:49:31.763+0000] {processor.py:840} INFO - DAG(s) 'example_branch_labels' retrieved from /home/airflow/.local/lib/python3.12/site-packages/airflow/example_dags/example_branch_labels.py
[2024-05-21T19:49:31.826+0000] {logging_mixin.py:188} INFO - [2024-05-21T19:49:31.826+0000] {dag.py:3096} INFO - Sync 1 DAGs
[2024-05-21T19:49:31.899+0000] {logging_mixin.py:188} INFO - [2024-05-21T19:49:31.899+0000] {dag.py:3954} INFO - Setting next_dagrun for example_branch_labels to 2024-05-20 00:00:00+00:00, run_after=2024-05-21 00:00:00+00:00
[2024-05-21T19:49:32.002+0000] {processor.py:183} INFO - Processing /home/airflow/.local/lib/python3.12/site-packages/airflow/example_dags/example_branch_labels.py took 0.289 seconds
[2024-05-21T19:50:02.154+0000] {processor.py:161} INFO - Started process (PID=2503) to work on /home/airflow/.local/lib/python3.12/site-packages/airflow/example_dags/example_branch_labels.py
[2024-05-21T19:50:02.157+0000] {processor.py:830} INFO - Processing file /home/airflow/.local/lib/python3.12/site-packages/airflow/example_dags/example_branch_labels.py for tasks to queue
[2024-05-21T19:50:02.165+0000] {logging_mixin.py:188} INFO - [2024-05-21T19:50:02.164+0000] {dagbag.py:545} INFO - Filling up the DagBag from /home/airflow/.local/lib/python3.12/site-packages/airflow/example_dags/example_branch_labels.py
[2024-05-21T19:50:02.191+0000] {processor.py:840} INFO - DAG(s) 'example_branch_labels' retrieved from /home/airflow/.local/lib/python3.12/site-packages/airflow/example_dags/example_branch_labels.py
[2024-05-21T19:50:02.289+0000] {logging_mixin.py:188} INFO - [2024-05-21T19:50:02.288+0000] {dag.py:3096} INFO - Sync 1 DAGs
[2024-05-21T19:50:02.366+0000] {logging_mixin.py:188} INFO - [2024-05-21T19:50:02.366+0000] {dag.py:3954} INFO - Setting next_dagrun for example_branch_labels to 2024-05-20 00:00:00+00:00, run_after=2024-05-21 00:00:00+00:00
[2024-05-21T19:50:02.452+0000] {processor.py:183} INFO - Processing /home/airflow/.local/lib/python3.12/site-packages/airflow/example_dags/example_branch_labels.py took 0.337 seconds
[2024-05-21T19:50:32.710+0000] {processor.py:161} INFO - Started process (PID=2563) to work on /home/airflow/.local/lib/python3.12/site-packages/airflow/example_dags/example_branch_labels.py
[2024-05-21T19:50:32.713+0000] {processor.py:830} INFO - Processing file /home/airflow/.local/lib/python3.12/site-packages/airflow/example_dags/example_branch_labels.py for tasks to queue
[2024-05-21T19:50:32.720+0000] {logging_mixin.py:188} INFO - [2024-05-21T19:50:32.719+0000] {dagbag.py:545} INFO - Filling up the DagBag from /home/airflow/.local/lib/python3.12/site-packages/airflow/example_dags/example_branch_labels.py
[2024-05-21T19:50:32.741+0000] {processor.py:840} INFO - DAG(s) 'example_branch_labels' retrieved from /home/airflow/.local/lib/python3.12/site-packages/airflow/example_dags/example_branch_labels.py
[2024-05-21T19:50:32.809+0000] {logging_mixin.py:188} INFO - [2024-05-21T19:50:32.809+0000] {dag.py:3096} INFO - Sync 1 DAGs
[2024-05-21T19:50:32.887+0000] {logging_mixin.py:188} INFO - [2024-05-21T19:50:32.886+0000] {dag.py:3954} INFO - Setting next_dagrun for example_branch_labels to 2024-05-20 00:00:00+00:00, run_after=2024-05-21 00:00:00+00:00
[2024-05-21T19:50:32.975+0000] {processor.py:183} INFO - Processing /home/airflow/.local/lib/python3.12/site-packages/airflow/example_dags/example_branch_labels.py took 0.286 seconds
[2024-05-21T19:51:03.661+0000] {processor.py:161} INFO - Started process (PID=2623) to work on /home/airflow/.local/lib/python3.12/site-packages/airflow/example_dags/example_branch_labels.py
[2024-05-21T19:51:03.663+0000] {processor.py:830} INFO - Processing file /home/airflow/.local/lib/python3.12/site-packages/airflow/example_dags/example_branch_labels.py for tasks to queue
[2024-05-21T19:51:03.669+0000] {logging_mixin.py:188} INFO - [2024-05-21T19:51:03.668+0000] {dagbag.py:545} INFO - Filling up the DagBag from /home/airflow/.local/lib/python3.12/site-packages/airflow/example_dags/example_branch_labels.py
[2024-05-21T19:51:03.688+0000] {processor.py:840} INFO - DAG(s) 'example_branch_labels' retrieved from /home/airflow/.local/lib/python3.12/site-packages/airflow/example_dags/example_branch_labels.py
[2024-05-21T19:51:03.737+0000] {logging_mixin.py:188} INFO - [2024-05-21T19:51:03.736+0000] {dag.py:3096} INFO - Sync 1 DAGs
[2024-05-21T19:51:03.790+0000] {logging_mixin.py:188} INFO - [2024-05-21T19:51:03.789+0000] {dag.py:3954} INFO - Setting next_dagrun for example_branch_labels to 2024-05-20 00:00:00+00:00, run_after=2024-05-21 00:00:00+00:00
[2024-05-21T19:51:03.867+0000] {processor.py:183} INFO - Processing /home/airflow/.local/lib/python3.12/site-packages/airflow/example_dags/example_branch_labels.py took 0.219 seconds
[2024-05-21T19:51:34.842+0000] {processor.py:161} INFO - Started process (PID=2683) to work on /home/airflow/.local/lib/python3.12/site-packages/airflow/example_dags/example_branch_labels.py
[2024-05-21T19:51:34.845+0000] {processor.py:830} INFO - Processing file /home/airflow/.local/lib/python3.12/site-packages/airflow/example_dags/example_branch_labels.py for tasks to queue
[2024-05-21T19:51:34.851+0000] {logging_mixin.py:188} INFO - [2024-05-21T19:51:34.850+0000] {dagbag.py:545} INFO - Filling up the DagBag from /home/airflow/.local/lib/python3.12/site-packages/airflow/example_dags/example_branch_labels.py
[2024-05-21T19:51:34.883+0000] {processor.py:840} INFO - DAG(s) 'example_branch_labels' retrieved from /home/airflow/.local/lib/python3.12/site-packages/airflow/example_dags/example_branch_labels.py
[2024-05-21T19:51:34.959+0000] {logging_mixin.py:188} INFO - [2024-05-21T19:51:34.959+0000] {dag.py:3096} INFO - Sync 1 DAGs
[2024-05-21T19:51:35.033+0000] {logging_mixin.py:188} INFO - [2024-05-21T19:51:35.032+0000] {dag.py:3954} INFO - Setting next_dagrun for example_branch_labels to 2024-05-20 00:00:00+00:00, run_after=2024-05-21 00:00:00+00:00
[2024-05-21T19:51:35.085+0000] {processor.py:183} INFO - Processing /home/airflow/.local/lib/python3.12/site-packages/airflow/example_dags/example_branch_labels.py took 0.260 seconds
[2024-05-21T19:54:44.465+0000] {processor.py:161} INFO - Started process (PID=47) to work on /home/airflow/.local/lib/python3.12/site-packages/airflow/example_dags/example_branch_labels.py
[2024-05-21T19:54:44.468+0000] {processor.py:830} INFO - Processing file /home/airflow/.local/lib/python3.12/site-packages/airflow/example_dags/example_branch_labels.py for tasks to queue
[2024-05-21T19:54:44.474+0000] {logging_mixin.py:188} INFO - [2024-05-21T19:54:44.473+0000] {dagbag.py:545} INFO - Filling up the DagBag from /home/airflow/.local/lib/python3.12/site-packages/airflow/example_dags/example_branch_labels.py
[2024-05-21T19:54:44.511+0000] {processor.py:840} INFO - DAG(s) 'example_branch_labels' retrieved from /home/airflow/.local/lib/python3.12/site-packages/airflow/example_dags/example_branch_labels.py
[2024-05-21T19:54:44.774+0000] {logging_mixin.py:188} INFO - [2024-05-21T19:54:44.773+0000] {dag.py:3096} INFO - Sync 1 DAGs
[2024-05-21T19:54:44.854+0000] {logging_mixin.py:188} INFO - [2024-05-21T19:54:44.853+0000] {dag.py:3954} INFO - Setting next_dagrun for example_branch_labels to 2024-05-20 00:00:00+00:00, run_after=2024-05-21 00:00:00+00:00
[2024-05-21T19:54:44.937+0000] {processor.py:183} INFO - Processing /home/airflow/.local/lib/python3.12/site-packages/airflow/example_dags/example_branch_labels.py took 0.487 seconds
[2024-05-21T19:55:15.076+0000] {processor.py:161} INFO - Started process (PID=107) to work on /home/airflow/.local/lib/python3.12/site-packages/airflow/example_dags/example_branch_labels.py
[2024-05-21T19:55:15.079+0000] {processor.py:830} INFO - Processing file /home/airflow/.local/lib/python3.12/site-packages/airflow/example_dags/example_branch_labels.py for tasks to queue
[2024-05-21T19:55:15.091+0000] {logging_mixin.py:188} INFO - [2024-05-21T19:55:15.089+0000] {dagbag.py:545} INFO - Filling up the DagBag from /home/airflow/.local/lib/python3.12/site-packages/airflow/example_dags/example_branch_labels.py
[2024-05-21T19:55:15.115+0000] {processor.py:840} INFO - DAG(s) 'example_branch_labels' retrieved from /home/airflow/.local/lib/python3.12/site-packages/airflow/example_dags/example_branch_labels.py
[2024-05-21T19:55:15.194+0000] {logging_mixin.py:188} INFO - [2024-05-21T19:55:15.193+0000] {dag.py:3096} INFO - Sync 1 DAGs
[2024-05-21T19:55:15.263+0000] {logging_mixin.py:188} INFO - [2024-05-21T19:55:15.262+0000] {dag.py:3954} INFO - Setting next_dagrun for example_branch_labels to 2024-05-20 00:00:00+00:00, run_after=2024-05-21 00:00:00+00:00
[2024-05-21T19:55:15.380+0000] {processor.py:183} INFO - Processing /home/airflow/.local/lib/python3.12/site-packages/airflow/example_dags/example_branch_labels.py took 0.322 seconds
[2024-05-21T19:55:45.672+0000] {processor.py:161} INFO - Started process (PID=166) to work on /home/airflow/.local/lib/python3.12/site-packages/airflow/example_dags/example_branch_labels.py
[2024-05-21T19:55:45.674+0000] {processor.py:830} INFO - Processing file /home/airflow/.local/lib/python3.12/site-packages/airflow/example_dags/example_branch_labels.py for tasks to queue
[2024-05-21T19:55:45.678+0000] {logging_mixin.py:188} INFO - [2024-05-21T19:55:45.678+0000] {dagbag.py:545} INFO - Filling up the DagBag from /home/airflow/.local/lib/python3.12/site-packages/airflow/example_dags/example_branch_labels.py
[2024-05-21T19:55:45.695+0000] {processor.py:840} INFO - DAG(s) 'example_branch_labels' retrieved from /home/airflow/.local/lib/python3.12/site-packages/airflow/example_dags/example_branch_labels.py
[2024-05-21T19:55:45.743+0000] {logging_mixin.py:188} INFO - [2024-05-21T19:55:45.742+0000] {dag.py:3096} INFO - Sync 1 DAGs
[2024-05-21T19:55:45.789+0000] {logging_mixin.py:188} INFO - [2024-05-21T19:55:45.789+0000] {dag.py:3954} INFO - Setting next_dagrun for example_branch_labels to 2024-05-20 00:00:00+00:00, run_after=2024-05-21 00:00:00+00:00
[2024-05-21T19:55:45.829+0000] {processor.py:183} INFO - Processing /home/airflow/.local/lib/python3.12/site-packages/airflow/example_dags/example_branch_labels.py took 0.180 seconds
[2024-05-21T19:56:16.277+0000] {processor.py:161} INFO - Started process (PID=226) to work on /home/airflow/.local/lib/python3.12/site-packages/airflow/example_dags/example_branch_labels.py
[2024-05-21T19:56:16.280+0000] {processor.py:830} INFO - Processing file /home/airflow/.local/lib/python3.12/site-packages/airflow/example_dags/example_branch_labels.py for tasks to queue
[2024-05-21T19:56:16.287+0000] {logging_mixin.py:188} INFO - [2024-05-21T19:56:16.286+0000] {dagbag.py:545} INFO - Filling up the DagBag from /home/airflow/.local/lib/python3.12/site-packages/airflow/example_dags/example_branch_labels.py
[2024-05-21T19:56:16.313+0000] {processor.py:840} INFO - DAG(s) 'example_branch_labels' retrieved from /home/airflow/.local/lib/python3.12/site-packages/airflow/example_dags/example_branch_labels.py
[2024-05-21T19:56:16.380+0000] {logging_mixin.py:188} INFO - [2024-05-21T19:56:16.379+0000] {dag.py:3096} INFO - Sync 1 DAGs
[2024-05-21T19:56:16.476+0000] {logging_mixin.py:188} INFO - [2024-05-21T19:56:16.475+0000] {dag.py:3954} INFO - Setting next_dagrun for example_branch_labels to 2024-05-20 00:00:00+00:00, run_after=2024-05-21 00:00:00+00:00
[2024-05-21T19:56:16.611+0000] {processor.py:183} INFO - Processing /home/airflow/.local/lib/python3.12/site-packages/airflow/example_dags/example_branch_labels.py took 0.351 seconds
[2024-05-21T19:56:47.268+0000] {processor.py:161} INFO - Started process (PID=286) to work on /home/airflow/.local/lib/python3.12/site-packages/airflow/example_dags/example_branch_labels.py
[2024-05-21T19:56:47.270+0000] {processor.py:830} INFO - Processing file /home/airflow/.local/lib/python3.12/site-packages/airflow/example_dags/example_branch_labels.py for tasks to queue
[2024-05-21T19:56:47.274+0000] {logging_mixin.py:188} INFO - [2024-05-21T19:56:47.274+0000] {dagbag.py:545} INFO - Filling up the DagBag from /home/airflow/.local/lib/python3.12/site-packages/airflow/example_dags/example_branch_labels.py
[2024-05-21T19:56:47.289+0000] {processor.py:840} INFO - DAG(s) 'example_branch_labels' retrieved from /home/airflow/.local/lib/python3.12/site-packages/airflow/example_dags/example_branch_labels.py
[2024-05-21T19:56:47.348+0000] {logging_mixin.py:188} INFO - [2024-05-21T19:56:47.347+0000] {dag.py:3096} INFO - Sync 1 DAGs
[2024-05-21T19:56:47.415+0000] {logging_mixin.py:188} INFO - [2024-05-21T19:56:47.414+0000] {dag.py:3954} INFO - Setting next_dagrun for example_branch_labels to 2024-05-20 00:00:00+00:00, run_after=2024-05-21 00:00:00+00:00
[2024-05-21T19:56:47.491+0000] {processor.py:183} INFO - Processing /home/airflow/.local/lib/python3.12/site-packages/airflow/example_dags/example_branch_labels.py took 0.234 seconds
[2024-05-21T19:57:17.647+0000] {processor.py:161} INFO - Started process (PID=344) to work on /home/airflow/.local/lib/python3.12/site-packages/airflow/example_dags/example_branch_labels.py
[2024-05-21T19:57:17.649+0000] {processor.py:830} INFO - Processing file /home/airflow/.local/lib/python3.12/site-packages/airflow/example_dags/example_branch_labels.py for tasks to queue
[2024-05-21T19:57:17.656+0000] {logging_mixin.py:188} INFO - [2024-05-21T19:57:17.654+0000] {dagbag.py:545} INFO - Filling up the DagBag from /home/airflow/.local/lib/python3.12/site-packages/airflow/example_dags/example_branch_labels.py
[2024-05-21T19:57:17.677+0000] {processor.py:840} INFO - DAG(s) 'example_branch_labels' retrieved from /home/airflow/.local/lib/python3.12/site-packages/airflow/example_dags/example_branch_labels.py
[2024-05-21T19:57:17.736+0000] {logging_mixin.py:188} INFO - [2024-05-21T19:57:17.735+0000] {dag.py:3096} INFO - Sync 1 DAGs
[2024-05-21T19:57:17.810+0000] {logging_mixin.py:188} INFO - [2024-05-21T19:57:17.808+0000] {dag.py:3954} INFO - Setting next_dagrun for example_branch_labels to 2024-05-20 00:00:00+00:00, run_after=2024-05-21 00:00:00+00:00
[2024-05-21T19:57:17.871+0000] {processor.py:183} INFO - Processing /home/airflow/.local/lib/python3.12/site-packages/airflow/example_dags/example_branch_labels.py took 0.253 seconds
[2024-05-21T19:57:48.132+0000] {processor.py:161} INFO - Started process (PID=404) to work on /home/airflow/.local/lib/python3.12/site-packages/airflow/example_dags/example_branch_labels.py
[2024-05-21T19:57:48.135+0000] {processor.py:830} INFO - Processing file /home/airflow/.local/lib/python3.12/site-packages/airflow/example_dags/example_branch_labels.py for tasks to queue
[2024-05-21T19:57:48.141+0000] {logging_mixin.py:188} INFO - [2024-05-21T19:57:48.140+0000] {dagbag.py:545} INFO - Filling up the DagBag from /home/airflow/.local/lib/python3.12/site-packages/airflow/example_dags/example_branch_labels.py
[2024-05-21T19:57:48.162+0000] {processor.py:840} INFO - DAG(s) 'example_branch_labels' retrieved from /home/airflow/.local/lib/python3.12/site-packages/airflow/example_dags/example_branch_labels.py
[2024-05-21T19:57:48.269+0000] {logging_mixin.py:188} INFO - [2024-05-21T19:57:48.268+0000] {dag.py:3096} INFO - Sync 1 DAGs
[2024-05-21T19:57:48.367+0000] {logging_mixin.py:188} INFO - [2024-05-21T19:57:48.366+0000] {dag.py:3954} INFO - Setting next_dagrun for example_branch_labels to 2024-05-20 00:00:00+00:00, run_after=2024-05-21 00:00:00+00:00
[2024-05-21T19:57:48.412+0000] {processor.py:183} INFO - Processing /home/airflow/.local/lib/python3.12/site-packages/airflow/example_dags/example_branch_labels.py took 0.296 seconds
[2024-05-21T19:58:18.689+0000] {processor.py:161} INFO - Started process (PID=464) to work on /home/airflow/.local/lib/python3.12/site-packages/airflow/example_dags/example_branch_labels.py
[2024-05-21T19:58:18.691+0000] {processor.py:830} INFO - Processing file /home/airflow/.local/lib/python3.12/site-packages/airflow/example_dags/example_branch_labels.py for tasks to queue
[2024-05-21T19:58:18.695+0000] {logging_mixin.py:188} INFO - [2024-05-21T19:58:18.694+0000] {dagbag.py:545} INFO - Filling up the DagBag from /home/airflow/.local/lib/python3.12/site-packages/airflow/example_dags/example_branch_labels.py
[2024-05-21T19:58:18.727+0000] {processor.py:840} INFO - DAG(s) 'example_branch_labels' retrieved from /home/airflow/.local/lib/python3.12/site-packages/airflow/example_dags/example_branch_labels.py
[2024-05-21T19:58:18.806+0000] {logging_mixin.py:188} INFO - [2024-05-21T19:58:18.805+0000] {dag.py:3096} INFO - Sync 1 DAGs
[2024-05-21T19:58:18.889+0000] {logging_mixin.py:188} INFO - [2024-05-21T19:58:18.888+0000] {dag.py:3954} INFO - Setting next_dagrun for example_branch_labels to 2024-05-20 00:00:00+00:00, run_after=2024-05-21 00:00:00+00:00
[2024-05-21T19:58:18.943+0000] {processor.py:183} INFO - Processing /home/airflow/.local/lib/python3.12/site-packages/airflow/example_dags/example_branch_labels.py took 0.275 seconds
[2024-05-21T19:58:49.272+0000] {processor.py:161} INFO - Started process (PID=524) to work on /home/airflow/.local/lib/python3.12/site-packages/airflow/example_dags/example_branch_labels.py
[2024-05-21T19:58:49.274+0000] {processor.py:830} INFO - Processing file /home/airflow/.local/lib/python3.12/site-packages/airflow/example_dags/example_branch_labels.py for tasks to queue
[2024-05-21T19:58:49.278+0000] {logging_mixin.py:188} INFO - [2024-05-21T19:58:49.277+0000] {dagbag.py:545} INFO - Filling up the DagBag from /home/airflow/.local/lib/python3.12/site-packages/airflow/example_dags/example_branch_labels.py
[2024-05-21T19:58:49.320+0000] {processor.py:840} INFO - DAG(s) 'example_branch_labels' retrieved from /home/airflow/.local/lib/python3.12/site-packages/airflow/example_dags/example_branch_labels.py
[2024-05-21T19:58:49.369+0000] {logging_mixin.py:188} INFO - [2024-05-21T19:58:49.368+0000] {dag.py:3096} INFO - Sync 1 DAGs
[2024-05-21T19:58:49.422+0000] {logging_mixin.py:188} INFO - [2024-05-21T19:58:49.421+0000] {dag.py:3954} INFO - Setting next_dagrun for example_branch_labels to 2024-05-20 00:00:00+00:00, run_after=2024-05-21 00:00:00+00:00
[2024-05-21T19:58:49.489+0000] {processor.py:183} INFO - Processing /home/airflow/.local/lib/python3.12/site-packages/airflow/example_dags/example_branch_labels.py took 0.238 seconds
[2024-05-21T19:59:19.856+0000] {processor.py:161} INFO - Started process (PID=584) to work on /home/airflow/.local/lib/python3.12/site-packages/airflow/example_dags/example_branch_labels.py
[2024-05-21T19:59:19.859+0000] {processor.py:830} INFO - Processing file /home/airflow/.local/lib/python3.12/site-packages/airflow/example_dags/example_branch_labels.py for tasks to queue
[2024-05-21T19:59:19.865+0000] {logging_mixin.py:188} INFO - [2024-05-21T19:59:19.864+0000] {dagbag.py:545} INFO - Filling up the DagBag from /home/airflow/.local/lib/python3.12/site-packages/airflow/example_dags/example_branch_labels.py
[2024-05-21T19:59:19.883+0000] {processor.py:840} INFO - DAG(s) 'example_branch_labels' retrieved from /home/airflow/.local/lib/python3.12/site-packages/airflow/example_dags/example_branch_labels.py
[2024-05-21T19:59:19.953+0000] {logging_mixin.py:188} INFO - [2024-05-21T19:59:19.953+0000] {dag.py:3096} INFO - Sync 1 DAGs
[2024-05-21T19:59:20.021+0000] {logging_mixin.py:188} INFO - [2024-05-21T19:59:20.020+0000] {dag.py:3954} INFO - Setting next_dagrun for example_branch_labels to 2024-05-20 00:00:00+00:00, run_after=2024-05-21 00:00:00+00:00
[2024-05-21T19:59:20.133+0000] {processor.py:183} INFO - Processing /home/airflow/.local/lib/python3.12/site-packages/airflow/example_dags/example_branch_labels.py took 0.292 seconds
[2024-05-21T19:59:50.843+0000] {processor.py:161} INFO - Started process (PID=644) to work on /home/airflow/.local/lib/python3.12/site-packages/airflow/example_dags/example_branch_labels.py
[2024-05-21T19:59:50.845+0000] {processor.py:830} INFO - Processing file /home/airflow/.local/lib/python3.12/site-packages/airflow/example_dags/example_branch_labels.py for tasks to queue
[2024-05-21T19:59:50.849+0000] {logging_mixin.py:188} INFO - [2024-05-21T19:59:50.848+0000] {dagbag.py:545} INFO - Filling up the DagBag from /home/airflow/.local/lib/python3.12/site-packages/airflow/example_dags/example_branch_labels.py
[2024-05-21T19:59:50.867+0000] {processor.py:840} INFO - DAG(s) 'example_branch_labels' retrieved from /home/airflow/.local/lib/python3.12/site-packages/airflow/example_dags/example_branch_labels.py
[2024-05-21T19:59:50.920+0000] {logging_mixin.py:188} INFO - [2024-05-21T19:59:50.920+0000] {dag.py:3096} INFO - Sync 1 DAGs
[2024-05-21T19:59:50.979+0000] {logging_mixin.py:188} INFO - [2024-05-21T19:59:50.978+0000] {dag.py:3954} INFO - Setting next_dagrun for example_branch_labels to 2024-05-20 00:00:00+00:00, run_after=2024-05-21 00:00:00+00:00
[2024-05-21T19:59:51.049+0000] {processor.py:183} INFO - Processing /home/airflow/.local/lib/python3.12/site-packages/airflow/example_dags/example_branch_labels.py took 0.216 seconds
[2024-05-21T20:00:21.953+0000] {processor.py:161} INFO - Started process (PID=704) to work on /home/airflow/.local/lib/python3.12/site-packages/airflow/example_dags/example_branch_labels.py
[2024-05-21T20:00:21.956+0000] {processor.py:830} INFO - Processing file /home/airflow/.local/lib/python3.12/site-packages/airflow/example_dags/example_branch_labels.py for tasks to queue
[2024-05-21T20:00:21.966+0000] {logging_mixin.py:188} INFO - [2024-05-21T20:00:21.965+0000] {dagbag.py:545} INFO - Filling up the DagBag from /home/airflow/.local/lib/python3.12/site-packages/airflow/example_dags/example_branch_labels.py
[2024-05-21T20:00:21.999+0000] {processor.py:840} INFO - DAG(s) 'example_branch_labels' retrieved from /home/airflow/.local/lib/python3.12/site-packages/airflow/example_dags/example_branch_labels.py
[2024-05-21T20:00:22.095+0000] {logging_mixin.py:188} INFO - [2024-05-21T20:00:22.093+0000] {dag.py:3096} INFO - Sync 1 DAGs
[2024-05-21T20:00:22.207+0000] {logging_mixin.py:188} INFO - [2024-05-21T20:00:22.206+0000] {dag.py:3954} INFO - Setting next_dagrun for example_branch_labels to 2024-05-20 00:00:00+00:00, run_after=2024-05-21 00:00:00+00:00
[2024-05-21T20:00:22.299+0000] {processor.py:183} INFO - Processing /home/airflow/.local/lib/python3.12/site-packages/airflow/example_dags/example_branch_labels.py took 0.370 seconds
[2024-05-21T20:00:53.009+0000] {processor.py:161} INFO - Started process (PID=764) to work on /home/airflow/.local/lib/python3.12/site-packages/airflow/example_dags/example_branch_labels.py
[2024-05-21T20:00:53.012+0000] {processor.py:830} INFO - Processing file /home/airflow/.local/lib/python3.12/site-packages/airflow/example_dags/example_branch_labels.py for tasks to queue
[2024-05-21T20:00:53.017+0000] {logging_mixin.py:188} INFO - [2024-05-21T20:00:53.016+0000] {dagbag.py:545} INFO - Filling up the DagBag from /home/airflow/.local/lib/python3.12/site-packages/airflow/example_dags/example_branch_labels.py
[2024-05-21T20:00:53.039+0000] {processor.py:840} INFO - DAG(s) 'example_branch_labels' retrieved from /home/airflow/.local/lib/python3.12/site-packages/airflow/example_dags/example_branch_labels.py
[2024-05-21T20:00:53.113+0000] {logging_mixin.py:188} INFO - [2024-05-21T20:00:53.112+0000] {dag.py:3096} INFO - Sync 1 DAGs
[2024-05-21T20:00:53.189+0000] {logging_mixin.py:188} INFO - [2024-05-21T20:00:53.188+0000] {dag.py:3954} INFO - Setting next_dagrun for example_branch_labels to 2024-05-20 00:00:00+00:00, run_after=2024-05-21 00:00:00+00:00
[2024-05-21T20:00:53.249+0000] {processor.py:183} INFO - Processing /home/airflow/.local/lib/python3.12/site-packages/airflow/example_dags/example_branch_labels.py took 0.256 seconds
[2024-05-21T20:01:23.573+0000] {processor.py:161} INFO - Started process (PID=824) to work on /home/airflow/.local/lib/python3.12/site-packages/airflow/example_dags/example_branch_labels.py
[2024-05-21T20:01:23.577+0000] {processor.py:830} INFO - Processing file /home/airflow/.local/lib/python3.12/site-packages/airflow/example_dags/example_branch_labels.py for tasks to queue
[2024-05-21T20:01:23.584+0000] {logging_mixin.py:188} INFO - [2024-05-21T20:01:23.583+0000] {dagbag.py:545} INFO - Filling up the DagBag from /home/airflow/.local/lib/python3.12/site-packages/airflow/example_dags/example_branch_labels.py
[2024-05-21T20:01:23.602+0000] {processor.py:840} INFO - DAG(s) 'example_branch_labels' retrieved from /home/airflow/.local/lib/python3.12/site-packages/airflow/example_dags/example_branch_labels.py
[2024-05-21T20:01:23.664+0000] {logging_mixin.py:188} INFO - [2024-05-21T20:01:23.662+0000] {dag.py:3096} INFO - Sync 1 DAGs
[2024-05-21T20:01:23.732+0000] {logging_mixin.py:188} INFO - [2024-05-21T20:01:23.731+0000] {dag.py:3954} INFO - Setting next_dagrun for example_branch_labels to 2024-05-20 00:00:00+00:00, run_after=2024-05-21 00:00:00+00:00
[2024-05-21T20:01:23.784+0000] {processor.py:183} INFO - Processing /home/airflow/.local/lib/python3.12/site-packages/airflow/example_dags/example_branch_labels.py took 0.227 seconds
[2024-05-21T20:01:53.987+0000] {processor.py:161} INFO - Started process (PID=884) to work on /home/airflow/.local/lib/python3.12/site-packages/airflow/example_dags/example_branch_labels.py
[2024-05-21T20:01:53.990+0000] {processor.py:830} INFO - Processing file /home/airflow/.local/lib/python3.12/site-packages/airflow/example_dags/example_branch_labels.py for tasks to queue
[2024-05-21T20:01:53.997+0000] {logging_mixin.py:188} INFO - [2024-05-21T20:01:53.996+0000] {dagbag.py:545} INFO - Filling up the DagBag from /home/airflow/.local/lib/python3.12/site-packages/airflow/example_dags/example_branch_labels.py
[2024-05-21T20:01:54.027+0000] {processor.py:840} INFO - DAG(s) 'example_branch_labels' retrieved from /home/airflow/.local/lib/python3.12/site-packages/airflow/example_dags/example_branch_labels.py
[2024-05-21T20:01:54.093+0000] {logging_mixin.py:188} INFO - [2024-05-21T20:01:54.092+0000] {dag.py:3096} INFO - Sync 1 DAGs
[2024-05-21T20:01:54.188+0000] {logging_mixin.py:188} INFO - [2024-05-21T20:01:54.187+0000] {dag.py:3954} INFO - Setting next_dagrun for example_branch_labels to 2024-05-20 00:00:00+00:00, run_after=2024-05-21 00:00:00+00:00
[2024-05-21T20:01:54.242+0000] {processor.py:183} INFO - Processing /home/airflow/.local/lib/python3.12/site-packages/airflow/example_dags/example_branch_labels.py took 0.275 seconds
[2024-05-21T20:02:24.469+0000] {processor.py:161} INFO - Started process (PID=944) to work on /home/airflow/.local/lib/python3.12/site-packages/airflow/example_dags/example_branch_labels.py
[2024-05-21T20:02:24.472+0000] {processor.py:830} INFO - Processing file /home/airflow/.local/lib/python3.12/site-packages/airflow/example_dags/example_branch_labels.py for tasks to queue
[2024-05-21T20:02:24.483+0000] {logging_mixin.py:188} INFO - [2024-05-21T20:02:24.482+0000] {dagbag.py:545} INFO - Filling up the DagBag from /home/airflow/.local/lib/python3.12/site-packages/airflow/example_dags/example_branch_labels.py
[2024-05-21T20:02:24.506+0000] {processor.py:840} INFO - DAG(s) 'example_branch_labels' retrieved from /home/airflow/.local/lib/python3.12/site-packages/airflow/example_dags/example_branch_labels.py
[2024-05-21T20:02:24.567+0000] {logging_mixin.py:188} INFO - [2024-05-21T20:02:24.567+0000] {dag.py:3096} INFO - Sync 1 DAGs
[2024-05-21T20:02:24.641+0000] {logging_mixin.py:188} INFO - [2024-05-21T20:02:24.640+0000] {dag.py:3954} INFO - Setting next_dagrun for example_branch_labels to 2024-05-20 00:00:00+00:00, run_after=2024-05-21 00:00:00+00:00
[2024-05-21T20:02:24.702+0000] {processor.py:183} INFO - Processing /home/airflow/.local/lib/python3.12/site-packages/airflow/example_dags/example_branch_labels.py took 0.245 seconds
