[2024-05-21T19:29:09.434+0000] {processor.py:161} INFO - Started process (PID=76) to work on /home/airflow/.local/lib/python3.12/site-packages/airflow/example_dags/example_latest_only_with_trigger.py
[2024-05-21T19:29:09.437+0000] {processor.py:830} INFO - Processing file /home/airflow/.local/lib/python3.12/site-packages/airflow/example_dags/example_latest_only_with_trigger.py for tasks to queue
[2024-05-21T19:29:09.444+0000] {logging_mixin.py:188} INFO - [2024-05-21T19:29:09.443+0000] {dagbag.py:545} INFO - Filling up the DagBag from /home/airflow/.local/lib/python3.12/site-packages/airflow/example_dags/example_latest_only_with_trigger.py
[2024-05-21T19:29:09.460+0000] {processor.py:840} INFO - DAG(s) 'latest_only_with_trigger' retrieved from /home/airflow/.local/lib/python3.12/site-packages/airflow/example_dags/example_latest_only_with_trigger.py
[2024-05-21T19:29:09.799+0000] {logging_mixin.py:188} INFO - [2024-05-21T19:29:09.798+0000] {dag.py:3096} INFO - Sync 1 DAGs
[2024-05-21T19:29:09.860+0000] {logging_mixin.py:188} INFO - [2024-05-21T19:29:09.858+0000] {dag.py:3954} INFO - Setting next_dagrun for latest_only_with_trigger to 2024-05-21 12:00:00+00:00, run_after=2024-05-21 16:00:00+00:00
[2024-05-21T19:29:09.922+0000] {processor.py:183} INFO - Processing /home/airflow/.local/lib/python3.12/site-packages/airflow/example_dags/example_latest_only_with_trigger.py took 0.508 seconds
[2024-05-21T19:29:40.429+0000] {processor.py:161} INFO - Started process (PID=136) to work on /home/airflow/.local/lib/python3.12/site-packages/airflow/example_dags/example_latest_only_with_trigger.py
[2024-05-21T19:29:40.432+0000] {processor.py:830} INFO - Processing file /home/airflow/.local/lib/python3.12/site-packages/airflow/example_dags/example_latest_only_with_trigger.py for tasks to queue
[2024-05-21T19:29:40.448+0000] {logging_mixin.py:188} INFO - [2024-05-21T19:29:40.443+0000] {dagbag.py:545} INFO - Filling up the DagBag from /home/airflow/.local/lib/python3.12/site-packages/airflow/example_dags/example_latest_only_with_trigger.py
[2024-05-21T19:29:40.467+0000] {processor.py:840} INFO - DAG(s) 'latest_only_with_trigger' retrieved from /home/airflow/.local/lib/python3.12/site-packages/airflow/example_dags/example_latest_only_with_trigger.py
[2024-05-21T19:29:40.563+0000] {logging_mixin.py:188} INFO - [2024-05-21T19:29:40.562+0000] {dag.py:3096} INFO - Sync 1 DAGs
[2024-05-21T19:29:40.632+0000] {logging_mixin.py:188} INFO - [2024-05-21T19:29:40.631+0000] {dag.py:3954} INFO - Setting next_dagrun for latest_only_with_trigger to 2024-05-21 12:00:00+00:00, run_after=2024-05-21 16:00:00+00:00
[2024-05-21T19:29:40.692+0000] {processor.py:183} INFO - Processing /home/airflow/.local/lib/python3.12/site-packages/airflow/example_dags/example_latest_only_with_trigger.py took 0.278 seconds
[2024-05-21T19:30:10.991+0000] {processor.py:161} INFO - Started process (PID=196) to work on /home/airflow/.local/lib/python3.12/site-packages/airflow/example_dags/example_latest_only_with_trigger.py
[2024-05-21T19:30:10.996+0000] {processor.py:830} INFO - Processing file /home/airflow/.local/lib/python3.12/site-packages/airflow/example_dags/example_latest_only_with_trigger.py for tasks to queue
[2024-05-21T19:30:11.002+0000] {logging_mixin.py:188} INFO - [2024-05-21T19:30:11.001+0000] {dagbag.py:545} INFO - Filling up the DagBag from /home/airflow/.local/lib/python3.12/site-packages/airflow/example_dags/example_latest_only_with_trigger.py
[2024-05-21T19:30:11.019+0000] {processor.py:840} INFO - DAG(s) 'latest_only_with_trigger' retrieved from /home/airflow/.local/lib/python3.12/site-packages/airflow/example_dags/example_latest_only_with_trigger.py
[2024-05-21T19:30:11.087+0000] {logging_mixin.py:188} INFO - [2024-05-21T19:30:11.086+0000] {dag.py:3096} INFO - Sync 1 DAGs
[2024-05-21T19:30:11.204+0000] {logging_mixin.py:188} INFO - [2024-05-21T19:30:11.203+0000] {dag.py:3954} INFO - Setting next_dagrun for latest_only_with_trigger to 2024-05-21 12:00:00+00:00, run_after=2024-05-21 16:00:00+00:00
[2024-05-21T19:30:11.317+0000] {processor.py:183} INFO - Processing /home/airflow/.local/lib/python3.12/site-packages/airflow/example_dags/example_latest_only_with_trigger.py took 0.345 seconds
[2024-05-21T19:30:41.502+0000] {processor.py:161} INFO - Started process (PID=256) to work on /home/airflow/.local/lib/python3.12/site-packages/airflow/example_dags/example_latest_only_with_trigger.py
[2024-05-21T19:30:41.504+0000] {processor.py:830} INFO - Processing file /home/airflow/.local/lib/python3.12/site-packages/airflow/example_dags/example_latest_only_with_trigger.py for tasks to queue
[2024-05-21T19:30:41.510+0000] {logging_mixin.py:188} INFO - [2024-05-21T19:30:41.509+0000] {dagbag.py:545} INFO - Filling up the DagBag from /home/airflow/.local/lib/python3.12/site-packages/airflow/example_dags/example_latest_only_with_trigger.py
[2024-05-21T19:30:41.529+0000] {processor.py:840} INFO - DAG(s) 'latest_only_with_trigger' retrieved from /home/airflow/.local/lib/python3.12/site-packages/airflow/example_dags/example_latest_only_with_trigger.py
[2024-05-21T19:30:41.583+0000] {logging_mixin.py:188} INFO - [2024-05-21T19:30:41.583+0000] {dag.py:3096} INFO - Sync 1 DAGs
[2024-05-21T19:30:41.645+0000] {logging_mixin.py:188} INFO - [2024-05-21T19:30:41.644+0000] {dag.py:3954} INFO - Setting next_dagrun for latest_only_with_trigger to 2024-05-21 12:00:00+00:00, run_after=2024-05-21 16:00:00+00:00
[2024-05-21T19:30:41.701+0000] {processor.py:183} INFO - Processing /home/airflow/.local/lib/python3.12/site-packages/airflow/example_dags/example_latest_only_with_trigger.py took 0.213 seconds
[2024-05-21T19:31:12.784+0000] {processor.py:161} INFO - Started process (PID=316) to work on /home/airflow/.local/lib/python3.12/site-packages/airflow/example_dags/example_latest_only_with_trigger.py
[2024-05-21T19:31:12.787+0000] {processor.py:830} INFO - Processing file /home/airflow/.local/lib/python3.12/site-packages/airflow/example_dags/example_latest_only_with_trigger.py for tasks to queue
[2024-05-21T19:31:12.795+0000] {logging_mixin.py:188} INFO - [2024-05-21T19:31:12.795+0000] {dagbag.py:545} INFO - Filling up the DagBag from /home/airflow/.local/lib/python3.12/site-packages/airflow/example_dags/example_latest_only_with_trigger.py
[2024-05-21T19:31:12.817+0000] {processor.py:840} INFO - DAG(s) 'latest_only_with_trigger' retrieved from /home/airflow/.local/lib/python3.12/site-packages/airflow/example_dags/example_latest_only_with_trigger.py
[2024-05-21T19:31:12.863+0000] {logging_mixin.py:188} INFO - [2024-05-21T19:31:12.862+0000] {dag.py:3096} INFO - Sync 1 DAGs
[2024-05-21T19:31:13.009+0000] {logging_mixin.py:188} INFO - [2024-05-21T19:31:13.008+0000] {dag.py:3954} INFO - Setting next_dagrun for latest_only_with_trigger to 2024-05-21 12:00:00+00:00, run_after=2024-05-21 16:00:00+00:00
[2024-05-21T19:31:13.139+0000] {processor.py:183} INFO - Processing /home/airflow/.local/lib/python3.12/site-packages/airflow/example_dags/example_latest_only_with_trigger.py took 0.389 seconds
[2024-05-21T19:31:43.976+0000] {processor.py:161} INFO - Started process (PID=376) to work on /home/airflow/.local/lib/python3.12/site-packages/airflow/example_dags/example_latest_only_with_trigger.py
[2024-05-21T19:31:43.979+0000] {processor.py:830} INFO - Processing file /home/airflow/.local/lib/python3.12/site-packages/airflow/example_dags/example_latest_only_with_trigger.py for tasks to queue
[2024-05-21T19:31:43.983+0000] {logging_mixin.py:188} INFO - [2024-05-21T19:31:43.982+0000] {dagbag.py:545} INFO - Filling up the DagBag from /home/airflow/.local/lib/python3.12/site-packages/airflow/example_dags/example_latest_only_with_trigger.py
[2024-05-21T19:31:43.996+0000] {processor.py:840} INFO - DAG(s) 'latest_only_with_trigger' retrieved from /home/airflow/.local/lib/python3.12/site-packages/airflow/example_dags/example_latest_only_with_trigger.py
[2024-05-21T19:31:44.053+0000] {logging_mixin.py:188} INFO - [2024-05-21T19:31:44.052+0000] {dag.py:3096} INFO - Sync 1 DAGs
[2024-05-21T19:31:44.104+0000] {logging_mixin.py:188} INFO - [2024-05-21T19:31:44.104+0000] {dag.py:3954} INFO - Setting next_dagrun for latest_only_with_trigger to 2024-05-21 12:00:00+00:00, run_after=2024-05-21 16:00:00+00:00
[2024-05-21T19:31:44.165+0000] {processor.py:183} INFO - Processing /home/airflow/.local/lib/python3.12/site-packages/airflow/example_dags/example_latest_only_with_trigger.py took 0.212 seconds
[2024-05-21T19:32:15.878+0000] {processor.py:161} INFO - Started process (PID=436) to work on /home/airflow/.local/lib/python3.12/site-packages/airflow/example_dags/example_latest_only_with_trigger.py
[2024-05-21T19:32:15.883+0000] {processor.py:830} INFO - Processing file /home/airflow/.local/lib/python3.12/site-packages/airflow/example_dags/example_latest_only_with_trigger.py for tasks to queue
[2024-05-21T19:32:15.896+0000] {logging_mixin.py:188} INFO - [2024-05-21T19:32:15.895+0000] {dagbag.py:545} INFO - Filling up the DagBag from /home/airflow/.local/lib/python3.12/site-packages/airflow/example_dags/example_latest_only_with_trigger.py
[2024-05-21T19:32:15.921+0000] {processor.py:840} INFO - DAG(s) 'latest_only_with_trigger' retrieved from /home/airflow/.local/lib/python3.12/site-packages/airflow/example_dags/example_latest_only_with_trigger.py
[2024-05-21T19:32:15.993+0000] {logging_mixin.py:188} INFO - [2024-05-21T19:32:15.992+0000] {dag.py:3096} INFO - Sync 1 DAGs
[2024-05-21T19:32:16.075+0000] {logging_mixin.py:188} INFO - [2024-05-21T19:32:16.074+0000] {dag.py:3954} INFO - Setting next_dagrun for latest_only_with_trigger to 2024-05-21 12:00:00+00:00, run_after=2024-05-21 16:00:00+00:00
[2024-05-21T19:32:16.160+0000] {processor.py:183} INFO - Processing /home/airflow/.local/lib/python3.12/site-packages/airflow/example_dags/example_latest_only_with_trigger.py took 0.296 seconds
[2024-05-21T19:32:49.458+0000] {processor.py:161} INFO - Started process (PID=503) to work on /home/airflow/.local/lib/python3.12/site-packages/airflow/example_dags/example_latest_only_with_trigger.py
[2024-05-21T19:32:49.462+0000] {processor.py:830} INFO - Processing file /home/airflow/.local/lib/python3.12/site-packages/airflow/example_dags/example_latest_only_with_trigger.py for tasks to queue
[2024-05-21T19:32:49.471+0000] {logging_mixin.py:188} INFO - [2024-05-21T19:32:49.470+0000] {dagbag.py:545} INFO - Filling up the DagBag from /home/airflow/.local/lib/python3.12/site-packages/airflow/example_dags/example_latest_only_with_trigger.py
[2024-05-21T19:32:49.490+0000] {processor.py:840} INFO - DAG(s) 'latest_only_with_trigger' retrieved from /home/airflow/.local/lib/python3.12/site-packages/airflow/example_dags/example_latest_only_with_trigger.py
[2024-05-21T19:32:49.589+0000] {logging_mixin.py:188} INFO - [2024-05-21T19:32:49.588+0000] {dag.py:3096} INFO - Sync 1 DAGs
[2024-05-21T19:32:49.703+0000] {logging_mixin.py:188} INFO - [2024-05-21T19:32:49.702+0000] {dag.py:3954} INFO - Setting next_dagrun for latest_only_with_trigger to 2024-05-21 12:00:00+00:00, run_after=2024-05-21 16:00:00+00:00
[2024-05-21T19:32:49.777+0000] {processor.py:183} INFO - Processing /home/airflow/.local/lib/python3.12/site-packages/airflow/example_dags/example_latest_only_with_trigger.py took 0.347 seconds
[2024-05-21T19:33:20.473+0000] {processor.py:161} INFO - Started process (PID=563) to work on /home/airflow/.local/lib/python3.12/site-packages/airflow/example_dags/example_latest_only_with_trigger.py
[2024-05-21T19:33:20.477+0000] {processor.py:830} INFO - Processing file /home/airflow/.local/lib/python3.12/site-packages/airflow/example_dags/example_latest_only_with_trigger.py for tasks to queue
[2024-05-21T19:33:20.482+0000] {logging_mixin.py:188} INFO - [2024-05-21T19:33:20.482+0000] {dagbag.py:545} INFO - Filling up the DagBag from /home/airflow/.local/lib/python3.12/site-packages/airflow/example_dags/example_latest_only_with_trigger.py
[2024-05-21T19:33:20.499+0000] {processor.py:840} INFO - DAG(s) 'latest_only_with_trigger' retrieved from /home/airflow/.local/lib/python3.12/site-packages/airflow/example_dags/example_latest_only_with_trigger.py
[2024-05-21T19:33:20.562+0000] {logging_mixin.py:188} INFO - [2024-05-21T19:33:20.560+0000] {dag.py:3096} INFO - Sync 1 DAGs
[2024-05-21T19:33:20.620+0000] {logging_mixin.py:188} INFO - [2024-05-21T19:33:20.619+0000] {dag.py:3954} INFO - Setting next_dagrun for latest_only_with_trigger to 2024-05-21 12:00:00+00:00, run_after=2024-05-21 16:00:00+00:00
[2024-05-21T19:33:20.699+0000] {processor.py:183} INFO - Processing /home/airflow/.local/lib/python3.12/site-packages/airflow/example_dags/example_latest_only_with_trigger.py took 0.239 seconds
[2024-05-21T19:33:51.155+0000] {processor.py:161} INFO - Started process (PID=623) to work on /home/airflow/.local/lib/python3.12/site-packages/airflow/example_dags/example_latest_only_with_trigger.py
[2024-05-21T19:33:51.157+0000] {processor.py:830} INFO - Processing file /home/airflow/.local/lib/python3.12/site-packages/airflow/example_dags/example_latest_only_with_trigger.py for tasks to queue
[2024-05-21T19:33:51.163+0000] {logging_mixin.py:188} INFO - [2024-05-21T19:33:51.162+0000] {dagbag.py:545} INFO - Filling up the DagBag from /home/airflow/.local/lib/python3.12/site-packages/airflow/example_dags/example_latest_only_with_trigger.py
[2024-05-21T19:33:51.175+0000] {processor.py:840} INFO - DAG(s) 'latest_only_with_trigger' retrieved from /home/airflow/.local/lib/python3.12/site-packages/airflow/example_dags/example_latest_only_with_trigger.py
[2024-05-21T19:33:51.227+0000] {logging_mixin.py:188} INFO - [2024-05-21T19:33:51.227+0000] {dag.py:3096} INFO - Sync 1 DAGs
[2024-05-21T19:33:51.286+0000] {logging_mixin.py:188} INFO - [2024-05-21T19:33:51.285+0000] {dag.py:3954} INFO - Setting next_dagrun for latest_only_with_trigger to 2024-05-21 12:00:00+00:00, run_after=2024-05-21 16:00:00+00:00
[2024-05-21T19:33:51.354+0000] {processor.py:183} INFO - Processing /home/airflow/.local/lib/python3.12/site-packages/airflow/example_dags/example_latest_only_with_trigger.py took 0.213 seconds
[2024-05-21T19:34:22.361+0000] {processor.py:161} INFO - Started process (PID=683) to work on /home/airflow/.local/lib/python3.12/site-packages/airflow/example_dags/example_latest_only_with_trigger.py
[2024-05-21T19:34:22.363+0000] {processor.py:830} INFO - Processing file /home/airflow/.local/lib/python3.12/site-packages/airflow/example_dags/example_latest_only_with_trigger.py for tasks to queue
[2024-05-21T19:34:22.369+0000] {logging_mixin.py:188} INFO - [2024-05-21T19:34:22.368+0000] {dagbag.py:545} INFO - Filling up the DagBag from /home/airflow/.local/lib/python3.12/site-packages/airflow/example_dags/example_latest_only_with_trigger.py
[2024-05-21T19:34:22.392+0000] {processor.py:840} INFO - DAG(s) 'latest_only_with_trigger' retrieved from /home/airflow/.local/lib/python3.12/site-packages/airflow/example_dags/example_latest_only_with_trigger.py
[2024-05-21T19:34:22.460+0000] {logging_mixin.py:188} INFO - [2024-05-21T19:34:22.459+0000] {dag.py:3096} INFO - Sync 1 DAGs
[2024-05-21T19:34:22.560+0000] {logging_mixin.py:188} INFO - [2024-05-21T19:34:22.559+0000] {dag.py:3954} INFO - Setting next_dagrun for latest_only_with_trigger to 2024-05-21 12:00:00+00:00, run_after=2024-05-21 16:00:00+00:00
[2024-05-21T19:34:22.636+0000] {processor.py:183} INFO - Processing /home/airflow/.local/lib/python3.12/site-packages/airflow/example_dags/example_latest_only_with_trigger.py took 0.293 seconds
[2024-05-21T19:34:53.977+0000] {processor.py:161} INFO - Started process (PID=743) to work on /home/airflow/.local/lib/python3.12/site-packages/airflow/example_dags/example_latest_only_with_trigger.py
[2024-05-21T19:34:53.979+0000] {processor.py:830} INFO - Processing file /home/airflow/.local/lib/python3.12/site-packages/airflow/example_dags/example_latest_only_with_trigger.py for tasks to queue
[2024-05-21T19:34:53.983+0000] {logging_mixin.py:188} INFO - [2024-05-21T19:34:53.982+0000] {dagbag.py:545} INFO - Filling up the DagBag from /home/airflow/.local/lib/python3.12/site-packages/airflow/example_dags/example_latest_only_with_trigger.py
[2024-05-21T19:34:53.992+0000] {processor.py:840} INFO - DAG(s) 'latest_only_with_trigger' retrieved from /home/airflow/.local/lib/python3.12/site-packages/airflow/example_dags/example_latest_only_with_trigger.py
[2024-05-21T19:34:54.058+0000] {logging_mixin.py:188} INFO - [2024-05-21T19:34:54.056+0000] {dag.py:3096} INFO - Sync 1 DAGs
[2024-05-21T19:34:54.121+0000] {logging_mixin.py:188} INFO - [2024-05-21T19:34:54.121+0000] {dag.py:3954} INFO - Setting next_dagrun for latest_only_with_trigger to 2024-05-21 12:00:00+00:00, run_after=2024-05-21 16:00:00+00:00
[2024-05-21T19:34:54.210+0000] {processor.py:183} INFO - Processing /home/airflow/.local/lib/python3.12/site-packages/airflow/example_dags/example_latest_only_with_trigger.py took 0.246 seconds
[2024-05-21T19:35:25.300+0000] {processor.py:161} INFO - Started process (PID=803) to work on /home/airflow/.local/lib/python3.12/site-packages/airflow/example_dags/example_latest_only_with_trigger.py
[2024-05-21T19:35:25.302+0000] {processor.py:830} INFO - Processing file /home/airflow/.local/lib/python3.12/site-packages/airflow/example_dags/example_latest_only_with_trigger.py for tasks to queue
[2024-05-21T19:35:25.308+0000] {logging_mixin.py:188} INFO - [2024-05-21T19:35:25.307+0000] {dagbag.py:545} INFO - Filling up the DagBag from /home/airflow/.local/lib/python3.12/site-packages/airflow/example_dags/example_latest_only_with_trigger.py
[2024-05-21T19:35:25.332+0000] {processor.py:840} INFO - DAG(s) 'latest_only_with_trigger' retrieved from /home/airflow/.local/lib/python3.12/site-packages/airflow/example_dags/example_latest_only_with_trigger.py
[2024-05-21T19:35:25.392+0000] {logging_mixin.py:188} INFO - [2024-05-21T19:35:25.391+0000] {dag.py:3096} INFO - Sync 1 DAGs
[2024-05-21T19:35:25.461+0000] {logging_mixin.py:188} INFO - [2024-05-21T19:35:25.461+0000] {dag.py:3954} INFO - Setting next_dagrun for latest_only_with_trigger to 2024-05-21 12:00:00+00:00, run_after=2024-05-21 16:00:00+00:00
[2024-05-21T19:35:25.542+0000] {processor.py:183} INFO - Processing /home/airflow/.local/lib/python3.12/site-packages/airflow/example_dags/example_latest_only_with_trigger.py took 0.278 seconds
[2024-05-21T19:35:56.087+0000] {processor.py:161} INFO - Started process (PID=862) to work on /home/airflow/.local/lib/python3.12/site-packages/airflow/example_dags/example_latest_only_with_trigger.py
[2024-05-21T19:35:56.089+0000] {processor.py:830} INFO - Processing file /home/airflow/.local/lib/python3.12/site-packages/airflow/example_dags/example_latest_only_with_trigger.py for tasks to queue
[2024-05-21T19:35:56.095+0000] {logging_mixin.py:188} INFO - [2024-05-21T19:35:56.094+0000] {dagbag.py:545} INFO - Filling up the DagBag from /home/airflow/.local/lib/python3.12/site-packages/airflow/example_dags/example_latest_only_with_trigger.py
[2024-05-21T19:35:56.108+0000] {processor.py:840} INFO - DAG(s) 'latest_only_with_trigger' retrieved from /home/airflow/.local/lib/python3.12/site-packages/airflow/example_dags/example_latest_only_with_trigger.py
[2024-05-21T19:35:56.187+0000] {logging_mixin.py:188} INFO - [2024-05-21T19:35:56.186+0000] {dag.py:3096} INFO - Sync 1 DAGs
[2024-05-21T19:35:56.257+0000] {logging_mixin.py:188} INFO - [2024-05-21T19:35:56.256+0000] {dag.py:3954} INFO - Setting next_dagrun for latest_only_with_trigger to 2024-05-21 12:00:00+00:00, run_after=2024-05-21 16:00:00+00:00
[2024-05-21T19:35:56.360+0000] {processor.py:183} INFO - Processing /home/airflow/.local/lib/python3.12/site-packages/airflow/example_dags/example_latest_only_with_trigger.py took 0.289 seconds
[2024-05-21T19:36:26.546+0000] {processor.py:161} INFO - Started process (PID=920) to work on /home/airflow/.local/lib/python3.12/site-packages/airflow/example_dags/example_latest_only_with_trigger.py
[2024-05-21T19:36:26.549+0000] {processor.py:830} INFO - Processing file /home/airflow/.local/lib/python3.12/site-packages/airflow/example_dags/example_latest_only_with_trigger.py for tasks to queue
[2024-05-21T19:36:26.556+0000] {logging_mixin.py:188} INFO - [2024-05-21T19:36:26.555+0000] {dagbag.py:545} INFO - Filling up the DagBag from /home/airflow/.local/lib/python3.12/site-packages/airflow/example_dags/example_latest_only_with_trigger.py
[2024-05-21T19:36:26.566+0000] {processor.py:840} INFO - DAG(s) 'latest_only_with_trigger' retrieved from /home/airflow/.local/lib/python3.12/site-packages/airflow/example_dags/example_latest_only_with_trigger.py
[2024-05-21T19:36:26.623+0000] {logging_mixin.py:188} INFO - [2024-05-21T19:36:26.622+0000] {dag.py:3096} INFO - Sync 1 DAGs
[2024-05-21T19:36:26.688+0000] {logging_mixin.py:188} INFO - [2024-05-21T19:36:26.686+0000] {dag.py:3954} INFO - Setting next_dagrun for latest_only_with_trigger to 2024-05-21 12:00:00+00:00, run_after=2024-05-21 16:00:00+00:00
[2024-05-21T19:36:26.756+0000] {processor.py:183} INFO - Processing /home/airflow/.local/lib/python3.12/site-packages/airflow/example_dags/example_latest_only_with_trigger.py took 0.223 seconds
[2024-05-21T19:36:56.962+0000] {processor.py:161} INFO - Started process (PID=979) to work on /home/airflow/.local/lib/python3.12/site-packages/airflow/example_dags/example_latest_only_with_trigger.py
[2024-05-21T19:36:56.964+0000] {processor.py:830} INFO - Processing file /home/airflow/.local/lib/python3.12/site-packages/airflow/example_dags/example_latest_only_with_trigger.py for tasks to queue
[2024-05-21T19:36:56.977+0000] {logging_mixin.py:188} INFO - [2024-05-21T19:36:56.974+0000] {dagbag.py:545} INFO - Filling up the DagBag from /home/airflow/.local/lib/python3.12/site-packages/airflow/example_dags/example_latest_only_with_trigger.py
[2024-05-21T19:36:56.993+0000] {processor.py:840} INFO - DAG(s) 'latest_only_with_trigger' retrieved from /home/airflow/.local/lib/python3.12/site-packages/airflow/example_dags/example_latest_only_with_trigger.py
[2024-05-21T19:36:57.055+0000] {logging_mixin.py:188} INFO - [2024-05-21T19:36:57.054+0000] {dag.py:3096} INFO - Sync 1 DAGs
[2024-05-21T19:36:57.127+0000] {logging_mixin.py:188} INFO - [2024-05-21T19:36:57.126+0000] {dag.py:3954} INFO - Setting next_dagrun for latest_only_with_trigger to 2024-05-21 12:00:00+00:00, run_after=2024-05-21 16:00:00+00:00
[2024-05-21T19:36:57.226+0000] {processor.py:183} INFO - Processing /home/airflow/.local/lib/python3.12/site-packages/airflow/example_dags/example_latest_only_with_trigger.py took 0.281 seconds
[2024-05-21T19:37:27.685+0000] {processor.py:161} INFO - Started process (PID=1039) to work on /home/airflow/.local/lib/python3.12/site-packages/airflow/example_dags/example_latest_only_with_trigger.py
[2024-05-21T19:37:27.689+0000] {processor.py:830} INFO - Processing file /home/airflow/.local/lib/python3.12/site-packages/airflow/example_dags/example_latest_only_with_trigger.py for tasks to queue
[2024-05-21T19:37:27.698+0000] {logging_mixin.py:188} INFO - [2024-05-21T19:37:27.696+0000] {dagbag.py:545} INFO - Filling up the DagBag from /home/airflow/.local/lib/python3.12/site-packages/airflow/example_dags/example_latest_only_with_trigger.py
[2024-05-21T19:37:27.712+0000] {processor.py:840} INFO - DAG(s) 'latest_only_with_trigger' retrieved from /home/airflow/.local/lib/python3.12/site-packages/airflow/example_dags/example_latest_only_with_trigger.py
[2024-05-21T19:37:27.755+0000] {logging_mixin.py:188} INFO - [2024-05-21T19:37:27.755+0000] {dag.py:3096} INFO - Sync 1 DAGs
[2024-05-21T19:37:27.796+0000] {logging_mixin.py:188} INFO - [2024-05-21T19:37:27.795+0000] {dag.py:3954} INFO - Setting next_dagrun for latest_only_with_trigger to 2024-05-21 12:00:00+00:00, run_after=2024-05-21 16:00:00+00:00
[2024-05-21T19:37:27.857+0000] {processor.py:183} INFO - Processing /home/airflow/.local/lib/python3.12/site-packages/airflow/example_dags/example_latest_only_with_trigger.py took 0.192 seconds
[2024-05-21T19:37:57.949+0000] {processor.py:161} INFO - Started process (PID=1098) to work on /home/airflow/.local/lib/python3.12/site-packages/airflow/example_dags/example_latest_only_with_trigger.py
[2024-05-21T19:37:57.951+0000] {processor.py:830} INFO - Processing file /home/airflow/.local/lib/python3.12/site-packages/airflow/example_dags/example_latest_only_with_trigger.py for tasks to queue
[2024-05-21T19:37:57.959+0000] {logging_mixin.py:188} INFO - [2024-05-21T19:37:57.957+0000] {dagbag.py:545} INFO - Filling up the DagBag from /home/airflow/.local/lib/python3.12/site-packages/airflow/example_dags/example_latest_only_with_trigger.py
[2024-05-21T19:37:57.975+0000] {processor.py:840} INFO - DAG(s) 'latest_only_with_trigger' retrieved from /home/airflow/.local/lib/python3.12/site-packages/airflow/example_dags/example_latest_only_with_trigger.py
[2024-05-21T19:37:58.036+0000] {logging_mixin.py:188} INFO - [2024-05-21T19:37:58.036+0000] {dag.py:3096} INFO - Sync 1 DAGs
[2024-05-21T19:37:58.097+0000] {logging_mixin.py:188} INFO - [2024-05-21T19:37:58.097+0000] {dag.py:3954} INFO - Setting next_dagrun for latest_only_with_trigger to 2024-05-21 12:00:00+00:00, run_after=2024-05-21 16:00:00+00:00
[2024-05-21T19:37:58.164+0000] {processor.py:183} INFO - Processing /home/airflow/.local/lib/python3.12/site-packages/airflow/example_dags/example_latest_only_with_trigger.py took 0.233 seconds
[2024-05-21T19:38:29.139+0000] {processor.py:161} INFO - Started process (PID=1158) to work on /home/airflow/.local/lib/python3.12/site-packages/airflow/example_dags/example_latest_only_with_trigger.py
[2024-05-21T19:38:29.142+0000] {processor.py:830} INFO - Processing file /home/airflow/.local/lib/python3.12/site-packages/airflow/example_dags/example_latest_only_with_trigger.py for tasks to queue
[2024-05-21T19:38:29.147+0000] {logging_mixin.py:188} INFO - [2024-05-21T19:38:29.146+0000] {dagbag.py:545} INFO - Filling up the DagBag from /home/airflow/.local/lib/python3.12/site-packages/airflow/example_dags/example_latest_only_with_trigger.py
[2024-05-21T19:38:29.163+0000] {processor.py:840} INFO - DAG(s) 'latest_only_with_trigger' retrieved from /home/airflow/.local/lib/python3.12/site-packages/airflow/example_dags/example_latest_only_with_trigger.py
[2024-05-21T19:38:29.221+0000] {logging_mixin.py:188} INFO - [2024-05-21T19:38:29.220+0000] {dag.py:3096} INFO - Sync 1 DAGs
[2024-05-21T19:38:29.289+0000] {logging_mixin.py:188} INFO - [2024-05-21T19:38:29.288+0000] {dag.py:3954} INFO - Setting next_dagrun for latest_only_with_trigger to 2024-05-21 12:00:00+00:00, run_after=2024-05-21 16:00:00+00:00
[2024-05-21T19:38:29.367+0000] {processor.py:183} INFO - Processing /home/airflow/.local/lib/python3.12/site-packages/airflow/example_dags/example_latest_only_with_trigger.py took 0.241 seconds
[2024-05-21T19:38:59.805+0000] {processor.py:161} INFO - Started process (PID=1218) to work on /home/airflow/.local/lib/python3.12/site-packages/airflow/example_dags/example_latest_only_with_trigger.py
[2024-05-21T19:38:59.808+0000] {processor.py:830} INFO - Processing file /home/airflow/.local/lib/python3.12/site-packages/airflow/example_dags/example_latest_only_with_trigger.py for tasks to queue
[2024-05-21T19:38:59.818+0000] {logging_mixin.py:188} INFO - [2024-05-21T19:38:59.815+0000] {dagbag.py:545} INFO - Filling up the DagBag from /home/airflow/.local/lib/python3.12/site-packages/airflow/example_dags/example_latest_only_with_trigger.py
[2024-05-21T19:38:59.856+0000] {processor.py:840} INFO - DAG(s) 'latest_only_with_trigger' retrieved from /home/airflow/.local/lib/python3.12/site-packages/airflow/example_dags/example_latest_only_with_trigger.py
[2024-05-21T19:38:59.951+0000] {logging_mixin.py:188} INFO - [2024-05-21T19:38:59.951+0000] {dag.py:3096} INFO - Sync 1 DAGs
[2024-05-21T19:39:00.026+0000] {logging_mixin.py:188} INFO - [2024-05-21T19:39:00.025+0000] {dag.py:3954} INFO - Setting next_dagrun for latest_only_with_trigger to 2024-05-21 12:00:00+00:00, run_after=2024-05-21 16:00:00+00:00
[2024-05-21T19:39:00.119+0000] {processor.py:183} INFO - Processing /home/airflow/.local/lib/python3.12/site-packages/airflow/example_dags/example_latest_only_with_trigger.py took 0.332 seconds
[2024-05-21T19:39:30.231+0000] {processor.py:161} INFO - Started process (PID=1278) to work on /home/airflow/.local/lib/python3.12/site-packages/airflow/example_dags/example_latest_only_with_trigger.py
[2024-05-21T19:39:30.233+0000] {processor.py:830} INFO - Processing file /home/airflow/.local/lib/python3.12/site-packages/airflow/example_dags/example_latest_only_with_trigger.py for tasks to queue
[2024-05-21T19:39:30.240+0000] {logging_mixin.py:188} INFO - [2024-05-21T19:39:30.238+0000] {dagbag.py:545} INFO - Filling up the DagBag from /home/airflow/.local/lib/python3.12/site-packages/airflow/example_dags/example_latest_only_with_trigger.py
[2024-05-21T19:39:30.260+0000] {processor.py:840} INFO - DAG(s) 'latest_only_with_trigger' retrieved from /home/airflow/.local/lib/python3.12/site-packages/airflow/example_dags/example_latest_only_with_trigger.py
[2024-05-21T19:39:30.321+0000] {logging_mixin.py:188} INFO - [2024-05-21T19:39:30.320+0000] {dag.py:3096} INFO - Sync 1 DAGs
[2024-05-21T19:39:30.387+0000] {logging_mixin.py:188} INFO - [2024-05-21T19:39:30.387+0000] {dag.py:3954} INFO - Setting next_dagrun for latest_only_with_trigger to 2024-05-21 12:00:00+00:00, run_after=2024-05-21 16:00:00+00:00
[2024-05-21T19:39:30.457+0000] {processor.py:183} INFO - Processing /home/airflow/.local/lib/python3.12/site-packages/airflow/example_dags/example_latest_only_with_trigger.py took 0.251 seconds
[2024-05-21T19:40:00.589+0000] {processor.py:161} INFO - Started process (PID=1337) to work on /home/airflow/.local/lib/python3.12/site-packages/airflow/example_dags/example_latest_only_with_trigger.py
[2024-05-21T19:40:00.593+0000] {processor.py:830} INFO - Processing file /home/airflow/.local/lib/python3.12/site-packages/airflow/example_dags/example_latest_only_with_trigger.py for tasks to queue
[2024-05-21T19:40:00.598+0000] {logging_mixin.py:188} INFO - [2024-05-21T19:40:00.597+0000] {dagbag.py:545} INFO - Filling up the DagBag from /home/airflow/.local/lib/python3.12/site-packages/airflow/example_dags/example_latest_only_with_trigger.py
[2024-05-21T19:40:00.616+0000] {processor.py:840} INFO - DAG(s) 'latest_only_with_trigger' retrieved from /home/airflow/.local/lib/python3.12/site-packages/airflow/example_dags/example_latest_only_with_trigger.py
[2024-05-21T19:40:00.675+0000] {logging_mixin.py:188} INFO - [2024-05-21T19:40:00.673+0000] {dag.py:3096} INFO - Sync 1 DAGs
[2024-05-21T19:40:00.743+0000] {logging_mixin.py:188} INFO - [2024-05-21T19:40:00.742+0000] {dag.py:3954} INFO - Setting next_dagrun for latest_only_with_trigger to 2024-05-21 12:00:00+00:00, run_after=2024-05-21 16:00:00+00:00
[2024-05-21T19:40:00.827+0000] {processor.py:183} INFO - Processing /home/airflow/.local/lib/python3.12/site-packages/airflow/example_dags/example_latest_only_with_trigger.py took 0.256 seconds
[2024-05-21T19:40:31.515+0000] {processor.py:161} INFO - Started process (PID=1397) to work on /home/airflow/.local/lib/python3.12/site-packages/airflow/example_dags/example_latest_only_with_trigger.py
[2024-05-21T19:40:31.517+0000] {processor.py:830} INFO - Processing file /home/airflow/.local/lib/python3.12/site-packages/airflow/example_dags/example_latest_only_with_trigger.py for tasks to queue
[2024-05-21T19:40:31.523+0000] {logging_mixin.py:188} INFO - [2024-05-21T19:40:31.522+0000] {dagbag.py:545} INFO - Filling up the DagBag from /home/airflow/.local/lib/python3.12/site-packages/airflow/example_dags/example_latest_only_with_trigger.py
[2024-05-21T19:40:31.534+0000] {processor.py:840} INFO - DAG(s) 'latest_only_with_trigger' retrieved from /home/airflow/.local/lib/python3.12/site-packages/airflow/example_dags/example_latest_only_with_trigger.py
[2024-05-21T19:40:31.577+0000] {logging_mixin.py:188} INFO - [2024-05-21T19:40:31.577+0000] {dag.py:3096} INFO - Sync 1 DAGs
[2024-05-21T19:40:31.683+0000] {logging_mixin.py:188} INFO - [2024-05-21T19:40:31.682+0000] {dag.py:3954} INFO - Setting next_dagrun for latest_only_with_trigger to 2024-05-21 12:00:00+00:00, run_after=2024-05-21 16:00:00+00:00
[2024-05-21T19:40:31.764+0000] {processor.py:183} INFO - Processing /home/airflow/.local/lib/python3.12/site-packages/airflow/example_dags/example_latest_only_with_trigger.py took 0.259 seconds
[2024-05-21T19:41:04.127+0000] {processor.py:161} INFO - Started process (PID=1458) to work on /home/airflow/.local/lib/python3.12/site-packages/airflow/example_dags/example_latest_only_with_trigger.py
[2024-05-21T19:41:04.131+0000] {processor.py:830} INFO - Processing file /home/airflow/.local/lib/python3.12/site-packages/airflow/example_dags/example_latest_only_with_trigger.py for tasks to queue
[2024-05-21T19:41:04.140+0000] {logging_mixin.py:188} INFO - [2024-05-21T19:41:04.139+0000] {dagbag.py:545} INFO - Filling up the DagBag from /home/airflow/.local/lib/python3.12/site-packages/airflow/example_dags/example_latest_only_with_trigger.py
[2024-05-21T19:41:04.160+0000] {processor.py:840} INFO - DAG(s) 'latest_only_with_trigger' retrieved from /home/airflow/.local/lib/python3.12/site-packages/airflow/example_dags/example_latest_only_with_trigger.py
[2024-05-21T19:41:04.242+0000] {logging_mixin.py:188} INFO - [2024-05-21T19:41:04.241+0000] {dag.py:3096} INFO - Sync 1 DAGs
[2024-05-21T19:41:04.709+0000] {logging_mixin.py:188} INFO - [2024-05-21T19:41:04.708+0000] {dag.py:3954} INFO - Setting next_dagrun for latest_only_with_trigger to 2024-05-21 12:00:00+00:00, run_after=2024-05-21 16:00:00+00:00
[2024-05-21T19:41:04.769+0000] {processor.py:183} INFO - Processing /home/airflow/.local/lib/python3.12/site-packages/airflow/example_dags/example_latest_only_with_trigger.py took 0.661 seconds
[2024-05-21T19:41:35.151+0000] {processor.py:161} INFO - Started process (PID=1518) to work on /home/airflow/.local/lib/python3.12/site-packages/airflow/example_dags/example_latest_only_with_trigger.py
[2024-05-21T19:41:35.153+0000] {processor.py:830} INFO - Processing file /home/airflow/.local/lib/python3.12/site-packages/airflow/example_dags/example_latest_only_with_trigger.py for tasks to queue
[2024-05-21T19:41:35.159+0000] {logging_mixin.py:188} INFO - [2024-05-21T19:41:35.158+0000] {dagbag.py:545} INFO - Filling up the DagBag from /home/airflow/.local/lib/python3.12/site-packages/airflow/example_dags/example_latest_only_with_trigger.py
[2024-05-21T19:41:35.177+0000] {processor.py:840} INFO - DAG(s) 'latest_only_with_trigger' retrieved from /home/airflow/.local/lib/python3.12/site-packages/airflow/example_dags/example_latest_only_with_trigger.py
[2024-05-21T19:41:35.235+0000] {logging_mixin.py:188} INFO - [2024-05-21T19:41:35.234+0000] {dag.py:3096} INFO - Sync 1 DAGs
[2024-05-21T19:41:35.292+0000] {logging_mixin.py:188} INFO - [2024-05-21T19:41:35.291+0000] {dag.py:3954} INFO - Setting next_dagrun for latest_only_with_trigger to 2024-05-21 12:00:00+00:00, run_after=2024-05-21 16:00:00+00:00
[2024-05-21T19:41:35.653+0000] {processor.py:183} INFO - Processing /home/airflow/.local/lib/python3.12/site-packages/airflow/example_dags/example_latest_only_with_trigger.py took 0.517 seconds
[2024-05-21T19:42:05.959+0000] {processor.py:161} INFO - Started process (PID=1578) to work on /home/airflow/.local/lib/python3.12/site-packages/airflow/example_dags/example_latest_only_with_trigger.py
[2024-05-21T19:42:05.962+0000] {processor.py:830} INFO - Processing file /home/airflow/.local/lib/python3.12/site-packages/airflow/example_dags/example_latest_only_with_trigger.py for tasks to queue
[2024-05-21T19:42:05.968+0000] {logging_mixin.py:188} INFO - [2024-05-21T19:42:05.967+0000] {dagbag.py:545} INFO - Filling up the DagBag from /home/airflow/.local/lib/python3.12/site-packages/airflow/example_dags/example_latest_only_with_trigger.py
[2024-05-21T19:42:05.982+0000] {processor.py:840} INFO - DAG(s) 'latest_only_with_trigger' retrieved from /home/airflow/.local/lib/python3.12/site-packages/airflow/example_dags/example_latest_only_with_trigger.py
[2024-05-21T19:42:06.053+0000] {logging_mixin.py:188} INFO - [2024-05-21T19:42:06.052+0000] {dag.py:3096} INFO - Sync 1 DAGs
[2024-05-21T19:42:06.113+0000] {logging_mixin.py:188} INFO - [2024-05-21T19:42:06.113+0000] {dag.py:3954} INFO - Setting next_dagrun for latest_only_with_trigger to 2024-05-21 12:00:00+00:00, run_after=2024-05-21 16:00:00+00:00
[2024-05-21T19:42:06.174+0000] {processor.py:183} INFO - Processing /home/airflow/.local/lib/python3.12/site-packages/airflow/example_dags/example_latest_only_with_trigger.py took 0.231 seconds
[2024-05-21T19:42:36.514+0000] {processor.py:161} INFO - Started process (PID=1638) to work on /home/airflow/.local/lib/python3.12/site-packages/airflow/example_dags/example_latest_only_with_trigger.py
[2024-05-21T19:42:36.516+0000] {processor.py:830} INFO - Processing file /home/airflow/.local/lib/python3.12/site-packages/airflow/example_dags/example_latest_only_with_trigger.py for tasks to queue
[2024-05-21T19:42:36.522+0000] {logging_mixin.py:188} INFO - [2024-05-21T19:42:36.522+0000] {dagbag.py:545} INFO - Filling up the DagBag from /home/airflow/.local/lib/python3.12/site-packages/airflow/example_dags/example_latest_only_with_trigger.py
[2024-05-21T19:42:36.534+0000] {processor.py:840} INFO - DAG(s) 'latest_only_with_trigger' retrieved from /home/airflow/.local/lib/python3.12/site-packages/airflow/example_dags/example_latest_only_with_trigger.py
[2024-05-21T19:42:36.594+0000] {logging_mixin.py:188} INFO - [2024-05-21T19:42:36.593+0000] {dag.py:3096} INFO - Sync 1 DAGs
[2024-05-21T19:42:36.651+0000] {logging_mixin.py:188} INFO - [2024-05-21T19:42:36.650+0000] {dag.py:3954} INFO - Setting next_dagrun for latest_only_with_trigger to 2024-05-21 12:00:00+00:00, run_after=2024-05-21 16:00:00+00:00
[2024-05-21T19:42:36.723+0000] {processor.py:183} INFO - Processing /home/airflow/.local/lib/python3.12/site-packages/airflow/example_dags/example_latest_only_with_trigger.py took 0.223 seconds
[2024-05-21T19:43:07.681+0000] {processor.py:161} INFO - Started process (PID=1698) to work on /home/airflow/.local/lib/python3.12/site-packages/airflow/example_dags/example_latest_only_with_trigger.py
[2024-05-21T19:43:07.690+0000] {processor.py:830} INFO - Processing file /home/airflow/.local/lib/python3.12/site-packages/airflow/example_dags/example_latest_only_with_trigger.py for tasks to queue
[2024-05-21T19:43:07.701+0000] {logging_mixin.py:188} INFO - [2024-05-21T19:43:07.700+0000] {dagbag.py:545} INFO - Filling up the DagBag from /home/airflow/.local/lib/python3.12/site-packages/airflow/example_dags/example_latest_only_with_trigger.py
[2024-05-21T19:43:07.722+0000] {processor.py:840} INFO - DAG(s) 'latest_only_with_trigger' retrieved from /home/airflow/.local/lib/python3.12/site-packages/airflow/example_dags/example_latest_only_with_trigger.py
[2024-05-21T19:43:07.802+0000] {logging_mixin.py:188} INFO - [2024-05-21T19:43:07.801+0000] {dag.py:3096} INFO - Sync 1 DAGs
[2024-05-21T19:43:07.889+0000] {logging_mixin.py:188} INFO - [2024-05-21T19:43:07.888+0000] {dag.py:3954} INFO - Setting next_dagrun for latest_only_with_trigger to 2024-05-21 12:00:00+00:00, run_after=2024-05-21 16:00:00+00:00
[2024-05-21T19:43:07.979+0000] {processor.py:183} INFO - Processing /home/airflow/.local/lib/python3.12/site-packages/airflow/example_dags/example_latest_only_with_trigger.py took 0.323 seconds
[2024-05-21T19:43:38.274+0000] {processor.py:161} INFO - Started process (PID=1758) to work on /home/airflow/.local/lib/python3.12/site-packages/airflow/example_dags/example_latest_only_with_trigger.py
[2024-05-21T19:43:38.277+0000] {processor.py:830} INFO - Processing file /home/airflow/.local/lib/python3.12/site-packages/airflow/example_dags/example_latest_only_with_trigger.py for tasks to queue
[2024-05-21T19:43:38.287+0000] {logging_mixin.py:188} INFO - [2024-05-21T19:43:38.286+0000] {dagbag.py:545} INFO - Filling up the DagBag from /home/airflow/.local/lib/python3.12/site-packages/airflow/example_dags/example_latest_only_with_trigger.py
[2024-05-21T19:43:38.302+0000] {processor.py:840} INFO - DAG(s) 'latest_only_with_trigger' retrieved from /home/airflow/.local/lib/python3.12/site-packages/airflow/example_dags/example_latest_only_with_trigger.py
[2024-05-21T19:43:38.358+0000] {logging_mixin.py:188} INFO - [2024-05-21T19:43:38.358+0000] {dag.py:3096} INFO - Sync 1 DAGs
[2024-05-21T19:43:38.447+0000] {logging_mixin.py:188} INFO - [2024-05-21T19:43:38.446+0000] {dag.py:3954} INFO - Setting next_dagrun for latest_only_with_trigger to 2024-05-21 12:00:00+00:00, run_after=2024-05-21 16:00:00+00:00
[2024-05-21T19:43:38.516+0000] {processor.py:183} INFO - Processing /home/airflow/.local/lib/python3.12/site-packages/airflow/example_dags/example_latest_only_with_trigger.py took 0.256 seconds
[2024-05-21T19:44:08.682+0000] {processor.py:161} INFO - Started process (PID=1817) to work on /home/airflow/.local/lib/python3.12/site-packages/airflow/example_dags/example_latest_only_with_trigger.py
[2024-05-21T19:44:08.684+0000] {processor.py:830} INFO - Processing file /home/airflow/.local/lib/python3.12/site-packages/airflow/example_dags/example_latest_only_with_trigger.py for tasks to queue
[2024-05-21T19:44:08.690+0000] {logging_mixin.py:188} INFO - [2024-05-21T19:44:08.689+0000] {dagbag.py:545} INFO - Filling up the DagBag from /home/airflow/.local/lib/python3.12/site-packages/airflow/example_dags/example_latest_only_with_trigger.py
[2024-05-21T19:44:08.704+0000] {processor.py:840} INFO - DAG(s) 'latest_only_with_trigger' retrieved from /home/airflow/.local/lib/python3.12/site-packages/airflow/example_dags/example_latest_only_with_trigger.py
[2024-05-21T19:44:08.791+0000] {logging_mixin.py:188} INFO - [2024-05-21T19:44:08.790+0000] {dag.py:3096} INFO - Sync 1 DAGs
[2024-05-21T19:44:08.856+0000] {logging_mixin.py:188} INFO - [2024-05-21T19:44:08.855+0000] {dag.py:3954} INFO - Setting next_dagrun for latest_only_with_trigger to 2024-05-21 12:00:00+00:00, run_after=2024-05-21 16:00:00+00:00
[2024-05-21T19:44:08.919+0000] {processor.py:183} INFO - Processing /home/airflow/.local/lib/python3.12/site-packages/airflow/example_dags/example_latest_only_with_trigger.py took 0.256 seconds
[2024-05-21T19:44:40.274+0000] {processor.py:161} INFO - Started process (PID=1878) to work on /home/airflow/.local/lib/python3.12/site-packages/airflow/example_dags/example_latest_only_with_trigger.py
[2024-05-21T19:44:40.277+0000] {processor.py:830} INFO - Processing file /home/airflow/.local/lib/python3.12/site-packages/airflow/example_dags/example_latest_only_with_trigger.py for tasks to queue
[2024-05-21T19:44:40.286+0000] {logging_mixin.py:188} INFO - [2024-05-21T19:44:40.282+0000] {dagbag.py:545} INFO - Filling up the DagBag from /home/airflow/.local/lib/python3.12/site-packages/airflow/example_dags/example_latest_only_with_trigger.py
[2024-05-21T19:44:40.308+0000] {processor.py:840} INFO - DAG(s) 'latest_only_with_trigger' retrieved from /home/airflow/.local/lib/python3.12/site-packages/airflow/example_dags/example_latest_only_with_trigger.py
[2024-05-21T19:44:40.395+0000] {logging_mixin.py:188} INFO - [2024-05-21T19:44:40.395+0000] {dag.py:3096} INFO - Sync 1 DAGs
[2024-05-21T19:44:40.510+0000] {logging_mixin.py:188} INFO - [2024-05-21T19:44:40.509+0000] {dag.py:3954} INFO - Setting next_dagrun for latest_only_with_trigger to 2024-05-21 12:00:00+00:00, run_after=2024-05-21 16:00:00+00:00
[2024-05-21T19:44:40.582+0000] {processor.py:183} INFO - Processing /home/airflow/.local/lib/python3.12/site-packages/airflow/example_dags/example_latest_only_with_trigger.py took 0.345 seconds
[2024-05-21T19:45:11.316+0000] {processor.py:161} INFO - Started process (PID=1938) to work on /home/airflow/.local/lib/python3.12/site-packages/airflow/example_dags/example_latest_only_with_trigger.py
[2024-05-21T19:45:11.319+0000] {processor.py:830} INFO - Processing file /home/airflow/.local/lib/python3.12/site-packages/airflow/example_dags/example_latest_only_with_trigger.py for tasks to queue
[2024-05-21T19:45:11.326+0000] {logging_mixin.py:188} INFO - [2024-05-21T19:45:11.325+0000] {dagbag.py:545} INFO - Filling up the DagBag from /home/airflow/.local/lib/python3.12/site-packages/airflow/example_dags/example_latest_only_with_trigger.py
[2024-05-21T19:45:11.341+0000] {processor.py:840} INFO - DAG(s) 'latest_only_with_trigger' retrieved from /home/airflow/.local/lib/python3.12/site-packages/airflow/example_dags/example_latest_only_with_trigger.py
[2024-05-21T19:45:11.415+0000] {logging_mixin.py:188} INFO - [2024-05-21T19:45:11.414+0000] {dag.py:3096} INFO - Sync 1 DAGs
[2024-05-21T19:45:11.483+0000] {logging_mixin.py:188} INFO - [2024-05-21T19:45:11.483+0000] {dag.py:3954} INFO - Setting next_dagrun for latest_only_with_trigger to 2024-05-21 12:00:00+00:00, run_after=2024-05-21 16:00:00+00:00
[2024-05-21T19:45:11.582+0000] {processor.py:183} INFO - Processing /home/airflow/.local/lib/python3.12/site-packages/airflow/example_dags/example_latest_only_with_trigger.py took 0.302 seconds
[2024-05-21T19:45:42.018+0000] {processor.py:161} INFO - Started process (PID=1998) to work on /home/airflow/.local/lib/python3.12/site-packages/airflow/example_dags/example_latest_only_with_trigger.py
[2024-05-21T19:45:42.020+0000] {processor.py:830} INFO - Processing file /home/airflow/.local/lib/python3.12/site-packages/airflow/example_dags/example_latest_only_with_trigger.py for tasks to queue
[2024-05-21T19:45:42.026+0000] {logging_mixin.py:188} INFO - [2024-05-21T19:45:42.025+0000] {dagbag.py:545} INFO - Filling up the DagBag from /home/airflow/.local/lib/python3.12/site-packages/airflow/example_dags/example_latest_only_with_trigger.py
[2024-05-21T19:45:42.048+0000] {processor.py:840} INFO - DAG(s) 'latest_only_with_trigger' retrieved from /home/airflow/.local/lib/python3.12/site-packages/airflow/example_dags/example_latest_only_with_trigger.py
[2024-05-21T19:45:42.129+0000] {logging_mixin.py:188} INFO - [2024-05-21T19:45:42.128+0000] {dag.py:3096} INFO - Sync 1 DAGs
[2024-05-21T19:45:42.226+0000] {logging_mixin.py:188} INFO - [2024-05-21T19:45:42.224+0000] {dag.py:3954} INFO - Setting next_dagrun for latest_only_with_trigger to 2024-05-21 12:00:00+00:00, run_after=2024-05-21 16:00:00+00:00
[2024-05-21T19:45:42.347+0000] {processor.py:183} INFO - Processing /home/airflow/.local/lib/python3.12/site-packages/airflow/example_dags/example_latest_only_with_trigger.py took 0.347 seconds
[2024-05-21T19:46:12.596+0000] {processor.py:161} INFO - Started process (PID=2057) to work on /home/airflow/.local/lib/python3.12/site-packages/airflow/example_dags/example_latest_only_with_trigger.py
[2024-05-21T19:46:12.600+0000] {processor.py:830} INFO - Processing file /home/airflow/.local/lib/python3.12/site-packages/airflow/example_dags/example_latest_only_with_trigger.py for tasks to queue
[2024-05-21T19:46:12.607+0000] {logging_mixin.py:188} INFO - [2024-05-21T19:46:12.606+0000] {dagbag.py:545} INFO - Filling up the DagBag from /home/airflow/.local/lib/python3.12/site-packages/airflow/example_dags/example_latest_only_with_trigger.py
[2024-05-21T19:46:12.629+0000] {processor.py:840} INFO - DAG(s) 'latest_only_with_trigger' retrieved from /home/airflow/.local/lib/python3.12/site-packages/airflow/example_dags/example_latest_only_with_trigger.py
[2024-05-21T19:46:12.700+0000] {logging_mixin.py:188} INFO - [2024-05-21T19:46:12.699+0000] {dag.py:3096} INFO - Sync 1 DAGs
[2024-05-21T19:46:12.809+0000] {logging_mixin.py:188} INFO - [2024-05-21T19:46:12.809+0000] {dag.py:3954} INFO - Setting next_dagrun for latest_only_with_trigger to 2024-05-21 12:00:00+00:00, run_after=2024-05-21 16:00:00+00:00
[2024-05-21T19:46:12.968+0000] {processor.py:183} INFO - Processing /home/airflow/.local/lib/python3.12/site-packages/airflow/example_dags/example_latest_only_with_trigger.py took 0.394 seconds
[2024-05-21T19:46:43.628+0000] {processor.py:161} INFO - Started process (PID=2117) to work on /home/airflow/.local/lib/python3.12/site-packages/airflow/example_dags/example_latest_only_with_trigger.py
[2024-05-21T19:46:43.630+0000] {processor.py:830} INFO - Processing file /home/airflow/.local/lib/python3.12/site-packages/airflow/example_dags/example_latest_only_with_trigger.py for tasks to queue
[2024-05-21T19:46:43.636+0000] {logging_mixin.py:188} INFO - [2024-05-21T19:46:43.635+0000] {dagbag.py:545} INFO - Filling up the DagBag from /home/airflow/.local/lib/python3.12/site-packages/airflow/example_dags/example_latest_only_with_trigger.py
[2024-05-21T19:46:43.651+0000] {processor.py:840} INFO - DAG(s) 'latest_only_with_trigger' retrieved from /home/airflow/.local/lib/python3.12/site-packages/airflow/example_dags/example_latest_only_with_trigger.py
[2024-05-21T19:46:43.710+0000] {logging_mixin.py:188} INFO - [2024-05-21T19:46:43.709+0000] {dag.py:3096} INFO - Sync 1 DAGs
[2024-05-21T19:46:43.772+0000] {logging_mixin.py:188} INFO - [2024-05-21T19:46:43.772+0000] {dag.py:3954} INFO - Setting next_dagrun for latest_only_with_trigger to 2024-05-21 12:00:00+00:00, run_after=2024-05-21 16:00:00+00:00
[2024-05-21T19:46:43.829+0000] {processor.py:183} INFO - Processing /home/airflow/.local/lib/python3.12/site-packages/airflow/example_dags/example_latest_only_with_trigger.py took 0.216 seconds
[2024-05-21T19:47:14.060+0000] {processor.py:161} INFO - Started process (PID=2177) to work on /home/airflow/.local/lib/python3.12/site-packages/airflow/example_dags/example_latest_only_with_trigger.py
[2024-05-21T19:47:14.063+0000] {processor.py:830} INFO - Processing file /home/airflow/.local/lib/python3.12/site-packages/airflow/example_dags/example_latest_only_with_trigger.py for tasks to queue
[2024-05-21T19:47:14.069+0000] {logging_mixin.py:188} INFO - [2024-05-21T19:47:14.067+0000] {dagbag.py:545} INFO - Filling up the DagBag from /home/airflow/.local/lib/python3.12/site-packages/airflow/example_dags/example_latest_only_with_trigger.py
[2024-05-21T19:47:14.084+0000] {processor.py:840} INFO - DAG(s) 'latest_only_with_trigger' retrieved from /home/airflow/.local/lib/python3.12/site-packages/airflow/example_dags/example_latest_only_with_trigger.py
[2024-05-21T19:47:14.133+0000] {logging_mixin.py:188} INFO - [2024-05-21T19:47:14.132+0000] {dag.py:3096} INFO - Sync 1 DAGs
[2024-05-21T19:47:14.213+0000] {logging_mixin.py:188} INFO - [2024-05-21T19:47:14.212+0000] {dag.py:3954} INFO - Setting next_dagrun for latest_only_with_trigger to 2024-05-21 12:00:00+00:00, run_after=2024-05-21 16:00:00+00:00
[2024-05-21T19:47:14.277+0000] {processor.py:183} INFO - Processing /home/airflow/.local/lib/python3.12/site-packages/airflow/example_dags/example_latest_only_with_trigger.py took 0.247 seconds
[2024-05-21T19:47:44.369+0000] {processor.py:161} INFO - Started process (PID=2237) to work on /home/airflow/.local/lib/python3.12/site-packages/airflow/example_dags/example_latest_only_with_trigger.py
[2024-05-21T19:47:44.373+0000] {processor.py:830} INFO - Processing file /home/airflow/.local/lib/python3.12/site-packages/airflow/example_dags/example_latest_only_with_trigger.py for tasks to queue
[2024-05-21T19:47:44.384+0000] {logging_mixin.py:188} INFO - [2024-05-21T19:47:44.382+0000] {dagbag.py:545} INFO - Filling up the DagBag from /home/airflow/.local/lib/python3.12/site-packages/airflow/example_dags/example_latest_only_with_trigger.py
[2024-05-21T19:47:44.402+0000] {processor.py:840} INFO - DAG(s) 'latest_only_with_trigger' retrieved from /home/airflow/.local/lib/python3.12/site-packages/airflow/example_dags/example_latest_only_with_trigger.py
[2024-05-21T19:47:44.460+0000] {logging_mixin.py:188} INFO - [2024-05-21T19:47:44.459+0000] {dag.py:3096} INFO - Sync 1 DAGs
[2024-05-21T19:47:44.537+0000] {logging_mixin.py:188} INFO - [2024-05-21T19:47:44.536+0000] {dag.py:3954} INFO - Setting next_dagrun for latest_only_with_trigger to 2024-05-21 12:00:00+00:00, run_after=2024-05-21 16:00:00+00:00
[2024-05-21T19:47:44.616+0000] {processor.py:183} INFO - Processing /home/airflow/.local/lib/python3.12/site-packages/airflow/example_dags/example_latest_only_with_trigger.py took 0.261 seconds
[2024-05-21T19:48:14.769+0000] {processor.py:161} INFO - Started process (PID=2296) to work on /home/airflow/.local/lib/python3.12/site-packages/airflow/example_dags/example_latest_only_with_trigger.py
[2024-05-21T19:48:14.771+0000] {processor.py:830} INFO - Processing file /home/airflow/.local/lib/python3.12/site-packages/airflow/example_dags/example_latest_only_with_trigger.py for tasks to queue
[2024-05-21T19:48:14.776+0000] {logging_mixin.py:188} INFO - [2024-05-21T19:48:14.775+0000] {dagbag.py:545} INFO - Filling up the DagBag from /home/airflow/.local/lib/python3.12/site-packages/airflow/example_dags/example_latest_only_with_trigger.py
[2024-05-21T19:48:14.800+0000] {processor.py:840} INFO - DAG(s) 'latest_only_with_trigger' retrieved from /home/airflow/.local/lib/python3.12/site-packages/airflow/example_dags/example_latest_only_with_trigger.py
[2024-05-21T19:48:14.846+0000] {logging_mixin.py:188} INFO - [2024-05-21T19:48:14.846+0000] {dag.py:3096} INFO - Sync 1 DAGs
[2024-05-21T19:48:14.903+0000] {logging_mixin.py:188} INFO - [2024-05-21T19:48:14.902+0000] {dag.py:3954} INFO - Setting next_dagrun for latest_only_with_trigger to 2024-05-21 12:00:00+00:00, run_after=2024-05-21 16:00:00+00:00
[2024-05-21T19:48:14.965+0000] {processor.py:183} INFO - Processing /home/airflow/.local/lib/python3.12/site-packages/airflow/example_dags/example_latest_only_with_trigger.py took 0.210 seconds
[2024-05-21T19:48:45.470+0000] {processor.py:161} INFO - Started process (PID=2356) to work on /home/airflow/.local/lib/python3.12/site-packages/airflow/example_dags/example_latest_only_with_trigger.py
[2024-05-21T19:48:45.472+0000] {processor.py:830} INFO - Processing file /home/airflow/.local/lib/python3.12/site-packages/airflow/example_dags/example_latest_only_with_trigger.py for tasks to queue
[2024-05-21T19:48:45.479+0000] {logging_mixin.py:188} INFO - [2024-05-21T19:48:45.478+0000] {dagbag.py:545} INFO - Filling up the DagBag from /home/airflow/.local/lib/python3.12/site-packages/airflow/example_dags/example_latest_only_with_trigger.py
[2024-05-21T19:48:45.502+0000] {processor.py:840} INFO - DAG(s) 'latest_only_with_trigger' retrieved from /home/airflow/.local/lib/python3.12/site-packages/airflow/example_dags/example_latest_only_with_trigger.py
[2024-05-21T19:48:45.574+0000] {logging_mixin.py:188} INFO - [2024-05-21T19:48:45.574+0000] {dag.py:3096} INFO - Sync 1 DAGs
[2024-05-21T19:48:45.660+0000] {logging_mixin.py:188} INFO - [2024-05-21T19:48:45.659+0000] {dag.py:3954} INFO - Setting next_dagrun for latest_only_with_trigger to 2024-05-21 12:00:00+00:00, run_after=2024-05-21 16:00:00+00:00
[2024-05-21T19:48:45.708+0000] {processor.py:183} INFO - Processing /home/airflow/.local/lib/python3.12/site-packages/airflow/example_dags/example_latest_only_with_trigger.py took 0.253 seconds
[2024-05-21T19:49:15.809+0000] {processor.py:161} INFO - Started process (PID=2414) to work on /home/airflow/.local/lib/python3.12/site-packages/airflow/example_dags/example_latest_only_with_trigger.py
[2024-05-21T19:49:15.812+0000] {processor.py:830} INFO - Processing file /home/airflow/.local/lib/python3.12/site-packages/airflow/example_dags/example_latest_only_with_trigger.py for tasks to queue
[2024-05-21T19:49:15.816+0000] {logging_mixin.py:188} INFO - [2024-05-21T19:49:15.815+0000] {dagbag.py:545} INFO - Filling up the DagBag from /home/airflow/.local/lib/python3.12/site-packages/airflow/example_dags/example_latest_only_with_trigger.py
[2024-05-21T19:49:15.829+0000] {processor.py:840} INFO - DAG(s) 'latest_only_with_trigger' retrieved from /home/airflow/.local/lib/python3.12/site-packages/airflow/example_dags/example_latest_only_with_trigger.py
[2024-05-21T19:49:15.875+0000] {logging_mixin.py:188} INFO - [2024-05-21T19:49:15.874+0000] {dag.py:3096} INFO - Sync 1 DAGs
[2024-05-21T19:49:15.932+0000] {logging_mixin.py:188} INFO - [2024-05-21T19:49:15.931+0000] {dag.py:3954} INFO - Setting next_dagrun for latest_only_with_trigger to 2024-05-21 12:00:00+00:00, run_after=2024-05-21 16:00:00+00:00
[2024-05-21T19:49:16.010+0000] {processor.py:183} INFO - Processing /home/airflow/.local/lib/python3.12/site-packages/airflow/example_dags/example_latest_only_with_trigger.py took 0.214 seconds
[2024-05-21T19:49:46.699+0000] {processor.py:161} INFO - Started process (PID=2474) to work on /home/airflow/.local/lib/python3.12/site-packages/airflow/example_dags/example_latest_only_with_trigger.py
[2024-05-21T19:49:46.702+0000] {processor.py:830} INFO - Processing file /home/airflow/.local/lib/python3.12/site-packages/airflow/example_dags/example_latest_only_with_trigger.py for tasks to queue
[2024-05-21T19:49:46.706+0000] {logging_mixin.py:188} INFO - [2024-05-21T19:49:46.705+0000] {dagbag.py:545} INFO - Filling up the DagBag from /home/airflow/.local/lib/python3.12/site-packages/airflow/example_dags/example_latest_only_with_trigger.py
[2024-05-21T19:49:46.720+0000] {processor.py:840} INFO - DAG(s) 'latest_only_with_trigger' retrieved from /home/airflow/.local/lib/python3.12/site-packages/airflow/example_dags/example_latest_only_with_trigger.py
[2024-05-21T19:49:46.790+0000] {logging_mixin.py:188} INFO - [2024-05-21T19:49:46.790+0000] {dag.py:3096} INFO - Sync 1 DAGs
[2024-05-21T19:49:46.860+0000] {logging_mixin.py:188} INFO - [2024-05-21T19:49:46.859+0000] {dag.py:3954} INFO - Setting next_dagrun for latest_only_with_trigger to 2024-05-21 12:00:00+00:00, run_after=2024-05-21 16:00:00+00:00
[2024-05-21T19:49:46.939+0000] {processor.py:183} INFO - Processing /home/airflow/.local/lib/python3.12/site-packages/airflow/example_dags/example_latest_only_with_trigger.py took 0.259 seconds
[2024-05-21T19:50:17.695+0000] {processor.py:161} INFO - Started process (PID=2534) to work on /home/airflow/.local/lib/python3.12/site-packages/airflow/example_dags/example_latest_only_with_trigger.py
[2024-05-21T19:50:17.700+0000] {processor.py:830} INFO - Processing file /home/airflow/.local/lib/python3.12/site-packages/airflow/example_dags/example_latest_only_with_trigger.py for tasks to queue
[2024-05-21T19:50:17.711+0000] {logging_mixin.py:188} INFO - [2024-05-21T19:50:17.710+0000] {dagbag.py:545} INFO - Filling up the DagBag from /home/airflow/.local/lib/python3.12/site-packages/airflow/example_dags/example_latest_only_with_trigger.py
[2024-05-21T19:50:17.724+0000] {processor.py:840} INFO - DAG(s) 'latest_only_with_trigger' retrieved from /home/airflow/.local/lib/python3.12/site-packages/airflow/example_dags/example_latest_only_with_trigger.py
[2024-05-21T19:50:17.789+0000] {logging_mixin.py:188} INFO - [2024-05-21T19:50:17.788+0000] {dag.py:3096} INFO - Sync 1 DAGs
[2024-05-21T19:50:17.926+0000] {logging_mixin.py:188} INFO - [2024-05-21T19:50:17.925+0000] {dag.py:3954} INFO - Setting next_dagrun for latest_only_with_trigger to 2024-05-21 12:00:00+00:00, run_after=2024-05-21 16:00:00+00:00
[2024-05-21T19:50:18.119+0000] {processor.py:183} INFO - Processing /home/airflow/.local/lib/python3.12/site-packages/airflow/example_dags/example_latest_only_with_trigger.py took 0.445 seconds
[2024-05-21T19:50:50.603+0000] {processor.py:161} INFO - Started process (PID=2594) to work on /home/airflow/.local/lib/python3.12/site-packages/airflow/example_dags/example_latest_only_with_trigger.py
[2024-05-21T19:50:50.606+0000] {processor.py:830} INFO - Processing file /home/airflow/.local/lib/python3.12/site-packages/airflow/example_dags/example_latest_only_with_trigger.py for tasks to queue
[2024-05-21T19:50:50.612+0000] {logging_mixin.py:188} INFO - [2024-05-21T19:50:50.611+0000] {dagbag.py:545} INFO - Filling up the DagBag from /home/airflow/.local/lib/python3.12/site-packages/airflow/example_dags/example_latest_only_with_trigger.py
[2024-05-21T19:50:50.632+0000] {processor.py:840} INFO - DAG(s) 'latest_only_with_trigger' retrieved from /home/airflow/.local/lib/python3.12/site-packages/airflow/example_dags/example_latest_only_with_trigger.py
[2024-05-21T19:50:50.714+0000] {logging_mixin.py:188} INFO - [2024-05-21T19:50:50.714+0000] {dag.py:3096} INFO - Sync 1 DAGs
[2024-05-21T19:50:50.793+0000] {logging_mixin.py:188} INFO - [2024-05-21T19:50:50.792+0000] {dag.py:3954} INFO - Setting next_dagrun for latest_only_with_trigger to 2024-05-21 12:00:00+00:00, run_after=2024-05-21 16:00:00+00:00
[2024-05-21T19:50:50.873+0000] {processor.py:183} INFO - Processing /home/airflow/.local/lib/python3.12/site-packages/airflow/example_dags/example_latest_only_with_trigger.py took 0.296 seconds
[2024-05-21T19:51:21.153+0000] {processor.py:161} INFO - Started process (PID=2654) to work on /home/airflow/.local/lib/python3.12/site-packages/airflow/example_dags/example_latest_only_with_trigger.py
[2024-05-21T19:51:21.155+0000] {processor.py:830} INFO - Processing file /home/airflow/.local/lib/python3.12/site-packages/airflow/example_dags/example_latest_only_with_trigger.py for tasks to queue
[2024-05-21T19:51:21.165+0000] {logging_mixin.py:188} INFO - [2024-05-21T19:51:21.161+0000] {dagbag.py:545} INFO - Filling up the DagBag from /home/airflow/.local/lib/python3.12/site-packages/airflow/example_dags/example_latest_only_with_trigger.py
[2024-05-21T19:51:21.179+0000] {processor.py:840} INFO - DAG(s) 'latest_only_with_trigger' retrieved from /home/airflow/.local/lib/python3.12/site-packages/airflow/example_dags/example_latest_only_with_trigger.py
[2024-05-21T19:51:21.260+0000] {logging_mixin.py:188} INFO - [2024-05-21T19:51:21.259+0000] {dag.py:3096} INFO - Sync 1 DAGs
[2024-05-21T19:51:21.324+0000] {logging_mixin.py:188} INFO - [2024-05-21T19:51:21.324+0000] {dag.py:3954} INFO - Setting next_dagrun for latest_only_with_trigger to 2024-05-21 12:00:00+00:00, run_after=2024-05-21 16:00:00+00:00
[2024-05-21T19:51:21.410+0000] {processor.py:183} INFO - Processing /home/airflow/.local/lib/python3.12/site-packages/airflow/example_dags/example_latest_only_with_trigger.py took 0.270 seconds
[2024-05-21T19:54:52.517+0000] {processor.py:161} INFO - Started process (PID=76) to work on /home/airflow/.local/lib/python3.12/site-packages/airflow/example_dags/example_latest_only_with_trigger.py
[2024-05-21T19:54:52.520+0000] {processor.py:830} INFO - Processing file /home/airflow/.local/lib/python3.12/site-packages/airflow/example_dags/example_latest_only_with_trigger.py for tasks to queue
[2024-05-21T19:54:52.526+0000] {logging_mixin.py:188} INFO - [2024-05-21T19:54:52.525+0000] {dagbag.py:545} INFO - Filling up the DagBag from /home/airflow/.local/lib/python3.12/site-packages/airflow/example_dags/example_latest_only_with_trigger.py
[2024-05-21T19:54:52.563+0000] {processor.py:840} INFO - DAG(s) 'latest_only_with_trigger' retrieved from /home/airflow/.local/lib/python3.12/site-packages/airflow/example_dags/example_latest_only_with_trigger.py
[2024-05-21T19:54:52.858+0000] {logging_mixin.py:188} INFO - [2024-05-21T19:54:52.857+0000] {dag.py:3096} INFO - Sync 1 DAGs
[2024-05-21T19:54:52.911+0000] {logging_mixin.py:188} INFO - [2024-05-21T19:54:52.911+0000] {dag.py:3954} INFO - Setting next_dagrun for latest_only_with_trigger to 2024-05-21 12:00:00+00:00, run_after=2024-05-21 16:00:00+00:00
[2024-05-21T19:54:53.018+0000] {processor.py:183} INFO - Processing /home/airflow/.local/lib/python3.12/site-packages/airflow/example_dags/example_latest_only_with_trigger.py took 0.518 seconds
[2024-05-21T19:55:23.823+0000] {processor.py:161} INFO - Started process (PID=136) to work on /home/airflow/.local/lib/python3.12/site-packages/airflow/example_dags/example_latest_only_with_trigger.py
[2024-05-21T19:55:23.826+0000] {processor.py:830} INFO - Processing file /home/airflow/.local/lib/python3.12/site-packages/airflow/example_dags/example_latest_only_with_trigger.py for tasks to queue
[2024-05-21T19:55:23.834+0000] {logging_mixin.py:188} INFO - [2024-05-21T19:55:23.833+0000] {dagbag.py:545} INFO - Filling up the DagBag from /home/airflow/.local/lib/python3.12/site-packages/airflow/example_dags/example_latest_only_with_trigger.py
[2024-05-21T19:55:23.849+0000] {processor.py:840} INFO - DAG(s) 'latest_only_with_trigger' retrieved from /home/airflow/.local/lib/python3.12/site-packages/airflow/example_dags/example_latest_only_with_trigger.py
[2024-05-21T19:55:23.932+0000] {logging_mixin.py:188} INFO - [2024-05-21T19:55:23.930+0000] {dag.py:3096} INFO - Sync 1 DAGs
[2024-05-21T19:55:24.041+0000] {logging_mixin.py:188} INFO - [2024-05-21T19:55:24.040+0000] {dag.py:3954} INFO - Setting next_dagrun for latest_only_with_trigger to 2024-05-21 12:00:00+00:00, run_after=2024-05-21 16:00:00+00:00
[2024-05-21T19:55:24.118+0000] {processor.py:183} INFO - Processing /home/airflow/.local/lib/python3.12/site-packages/airflow/example_dags/example_latest_only_with_trigger.py took 0.313 seconds
[2024-05-21T19:55:54.914+0000] {processor.py:161} INFO - Started process (PID=195) to work on /home/airflow/.local/lib/python3.12/site-packages/airflow/example_dags/example_latest_only_with_trigger.py
[2024-05-21T19:55:54.926+0000] {processor.py:830} INFO - Processing file /home/airflow/.local/lib/python3.12/site-packages/airflow/example_dags/example_latest_only_with_trigger.py for tasks to queue
[2024-05-21T19:55:54.964+0000] {logging_mixin.py:188} INFO - [2024-05-21T19:55:54.962+0000] {dagbag.py:545} INFO - Filling up the DagBag from /home/airflow/.local/lib/python3.12/site-packages/airflow/example_dags/example_latest_only_with_trigger.py
[2024-05-21T19:55:54.985+0000] {processor.py:840} INFO - DAG(s) 'latest_only_with_trigger' retrieved from /home/airflow/.local/lib/python3.12/site-packages/airflow/example_dags/example_latest_only_with_trigger.py
[2024-05-21T19:55:55.059+0000] {logging_mixin.py:188} INFO - [2024-05-21T19:55:55.058+0000] {dag.py:3096} INFO - Sync 1 DAGs
[2024-05-21T19:55:55.140+0000] {logging_mixin.py:188} INFO - [2024-05-21T19:55:55.139+0000] {dag.py:3954} INFO - Setting next_dagrun for latest_only_with_trigger to 2024-05-21 12:00:00+00:00, run_after=2024-05-21 16:00:00+00:00
[2024-05-21T19:55:55.225+0000] {processor.py:183} INFO - Processing /home/airflow/.local/lib/python3.12/site-packages/airflow/example_dags/example_latest_only_with_trigger.py took 0.326 seconds
[2024-05-21T19:56:25.516+0000] {processor.py:161} INFO - Started process (PID=255) to work on /home/airflow/.local/lib/python3.12/site-packages/airflow/example_dags/example_latest_only_with_trigger.py
[2024-05-21T19:56:25.519+0000] {processor.py:830} INFO - Processing file /home/airflow/.local/lib/python3.12/site-packages/airflow/example_dags/example_latest_only_with_trigger.py for tasks to queue
[2024-05-21T19:56:25.529+0000] {logging_mixin.py:188} INFO - [2024-05-21T19:56:25.527+0000] {dagbag.py:545} INFO - Filling up the DagBag from /home/airflow/.local/lib/python3.12/site-packages/airflow/example_dags/example_latest_only_with_trigger.py
[2024-05-21T19:56:25.548+0000] {processor.py:840} INFO - DAG(s) 'latest_only_with_trigger' retrieved from /home/airflow/.local/lib/python3.12/site-packages/airflow/example_dags/example_latest_only_with_trigger.py
[2024-05-21T19:56:25.622+0000] {logging_mixin.py:188} INFO - [2024-05-21T19:56:25.622+0000] {dag.py:3096} INFO - Sync 1 DAGs
[2024-05-21T19:56:25.732+0000] {logging_mixin.py:188} INFO - [2024-05-21T19:56:25.731+0000] {dag.py:3954} INFO - Setting next_dagrun for latest_only_with_trigger to 2024-05-21 12:00:00+00:00, run_after=2024-05-21 16:00:00+00:00
[2024-05-21T19:56:25.835+0000] {processor.py:183} INFO - Processing /home/airflow/.local/lib/python3.12/site-packages/airflow/example_dags/example_latest_only_with_trigger.py took 0.335 seconds
[2024-05-21T19:56:56.560+0000] {processor.py:161} INFO - Started process (PID=315) to work on /home/airflow/.local/lib/python3.12/site-packages/airflow/example_dags/example_latest_only_with_trigger.py
[2024-05-21T19:56:56.562+0000] {processor.py:830} INFO - Processing file /home/airflow/.local/lib/python3.12/site-packages/airflow/example_dags/example_latest_only_with_trigger.py for tasks to queue
[2024-05-21T19:56:56.566+0000] {logging_mixin.py:188} INFO - [2024-05-21T19:56:56.565+0000] {dagbag.py:545} INFO - Filling up the DagBag from /home/airflow/.local/lib/python3.12/site-packages/airflow/example_dags/example_latest_only_with_trigger.py
[2024-05-21T19:56:56.578+0000] {processor.py:840} INFO - DAG(s) 'latest_only_with_trigger' retrieved from /home/airflow/.local/lib/python3.12/site-packages/airflow/example_dags/example_latest_only_with_trigger.py
[2024-05-21T19:56:56.640+0000] {logging_mixin.py:188} INFO - [2024-05-21T19:56:56.639+0000] {dag.py:3096} INFO - Sync 1 DAGs
[2024-05-21T19:56:56.738+0000] {logging_mixin.py:188} INFO - [2024-05-21T19:56:56.738+0000] {dag.py:3954} INFO - Setting next_dagrun for latest_only_with_trigger to 2024-05-21 12:00:00+00:00, run_after=2024-05-21 16:00:00+00:00
[2024-05-21T19:56:56.796+0000] {processor.py:183} INFO - Processing /home/airflow/.local/lib/python3.12/site-packages/airflow/example_dags/example_latest_only_with_trigger.py took 0.251 seconds
[2024-05-21T19:57:27.654+0000] {processor.py:161} INFO - Started process (PID=375) to work on /home/airflow/.local/lib/python3.12/site-packages/airflow/example_dags/example_latest_only_with_trigger.py
[2024-05-21T19:57:27.656+0000] {processor.py:830} INFO - Processing file /home/airflow/.local/lib/python3.12/site-packages/airflow/example_dags/example_latest_only_with_trigger.py for tasks to queue
[2024-05-21T19:57:27.661+0000] {logging_mixin.py:188} INFO - [2024-05-21T19:57:27.660+0000] {dagbag.py:545} INFO - Filling up the DagBag from /home/airflow/.local/lib/python3.12/site-packages/airflow/example_dags/example_latest_only_with_trigger.py
[2024-05-21T19:57:27.682+0000] {processor.py:840} INFO - DAG(s) 'latest_only_with_trigger' retrieved from /home/airflow/.local/lib/python3.12/site-packages/airflow/example_dags/example_latest_only_with_trigger.py
[2024-05-21T19:57:27.736+0000] {logging_mixin.py:188} INFO - [2024-05-21T19:57:27.735+0000] {dag.py:3096} INFO - Sync 1 DAGs
[2024-05-21T19:57:27.813+0000] {logging_mixin.py:188} INFO - [2024-05-21T19:57:27.812+0000] {dag.py:3954} INFO - Setting next_dagrun for latest_only_with_trigger to 2024-05-21 12:00:00+00:00, run_after=2024-05-21 16:00:00+00:00
[2024-05-21T19:57:27.886+0000] {processor.py:183} INFO - Processing /home/airflow/.local/lib/python3.12/site-packages/airflow/example_dags/example_latest_only_with_trigger.py took 0.247 seconds
[2024-05-21T19:57:58.199+0000] {processor.py:161} INFO - Started process (PID=435) to work on /home/airflow/.local/lib/python3.12/site-packages/airflow/example_dags/example_latest_only_with_trigger.py
[2024-05-21T19:57:58.202+0000] {processor.py:830} INFO - Processing file /home/airflow/.local/lib/python3.12/site-packages/airflow/example_dags/example_latest_only_with_trigger.py for tasks to queue
[2024-05-21T19:57:58.207+0000] {logging_mixin.py:188} INFO - [2024-05-21T19:57:58.206+0000] {dagbag.py:545} INFO - Filling up the DagBag from /home/airflow/.local/lib/python3.12/site-packages/airflow/example_dags/example_latest_only_with_trigger.py
[2024-05-21T19:57:58.218+0000] {processor.py:840} INFO - DAG(s) 'latest_only_with_trigger' retrieved from /home/airflow/.local/lib/python3.12/site-packages/airflow/example_dags/example_latest_only_with_trigger.py
[2024-05-21T19:57:58.284+0000] {logging_mixin.py:188} INFO - [2024-05-21T19:57:58.283+0000] {dag.py:3096} INFO - Sync 1 DAGs
[2024-05-21T19:57:58.381+0000] {logging_mixin.py:188} INFO - [2024-05-21T19:57:58.380+0000] {dag.py:3954} INFO - Setting next_dagrun for latest_only_with_trigger to 2024-05-21 12:00:00+00:00, run_after=2024-05-21 16:00:00+00:00
[2024-05-21T19:57:58.468+0000] {processor.py:183} INFO - Processing /home/airflow/.local/lib/python3.12/site-packages/airflow/example_dags/example_latest_only_with_trigger.py took 0.288 seconds
[2024-05-21T19:58:28.900+0000] {processor.py:161} INFO - Started process (PID=495) to work on /home/airflow/.local/lib/python3.12/site-packages/airflow/example_dags/example_latest_only_with_trigger.py
[2024-05-21T19:58:28.902+0000] {processor.py:830} INFO - Processing file /home/airflow/.local/lib/python3.12/site-packages/airflow/example_dags/example_latest_only_with_trigger.py for tasks to queue
[2024-05-21T19:58:28.907+0000] {logging_mixin.py:188} INFO - [2024-05-21T19:58:28.906+0000] {dagbag.py:545} INFO - Filling up the DagBag from /home/airflow/.local/lib/python3.12/site-packages/airflow/example_dags/example_latest_only_with_trigger.py
[2024-05-21T19:58:28.921+0000] {processor.py:840} INFO - DAG(s) 'latest_only_with_trigger' retrieved from /home/airflow/.local/lib/python3.12/site-packages/airflow/example_dags/example_latest_only_with_trigger.py
[2024-05-21T19:58:28.993+0000] {logging_mixin.py:188} INFO - [2024-05-21T19:58:28.992+0000] {dag.py:3096} INFO - Sync 1 DAGs
[2024-05-21T19:58:29.097+0000] {logging_mixin.py:188} INFO - [2024-05-21T19:58:29.096+0000] {dag.py:3954} INFO - Setting next_dagrun for latest_only_with_trigger to 2024-05-21 12:00:00+00:00, run_after=2024-05-21 16:00:00+00:00
[2024-05-21T19:58:29.183+0000] {processor.py:183} INFO - Processing /home/airflow/.local/lib/python3.12/site-packages/airflow/example_dags/example_latest_only_with_trigger.py took 0.298 seconds
[2024-05-21T19:58:59.336+0000] {processor.py:161} INFO - Started process (PID=555) to work on /home/airflow/.local/lib/python3.12/site-packages/airflow/example_dags/example_latest_only_with_trigger.py
[2024-05-21T19:58:59.339+0000] {processor.py:830} INFO - Processing file /home/airflow/.local/lib/python3.12/site-packages/airflow/example_dags/example_latest_only_with_trigger.py for tasks to queue
[2024-05-21T19:58:59.343+0000] {logging_mixin.py:188} INFO - [2024-05-21T19:58:59.343+0000] {dagbag.py:545} INFO - Filling up the DagBag from /home/airflow/.local/lib/python3.12/site-packages/airflow/example_dags/example_latest_only_with_trigger.py
[2024-05-21T19:58:59.356+0000] {processor.py:840} INFO - DAG(s) 'latest_only_with_trigger' retrieved from /home/airflow/.local/lib/python3.12/site-packages/airflow/example_dags/example_latest_only_with_trigger.py
[2024-05-21T19:58:59.413+0000] {logging_mixin.py:188} INFO - [2024-05-21T19:58:59.412+0000] {dag.py:3096} INFO - Sync 1 DAGs
[2024-05-21T19:58:59.483+0000] {logging_mixin.py:188} INFO - [2024-05-21T19:58:59.482+0000] {dag.py:3954} INFO - Setting next_dagrun for latest_only_with_trigger to 2024-05-21 12:00:00+00:00, run_after=2024-05-21 16:00:00+00:00
[2024-05-21T19:58:59.554+0000] {processor.py:183} INFO - Processing /home/airflow/.local/lib/python3.12/site-packages/airflow/example_dags/example_latest_only_with_trigger.py took 0.236 seconds
[2024-05-21T19:59:30.545+0000] {processor.py:161} INFO - Started process (PID=615) to work on /home/airflow/.local/lib/python3.12/site-packages/airflow/example_dags/example_latest_only_with_trigger.py
[2024-05-21T19:59:30.548+0000] {processor.py:830} INFO - Processing file /home/airflow/.local/lib/python3.12/site-packages/airflow/example_dags/example_latest_only_with_trigger.py for tasks to queue
[2024-05-21T19:59:30.551+0000] {logging_mixin.py:188} INFO - [2024-05-21T19:59:30.551+0000] {dagbag.py:545} INFO - Filling up the DagBag from /home/airflow/.local/lib/python3.12/site-packages/airflow/example_dags/example_latest_only_with_trigger.py
[2024-05-21T19:59:30.565+0000] {processor.py:840} INFO - DAG(s) 'latest_only_with_trigger' retrieved from /home/airflow/.local/lib/python3.12/site-packages/airflow/example_dags/example_latest_only_with_trigger.py
[2024-05-21T19:59:30.621+0000] {logging_mixin.py:188} INFO - [2024-05-21T19:59:30.621+0000] {dag.py:3096} INFO - Sync 1 DAGs
[2024-05-21T19:59:30.675+0000] {logging_mixin.py:188} INFO - [2024-05-21T19:59:30.674+0000] {dag.py:3954} INFO - Setting next_dagrun for latest_only_with_trigger to 2024-05-21 12:00:00+00:00, run_after=2024-05-21 16:00:00+00:00
[2024-05-21T19:59:30.742+0000] {processor.py:183} INFO - Processing /home/airflow/.local/lib/python3.12/site-packages/airflow/example_dags/example_latest_only_with_trigger.py took 0.218 seconds
[2024-05-21T20:00:02.647+0000] {processor.py:161} INFO - Started process (PID=675) to work on /home/airflow/.local/lib/python3.12/site-packages/airflow/example_dags/example_latest_only_with_trigger.py
[2024-05-21T20:00:02.651+0000] {processor.py:830} INFO - Processing file /home/airflow/.local/lib/python3.12/site-packages/airflow/example_dags/example_latest_only_with_trigger.py for tasks to queue
[2024-05-21T20:00:02.656+0000] {logging_mixin.py:188} INFO - [2024-05-21T20:00:02.655+0000] {dagbag.py:545} INFO - Filling up the DagBag from /home/airflow/.local/lib/python3.12/site-packages/airflow/example_dags/example_latest_only_with_trigger.py
[2024-05-21T20:00:02.671+0000] {processor.py:840} INFO - DAG(s) 'latest_only_with_trigger' retrieved from /home/airflow/.local/lib/python3.12/site-packages/airflow/example_dags/example_latest_only_with_trigger.py
[2024-05-21T20:00:02.759+0000] {logging_mixin.py:188} INFO - [2024-05-21T20:00:02.758+0000] {dag.py:3096} INFO - Sync 1 DAGs
[2024-05-21T20:00:02.835+0000] {logging_mixin.py:188} INFO - [2024-05-21T20:00:02.834+0000] {dag.py:3954} INFO - Setting next_dagrun for latest_only_with_trigger to 2024-05-21 16:00:00+00:00, run_after=2024-05-21 20:00:00+00:00
[2024-05-21T20:00:02.909+0000] {processor.py:183} INFO - Processing /home/airflow/.local/lib/python3.12/site-packages/airflow/example_dags/example_latest_only_with_trigger.py took 0.291 seconds
[2024-05-21T20:00:34.322+0000] {processor.py:161} INFO - Started process (PID=735) to work on /home/airflow/.local/lib/python3.12/site-packages/airflow/example_dags/example_latest_only_with_trigger.py
[2024-05-21T20:00:34.326+0000] {processor.py:830} INFO - Processing file /home/airflow/.local/lib/python3.12/site-packages/airflow/example_dags/example_latest_only_with_trigger.py for tasks to queue
[2024-05-21T20:00:34.331+0000] {logging_mixin.py:188} INFO - [2024-05-21T20:00:34.330+0000] {dagbag.py:545} INFO - Filling up the DagBag from /home/airflow/.local/lib/python3.12/site-packages/airflow/example_dags/example_latest_only_with_trigger.py
[2024-05-21T20:00:34.344+0000] {processor.py:840} INFO - DAG(s) 'latest_only_with_trigger' retrieved from /home/airflow/.local/lib/python3.12/site-packages/airflow/example_dags/example_latest_only_with_trigger.py
[2024-05-21T20:00:34.406+0000] {logging_mixin.py:188} INFO - [2024-05-21T20:00:34.405+0000] {dag.py:3096} INFO - Sync 1 DAGs
[2024-05-21T20:00:34.504+0000] {logging_mixin.py:188} INFO - [2024-05-21T20:00:34.502+0000] {dag.py:3954} INFO - Setting next_dagrun for latest_only_with_trigger to 2024-05-21 16:00:00+00:00, run_after=2024-05-21 20:00:00+00:00
[2024-05-21T20:00:34.563+0000] {processor.py:183} INFO - Processing /home/airflow/.local/lib/python3.12/site-packages/airflow/example_dags/example_latest_only_with_trigger.py took 0.260 seconds
[2024-05-21T20:01:06.378+0000] {processor.py:161} INFO - Started process (PID=801) to work on /home/airflow/.local/lib/python3.12/site-packages/airflow/example_dags/example_latest_only_with_trigger.py
[2024-05-21T20:01:06.381+0000] {processor.py:830} INFO - Processing file /home/airflow/.local/lib/python3.12/site-packages/airflow/example_dags/example_latest_only_with_trigger.py for tasks to queue
[2024-05-21T20:01:06.386+0000] {logging_mixin.py:188} INFO - [2024-05-21T20:01:06.385+0000] {dagbag.py:545} INFO - Filling up the DagBag from /home/airflow/.local/lib/python3.12/site-packages/airflow/example_dags/example_latest_only_with_trigger.py
[2024-05-21T20:01:06.433+0000] {processor.py:840} INFO - DAG(s) 'latest_only_with_trigger' retrieved from /home/airflow/.local/lib/python3.12/site-packages/airflow/example_dags/example_latest_only_with_trigger.py
[2024-05-21T20:01:06.489+0000] {logging_mixin.py:188} INFO - [2024-05-21T20:01:06.488+0000] {dag.py:3096} INFO - Sync 1 DAGs
[2024-05-21T20:01:06.568+0000] {logging_mixin.py:188} INFO - [2024-05-21T20:01:06.567+0000] {dag.py:3954} INFO - Setting next_dagrun for latest_only_with_trigger to 2024-05-21 16:00:00+00:00, run_after=2024-05-21 20:00:00+00:00
[2024-05-21T20:01:06.660+0000] {processor.py:183} INFO - Processing /home/airflow/.local/lib/python3.12/site-packages/airflow/example_dags/example_latest_only_with_trigger.py took 0.299 seconds
[2024-05-21T20:01:37.244+0000] {processor.py:161} INFO - Started process (PID=861) to work on /home/airflow/.local/lib/python3.12/site-packages/airflow/example_dags/example_latest_only_with_trigger.py
[2024-05-21T20:01:37.247+0000] {processor.py:830} INFO - Processing file /home/airflow/.local/lib/python3.12/site-packages/airflow/example_dags/example_latest_only_with_trigger.py for tasks to queue
[2024-05-21T20:01:37.253+0000] {logging_mixin.py:188} INFO - [2024-05-21T20:01:37.252+0000] {dagbag.py:545} INFO - Filling up the DagBag from /home/airflow/.local/lib/python3.12/site-packages/airflow/example_dags/example_latest_only_with_trigger.py
[2024-05-21T20:01:37.268+0000] {processor.py:840} INFO - DAG(s) 'latest_only_with_trigger' retrieved from /home/airflow/.local/lib/python3.12/site-packages/airflow/example_dags/example_latest_only_with_trigger.py
[2024-05-21T20:01:37.324+0000] {logging_mixin.py:188} INFO - [2024-05-21T20:01:37.323+0000] {dag.py:3096} INFO - Sync 1 DAGs
[2024-05-21T20:01:37.444+0000] {logging_mixin.py:188} INFO - [2024-05-21T20:01:37.443+0000] {dag.py:3954} INFO - Setting next_dagrun for latest_only_with_trigger to 2024-05-21 16:00:00+00:00, run_after=2024-05-21 20:00:00+00:00
[2024-05-21T20:01:37.512+0000] {processor.py:183} INFO - Processing /home/airflow/.local/lib/python3.12/site-packages/airflow/example_dags/example_latest_only_with_trigger.py took 0.295 seconds
[2024-05-21T20:02:08.603+0000] {processor.py:161} INFO - Started process (PID=921) to work on /home/airflow/.local/lib/python3.12/site-packages/airflow/example_dags/example_latest_only_with_trigger.py
[2024-05-21T20:02:08.606+0000] {processor.py:830} INFO - Processing file /home/airflow/.local/lib/python3.12/site-packages/airflow/example_dags/example_latest_only_with_trigger.py for tasks to queue
[2024-05-21T20:02:08.612+0000] {logging_mixin.py:188} INFO - [2024-05-21T20:02:08.610+0000] {dagbag.py:545} INFO - Filling up the DagBag from /home/airflow/.local/lib/python3.12/site-packages/airflow/example_dags/example_latest_only_with_trigger.py
[2024-05-21T20:02:08.628+0000] {processor.py:840} INFO - DAG(s) 'latest_only_with_trigger' retrieved from /home/airflow/.local/lib/python3.12/site-packages/airflow/example_dags/example_latest_only_with_trigger.py
[2024-05-21T20:02:08.724+0000] {logging_mixin.py:188} INFO - [2024-05-21T20:02:08.723+0000] {dag.py:3096} INFO - Sync 1 DAGs
[2024-05-21T20:02:08.800+0000] {logging_mixin.py:188} INFO - [2024-05-21T20:02:08.799+0000] {dag.py:3954} INFO - Setting next_dagrun for latest_only_with_trigger to 2024-05-21 16:00:00+00:00, run_after=2024-05-21 20:00:00+00:00
[2024-05-21T20:02:08.861+0000] {processor.py:183} INFO - Processing /home/airflow/.local/lib/python3.12/site-packages/airflow/example_dags/example_latest_only_with_trigger.py took 0.275 seconds
[2024-05-21T20:02:39.435+0000] {processor.py:161} INFO - Started process (PID=981) to work on /home/airflow/.local/lib/python3.12/site-packages/airflow/example_dags/example_latest_only_with_trigger.py
[2024-05-21T20:02:39.437+0000] {processor.py:830} INFO - Processing file /home/airflow/.local/lib/python3.12/site-packages/airflow/example_dags/example_latest_only_with_trigger.py for tasks to queue
[2024-05-21T20:02:39.442+0000] {logging_mixin.py:188} INFO - [2024-05-21T20:02:39.441+0000] {dagbag.py:545} INFO - Filling up the DagBag from /home/airflow/.local/lib/python3.12/site-packages/airflow/example_dags/example_latest_only_with_trigger.py
[2024-05-21T20:02:39.452+0000] {processor.py:840} INFO - DAG(s) 'latest_only_with_trigger' retrieved from /home/airflow/.local/lib/python3.12/site-packages/airflow/example_dags/example_latest_only_with_trigger.py
[2024-05-21T20:02:39.505+0000] {logging_mixin.py:188} INFO - [2024-05-21T20:02:39.504+0000] {dag.py:3096} INFO - Sync 1 DAGs
[2024-05-21T20:02:39.562+0000] {logging_mixin.py:188} INFO - [2024-05-21T20:02:39.562+0000] {dag.py:3954} INFO - Setting next_dagrun for latest_only_with_trigger to 2024-05-21 16:00:00+00:00, run_after=2024-05-21 20:00:00+00:00
[2024-05-21T20:02:39.617+0000] {processor.py:183} INFO - Processing /home/airflow/.local/lib/python3.12/site-packages/airflow/example_dags/example_latest_only_with_trigger.py took 0.198 seconds
