[2024-05-21T19:28:59.740+0000] {processor.py:161} INFO - Started process (PID=44) to work on /home/airflow/.local/lib/python3.12/site-packages/airflow/example_dags/example_task_group_decorator.py
[2024-05-21T19:28:59.742+0000] {processor.py:830} INFO - Processing file /home/airflow/.local/lib/python3.12/site-packages/airflow/example_dags/example_task_group_decorator.py for tasks to queue
[2024-05-21T19:28:59.748+0000] {logging_mixin.py:188} INFO - [2024-05-21T19:28:59.747+0000] {dagbag.py:545} INFO - Filling up the DagBag from /home/airflow/.local/lib/python3.12/site-packages/airflow/example_dags/example_task_group_decorator.py
[2024-05-21T19:28:59.800+0000] {processor.py:840} INFO - DAG(s) 'example_task_group_decorator' retrieved from /home/airflow/.local/lib/python3.12/site-packages/airflow/example_dags/example_task_group_decorator.py
[2024-05-21T19:29:00.279+0000] {logging_mixin.py:188} INFO - [2024-05-21T19:29:00.279+0000] {dag.py:3096} INFO - Sync 1 DAGs
[2024-05-21T19:29:00.359+0000] {logging_mixin.py:188} INFO - [2024-05-21T19:29:00.358+0000] {dag.py:3954} INFO - Setting next_dagrun for example_task_group_decorator to 2024-05-20 00:00:00+00:00, run_after=2024-05-21 00:00:00+00:00
[2024-05-21T19:29:00.470+0000] {processor.py:183} INFO - Processing /home/airflow/.local/lib/python3.12/site-packages/airflow/example_dags/example_task_group_decorator.py took 0.747 seconds
[2024-05-21T19:29:31.451+0000] {processor.py:161} INFO - Started process (PID=104) to work on /home/airflow/.local/lib/python3.12/site-packages/airflow/example_dags/example_task_group_decorator.py
[2024-05-21T19:29:31.453+0000] {processor.py:830} INFO - Processing file /home/airflow/.local/lib/python3.12/site-packages/airflow/example_dags/example_task_group_decorator.py for tasks to queue
[2024-05-21T19:29:31.458+0000] {logging_mixin.py:188} INFO - [2024-05-21T19:29:31.457+0000] {dagbag.py:545} INFO - Filling up the DagBag from /home/airflow/.local/lib/python3.12/site-packages/airflow/example_dags/example_task_group_decorator.py
[2024-05-21T19:29:31.509+0000] {processor.py:840} INFO - DAG(s) 'example_task_group_decorator' retrieved from /home/airflow/.local/lib/python3.12/site-packages/airflow/example_dags/example_task_group_decorator.py
[2024-05-21T19:29:31.622+0000] {logging_mixin.py:188} INFO - [2024-05-21T19:29:31.621+0000] {dag.py:3096} INFO - Sync 1 DAGs
[2024-05-21T19:29:31.703+0000] {logging_mixin.py:188} INFO - [2024-05-21T19:29:31.702+0000] {dag.py:3954} INFO - Setting next_dagrun for example_task_group_decorator to 2024-05-20 00:00:00+00:00, run_after=2024-05-21 00:00:00+00:00
[2024-05-21T19:29:31.784+0000] {processor.py:183} INFO - Processing /home/airflow/.local/lib/python3.12/site-packages/airflow/example_dags/example_task_group_decorator.py took 0.354 seconds
[2024-05-21T19:30:02.167+0000] {processor.py:161} INFO - Started process (PID=164) to work on /home/airflow/.local/lib/python3.12/site-packages/airflow/example_dags/example_task_group_decorator.py
[2024-05-21T19:30:02.170+0000] {processor.py:830} INFO - Processing file /home/airflow/.local/lib/python3.12/site-packages/airflow/example_dags/example_task_group_decorator.py for tasks to queue
[2024-05-21T19:30:02.177+0000] {logging_mixin.py:188} INFO - [2024-05-21T19:30:02.176+0000] {dagbag.py:545} INFO - Filling up the DagBag from /home/airflow/.local/lib/python3.12/site-packages/airflow/example_dags/example_task_group_decorator.py
[2024-05-21T19:30:02.231+0000] {processor.py:840} INFO - DAG(s) 'example_task_group_decorator' retrieved from /home/airflow/.local/lib/python3.12/site-packages/airflow/example_dags/example_task_group_decorator.py
[2024-05-21T19:30:02.375+0000] {logging_mixin.py:188} INFO - [2024-05-21T19:30:02.373+0000] {dag.py:3096} INFO - Sync 1 DAGs
[2024-05-21T19:30:02.445+0000] {logging_mixin.py:188} INFO - [2024-05-21T19:30:02.445+0000] {dag.py:3954} INFO - Setting next_dagrun for example_task_group_decorator to 2024-05-20 00:00:00+00:00, run_after=2024-05-21 00:00:00+00:00
[2024-05-21T19:30:02.565+0000] {processor.py:183} INFO - Processing /home/airflow/.local/lib/python3.12/site-packages/airflow/example_dags/example_task_group_decorator.py took 0.412 seconds
[2024-05-21T19:30:33.232+0000] {processor.py:161} INFO - Started process (PID=222) to work on /home/airflow/.local/lib/python3.12/site-packages/airflow/example_dags/example_task_group_decorator.py
[2024-05-21T19:30:33.235+0000] {processor.py:830} INFO - Processing file /home/airflow/.local/lib/python3.12/site-packages/airflow/example_dags/example_task_group_decorator.py for tasks to queue
[2024-05-21T19:30:33.239+0000] {logging_mixin.py:188} INFO - [2024-05-21T19:30:33.238+0000] {dagbag.py:545} INFO - Filling up the DagBag from /home/airflow/.local/lib/python3.12/site-packages/airflow/example_dags/example_task_group_decorator.py
[2024-05-21T19:30:33.284+0000] {processor.py:840} INFO - DAG(s) 'example_task_group_decorator' retrieved from /home/airflow/.local/lib/python3.12/site-packages/airflow/example_dags/example_task_group_decorator.py
[2024-05-21T19:30:33.342+0000] {logging_mixin.py:188} INFO - [2024-05-21T19:30:33.341+0000] {dag.py:3096} INFO - Sync 1 DAGs
[2024-05-21T19:30:33.440+0000] {logging_mixin.py:188} INFO - [2024-05-21T19:30:33.440+0000] {dag.py:3954} INFO - Setting next_dagrun for example_task_group_decorator to 2024-05-20 00:00:00+00:00, run_after=2024-05-21 00:00:00+00:00
[2024-05-21T19:30:33.492+0000] {processor.py:183} INFO - Processing /home/airflow/.local/lib/python3.12/site-packages/airflow/example_dags/example_task_group_decorator.py took 0.273 seconds
[2024-05-21T19:31:03.846+0000] {processor.py:161} INFO - Started process (PID=282) to work on /home/airflow/.local/lib/python3.12/site-packages/airflow/example_dags/example_task_group_decorator.py
[2024-05-21T19:31:03.850+0000] {processor.py:830} INFO - Processing file /home/airflow/.local/lib/python3.12/site-packages/airflow/example_dags/example_task_group_decorator.py for tasks to queue
[2024-05-21T19:31:03.855+0000] {logging_mixin.py:188} INFO - [2024-05-21T19:31:03.854+0000] {dagbag.py:545} INFO - Filling up the DagBag from /home/airflow/.local/lib/python3.12/site-packages/airflow/example_dags/example_task_group_decorator.py
[2024-05-21T19:31:03.897+0000] {processor.py:840} INFO - DAG(s) 'example_task_group_decorator' retrieved from /home/airflow/.local/lib/python3.12/site-packages/airflow/example_dags/example_task_group_decorator.py
[2024-05-21T19:31:03.979+0000] {logging_mixin.py:188} INFO - [2024-05-21T19:31:03.978+0000] {dag.py:3096} INFO - Sync 1 DAGs
[2024-05-21T19:31:04.049+0000] {logging_mixin.py:188} INFO - [2024-05-21T19:31:04.049+0000] {dag.py:3954} INFO - Setting next_dagrun for example_task_group_decorator to 2024-05-20 00:00:00+00:00, run_after=2024-05-21 00:00:00+00:00
[2024-05-21T19:31:04.130+0000] {processor.py:183} INFO - Processing /home/airflow/.local/lib/python3.12/site-packages/airflow/example_dags/example_task_group_decorator.py took 0.302 seconds
[2024-05-21T19:31:34.796+0000] {processor.py:161} INFO - Started process (PID=342) to work on /home/airflow/.local/lib/python3.12/site-packages/airflow/example_dags/example_task_group_decorator.py
[2024-05-21T19:31:34.799+0000] {processor.py:830} INFO - Processing file /home/airflow/.local/lib/python3.12/site-packages/airflow/example_dags/example_task_group_decorator.py for tasks to queue
[2024-05-21T19:31:34.805+0000] {logging_mixin.py:188} INFO - [2024-05-21T19:31:34.803+0000] {dagbag.py:545} INFO - Filling up the DagBag from /home/airflow/.local/lib/python3.12/site-packages/airflow/example_dags/example_task_group_decorator.py
[2024-05-21T19:31:34.852+0000] {processor.py:840} INFO - DAG(s) 'example_task_group_decorator' retrieved from /home/airflow/.local/lib/python3.12/site-packages/airflow/example_dags/example_task_group_decorator.py
[2024-05-21T19:31:35.083+0000] {logging_mixin.py:188} INFO - [2024-05-21T19:31:35.082+0000] {dag.py:3096} INFO - Sync 1 DAGs
[2024-05-21T19:31:35.260+0000] {logging_mixin.py:188} INFO - [2024-05-21T19:31:35.259+0000] {dag.py:3954} INFO - Setting next_dagrun for example_task_group_decorator to 2024-05-20 00:00:00+00:00, run_after=2024-05-21 00:00:00+00:00
[2024-05-21T19:31:35.358+0000] {processor.py:183} INFO - Processing /home/airflow/.local/lib/python3.12/site-packages/airflow/example_dags/example_task_group_decorator.py took 0.581 seconds
[2024-05-21T19:32:05.679+0000] {processor.py:161} INFO - Started process (PID=402) to work on /home/airflow/.local/lib/python3.12/site-packages/airflow/example_dags/example_task_group_decorator.py
[2024-05-21T19:32:05.682+0000] {processor.py:830} INFO - Processing file /home/airflow/.local/lib/python3.12/site-packages/airflow/example_dags/example_task_group_decorator.py for tasks to queue
[2024-05-21T19:32:05.690+0000] {logging_mixin.py:188} INFO - [2024-05-21T19:32:05.689+0000] {dagbag.py:545} INFO - Filling up the DagBag from /home/airflow/.local/lib/python3.12/site-packages/airflow/example_dags/example_task_group_decorator.py
[2024-05-21T19:32:05.745+0000] {processor.py:840} INFO - DAG(s) 'example_task_group_decorator' retrieved from /home/airflow/.local/lib/python3.12/site-packages/airflow/example_dags/example_task_group_decorator.py
[2024-05-21T19:32:05.874+0000] {logging_mixin.py:188} INFO - [2024-05-21T19:32:05.873+0000] {dag.py:3096} INFO - Sync 1 DAGs
[2024-05-21T19:32:05.964+0000] {logging_mixin.py:188} INFO - [2024-05-21T19:32:05.963+0000] {dag.py:3954} INFO - Setting next_dagrun for example_task_group_decorator to 2024-05-20 00:00:00+00:00, run_after=2024-05-21 00:00:00+00:00
[2024-05-21T19:32:06.049+0000] {processor.py:183} INFO - Processing /home/airflow/.local/lib/python3.12/site-packages/airflow/example_dags/example_task_group_decorator.py took 0.385 seconds
[2024-05-21T19:32:36.701+0000] {processor.py:161} INFO - Started process (PID=463) to work on /home/airflow/.local/lib/python3.12/site-packages/airflow/example_dags/example_task_group_decorator.py
[2024-05-21T19:32:36.704+0000] {processor.py:830} INFO - Processing file /home/airflow/.local/lib/python3.12/site-packages/airflow/example_dags/example_task_group_decorator.py for tasks to queue
[2024-05-21T19:32:36.711+0000] {logging_mixin.py:188} INFO - [2024-05-21T19:32:36.709+0000] {dagbag.py:545} INFO - Filling up the DagBag from /home/airflow/.local/lib/python3.12/site-packages/airflow/example_dags/example_task_group_decorator.py
[2024-05-21T19:32:36.753+0000] {processor.py:840} INFO - DAG(s) 'example_task_group_decorator' retrieved from /home/airflow/.local/lib/python3.12/site-packages/airflow/example_dags/example_task_group_decorator.py
[2024-05-21T19:32:36.839+0000] {logging_mixin.py:188} INFO - [2024-05-21T19:32:36.838+0000] {dag.py:3096} INFO - Sync 1 DAGs
[2024-05-21T19:32:36.899+0000] {logging_mixin.py:188} INFO - [2024-05-21T19:32:36.899+0000] {dag.py:3954} INFO - Setting next_dagrun for example_task_group_decorator to 2024-05-20 00:00:00+00:00, run_after=2024-05-21 00:00:00+00:00
[2024-05-21T19:32:36.982+0000] {processor.py:183} INFO - Processing /home/airflow/.local/lib/python3.12/site-packages/airflow/example_dags/example_task_group_decorator.py took 0.297 seconds
[2024-05-21T19:33:07.101+0000] {processor.py:161} INFO - Started process (PID=523) to work on /home/airflow/.local/lib/python3.12/site-packages/airflow/example_dags/example_task_group_decorator.py
[2024-05-21T19:33:07.104+0000] {processor.py:830} INFO - Processing file /home/airflow/.local/lib/python3.12/site-packages/airflow/example_dags/example_task_group_decorator.py for tasks to queue
[2024-05-21T19:33:07.108+0000] {logging_mixin.py:188} INFO - [2024-05-21T19:33:07.107+0000] {dagbag.py:545} INFO - Filling up the DagBag from /home/airflow/.local/lib/python3.12/site-packages/airflow/example_dags/example_task_group_decorator.py
[2024-05-21T19:33:07.148+0000] {processor.py:840} INFO - DAG(s) 'example_task_group_decorator' retrieved from /home/airflow/.local/lib/python3.12/site-packages/airflow/example_dags/example_task_group_decorator.py
[2024-05-21T19:33:07.206+0000] {logging_mixin.py:188} INFO - [2024-05-21T19:33:07.205+0000] {dag.py:3096} INFO - Sync 1 DAGs
[2024-05-21T19:33:07.278+0000] {logging_mixin.py:188} INFO - [2024-05-21T19:33:07.278+0000] {dag.py:3954} INFO - Setting next_dagrun for example_task_group_decorator to 2024-05-20 00:00:00+00:00, run_after=2024-05-21 00:00:00+00:00
[2024-05-21T19:33:07.354+0000] {processor.py:183} INFO - Processing /home/airflow/.local/lib/python3.12/site-packages/airflow/example_dags/example_task_group_decorator.py took 0.264 seconds
[2024-05-21T19:33:37.999+0000] {processor.py:161} INFO - Started process (PID=583) to work on /home/airflow/.local/lib/python3.12/site-packages/airflow/example_dags/example_task_group_decorator.py
[2024-05-21T19:33:38.002+0000] {processor.py:830} INFO - Processing file /home/airflow/.local/lib/python3.12/site-packages/airflow/example_dags/example_task_group_decorator.py for tasks to queue
[2024-05-21T19:33:38.007+0000] {logging_mixin.py:188} INFO - [2024-05-21T19:33:38.006+0000] {dagbag.py:545} INFO - Filling up the DagBag from /home/airflow/.local/lib/python3.12/site-packages/airflow/example_dags/example_task_group_decorator.py
[2024-05-21T19:33:38.045+0000] {processor.py:840} INFO - DAG(s) 'example_task_group_decorator' retrieved from /home/airflow/.local/lib/python3.12/site-packages/airflow/example_dags/example_task_group_decorator.py
[2024-05-21T19:33:38.117+0000] {logging_mixin.py:188} INFO - [2024-05-21T19:33:38.116+0000] {dag.py:3096} INFO - Sync 1 DAGs
[2024-05-21T19:33:38.189+0000] {logging_mixin.py:188} INFO - [2024-05-21T19:33:38.189+0000] {dag.py:3954} INFO - Setting next_dagrun for example_task_group_decorator to 2024-05-20 00:00:00+00:00, run_after=2024-05-21 00:00:00+00:00
[2024-05-21T19:33:38.240+0000] {processor.py:183} INFO - Processing /home/airflow/.local/lib/python3.12/site-packages/airflow/example_dags/example_task_group_decorator.py took 0.253 seconds
[2024-05-21T19:34:08.573+0000] {processor.py:161} INFO - Started process (PID=643) to work on /home/airflow/.local/lib/python3.12/site-packages/airflow/example_dags/example_task_group_decorator.py
[2024-05-21T19:34:08.576+0000] {processor.py:830} INFO - Processing file /home/airflow/.local/lib/python3.12/site-packages/airflow/example_dags/example_task_group_decorator.py for tasks to queue
[2024-05-21T19:34:08.586+0000] {logging_mixin.py:188} INFO - [2024-05-21T19:34:08.584+0000] {dagbag.py:545} INFO - Filling up the DagBag from /home/airflow/.local/lib/python3.12/site-packages/airflow/example_dags/example_task_group_decorator.py
[2024-05-21T19:34:08.624+0000] {processor.py:840} INFO - DAG(s) 'example_task_group_decorator' retrieved from /home/airflow/.local/lib/python3.12/site-packages/airflow/example_dags/example_task_group_decorator.py
[2024-05-21T19:34:08.719+0000] {logging_mixin.py:188} INFO - [2024-05-21T19:34:08.719+0000] {dag.py:3096} INFO - Sync 1 DAGs
[2024-05-21T19:34:08.843+0000] {logging_mixin.py:188} INFO - [2024-05-21T19:34:08.840+0000] {dag.py:3954} INFO - Setting next_dagrun for example_task_group_decorator to 2024-05-20 00:00:00+00:00, run_after=2024-05-21 00:00:00+00:00
[2024-05-21T19:34:08.922+0000] {processor.py:183} INFO - Processing /home/airflow/.local/lib/python3.12/site-packages/airflow/example_dags/example_task_group_decorator.py took 0.366 seconds
[2024-05-21T19:34:39.727+0000] {processor.py:161} INFO - Started process (PID=703) to work on /home/airflow/.local/lib/python3.12/site-packages/airflow/example_dags/example_task_group_decorator.py
[2024-05-21T19:34:39.730+0000] {processor.py:830} INFO - Processing file /home/airflow/.local/lib/python3.12/site-packages/airflow/example_dags/example_task_group_decorator.py for tasks to queue
[2024-05-21T19:34:39.738+0000] {logging_mixin.py:188} INFO - [2024-05-21T19:34:39.736+0000] {dagbag.py:545} INFO - Filling up the DagBag from /home/airflow/.local/lib/python3.12/site-packages/airflow/example_dags/example_task_group_decorator.py
[2024-05-21T19:34:39.787+0000] {processor.py:840} INFO - DAG(s) 'example_task_group_decorator' retrieved from /home/airflow/.local/lib/python3.12/site-packages/airflow/example_dags/example_task_group_decorator.py
[2024-05-21T19:34:39.886+0000] {logging_mixin.py:188} INFO - [2024-05-21T19:34:39.885+0000] {dag.py:3096} INFO - Sync 1 DAGs
[2024-05-21T19:34:39.962+0000] {logging_mixin.py:188} INFO - [2024-05-21T19:34:39.961+0000] {dag.py:3954} INFO - Setting next_dagrun for example_task_group_decorator to 2024-05-20 00:00:00+00:00, run_after=2024-05-21 00:00:00+00:00
[2024-05-21T19:34:40.061+0000] {processor.py:183} INFO - Processing /home/airflow/.local/lib/python3.12/site-packages/airflow/example_dags/example_task_group_decorator.py took 0.351 seconds
[2024-05-21T19:35:10.628+0000] {processor.py:161} INFO - Started process (PID=763) to work on /home/airflow/.local/lib/python3.12/site-packages/airflow/example_dags/example_task_group_decorator.py
[2024-05-21T19:35:10.631+0000] {processor.py:830} INFO - Processing file /home/airflow/.local/lib/python3.12/site-packages/airflow/example_dags/example_task_group_decorator.py for tasks to queue
[2024-05-21T19:35:10.637+0000] {logging_mixin.py:188} INFO - [2024-05-21T19:35:10.636+0000] {dagbag.py:545} INFO - Filling up the DagBag from /home/airflow/.local/lib/python3.12/site-packages/airflow/example_dags/example_task_group_decorator.py
[2024-05-21T19:35:10.678+0000] {processor.py:840} INFO - DAG(s) 'example_task_group_decorator' retrieved from /home/airflow/.local/lib/python3.12/site-packages/airflow/example_dags/example_task_group_decorator.py
[2024-05-21T19:35:10.747+0000] {logging_mixin.py:188} INFO - [2024-05-21T19:35:10.747+0000] {dag.py:3096} INFO - Sync 1 DAGs
[2024-05-21T19:35:10.814+0000] {logging_mixin.py:188} INFO - [2024-05-21T19:35:10.813+0000] {dag.py:3954} INFO - Setting next_dagrun for example_task_group_decorator to 2024-05-20 00:00:00+00:00, run_after=2024-05-21 00:00:00+00:00
[2024-05-21T19:35:10.876+0000] {processor.py:183} INFO - Processing /home/airflow/.local/lib/python3.12/site-packages/airflow/example_dags/example_task_group_decorator.py took 0.261 seconds
[2024-05-21T19:35:41.263+0000] {processor.py:161} INFO - Started process (PID=823) to work on /home/airflow/.local/lib/python3.12/site-packages/airflow/example_dags/example_task_group_decorator.py
[2024-05-21T19:35:41.266+0000] {processor.py:830} INFO - Processing file /home/airflow/.local/lib/python3.12/site-packages/airflow/example_dags/example_task_group_decorator.py for tasks to queue
[2024-05-21T19:35:41.271+0000] {logging_mixin.py:188} INFO - [2024-05-21T19:35:41.270+0000] {dagbag.py:545} INFO - Filling up the DagBag from /home/airflow/.local/lib/python3.12/site-packages/airflow/example_dags/example_task_group_decorator.py
[2024-05-21T19:35:41.313+0000] {processor.py:840} INFO - DAG(s) 'example_task_group_decorator' retrieved from /home/airflow/.local/lib/python3.12/site-packages/airflow/example_dags/example_task_group_decorator.py
[2024-05-21T19:35:41.381+0000] {logging_mixin.py:188} INFO - [2024-05-21T19:35:41.381+0000] {dag.py:3096} INFO - Sync 1 DAGs
[2024-05-21T19:35:41.436+0000] {logging_mixin.py:188} INFO - [2024-05-21T19:35:41.435+0000] {dag.py:3954} INFO - Setting next_dagrun for example_task_group_decorator to 2024-05-20 00:00:00+00:00, run_after=2024-05-21 00:00:00+00:00
[2024-05-21T19:35:41.503+0000] {processor.py:183} INFO - Processing /home/airflow/.local/lib/python3.12/site-packages/airflow/example_dags/example_task_group_decorator.py took 0.251 seconds
[2024-05-21T19:36:11.630+0000] {processor.py:161} INFO - Started process (PID=882) to work on /home/airflow/.local/lib/python3.12/site-packages/airflow/example_dags/example_task_group_decorator.py
[2024-05-21T19:36:11.633+0000] {processor.py:830} INFO - Processing file /home/airflow/.local/lib/python3.12/site-packages/airflow/example_dags/example_task_group_decorator.py for tasks to queue
[2024-05-21T19:36:11.637+0000] {logging_mixin.py:188} INFO - [2024-05-21T19:36:11.636+0000] {dagbag.py:545} INFO - Filling up the DagBag from /home/airflow/.local/lib/python3.12/site-packages/airflow/example_dags/example_task_group_decorator.py
[2024-05-21T19:36:11.664+0000] {processor.py:840} INFO - DAG(s) 'example_task_group_decorator' retrieved from /home/airflow/.local/lib/python3.12/site-packages/airflow/example_dags/example_task_group_decorator.py
[2024-05-21T19:36:11.711+0000] {logging_mixin.py:188} INFO - [2024-05-21T19:36:11.711+0000] {dag.py:3096} INFO - Sync 1 DAGs
[2024-05-21T19:36:11.766+0000] {logging_mixin.py:188} INFO - [2024-05-21T19:36:11.765+0000] {dag.py:3954} INFO - Setting next_dagrun for example_task_group_decorator to 2024-05-20 00:00:00+00:00, run_after=2024-05-21 00:00:00+00:00
[2024-05-21T19:36:11.818+0000] {processor.py:183} INFO - Processing /home/airflow/.local/lib/python3.12/site-packages/airflow/example_dags/example_task_group_decorator.py took 0.204 seconds
[2024-05-21T19:36:42.692+0000] {processor.py:161} INFO - Started process (PID=942) to work on /home/airflow/.local/lib/python3.12/site-packages/airflow/example_dags/example_task_group_decorator.py
[2024-05-21T19:36:42.694+0000] {processor.py:830} INFO - Processing file /home/airflow/.local/lib/python3.12/site-packages/airflow/example_dags/example_task_group_decorator.py for tasks to queue
[2024-05-21T19:36:42.699+0000] {logging_mixin.py:188} INFO - [2024-05-21T19:36:42.697+0000] {dagbag.py:545} INFO - Filling up the DagBag from /home/airflow/.local/lib/python3.12/site-packages/airflow/example_dags/example_task_group_decorator.py
[2024-05-21T19:36:42.767+0000] {processor.py:840} INFO - DAG(s) 'example_task_group_decorator' retrieved from /home/airflow/.local/lib/python3.12/site-packages/airflow/example_dags/example_task_group_decorator.py
[2024-05-21T19:36:42.859+0000] {logging_mixin.py:188} INFO - [2024-05-21T19:36:42.858+0000] {dag.py:3096} INFO - Sync 1 DAGs
[2024-05-21T19:36:42.940+0000] {logging_mixin.py:188} INFO - [2024-05-21T19:36:42.939+0000] {dag.py:3954} INFO - Setting next_dagrun for example_task_group_decorator to 2024-05-20 00:00:00+00:00, run_after=2024-05-21 00:00:00+00:00
[2024-05-21T19:36:43.001+0000] {processor.py:183} INFO - Processing /home/airflow/.local/lib/python3.12/site-packages/airflow/example_dags/example_task_group_decorator.py took 0.328 seconds
[2024-05-21T19:37:13.588+0000] {processor.py:161} INFO - Started process (PID=1001) to work on /home/airflow/.local/lib/python3.12/site-packages/airflow/example_dags/example_task_group_decorator.py
[2024-05-21T19:37:13.591+0000] {processor.py:830} INFO - Processing file /home/airflow/.local/lib/python3.12/site-packages/airflow/example_dags/example_task_group_decorator.py for tasks to queue
[2024-05-21T19:37:13.600+0000] {logging_mixin.py:188} INFO - [2024-05-21T19:37:13.598+0000] {dagbag.py:545} INFO - Filling up the DagBag from /home/airflow/.local/lib/python3.12/site-packages/airflow/example_dags/example_task_group_decorator.py
[2024-05-21T19:37:13.640+0000] {processor.py:840} INFO - DAG(s) 'example_task_group_decorator' retrieved from /home/airflow/.local/lib/python3.12/site-packages/airflow/example_dags/example_task_group_decorator.py
[2024-05-21T19:37:13.710+0000] {logging_mixin.py:188} INFO - [2024-05-21T19:37:13.709+0000] {dag.py:3096} INFO - Sync 1 DAGs
[2024-05-21T19:37:13.787+0000] {logging_mixin.py:188} INFO - [2024-05-21T19:37:13.786+0000] {dag.py:3954} INFO - Setting next_dagrun for example_task_group_decorator to 2024-05-20 00:00:00+00:00, run_after=2024-05-21 00:00:00+00:00
[2024-05-21T19:37:13.885+0000] {processor.py:183} INFO - Processing /home/airflow/.local/lib/python3.12/site-packages/airflow/example_dags/example_task_group_decorator.py took 0.323 seconds
[2024-05-21T19:37:44.300+0000] {processor.py:161} INFO - Started process (PID=1061) to work on /home/airflow/.local/lib/python3.12/site-packages/airflow/example_dags/example_task_group_decorator.py
[2024-05-21T19:37:44.303+0000] {processor.py:830} INFO - Processing file /home/airflow/.local/lib/python3.12/site-packages/airflow/example_dags/example_task_group_decorator.py for tasks to queue
[2024-05-21T19:37:44.308+0000] {logging_mixin.py:188} INFO - [2024-05-21T19:37:44.307+0000] {dagbag.py:545} INFO - Filling up the DagBag from /home/airflow/.local/lib/python3.12/site-packages/airflow/example_dags/example_task_group_decorator.py
[2024-05-21T19:37:44.346+0000] {processor.py:840} INFO - DAG(s) 'example_task_group_decorator' retrieved from /home/airflow/.local/lib/python3.12/site-packages/airflow/example_dags/example_task_group_decorator.py
[2024-05-21T19:37:44.431+0000] {logging_mixin.py:188} INFO - [2024-05-21T19:37:44.430+0000] {dag.py:3096} INFO - Sync 1 DAGs
[2024-05-21T19:37:44.497+0000] {logging_mixin.py:188} INFO - [2024-05-21T19:37:44.496+0000] {dag.py:3954} INFO - Setting next_dagrun for example_task_group_decorator to 2024-05-20 00:00:00+00:00, run_after=2024-05-21 00:00:00+00:00
[2024-05-21T19:37:44.590+0000] {processor.py:183} INFO - Processing /home/airflow/.local/lib/python3.12/site-packages/airflow/example_dags/example_task_group_decorator.py took 0.314 seconds
[2024-05-21T19:38:14.863+0000] {processor.py:161} INFO - Started process (PID=1120) to work on /home/airflow/.local/lib/python3.12/site-packages/airflow/example_dags/example_task_group_decorator.py
[2024-05-21T19:38:14.866+0000] {processor.py:830} INFO - Processing file /home/airflow/.local/lib/python3.12/site-packages/airflow/example_dags/example_task_group_decorator.py for tasks to queue
[2024-05-21T19:38:14.873+0000] {logging_mixin.py:188} INFO - [2024-05-21T19:38:14.872+0000] {dagbag.py:545} INFO - Filling up the DagBag from /home/airflow/.local/lib/python3.12/site-packages/airflow/example_dags/example_task_group_decorator.py
[2024-05-21T19:38:14.909+0000] {processor.py:840} INFO - DAG(s) 'example_task_group_decorator' retrieved from /home/airflow/.local/lib/python3.12/site-packages/airflow/example_dags/example_task_group_decorator.py
[2024-05-21T19:38:14.993+0000] {logging_mixin.py:188} INFO - [2024-05-21T19:38:14.992+0000] {dag.py:3096} INFO - Sync 1 DAGs
[2024-05-21T19:38:15.076+0000] {logging_mixin.py:188} INFO - [2024-05-21T19:38:15.075+0000] {dag.py:3954} INFO - Setting next_dagrun for example_task_group_decorator to 2024-05-20 00:00:00+00:00, run_after=2024-05-21 00:00:00+00:00
[2024-05-21T19:38:15.170+0000] {processor.py:183} INFO - Processing /home/airflow/.local/lib/python3.12/site-packages/airflow/example_dags/example_task_group_decorator.py took 0.324 seconds
[2024-05-21T19:38:45.466+0000] {processor.py:161} INFO - Started process (PID=1180) to work on /home/airflow/.local/lib/python3.12/site-packages/airflow/example_dags/example_task_group_decorator.py
[2024-05-21T19:38:45.470+0000] {processor.py:830} INFO - Processing file /home/airflow/.local/lib/python3.12/site-packages/airflow/example_dags/example_task_group_decorator.py for tasks to queue
[2024-05-21T19:38:45.474+0000] {logging_mixin.py:188} INFO - [2024-05-21T19:38:45.473+0000] {dagbag.py:545} INFO - Filling up the DagBag from /home/airflow/.local/lib/python3.12/site-packages/airflow/example_dags/example_task_group_decorator.py
[2024-05-21T19:38:45.510+0000] {processor.py:840} INFO - DAG(s) 'example_task_group_decorator' retrieved from /home/airflow/.local/lib/python3.12/site-packages/airflow/example_dags/example_task_group_decorator.py
[2024-05-21T19:38:45.570+0000] {logging_mixin.py:188} INFO - [2024-05-21T19:38:45.570+0000] {dag.py:3096} INFO - Sync 1 DAGs
[2024-05-21T19:38:45.622+0000] {logging_mixin.py:188} INFO - [2024-05-21T19:38:45.621+0000] {dag.py:3954} INFO - Setting next_dagrun for example_task_group_decorator to 2024-05-20 00:00:00+00:00, run_after=2024-05-21 00:00:00+00:00
[2024-05-21T19:38:45.677+0000] {processor.py:183} INFO - Processing /home/airflow/.local/lib/python3.12/site-packages/airflow/example_dags/example_task_group_decorator.py took 0.237 seconds
[2024-05-21T19:39:16.005+0000] {processor.py:161} INFO - Started process (PID=1240) to work on /home/airflow/.local/lib/python3.12/site-packages/airflow/example_dags/example_task_group_decorator.py
[2024-05-21T19:39:16.009+0000] {processor.py:830} INFO - Processing file /home/airflow/.local/lib/python3.12/site-packages/airflow/example_dags/example_task_group_decorator.py for tasks to queue
[2024-05-21T19:39:16.026+0000] {logging_mixin.py:188} INFO - [2024-05-21T19:39:16.025+0000] {dagbag.py:545} INFO - Filling up the DagBag from /home/airflow/.local/lib/python3.12/site-packages/airflow/example_dags/example_task_group_decorator.py
[2024-05-21T19:39:16.065+0000] {processor.py:840} INFO - DAG(s) 'example_task_group_decorator' retrieved from /home/airflow/.local/lib/python3.12/site-packages/airflow/example_dags/example_task_group_decorator.py
[2024-05-21T19:39:16.155+0000] {logging_mixin.py:188} INFO - [2024-05-21T19:39:16.154+0000] {dag.py:3096} INFO - Sync 1 DAGs
[2024-05-21T19:39:16.235+0000] {logging_mixin.py:188} INFO - [2024-05-21T19:39:16.234+0000] {dag.py:3954} INFO - Setting next_dagrun for example_task_group_decorator to 2024-05-20 00:00:00+00:00, run_after=2024-05-21 00:00:00+00:00
[2024-05-21T19:39:16.542+0000] {processor.py:183} INFO - Processing /home/airflow/.local/lib/python3.12/site-packages/airflow/example_dags/example_task_group_decorator.py took 0.553 seconds
[2024-05-21T19:39:46.686+0000] {processor.py:161} INFO - Started process (PID=1299) to work on /home/airflow/.local/lib/python3.12/site-packages/airflow/example_dags/example_task_group_decorator.py
[2024-05-21T19:39:46.689+0000] {processor.py:830} INFO - Processing file /home/airflow/.local/lib/python3.12/site-packages/airflow/example_dags/example_task_group_decorator.py for tasks to queue
[2024-05-21T19:39:46.697+0000] {logging_mixin.py:188} INFO - [2024-05-21T19:39:46.697+0000] {dagbag.py:545} INFO - Filling up the DagBag from /home/airflow/.local/lib/python3.12/site-packages/airflow/example_dags/example_task_group_decorator.py
[2024-05-21T19:39:46.754+0000] {processor.py:840} INFO - DAG(s) 'example_task_group_decorator' retrieved from /home/airflow/.local/lib/python3.12/site-packages/airflow/example_dags/example_task_group_decorator.py
[2024-05-21T19:39:46.829+0000] {logging_mixin.py:188} INFO - [2024-05-21T19:39:46.829+0000] {dag.py:3096} INFO - Sync 1 DAGs
[2024-05-21T19:39:46.941+0000] {logging_mixin.py:188} INFO - [2024-05-21T19:39:46.940+0000] {dag.py:3954} INFO - Setting next_dagrun for example_task_group_decorator to 2024-05-20 00:00:00+00:00, run_after=2024-05-21 00:00:00+00:00
[2024-05-21T19:39:47.013+0000] {processor.py:183} INFO - Processing /home/airflow/.local/lib/python3.12/site-packages/airflow/example_dags/example_task_group_decorator.py took 0.350 seconds
[2024-05-21T19:40:17.271+0000] {processor.py:161} INFO - Started process (PID=1357) to work on /home/airflow/.local/lib/python3.12/site-packages/airflow/example_dags/example_task_group_decorator.py
[2024-05-21T19:40:17.274+0000] {processor.py:830} INFO - Processing file /home/airflow/.local/lib/python3.12/site-packages/airflow/example_dags/example_task_group_decorator.py for tasks to queue
[2024-05-21T19:40:17.281+0000] {logging_mixin.py:188} INFO - [2024-05-21T19:40:17.280+0000] {dagbag.py:545} INFO - Filling up the DagBag from /home/airflow/.local/lib/python3.12/site-packages/airflow/example_dags/example_task_group_decorator.py
[2024-05-21T19:40:17.353+0000] {processor.py:840} INFO - DAG(s) 'example_task_group_decorator' retrieved from /home/airflow/.local/lib/python3.12/site-packages/airflow/example_dags/example_task_group_decorator.py
[2024-05-21T19:40:17.476+0000] {logging_mixin.py:188} INFO - [2024-05-21T19:40:17.475+0000] {dag.py:3096} INFO - Sync 1 DAGs
[2024-05-21T19:40:17.586+0000] {logging_mixin.py:188} INFO - [2024-05-21T19:40:17.584+0000] {dag.py:3954} INFO - Setting next_dagrun for example_task_group_decorator to 2024-05-20 00:00:00+00:00, run_after=2024-05-21 00:00:00+00:00
[2024-05-21T19:40:17.654+0000] {processor.py:183} INFO - Processing /home/airflow/.local/lib/python3.12/site-packages/airflow/example_dags/example_task_group_decorator.py took 0.404 seconds
[2024-05-21T19:40:48.010+0000] {processor.py:161} INFO - Started process (PID=1417) to work on /home/airflow/.local/lib/python3.12/site-packages/airflow/example_dags/example_task_group_decorator.py
[2024-05-21T19:40:48.013+0000] {processor.py:830} INFO - Processing file /home/airflow/.local/lib/python3.12/site-packages/airflow/example_dags/example_task_group_decorator.py for tasks to queue
[2024-05-21T19:40:48.019+0000] {logging_mixin.py:188} INFO - [2024-05-21T19:40:48.018+0000] {dagbag.py:545} INFO - Filling up the DagBag from /home/airflow/.local/lib/python3.12/site-packages/airflow/example_dags/example_task_group_decorator.py
[2024-05-21T19:40:48.065+0000] {processor.py:840} INFO - DAG(s) 'example_task_group_decorator' retrieved from /home/airflow/.local/lib/python3.12/site-packages/airflow/example_dags/example_task_group_decorator.py
[2024-05-21T19:40:48.155+0000] {logging_mixin.py:188} INFO - [2024-05-21T19:40:48.154+0000] {dag.py:3096} INFO - Sync 1 DAGs
[2024-05-21T19:40:48.208+0000] {logging_mixin.py:188} INFO - [2024-05-21T19:40:48.208+0000] {dag.py:3954} INFO - Setting next_dagrun for example_task_group_decorator to 2024-05-20 00:00:00+00:00, run_after=2024-05-21 00:00:00+00:00
[2024-05-21T19:40:48.266+0000] {processor.py:183} INFO - Processing /home/airflow/.local/lib/python3.12/site-packages/airflow/example_dags/example_task_group_decorator.py took 0.276 seconds
[2024-05-21T19:41:18.609+0000] {processor.py:161} INFO - Started process (PID=1477) to work on /home/airflow/.local/lib/python3.12/site-packages/airflow/example_dags/example_task_group_decorator.py
[2024-05-21T19:41:18.611+0000] {processor.py:830} INFO - Processing file /home/airflow/.local/lib/python3.12/site-packages/airflow/example_dags/example_task_group_decorator.py for tasks to queue
[2024-05-21T19:41:18.615+0000] {logging_mixin.py:188} INFO - [2024-05-21T19:41:18.614+0000] {dagbag.py:545} INFO - Filling up the DagBag from /home/airflow/.local/lib/python3.12/site-packages/airflow/example_dags/example_task_group_decorator.py
[2024-05-21T19:41:18.649+0000] {processor.py:840} INFO - DAG(s) 'example_task_group_decorator' retrieved from /home/airflow/.local/lib/python3.12/site-packages/airflow/example_dags/example_task_group_decorator.py
[2024-05-21T19:41:18.710+0000] {logging_mixin.py:188} INFO - [2024-05-21T19:41:18.710+0000] {dag.py:3096} INFO - Sync 1 DAGs
[2024-05-21T19:41:18.772+0000] {logging_mixin.py:188} INFO - [2024-05-21T19:41:18.772+0000] {dag.py:3954} INFO - Setting next_dagrun for example_task_group_decorator to 2024-05-20 00:00:00+00:00, run_after=2024-05-21 00:00:00+00:00
[2024-05-21T19:41:18.835+0000] {processor.py:183} INFO - Processing /home/airflow/.local/lib/python3.12/site-packages/airflow/example_dags/example_task_group_decorator.py took 0.242 seconds
[2024-05-21T19:41:49.482+0000] {processor.py:161} INFO - Started process (PID=1537) to work on /home/airflow/.local/lib/python3.12/site-packages/airflow/example_dags/example_task_group_decorator.py
[2024-05-21T19:41:49.484+0000] {processor.py:830} INFO - Processing file /home/airflow/.local/lib/python3.12/site-packages/airflow/example_dags/example_task_group_decorator.py for tasks to queue
[2024-05-21T19:41:49.490+0000] {logging_mixin.py:188} INFO - [2024-05-21T19:41:49.489+0000] {dagbag.py:545} INFO - Filling up the DagBag from /home/airflow/.local/lib/python3.12/site-packages/airflow/example_dags/example_task_group_decorator.py
[2024-05-21T19:41:49.539+0000] {processor.py:840} INFO - DAG(s) 'example_task_group_decorator' retrieved from /home/airflow/.local/lib/python3.12/site-packages/airflow/example_dags/example_task_group_decorator.py
[2024-05-21T19:41:49.834+0000] {logging_mixin.py:188} INFO - [2024-05-21T19:41:49.833+0000] {dag.py:3096} INFO - Sync 1 DAGs
[2024-05-21T19:41:49.900+0000] {logging_mixin.py:188} INFO - [2024-05-21T19:41:49.899+0000] {dag.py:3954} INFO - Setting next_dagrun for example_task_group_decorator to 2024-05-20 00:00:00+00:00, run_after=2024-05-21 00:00:00+00:00
[2024-05-21T19:41:49.979+0000] {processor.py:183} INFO - Processing /home/airflow/.local/lib/python3.12/site-packages/airflow/example_dags/example_task_group_decorator.py took 0.511 seconds
[2024-05-21T19:42:20.358+0000] {processor.py:161} INFO - Started process (PID=1597) to work on /home/airflow/.local/lib/python3.12/site-packages/airflow/example_dags/example_task_group_decorator.py
[2024-05-21T19:42:20.364+0000] {processor.py:830} INFO - Processing file /home/airflow/.local/lib/python3.12/site-packages/airflow/example_dags/example_task_group_decorator.py for tasks to queue
[2024-05-21T19:42:20.372+0000] {logging_mixin.py:188} INFO - [2024-05-21T19:42:20.371+0000] {dagbag.py:545} INFO - Filling up the DagBag from /home/airflow/.local/lib/python3.12/site-packages/airflow/example_dags/example_task_group_decorator.py
[2024-05-21T19:42:20.425+0000] {processor.py:840} INFO - DAG(s) 'example_task_group_decorator' retrieved from /home/airflow/.local/lib/python3.12/site-packages/airflow/example_dags/example_task_group_decorator.py
[2024-05-21T19:42:20.511+0000] {logging_mixin.py:188} INFO - [2024-05-21T19:42:20.511+0000] {dag.py:3096} INFO - Sync 1 DAGs
[2024-05-21T19:42:20.816+0000] {logging_mixin.py:188} INFO - [2024-05-21T19:42:20.816+0000] {dag.py:3954} INFO - Setting next_dagrun for example_task_group_decorator to 2024-05-20 00:00:00+00:00, run_after=2024-05-21 00:00:00+00:00
[2024-05-21T19:42:20.886+0000] {processor.py:183} INFO - Processing /home/airflow/.local/lib/python3.12/site-packages/airflow/example_dags/example_task_group_decorator.py took 0.544 seconds
[2024-05-21T19:42:51.475+0000] {processor.py:161} INFO - Started process (PID=1656) to work on /home/airflow/.local/lib/python3.12/site-packages/airflow/example_dags/example_task_group_decorator.py
[2024-05-21T19:42:51.478+0000] {processor.py:830} INFO - Processing file /home/airflow/.local/lib/python3.12/site-packages/airflow/example_dags/example_task_group_decorator.py for tasks to queue
[2024-05-21T19:42:51.483+0000] {logging_mixin.py:188} INFO - [2024-05-21T19:42:51.482+0000] {dagbag.py:545} INFO - Filling up the DagBag from /home/airflow/.local/lib/python3.12/site-packages/airflow/example_dags/example_task_group_decorator.py
[2024-05-21T19:42:51.530+0000] {processor.py:840} INFO - DAG(s) 'example_task_group_decorator' retrieved from /home/airflow/.local/lib/python3.12/site-packages/airflow/example_dags/example_task_group_decorator.py
[2024-05-21T19:42:51.599+0000] {logging_mixin.py:188} INFO - [2024-05-21T19:42:51.599+0000] {dag.py:3096} INFO - Sync 1 DAGs
[2024-05-21T19:42:51.667+0000] {logging_mixin.py:188} INFO - [2024-05-21T19:42:51.666+0000] {dag.py:3954} INFO - Setting next_dagrun for example_task_group_decorator to 2024-05-20 00:00:00+00:00, run_after=2024-05-21 00:00:00+00:00
[2024-05-21T19:42:51.746+0000] {processor.py:183} INFO - Processing /home/airflow/.local/lib/python3.12/site-packages/airflow/example_dags/example_task_group_decorator.py took 0.284 seconds
[2024-05-21T19:43:22.069+0000] {processor.py:161} INFO - Started process (PID=1721) to work on /home/airflow/.local/lib/python3.12/site-packages/airflow/example_dags/example_task_group_decorator.py
[2024-05-21T19:43:22.072+0000] {processor.py:830} INFO - Processing file /home/airflow/.local/lib/python3.12/site-packages/airflow/example_dags/example_task_group_decorator.py for tasks to queue
[2024-05-21T19:43:22.081+0000] {logging_mixin.py:188} INFO - [2024-05-21T19:43:22.080+0000] {dagbag.py:545} INFO - Filling up the DagBag from /home/airflow/.local/lib/python3.12/site-packages/airflow/example_dags/example_task_group_decorator.py
[2024-05-21T19:43:22.136+0000] {processor.py:840} INFO - DAG(s) 'example_task_group_decorator' retrieved from /home/airflow/.local/lib/python3.12/site-packages/airflow/example_dags/example_task_group_decorator.py
[2024-05-21T19:43:22.199+0000] {logging_mixin.py:188} INFO - [2024-05-21T19:43:22.199+0000] {dag.py:3096} INFO - Sync 1 DAGs
[2024-05-21T19:43:22.268+0000] {logging_mixin.py:188} INFO - [2024-05-21T19:43:22.267+0000] {dag.py:3954} INFO - Setting next_dagrun for example_task_group_decorator to 2024-05-20 00:00:00+00:00, run_after=2024-05-21 00:00:00+00:00
[2024-05-21T19:43:22.358+0000] {processor.py:183} INFO - Processing /home/airflow/.local/lib/python3.12/site-packages/airflow/example_dags/example_task_group_decorator.py took 0.304 seconds
[2024-05-21T19:43:52.698+0000] {processor.py:161} INFO - Started process (PID=1781) to work on /home/airflow/.local/lib/python3.12/site-packages/airflow/example_dags/example_task_group_decorator.py
[2024-05-21T19:43:52.701+0000] {processor.py:830} INFO - Processing file /home/airflow/.local/lib/python3.12/site-packages/airflow/example_dags/example_task_group_decorator.py for tasks to queue
[2024-05-21T19:43:52.709+0000] {logging_mixin.py:188} INFO - [2024-05-21T19:43:52.709+0000] {dagbag.py:545} INFO - Filling up the DagBag from /home/airflow/.local/lib/python3.12/site-packages/airflow/example_dags/example_task_group_decorator.py
[2024-05-21T19:43:52.754+0000] {processor.py:840} INFO - DAG(s) 'example_task_group_decorator' retrieved from /home/airflow/.local/lib/python3.12/site-packages/airflow/example_dags/example_task_group_decorator.py
[2024-05-21T19:43:52.846+0000] {logging_mixin.py:188} INFO - [2024-05-21T19:43:52.846+0000] {dag.py:3096} INFO - Sync 1 DAGs
[2024-05-21T19:43:52.913+0000] {logging_mixin.py:188} INFO - [2024-05-21T19:43:52.913+0000] {dag.py:3954} INFO - Setting next_dagrun for example_task_group_decorator to 2024-05-20 00:00:00+00:00, run_after=2024-05-21 00:00:00+00:00
[2024-05-21T19:43:53.000+0000] {processor.py:183} INFO - Processing /home/airflow/.local/lib/python3.12/site-packages/airflow/example_dags/example_task_group_decorator.py took 0.318 seconds
[2024-05-21T19:44:23.205+0000] {processor.py:161} INFO - Started process (PID=1841) to work on /home/airflow/.local/lib/python3.12/site-packages/airflow/example_dags/example_task_group_decorator.py
[2024-05-21T19:44:23.207+0000] {processor.py:830} INFO - Processing file /home/airflow/.local/lib/python3.12/site-packages/airflow/example_dags/example_task_group_decorator.py for tasks to queue
[2024-05-21T19:44:23.213+0000] {logging_mixin.py:188} INFO - [2024-05-21T19:44:23.212+0000] {dagbag.py:545} INFO - Filling up the DagBag from /home/airflow/.local/lib/python3.12/site-packages/airflow/example_dags/example_task_group_decorator.py
[2024-05-21T19:44:23.251+0000] {processor.py:840} INFO - DAG(s) 'example_task_group_decorator' retrieved from /home/airflow/.local/lib/python3.12/site-packages/airflow/example_dags/example_task_group_decorator.py
[2024-05-21T19:44:23.312+0000] {logging_mixin.py:188} INFO - [2024-05-21T19:44:23.311+0000] {dag.py:3096} INFO - Sync 1 DAGs
[2024-05-21T19:44:23.372+0000] {logging_mixin.py:188} INFO - [2024-05-21T19:44:23.371+0000] {dag.py:3954} INFO - Setting next_dagrun for example_task_group_decorator to 2024-05-20 00:00:00+00:00, run_after=2024-05-21 00:00:00+00:00
[2024-05-21T19:44:23.430+0000] {processor.py:183} INFO - Processing /home/airflow/.local/lib/python3.12/site-packages/airflow/example_dags/example_task_group_decorator.py took 0.241 seconds
[2024-05-21T19:44:53.887+0000] {processor.py:161} INFO - Started process (PID=1901) to work on /home/airflow/.local/lib/python3.12/site-packages/airflow/example_dags/example_task_group_decorator.py
[2024-05-21T19:44:53.889+0000] {processor.py:830} INFO - Processing file /home/airflow/.local/lib/python3.12/site-packages/airflow/example_dags/example_task_group_decorator.py for tasks to queue
[2024-05-21T19:44:53.897+0000] {logging_mixin.py:188} INFO - [2024-05-21T19:44:53.896+0000] {dagbag.py:545} INFO - Filling up the DagBag from /home/airflow/.local/lib/python3.12/site-packages/airflow/example_dags/example_task_group_decorator.py
[2024-05-21T19:44:53.938+0000] {processor.py:840} INFO - DAG(s) 'example_task_group_decorator' retrieved from /home/airflow/.local/lib/python3.12/site-packages/airflow/example_dags/example_task_group_decorator.py
[2024-05-21T19:44:54.009+0000] {logging_mixin.py:188} INFO - [2024-05-21T19:44:54.008+0000] {dag.py:3096} INFO - Sync 1 DAGs
[2024-05-21T19:44:54.080+0000] {logging_mixin.py:188} INFO - [2024-05-21T19:44:54.080+0000] {dag.py:3954} INFO - Setting next_dagrun for example_task_group_decorator to 2024-05-20 00:00:00+00:00, run_after=2024-05-21 00:00:00+00:00
[2024-05-21T19:44:54.167+0000] {processor.py:183} INFO - Processing /home/airflow/.local/lib/python3.12/site-packages/airflow/example_dags/example_task_group_decorator.py took 0.303 seconds
[2024-05-21T19:45:24.618+0000] {processor.py:161} INFO - Started process (PID=1961) to work on /home/airflow/.local/lib/python3.12/site-packages/airflow/example_dags/example_task_group_decorator.py
[2024-05-21T19:45:24.620+0000] {processor.py:830} INFO - Processing file /home/airflow/.local/lib/python3.12/site-packages/airflow/example_dags/example_task_group_decorator.py for tasks to queue
[2024-05-21T19:45:24.625+0000] {logging_mixin.py:188} INFO - [2024-05-21T19:45:24.624+0000] {dagbag.py:545} INFO - Filling up the DagBag from /home/airflow/.local/lib/python3.12/site-packages/airflow/example_dags/example_task_group_decorator.py
[2024-05-21T19:45:24.662+0000] {processor.py:840} INFO - DAG(s) 'example_task_group_decorator' retrieved from /home/airflow/.local/lib/python3.12/site-packages/airflow/example_dags/example_task_group_decorator.py
[2024-05-21T19:45:24.738+0000] {logging_mixin.py:188} INFO - [2024-05-21T19:45:24.738+0000] {dag.py:3096} INFO - Sync 1 DAGs
[2024-05-21T19:45:24.813+0000] {logging_mixin.py:188} INFO - [2024-05-21T19:45:24.812+0000] {dag.py:3954} INFO - Setting next_dagrun for example_task_group_decorator to 2024-05-20 00:00:00+00:00, run_after=2024-05-21 00:00:00+00:00
[2024-05-21T19:45:24.871+0000] {processor.py:183} INFO - Processing /home/airflow/.local/lib/python3.12/site-packages/airflow/example_dags/example_task_group_decorator.py took 0.272 seconds
[2024-05-21T19:45:55.151+0000] {processor.py:161} INFO - Started process (PID=2021) to work on /home/airflow/.local/lib/python3.12/site-packages/airflow/example_dags/example_task_group_decorator.py
[2024-05-21T19:45:55.154+0000] {processor.py:830} INFO - Processing file /home/airflow/.local/lib/python3.12/site-packages/airflow/example_dags/example_task_group_decorator.py for tasks to queue
[2024-05-21T19:45:55.159+0000] {logging_mixin.py:188} INFO - [2024-05-21T19:45:55.158+0000] {dagbag.py:545} INFO - Filling up the DagBag from /home/airflow/.local/lib/python3.12/site-packages/airflow/example_dags/example_task_group_decorator.py
[2024-05-21T19:45:55.205+0000] {processor.py:840} INFO - DAG(s) 'example_task_group_decorator' retrieved from /home/airflow/.local/lib/python3.12/site-packages/airflow/example_dags/example_task_group_decorator.py
[2024-05-21T19:45:55.283+0000] {logging_mixin.py:188} INFO - [2024-05-21T19:45:55.282+0000] {dag.py:3096} INFO - Sync 1 DAGs
[2024-05-21T19:45:55.346+0000] {logging_mixin.py:188} INFO - [2024-05-21T19:45:55.345+0000] {dag.py:3954} INFO - Setting next_dagrun for example_task_group_decorator to 2024-05-20 00:00:00+00:00, run_after=2024-05-21 00:00:00+00:00
[2024-05-21T19:45:55.409+0000] {processor.py:183} INFO - Processing /home/airflow/.local/lib/python3.12/site-packages/airflow/example_dags/example_task_group_decorator.py took 0.277 seconds
[2024-05-21T19:46:26.129+0000] {processor.py:161} INFO - Started process (PID=2081) to work on /home/airflow/.local/lib/python3.12/site-packages/airflow/example_dags/example_task_group_decorator.py
[2024-05-21T19:46:26.132+0000] {processor.py:830} INFO - Processing file /home/airflow/.local/lib/python3.12/site-packages/airflow/example_dags/example_task_group_decorator.py for tasks to queue
[2024-05-21T19:46:26.138+0000] {logging_mixin.py:188} INFO - [2024-05-21T19:46:26.137+0000] {dagbag.py:545} INFO - Filling up the DagBag from /home/airflow/.local/lib/python3.12/site-packages/airflow/example_dags/example_task_group_decorator.py
[2024-05-21T19:46:26.180+0000] {processor.py:840} INFO - DAG(s) 'example_task_group_decorator' retrieved from /home/airflow/.local/lib/python3.12/site-packages/airflow/example_dags/example_task_group_decorator.py
[2024-05-21T19:46:26.261+0000] {logging_mixin.py:188} INFO - [2024-05-21T19:46:26.260+0000] {dag.py:3096} INFO - Sync 1 DAGs
[2024-05-21T19:46:26.338+0000] {logging_mixin.py:188} INFO - [2024-05-21T19:46:26.337+0000] {dag.py:3954} INFO - Setting next_dagrun for example_task_group_decorator to 2024-05-20 00:00:00+00:00, run_after=2024-05-21 00:00:00+00:00
[2024-05-21T19:46:26.405+0000] {processor.py:183} INFO - Processing /home/airflow/.local/lib/python3.12/site-packages/airflow/example_dags/example_task_group_decorator.py took 0.295 seconds
[2024-05-21T19:46:57.025+0000] {processor.py:161} INFO - Started process (PID=2141) to work on /home/airflow/.local/lib/python3.12/site-packages/airflow/example_dags/example_task_group_decorator.py
[2024-05-21T19:46:57.028+0000] {processor.py:830} INFO - Processing file /home/airflow/.local/lib/python3.12/site-packages/airflow/example_dags/example_task_group_decorator.py for tasks to queue
[2024-05-21T19:46:57.035+0000] {logging_mixin.py:188} INFO - [2024-05-21T19:46:57.034+0000] {dagbag.py:545} INFO - Filling up the DagBag from /home/airflow/.local/lib/python3.12/site-packages/airflow/example_dags/example_task_group_decorator.py
[2024-05-21T19:46:57.080+0000] {processor.py:840} INFO - DAG(s) 'example_task_group_decorator' retrieved from /home/airflow/.local/lib/python3.12/site-packages/airflow/example_dags/example_task_group_decorator.py
[2024-05-21T19:46:57.183+0000] {logging_mixin.py:188} INFO - [2024-05-21T19:46:57.182+0000] {dag.py:3096} INFO - Sync 1 DAGs
[2024-05-21T19:46:57.247+0000] {logging_mixin.py:188} INFO - [2024-05-21T19:46:57.246+0000] {dag.py:3954} INFO - Setting next_dagrun for example_task_group_decorator to 2024-05-20 00:00:00+00:00, run_after=2024-05-21 00:00:00+00:00
[2024-05-21T19:46:57.331+0000] {processor.py:183} INFO - Processing /home/airflow/.local/lib/python3.12/site-packages/airflow/example_dags/example_task_group_decorator.py took 0.323 seconds
[2024-05-21T19:47:27.683+0000] {processor.py:161} INFO - Started process (PID=2201) to work on /home/airflow/.local/lib/python3.12/site-packages/airflow/example_dags/example_task_group_decorator.py
[2024-05-21T19:47:27.685+0000] {processor.py:830} INFO - Processing file /home/airflow/.local/lib/python3.12/site-packages/airflow/example_dags/example_task_group_decorator.py for tasks to queue
[2024-05-21T19:47:27.691+0000] {logging_mixin.py:188} INFO - [2024-05-21T19:47:27.690+0000] {dagbag.py:545} INFO - Filling up the DagBag from /home/airflow/.local/lib/python3.12/site-packages/airflow/example_dags/example_task_group_decorator.py
[2024-05-21T19:47:27.737+0000] {processor.py:840} INFO - DAG(s) 'example_task_group_decorator' retrieved from /home/airflow/.local/lib/python3.12/site-packages/airflow/example_dags/example_task_group_decorator.py
[2024-05-21T19:47:27.815+0000] {logging_mixin.py:188} INFO - [2024-05-21T19:47:27.815+0000] {dag.py:3096} INFO - Sync 1 DAGs
[2024-05-21T19:47:27.887+0000] {logging_mixin.py:188} INFO - [2024-05-21T19:47:27.887+0000] {dag.py:3954} INFO - Setting next_dagrun for example_task_group_decorator to 2024-05-20 00:00:00+00:00, run_after=2024-05-21 00:00:00+00:00
[2024-05-21T19:47:27.954+0000] {processor.py:183} INFO - Processing /home/airflow/.local/lib/python3.12/site-packages/airflow/example_dags/example_task_group_decorator.py took 0.288 seconds
[2024-05-21T19:47:58.521+0000] {processor.py:161} INFO - Started process (PID=2260) to work on /home/airflow/.local/lib/python3.12/site-packages/airflow/example_dags/example_task_group_decorator.py
[2024-05-21T19:47:58.525+0000] {processor.py:830} INFO - Processing file /home/airflow/.local/lib/python3.12/site-packages/airflow/example_dags/example_task_group_decorator.py for tasks to queue
[2024-05-21T19:47:58.532+0000] {logging_mixin.py:188} INFO - [2024-05-21T19:47:58.531+0000] {dagbag.py:545} INFO - Filling up the DagBag from /home/airflow/.local/lib/python3.12/site-packages/airflow/example_dags/example_task_group_decorator.py
[2024-05-21T19:47:58.569+0000] {processor.py:840} INFO - DAG(s) 'example_task_group_decorator' retrieved from /home/airflow/.local/lib/python3.12/site-packages/airflow/example_dags/example_task_group_decorator.py
[2024-05-21T19:47:58.647+0000] {logging_mixin.py:188} INFO - [2024-05-21T19:47:58.646+0000] {dag.py:3096} INFO - Sync 1 DAGs
[2024-05-21T19:47:58.717+0000] {logging_mixin.py:188} INFO - [2024-05-21T19:47:58.716+0000] {dag.py:3954} INFO - Setting next_dagrun for example_task_group_decorator to 2024-05-20 00:00:00+00:00, run_after=2024-05-21 00:00:00+00:00
[2024-05-21T19:47:58.773+0000] {processor.py:183} INFO - Processing /home/airflow/.local/lib/python3.12/site-packages/airflow/example_dags/example_task_group_decorator.py took 0.271 seconds
[2024-05-21T19:48:29.495+0000] {processor.py:161} INFO - Started process (PID=2320) to work on /home/airflow/.local/lib/python3.12/site-packages/airflow/example_dags/example_task_group_decorator.py
[2024-05-21T19:48:29.497+0000] {processor.py:830} INFO - Processing file /home/airflow/.local/lib/python3.12/site-packages/airflow/example_dags/example_task_group_decorator.py for tasks to queue
[2024-05-21T19:48:29.503+0000] {logging_mixin.py:188} INFO - [2024-05-21T19:48:29.502+0000] {dagbag.py:545} INFO - Filling up the DagBag from /home/airflow/.local/lib/python3.12/site-packages/airflow/example_dags/example_task_group_decorator.py
[2024-05-21T19:48:29.553+0000] {processor.py:840} INFO - DAG(s) 'example_task_group_decorator' retrieved from /home/airflow/.local/lib/python3.12/site-packages/airflow/example_dags/example_task_group_decorator.py
[2024-05-21T19:48:29.672+0000] {logging_mixin.py:188} INFO - [2024-05-21T19:48:29.670+0000] {dag.py:3096} INFO - Sync 1 DAGs
[2024-05-21T19:48:29.730+0000] {logging_mixin.py:188} INFO - [2024-05-21T19:48:29.730+0000] {dag.py:3954} INFO - Setting next_dagrun for example_task_group_decorator to 2024-05-20 00:00:00+00:00, run_after=2024-05-21 00:00:00+00:00
[2024-05-21T19:48:29.782+0000] {processor.py:183} INFO - Processing /home/airflow/.local/lib/python3.12/site-packages/airflow/example_dags/example_task_group_decorator.py took 0.302 seconds
[2024-05-21T19:48:59.940+0000] {processor.py:161} INFO - Started process (PID=2380) to work on /home/airflow/.local/lib/python3.12/site-packages/airflow/example_dags/example_task_group_decorator.py
[2024-05-21T19:48:59.942+0000] {processor.py:830} INFO - Processing file /home/airflow/.local/lib/python3.12/site-packages/airflow/example_dags/example_task_group_decorator.py for tasks to queue
[2024-05-21T19:48:59.948+0000] {logging_mixin.py:188} INFO - [2024-05-21T19:48:59.947+0000] {dagbag.py:545} INFO - Filling up the DagBag from /home/airflow/.local/lib/python3.12/site-packages/airflow/example_dags/example_task_group_decorator.py
[2024-05-21T19:48:59.986+0000] {processor.py:840} INFO - DAG(s) 'example_task_group_decorator' retrieved from /home/airflow/.local/lib/python3.12/site-packages/airflow/example_dags/example_task_group_decorator.py
[2024-05-21T19:49:00.071+0000] {logging_mixin.py:188} INFO - [2024-05-21T19:49:00.068+0000] {dag.py:3096} INFO - Sync 1 DAGs
[2024-05-21T19:49:00.128+0000] {logging_mixin.py:188} INFO - [2024-05-21T19:49:00.128+0000] {dag.py:3954} INFO - Setting next_dagrun for example_task_group_decorator to 2024-05-20 00:00:00+00:00, run_after=2024-05-21 00:00:00+00:00
[2024-05-21T19:49:00.232+0000] {processor.py:183} INFO - Processing /home/airflow/.local/lib/python3.12/site-packages/airflow/example_dags/example_task_group_decorator.py took 0.305 seconds
[2024-05-21T19:49:30.737+0000] {processor.py:161} INFO - Started process (PID=2440) to work on /home/airflow/.local/lib/python3.12/site-packages/airflow/example_dags/example_task_group_decorator.py
[2024-05-21T19:49:30.740+0000] {processor.py:830} INFO - Processing file /home/airflow/.local/lib/python3.12/site-packages/airflow/example_dags/example_task_group_decorator.py for tasks to queue
[2024-05-21T19:49:30.746+0000] {logging_mixin.py:188} INFO - [2024-05-21T19:49:30.745+0000] {dagbag.py:545} INFO - Filling up the DagBag from /home/airflow/.local/lib/python3.12/site-packages/airflow/example_dags/example_task_group_decorator.py
[2024-05-21T19:49:30.787+0000] {processor.py:840} INFO - DAG(s) 'example_task_group_decorator' retrieved from /home/airflow/.local/lib/python3.12/site-packages/airflow/example_dags/example_task_group_decorator.py
[2024-05-21T19:49:30.855+0000] {logging_mixin.py:188} INFO - [2024-05-21T19:49:30.854+0000] {dag.py:3096} INFO - Sync 1 DAGs
[2024-05-21T19:49:30.913+0000] {logging_mixin.py:188} INFO - [2024-05-21T19:49:30.913+0000] {dag.py:3954} INFO - Setting next_dagrun for example_task_group_decorator to 2024-05-20 00:00:00+00:00, run_after=2024-05-21 00:00:00+00:00
[2024-05-21T19:49:30.957+0000] {processor.py:183} INFO - Processing /home/airflow/.local/lib/python3.12/site-packages/airflow/example_dags/example_task_group_decorator.py took 0.234 seconds
[2024-05-21T19:50:01.181+0000] {processor.py:161} INFO - Started process (PID=2500) to work on /home/airflow/.local/lib/python3.12/site-packages/airflow/example_dags/example_task_group_decorator.py
[2024-05-21T19:50:01.183+0000] {processor.py:830} INFO - Processing file /home/airflow/.local/lib/python3.12/site-packages/airflow/example_dags/example_task_group_decorator.py for tasks to queue
[2024-05-21T19:50:01.188+0000] {logging_mixin.py:188} INFO - [2024-05-21T19:50:01.187+0000] {dagbag.py:545} INFO - Filling up the DagBag from /home/airflow/.local/lib/python3.12/site-packages/airflow/example_dags/example_task_group_decorator.py
[2024-05-21T19:50:01.239+0000] {processor.py:840} INFO - DAG(s) 'example_task_group_decorator' retrieved from /home/airflow/.local/lib/python3.12/site-packages/airflow/example_dags/example_task_group_decorator.py
[2024-05-21T19:50:01.333+0000] {logging_mixin.py:188} INFO - [2024-05-21T19:50:01.332+0000] {dag.py:3096} INFO - Sync 1 DAGs
[2024-05-21T19:50:01.444+0000] {logging_mixin.py:188} INFO - [2024-05-21T19:50:01.443+0000] {dag.py:3954} INFO - Setting next_dagrun for example_task_group_decorator to 2024-05-20 00:00:00+00:00, run_after=2024-05-21 00:00:00+00:00
[2024-05-21T19:50:01.526+0000] {processor.py:183} INFO - Processing /home/airflow/.local/lib/python3.12/site-packages/airflow/example_dags/example_task_group_decorator.py took 0.373 seconds
[2024-05-21T19:50:32.078+0000] {processor.py:161} INFO - Started process (PID=2560) to work on /home/airflow/.local/lib/python3.12/site-packages/airflow/example_dags/example_task_group_decorator.py
[2024-05-21T19:50:32.080+0000] {processor.py:830} INFO - Processing file /home/airflow/.local/lib/python3.12/site-packages/airflow/example_dags/example_task_group_decorator.py for tasks to queue
[2024-05-21T19:50:32.086+0000] {logging_mixin.py:188} INFO - [2024-05-21T19:50:32.084+0000] {dagbag.py:545} INFO - Filling up the DagBag from /home/airflow/.local/lib/python3.12/site-packages/airflow/example_dags/example_task_group_decorator.py
[2024-05-21T19:50:32.129+0000] {processor.py:840} INFO - DAG(s) 'example_task_group_decorator' retrieved from /home/airflow/.local/lib/python3.12/site-packages/airflow/example_dags/example_task_group_decorator.py
[2024-05-21T19:50:32.191+0000] {logging_mixin.py:188} INFO - [2024-05-21T19:50:32.190+0000] {dag.py:3096} INFO - Sync 1 DAGs
[2024-05-21T19:50:32.252+0000] {logging_mixin.py:188} INFO - [2024-05-21T19:50:32.251+0000] {dag.py:3954} INFO - Setting next_dagrun for example_task_group_decorator to 2024-05-20 00:00:00+00:00, run_after=2024-05-21 00:00:00+00:00
[2024-05-21T19:50:32.314+0000] {processor.py:183} INFO - Processing /home/airflow/.local/lib/python3.12/site-packages/airflow/example_dags/example_task_group_decorator.py took 0.258 seconds
[2024-05-21T19:51:03.079+0000] {processor.py:161} INFO - Started process (PID=2620) to work on /home/airflow/.local/lib/python3.12/site-packages/airflow/example_dags/example_task_group_decorator.py
[2024-05-21T19:51:03.081+0000] {processor.py:830} INFO - Processing file /home/airflow/.local/lib/python3.12/site-packages/airflow/example_dags/example_task_group_decorator.py for tasks to queue
[2024-05-21T19:51:03.085+0000] {logging_mixin.py:188} INFO - [2024-05-21T19:51:03.085+0000] {dagbag.py:545} INFO - Filling up the DagBag from /home/airflow/.local/lib/python3.12/site-packages/airflow/example_dags/example_task_group_decorator.py
[2024-05-21T19:51:03.116+0000] {processor.py:840} INFO - DAG(s) 'example_task_group_decorator' retrieved from /home/airflow/.local/lib/python3.12/site-packages/airflow/example_dags/example_task_group_decorator.py
[2024-05-21T19:51:03.184+0000] {logging_mixin.py:188} INFO - [2024-05-21T19:51:03.183+0000] {dag.py:3096} INFO - Sync 1 DAGs
[2024-05-21T19:51:03.242+0000] {logging_mixin.py:188} INFO - [2024-05-21T19:51:03.242+0000] {dag.py:3954} INFO - Setting next_dagrun for example_task_group_decorator to 2024-05-20 00:00:00+00:00, run_after=2024-05-21 00:00:00+00:00
[2024-05-21T19:51:03.286+0000] {processor.py:183} INFO - Processing /home/airflow/.local/lib/python3.12/site-packages/airflow/example_dags/example_task_group_decorator.py took 0.219 seconds
[2024-05-21T19:51:34.179+0000] {processor.py:161} INFO - Started process (PID=2680) to work on /home/airflow/.local/lib/python3.12/site-packages/airflow/example_dags/example_task_group_decorator.py
[2024-05-21T19:51:34.182+0000] {processor.py:830} INFO - Processing file /home/airflow/.local/lib/python3.12/site-packages/airflow/example_dags/example_task_group_decorator.py for tasks to queue
[2024-05-21T19:51:34.186+0000] {logging_mixin.py:188} INFO - [2024-05-21T19:51:34.186+0000] {dagbag.py:545} INFO - Filling up the DagBag from /home/airflow/.local/lib/python3.12/site-packages/airflow/example_dags/example_task_group_decorator.py
[2024-05-21T19:51:34.227+0000] {processor.py:840} INFO - DAG(s) 'example_task_group_decorator' retrieved from /home/airflow/.local/lib/python3.12/site-packages/airflow/example_dags/example_task_group_decorator.py
[2024-05-21T19:51:34.299+0000] {logging_mixin.py:188} INFO - [2024-05-21T19:51:34.298+0000] {dag.py:3096} INFO - Sync 1 DAGs
[2024-05-21T19:51:34.415+0000] {logging_mixin.py:188} INFO - [2024-05-21T19:51:34.414+0000] {dag.py:3954} INFO - Setting next_dagrun for example_task_group_decorator to 2024-05-20 00:00:00+00:00, run_after=2024-05-21 00:00:00+00:00
[2024-05-21T19:51:34.476+0000] {processor.py:183} INFO - Processing /home/airflow/.local/lib/python3.12/site-packages/airflow/example_dags/example_task_group_decorator.py took 0.344 seconds
[2024-05-21T19:54:42.928+0000] {processor.py:161} INFO - Started process (PID=44) to work on /home/airflow/.local/lib/python3.12/site-packages/airflow/example_dags/example_task_group_decorator.py
[2024-05-21T19:54:42.930+0000] {processor.py:830} INFO - Processing file /home/airflow/.local/lib/python3.12/site-packages/airflow/example_dags/example_task_group_decorator.py for tasks to queue
[2024-05-21T19:54:42.937+0000] {logging_mixin.py:188} INFO - [2024-05-21T19:54:42.935+0000] {dagbag.py:545} INFO - Filling up the DagBag from /home/airflow/.local/lib/python3.12/site-packages/airflow/example_dags/example_task_group_decorator.py
[2024-05-21T19:54:43.000+0000] {processor.py:840} INFO - DAG(s) 'example_task_group_decorator' retrieved from /home/airflow/.local/lib/python3.12/site-packages/airflow/example_dags/example_task_group_decorator.py
[2024-05-21T19:54:43.502+0000] {logging_mixin.py:188} INFO - [2024-05-21T19:54:43.502+0000] {dag.py:3096} INFO - Sync 1 DAGs
[2024-05-21T19:54:43.568+0000] {logging_mixin.py:188} INFO - [2024-05-21T19:54:43.567+0000] {dag.py:3954} INFO - Setting next_dagrun for example_task_group_decorator to 2024-05-20 00:00:00+00:00, run_after=2024-05-21 00:00:00+00:00
[2024-05-21T19:54:43.656+0000] {processor.py:183} INFO - Processing /home/airflow/.local/lib/python3.12/site-packages/airflow/example_dags/example_task_group_decorator.py took 0.749 seconds
[2024-05-21T19:55:14.342+0000] {processor.py:161} INFO - Started process (PID=104) to work on /home/airflow/.local/lib/python3.12/site-packages/airflow/example_dags/example_task_group_decorator.py
[2024-05-21T19:55:14.345+0000] {processor.py:830} INFO - Processing file /home/airflow/.local/lib/python3.12/site-packages/airflow/example_dags/example_task_group_decorator.py for tasks to queue
[2024-05-21T19:55:14.352+0000] {logging_mixin.py:188} INFO - [2024-05-21T19:55:14.350+0000] {dagbag.py:545} INFO - Filling up the DagBag from /home/airflow/.local/lib/python3.12/site-packages/airflow/example_dags/example_task_group_decorator.py
[2024-05-21T19:55:14.393+0000] {processor.py:840} INFO - DAG(s) 'example_task_group_decorator' retrieved from /home/airflow/.local/lib/python3.12/site-packages/airflow/example_dags/example_task_group_decorator.py
[2024-05-21T19:55:14.476+0000] {logging_mixin.py:188} INFO - [2024-05-21T19:55:14.475+0000] {dag.py:3096} INFO - Sync 1 DAGs
[2024-05-21T19:55:14.542+0000] {logging_mixin.py:188} INFO - [2024-05-21T19:55:14.541+0000] {dag.py:3954} INFO - Setting next_dagrun for example_task_group_decorator to 2024-05-20 00:00:00+00:00, run_after=2024-05-21 00:00:00+00:00
[2024-05-21T19:55:14.662+0000] {processor.py:183} INFO - Processing /home/airflow/.local/lib/python3.12/site-packages/airflow/example_dags/example_task_group_decorator.py took 0.338 seconds
[2024-05-21T19:55:45.317+0000] {processor.py:161} INFO - Started process (PID=163) to work on /home/airflow/.local/lib/python3.12/site-packages/airflow/example_dags/example_task_group_decorator.py
[2024-05-21T19:55:45.319+0000] {processor.py:830} INFO - Processing file /home/airflow/.local/lib/python3.12/site-packages/airflow/example_dags/example_task_group_decorator.py for tasks to queue
[2024-05-21T19:55:45.326+0000] {logging_mixin.py:188} INFO - [2024-05-21T19:55:45.325+0000] {dagbag.py:545} INFO - Filling up the DagBag from /home/airflow/.local/lib/python3.12/site-packages/airflow/example_dags/example_task_group_decorator.py
[2024-05-21T19:55:45.357+0000] {processor.py:840} INFO - DAG(s) 'example_task_group_decorator' retrieved from /home/airflow/.local/lib/python3.12/site-packages/airflow/example_dags/example_task_group_decorator.py
[2024-05-21T19:55:45.423+0000] {logging_mixin.py:188} INFO - [2024-05-21T19:55:45.422+0000] {dag.py:3096} INFO - Sync 1 DAGs
[2024-05-21T19:55:45.514+0000] {logging_mixin.py:188} INFO - [2024-05-21T19:55:45.513+0000] {dag.py:3954} INFO - Setting next_dagrun for example_task_group_decorator to 2024-05-20 00:00:00+00:00, run_after=2024-05-21 00:00:00+00:00
[2024-05-21T19:55:45.600+0000] {processor.py:183} INFO - Processing /home/airflow/.local/lib/python3.12/site-packages/airflow/example_dags/example_task_group_decorator.py took 0.293 seconds
[2024-05-21T19:56:15.875+0000] {processor.py:161} INFO - Started process (PID=224) to work on /home/airflow/.local/lib/python3.12/site-packages/airflow/example_dags/example_task_group_decorator.py
[2024-05-21T19:56:15.878+0000] {processor.py:830} INFO - Processing file /home/airflow/.local/lib/python3.12/site-packages/airflow/example_dags/example_task_group_decorator.py for tasks to queue
[2024-05-21T19:56:15.885+0000] {logging_mixin.py:188} INFO - [2024-05-21T19:56:15.884+0000] {dagbag.py:545} INFO - Filling up the DagBag from /home/airflow/.local/lib/python3.12/site-packages/airflow/example_dags/example_task_group_decorator.py
[2024-05-21T19:56:15.945+0000] {processor.py:840} INFO - DAG(s) 'example_task_group_decorator' retrieved from /home/airflow/.local/lib/python3.12/site-packages/airflow/example_dags/example_task_group_decorator.py
[2024-05-21T19:56:16.025+0000] {logging_mixin.py:188} INFO - [2024-05-21T19:56:16.024+0000] {dag.py:3096} INFO - Sync 1 DAGs
[2024-05-21T19:56:16.096+0000] {logging_mixin.py:188} INFO - [2024-05-21T19:56:16.095+0000] {dag.py:3954} INFO - Setting next_dagrun for example_task_group_decorator to 2024-05-20 00:00:00+00:00, run_after=2024-05-21 00:00:00+00:00
[2024-05-21T19:56:16.201+0000] {processor.py:183} INFO - Processing /home/airflow/.local/lib/python3.12/site-packages/airflow/example_dags/example_task_group_decorator.py took 0.346 seconds
[2024-05-21T19:56:46.559+0000] {processor.py:161} INFO - Started process (PID=284) to work on /home/airflow/.local/lib/python3.12/site-packages/airflow/example_dags/example_task_group_decorator.py
[2024-05-21T19:56:46.561+0000] {processor.py:830} INFO - Processing file /home/airflow/.local/lib/python3.12/site-packages/airflow/example_dags/example_task_group_decorator.py for tasks to queue
[2024-05-21T19:56:46.573+0000] {logging_mixin.py:188} INFO - [2024-05-21T19:56:46.571+0000] {dagbag.py:545} INFO - Filling up the DagBag from /home/airflow/.local/lib/python3.12/site-packages/airflow/example_dags/example_task_group_decorator.py
[2024-05-21T19:56:46.620+0000] {processor.py:840} INFO - DAG(s) 'example_task_group_decorator' retrieved from /home/airflow/.local/lib/python3.12/site-packages/airflow/example_dags/example_task_group_decorator.py
[2024-05-21T19:56:46.717+0000] {logging_mixin.py:188} INFO - [2024-05-21T19:56:46.717+0000] {dag.py:3096} INFO - Sync 1 DAGs
[2024-05-21T19:56:46.771+0000] {logging_mixin.py:188} INFO - [2024-05-21T19:56:46.770+0000] {dag.py:3954} INFO - Setting next_dagrun for example_task_group_decorator to 2024-05-20 00:00:00+00:00, run_after=2024-05-21 00:00:00+00:00
[2024-05-21T19:56:46.850+0000] {processor.py:183} INFO - Processing /home/airflow/.local/lib/python3.12/site-packages/airflow/example_dags/example_task_group_decorator.py took 0.306 seconds
[2024-05-21T19:57:17.253+0000] {processor.py:161} INFO - Started process (PID=342) to work on /home/airflow/.local/lib/python3.12/site-packages/airflow/example_dags/example_task_group_decorator.py
[2024-05-21T19:57:17.258+0000] {processor.py:830} INFO - Processing file /home/airflow/.local/lib/python3.12/site-packages/airflow/example_dags/example_task_group_decorator.py for tasks to queue
[2024-05-21T19:57:17.280+0000] {logging_mixin.py:188} INFO - [2024-05-21T19:57:17.279+0000] {dagbag.py:545} INFO - Filling up the DagBag from /home/airflow/.local/lib/python3.12/site-packages/airflow/example_dags/example_task_group_decorator.py
[2024-05-21T19:57:17.317+0000] {processor.py:840} INFO - DAG(s) 'example_task_group_decorator' retrieved from /home/airflow/.local/lib/python3.12/site-packages/airflow/example_dags/example_task_group_decorator.py
[2024-05-21T19:57:17.368+0000] {logging_mixin.py:188} INFO - [2024-05-21T19:57:17.368+0000] {dag.py:3096} INFO - Sync 1 DAGs
[2024-05-21T19:57:17.427+0000] {logging_mixin.py:188} INFO - [2024-05-21T19:57:17.427+0000] {dag.py:3954} INFO - Setting next_dagrun for example_task_group_decorator to 2024-05-20 00:00:00+00:00, run_after=2024-05-21 00:00:00+00:00
[2024-05-21T19:57:17.510+0000] {processor.py:183} INFO - Processing /home/airflow/.local/lib/python3.12/site-packages/airflow/example_dags/example_task_group_decorator.py took 0.278 seconds
[2024-05-21T19:57:47.698+0000] {processor.py:161} INFO - Started process (PID=402) to work on /home/airflow/.local/lib/python3.12/site-packages/airflow/example_dags/example_task_group_decorator.py
[2024-05-21T19:57:47.701+0000] {processor.py:830} INFO - Processing file /home/airflow/.local/lib/python3.12/site-packages/airflow/example_dags/example_task_group_decorator.py for tasks to queue
[2024-05-21T19:57:47.707+0000] {logging_mixin.py:188} INFO - [2024-05-21T19:57:47.706+0000] {dagbag.py:545} INFO - Filling up the DagBag from /home/airflow/.local/lib/python3.12/site-packages/airflow/example_dags/example_task_group_decorator.py
[2024-05-21T19:57:47.751+0000] {processor.py:840} INFO - DAG(s) 'example_task_group_decorator' retrieved from /home/airflow/.local/lib/python3.12/site-packages/airflow/example_dags/example_task_group_decorator.py
[2024-05-21T19:57:47.866+0000] {logging_mixin.py:188} INFO - [2024-05-21T19:57:47.866+0000] {dag.py:3096} INFO - Sync 1 DAGs
[2024-05-21T19:57:47.952+0000] {logging_mixin.py:188} INFO - [2024-05-21T19:57:47.952+0000] {dag.py:3954} INFO - Setting next_dagrun for example_task_group_decorator to 2024-05-20 00:00:00+00:00, run_after=2024-05-21 00:00:00+00:00
[2024-05-21T19:57:48.041+0000] {processor.py:183} INFO - Processing /home/airflow/.local/lib/python3.12/site-packages/airflow/example_dags/example_task_group_decorator.py took 0.367 seconds
[2024-05-21T19:58:18.299+0000] {processor.py:161} INFO - Started process (PID=462) to work on /home/airflow/.local/lib/python3.12/site-packages/airflow/example_dags/example_task_group_decorator.py
[2024-05-21T19:58:18.302+0000] {processor.py:830} INFO - Processing file /home/airflow/.local/lib/python3.12/site-packages/airflow/example_dags/example_task_group_decorator.py for tasks to queue
[2024-05-21T19:58:18.307+0000] {logging_mixin.py:188} INFO - [2024-05-21T19:58:18.306+0000] {dagbag.py:545} INFO - Filling up the DagBag from /home/airflow/.local/lib/python3.12/site-packages/airflow/example_dags/example_task_group_decorator.py
[2024-05-21T19:58:18.344+0000] {processor.py:840} INFO - DAG(s) 'example_task_group_decorator' retrieved from /home/airflow/.local/lib/python3.12/site-packages/airflow/example_dags/example_task_group_decorator.py
[2024-05-21T19:58:18.452+0000] {logging_mixin.py:188} INFO - [2024-05-21T19:58:18.451+0000] {dag.py:3096} INFO - Sync 1 DAGs
[2024-05-21T19:58:18.522+0000] {logging_mixin.py:188} INFO - [2024-05-21T19:58:18.521+0000] {dag.py:3954} INFO - Setting next_dagrun for example_task_group_decorator to 2024-05-20 00:00:00+00:00, run_after=2024-05-21 00:00:00+00:00
[2024-05-21T19:58:18.593+0000] {processor.py:183} INFO - Processing /home/airflow/.local/lib/python3.12/site-packages/airflow/example_dags/example_task_group_decorator.py took 0.313 seconds
[2024-05-21T19:58:48.944+0000] {processor.py:161} INFO - Started process (PID=521) to work on /home/airflow/.local/lib/python3.12/site-packages/airflow/example_dags/example_task_group_decorator.py
[2024-05-21T19:58:48.947+0000] {processor.py:830} INFO - Processing file /home/airflow/.local/lib/python3.12/site-packages/airflow/example_dags/example_task_group_decorator.py for tasks to queue
[2024-05-21T19:58:48.952+0000] {logging_mixin.py:188} INFO - [2024-05-21T19:58:48.952+0000] {dagbag.py:545} INFO - Filling up the DagBag from /home/airflow/.local/lib/python3.12/site-packages/airflow/example_dags/example_task_group_decorator.py
[2024-05-21T19:58:48.987+0000] {processor.py:840} INFO - DAG(s) 'example_task_group_decorator' retrieved from /home/airflow/.local/lib/python3.12/site-packages/airflow/example_dags/example_task_group_decorator.py
[2024-05-21T19:58:49.066+0000] {logging_mixin.py:188} INFO - [2024-05-21T19:58:49.065+0000] {dag.py:3096} INFO - Sync 1 DAGs
[2024-05-21T19:58:49.131+0000] {logging_mixin.py:188} INFO - [2024-05-21T19:58:49.130+0000] {dag.py:3954} INFO - Setting next_dagrun for example_task_group_decorator to 2024-05-20 00:00:00+00:00, run_after=2024-05-21 00:00:00+00:00
[2024-05-21T19:58:49.190+0000] {processor.py:183} INFO - Processing /home/airflow/.local/lib/python3.12/site-packages/airflow/example_dags/example_task_group_decorator.py took 0.261 seconds
[2024-05-21T19:59:19.504+0000] {processor.py:161} INFO - Started process (PID=581) to work on /home/airflow/.local/lib/python3.12/site-packages/airflow/example_dags/example_task_group_decorator.py
[2024-05-21T19:59:19.507+0000] {processor.py:830} INFO - Processing file /home/airflow/.local/lib/python3.12/site-packages/airflow/example_dags/example_task_group_decorator.py for tasks to queue
[2024-05-21T19:59:19.513+0000] {logging_mixin.py:188} INFO - [2024-05-21T19:59:19.512+0000] {dagbag.py:545} INFO - Filling up the DagBag from /home/airflow/.local/lib/python3.12/site-packages/airflow/example_dags/example_task_group_decorator.py
[2024-05-21T19:59:19.555+0000] {processor.py:840} INFO - DAG(s) 'example_task_group_decorator' retrieved from /home/airflow/.local/lib/python3.12/site-packages/airflow/example_dags/example_task_group_decorator.py
[2024-05-21T19:59:19.633+0000] {logging_mixin.py:188} INFO - [2024-05-21T19:59:19.632+0000] {dag.py:3096} INFO - Sync 1 DAGs
[2024-05-21T19:59:19.727+0000] {logging_mixin.py:188} INFO - [2024-05-21T19:59:19.727+0000] {dag.py:3954} INFO - Setting next_dagrun for example_task_group_decorator to 2024-05-20 00:00:00+00:00, run_after=2024-05-21 00:00:00+00:00
[2024-05-21T19:59:19.783+0000] {processor.py:183} INFO - Processing /home/airflow/.local/lib/python3.12/site-packages/airflow/example_dags/example_task_group_decorator.py took 0.297 seconds
[2024-05-21T19:59:50.259+0000] {processor.py:161} INFO - Started process (PID=641) to work on /home/airflow/.local/lib/python3.12/site-packages/airflow/example_dags/example_task_group_decorator.py
[2024-05-21T19:59:50.261+0000] {processor.py:830} INFO - Processing file /home/airflow/.local/lib/python3.12/site-packages/airflow/example_dags/example_task_group_decorator.py for tasks to queue
[2024-05-21T19:59:50.266+0000] {logging_mixin.py:188} INFO - [2024-05-21T19:59:50.265+0000] {dagbag.py:545} INFO - Filling up the DagBag from /home/airflow/.local/lib/python3.12/site-packages/airflow/example_dags/example_task_group_decorator.py
[2024-05-21T19:59:50.299+0000] {processor.py:840} INFO - DAG(s) 'example_task_group_decorator' retrieved from /home/airflow/.local/lib/python3.12/site-packages/airflow/example_dags/example_task_group_decorator.py
[2024-05-21T19:59:50.373+0000] {logging_mixin.py:188} INFO - [2024-05-21T19:59:50.372+0000] {dag.py:3096} INFO - Sync 1 DAGs
[2024-05-21T19:59:50.428+0000] {logging_mixin.py:188} INFO - [2024-05-21T19:59:50.427+0000] {dag.py:3954} INFO - Setting next_dagrun for example_task_group_decorator to 2024-05-20 00:00:00+00:00, run_after=2024-05-21 00:00:00+00:00
[2024-05-21T19:59:50.490+0000] {processor.py:183} INFO - Processing /home/airflow/.local/lib/python3.12/site-packages/airflow/example_dags/example_task_group_decorator.py took 0.247 seconds
[2024-05-21T20:00:20.863+0000] {processor.py:161} INFO - Started process (PID=701) to work on /home/airflow/.local/lib/python3.12/site-packages/airflow/example_dags/example_task_group_decorator.py
[2024-05-21T20:00:20.866+0000] {processor.py:830} INFO - Processing file /home/airflow/.local/lib/python3.12/site-packages/airflow/example_dags/example_task_group_decorator.py for tasks to queue
[2024-05-21T20:00:20.873+0000] {logging_mixin.py:188} INFO - [2024-05-21T20:00:20.873+0000] {dagbag.py:545} INFO - Filling up the DagBag from /home/airflow/.local/lib/python3.12/site-packages/airflow/example_dags/example_task_group_decorator.py
[2024-05-21T20:00:20.917+0000] {processor.py:840} INFO - DAG(s) 'example_task_group_decorator' retrieved from /home/airflow/.local/lib/python3.12/site-packages/airflow/example_dags/example_task_group_decorator.py
[2024-05-21T20:00:21.011+0000] {logging_mixin.py:188} INFO - [2024-05-21T20:00:21.008+0000] {dag.py:3096} INFO - Sync 1 DAGs
[2024-05-21T20:00:21.207+0000] {logging_mixin.py:188} INFO - [2024-05-21T20:00:21.206+0000] {dag.py:3954} INFO - Setting next_dagrun for example_task_group_decorator to 2024-05-20 00:00:00+00:00, run_after=2024-05-21 00:00:00+00:00
[2024-05-21T20:00:21.305+0000] {processor.py:183} INFO - Processing /home/airflow/.local/lib/python3.12/site-packages/airflow/example_dags/example_task_group_decorator.py took 0.460 seconds
[2024-05-21T20:00:51.530+0000] {processor.py:161} INFO - Started process (PID=761) to work on /home/airflow/.local/lib/python3.12/site-packages/airflow/example_dags/example_task_group_decorator.py
[2024-05-21T20:00:51.534+0000] {processor.py:830} INFO - Processing file /home/airflow/.local/lib/python3.12/site-packages/airflow/example_dags/example_task_group_decorator.py for tasks to queue
[2024-05-21T20:00:51.541+0000] {logging_mixin.py:188} INFO - [2024-05-21T20:00:51.540+0000] {dagbag.py:545} INFO - Filling up the DagBag from /home/airflow/.local/lib/python3.12/site-packages/airflow/example_dags/example_task_group_decorator.py
[2024-05-21T20:00:51.572+0000] {processor.py:840} INFO - DAG(s) 'example_task_group_decorator' retrieved from /home/airflow/.local/lib/python3.12/site-packages/airflow/example_dags/example_task_group_decorator.py
[2024-05-21T20:00:51.666+0000] {logging_mixin.py:188} INFO - [2024-05-21T20:00:51.665+0000] {dag.py:3096} INFO - Sync 1 DAGs
[2024-05-21T20:00:51.748+0000] {logging_mixin.py:188} INFO - [2024-05-21T20:00:51.748+0000] {dag.py:3954} INFO - Setting next_dagrun for example_task_group_decorator to 2024-05-20 00:00:00+00:00, run_after=2024-05-21 00:00:00+00:00
[2024-05-21T20:00:51.860+0000] {processor.py:183} INFO - Processing /home/airflow/.local/lib/python3.12/site-packages/airflow/example_dags/example_task_group_decorator.py took 0.357 seconds
[2024-05-21T20:01:22.226+0000] {processor.py:161} INFO - Started process (PID=821) to work on /home/airflow/.local/lib/python3.12/site-packages/airflow/example_dags/example_task_group_decorator.py
[2024-05-21T20:01:22.229+0000] {processor.py:830} INFO - Processing file /home/airflow/.local/lib/python3.12/site-packages/airflow/example_dags/example_task_group_decorator.py for tasks to queue
[2024-05-21T20:01:22.237+0000] {logging_mixin.py:188} INFO - [2024-05-21T20:01:22.236+0000] {dagbag.py:545} INFO - Filling up the DagBag from /home/airflow/.local/lib/python3.12/site-packages/airflow/example_dags/example_task_group_decorator.py
[2024-05-21T20:01:22.278+0000] {processor.py:840} INFO - DAG(s) 'example_task_group_decorator' retrieved from /home/airflow/.local/lib/python3.12/site-packages/airflow/example_dags/example_task_group_decorator.py
[2024-05-21T20:01:22.340+0000] {logging_mixin.py:188} INFO - [2024-05-21T20:01:22.340+0000] {dag.py:3096} INFO - Sync 1 DAGs
[2024-05-21T20:01:22.396+0000] {logging_mixin.py:188} INFO - [2024-05-21T20:01:22.395+0000] {dag.py:3954} INFO - Setting next_dagrun for example_task_group_decorator to 2024-05-20 00:00:00+00:00, run_after=2024-05-21 00:00:00+00:00
[2024-05-21T20:01:22.455+0000] {processor.py:183} INFO - Processing /home/airflow/.local/lib/python3.12/site-packages/airflow/example_dags/example_task_group_decorator.py took 0.252 seconds
[2024-05-21T20:01:53.359+0000] {processor.py:161} INFO - Started process (PID=881) to work on /home/airflow/.local/lib/python3.12/site-packages/airflow/example_dags/example_task_group_decorator.py
[2024-05-21T20:01:53.361+0000] {processor.py:830} INFO - Processing file /home/airflow/.local/lib/python3.12/site-packages/airflow/example_dags/example_task_group_decorator.py for tasks to queue
[2024-05-21T20:01:53.368+0000] {logging_mixin.py:188} INFO - [2024-05-21T20:01:53.367+0000] {dagbag.py:545} INFO - Filling up the DagBag from /home/airflow/.local/lib/python3.12/site-packages/airflow/example_dags/example_task_group_decorator.py
[2024-05-21T20:01:53.423+0000] {processor.py:840} INFO - DAG(s) 'example_task_group_decorator' retrieved from /home/airflow/.local/lib/python3.12/site-packages/airflow/example_dags/example_task_group_decorator.py
[2024-05-21T20:01:53.515+0000] {logging_mixin.py:188} INFO - [2024-05-21T20:01:53.515+0000] {dag.py:3096} INFO - Sync 1 DAGs
[2024-05-21T20:01:53.656+0000] {logging_mixin.py:188} INFO - [2024-05-21T20:01:53.655+0000] {dag.py:3954} INFO - Setting next_dagrun for example_task_group_decorator to 2024-05-20 00:00:00+00:00, run_after=2024-05-21 00:00:00+00:00
[2024-05-21T20:01:53.762+0000] {processor.py:183} INFO - Processing /home/airflow/.local/lib/python3.12/site-packages/airflow/example_dags/example_task_group_decorator.py took 0.433 seconds
[2024-05-21T20:02:23.954+0000] {processor.py:161} INFO - Started process (PID=941) to work on /home/airflow/.local/lib/python3.12/site-packages/airflow/example_dags/example_task_group_decorator.py
[2024-05-21T20:02:23.957+0000] {processor.py:830} INFO - Processing file /home/airflow/.local/lib/python3.12/site-packages/airflow/example_dags/example_task_group_decorator.py for tasks to queue
[2024-05-21T20:02:23.963+0000] {logging_mixin.py:188} INFO - [2024-05-21T20:02:23.962+0000] {dagbag.py:545} INFO - Filling up the DagBag from /home/airflow/.local/lib/python3.12/site-packages/airflow/example_dags/example_task_group_decorator.py
[2024-05-21T20:02:23.998+0000] {processor.py:840} INFO - DAG(s) 'example_task_group_decorator' retrieved from /home/airflow/.local/lib/python3.12/site-packages/airflow/example_dags/example_task_group_decorator.py
[2024-05-21T20:02:24.067+0000] {logging_mixin.py:188} INFO - [2024-05-21T20:02:24.067+0000] {dag.py:3096} INFO - Sync 1 DAGs
[2024-05-21T20:02:24.118+0000] {logging_mixin.py:188} INFO - [2024-05-21T20:02:24.117+0000] {dag.py:3954} INFO - Setting next_dagrun for example_task_group_decorator to 2024-05-20 00:00:00+00:00, run_after=2024-05-21 00:00:00+00:00
[2024-05-21T20:02:24.177+0000] {processor.py:183} INFO - Processing /home/airflow/.local/lib/python3.12/site-packages/airflow/example_dags/example_task_group_decorator.py took 0.256 seconds
