[2024-05-21T19:29:03.264+0000] {processor.py:161} INFO - Started process (PID=55) to work on /home/airflow/.local/lib/python3.12/site-packages/airflow/example_dags/tutorial_taskflow_api.py
[2024-05-21T19:29:03.266+0000] {processor.py:830} INFO - Processing file /home/airflow/.local/lib/python3.12/site-packages/airflow/example_dags/tutorial_taskflow_api.py for tasks to queue
[2024-05-21T19:29:03.272+0000] {logging_mixin.py:188} INFO - [2024-05-21T19:29:03.272+0000] {dagbag.py:545} INFO - Filling up the DagBag from /home/airflow/.local/lib/python3.12/site-packages/airflow/example_dags/tutorial_taskflow_api.py
[2024-05-21T19:29:03.291+0000] {processor.py:840} INFO - DAG(s) 'tutorial_taskflow_api' retrieved from /home/airflow/.local/lib/python3.12/site-packages/airflow/example_dags/tutorial_taskflow_api.py
[2024-05-21T19:29:03.549+0000] {logging_mixin.py:188} INFO - [2024-05-21T19:29:03.549+0000] {dag.py:3096} INFO - Sync 1 DAGs
[2024-05-21T19:29:03.572+0000] {logging_mixin.py:188} INFO - [2024-05-21T19:29:03.571+0000] {dag.py:3954} INFO - Setting next_dagrun for tutorial_taskflow_api to None, run_after=None
[2024-05-21T19:29:03.625+0000] {processor.py:183} INFO - Processing /home/airflow/.local/lib/python3.12/site-packages/airflow/example_dags/tutorial_taskflow_api.py took 0.372 seconds
[2024-05-21T19:29:34.407+0000] {processor.py:161} INFO - Started process (PID=115) to work on /home/airflow/.local/lib/python3.12/site-packages/airflow/example_dags/tutorial_taskflow_api.py
[2024-05-21T19:29:34.410+0000] {processor.py:830} INFO - Processing file /home/airflow/.local/lib/python3.12/site-packages/airflow/example_dags/tutorial_taskflow_api.py for tasks to queue
[2024-05-21T19:29:34.417+0000] {logging_mixin.py:188} INFO - [2024-05-21T19:29:34.417+0000] {dagbag.py:545} INFO - Filling up the DagBag from /home/airflow/.local/lib/python3.12/site-packages/airflow/example_dags/tutorial_taskflow_api.py
[2024-05-21T19:29:34.440+0000] {processor.py:840} INFO - DAG(s) 'tutorial_taskflow_api' retrieved from /home/airflow/.local/lib/python3.12/site-packages/airflow/example_dags/tutorial_taskflow_api.py
[2024-05-21T19:29:34.539+0000] {logging_mixin.py:188} INFO - [2024-05-21T19:29:34.538+0000] {dag.py:3096} INFO - Sync 1 DAGs
[2024-05-21T19:29:34.582+0000] {logging_mixin.py:188} INFO - [2024-05-21T19:29:34.582+0000] {dag.py:3954} INFO - Setting next_dagrun for tutorial_taskflow_api to None, run_after=None
[2024-05-21T19:29:34.649+0000] {processor.py:183} INFO - Processing /home/airflow/.local/lib/python3.12/site-packages/airflow/example_dags/tutorial_taskflow_api.py took 0.268 seconds
[2024-05-21T19:30:04.935+0000] {processor.py:161} INFO - Started process (PID=175) to work on /home/airflow/.local/lib/python3.12/site-packages/airflow/example_dags/tutorial_taskflow_api.py
[2024-05-21T19:30:04.938+0000] {processor.py:830} INFO - Processing file /home/airflow/.local/lib/python3.12/site-packages/airflow/example_dags/tutorial_taskflow_api.py for tasks to queue
[2024-05-21T19:30:04.944+0000] {logging_mixin.py:188} INFO - [2024-05-21T19:30:04.943+0000] {dagbag.py:545} INFO - Filling up the DagBag from /home/airflow/.local/lib/python3.12/site-packages/airflow/example_dags/tutorial_taskflow_api.py
[2024-05-21T19:30:04.963+0000] {processor.py:840} INFO - DAG(s) 'tutorial_taskflow_api' retrieved from /home/airflow/.local/lib/python3.12/site-packages/airflow/example_dags/tutorial_taskflow_api.py
[2024-05-21T19:30:05.023+0000] {logging_mixin.py:188} INFO - [2024-05-21T19:30:05.023+0000] {dag.py:3096} INFO - Sync 1 DAGs
[2024-05-21T19:30:05.060+0000] {logging_mixin.py:188} INFO - [2024-05-21T19:30:05.059+0000] {dag.py:3954} INFO - Setting next_dagrun for tutorial_taskflow_api to None, run_after=None
[2024-05-21T19:30:05.121+0000] {processor.py:183} INFO - Processing /home/airflow/.local/lib/python3.12/site-packages/airflow/example_dags/tutorial_taskflow_api.py took 0.202 seconds
[2024-05-21T19:30:35.700+0000] {processor.py:161} INFO - Started process (PID=235) to work on /home/airflow/.local/lib/python3.12/site-packages/airflow/example_dags/tutorial_taskflow_api.py
[2024-05-21T19:30:35.703+0000] {processor.py:830} INFO - Processing file /home/airflow/.local/lib/python3.12/site-packages/airflow/example_dags/tutorial_taskflow_api.py for tasks to queue
[2024-05-21T19:30:35.708+0000] {logging_mixin.py:188} INFO - [2024-05-21T19:30:35.707+0000] {dagbag.py:545} INFO - Filling up the DagBag from /home/airflow/.local/lib/python3.12/site-packages/airflow/example_dags/tutorial_taskflow_api.py
[2024-05-21T19:30:35.726+0000] {processor.py:840} INFO - DAG(s) 'tutorial_taskflow_api' retrieved from /home/airflow/.local/lib/python3.12/site-packages/airflow/example_dags/tutorial_taskflow_api.py
[2024-05-21T19:30:35.775+0000] {logging_mixin.py:188} INFO - [2024-05-21T19:30:35.774+0000] {dag.py:3096} INFO - Sync 1 DAGs
[2024-05-21T19:30:35.811+0000] {logging_mixin.py:188} INFO - [2024-05-21T19:30:35.810+0000] {dag.py:3954} INFO - Setting next_dagrun for tutorial_taskflow_api to None, run_after=None
[2024-05-21T19:30:35.904+0000] {processor.py:183} INFO - Processing /home/airflow/.local/lib/python3.12/site-packages/airflow/example_dags/tutorial_taskflow_api.py took 0.218 seconds
[2024-05-21T19:31:07.403+0000] {processor.py:161} INFO - Started process (PID=295) to work on /home/airflow/.local/lib/python3.12/site-packages/airflow/example_dags/tutorial_taskflow_api.py
[2024-05-21T19:31:07.406+0000] {processor.py:830} INFO - Processing file /home/airflow/.local/lib/python3.12/site-packages/airflow/example_dags/tutorial_taskflow_api.py for tasks to queue
[2024-05-21T19:31:07.426+0000] {logging_mixin.py:188} INFO - [2024-05-21T19:31:07.425+0000] {dagbag.py:545} INFO - Filling up the DagBag from /home/airflow/.local/lib/python3.12/site-packages/airflow/example_dags/tutorial_taskflow_api.py
[2024-05-21T19:31:07.446+0000] {processor.py:840} INFO - DAG(s) 'tutorial_taskflow_api' retrieved from /home/airflow/.local/lib/python3.12/site-packages/airflow/example_dags/tutorial_taskflow_api.py
[2024-05-21T19:31:07.517+0000] {logging_mixin.py:188} INFO - [2024-05-21T19:31:07.516+0000] {dag.py:3096} INFO - Sync 1 DAGs
[2024-05-21T19:31:07.547+0000] {logging_mixin.py:188} INFO - [2024-05-21T19:31:07.547+0000] {dag.py:3954} INFO - Setting next_dagrun for tutorial_taskflow_api to None, run_after=None
[2024-05-21T19:31:07.601+0000] {processor.py:183} INFO - Processing /home/airflow/.local/lib/python3.12/site-packages/airflow/example_dags/tutorial_taskflow_api.py took 0.212 seconds
[2024-05-21T19:31:39.279+0000] {processor.py:161} INFO - Started process (PID=355) to work on /home/airflow/.local/lib/python3.12/site-packages/airflow/example_dags/tutorial_taskflow_api.py
[2024-05-21T19:31:39.281+0000] {processor.py:830} INFO - Processing file /home/airflow/.local/lib/python3.12/site-packages/airflow/example_dags/tutorial_taskflow_api.py for tasks to queue
[2024-05-21T19:31:39.286+0000] {logging_mixin.py:188} INFO - [2024-05-21T19:31:39.285+0000] {dagbag.py:545} INFO - Filling up the DagBag from /home/airflow/.local/lib/python3.12/site-packages/airflow/example_dags/tutorial_taskflow_api.py
[2024-05-21T19:31:39.355+0000] {processor.py:840} INFO - DAG(s) 'tutorial_taskflow_api' retrieved from /home/airflow/.local/lib/python3.12/site-packages/airflow/example_dags/tutorial_taskflow_api.py
[2024-05-21T19:31:39.513+0000] {logging_mixin.py:188} INFO - [2024-05-21T19:31:39.512+0000] {dag.py:3096} INFO - Sync 1 DAGs
[2024-05-21T19:31:39.546+0000] {logging_mixin.py:188} INFO - [2024-05-21T19:31:39.546+0000] {dag.py:3954} INFO - Setting next_dagrun for tutorial_taskflow_api to None, run_after=None
[2024-05-21T19:31:39.609+0000] {processor.py:183} INFO - Processing /home/airflow/.local/lib/python3.12/site-packages/airflow/example_dags/tutorial_taskflow_api.py took 0.353 seconds
[2024-05-21T19:32:10.111+0000] {processor.py:161} INFO - Started process (PID=415) to work on /home/airflow/.local/lib/python3.12/site-packages/airflow/example_dags/tutorial_taskflow_api.py
[2024-05-21T19:32:10.114+0000] {processor.py:830} INFO - Processing file /home/airflow/.local/lib/python3.12/site-packages/airflow/example_dags/tutorial_taskflow_api.py for tasks to queue
[2024-05-21T19:32:10.120+0000] {logging_mixin.py:188} INFO - [2024-05-21T19:32:10.119+0000] {dagbag.py:545} INFO - Filling up the DagBag from /home/airflow/.local/lib/python3.12/site-packages/airflow/example_dags/tutorial_taskflow_api.py
[2024-05-21T19:32:10.140+0000] {processor.py:840} INFO - DAG(s) 'tutorial_taskflow_api' retrieved from /home/airflow/.local/lib/python3.12/site-packages/airflow/example_dags/tutorial_taskflow_api.py
[2024-05-21T19:32:10.241+0000] {logging_mixin.py:188} INFO - [2024-05-21T19:32:10.240+0000] {dag.py:3096} INFO - Sync 1 DAGs
[2024-05-21T19:32:10.285+0000] {logging_mixin.py:188} INFO - [2024-05-21T19:32:10.284+0000] {dag.py:3954} INFO - Setting next_dagrun for tutorial_taskflow_api to None, run_after=None
[2024-05-21T19:32:10.414+0000] {processor.py:183} INFO - Processing /home/airflow/.local/lib/python3.12/site-packages/airflow/example_dags/tutorial_taskflow_api.py took 0.322 seconds
[2024-05-21T19:32:40.785+0000] {processor.py:161} INFO - Started process (PID=474) to work on /home/airflow/.local/lib/python3.12/site-packages/airflow/example_dags/tutorial_taskflow_api.py
[2024-05-21T19:32:40.787+0000] {processor.py:830} INFO - Processing file /home/airflow/.local/lib/python3.12/site-packages/airflow/example_dags/tutorial_taskflow_api.py for tasks to queue
[2024-05-21T19:32:40.793+0000] {logging_mixin.py:188} INFO - [2024-05-21T19:32:40.792+0000] {dagbag.py:545} INFO - Filling up the DagBag from /home/airflow/.local/lib/python3.12/site-packages/airflow/example_dags/tutorial_taskflow_api.py
[2024-05-21T19:32:40.807+0000] {processor.py:840} INFO - DAG(s) 'tutorial_taskflow_api' retrieved from /home/airflow/.local/lib/python3.12/site-packages/airflow/example_dags/tutorial_taskflow_api.py
[2024-05-21T19:32:40.858+0000] {logging_mixin.py:188} INFO - [2024-05-21T19:32:40.857+0000] {dag.py:3096} INFO - Sync 1 DAGs
[2024-05-21T19:32:40.887+0000] {logging_mixin.py:188} INFO - [2024-05-21T19:32:40.886+0000] {dag.py:3954} INFO - Setting next_dagrun for tutorial_taskflow_api to None, run_after=None
[2024-05-21T19:32:40.951+0000] {processor.py:183} INFO - Processing /home/airflow/.local/lib/python3.12/site-packages/airflow/example_dags/tutorial_taskflow_api.py took 0.179 seconds
[2024-05-21T19:33:11.763+0000] {processor.py:161} INFO - Started process (PID=534) to work on /home/airflow/.local/lib/python3.12/site-packages/airflow/example_dags/tutorial_taskflow_api.py
[2024-05-21T19:33:11.774+0000] {processor.py:830} INFO - Processing file /home/airflow/.local/lib/python3.12/site-packages/airflow/example_dags/tutorial_taskflow_api.py for tasks to queue
[2024-05-21T19:33:11.784+0000] {logging_mixin.py:188} INFO - [2024-05-21T19:33:11.782+0000] {dagbag.py:545} INFO - Filling up the DagBag from /home/airflow/.local/lib/python3.12/site-packages/airflow/example_dags/tutorial_taskflow_api.py
[2024-05-21T19:33:11.804+0000] {processor.py:840} INFO - DAG(s) 'tutorial_taskflow_api' retrieved from /home/airflow/.local/lib/python3.12/site-packages/airflow/example_dags/tutorial_taskflow_api.py
[2024-05-21T19:33:11.875+0000] {logging_mixin.py:188} INFO - [2024-05-21T19:33:11.874+0000] {dag.py:3096} INFO - Sync 1 DAGs
[2024-05-21T19:33:11.914+0000] {logging_mixin.py:188} INFO - [2024-05-21T19:33:11.914+0000] {dag.py:3954} INFO - Setting next_dagrun for tutorial_taskflow_api to None, run_after=None
[2024-05-21T19:33:12.011+0000] {processor.py:183} INFO - Processing /home/airflow/.local/lib/python3.12/site-packages/airflow/example_dags/tutorial_taskflow_api.py took 0.265 seconds
[2024-05-21T19:33:42.510+0000] {processor.py:161} INFO - Started process (PID=594) to work on /home/airflow/.local/lib/python3.12/site-packages/airflow/example_dags/tutorial_taskflow_api.py
[2024-05-21T19:33:42.513+0000] {processor.py:830} INFO - Processing file /home/airflow/.local/lib/python3.12/site-packages/airflow/example_dags/tutorial_taskflow_api.py for tasks to queue
[2024-05-21T19:33:42.518+0000] {logging_mixin.py:188} INFO - [2024-05-21T19:33:42.517+0000] {dagbag.py:545} INFO - Filling up the DagBag from /home/airflow/.local/lib/python3.12/site-packages/airflow/example_dags/tutorial_taskflow_api.py
[2024-05-21T19:33:42.547+0000] {processor.py:840} INFO - DAG(s) 'tutorial_taskflow_api' retrieved from /home/airflow/.local/lib/python3.12/site-packages/airflow/example_dags/tutorial_taskflow_api.py
[2024-05-21T19:33:42.603+0000] {logging_mixin.py:188} INFO - [2024-05-21T19:33:42.602+0000] {dag.py:3096} INFO - Sync 1 DAGs
[2024-05-21T19:33:42.675+0000] {logging_mixin.py:188} INFO - [2024-05-21T19:33:42.674+0000] {dag.py:3954} INFO - Setting next_dagrun for tutorial_taskflow_api to None, run_after=None
[2024-05-21T19:33:42.754+0000] {processor.py:183} INFO - Processing /home/airflow/.local/lib/python3.12/site-packages/airflow/example_dags/tutorial_taskflow_api.py took 0.269 seconds
[2024-05-21T19:34:13.306+0000] {processor.py:161} INFO - Started process (PID=653) to work on /home/airflow/.local/lib/python3.12/site-packages/airflow/example_dags/tutorial_taskflow_api.py
[2024-05-21T19:34:13.309+0000] {processor.py:830} INFO - Processing file /home/airflow/.local/lib/python3.12/site-packages/airflow/example_dags/tutorial_taskflow_api.py for tasks to queue
[2024-05-21T19:34:13.314+0000] {logging_mixin.py:188} INFO - [2024-05-21T19:34:13.313+0000] {dagbag.py:545} INFO - Filling up the DagBag from /home/airflow/.local/lib/python3.12/site-packages/airflow/example_dags/tutorial_taskflow_api.py
[2024-05-21T19:34:13.332+0000] {processor.py:840} INFO - DAG(s) 'tutorial_taskflow_api' retrieved from /home/airflow/.local/lib/python3.12/site-packages/airflow/example_dags/tutorial_taskflow_api.py
[2024-05-21T19:34:13.380+0000] {logging_mixin.py:188} INFO - [2024-05-21T19:34:13.379+0000] {dag.py:3096} INFO - Sync 1 DAGs
[2024-05-21T19:34:13.404+0000] {logging_mixin.py:188} INFO - [2024-05-21T19:34:13.403+0000] {dag.py:3954} INFO - Setting next_dagrun for tutorial_taskflow_api to None, run_after=None
[2024-05-21T19:34:13.454+0000] {processor.py:183} INFO - Processing /home/airflow/.local/lib/python3.12/site-packages/airflow/example_dags/tutorial_taskflow_api.py took 0.159 seconds
[2024-05-21T19:34:44.181+0000] {processor.py:161} INFO - Started process (PID=713) to work on /home/airflow/.local/lib/python3.12/site-packages/airflow/example_dags/tutorial_taskflow_api.py
[2024-05-21T19:34:44.185+0000] {processor.py:830} INFO - Processing file /home/airflow/.local/lib/python3.12/site-packages/airflow/example_dags/tutorial_taskflow_api.py for tasks to queue
[2024-05-21T19:34:44.195+0000] {logging_mixin.py:188} INFO - [2024-05-21T19:34:44.193+0000] {dagbag.py:545} INFO - Filling up the DagBag from /home/airflow/.local/lib/python3.12/site-packages/airflow/example_dags/tutorial_taskflow_api.py
[2024-05-21T19:34:44.216+0000] {processor.py:840} INFO - DAG(s) 'tutorial_taskflow_api' retrieved from /home/airflow/.local/lib/python3.12/site-packages/airflow/example_dags/tutorial_taskflow_api.py
[2024-05-21T19:34:44.281+0000] {logging_mixin.py:188} INFO - [2024-05-21T19:34:44.280+0000] {dag.py:3096} INFO - Sync 1 DAGs
[2024-05-21T19:34:44.328+0000] {logging_mixin.py:188} INFO - [2024-05-21T19:34:44.327+0000] {dag.py:3954} INFO - Setting next_dagrun for tutorial_taskflow_api to None, run_after=None
[2024-05-21T19:34:44.422+0000] {processor.py:183} INFO - Processing /home/airflow/.local/lib/python3.12/site-packages/airflow/example_dags/tutorial_taskflow_api.py took 0.267 seconds
[2024-05-21T19:35:14.582+0000] {processor.py:161} INFO - Started process (PID=773) to work on /home/airflow/.local/lib/python3.12/site-packages/airflow/example_dags/tutorial_taskflow_api.py
[2024-05-21T19:35:14.585+0000] {processor.py:830} INFO - Processing file /home/airflow/.local/lib/python3.12/site-packages/airflow/example_dags/tutorial_taskflow_api.py for tasks to queue
[2024-05-21T19:35:14.591+0000] {logging_mixin.py:188} INFO - [2024-05-21T19:35:14.590+0000] {dagbag.py:545} INFO - Filling up the DagBag from /home/airflow/.local/lib/python3.12/site-packages/airflow/example_dags/tutorial_taskflow_api.py
[2024-05-21T19:35:14.604+0000] {processor.py:840} INFO - DAG(s) 'tutorial_taskflow_api' retrieved from /home/airflow/.local/lib/python3.12/site-packages/airflow/example_dags/tutorial_taskflow_api.py
[2024-05-21T19:35:14.658+0000] {logging_mixin.py:188} INFO - [2024-05-21T19:35:14.658+0000] {dag.py:3096} INFO - Sync 1 DAGs
[2024-05-21T19:35:14.713+0000] {logging_mixin.py:188} INFO - [2024-05-21T19:35:14.712+0000] {dag.py:3954} INFO - Setting next_dagrun for tutorial_taskflow_api to None, run_after=None
[2024-05-21T19:35:14.807+0000] {processor.py:183} INFO - Processing /home/airflow/.local/lib/python3.12/site-packages/airflow/example_dags/tutorial_taskflow_api.py took 0.240 seconds
[2024-05-21T19:35:45.776+0000] {processor.py:161} INFO - Started process (PID=833) to work on /home/airflow/.local/lib/python3.12/site-packages/airflow/example_dags/tutorial_taskflow_api.py
[2024-05-21T19:35:45.779+0000] {processor.py:830} INFO - Processing file /home/airflow/.local/lib/python3.12/site-packages/airflow/example_dags/tutorial_taskflow_api.py for tasks to queue
[2024-05-21T19:35:45.785+0000] {logging_mixin.py:188} INFO - [2024-05-21T19:35:45.784+0000] {dagbag.py:545} INFO - Filling up the DagBag from /home/airflow/.local/lib/python3.12/site-packages/airflow/example_dags/tutorial_taskflow_api.py
[2024-05-21T19:35:45.802+0000] {processor.py:840} INFO - DAG(s) 'tutorial_taskflow_api' retrieved from /home/airflow/.local/lib/python3.12/site-packages/airflow/example_dags/tutorial_taskflow_api.py
[2024-05-21T19:35:45.873+0000] {logging_mixin.py:188} INFO - [2024-05-21T19:35:45.873+0000] {dag.py:3096} INFO - Sync 1 DAGs
[2024-05-21T19:35:45.915+0000] {logging_mixin.py:188} INFO - [2024-05-21T19:35:45.914+0000] {dag.py:3954} INFO - Setting next_dagrun for tutorial_taskflow_api to None, run_after=None
[2024-05-21T19:35:45.994+0000] {processor.py:183} INFO - Processing /home/airflow/.local/lib/python3.12/site-packages/airflow/example_dags/tutorial_taskflow_api.py took 0.233 seconds
[2024-05-21T19:36:16.170+0000] {processor.py:161} INFO - Started process (PID=892) to work on /home/airflow/.local/lib/python3.12/site-packages/airflow/example_dags/tutorial_taskflow_api.py
[2024-05-21T19:36:16.172+0000] {processor.py:830} INFO - Processing file /home/airflow/.local/lib/python3.12/site-packages/airflow/example_dags/tutorial_taskflow_api.py for tasks to queue
[2024-05-21T19:36:16.176+0000] {logging_mixin.py:188} INFO - [2024-05-21T19:36:16.175+0000] {dagbag.py:545} INFO - Filling up the DagBag from /home/airflow/.local/lib/python3.12/site-packages/airflow/example_dags/tutorial_taskflow_api.py
[2024-05-21T19:36:16.190+0000] {processor.py:840} INFO - DAG(s) 'tutorial_taskflow_api' retrieved from /home/airflow/.local/lib/python3.12/site-packages/airflow/example_dags/tutorial_taskflow_api.py
[2024-05-21T19:36:16.239+0000] {logging_mixin.py:188} INFO - [2024-05-21T19:36:16.239+0000] {dag.py:3096} INFO - Sync 1 DAGs
[2024-05-21T19:36:16.267+0000] {logging_mixin.py:188} INFO - [2024-05-21T19:36:16.266+0000] {dag.py:3954} INFO - Setting next_dagrun for tutorial_taskflow_api to None, run_after=None
[2024-05-21T19:36:16.347+0000] {processor.py:183} INFO - Processing /home/airflow/.local/lib/python3.12/site-packages/airflow/example_dags/tutorial_taskflow_api.py took 0.189 seconds
[2024-05-21T19:36:46.526+0000] {processor.py:161} INFO - Started process (PID=952) to work on /home/airflow/.local/lib/python3.12/site-packages/airflow/example_dags/tutorial_taskflow_api.py
[2024-05-21T19:36:46.528+0000] {processor.py:830} INFO - Processing file /home/airflow/.local/lib/python3.12/site-packages/airflow/example_dags/tutorial_taskflow_api.py for tasks to queue
[2024-05-21T19:36:46.534+0000] {logging_mixin.py:188} INFO - [2024-05-21T19:36:46.533+0000] {dagbag.py:545} INFO - Filling up the DagBag from /home/airflow/.local/lib/python3.12/site-packages/airflow/example_dags/tutorial_taskflow_api.py
[2024-05-21T19:36:46.552+0000] {processor.py:840} INFO - DAG(s) 'tutorial_taskflow_api' retrieved from /home/airflow/.local/lib/python3.12/site-packages/airflow/example_dags/tutorial_taskflow_api.py
[2024-05-21T19:36:46.604+0000] {logging_mixin.py:188} INFO - [2024-05-21T19:36:46.603+0000] {dag.py:3096} INFO - Sync 1 DAGs
[2024-05-21T19:36:46.646+0000] {logging_mixin.py:188} INFO - [2024-05-21T19:36:46.646+0000] {dag.py:3954} INFO - Setting next_dagrun for tutorial_taskflow_api to None, run_after=None
[2024-05-21T19:36:46.703+0000] {processor.py:183} INFO - Processing /home/airflow/.local/lib/python3.12/site-packages/airflow/example_dags/tutorial_taskflow_api.py took 0.194 seconds
[2024-05-21T19:37:17.046+0000] {processor.py:161} INFO - Started process (PID=1011) to work on /home/airflow/.local/lib/python3.12/site-packages/airflow/example_dags/tutorial_taskflow_api.py
[2024-05-21T19:37:17.049+0000] {processor.py:830} INFO - Processing file /home/airflow/.local/lib/python3.12/site-packages/airflow/example_dags/tutorial_taskflow_api.py for tasks to queue
[2024-05-21T19:37:17.062+0000] {logging_mixin.py:188} INFO - [2024-05-21T19:37:17.058+0000] {dagbag.py:545} INFO - Filling up the DagBag from /home/airflow/.local/lib/python3.12/site-packages/airflow/example_dags/tutorial_taskflow_api.py
[2024-05-21T19:37:17.080+0000] {processor.py:840} INFO - DAG(s) 'tutorial_taskflow_api' retrieved from /home/airflow/.local/lib/python3.12/site-packages/airflow/example_dags/tutorial_taskflow_api.py
[2024-05-21T19:37:17.151+0000] {logging_mixin.py:188} INFO - [2024-05-21T19:37:17.147+0000] {dag.py:3096} INFO - Sync 1 DAGs
[2024-05-21T19:37:17.191+0000] {logging_mixin.py:188} INFO - [2024-05-21T19:37:17.191+0000] {dag.py:3954} INFO - Setting next_dagrun for tutorial_taskflow_api to None, run_after=None
[2024-05-21T19:37:17.260+0000] {processor.py:183} INFO - Processing /home/airflow/.local/lib/python3.12/site-packages/airflow/example_dags/tutorial_taskflow_api.py took 0.234 seconds
[2024-05-21T19:37:47.569+0000] {processor.py:161} INFO - Started process (PID=1071) to work on /home/airflow/.local/lib/python3.12/site-packages/airflow/example_dags/tutorial_taskflow_api.py
[2024-05-21T19:37:47.574+0000] {processor.py:830} INFO - Processing file /home/airflow/.local/lib/python3.12/site-packages/airflow/example_dags/tutorial_taskflow_api.py for tasks to queue
[2024-05-21T19:37:47.603+0000] {logging_mixin.py:188} INFO - [2024-05-21T19:37:47.603+0000] {dagbag.py:545} INFO - Filling up the DagBag from /home/airflow/.local/lib/python3.12/site-packages/airflow/example_dags/tutorial_taskflow_api.py
[2024-05-21T19:37:47.621+0000] {processor.py:840} INFO - DAG(s) 'tutorial_taskflow_api' retrieved from /home/airflow/.local/lib/python3.12/site-packages/airflow/example_dags/tutorial_taskflow_api.py
[2024-05-21T19:37:47.680+0000] {logging_mixin.py:188} INFO - [2024-05-21T19:37:47.679+0000] {dag.py:3096} INFO - Sync 1 DAGs
[2024-05-21T19:37:47.716+0000] {logging_mixin.py:188} INFO - [2024-05-21T19:37:47.716+0000] {dag.py:3954} INFO - Setting next_dagrun for tutorial_taskflow_api to None, run_after=None
[2024-05-21T19:37:47.776+0000] {processor.py:183} INFO - Processing /home/airflow/.local/lib/python3.12/site-packages/airflow/example_dags/tutorial_taskflow_api.py took 0.240 seconds
[2024-05-21T19:38:17.871+0000] {processor.py:161} INFO - Started process (PID=1130) to work on /home/airflow/.local/lib/python3.12/site-packages/airflow/example_dags/tutorial_taskflow_api.py
[2024-05-21T19:38:17.872+0000] {processor.py:830} INFO - Processing file /home/airflow/.local/lib/python3.12/site-packages/airflow/example_dags/tutorial_taskflow_api.py for tasks to queue
[2024-05-21T19:38:17.876+0000] {logging_mixin.py:188} INFO - [2024-05-21T19:38:17.875+0000] {dagbag.py:545} INFO - Filling up the DagBag from /home/airflow/.local/lib/python3.12/site-packages/airflow/example_dags/tutorial_taskflow_api.py
[2024-05-21T19:38:17.891+0000] {processor.py:840} INFO - DAG(s) 'tutorial_taskflow_api' retrieved from /home/airflow/.local/lib/python3.12/site-packages/airflow/example_dags/tutorial_taskflow_api.py
[2024-05-21T19:38:17.937+0000] {logging_mixin.py:188} INFO - [2024-05-21T19:38:17.936+0000] {dag.py:3096} INFO - Sync 1 DAGs
[2024-05-21T19:38:17.960+0000] {logging_mixin.py:188} INFO - [2024-05-21T19:38:17.960+0000] {dag.py:3954} INFO - Setting next_dagrun for tutorial_taskflow_api to None, run_after=None
[2024-05-21T19:38:18.026+0000] {processor.py:183} INFO - Processing /home/airflow/.local/lib/python3.12/site-packages/airflow/example_dags/tutorial_taskflow_api.py took 0.167 seconds
[2024-05-21T19:38:48.168+0000] {processor.py:161} INFO - Started process (PID=1190) to work on /home/airflow/.local/lib/python3.12/site-packages/airflow/example_dags/tutorial_taskflow_api.py
[2024-05-21T19:38:48.170+0000] {processor.py:830} INFO - Processing file /home/airflow/.local/lib/python3.12/site-packages/airflow/example_dags/tutorial_taskflow_api.py for tasks to queue
[2024-05-21T19:38:48.176+0000] {logging_mixin.py:188} INFO - [2024-05-21T19:38:48.175+0000] {dagbag.py:545} INFO - Filling up the DagBag from /home/airflow/.local/lib/python3.12/site-packages/airflow/example_dags/tutorial_taskflow_api.py
[2024-05-21T19:38:48.195+0000] {processor.py:840} INFO - DAG(s) 'tutorial_taskflow_api' retrieved from /home/airflow/.local/lib/python3.12/site-packages/airflow/example_dags/tutorial_taskflow_api.py
[2024-05-21T19:38:48.257+0000] {logging_mixin.py:188} INFO - [2024-05-21T19:38:48.256+0000] {dag.py:3096} INFO - Sync 1 DAGs
[2024-05-21T19:38:48.283+0000] {logging_mixin.py:188} INFO - [2024-05-21T19:38:48.283+0000] {dag.py:3954} INFO - Setting next_dagrun for tutorial_taskflow_api to None, run_after=None
[2024-05-21T19:38:48.348+0000] {processor.py:183} INFO - Processing /home/airflow/.local/lib/python3.12/site-packages/airflow/example_dags/tutorial_taskflow_api.py took 0.193 seconds
[2024-05-21T19:39:19.143+0000] {processor.py:161} INFO - Started process (PID=1250) to work on /home/airflow/.local/lib/python3.12/site-packages/airflow/example_dags/tutorial_taskflow_api.py
[2024-05-21T19:39:19.146+0000] {processor.py:830} INFO - Processing file /home/airflow/.local/lib/python3.12/site-packages/airflow/example_dags/tutorial_taskflow_api.py for tasks to queue
[2024-05-21T19:39:19.155+0000] {logging_mixin.py:188} INFO - [2024-05-21T19:39:19.154+0000] {dagbag.py:545} INFO - Filling up the DagBag from /home/airflow/.local/lib/python3.12/site-packages/airflow/example_dags/tutorial_taskflow_api.py
[2024-05-21T19:39:19.168+0000] {processor.py:840} INFO - DAG(s) 'tutorial_taskflow_api' retrieved from /home/airflow/.local/lib/python3.12/site-packages/airflow/example_dags/tutorial_taskflow_api.py
[2024-05-21T19:39:19.225+0000] {logging_mixin.py:188} INFO - [2024-05-21T19:39:19.224+0000] {dag.py:3096} INFO - Sync 1 DAGs
[2024-05-21T19:39:19.256+0000] {logging_mixin.py:188} INFO - [2024-05-21T19:39:19.256+0000] {dag.py:3954} INFO - Setting next_dagrun for tutorial_taskflow_api to None, run_after=None
[2024-05-21T19:39:19.334+0000] {processor.py:183} INFO - Processing /home/airflow/.local/lib/python3.12/site-packages/airflow/example_dags/tutorial_taskflow_api.py took 0.203 seconds
[2024-05-21T19:39:50.135+0000] {processor.py:161} INFO - Started process (PID=1310) to work on /home/airflow/.local/lib/python3.12/site-packages/airflow/example_dags/tutorial_taskflow_api.py
[2024-05-21T19:39:50.138+0000] {processor.py:830} INFO - Processing file /home/airflow/.local/lib/python3.12/site-packages/airflow/example_dags/tutorial_taskflow_api.py for tasks to queue
[2024-05-21T19:39:50.146+0000] {logging_mixin.py:188} INFO - [2024-05-21T19:39:50.145+0000] {dagbag.py:545} INFO - Filling up the DagBag from /home/airflow/.local/lib/python3.12/site-packages/airflow/example_dags/tutorial_taskflow_api.py
[2024-05-21T19:39:50.168+0000] {processor.py:840} INFO - DAG(s) 'tutorial_taskflow_api' retrieved from /home/airflow/.local/lib/python3.12/site-packages/airflow/example_dags/tutorial_taskflow_api.py
[2024-05-21T19:39:50.236+0000] {logging_mixin.py:188} INFO - [2024-05-21T19:39:50.235+0000] {dag.py:3096} INFO - Sync 1 DAGs
[2024-05-21T19:39:50.282+0000] {logging_mixin.py:188} INFO - [2024-05-21T19:39:50.281+0000] {dag.py:3954} INFO - Setting next_dagrun for tutorial_taskflow_api to None, run_after=None
[2024-05-21T19:39:50.357+0000] {processor.py:183} INFO - Processing /home/airflow/.local/lib/python3.12/site-packages/airflow/example_dags/tutorial_taskflow_api.py took 0.240 seconds
[2024-05-21T19:40:20.623+0000] {processor.py:161} INFO - Started process (PID=1370) to work on /home/airflow/.local/lib/python3.12/site-packages/airflow/example_dags/tutorial_taskflow_api.py
[2024-05-21T19:40:20.626+0000] {processor.py:830} INFO - Processing file /home/airflow/.local/lib/python3.12/site-packages/airflow/example_dags/tutorial_taskflow_api.py for tasks to queue
[2024-05-21T19:40:20.633+0000] {logging_mixin.py:188} INFO - [2024-05-21T19:40:20.631+0000] {dagbag.py:545} INFO - Filling up the DagBag from /home/airflow/.local/lib/python3.12/site-packages/airflow/example_dags/tutorial_taskflow_api.py
[2024-05-21T19:40:20.653+0000] {processor.py:840} INFO - DAG(s) 'tutorial_taskflow_api' retrieved from /home/airflow/.local/lib/python3.12/site-packages/airflow/example_dags/tutorial_taskflow_api.py
[2024-05-21T19:40:20.705+0000] {logging_mixin.py:188} INFO - [2024-05-21T19:40:20.704+0000] {dag.py:3096} INFO - Sync 1 DAGs
[2024-05-21T19:40:20.763+0000] {logging_mixin.py:188} INFO - [2024-05-21T19:40:20.762+0000] {dag.py:3954} INFO - Setting next_dagrun for tutorial_taskflow_api to None, run_after=None
[2024-05-21T19:40:20.830+0000] {processor.py:183} INFO - Processing /home/airflow/.local/lib/python3.12/site-packages/airflow/example_dags/tutorial_taskflow_api.py took 0.225 seconds
[2024-05-21T19:40:51.810+0000] {processor.py:161} INFO - Started process (PID=1436) to work on /home/airflow/.local/lib/python3.12/site-packages/airflow/example_dags/tutorial_taskflow_api.py
[2024-05-21T19:40:51.812+0000] {processor.py:830} INFO - Processing file /home/airflow/.local/lib/python3.12/site-packages/airflow/example_dags/tutorial_taskflow_api.py for tasks to queue
[2024-05-21T19:40:51.818+0000] {logging_mixin.py:188} INFO - [2024-05-21T19:40:51.817+0000] {dagbag.py:545} INFO - Filling up the DagBag from /home/airflow/.local/lib/python3.12/site-packages/airflow/example_dags/tutorial_taskflow_api.py
[2024-05-21T19:40:51.840+0000] {processor.py:840} INFO - DAG(s) 'tutorial_taskflow_api' retrieved from /home/airflow/.local/lib/python3.12/site-packages/airflow/example_dags/tutorial_taskflow_api.py
[2024-05-21T19:40:51.916+0000] {logging_mixin.py:188} INFO - [2024-05-21T19:40:51.916+0000] {dag.py:3096} INFO - Sync 1 DAGs
[2024-05-21T19:40:51.950+0000] {logging_mixin.py:188} INFO - [2024-05-21T19:40:51.949+0000] {dag.py:3954} INFO - Setting next_dagrun for tutorial_taskflow_api to None, run_after=None
[2024-05-21T19:40:52.049+0000] {processor.py:183} INFO - Processing /home/airflow/.local/lib/python3.12/site-packages/airflow/example_dags/tutorial_taskflow_api.py took 0.253 seconds
[2024-05-21T19:41:23.511+0000] {processor.py:161} INFO - Started process (PID=1496) to work on /home/airflow/.local/lib/python3.12/site-packages/airflow/example_dags/tutorial_taskflow_api.py
[2024-05-21T19:41:23.513+0000] {processor.py:830} INFO - Processing file /home/airflow/.local/lib/python3.12/site-packages/airflow/example_dags/tutorial_taskflow_api.py for tasks to queue
[2024-05-21T19:41:23.519+0000] {logging_mixin.py:188} INFO - [2024-05-21T19:41:23.518+0000] {dagbag.py:545} INFO - Filling up the DagBag from /home/airflow/.local/lib/python3.12/site-packages/airflow/example_dags/tutorial_taskflow_api.py
[2024-05-21T19:41:23.538+0000] {processor.py:840} INFO - DAG(s) 'tutorial_taskflow_api' retrieved from /home/airflow/.local/lib/python3.12/site-packages/airflow/example_dags/tutorial_taskflow_api.py
[2024-05-21T19:41:23.598+0000] {logging_mixin.py:188} INFO - [2024-05-21T19:41:23.598+0000] {dag.py:3096} INFO - Sync 1 DAGs
[2024-05-21T19:41:23.634+0000] {logging_mixin.py:188} INFO - [2024-05-21T19:41:23.633+0000] {dag.py:3954} INFO - Setting next_dagrun for tutorial_taskflow_api to None, run_after=None
[2024-05-21T19:41:23.711+0000] {processor.py:183} INFO - Processing /home/airflow/.local/lib/python3.12/site-packages/airflow/example_dags/tutorial_taskflow_api.py took 0.216 seconds
[2024-05-21T19:41:54.539+0000] {processor.py:161} INFO - Started process (PID=1556) to work on /home/airflow/.local/lib/python3.12/site-packages/airflow/example_dags/tutorial_taskflow_api.py
[2024-05-21T19:41:54.542+0000] {processor.py:830} INFO - Processing file /home/airflow/.local/lib/python3.12/site-packages/airflow/example_dags/tutorial_taskflow_api.py for tasks to queue
[2024-05-21T19:41:54.547+0000] {logging_mixin.py:188} INFO - [2024-05-21T19:41:54.546+0000] {dagbag.py:545} INFO - Filling up the DagBag from /home/airflow/.local/lib/python3.12/site-packages/airflow/example_dags/tutorial_taskflow_api.py
[2024-05-21T19:41:54.563+0000] {processor.py:840} INFO - DAG(s) 'tutorial_taskflow_api' retrieved from /home/airflow/.local/lib/python3.12/site-packages/airflow/example_dags/tutorial_taskflow_api.py
[2024-05-21T19:41:54.639+0000] {logging_mixin.py:188} INFO - [2024-05-21T19:41:54.638+0000] {dag.py:3096} INFO - Sync 1 DAGs
[2024-05-21T19:41:54.674+0000] {logging_mixin.py:188} INFO - [2024-05-21T19:41:54.674+0000] {dag.py:3954} INFO - Setting next_dagrun for tutorial_taskflow_api to None, run_after=None
[2024-05-21T19:41:54.733+0000] {processor.py:183} INFO - Processing /home/airflow/.local/lib/python3.12/site-packages/airflow/example_dags/tutorial_taskflow_api.py took 0.209 seconds
[2024-05-21T19:42:25.080+0000] {processor.py:161} INFO - Started process (PID=1614) to work on /home/airflow/.local/lib/python3.12/site-packages/airflow/example_dags/tutorial_taskflow_api.py
[2024-05-21T19:42:25.084+0000] {processor.py:830} INFO - Processing file /home/airflow/.local/lib/python3.12/site-packages/airflow/example_dags/tutorial_taskflow_api.py for tasks to queue
[2024-05-21T19:42:25.090+0000] {logging_mixin.py:188} INFO - [2024-05-21T19:42:25.089+0000] {dagbag.py:545} INFO - Filling up the DagBag from /home/airflow/.local/lib/python3.12/site-packages/airflow/example_dags/tutorial_taskflow_api.py
[2024-05-21T19:42:25.110+0000] {processor.py:840} INFO - DAG(s) 'tutorial_taskflow_api' retrieved from /home/airflow/.local/lib/python3.12/site-packages/airflow/example_dags/tutorial_taskflow_api.py
[2024-05-21T19:42:25.178+0000] {logging_mixin.py:188} INFO - [2024-05-21T19:42:25.177+0000] {dag.py:3096} INFO - Sync 1 DAGs
[2024-05-21T19:42:25.436+0000] {logging_mixin.py:188} INFO - [2024-05-21T19:42:25.436+0000] {dag.py:3954} INFO - Setting next_dagrun for tutorial_taskflow_api to None, run_after=None
[2024-05-21T19:42:25.499+0000] {processor.py:183} INFO - Processing /home/airflow/.local/lib/python3.12/site-packages/airflow/example_dags/tutorial_taskflow_api.py took 0.439 seconds
[2024-05-21T19:42:55.868+0000] {processor.py:161} INFO - Started process (PID=1674) to work on /home/airflow/.local/lib/python3.12/site-packages/airflow/example_dags/tutorial_taskflow_api.py
[2024-05-21T19:42:55.870+0000] {processor.py:830} INFO - Processing file /home/airflow/.local/lib/python3.12/site-packages/airflow/example_dags/tutorial_taskflow_api.py for tasks to queue
[2024-05-21T19:42:55.877+0000] {logging_mixin.py:188} INFO - [2024-05-21T19:42:55.876+0000] {dagbag.py:545} INFO - Filling up the DagBag from /home/airflow/.local/lib/python3.12/site-packages/airflow/example_dags/tutorial_taskflow_api.py
[2024-05-21T19:42:55.904+0000] {processor.py:840} INFO - DAG(s) 'tutorial_taskflow_api' retrieved from /home/airflow/.local/lib/python3.12/site-packages/airflow/example_dags/tutorial_taskflow_api.py
[2024-05-21T19:42:55.976+0000] {logging_mixin.py:188} INFO - [2024-05-21T19:42:55.976+0000] {dag.py:3096} INFO - Sync 1 DAGs
[2024-05-21T19:42:56.050+0000] {logging_mixin.py:188} INFO - [2024-05-21T19:42:56.050+0000] {dag.py:3954} INFO - Setting next_dagrun for tutorial_taskflow_api to None, run_after=None
[2024-05-21T19:42:56.107+0000] {processor.py:183} INFO - Processing /home/airflow/.local/lib/python3.12/site-packages/airflow/example_dags/tutorial_taskflow_api.py took 0.253 seconds
[2024-05-21T19:43:26.420+0000] {processor.py:161} INFO - Started process (PID=1734) to work on /home/airflow/.local/lib/python3.12/site-packages/airflow/example_dags/tutorial_taskflow_api.py
[2024-05-21T19:43:26.422+0000] {processor.py:830} INFO - Processing file /home/airflow/.local/lib/python3.12/site-packages/airflow/example_dags/tutorial_taskflow_api.py for tasks to queue
[2024-05-21T19:43:26.428+0000] {logging_mixin.py:188} INFO - [2024-05-21T19:43:26.427+0000] {dagbag.py:545} INFO - Filling up the DagBag from /home/airflow/.local/lib/python3.12/site-packages/airflow/example_dags/tutorial_taskflow_api.py
[2024-05-21T19:43:26.451+0000] {processor.py:840} INFO - DAG(s) 'tutorial_taskflow_api' retrieved from /home/airflow/.local/lib/python3.12/site-packages/airflow/example_dags/tutorial_taskflow_api.py
[2024-05-21T19:43:26.534+0000] {logging_mixin.py:188} INFO - [2024-05-21T19:43:26.532+0000] {dag.py:3096} INFO - Sync 1 DAGs
[2024-05-21T19:43:26.571+0000] {logging_mixin.py:188} INFO - [2024-05-21T19:43:26.570+0000] {dag.py:3954} INFO - Setting next_dagrun for tutorial_taskflow_api to None, run_after=None
[2024-05-21T19:43:26.654+0000] {processor.py:183} INFO - Processing /home/airflow/.local/lib/python3.12/site-packages/airflow/example_dags/tutorial_taskflow_api.py took 0.253 seconds
[2024-05-21T19:43:57.116+0000] {processor.py:161} INFO - Started process (PID=1794) to work on /home/airflow/.local/lib/python3.12/site-packages/airflow/example_dags/tutorial_taskflow_api.py
[2024-05-21T19:43:57.120+0000] {processor.py:830} INFO - Processing file /home/airflow/.local/lib/python3.12/site-packages/airflow/example_dags/tutorial_taskflow_api.py for tasks to queue
[2024-05-21T19:43:57.131+0000] {logging_mixin.py:188} INFO - [2024-05-21T19:43:57.130+0000] {dagbag.py:545} INFO - Filling up the DagBag from /home/airflow/.local/lib/python3.12/site-packages/airflow/example_dags/tutorial_taskflow_api.py
[2024-05-21T19:43:57.148+0000] {processor.py:840} INFO - DAG(s) 'tutorial_taskflow_api' retrieved from /home/airflow/.local/lib/python3.12/site-packages/airflow/example_dags/tutorial_taskflow_api.py
[2024-05-21T19:43:57.205+0000] {logging_mixin.py:188} INFO - [2024-05-21T19:43:57.203+0000] {dag.py:3096} INFO - Sync 1 DAGs
[2024-05-21T19:43:57.246+0000] {logging_mixin.py:188} INFO - [2024-05-21T19:43:57.245+0000] {dag.py:3954} INFO - Setting next_dagrun for tutorial_taskflow_api to None, run_after=None
[2024-05-21T19:43:57.303+0000] {processor.py:183} INFO - Processing /home/airflow/.local/lib/python3.12/site-packages/airflow/example_dags/tutorial_taskflow_api.py took 0.202 seconds
[2024-05-21T19:44:28.292+0000] {processor.py:161} INFO - Started process (PID=1854) to work on /home/airflow/.local/lib/python3.12/site-packages/airflow/example_dags/tutorial_taskflow_api.py
[2024-05-21T19:44:28.295+0000] {processor.py:830} INFO - Processing file /home/airflow/.local/lib/python3.12/site-packages/airflow/example_dags/tutorial_taskflow_api.py for tasks to queue
[2024-05-21T19:44:28.307+0000] {logging_mixin.py:188} INFO - [2024-05-21T19:44:28.304+0000] {dagbag.py:545} INFO - Filling up the DagBag from /home/airflow/.local/lib/python3.12/site-packages/airflow/example_dags/tutorial_taskflow_api.py
[2024-05-21T19:44:28.329+0000] {processor.py:840} INFO - DAG(s) 'tutorial_taskflow_api' retrieved from /home/airflow/.local/lib/python3.12/site-packages/airflow/example_dags/tutorial_taskflow_api.py
[2024-05-21T19:44:28.396+0000] {logging_mixin.py:188} INFO - [2024-05-21T19:44:28.395+0000] {dag.py:3096} INFO - Sync 1 DAGs
[2024-05-21T19:44:28.447+0000] {logging_mixin.py:188} INFO - [2024-05-21T19:44:28.446+0000] {dag.py:3954} INFO - Setting next_dagrun for tutorial_taskflow_api to None, run_after=None
[2024-05-21T19:44:28.547+0000] {processor.py:183} INFO - Processing /home/airflow/.local/lib/python3.12/site-packages/airflow/example_dags/tutorial_taskflow_api.py took 0.271 seconds
[2024-05-21T19:44:59.415+0000] {processor.py:161} INFO - Started process (PID=1914) to work on /home/airflow/.local/lib/python3.12/site-packages/airflow/example_dags/tutorial_taskflow_api.py
[2024-05-21T19:44:59.418+0000] {processor.py:830} INFO - Processing file /home/airflow/.local/lib/python3.12/site-packages/airflow/example_dags/tutorial_taskflow_api.py for tasks to queue
[2024-05-21T19:44:59.448+0000] {logging_mixin.py:188} INFO - [2024-05-21T19:44:59.444+0000] {dagbag.py:545} INFO - Filling up the DagBag from /home/airflow/.local/lib/python3.12/site-packages/airflow/example_dags/tutorial_taskflow_api.py
[2024-05-21T19:44:59.468+0000] {processor.py:840} INFO - DAG(s) 'tutorial_taskflow_api' retrieved from /home/airflow/.local/lib/python3.12/site-packages/airflow/example_dags/tutorial_taskflow_api.py
[2024-05-21T19:44:59.532+0000] {logging_mixin.py:188} INFO - [2024-05-21T19:44:59.532+0000] {dag.py:3096} INFO - Sync 1 DAGs
[2024-05-21T19:44:59.570+0000] {logging_mixin.py:188} INFO - [2024-05-21T19:44:59.569+0000] {dag.py:3954} INFO - Setting next_dagrun for tutorial_taskflow_api to None, run_after=None
[2024-05-21T19:44:59.630+0000] {processor.py:183} INFO - Processing /home/airflow/.local/lib/python3.12/site-packages/airflow/example_dags/tutorial_taskflow_api.py took 0.231 seconds
[2024-05-21T19:45:30.877+0000] {processor.py:161} INFO - Started process (PID=1974) to work on /home/airflow/.local/lib/python3.12/site-packages/airflow/example_dags/tutorial_taskflow_api.py
[2024-05-21T19:45:30.879+0000] {processor.py:830} INFO - Processing file /home/airflow/.local/lib/python3.12/site-packages/airflow/example_dags/tutorial_taskflow_api.py for tasks to queue
[2024-05-21T19:45:30.887+0000] {logging_mixin.py:188} INFO - [2024-05-21T19:45:30.887+0000] {dagbag.py:545} INFO - Filling up the DagBag from /home/airflow/.local/lib/python3.12/site-packages/airflow/example_dags/tutorial_taskflow_api.py
[2024-05-21T19:45:30.902+0000] {processor.py:840} INFO - DAG(s) 'tutorial_taskflow_api' retrieved from /home/airflow/.local/lib/python3.12/site-packages/airflow/example_dags/tutorial_taskflow_api.py
[2024-05-21T19:45:30.966+0000] {logging_mixin.py:188} INFO - [2024-05-21T19:45:30.965+0000] {dag.py:3096} INFO - Sync 1 DAGs
[2024-05-21T19:45:31.004+0000] {logging_mixin.py:188} INFO - [2024-05-21T19:45:31.004+0000] {dag.py:3954} INFO - Setting next_dagrun for tutorial_taskflow_api to None, run_after=None
[2024-05-21T19:45:31.070+0000] {processor.py:183} INFO - Processing /home/airflow/.local/lib/python3.12/site-packages/airflow/example_dags/tutorial_taskflow_api.py took 0.211 seconds
[2024-05-21T19:46:01.539+0000] {processor.py:161} INFO - Started process (PID=2032) to work on /home/airflow/.local/lib/python3.12/site-packages/airflow/example_dags/tutorial_taskflow_api.py
[2024-05-21T19:46:01.541+0000] {processor.py:830} INFO - Processing file /home/airflow/.local/lib/python3.12/site-packages/airflow/example_dags/tutorial_taskflow_api.py for tasks to queue
[2024-05-21T19:46:01.546+0000] {logging_mixin.py:188} INFO - [2024-05-21T19:46:01.546+0000] {dagbag.py:545} INFO - Filling up the DagBag from /home/airflow/.local/lib/python3.12/site-packages/airflow/example_dags/tutorial_taskflow_api.py
[2024-05-21T19:46:01.558+0000] {processor.py:840} INFO - DAG(s) 'tutorial_taskflow_api' retrieved from /home/airflow/.local/lib/python3.12/site-packages/airflow/example_dags/tutorial_taskflow_api.py
[2024-05-21T19:46:01.618+0000] {logging_mixin.py:188} INFO - [2024-05-21T19:46:01.618+0000] {dag.py:3096} INFO - Sync 1 DAGs
[2024-05-21T19:46:01.648+0000] {logging_mixin.py:188} INFO - [2024-05-21T19:46:01.647+0000] {dag.py:3954} INFO - Setting next_dagrun for tutorial_taskflow_api to None, run_after=None
[2024-05-21T19:46:01.718+0000] {processor.py:183} INFO - Processing /home/airflow/.local/lib/python3.12/site-packages/airflow/example_dags/tutorial_taskflow_api.py took 0.189 seconds
[2024-05-21T19:46:32.338+0000] {processor.py:161} INFO - Started process (PID=2092) to work on /home/airflow/.local/lib/python3.12/site-packages/airflow/example_dags/tutorial_taskflow_api.py
[2024-05-21T19:46:32.341+0000] {processor.py:830} INFO - Processing file /home/airflow/.local/lib/python3.12/site-packages/airflow/example_dags/tutorial_taskflow_api.py for tasks to queue
[2024-05-21T19:46:32.360+0000] {logging_mixin.py:188} INFO - [2024-05-21T19:46:32.354+0000] {dagbag.py:545} INFO - Filling up the DagBag from /home/airflow/.local/lib/python3.12/site-packages/airflow/example_dags/tutorial_taskflow_api.py
[2024-05-21T19:46:32.385+0000] {processor.py:840} INFO - DAG(s) 'tutorial_taskflow_api' retrieved from /home/airflow/.local/lib/python3.12/site-packages/airflow/example_dags/tutorial_taskflow_api.py
[2024-05-21T19:46:32.446+0000] {logging_mixin.py:188} INFO - [2024-05-21T19:46:32.445+0000] {dag.py:3096} INFO - Sync 1 DAGs
[2024-05-21T19:46:32.487+0000] {logging_mixin.py:188} INFO - [2024-05-21T19:46:32.486+0000] {dag.py:3954} INFO - Setting next_dagrun for tutorial_taskflow_api to None, run_after=None
[2024-05-21T19:46:32.598+0000] {processor.py:183} INFO - Processing /home/airflow/.local/lib/python3.12/site-packages/airflow/example_dags/tutorial_taskflow_api.py took 0.277 seconds
[2024-05-21T19:47:03.346+0000] {processor.py:161} INFO - Started process (PID=2152) to work on /home/airflow/.local/lib/python3.12/site-packages/airflow/example_dags/tutorial_taskflow_api.py
[2024-05-21T19:47:03.349+0000] {processor.py:830} INFO - Processing file /home/airflow/.local/lib/python3.12/site-packages/airflow/example_dags/tutorial_taskflow_api.py for tasks to queue
[2024-05-21T19:47:03.358+0000] {logging_mixin.py:188} INFO - [2024-05-21T19:47:03.357+0000] {dagbag.py:545} INFO - Filling up the DagBag from /home/airflow/.local/lib/python3.12/site-packages/airflow/example_dags/tutorial_taskflow_api.py
[2024-05-21T19:47:03.376+0000] {processor.py:840} INFO - DAG(s) 'tutorial_taskflow_api' retrieved from /home/airflow/.local/lib/python3.12/site-packages/airflow/example_dags/tutorial_taskflow_api.py
[2024-05-21T19:47:03.453+0000] {logging_mixin.py:188} INFO - [2024-05-21T19:47:03.452+0000] {dag.py:3096} INFO - Sync 1 DAGs
[2024-05-21T19:47:03.506+0000] {logging_mixin.py:188} INFO - [2024-05-21T19:47:03.505+0000] {dag.py:3954} INFO - Setting next_dagrun for tutorial_taskflow_api to None, run_after=None
[2024-05-21T19:47:03.612+0000] {processor.py:183} INFO - Processing /home/airflow/.local/lib/python3.12/site-packages/airflow/example_dags/tutorial_taskflow_api.py took 0.289 seconds
[2024-05-21T19:47:34.440+0000] {processor.py:161} INFO - Started process (PID=2212) to work on /home/airflow/.local/lib/python3.12/site-packages/airflow/example_dags/tutorial_taskflow_api.py
[2024-05-21T19:47:34.443+0000] {processor.py:830} INFO - Processing file /home/airflow/.local/lib/python3.12/site-packages/airflow/example_dags/tutorial_taskflow_api.py for tasks to queue
[2024-05-21T19:47:34.448+0000] {logging_mixin.py:188} INFO - [2024-05-21T19:47:34.447+0000] {dagbag.py:545} INFO - Filling up the DagBag from /home/airflow/.local/lib/python3.12/site-packages/airflow/example_dags/tutorial_taskflow_api.py
[2024-05-21T19:47:34.467+0000] {processor.py:840} INFO - DAG(s) 'tutorial_taskflow_api' retrieved from /home/airflow/.local/lib/python3.12/site-packages/airflow/example_dags/tutorial_taskflow_api.py
[2024-05-21T19:47:34.517+0000] {logging_mixin.py:188} INFO - [2024-05-21T19:47:34.516+0000] {dag.py:3096} INFO - Sync 1 DAGs
[2024-05-21T19:47:34.564+0000] {logging_mixin.py:188} INFO - [2024-05-21T19:47:34.564+0000] {dag.py:3954} INFO - Setting next_dagrun for tutorial_taskflow_api to None, run_after=None
[2024-05-21T19:47:34.641+0000] {processor.py:183} INFO - Processing /home/airflow/.local/lib/python3.12/site-packages/airflow/example_dags/tutorial_taskflow_api.py took 0.215 seconds
[2024-05-21T19:48:04.801+0000] {processor.py:161} INFO - Started process (PID=2271) to work on /home/airflow/.local/lib/python3.12/site-packages/airflow/example_dags/tutorial_taskflow_api.py
[2024-05-21T19:48:04.804+0000] {processor.py:830} INFO - Processing file /home/airflow/.local/lib/python3.12/site-packages/airflow/example_dags/tutorial_taskflow_api.py for tasks to queue
[2024-05-21T19:48:04.808+0000] {logging_mixin.py:188} INFO - [2024-05-21T19:48:04.808+0000] {dagbag.py:545} INFO - Filling up the DagBag from /home/airflow/.local/lib/python3.12/site-packages/airflow/example_dags/tutorial_taskflow_api.py
[2024-05-21T19:48:04.823+0000] {processor.py:840} INFO - DAG(s) 'tutorial_taskflow_api' retrieved from /home/airflow/.local/lib/python3.12/site-packages/airflow/example_dags/tutorial_taskflow_api.py
[2024-05-21T19:48:04.892+0000] {logging_mixin.py:188} INFO - [2024-05-21T19:48:04.889+0000] {dag.py:3096} INFO - Sync 1 DAGs
[2024-05-21T19:48:04.936+0000] {logging_mixin.py:188} INFO - [2024-05-21T19:48:04.936+0000] {dag.py:3954} INFO - Setting next_dagrun for tutorial_taskflow_api to None, run_after=None
[2024-05-21T19:48:05.004+0000] {processor.py:183} INFO - Processing /home/airflow/.local/lib/python3.12/site-packages/airflow/example_dags/tutorial_taskflow_api.py took 0.219 seconds
[2024-05-21T19:48:35.285+0000] {processor.py:161} INFO - Started process (PID=2331) to work on /home/airflow/.local/lib/python3.12/site-packages/airflow/example_dags/tutorial_taskflow_api.py
[2024-05-21T19:48:35.288+0000] {processor.py:830} INFO - Processing file /home/airflow/.local/lib/python3.12/site-packages/airflow/example_dags/tutorial_taskflow_api.py for tasks to queue
[2024-05-21T19:48:35.299+0000] {logging_mixin.py:188} INFO - [2024-05-21T19:48:35.298+0000] {dagbag.py:545} INFO - Filling up the DagBag from /home/airflow/.local/lib/python3.12/site-packages/airflow/example_dags/tutorial_taskflow_api.py
[2024-05-21T19:48:35.317+0000] {processor.py:840} INFO - DAG(s) 'tutorial_taskflow_api' retrieved from /home/airflow/.local/lib/python3.12/site-packages/airflow/example_dags/tutorial_taskflow_api.py
[2024-05-21T19:48:35.362+0000] {logging_mixin.py:188} INFO - [2024-05-21T19:48:35.361+0000] {dag.py:3096} INFO - Sync 1 DAGs
[2024-05-21T19:48:35.394+0000] {logging_mixin.py:188} INFO - [2024-05-21T19:48:35.394+0000] {dag.py:3954} INFO - Setting next_dagrun for tutorial_taskflow_api to None, run_after=None
[2024-05-21T19:48:35.444+0000] {processor.py:183} INFO - Processing /home/airflow/.local/lib/python3.12/site-packages/airflow/example_dags/tutorial_taskflow_api.py took 0.178 seconds
[2024-05-21T19:49:05.796+0000] {processor.py:161} INFO - Started process (PID=2391) to work on /home/airflow/.local/lib/python3.12/site-packages/airflow/example_dags/tutorial_taskflow_api.py
[2024-05-21T19:49:05.799+0000] {processor.py:830} INFO - Processing file /home/airflow/.local/lib/python3.12/site-packages/airflow/example_dags/tutorial_taskflow_api.py for tasks to queue
[2024-05-21T19:49:05.804+0000] {logging_mixin.py:188} INFO - [2024-05-21T19:49:05.803+0000] {dagbag.py:545} INFO - Filling up the DagBag from /home/airflow/.local/lib/python3.12/site-packages/airflow/example_dags/tutorial_taskflow_api.py
[2024-05-21T19:49:05.822+0000] {processor.py:840} INFO - DAG(s) 'tutorial_taskflow_api' retrieved from /home/airflow/.local/lib/python3.12/site-packages/airflow/example_dags/tutorial_taskflow_api.py
[2024-05-21T19:49:05.886+0000] {logging_mixin.py:188} INFO - [2024-05-21T19:49:05.885+0000] {dag.py:3096} INFO - Sync 1 DAGs
[2024-05-21T19:49:05.930+0000] {logging_mixin.py:188} INFO - [2024-05-21T19:49:05.930+0000] {dag.py:3954} INFO - Setting next_dagrun for tutorial_taskflow_api to None, run_after=None
[2024-05-21T19:49:05.991+0000] {processor.py:183} INFO - Processing /home/airflow/.local/lib/python3.12/site-packages/airflow/example_dags/tutorial_taskflow_api.py took 0.212 seconds
[2024-05-21T19:49:36.166+0000] {processor.py:161} INFO - Started process (PID=2450) to work on /home/airflow/.local/lib/python3.12/site-packages/airflow/example_dags/tutorial_taskflow_api.py
[2024-05-21T19:49:36.169+0000] {processor.py:830} INFO - Processing file /home/airflow/.local/lib/python3.12/site-packages/airflow/example_dags/tutorial_taskflow_api.py for tasks to queue
[2024-05-21T19:49:36.176+0000] {logging_mixin.py:188} INFO - [2024-05-21T19:49:36.175+0000] {dagbag.py:545} INFO - Filling up the DagBag from /home/airflow/.local/lib/python3.12/site-packages/airflow/example_dags/tutorial_taskflow_api.py
[2024-05-21T19:49:36.194+0000] {processor.py:840} INFO - DAG(s) 'tutorial_taskflow_api' retrieved from /home/airflow/.local/lib/python3.12/site-packages/airflow/example_dags/tutorial_taskflow_api.py
[2024-05-21T19:49:36.256+0000] {logging_mixin.py:188} INFO - [2024-05-21T19:49:36.256+0000] {dag.py:3096} INFO - Sync 1 DAGs
[2024-05-21T19:49:36.293+0000] {logging_mixin.py:188} INFO - [2024-05-21T19:49:36.293+0000] {dag.py:3954} INFO - Setting next_dagrun for tutorial_taskflow_api to None, run_after=None
[2024-05-21T19:49:36.358+0000] {processor.py:183} INFO - Processing /home/airflow/.local/lib/python3.12/site-packages/airflow/example_dags/tutorial_taskflow_api.py took 0.232 seconds
[2024-05-21T19:50:06.634+0000] {processor.py:161} INFO - Started process (PID=2510) to work on /home/airflow/.local/lib/python3.12/site-packages/airflow/example_dags/tutorial_taskflow_api.py
[2024-05-21T19:50:06.636+0000] {processor.py:830} INFO - Processing file /home/airflow/.local/lib/python3.12/site-packages/airflow/example_dags/tutorial_taskflow_api.py for tasks to queue
[2024-05-21T19:50:06.645+0000] {logging_mixin.py:188} INFO - [2024-05-21T19:50:06.644+0000] {dagbag.py:545} INFO - Filling up the DagBag from /home/airflow/.local/lib/python3.12/site-packages/airflow/example_dags/tutorial_taskflow_api.py
[2024-05-21T19:50:06.656+0000] {processor.py:840} INFO - DAG(s) 'tutorial_taskflow_api' retrieved from /home/airflow/.local/lib/python3.12/site-packages/airflow/example_dags/tutorial_taskflow_api.py
[2024-05-21T19:50:06.710+0000] {logging_mixin.py:188} INFO - [2024-05-21T19:50:06.709+0000] {dag.py:3096} INFO - Sync 1 DAGs
[2024-05-21T19:50:06.739+0000] {logging_mixin.py:188} INFO - [2024-05-21T19:50:06.739+0000] {dag.py:3954} INFO - Setting next_dagrun for tutorial_taskflow_api to None, run_after=None
[2024-05-21T19:50:06.851+0000] {processor.py:183} INFO - Processing /home/airflow/.local/lib/python3.12/site-packages/airflow/example_dags/tutorial_taskflow_api.py took 0.252 seconds
[2024-05-21T19:50:37.052+0000] {processor.py:161} INFO - Started process (PID=2570) to work on /home/airflow/.local/lib/python3.12/site-packages/airflow/example_dags/tutorial_taskflow_api.py
[2024-05-21T19:50:37.054+0000] {processor.py:830} INFO - Processing file /home/airflow/.local/lib/python3.12/site-packages/airflow/example_dags/tutorial_taskflow_api.py for tasks to queue
[2024-05-21T19:50:37.061+0000] {logging_mixin.py:188} INFO - [2024-05-21T19:50:37.060+0000] {dagbag.py:545} INFO - Filling up the DagBag from /home/airflow/.local/lib/python3.12/site-packages/airflow/example_dags/tutorial_taskflow_api.py
[2024-05-21T19:50:37.079+0000] {processor.py:840} INFO - DAG(s) 'tutorial_taskflow_api' retrieved from /home/airflow/.local/lib/python3.12/site-packages/airflow/example_dags/tutorial_taskflow_api.py
[2024-05-21T19:50:37.140+0000] {logging_mixin.py:188} INFO - [2024-05-21T19:50:37.139+0000] {dag.py:3096} INFO - Sync 1 DAGs
[2024-05-21T19:50:37.189+0000] {logging_mixin.py:188} INFO - [2024-05-21T19:50:37.188+0000] {dag.py:3954} INFO - Setting next_dagrun for tutorial_taskflow_api to None, run_after=None
[2024-05-21T19:50:37.297+0000] {processor.py:183} INFO - Processing /home/airflow/.local/lib/python3.12/site-packages/airflow/example_dags/tutorial_taskflow_api.py took 0.262 seconds
[2024-05-21T19:51:07.893+0000] {processor.py:161} INFO - Started process (PID=2630) to work on /home/airflow/.local/lib/python3.12/site-packages/airflow/example_dags/tutorial_taskflow_api.py
[2024-05-21T19:51:07.896+0000] {processor.py:830} INFO - Processing file /home/airflow/.local/lib/python3.12/site-packages/airflow/example_dags/tutorial_taskflow_api.py for tasks to queue
[2024-05-21T19:51:07.901+0000] {logging_mixin.py:188} INFO - [2024-05-21T19:51:07.900+0000] {dagbag.py:545} INFO - Filling up the DagBag from /home/airflow/.local/lib/python3.12/site-packages/airflow/example_dags/tutorial_taskflow_api.py
[2024-05-21T19:51:07.919+0000] {processor.py:840} INFO - DAG(s) 'tutorial_taskflow_api' retrieved from /home/airflow/.local/lib/python3.12/site-packages/airflow/example_dags/tutorial_taskflow_api.py
[2024-05-21T19:51:07.986+0000] {logging_mixin.py:188} INFO - [2024-05-21T19:51:07.984+0000] {dag.py:3096} INFO - Sync 1 DAGs
[2024-05-21T19:51:08.043+0000] {logging_mixin.py:188} INFO - [2024-05-21T19:51:08.042+0000] {dag.py:3954} INFO - Setting next_dagrun for tutorial_taskflow_api to None, run_after=None
[2024-05-21T19:51:08.129+0000] {processor.py:183} INFO - Processing /home/airflow/.local/lib/python3.12/site-packages/airflow/example_dags/tutorial_taskflow_api.py took 0.251 seconds
[2024-05-21T19:54:46.842+0000] {processor.py:161} INFO - Started process (PID=55) to work on /home/airflow/.local/lib/python3.12/site-packages/airflow/example_dags/tutorial_taskflow_api.py
[2024-05-21T19:54:46.845+0000] {processor.py:830} INFO - Processing file /home/airflow/.local/lib/python3.12/site-packages/airflow/example_dags/tutorial_taskflow_api.py for tasks to queue
[2024-05-21T19:54:46.850+0000] {logging_mixin.py:188} INFO - [2024-05-21T19:54:46.849+0000] {dagbag.py:545} INFO - Filling up the DagBag from /home/airflow/.local/lib/python3.12/site-packages/airflow/example_dags/tutorial_taskflow_api.py
[2024-05-21T19:54:46.872+0000] {processor.py:840} INFO - DAG(s) 'tutorial_taskflow_api' retrieved from /home/airflow/.local/lib/python3.12/site-packages/airflow/example_dags/tutorial_taskflow_api.py
[2024-05-21T19:54:47.244+0000] {logging_mixin.py:188} INFO - [2024-05-21T19:54:47.243+0000] {dag.py:3096} INFO - Sync 1 DAGs
[2024-05-21T19:54:47.276+0000] {logging_mixin.py:188} INFO - [2024-05-21T19:54:47.275+0000] {dag.py:3954} INFO - Setting next_dagrun for tutorial_taskflow_api to None, run_after=None
[2024-05-21T19:54:47.337+0000] {processor.py:183} INFO - Processing /home/airflow/.local/lib/python3.12/site-packages/airflow/example_dags/tutorial_taskflow_api.py took 0.511 seconds
[2024-05-21T19:55:17.484+0000] {processor.py:161} INFO - Started process (PID=115) to work on /home/airflow/.local/lib/python3.12/site-packages/airflow/example_dags/tutorial_taskflow_api.py
[2024-05-21T19:55:17.487+0000] {processor.py:830} INFO - Processing file /home/airflow/.local/lib/python3.12/site-packages/airflow/example_dags/tutorial_taskflow_api.py for tasks to queue
[2024-05-21T19:55:17.491+0000] {logging_mixin.py:188} INFO - [2024-05-21T19:55:17.491+0000] {dagbag.py:545} INFO - Filling up the DagBag from /home/airflow/.local/lib/python3.12/site-packages/airflow/example_dags/tutorial_taskflow_api.py
[2024-05-21T19:55:17.506+0000] {processor.py:840} INFO - DAG(s) 'tutorial_taskflow_api' retrieved from /home/airflow/.local/lib/python3.12/site-packages/airflow/example_dags/tutorial_taskflow_api.py
[2024-05-21T19:55:17.561+0000] {logging_mixin.py:188} INFO - [2024-05-21T19:55:17.560+0000] {dag.py:3096} INFO - Sync 1 DAGs
[2024-05-21T19:55:17.596+0000] {logging_mixin.py:188} INFO - [2024-05-21T19:55:17.595+0000] {dag.py:3954} INFO - Setting next_dagrun for tutorial_taskflow_api to None, run_after=None
[2024-05-21T19:55:17.689+0000] {processor.py:183} INFO - Processing /home/airflow/.local/lib/python3.12/site-packages/airflow/example_dags/tutorial_taskflow_api.py took 0.221 seconds
[2024-05-21T19:55:48.184+0000] {processor.py:161} INFO - Started process (PID=174) to work on /home/airflow/.local/lib/python3.12/site-packages/airflow/example_dags/tutorial_taskflow_api.py
[2024-05-21T19:55:48.188+0000] {processor.py:830} INFO - Processing file /home/airflow/.local/lib/python3.12/site-packages/airflow/example_dags/tutorial_taskflow_api.py for tasks to queue
[2024-05-21T19:55:48.197+0000] {logging_mixin.py:188} INFO - [2024-05-21T19:55:48.196+0000] {dagbag.py:545} INFO - Filling up the DagBag from /home/airflow/.local/lib/python3.12/site-packages/airflow/example_dags/tutorial_taskflow_api.py
[2024-05-21T19:55:48.212+0000] {processor.py:840} INFO - DAG(s) 'tutorial_taskflow_api' retrieved from /home/airflow/.local/lib/python3.12/site-packages/airflow/example_dags/tutorial_taskflow_api.py
[2024-05-21T19:55:48.300+0000] {logging_mixin.py:188} INFO - [2024-05-21T19:55:48.299+0000] {dag.py:3096} INFO - Sync 1 DAGs
[2024-05-21T19:55:48.346+0000] {logging_mixin.py:188} INFO - [2024-05-21T19:55:48.345+0000] {dag.py:3954} INFO - Setting next_dagrun for tutorial_taskflow_api to None, run_after=None
[2024-05-21T19:55:48.401+0000] {processor.py:183} INFO - Processing /home/airflow/.local/lib/python3.12/site-packages/airflow/example_dags/tutorial_taskflow_api.py took 0.237 seconds
[2024-05-21T19:56:19.129+0000] {processor.py:161} INFO - Started process (PID=234) to work on /home/airflow/.local/lib/python3.12/site-packages/airflow/example_dags/tutorial_taskflow_api.py
[2024-05-21T19:56:19.131+0000] {processor.py:830} INFO - Processing file /home/airflow/.local/lib/python3.12/site-packages/airflow/example_dags/tutorial_taskflow_api.py for tasks to queue
[2024-05-21T19:56:19.136+0000] {logging_mixin.py:188} INFO - [2024-05-21T19:56:19.135+0000] {dagbag.py:545} INFO - Filling up the DagBag from /home/airflow/.local/lib/python3.12/site-packages/airflow/example_dags/tutorial_taskflow_api.py
[2024-05-21T19:56:19.151+0000] {processor.py:840} INFO - DAG(s) 'tutorial_taskflow_api' retrieved from /home/airflow/.local/lib/python3.12/site-packages/airflow/example_dags/tutorial_taskflow_api.py
[2024-05-21T19:56:19.205+0000] {logging_mixin.py:188} INFO - [2024-05-21T19:56:19.204+0000] {dag.py:3096} INFO - Sync 1 DAGs
[2024-05-21T19:56:19.239+0000] {logging_mixin.py:188} INFO - [2024-05-21T19:56:19.238+0000] {dag.py:3954} INFO - Setting next_dagrun for tutorial_taskflow_api to None, run_after=None
[2024-05-21T19:56:19.301+0000] {processor.py:183} INFO - Processing /home/airflow/.local/lib/python3.12/site-packages/airflow/example_dags/tutorial_taskflow_api.py took 0.189 seconds
[2024-05-21T19:56:49.940+0000] {processor.py:161} INFO - Started process (PID=294) to work on /home/airflow/.local/lib/python3.12/site-packages/airflow/example_dags/tutorial_taskflow_api.py
[2024-05-21T19:56:49.944+0000] {processor.py:830} INFO - Processing file /home/airflow/.local/lib/python3.12/site-packages/airflow/example_dags/tutorial_taskflow_api.py for tasks to queue
[2024-05-21T19:56:49.950+0000] {logging_mixin.py:188} INFO - [2024-05-21T19:56:49.949+0000] {dagbag.py:545} INFO - Filling up the DagBag from /home/airflow/.local/lib/python3.12/site-packages/airflow/example_dags/tutorial_taskflow_api.py
[2024-05-21T19:56:49.964+0000] {processor.py:840} INFO - DAG(s) 'tutorial_taskflow_api' retrieved from /home/airflow/.local/lib/python3.12/site-packages/airflow/example_dags/tutorial_taskflow_api.py
[2024-05-21T19:56:50.014+0000] {logging_mixin.py:188} INFO - [2024-05-21T19:56:50.014+0000] {dag.py:3096} INFO - Sync 1 DAGs
[2024-05-21T19:56:50.062+0000] {logging_mixin.py:188} INFO - [2024-05-21T19:56:50.062+0000] {dag.py:3954} INFO - Setting next_dagrun for tutorial_taskflow_api to None, run_after=None
[2024-05-21T19:56:50.124+0000] {processor.py:183} INFO - Processing /home/airflow/.local/lib/python3.12/site-packages/airflow/example_dags/tutorial_taskflow_api.py took 0.208 seconds
[2024-05-21T19:57:20.664+0000] {processor.py:161} INFO - Started process (PID=354) to work on /home/airflow/.local/lib/python3.12/site-packages/airflow/example_dags/tutorial_taskflow_api.py
[2024-05-21T19:57:20.667+0000] {processor.py:830} INFO - Processing file /home/airflow/.local/lib/python3.12/site-packages/airflow/example_dags/tutorial_taskflow_api.py for tasks to queue
[2024-05-21T19:57:20.672+0000] {logging_mixin.py:188} INFO - [2024-05-21T19:57:20.671+0000] {dagbag.py:545} INFO - Filling up the DagBag from /home/airflow/.local/lib/python3.12/site-packages/airflow/example_dags/tutorial_taskflow_api.py
[2024-05-21T19:57:20.689+0000] {processor.py:840} INFO - DAG(s) 'tutorial_taskflow_api' retrieved from /home/airflow/.local/lib/python3.12/site-packages/airflow/example_dags/tutorial_taskflow_api.py
[2024-05-21T19:57:20.753+0000] {logging_mixin.py:188} INFO - [2024-05-21T19:57:20.752+0000] {dag.py:3096} INFO - Sync 1 DAGs
[2024-05-21T19:57:20.783+0000] {logging_mixin.py:188} INFO - [2024-05-21T19:57:20.782+0000] {dag.py:3954} INFO - Setting next_dagrun for tutorial_taskflow_api to None, run_after=None
[2024-05-21T19:57:20.839+0000] {processor.py:183} INFO - Processing /home/airflow/.local/lib/python3.12/site-packages/airflow/example_dags/tutorial_taskflow_api.py took 0.193 seconds
[2024-05-21T19:57:51.898+0000] {processor.py:161} INFO - Started process (PID=414) to work on /home/airflow/.local/lib/python3.12/site-packages/airflow/example_dags/tutorial_taskflow_api.py
[2024-05-21T19:57:51.901+0000] {processor.py:830} INFO - Processing file /home/airflow/.local/lib/python3.12/site-packages/airflow/example_dags/tutorial_taskflow_api.py for tasks to queue
[2024-05-21T19:57:51.906+0000] {logging_mixin.py:188} INFO - [2024-05-21T19:57:51.905+0000] {dagbag.py:545} INFO - Filling up the DagBag from /home/airflow/.local/lib/python3.12/site-packages/airflow/example_dags/tutorial_taskflow_api.py
[2024-05-21T19:57:51.924+0000] {processor.py:840} INFO - DAG(s) 'tutorial_taskflow_api' retrieved from /home/airflow/.local/lib/python3.12/site-packages/airflow/example_dags/tutorial_taskflow_api.py
[2024-05-21T19:57:51.990+0000] {logging_mixin.py:188} INFO - [2024-05-21T19:57:51.990+0000] {dag.py:3096} INFO - Sync 1 DAGs
[2024-05-21T19:57:52.049+0000] {logging_mixin.py:188} INFO - [2024-05-21T19:57:52.049+0000] {dag.py:3954} INFO - Setting next_dagrun for tutorial_taskflow_api to None, run_after=None
[2024-05-21T19:57:52.119+0000] {processor.py:183} INFO - Processing /home/airflow/.local/lib/python3.12/site-packages/airflow/example_dags/tutorial_taskflow_api.py took 0.237 seconds
[2024-05-21T19:58:23.632+0000] {processor.py:161} INFO - Started process (PID=474) to work on /home/airflow/.local/lib/python3.12/site-packages/airflow/example_dags/tutorial_taskflow_api.py
[2024-05-21T19:58:23.635+0000] {processor.py:830} INFO - Processing file /home/airflow/.local/lib/python3.12/site-packages/airflow/example_dags/tutorial_taskflow_api.py for tasks to queue
[2024-05-21T19:58:23.642+0000] {logging_mixin.py:188} INFO - [2024-05-21T19:58:23.642+0000] {dagbag.py:545} INFO - Filling up the DagBag from /home/airflow/.local/lib/python3.12/site-packages/airflow/example_dags/tutorial_taskflow_api.py
[2024-05-21T19:58:23.667+0000] {processor.py:840} INFO - DAG(s) 'tutorial_taskflow_api' retrieved from /home/airflow/.local/lib/python3.12/site-packages/airflow/example_dags/tutorial_taskflow_api.py
[2024-05-21T19:58:23.767+0000] {logging_mixin.py:188} INFO - [2024-05-21T19:58:23.765+0000] {dag.py:3096} INFO - Sync 1 DAGs
[2024-05-21T19:58:23.825+0000] {logging_mixin.py:188} INFO - [2024-05-21T19:58:23.824+0000] {dag.py:3954} INFO - Setting next_dagrun for tutorial_taskflow_api to None, run_after=None
[2024-05-21T19:58:23.928+0000] {processor.py:183} INFO - Processing /home/airflow/.local/lib/python3.12/site-packages/airflow/example_dags/tutorial_taskflow_api.py took 0.325 seconds
[2024-05-21T19:58:55.563+0000] {processor.py:161} INFO - Started process (PID=534) to work on /home/airflow/.local/lib/python3.12/site-packages/airflow/example_dags/tutorial_taskflow_api.py
[2024-05-21T19:58:55.565+0000] {processor.py:830} INFO - Processing file /home/airflow/.local/lib/python3.12/site-packages/airflow/example_dags/tutorial_taskflow_api.py for tasks to queue
[2024-05-21T19:58:55.569+0000] {logging_mixin.py:188} INFO - [2024-05-21T19:58:55.568+0000] {dagbag.py:545} INFO - Filling up the DagBag from /home/airflow/.local/lib/python3.12/site-packages/airflow/example_dags/tutorial_taskflow_api.py
[2024-05-21T19:58:55.581+0000] {processor.py:840} INFO - DAG(s) 'tutorial_taskflow_api' retrieved from /home/airflow/.local/lib/python3.12/site-packages/airflow/example_dags/tutorial_taskflow_api.py
[2024-05-21T19:58:55.627+0000] {logging_mixin.py:188} INFO - [2024-05-21T19:58:55.626+0000] {dag.py:3096} INFO - Sync 1 DAGs
[2024-05-21T19:58:55.677+0000] {logging_mixin.py:188} INFO - [2024-05-21T19:58:55.677+0000] {dag.py:3954} INFO - Setting next_dagrun for tutorial_taskflow_api to None, run_after=None
[2024-05-21T19:58:55.763+0000] {processor.py:183} INFO - Processing /home/airflow/.local/lib/python3.12/site-packages/airflow/example_dags/tutorial_taskflow_api.py took 0.214 seconds
[2024-05-21T19:59:27.186+0000] {processor.py:161} INFO - Started process (PID=594) to work on /home/airflow/.local/lib/python3.12/site-packages/airflow/example_dags/tutorial_taskflow_api.py
[2024-05-21T19:59:27.188+0000] {processor.py:830} INFO - Processing file /home/airflow/.local/lib/python3.12/site-packages/airflow/example_dags/tutorial_taskflow_api.py for tasks to queue
[2024-05-21T19:59:27.194+0000] {logging_mixin.py:188} INFO - [2024-05-21T19:59:27.193+0000] {dagbag.py:545} INFO - Filling up the DagBag from /home/airflow/.local/lib/python3.12/site-packages/airflow/example_dags/tutorial_taskflow_api.py
[2024-05-21T19:59:27.217+0000] {processor.py:840} INFO - DAG(s) 'tutorial_taskflow_api' retrieved from /home/airflow/.local/lib/python3.12/site-packages/airflow/example_dags/tutorial_taskflow_api.py
[2024-05-21T19:59:27.269+0000] {logging_mixin.py:188} INFO - [2024-05-21T19:59:27.269+0000] {dag.py:3096} INFO - Sync 1 DAGs
[2024-05-21T19:59:27.310+0000] {logging_mixin.py:188} INFO - [2024-05-21T19:59:27.309+0000] {dag.py:3954} INFO - Setting next_dagrun for tutorial_taskflow_api to None, run_after=None
[2024-05-21T19:59:27.389+0000] {processor.py:183} INFO - Processing /home/airflow/.local/lib/python3.12/site-packages/airflow/example_dags/tutorial_taskflow_api.py took 0.221 seconds
[2024-05-21T19:59:58.840+0000] {processor.py:161} INFO - Started process (PID=654) to work on /home/airflow/.local/lib/python3.12/site-packages/airflow/example_dags/tutorial_taskflow_api.py
[2024-05-21T19:59:58.843+0000] {processor.py:830} INFO - Processing file /home/airflow/.local/lib/python3.12/site-packages/airflow/example_dags/tutorial_taskflow_api.py for tasks to queue
[2024-05-21T19:59:58.847+0000] {logging_mixin.py:188} INFO - [2024-05-21T19:59:58.847+0000] {dagbag.py:545} INFO - Filling up the DagBag from /home/airflow/.local/lib/python3.12/site-packages/airflow/example_dags/tutorial_taskflow_api.py
[2024-05-21T19:59:58.861+0000] {processor.py:840} INFO - DAG(s) 'tutorial_taskflow_api' retrieved from /home/airflow/.local/lib/python3.12/site-packages/airflow/example_dags/tutorial_taskflow_api.py
[2024-05-21T19:59:58.919+0000] {logging_mixin.py:188} INFO - [2024-05-21T19:59:58.919+0000] {dag.py:3096} INFO - Sync 1 DAGs
[2024-05-21T19:59:58.947+0000] {logging_mixin.py:188} INFO - [2024-05-21T19:59:58.946+0000] {dag.py:3954} INFO - Setting next_dagrun for tutorial_taskflow_api to None, run_after=None
[2024-05-21T19:59:58.996+0000] {processor.py:183} INFO - Processing /home/airflow/.local/lib/python3.12/site-packages/airflow/example_dags/tutorial_taskflow_api.py took 0.169 seconds
[2024-05-21T20:00:30.370+0000] {processor.py:161} INFO - Started process (PID=714) to work on /home/airflow/.local/lib/python3.12/site-packages/airflow/example_dags/tutorial_taskflow_api.py
[2024-05-21T20:00:30.373+0000] {processor.py:830} INFO - Processing file /home/airflow/.local/lib/python3.12/site-packages/airflow/example_dags/tutorial_taskflow_api.py for tasks to queue
[2024-05-21T20:00:30.379+0000] {logging_mixin.py:188} INFO - [2024-05-21T20:00:30.378+0000] {dagbag.py:545} INFO - Filling up the DagBag from /home/airflow/.local/lib/python3.12/site-packages/airflow/example_dags/tutorial_taskflow_api.py
[2024-05-21T20:00:30.402+0000] {processor.py:840} INFO - DAG(s) 'tutorial_taskflow_api' retrieved from /home/airflow/.local/lib/python3.12/site-packages/airflow/example_dags/tutorial_taskflow_api.py
[2024-05-21T20:00:30.464+0000] {logging_mixin.py:188} INFO - [2024-05-21T20:00:30.463+0000] {dag.py:3096} INFO - Sync 1 DAGs
[2024-05-21T20:00:30.524+0000] {logging_mixin.py:188} INFO - [2024-05-21T20:00:30.523+0000] {dag.py:3954} INFO - Setting next_dagrun for tutorial_taskflow_api to None, run_after=None
[2024-05-21T20:00:30.577+0000] {processor.py:183} INFO - Processing /home/airflow/.local/lib/python3.12/site-packages/airflow/example_dags/tutorial_taskflow_api.py took 0.232 seconds
[2024-05-21T20:01:01.226+0000] {processor.py:161} INFO - Started process (PID=772) to work on /home/airflow/.local/lib/python3.12/site-packages/airflow/example_dags/tutorial_taskflow_api.py
[2024-05-21T20:01:01.238+0000] {processor.py:830} INFO - Processing file /home/airflow/.local/lib/python3.12/site-packages/airflow/example_dags/tutorial_taskflow_api.py for tasks to queue
[2024-05-21T20:01:01.243+0000] {logging_mixin.py:188} INFO - [2024-05-21T20:01:01.243+0000] {dagbag.py:545} INFO - Filling up the DagBag from /home/airflow/.local/lib/python3.12/site-packages/airflow/example_dags/tutorial_taskflow_api.py
[2024-05-21T20:01:01.270+0000] {processor.py:840} INFO - DAG(s) 'tutorial_taskflow_api' retrieved from /home/airflow/.local/lib/python3.12/site-packages/airflow/example_dags/tutorial_taskflow_api.py
[2024-05-21T20:01:01.359+0000] {logging_mixin.py:188} INFO - [2024-05-21T20:01:01.358+0000] {dag.py:3096} INFO - Sync 1 DAGs
[2024-05-21T20:01:01.417+0000] {logging_mixin.py:188} INFO - [2024-05-21T20:01:01.416+0000] {dag.py:3954} INFO - Setting next_dagrun for tutorial_taskflow_api to None, run_after=None
[2024-05-21T20:01:01.488+0000] {processor.py:183} INFO - Processing /home/airflow/.local/lib/python3.12/site-packages/airflow/example_dags/tutorial_taskflow_api.py took 0.289 seconds
[2024-05-21T20:01:32.209+0000] {processor.py:161} INFO - Started process (PID=832) to work on /home/airflow/.local/lib/python3.12/site-packages/airflow/example_dags/tutorial_taskflow_api.py
[2024-05-21T20:01:32.214+0000] {processor.py:830} INFO - Processing file /home/airflow/.local/lib/python3.12/site-packages/airflow/example_dags/tutorial_taskflow_api.py for tasks to queue
[2024-05-21T20:01:32.233+0000] {logging_mixin.py:188} INFO - [2024-05-21T20:01:32.231+0000] {dagbag.py:545} INFO - Filling up the DagBag from /home/airflow/.local/lib/python3.12/site-packages/airflow/example_dags/tutorial_taskflow_api.py
[2024-05-21T20:01:32.259+0000] {processor.py:840} INFO - DAG(s) 'tutorial_taskflow_api' retrieved from /home/airflow/.local/lib/python3.12/site-packages/airflow/example_dags/tutorial_taskflow_api.py
[2024-05-21T20:01:32.331+0000] {logging_mixin.py:188} INFO - [2024-05-21T20:01:32.331+0000] {dag.py:3096} INFO - Sync 1 DAGs
[2024-05-21T20:01:32.372+0000] {logging_mixin.py:188} INFO - [2024-05-21T20:01:32.371+0000] {dag.py:3954} INFO - Setting next_dagrun for tutorial_taskflow_api to None, run_after=None
[2024-05-21T20:01:32.458+0000] {processor.py:183} INFO - Processing /home/airflow/.local/lib/python3.12/site-packages/airflow/example_dags/tutorial_taskflow_api.py took 0.274 seconds
[2024-05-21T20:02:02.745+0000] {processor.py:161} INFO - Started process (PID=891) to work on /home/airflow/.local/lib/python3.12/site-packages/airflow/example_dags/tutorial_taskflow_api.py
[2024-05-21T20:02:02.748+0000] {processor.py:830} INFO - Processing file /home/airflow/.local/lib/python3.12/site-packages/airflow/example_dags/tutorial_taskflow_api.py for tasks to queue
[2024-05-21T20:02:02.754+0000] {logging_mixin.py:188} INFO - [2024-05-21T20:02:02.753+0000] {dagbag.py:545} INFO - Filling up the DagBag from /home/airflow/.local/lib/python3.12/site-packages/airflow/example_dags/tutorial_taskflow_api.py
[2024-05-21T20:02:02.769+0000] {processor.py:840} INFO - DAG(s) 'tutorial_taskflow_api' retrieved from /home/airflow/.local/lib/python3.12/site-packages/airflow/example_dags/tutorial_taskflow_api.py
[2024-05-21T20:02:02.846+0000] {logging_mixin.py:188} INFO - [2024-05-21T20:02:02.845+0000] {dag.py:3096} INFO - Sync 1 DAGs
[2024-05-21T20:02:02.873+0000] {logging_mixin.py:188} INFO - [2024-05-21T20:02:02.873+0000] {dag.py:3954} INFO - Setting next_dagrun for tutorial_taskflow_api to None, run_after=None
[2024-05-21T20:02:02.941+0000] {processor.py:183} INFO - Processing /home/airflow/.local/lib/python3.12/site-packages/airflow/example_dags/tutorial_taskflow_api.py took 0.211 seconds
[2024-05-21T20:02:33.501+0000] {processor.py:161} INFO - Started process (PID=951) to work on /home/airflow/.local/lib/python3.12/site-packages/airflow/example_dags/tutorial_taskflow_api.py
[2024-05-21T20:02:33.503+0000] {processor.py:830} INFO - Processing file /home/airflow/.local/lib/python3.12/site-packages/airflow/example_dags/tutorial_taskflow_api.py for tasks to queue
[2024-05-21T20:02:33.508+0000] {logging_mixin.py:188} INFO - [2024-05-21T20:02:33.507+0000] {dagbag.py:545} INFO - Filling up the DagBag from /home/airflow/.local/lib/python3.12/site-packages/airflow/example_dags/tutorial_taskflow_api.py
[2024-05-21T20:02:33.521+0000] {processor.py:840} INFO - DAG(s) 'tutorial_taskflow_api' retrieved from /home/airflow/.local/lib/python3.12/site-packages/airflow/example_dags/tutorial_taskflow_api.py
[2024-05-21T20:02:33.567+0000] {logging_mixin.py:188} INFO - [2024-05-21T20:02:33.566+0000] {dag.py:3096} INFO - Sync 1 DAGs
[2024-05-21T20:02:33.595+0000] {logging_mixin.py:188} INFO - [2024-05-21T20:02:33.594+0000] {dag.py:3954} INFO - Setting next_dagrun for tutorial_taskflow_api to None, run_after=None
[2024-05-21T20:02:33.656+0000] {processor.py:183} INFO - Processing /home/airflow/.local/lib/python3.12/site-packages/airflow/example_dags/tutorial_taskflow_api.py took 0.166 seconds
