[2024-05-18T19:41:54.557+0000] {processor.py:161} INFO - Started process (PID=80) to work on /home/airflow/.local/lib/python3.12/site-packages/airflow/example_dags/example_task_group.py
[2024-05-18T19:41:54.559+0000] {processor.py:830} INFO - Processing file /home/airflow/.local/lib/python3.12/site-packages/airflow/example_dags/example_task_group.py for tasks to queue
[2024-05-18T19:41:54.562+0000] {logging_mixin.py:188} INFO - [2024-05-18T19:41:54.561+0000] {dagbag.py:545} INFO - Filling up the DagBag from /home/airflow/.local/lib/python3.12/site-packages/airflow/example_dags/example_task_group.py
[2024-05-18T19:41:54.578+0000] {processor.py:840} INFO - DAG(s) 'example_task_group' retrieved from /home/airflow/.local/lib/python3.12/site-packages/airflow/example_dags/example_task_group.py
[2024-05-18T19:41:54.804+0000] {logging_mixin.py:188} INFO - [2024-05-18T19:41:54.802+0000] {override.py:1829} INFO - Created Permission View: can read on DAG:example_task_group
[2024-05-18T19:41:54.821+0000] {logging_mixin.py:188} INFO - [2024-05-18T19:41:54.821+0000] {override.py:1829} INFO - Created Permission View: can delete on DAG:example_task_group
[2024-05-18T19:41:54.836+0000] {logging_mixin.py:188} INFO - [2024-05-18T19:41:54.835+0000] {override.py:1829} INFO - Created Permission View: can edit on DAG:example_task_group
[2024-05-18T19:41:54.837+0000] {logging_mixin.py:188} INFO - [2024-05-18T19:41:54.837+0000] {dag.py:3096} INFO - Sync 1 DAGs
[2024-05-18T19:41:54.861+0000] {logging_mixin.py:188} INFO - [2024-05-18T19:41:54.861+0000] {dag.py:3118} INFO - Creating ORM DAG for example_task_group
[2024-05-18T19:41:54.885+0000] {logging_mixin.py:188} INFO - [2024-05-18T19:41:54.884+0000] {dag.py:3954} INFO - Setting next_dagrun for example_task_group to 2024-05-17 00:00:00+00:00, run_after=2024-05-18 00:00:00+00:00
[2024-05-18T19:41:54.921+0000] {processor.py:183} INFO - Processing /home/airflow/.local/lib/python3.12/site-packages/airflow/example_dags/example_task_group.py took 0.375 seconds
[2024-05-18T19:42:25.921+0000] {processor.py:161} INFO - Started process (PID=139) to work on /home/airflow/.local/lib/python3.12/site-packages/airflow/example_dags/example_task_group.py
[2024-05-18T19:42:25.922+0000] {processor.py:830} INFO - Processing file /home/airflow/.local/lib/python3.12/site-packages/airflow/example_dags/example_task_group.py for tasks to queue
[2024-05-18T19:42:25.924+0000] {logging_mixin.py:188} INFO - [2024-05-18T19:42:25.924+0000] {dagbag.py:545} INFO - Filling up the DagBag from /home/airflow/.local/lib/python3.12/site-packages/airflow/example_dags/example_task_group.py
[2024-05-18T19:42:25.933+0000] {processor.py:840} INFO - DAG(s) 'example_task_group' retrieved from /home/airflow/.local/lib/python3.12/site-packages/airflow/example_dags/example_task_group.py
[2024-05-18T19:42:25.958+0000] {logging_mixin.py:188} INFO - [2024-05-18T19:42:25.958+0000] {dag.py:3096} INFO - Sync 1 DAGs
[2024-05-18T19:42:25.980+0000] {logging_mixin.py:188} INFO - [2024-05-18T19:42:25.980+0000] {dag.py:3954} INFO - Setting next_dagrun for example_task_group to 2024-05-17 00:00:00+00:00, run_after=2024-05-18 00:00:00+00:00
[2024-05-18T19:42:26.003+0000] {processor.py:183} INFO - Processing /home/airflow/.local/lib/python3.12/site-packages/airflow/example_dags/example_task_group.py took 0.088 seconds
[2024-05-18T19:42:56.147+0000] {processor.py:161} INFO - Started process (PID=197) to work on /home/airflow/.local/lib/python3.12/site-packages/airflow/example_dags/example_task_group.py
[2024-05-18T19:42:56.148+0000] {processor.py:830} INFO - Processing file /home/airflow/.local/lib/python3.12/site-packages/airflow/example_dags/example_task_group.py for tasks to queue
[2024-05-18T19:42:56.150+0000] {logging_mixin.py:188} INFO - [2024-05-18T19:42:56.150+0000] {dagbag.py:545} INFO - Filling up the DagBag from /home/airflow/.local/lib/python3.12/site-packages/airflow/example_dags/example_task_group.py
[2024-05-18T19:42:56.157+0000] {processor.py:840} INFO - DAG(s) 'example_task_group' retrieved from /home/airflow/.local/lib/python3.12/site-packages/airflow/example_dags/example_task_group.py
[2024-05-18T19:42:56.178+0000] {logging_mixin.py:188} INFO - [2024-05-18T19:42:56.177+0000] {dag.py:3096} INFO - Sync 1 DAGs
[2024-05-18T19:42:56.202+0000] {logging_mixin.py:188} INFO - [2024-05-18T19:42:56.201+0000] {dag.py:3954} INFO - Setting next_dagrun for example_task_group to 2024-05-17 00:00:00+00:00, run_after=2024-05-18 00:00:00+00:00
[2024-05-18T19:42:56.227+0000] {processor.py:183} INFO - Processing /home/airflow/.local/lib/python3.12/site-packages/airflow/example_dags/example_task_group.py took 0.085 seconds
[2024-05-18T19:43:26.405+0000] {processor.py:161} INFO - Started process (PID=255) to work on /home/airflow/.local/lib/python3.12/site-packages/airflow/example_dags/example_task_group.py
[2024-05-18T19:43:26.406+0000] {processor.py:830} INFO - Processing file /home/airflow/.local/lib/python3.12/site-packages/airflow/example_dags/example_task_group.py for tasks to queue
[2024-05-18T19:43:26.408+0000] {logging_mixin.py:188} INFO - [2024-05-18T19:43:26.408+0000] {dagbag.py:545} INFO - Filling up the DagBag from /home/airflow/.local/lib/python3.12/site-packages/airflow/example_dags/example_task_group.py
[2024-05-18T19:43:26.415+0000] {processor.py:840} INFO - DAG(s) 'example_task_group' retrieved from /home/airflow/.local/lib/python3.12/site-packages/airflow/example_dags/example_task_group.py
[2024-05-18T19:43:26.436+0000] {logging_mixin.py:188} INFO - [2024-05-18T19:43:26.436+0000] {dag.py:3096} INFO - Sync 1 DAGs
[2024-05-18T19:43:26.458+0000] {logging_mixin.py:188} INFO - [2024-05-18T19:43:26.458+0000] {dag.py:3954} INFO - Setting next_dagrun for example_task_group to 2024-05-17 00:00:00+00:00, run_after=2024-05-18 00:00:00+00:00
[2024-05-18T19:43:26.481+0000] {processor.py:183} INFO - Processing /home/airflow/.local/lib/python3.12/site-packages/airflow/example_dags/example_task_group.py took 0.082 seconds
[2024-05-18T19:43:57.339+0000] {processor.py:161} INFO - Started process (PID=313) to work on /home/airflow/.local/lib/python3.12/site-packages/airflow/example_dags/example_task_group.py
[2024-05-18T19:43:57.340+0000] {processor.py:830} INFO - Processing file /home/airflow/.local/lib/python3.12/site-packages/airflow/example_dags/example_task_group.py for tasks to queue
[2024-05-18T19:43:57.352+0000] {logging_mixin.py:188} INFO - [2024-05-18T19:43:57.352+0000] {dagbag.py:545} INFO - Filling up the DagBag from /home/airflow/.local/lib/python3.12/site-packages/airflow/example_dags/example_task_group.py
[2024-05-18T19:43:57.363+0000] {processor.py:840} INFO - DAG(s) 'example_task_group' retrieved from /home/airflow/.local/lib/python3.12/site-packages/airflow/example_dags/example_task_group.py
[2024-05-18T19:43:57.387+0000] {logging_mixin.py:188} INFO - [2024-05-18T19:43:57.387+0000] {dag.py:3096} INFO - Sync 1 DAGs
[2024-05-18T19:43:57.410+0000] {logging_mixin.py:188} INFO - [2024-05-18T19:43:57.410+0000] {dag.py:3954} INFO - Setting next_dagrun for example_task_group to 2024-05-17 00:00:00+00:00, run_after=2024-05-18 00:00:00+00:00
[2024-05-18T19:43:57.431+0000] {processor.py:183} INFO - Processing /home/airflow/.local/lib/python3.12/site-packages/airflow/example_dags/example_task_group.py took 0.098 seconds
[2024-05-18T19:44:27.727+0000] {processor.py:161} INFO - Started process (PID=371) to work on /home/airflow/.local/lib/python3.12/site-packages/airflow/example_dags/example_task_group.py
[2024-05-18T19:44:27.729+0000] {processor.py:830} INFO - Processing file /home/airflow/.local/lib/python3.12/site-packages/airflow/example_dags/example_task_group.py for tasks to queue
[2024-05-18T19:44:27.731+0000] {logging_mixin.py:188} INFO - [2024-05-18T19:44:27.730+0000] {dagbag.py:545} INFO - Filling up the DagBag from /home/airflow/.local/lib/python3.12/site-packages/airflow/example_dags/example_task_group.py
[2024-05-18T19:44:27.738+0000] {processor.py:840} INFO - DAG(s) 'example_task_group' retrieved from /home/airflow/.local/lib/python3.12/site-packages/airflow/example_dags/example_task_group.py
[2024-05-18T19:44:27.759+0000] {logging_mixin.py:188} INFO - [2024-05-18T19:44:27.759+0000] {dag.py:3096} INFO - Sync 1 DAGs
[2024-05-18T19:44:27.784+0000] {logging_mixin.py:188} INFO - [2024-05-18T19:44:27.783+0000] {dag.py:3954} INFO - Setting next_dagrun for example_task_group to 2024-05-17 00:00:00+00:00, run_after=2024-05-18 00:00:00+00:00
[2024-05-18T19:44:27.808+0000] {processor.py:183} INFO - Processing /home/airflow/.local/lib/python3.12/site-packages/airflow/example_dags/example_task_group.py took 0.086 seconds
[2024-05-18T19:44:58.215+0000] {processor.py:161} INFO - Started process (PID=429) to work on /home/airflow/.local/lib/python3.12/site-packages/airflow/example_dags/example_task_group.py
[2024-05-18T19:44:58.216+0000] {processor.py:830} INFO - Processing file /home/airflow/.local/lib/python3.12/site-packages/airflow/example_dags/example_task_group.py for tasks to queue
[2024-05-18T19:44:58.218+0000] {logging_mixin.py:188} INFO - [2024-05-18T19:44:58.217+0000] {dagbag.py:545} INFO - Filling up the DagBag from /home/airflow/.local/lib/python3.12/site-packages/airflow/example_dags/example_task_group.py
[2024-05-18T19:44:58.225+0000] {processor.py:840} INFO - DAG(s) 'example_task_group' retrieved from /home/airflow/.local/lib/python3.12/site-packages/airflow/example_dags/example_task_group.py
[2024-05-18T19:44:58.247+0000] {logging_mixin.py:188} INFO - [2024-05-18T19:44:58.246+0000] {dag.py:3096} INFO - Sync 1 DAGs
[2024-05-18T19:44:58.270+0000] {logging_mixin.py:188} INFO - [2024-05-18T19:44:58.270+0000] {dag.py:3954} INFO - Setting next_dagrun for example_task_group to 2024-05-17 00:00:00+00:00, run_after=2024-05-18 00:00:00+00:00
[2024-05-18T19:44:58.294+0000] {processor.py:183} INFO - Processing /home/airflow/.local/lib/python3.12/site-packages/airflow/example_dags/example_task_group.py took 0.085 seconds
[2024-05-18T19:45:28.488+0000] {processor.py:161} INFO - Started process (PID=487) to work on /home/airflow/.local/lib/python3.12/site-packages/airflow/example_dags/example_task_group.py
[2024-05-18T19:45:28.489+0000] {processor.py:830} INFO - Processing file /home/airflow/.local/lib/python3.12/site-packages/airflow/example_dags/example_task_group.py for tasks to queue
[2024-05-18T19:45:28.491+0000] {logging_mixin.py:188} INFO - [2024-05-18T19:45:28.490+0000] {dagbag.py:545} INFO - Filling up the DagBag from /home/airflow/.local/lib/python3.12/site-packages/airflow/example_dags/example_task_group.py
[2024-05-18T19:45:28.498+0000] {processor.py:840} INFO - DAG(s) 'example_task_group' retrieved from /home/airflow/.local/lib/python3.12/site-packages/airflow/example_dags/example_task_group.py
[2024-05-18T19:45:28.518+0000] {logging_mixin.py:188} INFO - [2024-05-18T19:45:28.518+0000] {dag.py:3096} INFO - Sync 1 DAGs
[2024-05-18T19:45:28.540+0000] {logging_mixin.py:188} INFO - [2024-05-18T19:45:28.540+0000] {dag.py:3954} INFO - Setting next_dagrun for example_task_group to 2024-05-17 00:00:00+00:00, run_after=2024-05-18 00:00:00+00:00
[2024-05-18T19:45:28.567+0000] {processor.py:183} INFO - Processing /home/airflow/.local/lib/python3.12/site-packages/airflow/example_dags/example_task_group.py took 0.085 seconds
[2024-05-18T19:45:58.869+0000] {processor.py:161} INFO - Started process (PID=545) to work on /home/airflow/.local/lib/python3.12/site-packages/airflow/example_dags/example_task_group.py
[2024-05-18T19:45:58.870+0000] {processor.py:830} INFO - Processing file /home/airflow/.local/lib/python3.12/site-packages/airflow/example_dags/example_task_group.py for tasks to queue
[2024-05-18T19:45:58.872+0000] {logging_mixin.py:188} INFO - [2024-05-18T19:45:58.872+0000] {dagbag.py:545} INFO - Filling up the DagBag from /home/airflow/.local/lib/python3.12/site-packages/airflow/example_dags/example_task_group.py
[2024-05-18T19:45:58.881+0000] {processor.py:840} INFO - DAG(s) 'example_task_group' retrieved from /home/airflow/.local/lib/python3.12/site-packages/airflow/example_dags/example_task_group.py
[2024-05-18T19:45:58.906+0000] {logging_mixin.py:188} INFO - [2024-05-18T19:45:58.905+0000] {dag.py:3096} INFO - Sync 1 DAGs
[2024-05-18T19:45:58.932+0000] {logging_mixin.py:188} INFO - [2024-05-18T19:45:58.932+0000] {dag.py:3954} INFO - Setting next_dagrun for example_task_group to 2024-05-17 00:00:00+00:00, run_after=2024-05-18 00:00:00+00:00
[2024-05-18T19:45:58.960+0000] {processor.py:183} INFO - Processing /home/airflow/.local/lib/python3.12/site-packages/airflow/example_dags/example_task_group.py took 0.097 seconds
[2024-05-18T19:46:29.093+0000] {processor.py:161} INFO - Started process (PID=603) to work on /home/airflow/.local/lib/python3.12/site-packages/airflow/example_dags/example_task_group.py
[2024-05-18T19:46:29.094+0000] {processor.py:830} INFO - Processing file /home/airflow/.local/lib/python3.12/site-packages/airflow/example_dags/example_task_group.py for tasks to queue
[2024-05-18T19:46:29.096+0000] {logging_mixin.py:188} INFO - [2024-05-18T19:46:29.095+0000] {dagbag.py:545} INFO - Filling up the DagBag from /home/airflow/.local/lib/python3.12/site-packages/airflow/example_dags/example_task_group.py
[2024-05-18T19:46:29.103+0000] {processor.py:840} INFO - DAG(s) 'example_task_group' retrieved from /home/airflow/.local/lib/python3.12/site-packages/airflow/example_dags/example_task_group.py
[2024-05-18T19:46:29.123+0000] {logging_mixin.py:188} INFO - [2024-05-18T19:46:29.123+0000] {dag.py:3096} INFO - Sync 1 DAGs
[2024-05-18T19:46:29.145+0000] {logging_mixin.py:188} INFO - [2024-05-18T19:46:29.145+0000] {dag.py:3954} INFO - Setting next_dagrun for example_task_group to 2024-05-17 00:00:00+00:00, run_after=2024-05-18 00:00:00+00:00
[2024-05-18T19:46:29.171+0000] {processor.py:183} INFO - Processing /home/airflow/.local/lib/python3.12/site-packages/airflow/example_dags/example_task_group.py took 0.085 seconds
[2024-05-18T19:46:59.232+0000] {processor.py:161} INFO - Started process (PID=662) to work on /home/airflow/.local/lib/python3.12/site-packages/airflow/example_dags/example_task_group.py
[2024-05-18T19:46:59.233+0000] {processor.py:830} INFO - Processing file /home/airflow/.local/lib/python3.12/site-packages/airflow/example_dags/example_task_group.py for tasks to queue
[2024-05-18T19:46:59.234+0000] {logging_mixin.py:188} INFO - [2024-05-18T19:46:59.234+0000] {dagbag.py:545} INFO - Filling up the DagBag from /home/airflow/.local/lib/python3.12/site-packages/airflow/example_dags/example_task_group.py
[2024-05-18T19:46:59.242+0000] {processor.py:840} INFO - DAG(s) 'example_task_group' retrieved from /home/airflow/.local/lib/python3.12/site-packages/airflow/example_dags/example_task_group.py
[2024-05-18T19:46:59.262+0000] {logging_mixin.py:188} INFO - [2024-05-18T19:46:59.262+0000] {dag.py:3096} INFO - Sync 1 DAGs
[2024-05-18T19:46:59.284+0000] {logging_mixin.py:188} INFO - [2024-05-18T19:46:59.284+0000] {dag.py:3954} INFO - Setting next_dagrun for example_task_group to 2024-05-17 00:00:00+00:00, run_after=2024-05-18 00:00:00+00:00
[2024-05-18T19:46:59.308+0000] {processor.py:183} INFO - Processing /home/airflow/.local/lib/python3.12/site-packages/airflow/example_dags/example_task_group.py took 0.082 seconds
[2024-05-18T19:47:29.544+0000] {processor.py:161} INFO - Started process (PID=720) to work on /home/airflow/.local/lib/python3.12/site-packages/airflow/example_dags/example_task_group.py
[2024-05-18T19:47:29.545+0000] {processor.py:830} INFO - Processing file /home/airflow/.local/lib/python3.12/site-packages/airflow/example_dags/example_task_group.py for tasks to queue
[2024-05-18T19:47:29.547+0000] {logging_mixin.py:188} INFO - [2024-05-18T19:47:29.546+0000] {dagbag.py:545} INFO - Filling up the DagBag from /home/airflow/.local/lib/python3.12/site-packages/airflow/example_dags/example_task_group.py
[2024-05-18T19:47:29.556+0000] {processor.py:840} INFO - DAG(s) 'example_task_group' retrieved from /home/airflow/.local/lib/python3.12/site-packages/airflow/example_dags/example_task_group.py
[2024-05-18T19:47:29.579+0000] {logging_mixin.py:188} INFO - [2024-05-18T19:47:29.578+0000] {dag.py:3096} INFO - Sync 1 DAGs
[2024-05-18T19:47:29.602+0000] {logging_mixin.py:188} INFO - [2024-05-18T19:47:29.602+0000] {dag.py:3954} INFO - Setting next_dagrun for example_task_group to 2024-05-17 00:00:00+00:00, run_after=2024-05-18 00:00:00+00:00
[2024-05-18T19:47:29.627+0000] {processor.py:183} INFO - Processing /home/airflow/.local/lib/python3.12/site-packages/airflow/example_dags/example_task_group.py took 0.088 seconds
[2024-05-18T19:47:59.957+0000] {processor.py:161} INFO - Started process (PID=778) to work on /home/airflow/.local/lib/python3.12/site-packages/airflow/example_dags/example_task_group.py
[2024-05-18T19:47:59.958+0000] {processor.py:830} INFO - Processing file /home/airflow/.local/lib/python3.12/site-packages/airflow/example_dags/example_task_group.py for tasks to queue
[2024-05-18T19:47:59.960+0000] {logging_mixin.py:188} INFO - [2024-05-18T19:47:59.960+0000] {dagbag.py:545} INFO - Filling up the DagBag from /home/airflow/.local/lib/python3.12/site-packages/airflow/example_dags/example_task_group.py
[2024-05-18T19:47:59.968+0000] {processor.py:840} INFO - DAG(s) 'example_task_group' retrieved from /home/airflow/.local/lib/python3.12/site-packages/airflow/example_dags/example_task_group.py
[2024-05-18T19:47:59.992+0000] {logging_mixin.py:188} INFO - [2024-05-18T19:47:59.992+0000] {dag.py:3096} INFO - Sync 1 DAGs
[2024-05-18T19:48:00.021+0000] {logging_mixin.py:188} INFO - [2024-05-18T19:48:00.020+0000] {dag.py:3954} INFO - Setting next_dagrun for example_task_group to 2024-05-17 00:00:00+00:00, run_after=2024-05-18 00:00:00+00:00
[2024-05-18T19:48:00.045+0000] {processor.py:183} INFO - Processing /home/airflow/.local/lib/python3.12/site-packages/airflow/example_dags/example_task_group.py took 0.093 seconds
[2024-05-18T19:48:30.622+0000] {processor.py:161} INFO - Started process (PID=836) to work on /home/airflow/.local/lib/python3.12/site-packages/airflow/example_dags/example_task_group.py
[2024-05-18T19:48:30.624+0000] {processor.py:830} INFO - Processing file /home/airflow/.local/lib/python3.12/site-packages/airflow/example_dags/example_task_group.py for tasks to queue
[2024-05-18T19:48:30.626+0000] {logging_mixin.py:188} INFO - [2024-05-18T19:48:30.625+0000] {dagbag.py:545} INFO - Filling up the DagBag from /home/airflow/.local/lib/python3.12/site-packages/airflow/example_dags/example_task_group.py
[2024-05-18T19:48:30.633+0000] {processor.py:840} INFO - DAG(s) 'example_task_group' retrieved from /home/airflow/.local/lib/python3.12/site-packages/airflow/example_dags/example_task_group.py
[2024-05-18T19:48:30.659+0000] {logging_mixin.py:188} INFO - [2024-05-18T19:48:30.659+0000] {dag.py:3096} INFO - Sync 1 DAGs
[2024-05-18T19:48:30.690+0000] {logging_mixin.py:188} INFO - [2024-05-18T19:48:30.689+0000] {dag.py:3954} INFO - Setting next_dagrun for example_task_group to 2024-05-17 00:00:00+00:00, run_after=2024-05-18 00:00:00+00:00
[2024-05-18T19:48:30.717+0000] {processor.py:183} INFO - Processing /home/airflow/.local/lib/python3.12/site-packages/airflow/example_dags/example_task_group.py took 0.100 seconds
[2024-05-18T19:49:00.864+0000] {processor.py:161} INFO - Started process (PID=894) to work on /home/airflow/.local/lib/python3.12/site-packages/airflow/example_dags/example_task_group.py
[2024-05-18T19:49:00.865+0000] {processor.py:830} INFO - Processing file /home/airflow/.local/lib/python3.12/site-packages/airflow/example_dags/example_task_group.py for tasks to queue
[2024-05-18T19:49:00.867+0000] {logging_mixin.py:188} INFO - [2024-05-18T19:49:00.867+0000] {dagbag.py:545} INFO - Filling up the DagBag from /home/airflow/.local/lib/python3.12/site-packages/airflow/example_dags/example_task_group.py
[2024-05-18T19:49:00.875+0000] {processor.py:840} INFO - DAG(s) 'example_task_group' retrieved from /home/airflow/.local/lib/python3.12/site-packages/airflow/example_dags/example_task_group.py
[2024-05-18T19:49:00.896+0000] {logging_mixin.py:188} INFO - [2024-05-18T19:49:00.896+0000] {dag.py:3096} INFO - Sync 1 DAGs
[2024-05-18T19:49:00.918+0000] {logging_mixin.py:188} INFO - [2024-05-18T19:49:00.918+0000] {dag.py:3954} INFO - Setting next_dagrun for example_task_group to 2024-05-17 00:00:00+00:00, run_after=2024-05-18 00:00:00+00:00
[2024-05-18T19:49:00.940+0000] {processor.py:183} INFO - Processing /home/airflow/.local/lib/python3.12/site-packages/airflow/example_dags/example_task_group.py took 0.082 seconds
[2024-05-18T19:49:30.983+0000] {processor.py:161} INFO - Started process (PID=952) to work on /home/airflow/.local/lib/python3.12/site-packages/airflow/example_dags/example_task_group.py
[2024-05-18T19:49:30.985+0000] {processor.py:830} INFO - Processing file /home/airflow/.local/lib/python3.12/site-packages/airflow/example_dags/example_task_group.py for tasks to queue
[2024-05-18T19:49:30.987+0000] {logging_mixin.py:188} INFO - [2024-05-18T19:49:30.986+0000] {dagbag.py:545} INFO - Filling up the DagBag from /home/airflow/.local/lib/python3.12/site-packages/airflow/example_dags/example_task_group.py
[2024-05-18T19:49:30.994+0000] {processor.py:840} INFO - DAG(s) 'example_task_group' retrieved from /home/airflow/.local/lib/python3.12/site-packages/airflow/example_dags/example_task_group.py
[2024-05-18T19:49:31.017+0000] {logging_mixin.py:188} INFO - [2024-05-18T19:49:31.017+0000] {dag.py:3096} INFO - Sync 1 DAGs
[2024-05-18T19:49:31.043+0000] {logging_mixin.py:188} INFO - [2024-05-18T19:49:31.043+0000] {dag.py:3954} INFO - Setting next_dagrun for example_task_group to 2024-05-17 00:00:00+00:00, run_after=2024-05-18 00:00:00+00:00
[2024-05-18T19:49:31.070+0000] {processor.py:183} INFO - Processing /home/airflow/.local/lib/python3.12/site-packages/airflow/example_dags/example_task_group.py took 0.093 seconds
[2024-05-18T19:50:01.170+0000] {processor.py:161} INFO - Started process (PID=1009) to work on /home/airflow/.local/lib/python3.12/site-packages/airflow/example_dags/example_task_group.py
[2024-05-18T19:50:01.171+0000] {processor.py:830} INFO - Processing file /home/airflow/.local/lib/python3.12/site-packages/airflow/example_dags/example_task_group.py for tasks to queue
[2024-05-18T19:50:01.173+0000] {logging_mixin.py:188} INFO - [2024-05-18T19:50:01.173+0000] {dagbag.py:545} INFO - Filling up the DagBag from /home/airflow/.local/lib/python3.12/site-packages/airflow/example_dags/example_task_group.py
[2024-05-18T19:50:01.183+0000] {processor.py:840} INFO - DAG(s) 'example_task_group' retrieved from /home/airflow/.local/lib/python3.12/site-packages/airflow/example_dags/example_task_group.py
[2024-05-18T19:50:01.208+0000] {logging_mixin.py:188} INFO - [2024-05-18T19:50:01.208+0000] {dag.py:3096} INFO - Sync 1 DAGs
[2024-05-18T19:50:01.234+0000] {logging_mixin.py:188} INFO - [2024-05-18T19:50:01.234+0000] {dag.py:3954} INFO - Setting next_dagrun for example_task_group to 2024-05-17 00:00:00+00:00, run_after=2024-05-18 00:00:00+00:00
[2024-05-18T19:50:01.261+0000] {processor.py:183} INFO - Processing /home/airflow/.local/lib/python3.12/site-packages/airflow/example_dags/example_task_group.py took 0.098 seconds
[2024-05-18T19:50:31.530+0000] {processor.py:161} INFO - Started process (PID=1067) to work on /home/airflow/.local/lib/python3.12/site-packages/airflow/example_dags/example_task_group.py
[2024-05-18T19:50:31.532+0000] {processor.py:830} INFO - Processing file /home/airflow/.local/lib/python3.12/site-packages/airflow/example_dags/example_task_group.py for tasks to queue
[2024-05-18T19:50:31.534+0000] {logging_mixin.py:188} INFO - [2024-05-18T19:50:31.533+0000] {dagbag.py:545} INFO - Filling up the DagBag from /home/airflow/.local/lib/python3.12/site-packages/airflow/example_dags/example_task_group.py
[2024-05-18T19:50:31.541+0000] {processor.py:840} INFO - DAG(s) 'example_task_group' retrieved from /home/airflow/.local/lib/python3.12/site-packages/airflow/example_dags/example_task_group.py
[2024-05-18T19:50:31.565+0000] {logging_mixin.py:188} INFO - [2024-05-18T19:50:31.565+0000] {dag.py:3096} INFO - Sync 1 DAGs
[2024-05-18T19:50:31.588+0000] {logging_mixin.py:188} INFO - [2024-05-18T19:50:31.587+0000] {dag.py:3954} INFO - Setting next_dagrun for example_task_group to 2024-05-17 00:00:00+00:00, run_after=2024-05-18 00:00:00+00:00
[2024-05-18T19:50:31.610+0000] {processor.py:183} INFO - Processing /home/airflow/.local/lib/python3.12/site-packages/airflow/example_dags/example_task_group.py took 0.085 seconds
[2024-05-18T19:51:02.504+0000] {processor.py:161} INFO - Started process (PID=1125) to work on /home/airflow/.local/lib/python3.12/site-packages/airflow/example_dags/example_task_group.py
[2024-05-18T19:51:02.505+0000] {processor.py:830} INFO - Processing file /home/airflow/.local/lib/python3.12/site-packages/airflow/example_dags/example_task_group.py for tasks to queue
[2024-05-18T19:51:02.507+0000] {logging_mixin.py:188} INFO - [2024-05-18T19:51:02.507+0000] {dagbag.py:545} INFO - Filling up the DagBag from /home/airflow/.local/lib/python3.12/site-packages/airflow/example_dags/example_task_group.py
[2024-05-18T19:51:02.514+0000] {processor.py:840} INFO - DAG(s) 'example_task_group' retrieved from /home/airflow/.local/lib/python3.12/site-packages/airflow/example_dags/example_task_group.py
[2024-05-18T19:51:02.535+0000] {logging_mixin.py:188} INFO - [2024-05-18T19:51:02.535+0000] {dag.py:3096} INFO - Sync 1 DAGs
[2024-05-18T19:51:02.556+0000] {logging_mixin.py:188} INFO - [2024-05-18T19:51:02.556+0000] {dag.py:3954} INFO - Setting next_dagrun for example_task_group to 2024-05-17 00:00:00+00:00, run_after=2024-05-18 00:00:00+00:00
[2024-05-18T19:51:02.578+0000] {processor.py:183} INFO - Processing /home/airflow/.local/lib/python3.12/site-packages/airflow/example_dags/example_task_group.py took 0.080 seconds
[2024-05-18T19:51:32.802+0000] {processor.py:161} INFO - Started process (PID=1183) to work on /home/airflow/.local/lib/python3.12/site-packages/airflow/example_dags/example_task_group.py
[2024-05-18T19:51:32.803+0000] {processor.py:830} INFO - Processing file /home/airflow/.local/lib/python3.12/site-packages/airflow/example_dags/example_task_group.py for tasks to queue
[2024-05-18T19:51:32.805+0000] {logging_mixin.py:188} INFO - [2024-05-18T19:51:32.805+0000] {dagbag.py:545} INFO - Filling up the DagBag from /home/airflow/.local/lib/python3.12/site-packages/airflow/example_dags/example_task_group.py
[2024-05-18T19:51:32.813+0000] {processor.py:840} INFO - DAG(s) 'example_task_group' retrieved from /home/airflow/.local/lib/python3.12/site-packages/airflow/example_dags/example_task_group.py
[2024-05-18T19:51:32.863+0000] {logging_mixin.py:188} INFO - [2024-05-18T19:51:32.862+0000] {dag.py:3096} INFO - Sync 1 DAGs
[2024-05-18T19:51:32.905+0000] {logging_mixin.py:188} INFO - [2024-05-18T19:51:32.905+0000] {dag.py:3954} INFO - Setting next_dagrun for example_task_group to 2024-05-17 00:00:00+00:00, run_after=2024-05-18 00:00:00+00:00
[2024-05-18T19:51:32.927+0000] {processor.py:183} INFO - Processing /home/airflow/.local/lib/python3.12/site-packages/airflow/example_dags/example_task_group.py took 0.131 seconds
[2024-05-18T19:52:03.348+0000] {processor.py:161} INFO - Started process (PID=1241) to work on /home/airflow/.local/lib/python3.12/site-packages/airflow/example_dags/example_task_group.py
[2024-05-18T19:52:03.350+0000] {processor.py:830} INFO - Processing file /home/airflow/.local/lib/python3.12/site-packages/airflow/example_dags/example_task_group.py for tasks to queue
[2024-05-18T19:52:03.352+0000] {logging_mixin.py:188} INFO - [2024-05-18T19:52:03.351+0000] {dagbag.py:545} INFO - Filling up the DagBag from /home/airflow/.local/lib/python3.12/site-packages/airflow/example_dags/example_task_group.py
[2024-05-18T19:52:03.359+0000] {processor.py:840} INFO - DAG(s) 'example_task_group' retrieved from /home/airflow/.local/lib/python3.12/site-packages/airflow/example_dags/example_task_group.py
[2024-05-18T19:52:03.381+0000] {logging_mixin.py:188} INFO - [2024-05-18T19:52:03.381+0000] {dag.py:3096} INFO - Sync 1 DAGs
[2024-05-18T19:52:03.404+0000] {logging_mixin.py:188} INFO - [2024-05-18T19:52:03.404+0000] {dag.py:3954} INFO - Setting next_dagrun for example_task_group to 2024-05-17 00:00:00+00:00, run_after=2024-05-18 00:00:00+00:00
[2024-05-18T19:52:03.425+0000] {processor.py:183} INFO - Processing /home/airflow/.local/lib/python3.12/site-packages/airflow/example_dags/example_task_group.py took 0.082 seconds
[2024-05-18T19:52:33.910+0000] {processor.py:161} INFO - Started process (PID=1299) to work on /home/airflow/.local/lib/python3.12/site-packages/airflow/example_dags/example_task_group.py
[2024-05-18T19:52:33.911+0000] {processor.py:830} INFO - Processing file /home/airflow/.local/lib/python3.12/site-packages/airflow/example_dags/example_task_group.py for tasks to queue
[2024-05-18T19:52:33.912+0000] {logging_mixin.py:188} INFO - [2024-05-18T19:52:33.912+0000] {dagbag.py:545} INFO - Filling up the DagBag from /home/airflow/.local/lib/python3.12/site-packages/airflow/example_dags/example_task_group.py
[2024-05-18T19:52:33.919+0000] {processor.py:840} INFO - DAG(s) 'example_task_group' retrieved from /home/airflow/.local/lib/python3.12/site-packages/airflow/example_dags/example_task_group.py
[2024-05-18T19:52:33.940+0000] {logging_mixin.py:188} INFO - [2024-05-18T19:52:33.940+0000] {dag.py:3096} INFO - Sync 1 DAGs
[2024-05-18T19:52:33.962+0000] {logging_mixin.py:188} INFO - [2024-05-18T19:52:33.961+0000] {dag.py:3954} INFO - Setting next_dagrun for example_task_group to 2024-05-17 00:00:00+00:00, run_after=2024-05-18 00:00:00+00:00
[2024-05-18T19:52:33.983+0000] {processor.py:183} INFO - Processing /home/airflow/.local/lib/python3.12/site-packages/airflow/example_dags/example_task_group.py took 0.079 seconds
[2024-05-18T19:53:04.529+0000] {processor.py:161} INFO - Started process (PID=1357) to work on /home/airflow/.local/lib/python3.12/site-packages/airflow/example_dags/example_task_group.py
[2024-05-18T19:53:04.530+0000] {processor.py:830} INFO - Processing file /home/airflow/.local/lib/python3.12/site-packages/airflow/example_dags/example_task_group.py for tasks to queue
[2024-05-18T19:53:04.532+0000] {logging_mixin.py:188} INFO - [2024-05-18T19:53:04.532+0000] {dagbag.py:545} INFO - Filling up the DagBag from /home/airflow/.local/lib/python3.12/site-packages/airflow/example_dags/example_task_group.py
[2024-05-18T19:53:04.539+0000] {processor.py:840} INFO - DAG(s) 'example_task_group' retrieved from /home/airflow/.local/lib/python3.12/site-packages/airflow/example_dags/example_task_group.py
[2024-05-18T19:53:04.559+0000] {logging_mixin.py:188} INFO - [2024-05-18T19:53:04.559+0000] {dag.py:3096} INFO - Sync 1 DAGs
[2024-05-18T19:53:04.581+0000] {logging_mixin.py:188} INFO - [2024-05-18T19:53:04.581+0000] {dag.py:3954} INFO - Setting next_dagrun for example_task_group to 2024-05-17 00:00:00+00:00, run_after=2024-05-18 00:00:00+00:00
[2024-05-18T19:53:04.603+0000] {processor.py:183} INFO - Processing /home/airflow/.local/lib/python3.12/site-packages/airflow/example_dags/example_task_group.py took 0.079 seconds
[2024-05-18T19:53:35.248+0000] {processor.py:161} INFO - Started process (PID=1415) to work on /home/airflow/.local/lib/python3.12/site-packages/airflow/example_dags/example_task_group.py
[2024-05-18T19:53:35.249+0000] {processor.py:830} INFO - Processing file /home/airflow/.local/lib/python3.12/site-packages/airflow/example_dags/example_task_group.py for tasks to queue
[2024-05-18T19:53:35.251+0000] {logging_mixin.py:188} INFO - [2024-05-18T19:53:35.251+0000] {dagbag.py:545} INFO - Filling up the DagBag from /home/airflow/.local/lib/python3.12/site-packages/airflow/example_dags/example_task_group.py
[2024-05-18T19:53:35.259+0000] {processor.py:840} INFO - DAG(s) 'example_task_group' retrieved from /home/airflow/.local/lib/python3.12/site-packages/airflow/example_dags/example_task_group.py
[2024-05-18T19:53:35.280+0000] {logging_mixin.py:188} INFO - [2024-05-18T19:53:35.280+0000] {dag.py:3096} INFO - Sync 1 DAGs
[2024-05-18T19:53:35.302+0000] {logging_mixin.py:188} INFO - [2024-05-18T19:53:35.302+0000] {dag.py:3954} INFO - Setting next_dagrun for example_task_group to 2024-05-17 00:00:00+00:00, run_after=2024-05-18 00:00:00+00:00
[2024-05-18T19:53:35.328+0000] {processor.py:183} INFO - Processing /home/airflow/.local/lib/python3.12/site-packages/airflow/example_dags/example_task_group.py took 0.085 seconds
[2024-05-18T19:54:05.711+0000] {processor.py:161} INFO - Started process (PID=1473) to work on /home/airflow/.local/lib/python3.12/site-packages/airflow/example_dags/example_task_group.py
[2024-05-18T19:54:05.712+0000] {processor.py:830} INFO - Processing file /home/airflow/.local/lib/python3.12/site-packages/airflow/example_dags/example_task_group.py for tasks to queue
[2024-05-18T19:54:05.715+0000] {logging_mixin.py:188} INFO - [2024-05-18T19:54:05.714+0000] {dagbag.py:545} INFO - Filling up the DagBag from /home/airflow/.local/lib/python3.12/site-packages/airflow/example_dags/example_task_group.py
[2024-05-18T19:54:05.721+0000] {processor.py:840} INFO - DAG(s) 'example_task_group' retrieved from /home/airflow/.local/lib/python3.12/site-packages/airflow/example_dags/example_task_group.py
[2024-05-18T19:54:05.742+0000] {logging_mixin.py:188} INFO - [2024-05-18T19:54:05.742+0000] {dag.py:3096} INFO - Sync 1 DAGs
[2024-05-18T19:54:05.764+0000] {logging_mixin.py:188} INFO - [2024-05-18T19:54:05.763+0000] {dag.py:3954} INFO - Setting next_dagrun for example_task_group to 2024-05-17 00:00:00+00:00, run_after=2024-05-18 00:00:00+00:00
[2024-05-18T19:54:05.787+0000] {processor.py:183} INFO - Processing /home/airflow/.local/lib/python3.12/site-packages/airflow/example_dags/example_task_group.py took 0.081 seconds
[2024-05-18T19:54:35.940+0000] {processor.py:161} INFO - Started process (PID=1530) to work on /home/airflow/.local/lib/python3.12/site-packages/airflow/example_dags/example_task_group.py
[2024-05-18T19:54:35.941+0000] {processor.py:830} INFO - Processing file /home/airflow/.local/lib/python3.12/site-packages/airflow/example_dags/example_task_group.py for tasks to queue
[2024-05-18T19:54:35.943+0000] {logging_mixin.py:188} INFO - [2024-05-18T19:54:35.942+0000] {dagbag.py:545} INFO - Filling up the DagBag from /home/airflow/.local/lib/python3.12/site-packages/airflow/example_dags/example_task_group.py
[2024-05-18T19:54:35.950+0000] {processor.py:840} INFO - DAG(s) 'example_task_group' retrieved from /home/airflow/.local/lib/python3.12/site-packages/airflow/example_dags/example_task_group.py
[2024-05-18T19:54:35.971+0000] {logging_mixin.py:188} INFO - [2024-05-18T19:54:35.971+0000] {dag.py:3096} INFO - Sync 1 DAGs
[2024-05-18T19:54:35.995+0000] {logging_mixin.py:188} INFO - [2024-05-18T19:54:35.995+0000] {dag.py:3954} INFO - Setting next_dagrun for example_task_group to 2024-05-17 00:00:00+00:00, run_after=2024-05-18 00:00:00+00:00
[2024-05-18T19:54:36.019+0000] {processor.py:183} INFO - Processing /home/airflow/.local/lib/python3.12/site-packages/airflow/example_dags/example_task_group.py took 0.086 seconds
[2024-05-18T19:55:06.109+0000] {processor.py:161} INFO - Started process (PID=1589) to work on /home/airflow/.local/lib/python3.12/site-packages/airflow/example_dags/example_task_group.py
[2024-05-18T19:55:06.111+0000] {processor.py:830} INFO - Processing file /home/airflow/.local/lib/python3.12/site-packages/airflow/example_dags/example_task_group.py for tasks to queue
[2024-05-18T19:55:06.114+0000] {logging_mixin.py:188} INFO - [2024-05-18T19:55:06.113+0000] {dagbag.py:545} INFO - Filling up the DagBag from /home/airflow/.local/lib/python3.12/site-packages/airflow/example_dags/example_task_group.py
[2024-05-18T19:55:06.121+0000] {processor.py:840} INFO - DAG(s) 'example_task_group' retrieved from /home/airflow/.local/lib/python3.12/site-packages/airflow/example_dags/example_task_group.py
[2024-05-18T19:55:06.145+0000] {logging_mixin.py:188} INFO - [2024-05-18T19:55:06.145+0000] {dag.py:3096} INFO - Sync 1 DAGs
[2024-05-18T19:55:06.170+0000] {logging_mixin.py:188} INFO - [2024-05-18T19:55:06.170+0000] {dag.py:3954} INFO - Setting next_dagrun for example_task_group to 2024-05-17 00:00:00+00:00, run_after=2024-05-18 00:00:00+00:00
[2024-05-18T19:55:06.195+0000] {processor.py:183} INFO - Processing /home/airflow/.local/lib/python3.12/site-packages/airflow/example_dags/example_task_group.py took 0.091 seconds
[2024-05-18T20:00:14.461+0000] {processor.py:161} INFO - Started process (PID=75) to work on /home/airflow/.local/lib/python3.12/site-packages/airflow/example_dags/example_task_group.py
[2024-05-18T20:00:14.463+0000] {processor.py:830} INFO - Processing file /home/airflow/.local/lib/python3.12/site-packages/airflow/example_dags/example_task_group.py for tasks to queue
[2024-05-18T20:00:14.465+0000] {logging_mixin.py:188} INFO - [2024-05-18T20:00:14.465+0000] {dagbag.py:545} INFO - Filling up the DagBag from /home/airflow/.local/lib/python3.12/site-packages/airflow/example_dags/example_task_group.py
[2024-05-18T20:00:14.476+0000] {processor.py:840} INFO - DAG(s) 'example_task_group' retrieved from /home/airflow/.local/lib/python3.12/site-packages/airflow/example_dags/example_task_group.py
[2024-05-18T20:00:14.488+0000] {logging_mixin.py:188} INFO - [2024-05-18T20:00:14.488+0000] {dag.py:3096} INFO - Sync 1 DAGs
[2024-05-18T20:00:14.522+0000] {logging_mixin.py:188} INFO - [2024-05-18T20:00:14.521+0000] {dag.py:3954} INFO - Setting next_dagrun for example_task_group to 2024-05-17 00:00:00+00:00, run_after=2024-05-18 00:00:00+00:00
[2024-05-18T20:00:14.546+0000] {processor.py:183} INFO - Processing /home/airflow/.local/lib/python3.12/site-packages/airflow/example_dags/example_task_group.py took 0.095 seconds
[2024-05-18T20:00:46.336+0000] {processor.py:161} INFO - Started process (PID=133) to work on /home/airflow/.local/lib/python3.12/site-packages/airflow/example_dags/example_task_group.py
[2024-05-18T20:00:46.337+0000] {processor.py:830} INFO - Processing file /home/airflow/.local/lib/python3.12/site-packages/airflow/example_dags/example_task_group.py for tasks to queue
[2024-05-18T20:00:46.339+0000] {logging_mixin.py:188} INFO - [2024-05-18T20:00:46.339+0000] {dagbag.py:545} INFO - Filling up the DagBag from /home/airflow/.local/lib/python3.12/site-packages/airflow/example_dags/example_task_group.py
[2024-05-18T20:00:46.346+0000] {processor.py:840} INFO - DAG(s) 'example_task_group' retrieved from /home/airflow/.local/lib/python3.12/site-packages/airflow/example_dags/example_task_group.py
[2024-05-18T20:00:46.443+0000] {logging_mixin.py:188} INFO - [2024-05-18T20:00:46.442+0000] {dag.py:3096} INFO - Sync 1 DAGs
[2024-05-18T20:00:46.461+0000] {logging_mixin.py:188} INFO - [2024-05-18T20:00:46.461+0000] {dag.py:3954} INFO - Setting next_dagrun for example_task_group to 2024-05-17 00:00:00+00:00, run_after=2024-05-18 00:00:00+00:00
[2024-05-18T20:00:46.483+0000] {processor.py:183} INFO - Processing /home/airflow/.local/lib/python3.12/site-packages/airflow/example_dags/example_task_group.py took 0.152 seconds
[2024-05-18T20:01:17.311+0000] {processor.py:161} INFO - Started process (PID=191) to work on /home/airflow/.local/lib/python3.12/site-packages/airflow/example_dags/example_task_group.py
[2024-05-18T20:01:17.312+0000] {processor.py:830} INFO - Processing file /home/airflow/.local/lib/python3.12/site-packages/airflow/example_dags/example_task_group.py for tasks to queue
[2024-05-18T20:01:17.313+0000] {logging_mixin.py:188} INFO - [2024-05-18T20:01:17.313+0000] {dagbag.py:545} INFO - Filling up the DagBag from /home/airflow/.local/lib/python3.12/site-packages/airflow/example_dags/example_task_group.py
[2024-05-18T20:01:17.324+0000] {processor.py:840} INFO - DAG(s) 'example_task_group' retrieved from /home/airflow/.local/lib/python3.12/site-packages/airflow/example_dags/example_task_group.py
[2024-05-18T20:01:17.349+0000] {logging_mixin.py:188} INFO - [2024-05-18T20:01:17.348+0000] {dag.py:3096} INFO - Sync 1 DAGs
[2024-05-18T20:01:17.368+0000] {logging_mixin.py:188} INFO - [2024-05-18T20:01:17.368+0000] {dag.py:3954} INFO - Setting next_dagrun for example_task_group to 2024-05-17 00:00:00+00:00, run_after=2024-05-18 00:00:00+00:00
[2024-05-18T20:01:17.387+0000] {processor.py:183} INFO - Processing /home/airflow/.local/lib/python3.12/site-packages/airflow/example_dags/example_task_group.py took 0.081 seconds
[2024-05-18T20:01:47.555+0000] {processor.py:161} INFO - Started process (PID=249) to work on /home/airflow/.local/lib/python3.12/site-packages/airflow/example_dags/example_task_group.py
[2024-05-18T20:01:47.556+0000] {processor.py:830} INFO - Processing file /home/airflow/.local/lib/python3.12/site-packages/airflow/example_dags/example_task_group.py for tasks to queue
[2024-05-18T20:01:47.558+0000] {logging_mixin.py:188} INFO - [2024-05-18T20:01:47.558+0000] {dagbag.py:545} INFO - Filling up the DagBag from /home/airflow/.local/lib/python3.12/site-packages/airflow/example_dags/example_task_group.py
[2024-05-18T20:01:47.565+0000] {processor.py:840} INFO - DAG(s) 'example_task_group' retrieved from /home/airflow/.local/lib/python3.12/site-packages/airflow/example_dags/example_task_group.py
[2024-05-18T20:01:47.586+0000] {logging_mixin.py:188} INFO - [2024-05-18T20:01:47.586+0000] {dag.py:3096} INFO - Sync 1 DAGs
[2024-05-18T20:01:47.615+0000] {logging_mixin.py:188} INFO - [2024-05-18T20:01:47.615+0000] {dag.py:3954} INFO - Setting next_dagrun for example_task_group to 2024-05-17 00:00:00+00:00, run_after=2024-05-18 00:00:00+00:00
[2024-05-18T20:01:47.637+0000] {processor.py:183} INFO - Processing /home/airflow/.local/lib/python3.12/site-packages/airflow/example_dags/example_task_group.py took 0.087 seconds
[2024-05-18T20:02:18.141+0000] {processor.py:161} INFO - Started process (PID=307) to work on /home/airflow/.local/lib/python3.12/site-packages/airflow/example_dags/example_task_group.py
[2024-05-18T20:02:18.143+0000] {processor.py:830} INFO - Processing file /home/airflow/.local/lib/python3.12/site-packages/airflow/example_dags/example_task_group.py for tasks to queue
[2024-05-18T20:02:18.145+0000] {logging_mixin.py:188} INFO - [2024-05-18T20:02:18.144+0000] {dagbag.py:545} INFO - Filling up the DagBag from /home/airflow/.local/lib/python3.12/site-packages/airflow/example_dags/example_task_group.py
[2024-05-18T20:02:18.154+0000] {processor.py:840} INFO - DAG(s) 'example_task_group' retrieved from /home/airflow/.local/lib/python3.12/site-packages/airflow/example_dags/example_task_group.py
[2024-05-18T20:02:18.176+0000] {logging_mixin.py:188} INFO - [2024-05-18T20:02:18.176+0000] {dag.py:3096} INFO - Sync 1 DAGs
[2024-05-18T20:02:18.202+0000] {logging_mixin.py:188} INFO - [2024-05-18T20:02:18.202+0000] {dag.py:3954} INFO - Setting next_dagrun for example_task_group to 2024-05-17 00:00:00+00:00, run_after=2024-05-18 00:00:00+00:00
[2024-05-18T20:02:18.226+0000] {processor.py:183} INFO - Processing /home/airflow/.local/lib/python3.12/site-packages/airflow/example_dags/example_task_group.py took 0.090 seconds
[2024-05-18T20:02:48.411+0000] {processor.py:161} INFO - Started process (PID=365) to work on /home/airflow/.local/lib/python3.12/site-packages/airflow/example_dags/example_task_group.py
[2024-05-18T20:02:48.412+0000] {processor.py:830} INFO - Processing file /home/airflow/.local/lib/python3.12/site-packages/airflow/example_dags/example_task_group.py for tasks to queue
[2024-05-18T20:02:48.414+0000] {logging_mixin.py:188} INFO - [2024-05-18T20:02:48.413+0000] {dagbag.py:545} INFO - Filling up the DagBag from /home/airflow/.local/lib/python3.12/site-packages/airflow/example_dags/example_task_group.py
[2024-05-18T20:02:48.420+0000] {processor.py:840} INFO - DAG(s) 'example_task_group' retrieved from /home/airflow/.local/lib/python3.12/site-packages/airflow/example_dags/example_task_group.py
[2024-05-18T20:02:48.443+0000] {logging_mixin.py:188} INFO - [2024-05-18T20:02:48.442+0000] {dag.py:3096} INFO - Sync 1 DAGs
[2024-05-18T20:02:48.466+0000] {logging_mixin.py:188} INFO - [2024-05-18T20:02:48.466+0000] {dag.py:3954} INFO - Setting next_dagrun for example_task_group to 2024-05-17 00:00:00+00:00, run_after=2024-05-18 00:00:00+00:00
[2024-05-18T20:02:48.490+0000] {processor.py:183} INFO - Processing /home/airflow/.local/lib/python3.12/site-packages/airflow/example_dags/example_task_group.py took 0.084 seconds
[2024-05-18T20:03:18.611+0000] {processor.py:161} INFO - Started process (PID=423) to work on /home/airflow/.local/lib/python3.12/site-packages/airflow/example_dags/example_task_group.py
[2024-05-18T20:03:18.612+0000] {processor.py:830} INFO - Processing file /home/airflow/.local/lib/python3.12/site-packages/airflow/example_dags/example_task_group.py for tasks to queue
[2024-05-18T20:03:18.613+0000] {logging_mixin.py:188} INFO - [2024-05-18T20:03:18.613+0000] {dagbag.py:545} INFO - Filling up the DagBag from /home/airflow/.local/lib/python3.12/site-packages/airflow/example_dags/example_task_group.py
[2024-05-18T20:03:18.620+0000] {processor.py:840} INFO - DAG(s) 'example_task_group' retrieved from /home/airflow/.local/lib/python3.12/site-packages/airflow/example_dags/example_task_group.py
[2024-05-18T20:03:18.641+0000] {logging_mixin.py:188} INFO - [2024-05-18T20:03:18.640+0000] {dag.py:3096} INFO - Sync 1 DAGs
[2024-05-18T20:03:18.673+0000] {logging_mixin.py:188} INFO - [2024-05-18T20:03:18.673+0000] {dag.py:3954} INFO - Setting next_dagrun for example_task_group to 2024-05-17 00:00:00+00:00, run_after=2024-05-18 00:00:00+00:00
[2024-05-18T20:03:18.705+0000] {processor.py:183} INFO - Processing /home/airflow/.local/lib/python3.12/site-packages/airflow/example_dags/example_task_group.py took 0.101 seconds
[2024-05-18T20:03:48.779+0000] {processor.py:161} INFO - Started process (PID=481) to work on /home/airflow/.local/lib/python3.12/site-packages/airflow/example_dags/example_task_group.py
[2024-05-18T20:03:48.780+0000] {processor.py:830} INFO - Processing file /home/airflow/.local/lib/python3.12/site-packages/airflow/example_dags/example_task_group.py for tasks to queue
[2024-05-18T20:03:48.781+0000] {logging_mixin.py:188} INFO - [2024-05-18T20:03:48.781+0000] {dagbag.py:545} INFO - Filling up the DagBag from /home/airflow/.local/lib/python3.12/site-packages/airflow/example_dags/example_task_group.py
[2024-05-18T20:03:48.788+0000] {processor.py:840} INFO - DAG(s) 'example_task_group' retrieved from /home/airflow/.local/lib/python3.12/site-packages/airflow/example_dags/example_task_group.py
[2024-05-18T20:03:48.809+0000] {logging_mixin.py:188} INFO - [2024-05-18T20:03:48.809+0000] {dag.py:3096} INFO - Sync 1 DAGs
[2024-05-18T20:03:48.830+0000] {logging_mixin.py:188} INFO - [2024-05-18T20:03:48.830+0000] {dag.py:3954} INFO - Setting next_dagrun for example_task_group to 2024-05-17 00:00:00+00:00, run_after=2024-05-18 00:00:00+00:00
[2024-05-18T20:03:48.851+0000] {processor.py:183} INFO - Processing /home/airflow/.local/lib/python3.12/site-packages/airflow/example_dags/example_task_group.py took 0.078 seconds
[2024-05-18T20:04:19.251+0000] {processor.py:161} INFO - Started process (PID=539) to work on /home/airflow/.local/lib/python3.12/site-packages/airflow/example_dags/example_task_group.py
[2024-05-18T20:04:19.253+0000] {processor.py:830} INFO - Processing file /home/airflow/.local/lib/python3.12/site-packages/airflow/example_dags/example_task_group.py for tasks to queue
[2024-05-18T20:04:19.255+0000] {logging_mixin.py:188} INFO - [2024-05-18T20:04:19.254+0000] {dagbag.py:545} INFO - Filling up the DagBag from /home/airflow/.local/lib/python3.12/site-packages/airflow/example_dags/example_task_group.py
[2024-05-18T20:04:19.262+0000] {processor.py:840} INFO - DAG(s) 'example_task_group' retrieved from /home/airflow/.local/lib/python3.12/site-packages/airflow/example_dags/example_task_group.py
[2024-05-18T20:04:19.284+0000] {logging_mixin.py:188} INFO - [2024-05-18T20:04:19.284+0000] {dag.py:3096} INFO - Sync 1 DAGs
[2024-05-18T20:04:19.308+0000] {logging_mixin.py:188} INFO - [2024-05-18T20:04:19.308+0000] {dag.py:3954} INFO - Setting next_dagrun for example_task_group to 2024-05-17 00:00:00+00:00, run_after=2024-05-18 00:00:00+00:00
[2024-05-18T20:04:19.333+0000] {processor.py:183} INFO - Processing /home/airflow/.local/lib/python3.12/site-packages/airflow/example_dags/example_task_group.py took 0.087 seconds
[2024-05-18T20:04:49.465+0000] {processor.py:161} INFO - Started process (PID=597) to work on /home/airflow/.local/lib/python3.12/site-packages/airflow/example_dags/example_task_group.py
[2024-05-18T20:04:49.466+0000] {processor.py:830} INFO - Processing file /home/airflow/.local/lib/python3.12/site-packages/airflow/example_dags/example_task_group.py for tasks to queue
[2024-05-18T20:04:49.468+0000] {logging_mixin.py:188} INFO - [2024-05-18T20:04:49.468+0000] {dagbag.py:545} INFO - Filling up the DagBag from /home/airflow/.local/lib/python3.12/site-packages/airflow/example_dags/example_task_group.py
[2024-05-18T20:04:49.475+0000] {processor.py:840} INFO - DAG(s) 'example_task_group' retrieved from /home/airflow/.local/lib/python3.12/site-packages/airflow/example_dags/example_task_group.py
[2024-05-18T20:04:49.498+0000] {logging_mixin.py:188} INFO - [2024-05-18T20:04:49.497+0000] {dag.py:3096} INFO - Sync 1 DAGs
[2024-05-18T20:04:49.521+0000] {logging_mixin.py:188} INFO - [2024-05-18T20:04:49.521+0000] {dag.py:3954} INFO - Setting next_dagrun for example_task_group to 2024-05-17 00:00:00+00:00, run_after=2024-05-18 00:00:00+00:00
[2024-05-18T20:04:49.548+0000] {processor.py:183} INFO - Processing /home/airflow/.local/lib/python3.12/site-packages/airflow/example_dags/example_task_group.py took 0.089 seconds
[2024-05-18T20:05:19.612+0000] {processor.py:161} INFO - Started process (PID=655) to work on /home/airflow/.local/lib/python3.12/site-packages/airflow/example_dags/example_task_group.py
[2024-05-18T20:05:19.613+0000] {processor.py:830} INFO - Processing file /home/airflow/.local/lib/python3.12/site-packages/airflow/example_dags/example_task_group.py for tasks to queue
[2024-05-18T20:05:19.616+0000] {logging_mixin.py:188} INFO - [2024-05-18T20:05:19.615+0000] {dagbag.py:545} INFO - Filling up the DagBag from /home/airflow/.local/lib/python3.12/site-packages/airflow/example_dags/example_task_group.py
[2024-05-18T20:05:19.623+0000] {processor.py:840} INFO - DAG(s) 'example_task_group' retrieved from /home/airflow/.local/lib/python3.12/site-packages/airflow/example_dags/example_task_group.py
[2024-05-18T20:05:19.646+0000] {logging_mixin.py:188} INFO - [2024-05-18T20:05:19.646+0000] {dag.py:3096} INFO - Sync 1 DAGs
[2024-05-18T20:05:19.669+0000] {logging_mixin.py:188} INFO - [2024-05-18T20:05:19.669+0000] {dag.py:3954} INFO - Setting next_dagrun for example_task_group to 2024-05-17 00:00:00+00:00, run_after=2024-05-18 00:00:00+00:00
[2024-05-18T20:05:19.693+0000] {processor.py:183} INFO - Processing /home/airflow/.local/lib/python3.12/site-packages/airflow/example_dags/example_task_group.py took 0.086 seconds
[2024-05-18T20:05:49.773+0000] {processor.py:161} INFO - Started process (PID=713) to work on /home/airflow/.local/lib/python3.12/site-packages/airflow/example_dags/example_task_group.py
[2024-05-18T20:05:49.774+0000] {processor.py:830} INFO - Processing file /home/airflow/.local/lib/python3.12/site-packages/airflow/example_dags/example_task_group.py for tasks to queue
[2024-05-18T20:05:49.776+0000] {logging_mixin.py:188} INFO - [2024-05-18T20:05:49.775+0000] {dagbag.py:545} INFO - Filling up the DagBag from /home/airflow/.local/lib/python3.12/site-packages/airflow/example_dags/example_task_group.py
[2024-05-18T20:05:49.783+0000] {processor.py:840} INFO - DAG(s) 'example_task_group' retrieved from /home/airflow/.local/lib/python3.12/site-packages/airflow/example_dags/example_task_group.py
[2024-05-18T20:05:49.804+0000] {logging_mixin.py:188} INFO - [2024-05-18T20:05:49.804+0000] {dag.py:3096} INFO - Sync 1 DAGs
[2024-05-18T20:05:49.825+0000] {logging_mixin.py:188} INFO - [2024-05-18T20:05:49.825+0000] {dag.py:3954} INFO - Setting next_dagrun for example_task_group to 2024-05-17 00:00:00+00:00, run_after=2024-05-18 00:00:00+00:00
[2024-05-18T20:05:49.848+0000] {processor.py:183} INFO - Processing /home/airflow/.local/lib/python3.12/site-packages/airflow/example_dags/example_task_group.py took 0.081 seconds
[2024-05-18T20:06:20.015+0000] {processor.py:161} INFO - Started process (PID=771) to work on /home/airflow/.local/lib/python3.12/site-packages/airflow/example_dags/example_task_group.py
[2024-05-18T20:06:20.016+0000] {processor.py:830} INFO - Processing file /home/airflow/.local/lib/python3.12/site-packages/airflow/example_dags/example_task_group.py for tasks to queue
[2024-05-18T20:06:20.018+0000] {logging_mixin.py:188} INFO - [2024-05-18T20:06:20.018+0000] {dagbag.py:545} INFO - Filling up the DagBag from /home/airflow/.local/lib/python3.12/site-packages/airflow/example_dags/example_task_group.py
[2024-05-18T20:06:20.026+0000] {processor.py:840} INFO - DAG(s) 'example_task_group' retrieved from /home/airflow/.local/lib/python3.12/site-packages/airflow/example_dags/example_task_group.py
[2024-05-18T20:06:20.049+0000] {logging_mixin.py:188} INFO - [2024-05-18T20:06:20.049+0000] {dag.py:3096} INFO - Sync 1 DAGs
[2024-05-18T20:06:20.072+0000] {logging_mixin.py:188} INFO - [2024-05-18T20:06:20.071+0000] {dag.py:3954} INFO - Setting next_dagrun for example_task_group to 2024-05-17 00:00:00+00:00, run_after=2024-05-18 00:00:00+00:00
[2024-05-18T20:06:20.093+0000] {processor.py:183} INFO - Processing /home/airflow/.local/lib/python3.12/site-packages/airflow/example_dags/example_task_group.py took 0.083 seconds
[2024-05-18T20:06:51.395+0000] {processor.py:161} INFO - Started process (PID=829) to work on /home/airflow/.local/lib/python3.12/site-packages/airflow/example_dags/example_task_group.py
[2024-05-18T20:06:51.396+0000] {processor.py:830} INFO - Processing file /home/airflow/.local/lib/python3.12/site-packages/airflow/example_dags/example_task_group.py for tasks to queue
[2024-05-18T20:06:51.397+0000] {logging_mixin.py:188} INFO - [2024-05-18T20:06:51.397+0000] {dagbag.py:545} INFO - Filling up the DagBag from /home/airflow/.local/lib/python3.12/site-packages/airflow/example_dags/example_task_group.py
[2024-05-18T20:06:51.404+0000] {processor.py:840} INFO - DAG(s) 'example_task_group' retrieved from /home/airflow/.local/lib/python3.12/site-packages/airflow/example_dags/example_task_group.py
[2024-05-18T20:06:51.425+0000] {logging_mixin.py:188} INFO - [2024-05-18T20:06:51.425+0000] {dag.py:3096} INFO - Sync 1 DAGs
[2024-05-18T20:06:51.446+0000] {logging_mixin.py:188} INFO - [2024-05-18T20:06:51.446+0000] {dag.py:3954} INFO - Setting next_dagrun for example_task_group to 2024-05-17 00:00:00+00:00, run_after=2024-05-18 00:00:00+00:00
[2024-05-18T20:06:51.469+0000] {processor.py:183} INFO - Processing /home/airflow/.local/lib/python3.12/site-packages/airflow/example_dags/example_task_group.py took 0.079 seconds
[2024-05-18T20:07:21.535+0000] {processor.py:161} INFO - Started process (PID=887) to work on /home/airflow/.local/lib/python3.12/site-packages/airflow/example_dags/example_task_group.py
[2024-05-18T20:07:21.536+0000] {processor.py:830} INFO - Processing file /home/airflow/.local/lib/python3.12/site-packages/airflow/example_dags/example_task_group.py for tasks to queue
[2024-05-18T20:07:21.538+0000] {logging_mixin.py:188} INFO - [2024-05-18T20:07:21.538+0000] {dagbag.py:545} INFO - Filling up the DagBag from /home/airflow/.local/lib/python3.12/site-packages/airflow/example_dags/example_task_group.py
[2024-05-18T20:07:21.545+0000] {processor.py:840} INFO - DAG(s) 'example_task_group' retrieved from /home/airflow/.local/lib/python3.12/site-packages/airflow/example_dags/example_task_group.py
[2024-05-18T20:07:21.566+0000] {logging_mixin.py:188} INFO - [2024-05-18T20:07:21.566+0000] {dag.py:3096} INFO - Sync 1 DAGs
[2024-05-18T20:07:21.588+0000] {logging_mixin.py:188} INFO - [2024-05-18T20:07:21.587+0000] {dag.py:3954} INFO - Setting next_dagrun for example_task_group to 2024-05-17 00:00:00+00:00, run_after=2024-05-18 00:00:00+00:00
[2024-05-18T20:07:21.609+0000] {processor.py:183} INFO - Processing /home/airflow/.local/lib/python3.12/site-packages/airflow/example_dags/example_task_group.py took 0.078 seconds
[2024-05-18T20:07:52.211+0000] {processor.py:161} INFO - Started process (PID=945) to work on /home/airflow/.local/lib/python3.12/site-packages/airflow/example_dags/example_task_group.py
[2024-05-18T20:07:52.212+0000] {processor.py:830} INFO - Processing file /home/airflow/.local/lib/python3.12/site-packages/airflow/example_dags/example_task_group.py for tasks to queue
[2024-05-18T20:07:52.214+0000] {logging_mixin.py:188} INFO - [2024-05-18T20:07:52.214+0000] {dagbag.py:545} INFO - Filling up the DagBag from /home/airflow/.local/lib/python3.12/site-packages/airflow/example_dags/example_task_group.py
[2024-05-18T20:07:52.221+0000] {processor.py:840} INFO - DAG(s) 'example_task_group' retrieved from /home/airflow/.local/lib/python3.12/site-packages/airflow/example_dags/example_task_group.py
[2024-05-18T20:07:52.241+0000] {logging_mixin.py:188} INFO - [2024-05-18T20:07:52.241+0000] {dag.py:3096} INFO - Sync 1 DAGs
[2024-05-18T20:07:52.263+0000] {logging_mixin.py:188} INFO - [2024-05-18T20:07:52.263+0000] {dag.py:3954} INFO - Setting next_dagrun for example_task_group to 2024-05-17 00:00:00+00:00, run_after=2024-05-18 00:00:00+00:00
[2024-05-18T20:07:52.285+0000] {processor.py:183} INFO - Processing /home/airflow/.local/lib/python3.12/site-packages/airflow/example_dags/example_task_group.py took 0.079 seconds
[2024-05-18T20:08:22.413+0000] {processor.py:161} INFO - Started process (PID=1005) to work on /home/airflow/.local/lib/python3.12/site-packages/airflow/example_dags/example_task_group.py
[2024-05-18T20:08:22.414+0000] {processor.py:830} INFO - Processing file /home/airflow/.local/lib/python3.12/site-packages/airflow/example_dags/example_task_group.py for tasks to queue
[2024-05-18T20:08:22.416+0000] {logging_mixin.py:188} INFO - [2024-05-18T20:08:22.415+0000] {dagbag.py:545} INFO - Filling up the DagBag from /home/airflow/.local/lib/python3.12/site-packages/airflow/example_dags/example_task_group.py
[2024-05-18T20:08:22.423+0000] {processor.py:840} INFO - DAG(s) 'example_task_group' retrieved from /home/airflow/.local/lib/python3.12/site-packages/airflow/example_dags/example_task_group.py
[2024-05-18T20:08:22.446+0000] {logging_mixin.py:188} INFO - [2024-05-18T20:08:22.446+0000] {dag.py:3096} INFO - Sync 1 DAGs
[2024-05-18T20:08:22.468+0000] {logging_mixin.py:188} INFO - [2024-05-18T20:08:22.468+0000] {dag.py:3954} INFO - Setting next_dagrun for example_task_group to 2024-05-17 00:00:00+00:00, run_after=2024-05-18 00:00:00+00:00
[2024-05-18T20:08:22.491+0000] {processor.py:183} INFO - Processing /home/airflow/.local/lib/python3.12/site-packages/airflow/example_dags/example_task_group.py took 0.084 seconds
[2024-05-18T20:08:52.841+0000] {processor.py:161} INFO - Started process (PID=1062) to work on /home/airflow/.local/lib/python3.12/site-packages/airflow/example_dags/example_task_group.py
[2024-05-18T20:08:52.842+0000] {processor.py:830} INFO - Processing file /home/airflow/.local/lib/python3.12/site-packages/airflow/example_dags/example_task_group.py for tasks to queue
[2024-05-18T20:08:52.845+0000] {logging_mixin.py:188} INFO - [2024-05-18T20:08:52.844+0000] {dagbag.py:545} INFO - Filling up the DagBag from /home/airflow/.local/lib/python3.12/site-packages/airflow/example_dags/example_task_group.py
[2024-05-18T20:08:52.852+0000] {processor.py:840} INFO - DAG(s) 'example_task_group' retrieved from /home/airflow/.local/lib/python3.12/site-packages/airflow/example_dags/example_task_group.py
[2024-05-18T20:08:52.873+0000] {logging_mixin.py:188} INFO - [2024-05-18T20:08:52.872+0000] {dag.py:3096} INFO - Sync 1 DAGs
[2024-05-18T20:08:52.896+0000] {logging_mixin.py:188} INFO - [2024-05-18T20:08:52.895+0000] {dag.py:3954} INFO - Setting next_dagrun for example_task_group to 2024-05-17 00:00:00+00:00, run_after=2024-05-18 00:00:00+00:00
[2024-05-18T20:08:52.918+0000] {processor.py:183} INFO - Processing /home/airflow/.local/lib/python3.12/site-packages/airflow/example_dags/example_task_group.py took 0.082 seconds
[2024-05-18T20:09:23.266+0000] {processor.py:161} INFO - Started process (PID=1120) to work on /home/airflow/.local/lib/python3.12/site-packages/airflow/example_dags/example_task_group.py
[2024-05-18T20:09:23.267+0000] {processor.py:830} INFO - Processing file /home/airflow/.local/lib/python3.12/site-packages/airflow/example_dags/example_task_group.py for tasks to queue
[2024-05-18T20:09:23.269+0000] {logging_mixin.py:188} INFO - [2024-05-18T20:09:23.269+0000] {dagbag.py:545} INFO - Filling up the DagBag from /home/airflow/.local/lib/python3.12/site-packages/airflow/example_dags/example_task_group.py
[2024-05-18T20:09:23.276+0000] {processor.py:840} INFO - DAG(s) 'example_task_group' retrieved from /home/airflow/.local/lib/python3.12/site-packages/airflow/example_dags/example_task_group.py
[2024-05-18T20:09:23.297+0000] {logging_mixin.py:188} INFO - [2024-05-18T20:09:23.297+0000] {dag.py:3096} INFO - Sync 1 DAGs
[2024-05-18T20:09:23.320+0000] {logging_mixin.py:188} INFO - [2024-05-18T20:09:23.319+0000] {dag.py:3954} INFO - Setting next_dagrun for example_task_group to 2024-05-17 00:00:00+00:00, run_after=2024-05-18 00:00:00+00:00
[2024-05-18T20:09:23.343+0000] {processor.py:183} INFO - Processing /home/airflow/.local/lib/python3.12/site-packages/airflow/example_dags/example_task_group.py took 0.082 seconds
[2024-05-18T20:09:53.970+0000] {processor.py:161} INFO - Started process (PID=1179) to work on /home/airflow/.local/lib/python3.12/site-packages/airflow/example_dags/example_task_group.py
[2024-05-18T20:09:53.971+0000] {processor.py:830} INFO - Processing file /home/airflow/.local/lib/python3.12/site-packages/airflow/example_dags/example_task_group.py for tasks to queue
[2024-05-18T20:09:53.973+0000] {logging_mixin.py:188} INFO - [2024-05-18T20:09:53.973+0000] {dagbag.py:545} INFO - Filling up the DagBag from /home/airflow/.local/lib/python3.12/site-packages/airflow/example_dags/example_task_group.py
[2024-05-18T20:09:53.979+0000] {processor.py:840} INFO - DAG(s) 'example_task_group' retrieved from /home/airflow/.local/lib/python3.12/site-packages/airflow/example_dags/example_task_group.py
[2024-05-18T20:09:54.000+0000] {logging_mixin.py:188} INFO - [2024-05-18T20:09:53.999+0000] {dag.py:3096} INFO - Sync 1 DAGs
[2024-05-18T20:09:54.023+0000] {logging_mixin.py:188} INFO - [2024-05-18T20:09:54.023+0000] {dag.py:3954} INFO - Setting next_dagrun for example_task_group to 2024-05-17 00:00:00+00:00, run_after=2024-05-18 00:00:00+00:00
[2024-05-18T20:09:54.044+0000] {processor.py:183} INFO - Processing /home/airflow/.local/lib/python3.12/site-packages/airflow/example_dags/example_task_group.py took 0.079 seconds
[2024-05-18T20:10:24.246+0000] {processor.py:161} INFO - Started process (PID=1236) to work on /home/airflow/.local/lib/python3.12/site-packages/airflow/example_dags/example_task_group.py
[2024-05-18T20:10:24.247+0000] {processor.py:830} INFO - Processing file /home/airflow/.local/lib/python3.12/site-packages/airflow/example_dags/example_task_group.py for tasks to queue
[2024-05-18T20:10:24.248+0000] {logging_mixin.py:188} INFO - [2024-05-18T20:10:24.248+0000] {dagbag.py:545} INFO - Filling up the DagBag from /home/airflow/.local/lib/python3.12/site-packages/airflow/example_dags/example_task_group.py
[2024-05-18T20:10:24.255+0000] {processor.py:840} INFO - DAG(s) 'example_task_group' retrieved from /home/airflow/.local/lib/python3.12/site-packages/airflow/example_dags/example_task_group.py
[2024-05-18T20:10:24.276+0000] {logging_mixin.py:188} INFO - [2024-05-18T20:10:24.276+0000] {dag.py:3096} INFO - Sync 1 DAGs
[2024-05-18T20:10:24.297+0000] {logging_mixin.py:188} INFO - [2024-05-18T20:10:24.297+0000] {dag.py:3954} INFO - Setting next_dagrun for example_task_group to 2024-05-17 00:00:00+00:00, run_after=2024-05-18 00:00:00+00:00
[2024-05-18T20:10:24.319+0000] {processor.py:183} INFO - Processing /home/airflow/.local/lib/python3.12/site-packages/airflow/example_dags/example_task_group.py took 0.078 seconds
[2024-05-18T20:10:54.872+0000] {processor.py:161} INFO - Started process (PID=1295) to work on /home/airflow/.local/lib/python3.12/site-packages/airflow/example_dags/example_task_group.py
[2024-05-18T20:10:54.873+0000] {processor.py:830} INFO - Processing file /home/airflow/.local/lib/python3.12/site-packages/airflow/example_dags/example_task_group.py for tasks to queue
[2024-05-18T20:10:54.875+0000] {logging_mixin.py:188} INFO - [2024-05-18T20:10:54.875+0000] {dagbag.py:545} INFO - Filling up the DagBag from /home/airflow/.local/lib/python3.12/site-packages/airflow/example_dags/example_task_group.py
[2024-05-18T20:10:54.882+0000] {processor.py:840} INFO - DAG(s) 'example_task_group' retrieved from /home/airflow/.local/lib/python3.12/site-packages/airflow/example_dags/example_task_group.py
[2024-05-18T20:10:54.903+0000] {logging_mixin.py:188} INFO - [2024-05-18T20:10:54.903+0000] {dag.py:3096} INFO - Sync 1 DAGs
[2024-05-18T20:10:54.924+0000] {logging_mixin.py:188} INFO - [2024-05-18T20:10:54.924+0000] {dag.py:3954} INFO - Setting next_dagrun for example_task_group to 2024-05-17 00:00:00+00:00, run_after=2024-05-18 00:00:00+00:00
[2024-05-18T20:10:54.948+0000] {processor.py:183} INFO - Processing /home/airflow/.local/lib/python3.12/site-packages/airflow/example_dags/example_task_group.py took 0.082 seconds
[2024-05-18T20:11:25.307+0000] {processor.py:161} INFO - Started process (PID=1353) to work on /home/airflow/.local/lib/python3.12/site-packages/airflow/example_dags/example_task_group.py
[2024-05-18T20:11:25.308+0000] {processor.py:830} INFO - Processing file /home/airflow/.local/lib/python3.12/site-packages/airflow/example_dags/example_task_group.py for tasks to queue
[2024-05-18T20:11:25.310+0000] {logging_mixin.py:188} INFO - [2024-05-18T20:11:25.310+0000] {dagbag.py:545} INFO - Filling up the DagBag from /home/airflow/.local/lib/python3.12/site-packages/airflow/example_dags/example_task_group.py
[2024-05-18T20:11:25.316+0000] {processor.py:840} INFO - DAG(s) 'example_task_group' retrieved from /home/airflow/.local/lib/python3.12/site-packages/airflow/example_dags/example_task_group.py
[2024-05-18T20:11:25.338+0000] {logging_mixin.py:188} INFO - [2024-05-18T20:11:25.338+0000] {dag.py:3096} INFO - Sync 1 DAGs
[2024-05-18T20:11:25.359+0000] {logging_mixin.py:188} INFO - [2024-05-18T20:11:25.358+0000] {dag.py:3954} INFO - Setting next_dagrun for example_task_group to 2024-05-17 00:00:00+00:00, run_after=2024-05-18 00:00:00+00:00
[2024-05-18T20:11:25.379+0000] {processor.py:183} INFO - Processing /home/airflow/.local/lib/python3.12/site-packages/airflow/example_dags/example_task_group.py took 0.077 seconds
[2024-05-18T20:11:56.182+0000] {processor.py:161} INFO - Started process (PID=1411) to work on /home/airflow/.local/lib/python3.12/site-packages/airflow/example_dags/example_task_group.py
[2024-05-18T20:11:56.183+0000] {processor.py:830} INFO - Processing file /home/airflow/.local/lib/python3.12/site-packages/airflow/example_dags/example_task_group.py for tasks to queue
[2024-05-18T20:11:56.185+0000] {logging_mixin.py:188} INFO - [2024-05-18T20:11:56.184+0000] {dagbag.py:545} INFO - Filling up the DagBag from /home/airflow/.local/lib/python3.12/site-packages/airflow/example_dags/example_task_group.py
[2024-05-18T20:11:56.192+0000] {processor.py:840} INFO - DAG(s) 'example_task_group' retrieved from /home/airflow/.local/lib/python3.12/site-packages/airflow/example_dags/example_task_group.py
[2024-05-18T20:11:56.213+0000] {logging_mixin.py:188} INFO - [2024-05-18T20:11:56.213+0000] {dag.py:3096} INFO - Sync 1 DAGs
[2024-05-18T20:11:56.235+0000] {logging_mixin.py:188} INFO - [2024-05-18T20:11:56.235+0000] {dag.py:3954} INFO - Setting next_dagrun for example_task_group to 2024-05-17 00:00:00+00:00, run_after=2024-05-18 00:00:00+00:00
[2024-05-18T20:11:56.257+0000] {processor.py:183} INFO - Processing /home/airflow/.local/lib/python3.12/site-packages/airflow/example_dags/example_task_group.py took 0.080 seconds
[2024-05-18T20:12:27.683+0000] {processor.py:161} INFO - Started process (PID=1469) to work on /home/airflow/.local/lib/python3.12/site-packages/airflow/example_dags/example_task_group.py
[2024-05-18T20:12:27.684+0000] {processor.py:830} INFO - Processing file /home/airflow/.local/lib/python3.12/site-packages/airflow/example_dags/example_task_group.py for tasks to queue
[2024-05-18T20:12:27.686+0000] {logging_mixin.py:188} INFO - [2024-05-18T20:12:27.686+0000] {dagbag.py:545} INFO - Filling up the DagBag from /home/airflow/.local/lib/python3.12/site-packages/airflow/example_dags/example_task_group.py
[2024-05-18T20:12:27.693+0000] {processor.py:840} INFO - DAG(s) 'example_task_group' retrieved from /home/airflow/.local/lib/python3.12/site-packages/airflow/example_dags/example_task_group.py
[2024-05-18T20:12:27.714+0000] {logging_mixin.py:188} INFO - [2024-05-18T20:12:27.714+0000] {dag.py:3096} INFO - Sync 1 DAGs
[2024-05-18T20:12:27.861+0000] {logging_mixin.py:188} INFO - [2024-05-18T20:12:27.860+0000] {dag.py:3954} INFO - Setting next_dagrun for example_task_group to 2024-05-17 00:00:00+00:00, run_after=2024-05-18 00:00:00+00:00
[2024-05-18T20:12:27.880+0000] {processor.py:183} INFO - Processing /home/airflow/.local/lib/python3.12/site-packages/airflow/example_dags/example_task_group.py took 0.203 seconds
[2024-05-18T20:12:58.491+0000] {processor.py:161} INFO - Started process (PID=1527) to work on /home/airflow/.local/lib/python3.12/site-packages/airflow/example_dags/example_task_group.py
[2024-05-18T20:12:58.492+0000] {processor.py:830} INFO - Processing file /home/airflow/.local/lib/python3.12/site-packages/airflow/example_dags/example_task_group.py for tasks to queue
[2024-05-18T20:12:58.494+0000] {logging_mixin.py:188} INFO - [2024-05-18T20:12:58.494+0000] {dagbag.py:545} INFO - Filling up the DagBag from /home/airflow/.local/lib/python3.12/site-packages/airflow/example_dags/example_task_group.py
[2024-05-18T20:12:58.501+0000] {processor.py:840} INFO - DAG(s) 'example_task_group' retrieved from /home/airflow/.local/lib/python3.12/site-packages/airflow/example_dags/example_task_group.py
[2024-05-18T20:12:58.524+0000] {logging_mixin.py:188} INFO - [2024-05-18T20:12:58.523+0000] {dag.py:3096} INFO - Sync 1 DAGs
[2024-05-18T20:12:58.667+0000] {logging_mixin.py:188} INFO - [2024-05-18T20:12:58.667+0000] {dag.py:3954} INFO - Setting next_dagrun for example_task_group to 2024-05-17 00:00:00+00:00, run_after=2024-05-18 00:00:00+00:00
[2024-05-18T20:12:58.688+0000] {processor.py:183} INFO - Processing /home/airflow/.local/lib/python3.12/site-packages/airflow/example_dags/example_task_group.py took 0.203 seconds
[2024-05-18T20:13:29.528+0000] {processor.py:161} INFO - Started process (PID=1591) to work on /home/airflow/.local/lib/python3.12/site-packages/airflow/example_dags/example_task_group.py
[2024-05-18T20:13:29.529+0000] {processor.py:830} INFO - Processing file /home/airflow/.local/lib/python3.12/site-packages/airflow/example_dags/example_task_group.py for tasks to queue
[2024-05-18T20:13:29.531+0000] {logging_mixin.py:188} INFO - [2024-05-18T20:13:29.530+0000] {dagbag.py:545} INFO - Filling up the DagBag from /home/airflow/.local/lib/python3.12/site-packages/airflow/example_dags/example_task_group.py
[2024-05-18T20:13:29.537+0000] {processor.py:840} INFO - DAG(s) 'example_task_group' retrieved from /home/airflow/.local/lib/python3.12/site-packages/airflow/example_dags/example_task_group.py
[2024-05-18T20:13:29.561+0000] {logging_mixin.py:188} INFO - [2024-05-18T20:13:29.560+0000] {dag.py:3096} INFO - Sync 1 DAGs
[2024-05-18T20:13:29.586+0000] {logging_mixin.py:188} INFO - [2024-05-18T20:13:29.586+0000] {dag.py:3954} INFO - Setting next_dagrun for example_task_group to 2024-05-17 00:00:00+00:00, run_after=2024-05-18 00:00:00+00:00
[2024-05-18T20:13:29.609+0000] {processor.py:183} INFO - Processing /home/airflow/.local/lib/python3.12/site-packages/airflow/example_dags/example_task_group.py took 0.087 seconds
[2024-05-18T20:13:59.679+0000] {processor.py:161} INFO - Started process (PID=1649) to work on /home/airflow/.local/lib/python3.12/site-packages/airflow/example_dags/example_task_group.py
[2024-05-18T20:13:59.680+0000] {processor.py:830} INFO - Processing file /home/airflow/.local/lib/python3.12/site-packages/airflow/example_dags/example_task_group.py for tasks to queue
[2024-05-18T20:13:59.682+0000] {logging_mixin.py:188} INFO - [2024-05-18T20:13:59.681+0000] {dagbag.py:545} INFO - Filling up the DagBag from /home/airflow/.local/lib/python3.12/site-packages/airflow/example_dags/example_task_group.py
[2024-05-18T20:13:59.689+0000] {processor.py:840} INFO - DAG(s) 'example_task_group' retrieved from /home/airflow/.local/lib/python3.12/site-packages/airflow/example_dags/example_task_group.py
[2024-05-18T20:13:59.712+0000] {logging_mixin.py:188} INFO - [2024-05-18T20:13:59.711+0000] {dag.py:3096} INFO - Sync 1 DAGs
[2024-05-18T20:13:59.735+0000] {logging_mixin.py:188} INFO - [2024-05-18T20:13:59.735+0000] {dag.py:3954} INFO - Setting next_dagrun for example_task_group to 2024-05-17 00:00:00+00:00, run_after=2024-05-18 00:00:00+00:00
[2024-05-18T20:13:59.760+0000] {processor.py:183} INFO - Processing /home/airflow/.local/lib/python3.12/site-packages/airflow/example_dags/example_task_group.py took 0.087 seconds
[2024-05-18T20:14:30.035+0000] {processor.py:161} INFO - Started process (PID=1707) to work on /home/airflow/.local/lib/python3.12/site-packages/airflow/example_dags/example_task_group.py
[2024-05-18T20:14:30.036+0000] {processor.py:830} INFO - Processing file /home/airflow/.local/lib/python3.12/site-packages/airflow/example_dags/example_task_group.py for tasks to queue
[2024-05-18T20:14:30.038+0000] {logging_mixin.py:188} INFO - [2024-05-18T20:14:30.038+0000] {dagbag.py:545} INFO - Filling up the DagBag from /home/airflow/.local/lib/python3.12/site-packages/airflow/example_dags/example_task_group.py
[2024-05-18T20:14:30.046+0000] {processor.py:840} INFO - DAG(s) 'example_task_group' retrieved from /home/airflow/.local/lib/python3.12/site-packages/airflow/example_dags/example_task_group.py
[2024-05-18T20:14:30.069+0000] {logging_mixin.py:188} INFO - [2024-05-18T20:14:30.069+0000] {dag.py:3096} INFO - Sync 1 DAGs
[2024-05-18T20:14:30.094+0000] {logging_mixin.py:188} INFO - [2024-05-18T20:14:30.094+0000] {dag.py:3954} INFO - Setting next_dagrun for example_task_group to 2024-05-17 00:00:00+00:00, run_after=2024-05-18 00:00:00+00:00
[2024-05-18T20:14:30.118+0000] {processor.py:183} INFO - Processing /home/airflow/.local/lib/python3.12/site-packages/airflow/example_dags/example_task_group.py took 0.089 seconds
