[2024-05-18T19:41:47.372+0000] {processor.py:161} INFO - Started process (PID=41) to work on /home/airflow/.local/lib/python3.12/site-packages/airflow/example_dags/example_setup_teardown.py
[2024-05-18T19:41:47.373+0000] {processor.py:830} INFO - Processing file /home/airflow/.local/lib/python3.12/site-packages/airflow/example_dags/example_setup_teardown.py for tasks to queue
[2024-05-18T19:41:47.376+0000] {logging_mixin.py:188} INFO - [2024-05-18T19:41:47.376+0000] {dagbag.py:545} INFO - Filling up the DagBag from /home/airflow/.local/lib/python3.12/site-packages/airflow/example_dags/example_setup_teardown.py
[2024-05-18T19:41:47.395+0000] {processor.py:840} INFO - DAG(s) 'example_setup_teardown' retrieved from /home/airflow/.local/lib/python3.12/site-packages/airflow/example_dags/example_setup_teardown.py
[2024-05-18T19:41:47.567+0000] {logging_mixin.py:188} INFO - [2024-05-18T19:41:47.565+0000] {override.py:1829} INFO - Created Permission View: can read on DAG:example_setup_teardown
[2024-05-18T19:41:47.581+0000] {logging_mixin.py:188} INFO - [2024-05-18T19:41:47.581+0000] {override.py:1829} INFO - Created Permission View: can delete on DAG:example_setup_teardown
[2024-05-18T19:41:47.593+0000] {logging_mixin.py:188} INFO - [2024-05-18T19:41:47.593+0000] {override.py:1829} INFO - Created Permission View: can edit on DAG:example_setup_teardown
[2024-05-18T19:41:47.595+0000] {logging_mixin.py:188} INFO - [2024-05-18T19:41:47.594+0000] {dag.py:3096} INFO - Sync 1 DAGs
[2024-05-18T19:41:47.615+0000] {logging_mixin.py:188} INFO - [2024-05-18T19:41:47.614+0000] {dag.py:3118} INFO - Creating ORM DAG for example_setup_teardown
[2024-05-18T19:41:47.633+0000] {logging_mixin.py:188} INFO - [2024-05-18T19:41:47.632+0000] {dag.py:3954} INFO - Setting next_dagrun for example_setup_teardown to 2024-05-17 00:00:00+00:00, run_after=2024-05-18 00:00:00+00:00
[2024-05-18T19:41:47.663+0000] {processor.py:183} INFO - Processing /home/airflow/.local/lib/python3.12/site-packages/airflow/example_dags/example_setup_teardown.py took 0.299 seconds
[2024-05-18T19:42:17.793+0000] {processor.py:161} INFO - Started process (PID=98) to work on /home/airflow/.local/lib/python3.12/site-packages/airflow/example_dags/example_setup_teardown.py
[2024-05-18T19:42:17.794+0000] {processor.py:830} INFO - Processing file /home/airflow/.local/lib/python3.12/site-packages/airflow/example_dags/example_setup_teardown.py for tasks to queue
[2024-05-18T19:42:17.796+0000] {logging_mixin.py:188} INFO - [2024-05-18T19:42:17.796+0000] {dagbag.py:545} INFO - Filling up the DagBag from /home/airflow/.local/lib/python3.12/site-packages/airflow/example_dags/example_setup_teardown.py
[2024-05-18T19:42:17.802+0000] {processor.py:840} INFO - DAG(s) 'example_setup_teardown' retrieved from /home/airflow/.local/lib/python3.12/site-packages/airflow/example_dags/example_setup_teardown.py
[2024-05-18T19:42:17.825+0000] {logging_mixin.py:188} INFO - [2024-05-18T19:42:17.824+0000] {dag.py:3096} INFO - Sync 1 DAGs
[2024-05-18T19:42:17.849+0000] {logging_mixin.py:188} INFO - [2024-05-18T19:42:17.849+0000] {dag.py:3954} INFO - Setting next_dagrun for example_setup_teardown to 2024-05-17 00:00:00+00:00, run_after=2024-05-18 00:00:00+00:00
[2024-05-18T19:42:17.871+0000] {processor.py:183} INFO - Processing /home/airflow/.local/lib/python3.12/site-packages/airflow/example_dags/example_setup_teardown.py took 0.085 seconds
[2024-05-18T19:42:48.884+0000] {processor.py:161} INFO - Started process (PID=155) to work on /home/airflow/.local/lib/python3.12/site-packages/airflow/example_dags/example_setup_teardown.py
[2024-05-18T19:42:48.885+0000] {processor.py:830} INFO - Processing file /home/airflow/.local/lib/python3.12/site-packages/airflow/example_dags/example_setup_teardown.py for tasks to queue
[2024-05-18T19:42:48.887+0000] {logging_mixin.py:188} INFO - [2024-05-18T19:42:48.886+0000] {dagbag.py:545} INFO - Filling up the DagBag from /home/airflow/.local/lib/python3.12/site-packages/airflow/example_dags/example_setup_teardown.py
[2024-05-18T19:42:48.894+0000] {processor.py:840} INFO - DAG(s) 'example_setup_teardown' retrieved from /home/airflow/.local/lib/python3.12/site-packages/airflow/example_dags/example_setup_teardown.py
[2024-05-18T19:42:48.914+0000] {logging_mixin.py:188} INFO - [2024-05-18T19:42:48.914+0000] {dag.py:3096} INFO - Sync 1 DAGs
[2024-05-18T19:42:48.934+0000] {logging_mixin.py:188} INFO - [2024-05-18T19:42:48.934+0000] {dag.py:3954} INFO - Setting next_dagrun for example_setup_teardown to 2024-05-17 00:00:00+00:00, run_after=2024-05-18 00:00:00+00:00
[2024-05-18T19:42:48.958+0000] {processor.py:183} INFO - Processing /home/airflow/.local/lib/python3.12/site-packages/airflow/example_dags/example_setup_teardown.py took 0.079 seconds
[2024-05-18T19:43:19.155+0000] {processor.py:161} INFO - Started process (PID=213) to work on /home/airflow/.local/lib/python3.12/site-packages/airflow/example_dags/example_setup_teardown.py
[2024-05-18T19:43:19.156+0000] {processor.py:830} INFO - Processing file /home/airflow/.local/lib/python3.12/site-packages/airflow/example_dags/example_setup_teardown.py for tasks to queue
[2024-05-18T19:43:19.158+0000] {logging_mixin.py:188} INFO - [2024-05-18T19:43:19.158+0000] {dagbag.py:545} INFO - Filling up the DagBag from /home/airflow/.local/lib/python3.12/site-packages/airflow/example_dags/example_setup_teardown.py
[2024-05-18T19:43:19.164+0000] {processor.py:840} INFO - DAG(s) 'example_setup_teardown' retrieved from /home/airflow/.local/lib/python3.12/site-packages/airflow/example_dags/example_setup_teardown.py
[2024-05-18T19:43:19.184+0000] {logging_mixin.py:188} INFO - [2024-05-18T19:43:19.184+0000] {dag.py:3096} INFO - Sync 1 DAGs
[2024-05-18T19:43:19.205+0000] {logging_mixin.py:188} INFO - [2024-05-18T19:43:19.205+0000] {dag.py:3954} INFO - Setting next_dagrun for example_setup_teardown to 2024-05-17 00:00:00+00:00, run_after=2024-05-18 00:00:00+00:00
[2024-05-18T19:43:19.229+0000] {processor.py:183} INFO - Processing /home/airflow/.local/lib/python3.12/site-packages/airflow/example_dags/example_setup_teardown.py took 0.080 seconds
[2024-05-18T19:43:49.296+0000] {processor.py:161} INFO - Started process (PID=271) to work on /home/airflow/.local/lib/python3.12/site-packages/airflow/example_dags/example_setup_teardown.py
[2024-05-18T19:43:49.297+0000] {processor.py:830} INFO - Processing file /home/airflow/.local/lib/python3.12/site-packages/airflow/example_dags/example_setup_teardown.py for tasks to queue
[2024-05-18T19:43:49.299+0000] {logging_mixin.py:188} INFO - [2024-05-18T19:43:49.299+0000] {dagbag.py:545} INFO - Filling up the DagBag from /home/airflow/.local/lib/python3.12/site-packages/airflow/example_dags/example_setup_teardown.py
[2024-05-18T19:43:49.305+0000] {processor.py:840} INFO - DAG(s) 'example_setup_teardown' retrieved from /home/airflow/.local/lib/python3.12/site-packages/airflow/example_dags/example_setup_teardown.py
[2024-05-18T19:43:49.326+0000] {logging_mixin.py:188} INFO - [2024-05-18T19:43:49.326+0000] {dag.py:3096} INFO - Sync 1 DAGs
[2024-05-18T19:43:49.349+0000] {logging_mixin.py:188} INFO - [2024-05-18T19:43:49.349+0000] {dag.py:3954} INFO - Setting next_dagrun for example_setup_teardown to 2024-05-17 00:00:00+00:00, run_after=2024-05-18 00:00:00+00:00
[2024-05-18T19:43:49.373+0000] {processor.py:183} INFO - Processing /home/airflow/.local/lib/python3.12/site-packages/airflow/example_dags/example_setup_teardown.py took 0.083 seconds
[2024-05-18T19:44:19.666+0000] {processor.py:161} INFO - Started process (PID=329) to work on /home/airflow/.local/lib/python3.12/site-packages/airflow/example_dags/example_setup_teardown.py
[2024-05-18T19:44:19.667+0000] {processor.py:830} INFO - Processing file /home/airflow/.local/lib/python3.12/site-packages/airflow/example_dags/example_setup_teardown.py for tasks to queue
[2024-05-18T19:44:19.669+0000] {logging_mixin.py:188} INFO - [2024-05-18T19:44:19.669+0000] {dagbag.py:545} INFO - Filling up the DagBag from /home/airflow/.local/lib/python3.12/site-packages/airflow/example_dags/example_setup_teardown.py
[2024-05-18T19:44:19.676+0000] {processor.py:840} INFO - DAG(s) 'example_setup_teardown' retrieved from /home/airflow/.local/lib/python3.12/site-packages/airflow/example_dags/example_setup_teardown.py
[2024-05-18T19:44:19.695+0000] {logging_mixin.py:188} INFO - [2024-05-18T19:44:19.695+0000] {dag.py:3096} INFO - Sync 1 DAGs
[2024-05-18T19:44:19.718+0000] {logging_mixin.py:188} INFO - [2024-05-18T19:44:19.718+0000] {dag.py:3954} INFO - Setting next_dagrun for example_setup_teardown to 2024-05-17 00:00:00+00:00, run_after=2024-05-18 00:00:00+00:00
[2024-05-18T19:44:19.741+0000] {processor.py:183} INFO - Processing /home/airflow/.local/lib/python3.12/site-packages/airflow/example_dags/example_setup_teardown.py took 0.081 seconds
[2024-05-18T19:44:50.138+0000] {processor.py:161} INFO - Started process (PID=387) to work on /home/airflow/.local/lib/python3.12/site-packages/airflow/example_dags/example_setup_teardown.py
[2024-05-18T19:44:50.139+0000] {processor.py:830} INFO - Processing file /home/airflow/.local/lib/python3.12/site-packages/airflow/example_dags/example_setup_teardown.py for tasks to queue
[2024-05-18T19:44:50.141+0000] {logging_mixin.py:188} INFO - [2024-05-18T19:44:50.140+0000] {dagbag.py:545} INFO - Filling up the DagBag from /home/airflow/.local/lib/python3.12/site-packages/airflow/example_dags/example_setup_teardown.py
[2024-05-18T19:44:50.147+0000] {processor.py:840} INFO - DAG(s) 'example_setup_teardown' retrieved from /home/airflow/.local/lib/python3.12/site-packages/airflow/example_dags/example_setup_teardown.py
[2024-05-18T19:44:50.169+0000] {logging_mixin.py:188} INFO - [2024-05-18T19:44:50.169+0000] {dag.py:3096} INFO - Sync 1 DAGs
[2024-05-18T19:44:50.190+0000] {logging_mixin.py:188} INFO - [2024-05-18T19:44:50.190+0000] {dag.py:3954} INFO - Setting next_dagrun for example_setup_teardown to 2024-05-17 00:00:00+00:00, run_after=2024-05-18 00:00:00+00:00
[2024-05-18T19:44:50.212+0000] {processor.py:183} INFO - Processing /home/airflow/.local/lib/python3.12/site-packages/airflow/example_dags/example_setup_teardown.py took 0.080 seconds
[2024-05-18T19:45:20.438+0000] {processor.py:161} INFO - Started process (PID=445) to work on /home/airflow/.local/lib/python3.12/site-packages/airflow/example_dags/example_setup_teardown.py
[2024-05-18T19:45:20.439+0000] {processor.py:830} INFO - Processing file /home/airflow/.local/lib/python3.12/site-packages/airflow/example_dags/example_setup_teardown.py for tasks to queue
[2024-05-18T19:45:20.441+0000] {logging_mixin.py:188} INFO - [2024-05-18T19:45:20.441+0000] {dagbag.py:545} INFO - Filling up the DagBag from /home/airflow/.local/lib/python3.12/site-packages/airflow/example_dags/example_setup_teardown.py
[2024-05-18T19:45:20.448+0000] {processor.py:840} INFO - DAG(s) 'example_setup_teardown' retrieved from /home/airflow/.local/lib/python3.12/site-packages/airflow/example_dags/example_setup_teardown.py
[2024-05-18T19:45:20.467+0000] {logging_mixin.py:188} INFO - [2024-05-18T19:45:20.467+0000] {dag.py:3096} INFO - Sync 1 DAGs
[2024-05-18T19:45:20.487+0000] {logging_mixin.py:188} INFO - [2024-05-18T19:45:20.487+0000] {dag.py:3954} INFO - Setting next_dagrun for example_setup_teardown to 2024-05-17 00:00:00+00:00, run_after=2024-05-18 00:00:00+00:00
[2024-05-18T19:45:20.510+0000] {processor.py:183} INFO - Processing /home/airflow/.local/lib/python3.12/site-packages/airflow/example_dags/example_setup_teardown.py took 0.077 seconds
[2024-05-18T19:45:50.791+0000] {processor.py:161} INFO - Started process (PID=503) to work on /home/airflow/.local/lib/python3.12/site-packages/airflow/example_dags/example_setup_teardown.py
[2024-05-18T19:45:50.792+0000] {processor.py:830} INFO - Processing file /home/airflow/.local/lib/python3.12/site-packages/airflow/example_dags/example_setup_teardown.py for tasks to queue
[2024-05-18T19:45:50.794+0000] {logging_mixin.py:188} INFO - [2024-05-18T19:45:50.794+0000] {dagbag.py:545} INFO - Filling up the DagBag from /home/airflow/.local/lib/python3.12/site-packages/airflow/example_dags/example_setup_teardown.py
[2024-05-18T19:45:50.801+0000] {processor.py:840} INFO - DAG(s) 'example_setup_teardown' retrieved from /home/airflow/.local/lib/python3.12/site-packages/airflow/example_dags/example_setup_teardown.py
[2024-05-18T19:45:50.821+0000] {logging_mixin.py:188} INFO - [2024-05-18T19:45:50.821+0000] {dag.py:3096} INFO - Sync 1 DAGs
[2024-05-18T19:45:50.841+0000] {logging_mixin.py:188} INFO - [2024-05-18T19:45:50.841+0000] {dag.py:3954} INFO - Setting next_dagrun for example_setup_teardown to 2024-05-17 00:00:00+00:00, run_after=2024-05-18 00:00:00+00:00
[2024-05-18T19:45:50.864+0000] {processor.py:183} INFO - Processing /home/airflow/.local/lib/python3.12/site-packages/airflow/example_dags/example_setup_teardown.py took 0.079 seconds
[2024-05-18T19:46:21.044+0000] {processor.py:161} INFO - Started process (PID=561) to work on /home/airflow/.local/lib/python3.12/site-packages/airflow/example_dags/example_setup_teardown.py
[2024-05-18T19:46:21.045+0000] {processor.py:830} INFO - Processing file /home/airflow/.local/lib/python3.12/site-packages/airflow/example_dags/example_setup_teardown.py for tasks to queue
[2024-05-18T19:46:21.048+0000] {logging_mixin.py:188} INFO - [2024-05-18T19:46:21.047+0000] {dagbag.py:545} INFO - Filling up the DagBag from /home/airflow/.local/lib/python3.12/site-packages/airflow/example_dags/example_setup_teardown.py
[2024-05-18T19:46:21.055+0000] {processor.py:840} INFO - DAG(s) 'example_setup_teardown' retrieved from /home/airflow/.local/lib/python3.12/site-packages/airflow/example_dags/example_setup_teardown.py
[2024-05-18T19:46:21.081+0000] {logging_mixin.py:188} INFO - [2024-05-18T19:46:21.080+0000] {dag.py:3096} INFO - Sync 1 DAGs
[2024-05-18T19:46:21.101+0000] {logging_mixin.py:188} INFO - [2024-05-18T19:46:21.101+0000] {dag.py:3954} INFO - Setting next_dagrun for example_setup_teardown to 2024-05-17 00:00:00+00:00, run_after=2024-05-18 00:00:00+00:00
[2024-05-18T19:46:21.124+0000] {processor.py:183} INFO - Processing /home/airflow/.local/lib/python3.12/site-packages/airflow/example_dags/example_setup_teardown.py took 0.086 seconds
[2024-05-18T19:46:51.390+0000] {processor.py:161} INFO - Started process (PID=626) to work on /home/airflow/.local/lib/python3.12/site-packages/airflow/example_dags/example_setup_teardown.py
[2024-05-18T19:46:51.391+0000] {processor.py:830} INFO - Processing file /home/airflow/.local/lib/python3.12/site-packages/airflow/example_dags/example_setup_teardown.py for tasks to queue
[2024-05-18T19:46:51.392+0000] {logging_mixin.py:188} INFO - [2024-05-18T19:46:51.392+0000] {dagbag.py:545} INFO - Filling up the DagBag from /home/airflow/.local/lib/python3.12/site-packages/airflow/example_dags/example_setup_teardown.py
[2024-05-18T19:46:51.399+0000] {processor.py:840} INFO - DAG(s) 'example_setup_teardown' retrieved from /home/airflow/.local/lib/python3.12/site-packages/airflow/example_dags/example_setup_teardown.py
[2024-05-18T19:46:51.424+0000] {logging_mixin.py:188} INFO - [2024-05-18T19:46:51.424+0000] {dag.py:3096} INFO - Sync 1 DAGs
[2024-05-18T19:46:51.451+0000] {logging_mixin.py:188} INFO - [2024-05-18T19:46:51.450+0000] {dag.py:3954} INFO - Setting next_dagrun for example_setup_teardown to 2024-05-17 00:00:00+00:00, run_after=2024-05-18 00:00:00+00:00
[2024-05-18T19:46:51.473+0000] {processor.py:183} INFO - Processing /home/airflow/.local/lib/python3.12/site-packages/airflow/example_dags/example_setup_teardown.py took 0.089 seconds
[2024-05-18T19:47:21.636+0000] {processor.py:161} INFO - Started process (PID=684) to work on /home/airflow/.local/lib/python3.12/site-packages/airflow/example_dags/example_setup_teardown.py
[2024-05-18T19:47:21.638+0000] {processor.py:830} INFO - Processing file /home/airflow/.local/lib/python3.12/site-packages/airflow/example_dags/example_setup_teardown.py for tasks to queue
[2024-05-18T19:47:21.639+0000] {logging_mixin.py:188} INFO - [2024-05-18T19:47:21.639+0000] {dagbag.py:545} INFO - Filling up the DagBag from /home/airflow/.local/lib/python3.12/site-packages/airflow/example_dags/example_setup_teardown.py
[2024-05-18T19:47:21.646+0000] {processor.py:840} INFO - DAG(s) 'example_setup_teardown' retrieved from /home/airflow/.local/lib/python3.12/site-packages/airflow/example_dags/example_setup_teardown.py
[2024-05-18T19:47:21.668+0000] {logging_mixin.py:188} INFO - [2024-05-18T19:47:21.668+0000] {dag.py:3096} INFO - Sync 1 DAGs
[2024-05-18T19:47:21.690+0000] {logging_mixin.py:188} INFO - [2024-05-18T19:47:21.690+0000] {dag.py:3954} INFO - Setting next_dagrun for example_setup_teardown to 2024-05-17 00:00:00+00:00, run_after=2024-05-18 00:00:00+00:00
[2024-05-18T19:47:21.712+0000] {processor.py:183} INFO - Processing /home/airflow/.local/lib/python3.12/site-packages/airflow/example_dags/example_setup_teardown.py took 0.081 seconds
[2024-05-18T19:47:51.859+0000] {processor.py:161} INFO - Started process (PID=742) to work on /home/airflow/.local/lib/python3.12/site-packages/airflow/example_dags/example_setup_teardown.py
[2024-05-18T19:47:51.860+0000] {processor.py:830} INFO - Processing file /home/airflow/.local/lib/python3.12/site-packages/airflow/example_dags/example_setup_teardown.py for tasks to queue
[2024-05-18T19:47:51.863+0000] {logging_mixin.py:188} INFO - [2024-05-18T19:47:51.862+0000] {dagbag.py:545} INFO - Filling up the DagBag from /home/airflow/.local/lib/python3.12/site-packages/airflow/example_dags/example_setup_teardown.py
[2024-05-18T19:47:51.872+0000] {processor.py:840} INFO - DAG(s) 'example_setup_teardown' retrieved from /home/airflow/.local/lib/python3.12/site-packages/airflow/example_dags/example_setup_teardown.py
[2024-05-18T19:47:51.894+0000] {logging_mixin.py:188} INFO - [2024-05-18T19:47:51.894+0000] {dag.py:3096} INFO - Sync 1 DAGs
[2024-05-18T19:47:51.917+0000] {logging_mixin.py:188} INFO - [2024-05-18T19:47:51.917+0000] {dag.py:3954} INFO - Setting next_dagrun for example_setup_teardown to 2024-05-17 00:00:00+00:00, run_after=2024-05-18 00:00:00+00:00
[2024-05-18T19:47:51.941+0000] {processor.py:183} INFO - Processing /home/airflow/.local/lib/python3.12/site-packages/airflow/example_dags/example_setup_teardown.py took 0.088 seconds
[2024-05-18T19:48:22.265+0000] {processor.py:161} INFO - Started process (PID=800) to work on /home/airflow/.local/lib/python3.12/site-packages/airflow/example_dags/example_setup_teardown.py
[2024-05-18T19:48:22.267+0000] {processor.py:830} INFO - Processing file /home/airflow/.local/lib/python3.12/site-packages/airflow/example_dags/example_setup_teardown.py for tasks to queue
[2024-05-18T19:48:22.269+0000] {logging_mixin.py:188} INFO - [2024-05-18T19:48:22.268+0000] {dagbag.py:545} INFO - Filling up the DagBag from /home/airflow/.local/lib/python3.12/site-packages/airflow/example_dags/example_setup_teardown.py
[2024-05-18T19:48:22.276+0000] {processor.py:840} INFO - DAG(s) 'example_setup_teardown' retrieved from /home/airflow/.local/lib/python3.12/site-packages/airflow/example_dags/example_setup_teardown.py
[2024-05-18T19:48:22.300+0000] {logging_mixin.py:188} INFO - [2024-05-18T19:48:22.300+0000] {dag.py:3096} INFO - Sync 1 DAGs
[2024-05-18T19:48:22.327+0000] {logging_mixin.py:188} INFO - [2024-05-18T19:48:22.326+0000] {dag.py:3954} INFO - Setting next_dagrun for example_setup_teardown to 2024-05-17 00:00:00+00:00, run_after=2024-05-18 00:00:00+00:00
[2024-05-18T19:48:22.370+0000] {processor.py:183} INFO - Processing /home/airflow/.local/lib/python3.12/site-packages/airflow/example_dags/example_setup_teardown.py took 0.110 seconds
[2024-05-18T19:48:52.511+0000] {processor.py:161} INFO - Started process (PID=858) to work on /home/airflow/.local/lib/python3.12/site-packages/airflow/example_dags/example_setup_teardown.py
[2024-05-18T19:48:52.512+0000] {processor.py:830} INFO - Processing file /home/airflow/.local/lib/python3.12/site-packages/airflow/example_dags/example_setup_teardown.py for tasks to queue
[2024-05-18T19:48:52.514+0000] {logging_mixin.py:188} INFO - [2024-05-18T19:48:52.514+0000] {dagbag.py:545} INFO - Filling up the DagBag from /home/airflow/.local/lib/python3.12/site-packages/airflow/example_dags/example_setup_teardown.py
[2024-05-18T19:48:52.520+0000] {processor.py:840} INFO - DAG(s) 'example_setup_teardown' retrieved from /home/airflow/.local/lib/python3.12/site-packages/airflow/example_dags/example_setup_teardown.py
[2024-05-18T19:48:52.539+0000] {logging_mixin.py:188} INFO - [2024-05-18T19:48:52.539+0000] {dag.py:3096} INFO - Sync 1 DAGs
[2024-05-18T19:48:52.559+0000] {logging_mixin.py:188} INFO - [2024-05-18T19:48:52.559+0000] {dag.py:3954} INFO - Setting next_dagrun for example_setup_teardown to 2024-05-17 00:00:00+00:00, run_after=2024-05-18 00:00:00+00:00
[2024-05-18T19:48:52.581+0000] {processor.py:183} INFO - Processing /home/airflow/.local/lib/python3.12/site-packages/airflow/example_dags/example_setup_teardown.py took 0.075 seconds
[2024-05-18T19:49:22.739+0000] {processor.py:161} INFO - Started process (PID=916) to work on /home/airflow/.local/lib/python3.12/site-packages/airflow/example_dags/example_setup_teardown.py
[2024-05-18T19:49:22.740+0000] {processor.py:830} INFO - Processing file /home/airflow/.local/lib/python3.12/site-packages/airflow/example_dags/example_setup_teardown.py for tasks to queue
[2024-05-18T19:49:22.742+0000] {logging_mixin.py:188} INFO - [2024-05-18T19:49:22.742+0000] {dagbag.py:545} INFO - Filling up the DagBag from /home/airflow/.local/lib/python3.12/site-packages/airflow/example_dags/example_setup_teardown.py
[2024-05-18T19:49:22.748+0000] {processor.py:840} INFO - DAG(s) 'example_setup_teardown' retrieved from /home/airflow/.local/lib/python3.12/site-packages/airflow/example_dags/example_setup_teardown.py
[2024-05-18T19:49:22.767+0000] {logging_mixin.py:188} INFO - [2024-05-18T19:49:22.767+0000] {dag.py:3096} INFO - Sync 1 DAGs
[2024-05-18T19:49:22.788+0000] {logging_mixin.py:188} INFO - [2024-05-18T19:49:22.787+0000] {dag.py:3954} INFO - Setting next_dagrun for example_setup_teardown to 2024-05-17 00:00:00+00:00, run_after=2024-05-18 00:00:00+00:00
[2024-05-18T19:49:22.810+0000] {processor.py:183} INFO - Processing /home/airflow/.local/lib/python3.12/site-packages/airflow/example_dags/example_setup_teardown.py took 0.076 seconds
[2024-05-18T19:49:52.915+0000] {processor.py:161} INFO - Started process (PID=973) to work on /home/airflow/.local/lib/python3.12/site-packages/airflow/example_dags/example_setup_teardown.py
[2024-05-18T19:49:52.916+0000] {processor.py:830} INFO - Processing file /home/airflow/.local/lib/python3.12/site-packages/airflow/example_dags/example_setup_teardown.py for tasks to queue
[2024-05-18T19:49:52.918+0000] {logging_mixin.py:188} INFO - [2024-05-18T19:49:52.917+0000] {dagbag.py:545} INFO - Filling up the DagBag from /home/airflow/.local/lib/python3.12/site-packages/airflow/example_dags/example_setup_teardown.py
[2024-05-18T19:49:52.924+0000] {processor.py:840} INFO - DAG(s) 'example_setup_teardown' retrieved from /home/airflow/.local/lib/python3.12/site-packages/airflow/example_dags/example_setup_teardown.py
[2024-05-18T19:49:52.943+0000] {logging_mixin.py:188} INFO - [2024-05-18T19:49:52.943+0000] {dag.py:3096} INFO - Sync 1 DAGs
[2024-05-18T19:49:52.965+0000] {logging_mixin.py:188} INFO - [2024-05-18T19:49:52.965+0000] {dag.py:3954} INFO - Setting next_dagrun for example_setup_teardown to 2024-05-17 00:00:00+00:00, run_after=2024-05-18 00:00:00+00:00
[2024-05-18T19:49:52.988+0000] {processor.py:183} INFO - Processing /home/airflow/.local/lib/python3.12/site-packages/airflow/example_dags/example_setup_teardown.py took 0.078 seconds
[2024-05-18T19:50:23.171+0000] {processor.py:161} INFO - Started process (PID=1031) to work on /home/airflow/.local/lib/python3.12/site-packages/airflow/example_dags/example_setup_teardown.py
[2024-05-18T19:50:23.173+0000] {processor.py:830} INFO - Processing file /home/airflow/.local/lib/python3.12/site-packages/airflow/example_dags/example_setup_teardown.py for tasks to queue
[2024-05-18T19:50:23.174+0000] {logging_mixin.py:188} INFO - [2024-05-18T19:50:23.174+0000] {dagbag.py:545} INFO - Filling up the DagBag from /home/airflow/.local/lib/python3.12/site-packages/airflow/example_dags/example_setup_teardown.py
[2024-05-18T19:50:23.181+0000] {processor.py:840} INFO - DAG(s) 'example_setup_teardown' retrieved from /home/airflow/.local/lib/python3.12/site-packages/airflow/example_dags/example_setup_teardown.py
[2024-05-18T19:50:23.200+0000] {logging_mixin.py:188} INFO - [2024-05-18T19:50:23.200+0000] {dag.py:3096} INFO - Sync 1 DAGs
[2024-05-18T19:50:23.223+0000] {logging_mixin.py:188} INFO - [2024-05-18T19:50:23.222+0000] {dag.py:3954} INFO - Setting next_dagrun for example_setup_teardown to 2024-05-17 00:00:00+00:00, run_after=2024-05-18 00:00:00+00:00
[2024-05-18T19:50:23.245+0000] {processor.py:183} INFO - Processing /home/airflow/.local/lib/python3.12/site-packages/airflow/example_dags/example_setup_teardown.py took 0.079 seconds
[2024-05-18T19:50:53.417+0000] {processor.py:161} INFO - Started process (PID=1089) to work on /home/airflow/.local/lib/python3.12/site-packages/airflow/example_dags/example_setup_teardown.py
[2024-05-18T19:50:53.418+0000] {processor.py:830} INFO - Processing file /home/airflow/.local/lib/python3.12/site-packages/airflow/example_dags/example_setup_teardown.py for tasks to queue
[2024-05-18T19:50:53.420+0000] {logging_mixin.py:188} INFO - [2024-05-18T19:50:53.420+0000] {dagbag.py:545} INFO - Filling up the DagBag from /home/airflow/.local/lib/python3.12/site-packages/airflow/example_dags/example_setup_teardown.py
[2024-05-18T19:50:53.426+0000] {processor.py:840} INFO - DAG(s) 'example_setup_teardown' retrieved from /home/airflow/.local/lib/python3.12/site-packages/airflow/example_dags/example_setup_teardown.py
[2024-05-18T19:50:53.447+0000] {logging_mixin.py:188} INFO - [2024-05-18T19:50:53.446+0000] {dag.py:3096} INFO - Sync 1 DAGs
[2024-05-18T19:50:53.467+0000] {logging_mixin.py:188} INFO - [2024-05-18T19:50:53.467+0000] {dag.py:3954} INFO - Setting next_dagrun for example_setup_teardown to 2024-05-17 00:00:00+00:00, run_after=2024-05-18 00:00:00+00:00
[2024-05-18T19:50:53.489+0000] {processor.py:183} INFO - Processing /home/airflow/.local/lib/python3.12/site-packages/airflow/example_dags/example_setup_teardown.py took 0.078 seconds
[2024-05-18T19:51:23.842+0000] {processor.py:161} INFO - Started process (PID=1147) to work on /home/airflow/.local/lib/python3.12/site-packages/airflow/example_dags/example_setup_teardown.py
[2024-05-18T19:51:23.843+0000] {processor.py:830} INFO - Processing file /home/airflow/.local/lib/python3.12/site-packages/airflow/example_dags/example_setup_teardown.py for tasks to queue
[2024-05-18T19:51:23.845+0000] {logging_mixin.py:188} INFO - [2024-05-18T19:51:23.845+0000] {dagbag.py:545} INFO - Filling up the DagBag from /home/airflow/.local/lib/python3.12/site-packages/airflow/example_dags/example_setup_teardown.py
[2024-05-18T19:51:23.852+0000] {processor.py:840} INFO - DAG(s) 'example_setup_teardown' retrieved from /home/airflow/.local/lib/python3.12/site-packages/airflow/example_dags/example_setup_teardown.py
[2024-05-18T19:51:23.872+0000] {logging_mixin.py:188} INFO - [2024-05-18T19:51:23.871+0000] {dag.py:3096} INFO - Sync 1 DAGs
[2024-05-18T19:51:23.892+0000] {logging_mixin.py:188} INFO - [2024-05-18T19:51:23.892+0000] {dag.py:3954} INFO - Setting next_dagrun for example_setup_teardown to 2024-05-17 00:00:00+00:00, run_after=2024-05-18 00:00:00+00:00
[2024-05-18T19:51:23.915+0000] {processor.py:183} INFO - Processing /home/airflow/.local/lib/python3.12/site-packages/airflow/example_dags/example_setup_teardown.py took 0.079 seconds
[2024-05-18T19:51:54.145+0000] {processor.py:161} INFO - Started process (PID=1205) to work on /home/airflow/.local/lib/python3.12/site-packages/airflow/example_dags/example_setup_teardown.py
[2024-05-18T19:51:54.146+0000] {processor.py:830} INFO - Processing file /home/airflow/.local/lib/python3.12/site-packages/airflow/example_dags/example_setup_teardown.py for tasks to queue
[2024-05-18T19:51:54.148+0000] {logging_mixin.py:188} INFO - [2024-05-18T19:51:54.148+0000] {dagbag.py:545} INFO - Filling up the DagBag from /home/airflow/.local/lib/python3.12/site-packages/airflow/example_dags/example_setup_teardown.py
[2024-05-18T19:51:54.157+0000] {processor.py:840} INFO - DAG(s) 'example_setup_teardown' retrieved from /home/airflow/.local/lib/python3.12/site-packages/airflow/example_dags/example_setup_teardown.py
[2024-05-18T19:51:54.180+0000] {logging_mixin.py:188} INFO - [2024-05-18T19:51:54.179+0000] {dag.py:3096} INFO - Sync 1 DAGs
[2024-05-18T19:51:54.208+0000] {logging_mixin.py:188} INFO - [2024-05-18T19:51:54.207+0000] {dag.py:3954} INFO - Setting next_dagrun for example_setup_teardown to 2024-05-17 00:00:00+00:00, run_after=2024-05-18 00:00:00+00:00
[2024-05-18T19:51:54.235+0000] {processor.py:183} INFO - Processing /home/airflow/.local/lib/python3.12/site-packages/airflow/example_dags/example_setup_teardown.py took 0.096 seconds
[2024-05-18T19:52:24.913+0000] {processor.py:161} INFO - Started process (PID=1263) to work on /home/airflow/.local/lib/python3.12/site-packages/airflow/example_dags/example_setup_teardown.py
[2024-05-18T19:52:24.914+0000] {processor.py:830} INFO - Processing file /home/airflow/.local/lib/python3.12/site-packages/airflow/example_dags/example_setup_teardown.py for tasks to queue
[2024-05-18T19:52:24.917+0000] {logging_mixin.py:188} INFO - [2024-05-18T19:52:24.916+0000] {dagbag.py:545} INFO - Filling up the DagBag from /home/airflow/.local/lib/python3.12/site-packages/airflow/example_dags/example_setup_teardown.py
[2024-05-18T19:52:24.923+0000] {processor.py:840} INFO - DAG(s) 'example_setup_teardown' retrieved from /home/airflow/.local/lib/python3.12/site-packages/airflow/example_dags/example_setup_teardown.py
[2024-05-18T19:52:24.944+0000] {logging_mixin.py:188} INFO - [2024-05-18T19:52:24.943+0000] {dag.py:3096} INFO - Sync 1 DAGs
[2024-05-18T19:52:24.966+0000] {logging_mixin.py:188} INFO - [2024-05-18T19:52:24.966+0000] {dag.py:3954} INFO - Setting next_dagrun for example_setup_teardown to 2024-05-17 00:00:00+00:00, run_after=2024-05-18 00:00:00+00:00
[2024-05-18T19:52:24.989+0000] {processor.py:183} INFO - Processing /home/airflow/.local/lib/python3.12/site-packages/airflow/example_dags/example_setup_teardown.py took 0.082 seconds
[2024-05-18T19:52:55.280+0000] {processor.py:161} INFO - Started process (PID=1321) to work on /home/airflow/.local/lib/python3.12/site-packages/airflow/example_dags/example_setup_teardown.py
[2024-05-18T19:52:55.281+0000] {processor.py:830} INFO - Processing file /home/airflow/.local/lib/python3.12/site-packages/airflow/example_dags/example_setup_teardown.py for tasks to queue
[2024-05-18T19:52:55.283+0000] {logging_mixin.py:188} INFO - [2024-05-18T19:52:55.282+0000] {dagbag.py:545} INFO - Filling up the DagBag from /home/airflow/.local/lib/python3.12/site-packages/airflow/example_dags/example_setup_teardown.py
[2024-05-18T19:52:55.289+0000] {processor.py:840} INFO - DAG(s) 'example_setup_teardown' retrieved from /home/airflow/.local/lib/python3.12/site-packages/airflow/example_dags/example_setup_teardown.py
[2024-05-18T19:52:55.309+0000] {logging_mixin.py:188} INFO - [2024-05-18T19:52:55.309+0000] {dag.py:3096} INFO - Sync 1 DAGs
[2024-05-18T19:52:55.450+0000] {logging_mixin.py:188} INFO - [2024-05-18T19:52:55.450+0000] {dag.py:3954} INFO - Setting next_dagrun for example_setup_teardown to 2024-05-17 00:00:00+00:00, run_after=2024-05-18 00:00:00+00:00
[2024-05-18T19:52:55.471+0000] {processor.py:183} INFO - Processing /home/airflow/.local/lib/python3.12/site-packages/airflow/example_dags/example_setup_teardown.py took 0.197 seconds
[2024-05-18T19:53:25.852+0000] {processor.py:161} INFO - Started process (PID=1379) to work on /home/airflow/.local/lib/python3.12/site-packages/airflow/example_dags/example_setup_teardown.py
[2024-05-18T19:53:25.854+0000] {processor.py:830} INFO - Processing file /home/airflow/.local/lib/python3.12/site-packages/airflow/example_dags/example_setup_teardown.py for tasks to queue
[2024-05-18T19:53:25.856+0000] {logging_mixin.py:188} INFO - [2024-05-18T19:53:25.855+0000] {dagbag.py:545} INFO - Filling up the DagBag from /home/airflow/.local/lib/python3.12/site-packages/airflow/example_dags/example_setup_teardown.py
[2024-05-18T19:53:25.862+0000] {processor.py:840} INFO - DAG(s) 'example_setup_teardown' retrieved from /home/airflow/.local/lib/python3.12/site-packages/airflow/example_dags/example_setup_teardown.py
[2024-05-18T19:53:25.882+0000] {logging_mixin.py:188} INFO - [2024-05-18T19:53:25.882+0000] {dag.py:3096} INFO - Sync 1 DAGs
[2024-05-18T19:53:26.020+0000] {logging_mixin.py:188} INFO - [2024-05-18T19:53:26.020+0000] {dag.py:3954} INFO - Setting next_dagrun for example_setup_teardown to 2024-05-17 00:00:00+00:00, run_after=2024-05-18 00:00:00+00:00
[2024-05-18T19:53:26.039+0000] {processor.py:183} INFO - Processing /home/airflow/.local/lib/python3.12/site-packages/airflow/example_dags/example_setup_teardown.py took 0.193 seconds
[2024-05-18T19:53:56.527+0000] {processor.py:161} INFO - Started process (PID=1437) to work on /home/airflow/.local/lib/python3.12/site-packages/airflow/example_dags/example_setup_teardown.py
[2024-05-18T19:53:56.529+0000] {processor.py:830} INFO - Processing file /home/airflow/.local/lib/python3.12/site-packages/airflow/example_dags/example_setup_teardown.py for tasks to queue
[2024-05-18T19:53:56.530+0000] {logging_mixin.py:188} INFO - [2024-05-18T19:53:56.530+0000] {dagbag.py:545} INFO - Filling up the DagBag from /home/airflow/.local/lib/python3.12/site-packages/airflow/example_dags/example_setup_teardown.py
[2024-05-18T19:53:56.538+0000] {processor.py:840} INFO - DAG(s) 'example_setup_teardown' retrieved from /home/airflow/.local/lib/python3.12/site-packages/airflow/example_dags/example_setup_teardown.py
[2024-05-18T19:53:56.559+0000] {logging_mixin.py:188} INFO - [2024-05-18T19:53:56.559+0000] {dag.py:3096} INFO - Sync 1 DAGs
[2024-05-18T19:53:56.715+0000] {logging_mixin.py:188} INFO - [2024-05-18T19:53:56.715+0000] {dag.py:3954} INFO - Setting next_dagrun for example_setup_teardown to 2024-05-17 00:00:00+00:00, run_after=2024-05-18 00:00:00+00:00
[2024-05-18T19:53:56.736+0000] {processor.py:183} INFO - Processing /home/airflow/.local/lib/python3.12/site-packages/airflow/example_dags/example_setup_teardown.py took 0.215 seconds
[2024-05-18T19:54:26.887+0000] {processor.py:161} INFO - Started process (PID=1494) to work on /home/airflow/.local/lib/python3.12/site-packages/airflow/example_dags/example_setup_teardown.py
[2024-05-18T19:54:26.888+0000] {processor.py:830} INFO - Processing file /home/airflow/.local/lib/python3.12/site-packages/airflow/example_dags/example_setup_teardown.py for tasks to queue
[2024-05-18T19:54:26.891+0000] {logging_mixin.py:188} INFO - [2024-05-18T19:54:26.890+0000] {dagbag.py:545} INFO - Filling up the DagBag from /home/airflow/.local/lib/python3.12/site-packages/airflow/example_dags/example_setup_teardown.py
[2024-05-18T19:54:26.899+0000] {processor.py:840} INFO - DAG(s) 'example_setup_teardown' retrieved from /home/airflow/.local/lib/python3.12/site-packages/airflow/example_dags/example_setup_teardown.py
[2024-05-18T19:54:26.920+0000] {logging_mixin.py:188} INFO - [2024-05-18T19:54:26.920+0000] {dag.py:3096} INFO - Sync 1 DAGs
[2024-05-18T19:54:26.943+0000] {logging_mixin.py:188} INFO - [2024-05-18T19:54:26.943+0000] {dag.py:3954} INFO - Setting next_dagrun for example_setup_teardown to 2024-05-17 00:00:00+00:00, run_after=2024-05-18 00:00:00+00:00
[2024-05-18T19:54:26.965+0000] {processor.py:183} INFO - Processing /home/airflow/.local/lib/python3.12/site-packages/airflow/example_dags/example_setup_teardown.py took 0.084 seconds
[2024-05-18T19:54:57.114+0000] {processor.py:161} INFO - Started process (PID=1553) to work on /home/airflow/.local/lib/python3.12/site-packages/airflow/example_dags/example_setup_teardown.py
[2024-05-18T19:54:57.115+0000] {processor.py:830} INFO - Processing file /home/airflow/.local/lib/python3.12/site-packages/airflow/example_dags/example_setup_teardown.py for tasks to queue
[2024-05-18T19:54:57.117+0000] {logging_mixin.py:188} INFO - [2024-05-18T19:54:57.116+0000] {dagbag.py:545} INFO - Filling up the DagBag from /home/airflow/.local/lib/python3.12/site-packages/airflow/example_dags/example_setup_teardown.py
[2024-05-18T19:54:57.124+0000] {processor.py:840} INFO - DAG(s) 'example_setup_teardown' retrieved from /home/airflow/.local/lib/python3.12/site-packages/airflow/example_dags/example_setup_teardown.py
[2024-05-18T19:54:57.145+0000] {logging_mixin.py:188} INFO - [2024-05-18T19:54:57.145+0000] {dag.py:3096} INFO - Sync 1 DAGs
[2024-05-18T19:54:57.169+0000] {logging_mixin.py:188} INFO - [2024-05-18T19:54:57.168+0000] {dag.py:3954} INFO - Setting next_dagrun for example_setup_teardown to 2024-05-17 00:00:00+00:00, run_after=2024-05-18 00:00:00+00:00
[2024-05-18T19:54:57.190+0000] {processor.py:183} INFO - Processing /home/airflow/.local/lib/python3.12/site-packages/airflow/example_dags/example_setup_teardown.py took 0.082 seconds
[2024-05-18T20:00:12.248+0000] {processor.py:161} INFO - Started process (PID=41) to work on /home/airflow/.local/lib/python3.12/site-packages/airflow/example_dags/example_setup_teardown.py
[2024-05-18T20:00:12.249+0000] {processor.py:830} INFO - Processing file /home/airflow/.local/lib/python3.12/site-packages/airflow/example_dags/example_setup_teardown.py for tasks to queue
[2024-05-18T20:00:12.253+0000] {logging_mixin.py:188} INFO - [2024-05-18T20:00:12.252+0000] {dagbag.py:545} INFO - Filling up the DagBag from /home/airflow/.local/lib/python3.12/site-packages/airflow/example_dags/example_setup_teardown.py
[2024-05-18T20:00:12.267+0000] {processor.py:840} INFO - DAG(s) 'example_setup_teardown' retrieved from /home/airflow/.local/lib/python3.12/site-packages/airflow/example_dags/example_setup_teardown.py
[2024-05-18T20:00:12.284+0000] {logging_mixin.py:188} INFO - [2024-05-18T20:00:12.284+0000] {dag.py:3096} INFO - Sync 1 DAGs
[2024-05-18T20:00:12.317+0000] {logging_mixin.py:188} INFO - [2024-05-18T20:00:12.317+0000] {dag.py:3954} INFO - Setting next_dagrun for example_setup_teardown to 2024-05-17 00:00:00+00:00, run_after=2024-05-18 00:00:00+00:00
[2024-05-18T20:00:12.360+0000] {processor.py:183} INFO - Processing /home/airflow/.local/lib/python3.12/site-packages/airflow/example_dags/example_setup_teardown.py took 0.118 seconds
[2024-05-18T20:00:42.910+0000] {processor.py:161} INFO - Started process (PID=99) to work on /home/airflow/.local/lib/python3.12/site-packages/airflow/example_dags/example_setup_teardown.py
[2024-05-18T20:00:42.911+0000] {processor.py:830} INFO - Processing file /home/airflow/.local/lib/python3.12/site-packages/airflow/example_dags/example_setup_teardown.py for tasks to queue
[2024-05-18T20:00:42.913+0000] {logging_mixin.py:188} INFO - [2024-05-18T20:00:42.913+0000] {dagbag.py:545} INFO - Filling up the DagBag from /home/airflow/.local/lib/python3.12/site-packages/airflow/example_dags/example_setup_teardown.py
[2024-05-18T20:00:42.920+0000] {processor.py:840} INFO - DAG(s) 'example_setup_teardown' retrieved from /home/airflow/.local/lib/python3.12/site-packages/airflow/example_dags/example_setup_teardown.py
[2024-05-18T20:00:43.011+0000] {logging_mixin.py:188} INFO - [2024-05-18T20:00:43.011+0000] {dag.py:3096} INFO - Sync 1 DAGs
[2024-05-18T20:00:43.031+0000] {logging_mixin.py:188} INFO - [2024-05-18T20:00:43.031+0000] {dag.py:3954} INFO - Setting next_dagrun for example_setup_teardown to 2024-05-17 00:00:00+00:00, run_after=2024-05-18 00:00:00+00:00
[2024-05-18T20:00:43.053+0000] {processor.py:183} INFO - Processing /home/airflow/.local/lib/python3.12/site-packages/airflow/example_dags/example_setup_teardown.py took 0.148 seconds
[2024-05-18T20:01:13.328+0000] {processor.py:161} INFO - Started process (PID=157) to work on /home/airflow/.local/lib/python3.12/site-packages/airflow/example_dags/example_setup_teardown.py
[2024-05-18T20:01:13.330+0000] {processor.py:830} INFO - Processing file /home/airflow/.local/lib/python3.12/site-packages/airflow/example_dags/example_setup_teardown.py for tasks to queue
[2024-05-18T20:01:13.332+0000] {logging_mixin.py:188} INFO - [2024-05-18T20:01:13.331+0000] {dagbag.py:545} INFO - Filling up the DagBag from /home/airflow/.local/lib/python3.12/site-packages/airflow/example_dags/example_setup_teardown.py
[2024-05-18T20:01:13.338+0000] {processor.py:840} INFO - DAG(s) 'example_setup_teardown' retrieved from /home/airflow/.local/lib/python3.12/site-packages/airflow/example_dags/example_setup_teardown.py
[2024-05-18T20:01:13.357+0000] {logging_mixin.py:188} INFO - [2024-05-18T20:01:13.357+0000] {dag.py:3096} INFO - Sync 1 DAGs
[2024-05-18T20:01:13.377+0000] {logging_mixin.py:188} INFO - [2024-05-18T20:01:13.377+0000] {dag.py:3954} INFO - Setting next_dagrun for example_setup_teardown to 2024-05-17 00:00:00+00:00, run_after=2024-05-18 00:00:00+00:00
[2024-05-18T20:01:13.398+0000] {processor.py:183} INFO - Processing /home/airflow/.local/lib/python3.12/site-packages/airflow/example_dags/example_setup_teardown.py took 0.075 seconds
[2024-05-18T20:01:43.625+0000] {processor.py:161} INFO - Started process (PID=215) to work on /home/airflow/.local/lib/python3.12/site-packages/airflow/example_dags/example_setup_teardown.py
[2024-05-18T20:01:43.626+0000] {processor.py:830} INFO - Processing file /home/airflow/.local/lib/python3.12/site-packages/airflow/example_dags/example_setup_teardown.py for tasks to queue
[2024-05-18T20:01:43.628+0000] {logging_mixin.py:188} INFO - [2024-05-18T20:01:43.628+0000] {dagbag.py:545} INFO - Filling up the DagBag from /home/airflow/.local/lib/python3.12/site-packages/airflow/example_dags/example_setup_teardown.py
[2024-05-18T20:01:43.634+0000] {processor.py:840} INFO - DAG(s) 'example_setup_teardown' retrieved from /home/airflow/.local/lib/python3.12/site-packages/airflow/example_dags/example_setup_teardown.py
[2024-05-18T20:01:43.655+0000] {logging_mixin.py:188} INFO - [2024-05-18T20:01:43.654+0000] {dag.py:3096} INFO - Sync 1 DAGs
[2024-05-18T20:01:43.674+0000] {logging_mixin.py:188} INFO - [2024-05-18T20:01:43.674+0000] {dag.py:3954} INFO - Setting next_dagrun for example_setup_teardown to 2024-05-17 00:00:00+00:00, run_after=2024-05-18 00:00:00+00:00
[2024-05-18T20:01:43.694+0000] {processor.py:183} INFO - Processing /home/airflow/.local/lib/python3.12/site-packages/airflow/example_dags/example_setup_teardown.py took 0.074 seconds
[2024-05-18T20:02:13.973+0000] {processor.py:161} INFO - Started process (PID=273) to work on /home/airflow/.local/lib/python3.12/site-packages/airflow/example_dags/example_setup_teardown.py
[2024-05-18T20:02:13.974+0000] {processor.py:830} INFO - Processing file /home/airflow/.local/lib/python3.12/site-packages/airflow/example_dags/example_setup_teardown.py for tasks to queue
[2024-05-18T20:02:13.976+0000] {logging_mixin.py:188} INFO - [2024-05-18T20:02:13.976+0000] {dagbag.py:545} INFO - Filling up the DagBag from /home/airflow/.local/lib/python3.12/site-packages/airflow/example_dags/example_setup_teardown.py
[2024-05-18T20:02:13.983+0000] {processor.py:840} INFO - DAG(s) 'example_setup_teardown' retrieved from /home/airflow/.local/lib/python3.12/site-packages/airflow/example_dags/example_setup_teardown.py
[2024-05-18T20:02:14.011+0000] {logging_mixin.py:188} INFO - [2024-05-18T20:02:14.010+0000] {dag.py:3096} INFO - Sync 1 DAGs
[2024-05-18T20:02:14.034+0000] {logging_mixin.py:188} INFO - [2024-05-18T20:02:14.034+0000] {dag.py:3954} INFO - Setting next_dagrun for example_setup_teardown to 2024-05-17 00:00:00+00:00, run_after=2024-05-18 00:00:00+00:00
[2024-05-18T20:02:14.054+0000] {processor.py:183} INFO - Processing /home/airflow/.local/lib/python3.12/site-packages/airflow/example_dags/example_setup_teardown.py took 0.087 seconds
[2024-05-18T20:02:44.176+0000] {processor.py:161} INFO - Started process (PID=331) to work on /home/airflow/.local/lib/python3.12/site-packages/airflow/example_dags/example_setup_teardown.py
[2024-05-18T20:02:44.177+0000] {processor.py:830} INFO - Processing file /home/airflow/.local/lib/python3.12/site-packages/airflow/example_dags/example_setup_teardown.py for tasks to queue
[2024-05-18T20:02:44.179+0000] {logging_mixin.py:188} INFO - [2024-05-18T20:02:44.179+0000] {dagbag.py:545} INFO - Filling up the DagBag from /home/airflow/.local/lib/python3.12/site-packages/airflow/example_dags/example_setup_teardown.py
[2024-05-18T20:02:44.186+0000] {processor.py:840} INFO - DAG(s) 'example_setup_teardown' retrieved from /home/airflow/.local/lib/python3.12/site-packages/airflow/example_dags/example_setup_teardown.py
[2024-05-18T20:02:44.208+0000] {logging_mixin.py:188} INFO - [2024-05-18T20:02:44.208+0000] {dag.py:3096} INFO - Sync 1 DAGs
[2024-05-18T20:02:44.231+0000] {logging_mixin.py:188} INFO - [2024-05-18T20:02:44.230+0000] {dag.py:3954} INFO - Setting next_dagrun for example_setup_teardown to 2024-05-17 00:00:00+00:00, run_after=2024-05-18 00:00:00+00:00
[2024-05-18T20:02:44.252+0000] {processor.py:183} INFO - Processing /home/airflow/.local/lib/python3.12/site-packages/airflow/example_dags/example_setup_teardown.py took 0.084 seconds
[2024-05-18T20:03:14.379+0000] {processor.py:161} INFO - Started process (PID=389) to work on /home/airflow/.local/lib/python3.12/site-packages/airflow/example_dags/example_setup_teardown.py
[2024-05-18T20:03:14.381+0000] {processor.py:830} INFO - Processing file /home/airflow/.local/lib/python3.12/site-packages/airflow/example_dags/example_setup_teardown.py for tasks to queue
[2024-05-18T20:03:14.383+0000] {logging_mixin.py:188} INFO - [2024-05-18T20:03:14.382+0000] {dagbag.py:545} INFO - Filling up the DagBag from /home/airflow/.local/lib/python3.12/site-packages/airflow/example_dags/example_setup_teardown.py
[2024-05-18T20:03:14.389+0000] {processor.py:840} INFO - DAG(s) 'example_setup_teardown' retrieved from /home/airflow/.local/lib/python3.12/site-packages/airflow/example_dags/example_setup_teardown.py
[2024-05-18T20:03:14.409+0000] {logging_mixin.py:188} INFO - [2024-05-18T20:03:14.408+0000] {dag.py:3096} INFO - Sync 1 DAGs
[2024-05-18T20:03:14.429+0000] {logging_mixin.py:188} INFO - [2024-05-18T20:03:14.429+0000] {dag.py:3954} INFO - Setting next_dagrun for example_setup_teardown to 2024-05-17 00:00:00+00:00, run_after=2024-05-18 00:00:00+00:00
[2024-05-18T20:03:14.450+0000] {processor.py:183} INFO - Processing /home/airflow/.local/lib/python3.12/site-packages/airflow/example_dags/example_setup_teardown.py took 0.076 seconds
[2024-05-18T20:03:44.736+0000] {processor.py:161} INFO - Started process (PID=447) to work on /home/airflow/.local/lib/python3.12/site-packages/airflow/example_dags/example_setup_teardown.py
[2024-05-18T20:03:44.737+0000] {processor.py:830} INFO - Processing file /home/airflow/.local/lib/python3.12/site-packages/airflow/example_dags/example_setup_teardown.py for tasks to queue
[2024-05-18T20:03:44.740+0000] {logging_mixin.py:188} INFO - [2024-05-18T20:03:44.739+0000] {dagbag.py:545} INFO - Filling up the DagBag from /home/airflow/.local/lib/python3.12/site-packages/airflow/example_dags/example_setup_teardown.py
[2024-05-18T20:03:44.747+0000] {processor.py:840} INFO - DAG(s) 'example_setup_teardown' retrieved from /home/airflow/.local/lib/python3.12/site-packages/airflow/example_dags/example_setup_teardown.py
[2024-05-18T20:03:44.769+0000] {logging_mixin.py:188} INFO - [2024-05-18T20:03:44.768+0000] {dag.py:3096} INFO - Sync 1 DAGs
[2024-05-18T20:03:44.796+0000] {logging_mixin.py:188} INFO - [2024-05-18T20:03:44.795+0000] {dag.py:3954} INFO - Setting next_dagrun for example_setup_teardown to 2024-05-17 00:00:00+00:00, run_after=2024-05-18 00:00:00+00:00
[2024-05-18T20:03:44.817+0000] {processor.py:183} INFO - Processing /home/airflow/.local/lib/python3.12/site-packages/airflow/example_dags/example_setup_teardown.py took 0.087 seconds
[2024-05-18T20:04:15.047+0000] {processor.py:161} INFO - Started process (PID=505) to work on /home/airflow/.local/lib/python3.12/site-packages/airflow/example_dags/example_setup_teardown.py
[2024-05-18T20:04:15.048+0000] {processor.py:830} INFO - Processing file /home/airflow/.local/lib/python3.12/site-packages/airflow/example_dags/example_setup_teardown.py for tasks to queue
[2024-05-18T20:04:15.050+0000] {logging_mixin.py:188} INFO - [2024-05-18T20:04:15.049+0000] {dagbag.py:545} INFO - Filling up the DagBag from /home/airflow/.local/lib/python3.12/site-packages/airflow/example_dags/example_setup_teardown.py
[2024-05-18T20:04:15.056+0000] {processor.py:840} INFO - DAG(s) 'example_setup_teardown' retrieved from /home/airflow/.local/lib/python3.12/site-packages/airflow/example_dags/example_setup_teardown.py
[2024-05-18T20:04:15.075+0000] {logging_mixin.py:188} INFO - [2024-05-18T20:04:15.075+0000] {dag.py:3096} INFO - Sync 1 DAGs
[2024-05-18T20:04:15.095+0000] {logging_mixin.py:188} INFO - [2024-05-18T20:04:15.094+0000] {dag.py:3954} INFO - Setting next_dagrun for example_setup_teardown to 2024-05-17 00:00:00+00:00, run_after=2024-05-18 00:00:00+00:00
[2024-05-18T20:04:15.116+0000] {processor.py:183} INFO - Processing /home/airflow/.local/lib/python3.12/site-packages/airflow/example_dags/example_setup_teardown.py took 0.074 seconds
[2024-05-18T20:04:45.240+0000] {processor.py:161} INFO - Started process (PID=563) to work on /home/airflow/.local/lib/python3.12/site-packages/airflow/example_dags/example_setup_teardown.py
[2024-05-18T20:04:45.241+0000] {processor.py:830} INFO - Processing file /home/airflow/.local/lib/python3.12/site-packages/airflow/example_dags/example_setup_teardown.py for tasks to queue
[2024-05-18T20:04:45.243+0000] {logging_mixin.py:188} INFO - [2024-05-18T20:04:45.243+0000] {dagbag.py:545} INFO - Filling up the DagBag from /home/airflow/.local/lib/python3.12/site-packages/airflow/example_dags/example_setup_teardown.py
[2024-05-18T20:04:45.250+0000] {processor.py:840} INFO - DAG(s) 'example_setup_teardown' retrieved from /home/airflow/.local/lib/python3.12/site-packages/airflow/example_dags/example_setup_teardown.py
[2024-05-18T20:04:45.271+0000] {logging_mixin.py:188} INFO - [2024-05-18T20:04:45.271+0000] {dag.py:3096} INFO - Sync 1 DAGs
[2024-05-18T20:04:45.292+0000] {logging_mixin.py:188} INFO - [2024-05-18T20:04:45.292+0000] {dag.py:3954} INFO - Setting next_dagrun for example_setup_teardown to 2024-05-17 00:00:00+00:00, run_after=2024-05-18 00:00:00+00:00
[2024-05-18T20:04:45.314+0000] {processor.py:183} INFO - Processing /home/airflow/.local/lib/python3.12/site-packages/airflow/example_dags/example_setup_teardown.py took 0.080 seconds
[2024-05-18T20:05:15.502+0000] {processor.py:161} INFO - Started process (PID=621) to work on /home/airflow/.local/lib/python3.12/site-packages/airflow/example_dags/example_setup_teardown.py
[2024-05-18T20:05:15.503+0000] {processor.py:830} INFO - Processing file /home/airflow/.local/lib/python3.12/site-packages/airflow/example_dags/example_setup_teardown.py for tasks to queue
[2024-05-18T20:05:15.506+0000] {logging_mixin.py:188} INFO - [2024-05-18T20:05:15.505+0000] {dagbag.py:545} INFO - Filling up the DagBag from /home/airflow/.local/lib/python3.12/site-packages/airflow/example_dags/example_setup_teardown.py
[2024-05-18T20:05:15.516+0000] {processor.py:840} INFO - DAG(s) 'example_setup_teardown' retrieved from /home/airflow/.local/lib/python3.12/site-packages/airflow/example_dags/example_setup_teardown.py
[2024-05-18T20:05:15.536+0000] {logging_mixin.py:188} INFO - [2024-05-18T20:05:15.535+0000] {dag.py:3096} INFO - Sync 1 DAGs
[2024-05-18T20:05:15.557+0000] {logging_mixin.py:188} INFO - [2024-05-18T20:05:15.556+0000] {dag.py:3954} INFO - Setting next_dagrun for example_setup_teardown to 2024-05-17 00:00:00+00:00, run_after=2024-05-18 00:00:00+00:00
[2024-05-18T20:05:15.577+0000] {processor.py:183} INFO - Processing /home/airflow/.local/lib/python3.12/site-packages/airflow/example_dags/example_setup_teardown.py took 0.084 seconds
[2024-05-18T20:05:45.800+0000] {processor.py:161} INFO - Started process (PID=679) to work on /home/airflow/.local/lib/python3.12/site-packages/airflow/example_dags/example_setup_teardown.py
[2024-05-18T20:05:45.801+0000] {processor.py:830} INFO - Processing file /home/airflow/.local/lib/python3.12/site-packages/airflow/example_dags/example_setup_teardown.py for tasks to queue
[2024-05-18T20:05:45.803+0000] {logging_mixin.py:188} INFO - [2024-05-18T20:05:45.803+0000] {dagbag.py:545} INFO - Filling up the DagBag from /home/airflow/.local/lib/python3.12/site-packages/airflow/example_dags/example_setup_teardown.py
[2024-05-18T20:05:45.810+0000] {processor.py:840} INFO - DAG(s) 'example_setup_teardown' retrieved from /home/airflow/.local/lib/python3.12/site-packages/airflow/example_dags/example_setup_teardown.py
[2024-05-18T20:05:45.830+0000] {logging_mixin.py:188} INFO - [2024-05-18T20:05:45.830+0000] {dag.py:3096} INFO - Sync 1 DAGs
[2024-05-18T20:05:45.852+0000] {logging_mixin.py:188} INFO - [2024-05-18T20:05:45.851+0000] {dag.py:3954} INFO - Setting next_dagrun for example_setup_teardown to 2024-05-17 00:00:00+00:00, run_after=2024-05-18 00:00:00+00:00
[2024-05-18T20:05:45.873+0000] {processor.py:183} INFO - Processing /home/airflow/.local/lib/python3.12/site-packages/airflow/example_dags/example_setup_teardown.py took 0.078 seconds
[2024-05-18T20:06:16.841+0000] {processor.py:161} INFO - Started process (PID=737) to work on /home/airflow/.local/lib/python3.12/site-packages/airflow/example_dags/example_setup_teardown.py
[2024-05-18T20:06:16.842+0000] {processor.py:830} INFO - Processing file /home/airflow/.local/lib/python3.12/site-packages/airflow/example_dags/example_setup_teardown.py for tasks to queue
[2024-05-18T20:06:16.844+0000] {logging_mixin.py:188} INFO - [2024-05-18T20:06:16.844+0000] {dagbag.py:545} INFO - Filling up the DagBag from /home/airflow/.local/lib/python3.12/site-packages/airflow/example_dags/example_setup_teardown.py
[2024-05-18T20:06:16.850+0000] {processor.py:840} INFO - DAG(s) 'example_setup_teardown' retrieved from /home/airflow/.local/lib/python3.12/site-packages/airflow/example_dags/example_setup_teardown.py
[2024-05-18T20:06:16.868+0000] {logging_mixin.py:188} INFO - [2024-05-18T20:06:16.868+0000] {dag.py:3096} INFO - Sync 1 DAGs
[2024-05-18T20:06:16.888+0000] {logging_mixin.py:188} INFO - [2024-05-18T20:06:16.888+0000] {dag.py:3954} INFO - Setting next_dagrun for example_setup_teardown to 2024-05-17 00:00:00+00:00, run_after=2024-05-18 00:00:00+00:00
[2024-05-18T20:06:16.907+0000] {processor.py:183} INFO - Processing /home/airflow/.local/lib/python3.12/site-packages/airflow/example_dags/example_setup_teardown.py took 0.071 seconds
[2024-05-18T20:06:47.024+0000] {processor.py:161} INFO - Started process (PID=795) to work on /home/airflow/.local/lib/python3.12/site-packages/airflow/example_dags/example_setup_teardown.py
[2024-05-18T20:06:47.026+0000] {processor.py:830} INFO - Processing file /home/airflow/.local/lib/python3.12/site-packages/airflow/example_dags/example_setup_teardown.py for tasks to queue
[2024-05-18T20:06:47.028+0000] {logging_mixin.py:188} INFO - [2024-05-18T20:06:47.027+0000] {dagbag.py:545} INFO - Filling up the DagBag from /home/airflow/.local/lib/python3.12/site-packages/airflow/example_dags/example_setup_teardown.py
[2024-05-18T20:06:47.035+0000] {processor.py:840} INFO - DAG(s) 'example_setup_teardown' retrieved from /home/airflow/.local/lib/python3.12/site-packages/airflow/example_dags/example_setup_teardown.py
[2024-05-18T20:06:47.055+0000] {logging_mixin.py:188} INFO - [2024-05-18T20:06:47.055+0000] {dag.py:3096} INFO - Sync 1 DAGs
[2024-05-18T20:06:47.075+0000] {logging_mixin.py:188} INFO - [2024-05-18T20:06:47.075+0000] {dag.py:3954} INFO - Setting next_dagrun for example_setup_teardown to 2024-05-17 00:00:00+00:00, run_after=2024-05-18 00:00:00+00:00
[2024-05-18T20:06:47.096+0000] {processor.py:183} INFO - Processing /home/airflow/.local/lib/python3.12/site-packages/airflow/example_dags/example_setup_teardown.py took 0.077 seconds
[2024-05-18T20:07:17.385+0000] {processor.py:161} INFO - Started process (PID=853) to work on /home/airflow/.local/lib/python3.12/site-packages/airflow/example_dags/example_setup_teardown.py
[2024-05-18T20:07:17.386+0000] {processor.py:830} INFO - Processing file /home/airflow/.local/lib/python3.12/site-packages/airflow/example_dags/example_setup_teardown.py for tasks to queue
[2024-05-18T20:07:17.387+0000] {logging_mixin.py:188} INFO - [2024-05-18T20:07:17.387+0000] {dagbag.py:545} INFO - Filling up the DagBag from /home/airflow/.local/lib/python3.12/site-packages/airflow/example_dags/example_setup_teardown.py
[2024-05-18T20:07:17.394+0000] {processor.py:840} INFO - DAG(s) 'example_setup_teardown' retrieved from /home/airflow/.local/lib/python3.12/site-packages/airflow/example_dags/example_setup_teardown.py
[2024-05-18T20:07:17.413+0000] {logging_mixin.py:188} INFO - [2024-05-18T20:07:17.413+0000] {dag.py:3096} INFO - Sync 1 DAGs
[2024-05-18T20:07:17.433+0000] {logging_mixin.py:188} INFO - [2024-05-18T20:07:17.433+0000] {dag.py:3954} INFO - Setting next_dagrun for example_setup_teardown to 2024-05-17 00:00:00+00:00, run_after=2024-05-18 00:00:00+00:00
[2024-05-18T20:07:17.453+0000] {processor.py:183} INFO - Processing /home/airflow/.local/lib/python3.12/site-packages/airflow/example_dags/example_setup_teardown.py took 0.074 seconds
[2024-05-18T20:07:47.510+0000] {processor.py:161} INFO - Started process (PID=911) to work on /home/airflow/.local/lib/python3.12/site-packages/airflow/example_dags/example_setup_teardown.py
[2024-05-18T20:07:47.511+0000] {processor.py:830} INFO - Processing file /home/airflow/.local/lib/python3.12/site-packages/airflow/example_dags/example_setup_teardown.py for tasks to queue
[2024-05-18T20:07:47.513+0000] {logging_mixin.py:188} INFO - [2024-05-18T20:07:47.513+0000] {dagbag.py:545} INFO - Filling up the DagBag from /home/airflow/.local/lib/python3.12/site-packages/airflow/example_dags/example_setup_teardown.py
[2024-05-18T20:07:47.520+0000] {processor.py:840} INFO - DAG(s) 'example_setup_teardown' retrieved from /home/airflow/.local/lib/python3.12/site-packages/airflow/example_dags/example_setup_teardown.py
[2024-05-18T20:07:47.539+0000] {logging_mixin.py:188} INFO - [2024-05-18T20:07:47.539+0000] {dag.py:3096} INFO - Sync 1 DAGs
[2024-05-18T20:07:47.562+0000] {logging_mixin.py:188} INFO - [2024-05-18T20:07:47.561+0000] {dag.py:3954} INFO - Setting next_dagrun for example_setup_teardown to 2024-05-17 00:00:00+00:00, run_after=2024-05-18 00:00:00+00:00
[2024-05-18T20:07:47.583+0000] {processor.py:183} INFO - Processing /home/airflow/.local/lib/python3.12/site-packages/airflow/example_dags/example_setup_teardown.py took 0.078 seconds
[2024-05-18T20:08:18.156+0000] {processor.py:161} INFO - Started process (PID=970) to work on /home/airflow/.local/lib/python3.12/site-packages/airflow/example_dags/example_setup_teardown.py
[2024-05-18T20:08:18.157+0000] {processor.py:830} INFO - Processing file /home/airflow/.local/lib/python3.12/site-packages/airflow/example_dags/example_setup_teardown.py for tasks to queue
[2024-05-18T20:08:18.159+0000] {logging_mixin.py:188} INFO - [2024-05-18T20:08:18.158+0000] {dagbag.py:545} INFO - Filling up the DagBag from /home/airflow/.local/lib/python3.12/site-packages/airflow/example_dags/example_setup_teardown.py
[2024-05-18T20:08:18.165+0000] {processor.py:840} INFO - DAG(s) 'example_setup_teardown' retrieved from /home/airflow/.local/lib/python3.12/site-packages/airflow/example_dags/example_setup_teardown.py
[2024-05-18T20:08:18.185+0000] {logging_mixin.py:188} INFO - [2024-05-18T20:08:18.185+0000] {dag.py:3096} INFO - Sync 1 DAGs
[2024-05-18T20:08:18.206+0000] {logging_mixin.py:188} INFO - [2024-05-18T20:08:18.206+0000] {dag.py:3954} INFO - Setting next_dagrun for example_setup_teardown to 2024-05-17 00:00:00+00:00, run_after=2024-05-18 00:00:00+00:00
[2024-05-18T20:08:18.229+0000] {processor.py:183} INFO - Processing /home/airflow/.local/lib/python3.12/site-packages/airflow/example_dags/example_setup_teardown.py took 0.078 seconds
[2024-05-18T20:08:48.433+0000] {processor.py:161} INFO - Started process (PID=1028) to work on /home/airflow/.local/lib/python3.12/site-packages/airflow/example_dags/example_setup_teardown.py
[2024-05-18T20:08:48.434+0000] {processor.py:830} INFO - Processing file /home/airflow/.local/lib/python3.12/site-packages/airflow/example_dags/example_setup_teardown.py for tasks to queue
[2024-05-18T20:08:48.436+0000] {logging_mixin.py:188} INFO - [2024-05-18T20:08:48.436+0000] {dagbag.py:545} INFO - Filling up the DagBag from /home/airflow/.local/lib/python3.12/site-packages/airflow/example_dags/example_setup_teardown.py
[2024-05-18T20:08:48.442+0000] {processor.py:840} INFO - DAG(s) 'example_setup_teardown' retrieved from /home/airflow/.local/lib/python3.12/site-packages/airflow/example_dags/example_setup_teardown.py
[2024-05-18T20:08:48.462+0000] {logging_mixin.py:188} INFO - [2024-05-18T20:08:48.462+0000] {dag.py:3096} INFO - Sync 1 DAGs
[2024-05-18T20:08:48.483+0000] {logging_mixin.py:188} INFO - [2024-05-18T20:08:48.483+0000] {dag.py:3954} INFO - Setting next_dagrun for example_setup_teardown to 2024-05-17 00:00:00+00:00, run_after=2024-05-18 00:00:00+00:00
[2024-05-18T20:08:48.503+0000] {processor.py:183} INFO - Processing /home/airflow/.local/lib/python3.12/site-packages/airflow/example_dags/example_setup_teardown.py took 0.075 seconds
[2024-05-18T20:09:18.940+0000] {processor.py:161} INFO - Started process (PID=1086) to work on /home/airflow/.local/lib/python3.12/site-packages/airflow/example_dags/example_setup_teardown.py
[2024-05-18T20:09:18.941+0000] {processor.py:830} INFO - Processing file /home/airflow/.local/lib/python3.12/site-packages/airflow/example_dags/example_setup_teardown.py for tasks to queue
[2024-05-18T20:09:18.945+0000] {logging_mixin.py:188} INFO - [2024-05-18T20:09:18.944+0000] {dagbag.py:545} INFO - Filling up the DagBag from /home/airflow/.local/lib/python3.12/site-packages/airflow/example_dags/example_setup_teardown.py
[2024-05-18T20:09:18.952+0000] {processor.py:840} INFO - DAG(s) 'example_setup_teardown' retrieved from /home/airflow/.local/lib/python3.12/site-packages/airflow/example_dags/example_setup_teardown.py
[2024-05-18T20:09:18.972+0000] {logging_mixin.py:188} INFO - [2024-05-18T20:09:18.971+0000] {dag.py:3096} INFO - Sync 1 DAGs
[2024-05-18T20:09:18.992+0000] {logging_mixin.py:188} INFO - [2024-05-18T20:09:18.992+0000] {dag.py:3954} INFO - Setting next_dagrun for example_setup_teardown to 2024-05-17 00:00:00+00:00, run_after=2024-05-18 00:00:00+00:00
[2024-05-18T20:09:19.015+0000] {processor.py:183} INFO - Processing /home/airflow/.local/lib/python3.12/site-packages/airflow/example_dags/example_setup_teardown.py took 0.081 seconds
[2024-05-18T20:09:49.363+0000] {processor.py:161} INFO - Started process (PID=1144) to work on /home/airflow/.local/lib/python3.12/site-packages/airflow/example_dags/example_setup_teardown.py
[2024-05-18T20:09:49.364+0000] {processor.py:830} INFO - Processing file /home/airflow/.local/lib/python3.12/site-packages/airflow/example_dags/example_setup_teardown.py for tasks to queue
[2024-05-18T20:09:49.366+0000] {logging_mixin.py:188} INFO - [2024-05-18T20:09:49.365+0000] {dagbag.py:545} INFO - Filling up the DagBag from /home/airflow/.local/lib/python3.12/site-packages/airflow/example_dags/example_setup_teardown.py
[2024-05-18T20:09:49.372+0000] {processor.py:840} INFO - DAG(s) 'example_setup_teardown' retrieved from /home/airflow/.local/lib/python3.12/site-packages/airflow/example_dags/example_setup_teardown.py
[2024-05-18T20:09:49.393+0000] {logging_mixin.py:188} INFO - [2024-05-18T20:09:49.393+0000] {dag.py:3096} INFO - Sync 1 DAGs
[2024-05-18T20:09:49.414+0000] {logging_mixin.py:188} INFO - [2024-05-18T20:09:49.414+0000] {dag.py:3954} INFO - Setting next_dagrun for example_setup_teardown to 2024-05-17 00:00:00+00:00, run_after=2024-05-18 00:00:00+00:00
[2024-05-18T20:09:49.435+0000] {processor.py:183} INFO - Processing /home/airflow/.local/lib/python3.12/site-packages/airflow/example_dags/example_setup_teardown.py took 0.078 seconds
[2024-05-18T20:10:20.090+0000] {processor.py:161} INFO - Started process (PID=1202) to work on /home/airflow/.local/lib/python3.12/site-packages/airflow/example_dags/example_setup_teardown.py
[2024-05-18T20:10:20.091+0000] {processor.py:830} INFO - Processing file /home/airflow/.local/lib/python3.12/site-packages/airflow/example_dags/example_setup_teardown.py for tasks to queue
[2024-05-18T20:10:20.093+0000] {logging_mixin.py:188} INFO - [2024-05-18T20:10:20.092+0000] {dagbag.py:545} INFO - Filling up the DagBag from /home/airflow/.local/lib/python3.12/site-packages/airflow/example_dags/example_setup_teardown.py
[2024-05-18T20:10:20.099+0000] {processor.py:840} INFO - DAG(s) 'example_setup_teardown' retrieved from /home/airflow/.local/lib/python3.12/site-packages/airflow/example_dags/example_setup_teardown.py
[2024-05-18T20:10:20.119+0000] {logging_mixin.py:188} INFO - [2024-05-18T20:10:20.118+0000] {dag.py:3096} INFO - Sync 1 DAGs
[2024-05-18T20:10:20.139+0000] {logging_mixin.py:188} INFO - [2024-05-18T20:10:20.139+0000] {dag.py:3954} INFO - Setting next_dagrun for example_setup_teardown to 2024-05-17 00:00:00+00:00, run_after=2024-05-18 00:00:00+00:00
[2024-05-18T20:10:20.159+0000] {processor.py:183} INFO - Processing /home/airflow/.local/lib/python3.12/site-packages/airflow/example_dags/example_setup_teardown.py took 0.075 seconds
[2024-05-18T20:10:50.272+0000] {processor.py:161} INFO - Started process (PID=1261) to work on /home/airflow/.local/lib/python3.12/site-packages/airflow/example_dags/example_setup_teardown.py
[2024-05-18T20:10:50.273+0000] {processor.py:830} INFO - Processing file /home/airflow/.local/lib/python3.12/site-packages/airflow/example_dags/example_setup_teardown.py for tasks to queue
[2024-05-18T20:10:50.275+0000] {logging_mixin.py:188} INFO - [2024-05-18T20:10:50.274+0000] {dagbag.py:545} INFO - Filling up the DagBag from /home/airflow/.local/lib/python3.12/site-packages/airflow/example_dags/example_setup_teardown.py
[2024-05-18T20:10:50.282+0000] {processor.py:840} INFO - DAG(s) 'example_setup_teardown' retrieved from /home/airflow/.local/lib/python3.12/site-packages/airflow/example_dags/example_setup_teardown.py
[2024-05-18T20:10:50.301+0000] {logging_mixin.py:188} INFO - [2024-05-18T20:10:50.300+0000] {dag.py:3096} INFO - Sync 1 DAGs
[2024-05-18T20:10:50.320+0000] {logging_mixin.py:188} INFO - [2024-05-18T20:10:50.320+0000] {dag.py:3954} INFO - Setting next_dagrun for example_setup_teardown to 2024-05-17 00:00:00+00:00, run_after=2024-05-18 00:00:00+00:00
[2024-05-18T20:10:50.340+0000] {processor.py:183} INFO - Processing /home/airflow/.local/lib/python3.12/site-packages/airflow/example_dags/example_setup_teardown.py took 0.074 seconds
[2024-05-18T20:11:20.876+0000] {processor.py:161} INFO - Started process (PID=1319) to work on /home/airflow/.local/lib/python3.12/site-packages/airflow/example_dags/example_setup_teardown.py
[2024-05-18T20:11:20.877+0000] {processor.py:830} INFO - Processing file /home/airflow/.local/lib/python3.12/site-packages/airflow/example_dags/example_setup_teardown.py for tasks to queue
[2024-05-18T20:11:20.879+0000] {logging_mixin.py:188} INFO - [2024-05-18T20:11:20.878+0000] {dagbag.py:545} INFO - Filling up the DagBag from /home/airflow/.local/lib/python3.12/site-packages/airflow/example_dags/example_setup_teardown.py
[2024-05-18T20:11:20.885+0000] {processor.py:840} INFO - DAG(s) 'example_setup_teardown' retrieved from /home/airflow/.local/lib/python3.12/site-packages/airflow/example_dags/example_setup_teardown.py
[2024-05-18T20:11:20.905+0000] {logging_mixin.py:188} INFO - [2024-05-18T20:11:20.904+0000] {dag.py:3096} INFO - Sync 1 DAGs
[2024-05-18T20:11:20.925+0000] {logging_mixin.py:188} INFO - [2024-05-18T20:11:20.924+0000] {dag.py:3954} INFO - Setting next_dagrun for example_setup_teardown to 2024-05-17 00:00:00+00:00, run_after=2024-05-18 00:00:00+00:00
[2024-05-18T20:11:20.944+0000] {processor.py:183} INFO - Processing /home/airflow/.local/lib/python3.12/site-packages/airflow/example_dags/example_setup_teardown.py took 0.074 seconds
[2024-05-18T20:11:51.317+0000] {processor.py:161} INFO - Started process (PID=1377) to work on /home/airflow/.local/lib/python3.12/site-packages/airflow/example_dags/example_setup_teardown.py
[2024-05-18T20:11:51.318+0000] {processor.py:830} INFO - Processing file /home/airflow/.local/lib/python3.12/site-packages/airflow/example_dags/example_setup_teardown.py for tasks to queue
[2024-05-18T20:11:51.320+0000] {logging_mixin.py:188} INFO - [2024-05-18T20:11:51.320+0000] {dagbag.py:545} INFO - Filling up the DagBag from /home/airflow/.local/lib/python3.12/site-packages/airflow/example_dags/example_setup_teardown.py
[2024-05-18T20:11:51.327+0000] {processor.py:840} INFO - DAG(s) 'example_setup_teardown' retrieved from /home/airflow/.local/lib/python3.12/site-packages/airflow/example_dags/example_setup_teardown.py
[2024-05-18T20:11:51.348+0000] {logging_mixin.py:188} INFO - [2024-05-18T20:11:51.348+0000] {dag.py:3096} INFO - Sync 1 DAGs
[2024-05-18T20:11:51.369+0000] {logging_mixin.py:188} INFO - [2024-05-18T20:11:51.369+0000] {dag.py:3954} INFO - Setting next_dagrun for example_setup_teardown to 2024-05-17 00:00:00+00:00, run_after=2024-05-18 00:00:00+00:00
[2024-05-18T20:11:51.392+0000] {processor.py:183} INFO - Processing /home/airflow/.local/lib/python3.12/site-packages/airflow/example_dags/example_setup_teardown.py took 0.080 seconds
[2024-05-18T20:12:21.594+0000] {processor.py:161} INFO - Started process (PID=1435) to work on /home/airflow/.local/lib/python3.12/site-packages/airflow/example_dags/example_setup_teardown.py
[2024-05-18T20:12:21.595+0000] {processor.py:830} INFO - Processing file /home/airflow/.local/lib/python3.12/site-packages/airflow/example_dags/example_setup_teardown.py for tasks to queue
[2024-05-18T20:12:21.596+0000] {logging_mixin.py:188} INFO - [2024-05-18T20:12:21.596+0000] {dagbag.py:545} INFO - Filling up the DagBag from /home/airflow/.local/lib/python3.12/site-packages/airflow/example_dags/example_setup_teardown.py
[2024-05-18T20:12:21.603+0000] {processor.py:840} INFO - DAG(s) 'example_setup_teardown' retrieved from /home/airflow/.local/lib/python3.12/site-packages/airflow/example_dags/example_setup_teardown.py
[2024-05-18T20:12:21.622+0000] {logging_mixin.py:188} INFO - [2024-05-18T20:12:21.622+0000] {dag.py:3096} INFO - Sync 1 DAGs
[2024-05-18T20:12:21.646+0000] {logging_mixin.py:188} INFO - [2024-05-18T20:12:21.646+0000] {dag.py:3954} INFO - Setting next_dagrun for example_setup_teardown to 2024-05-17 00:00:00+00:00, run_after=2024-05-18 00:00:00+00:00
[2024-05-18T20:12:21.667+0000] {processor.py:183} INFO - Processing /home/airflow/.local/lib/python3.12/site-packages/airflow/example_dags/example_setup_teardown.py took 0.079 seconds
[2024-05-18T20:12:51.769+0000] {processor.py:161} INFO - Started process (PID=1493) to work on /home/airflow/.local/lib/python3.12/site-packages/airflow/example_dags/example_setup_teardown.py
[2024-05-18T20:12:51.770+0000] {processor.py:830} INFO - Processing file /home/airflow/.local/lib/python3.12/site-packages/airflow/example_dags/example_setup_teardown.py for tasks to queue
[2024-05-18T20:12:51.772+0000] {logging_mixin.py:188} INFO - [2024-05-18T20:12:51.771+0000] {dagbag.py:545} INFO - Filling up the DagBag from /home/airflow/.local/lib/python3.12/site-packages/airflow/example_dags/example_setup_teardown.py
[2024-05-18T20:12:51.778+0000] {processor.py:840} INFO - DAG(s) 'example_setup_teardown' retrieved from /home/airflow/.local/lib/python3.12/site-packages/airflow/example_dags/example_setup_teardown.py
[2024-05-18T20:12:51.797+0000] {logging_mixin.py:188} INFO - [2024-05-18T20:12:51.797+0000] {dag.py:3096} INFO - Sync 1 DAGs
[2024-05-18T20:12:51.818+0000] {logging_mixin.py:188} INFO - [2024-05-18T20:12:51.817+0000] {dag.py:3954} INFO - Setting next_dagrun for example_setup_teardown to 2024-05-17 00:00:00+00:00, run_after=2024-05-18 00:00:00+00:00
[2024-05-18T20:12:51.838+0000] {processor.py:183} INFO - Processing /home/airflow/.local/lib/python3.12/site-packages/airflow/example_dags/example_setup_teardown.py took 0.075 seconds
[2024-05-18T20:13:22.705+0000] {processor.py:161} INFO - Started process (PID=1551) to work on /home/airflow/.local/lib/python3.12/site-packages/airflow/example_dags/example_setup_teardown.py
[2024-05-18T20:13:22.706+0000] {processor.py:830} INFO - Processing file /home/airflow/.local/lib/python3.12/site-packages/airflow/example_dags/example_setup_teardown.py for tasks to queue
[2024-05-18T20:13:22.708+0000] {logging_mixin.py:188} INFO - [2024-05-18T20:13:22.708+0000] {dagbag.py:545} INFO - Filling up the DagBag from /home/airflow/.local/lib/python3.12/site-packages/airflow/example_dags/example_setup_teardown.py
[2024-05-18T20:13:22.848+0000] {processor.py:840} INFO - DAG(s) 'example_setup_teardown' retrieved from /home/airflow/.local/lib/python3.12/site-packages/airflow/example_dags/example_setup_teardown.py
[2024-05-18T20:13:22.864+0000] {logging_mixin.py:188} INFO - [2024-05-18T20:13:22.864+0000] {dag.py:3096} INFO - Sync 1 DAGs
[2024-05-18T20:13:22.882+0000] {logging_mixin.py:188} INFO - [2024-05-18T20:13:22.882+0000] {dag.py:3954} INFO - Setting next_dagrun for example_setup_teardown to 2024-05-17 00:00:00+00:00, run_after=2024-05-18 00:00:00+00:00
[2024-05-18T20:13:22.901+0000] {processor.py:183} INFO - Processing /home/airflow/.local/lib/python3.12/site-packages/airflow/example_dags/example_setup_teardown.py took 0.202 seconds
[2024-05-18T20:13:53.569+0000] {processor.py:161} INFO - Started process (PID=1609) to work on /home/airflow/.local/lib/python3.12/site-packages/airflow/example_dags/example_setup_teardown.py
[2024-05-18T20:13:53.570+0000] {processor.py:830} INFO - Processing file /home/airflow/.local/lib/python3.12/site-packages/airflow/example_dags/example_setup_teardown.py for tasks to queue
[2024-05-18T20:13:53.572+0000] {logging_mixin.py:188} INFO - [2024-05-18T20:13:53.572+0000] {dagbag.py:545} INFO - Filling up the DagBag from /home/airflow/.local/lib/python3.12/site-packages/airflow/example_dags/example_setup_teardown.py
[2024-05-18T20:13:53.579+0000] {processor.py:840} INFO - DAG(s) 'example_setup_teardown' retrieved from /home/airflow/.local/lib/python3.12/site-packages/airflow/example_dags/example_setup_teardown.py
[2024-05-18T20:13:53.599+0000] {logging_mixin.py:188} INFO - [2024-05-18T20:13:53.598+0000] {dag.py:3096} INFO - Sync 1 DAGs
[2024-05-18T20:13:53.619+0000] {logging_mixin.py:188} INFO - [2024-05-18T20:13:53.619+0000] {dag.py:3954} INFO - Setting next_dagrun for example_setup_teardown to 2024-05-17 00:00:00+00:00, run_after=2024-05-18 00:00:00+00:00
[2024-05-18T20:13:53.642+0000] {processor.py:183} INFO - Processing /home/airflow/.local/lib/python3.12/site-packages/airflow/example_dags/example_setup_teardown.py took 0.078 seconds
[2024-05-18T20:14:23.726+0000] {processor.py:161} INFO - Started process (PID=1667) to work on /home/airflow/.local/lib/python3.12/site-packages/airflow/example_dags/example_setup_teardown.py
[2024-05-18T20:14:23.727+0000] {processor.py:830} INFO - Processing file /home/airflow/.local/lib/python3.12/site-packages/airflow/example_dags/example_setup_teardown.py for tasks to queue
[2024-05-18T20:14:23.729+0000] {logging_mixin.py:188} INFO - [2024-05-18T20:14:23.729+0000] {dagbag.py:545} INFO - Filling up the DagBag from /home/airflow/.local/lib/python3.12/site-packages/airflow/example_dags/example_setup_teardown.py
[2024-05-18T20:14:23.736+0000] {processor.py:840} INFO - DAG(s) 'example_setup_teardown' retrieved from /home/airflow/.local/lib/python3.12/site-packages/airflow/example_dags/example_setup_teardown.py
[2024-05-18T20:14:23.758+0000] {logging_mixin.py:188} INFO - [2024-05-18T20:14:23.757+0000] {dag.py:3096} INFO - Sync 1 DAGs
[2024-05-18T20:14:23.783+0000] {logging_mixin.py:188} INFO - [2024-05-18T20:14:23.783+0000] {dag.py:3954} INFO - Setting next_dagrun for example_setup_teardown to 2024-05-17 00:00:00+00:00, run_after=2024-05-18 00:00:00+00:00
[2024-05-18T20:14:23.808+0000] {processor.py:183} INFO - Processing /home/airflow/.local/lib/python3.12/site-packages/airflow/example_dags/example_setup_teardown.py took 0.088 seconds
