[2024-05-18T19:41:46.944+0000] {processor.py:161} INFO - Started process (PID=38) to work on /home/airflow/.local/lib/python3.12/site-packages/airflow/example_dags/example_latest_only.py
[2024-05-18T19:41:46.945+0000] {processor.py:830} INFO - Processing file /home/airflow/.local/lib/python3.12/site-packages/airflow/example_dags/example_latest_only.py for tasks to queue
[2024-05-18T19:41:46.948+0000] {logging_mixin.py:188} INFO - [2024-05-18T19:41:46.948+0000] {dagbag.py:545} INFO - Filling up the DagBag from /home/airflow/.local/lib/python3.12/site-packages/airflow/example_dags/example_latest_only.py
[2024-05-18T19:41:46.960+0000] {processor.py:840} INFO - DAG(s) 'latest_only' retrieved from /home/airflow/.local/lib/python3.12/site-packages/airflow/example_dags/example_latest_only.py
[2024-05-18T19:41:47.133+0000] {logging_mixin.py:188} INFO - [2024-05-18T19:41:47.132+0000] {override.py:1829} INFO - Created Permission View: can read on DAG:latest_only
[2024-05-18T19:41:47.147+0000] {logging_mixin.py:188} INFO - [2024-05-18T19:41:47.147+0000] {override.py:1829} INFO - Created Permission View: can delete on DAG:latest_only
[2024-05-18T19:41:47.156+0000] {logging_mixin.py:188} INFO - [2024-05-18T19:41:47.156+0000] {override.py:1829} INFO - Created Permission View: can edit on DAG:latest_only
[2024-05-18T19:41:47.157+0000] {logging_mixin.py:188} INFO - [2024-05-18T19:41:47.157+0000] {dag.py:3096} INFO - Sync 1 DAGs
[2024-05-18T19:41:47.172+0000] {logging_mixin.py:188} INFO - [2024-05-18T19:41:47.171+0000] {dag.py:3118} INFO - Creating ORM DAG for latest_only
[2024-05-18T19:41:47.189+0000] {logging_mixin.py:188} INFO - [2024-05-18T19:41:47.189+0000] {dag.py:3954} INFO - Setting next_dagrun for latest_only to 2024-05-18 12:00:00+00:00, run_after=2024-05-18 16:00:00+00:00
[2024-05-18T19:41:47.223+0000] {processor.py:183} INFO - Processing /home/airflow/.local/lib/python3.12/site-packages/airflow/example_dags/example_latest_only.py took 0.288 seconds
[2024-05-18T19:42:17.494+0000] {processor.py:161} INFO - Started process (PID=95) to work on /home/airflow/.local/lib/python3.12/site-packages/airflow/example_dags/example_latest_only.py
[2024-05-18T19:42:17.495+0000] {processor.py:830} INFO - Processing file /home/airflow/.local/lib/python3.12/site-packages/airflow/example_dags/example_latest_only.py for tasks to queue
[2024-05-18T19:42:17.497+0000] {logging_mixin.py:188} INFO - [2024-05-18T19:42:17.497+0000] {dagbag.py:545} INFO - Filling up the DagBag from /home/airflow/.local/lib/python3.12/site-packages/airflow/example_dags/example_latest_only.py
[2024-05-18T19:42:17.501+0000] {processor.py:840} INFO - DAG(s) 'latest_only' retrieved from /home/airflow/.local/lib/python3.12/site-packages/airflow/example_dags/example_latest_only.py
[2024-05-18T19:42:17.521+0000] {logging_mixin.py:188} INFO - [2024-05-18T19:42:17.521+0000] {dag.py:3096} INFO - Sync 1 DAGs
[2024-05-18T19:42:17.543+0000] {logging_mixin.py:188} INFO - [2024-05-18T19:42:17.543+0000] {dag.py:3954} INFO - Setting next_dagrun for latest_only to 2024-05-18 12:00:00+00:00, run_after=2024-05-18 16:00:00+00:00
[2024-05-18T19:42:17.569+0000] {processor.py:183} INFO - Processing /home/airflow/.local/lib/python3.12/site-packages/airflow/example_dags/example_latest_only.py took 0.081 seconds
[2024-05-18T19:42:47.683+0000] {processor.py:161} INFO - Started process (PID=152) to work on /home/airflow/.local/lib/python3.12/site-packages/airflow/example_dags/example_latest_only.py
[2024-05-18T19:42:47.684+0000] {processor.py:830} INFO - Processing file /home/airflow/.local/lib/python3.12/site-packages/airflow/example_dags/example_latest_only.py for tasks to queue
[2024-05-18T19:42:47.686+0000] {logging_mixin.py:188} INFO - [2024-05-18T19:42:47.686+0000] {dagbag.py:545} INFO - Filling up the DagBag from /home/airflow/.local/lib/python3.12/site-packages/airflow/example_dags/example_latest_only.py
[2024-05-18T19:42:47.691+0000] {processor.py:840} INFO - DAG(s) 'latest_only' retrieved from /home/airflow/.local/lib/python3.12/site-packages/airflow/example_dags/example_latest_only.py
[2024-05-18T19:42:47.712+0000] {logging_mixin.py:188} INFO - [2024-05-18T19:42:47.711+0000] {dag.py:3096} INFO - Sync 1 DAGs
[2024-05-18T19:42:47.732+0000] {logging_mixin.py:188} INFO - [2024-05-18T19:42:47.732+0000] {dag.py:3954} INFO - Setting next_dagrun for latest_only to 2024-05-18 12:00:00+00:00, run_after=2024-05-18 16:00:00+00:00
[2024-05-18T19:42:47.757+0000] {processor.py:183} INFO - Processing /home/airflow/.local/lib/python3.12/site-packages/airflow/example_dags/example_latest_only.py took 0.080 seconds
[2024-05-18T19:43:18.028+0000] {processor.py:161} INFO - Started process (PID=210) to work on /home/airflow/.local/lib/python3.12/site-packages/airflow/example_dags/example_latest_only.py
[2024-05-18T19:43:18.029+0000] {processor.py:830} INFO - Processing file /home/airflow/.local/lib/python3.12/site-packages/airflow/example_dags/example_latest_only.py for tasks to queue
[2024-05-18T19:43:18.030+0000] {logging_mixin.py:188} INFO - [2024-05-18T19:43:18.030+0000] {dagbag.py:545} INFO - Filling up the DagBag from /home/airflow/.local/lib/python3.12/site-packages/airflow/example_dags/example_latest_only.py
[2024-05-18T19:43:18.035+0000] {processor.py:840} INFO - DAG(s) 'latest_only' retrieved from /home/airflow/.local/lib/python3.12/site-packages/airflow/example_dags/example_latest_only.py
[2024-05-18T19:43:18.053+0000] {logging_mixin.py:188} INFO - [2024-05-18T19:43:18.053+0000] {dag.py:3096} INFO - Sync 1 DAGs
[2024-05-18T19:43:18.073+0000] {logging_mixin.py:188} INFO - [2024-05-18T19:43:18.073+0000] {dag.py:3954} INFO - Setting next_dagrun for latest_only to 2024-05-18 12:00:00+00:00, run_after=2024-05-18 16:00:00+00:00
[2024-05-18T19:43:18.099+0000] {processor.py:183} INFO - Processing /home/airflow/.local/lib/python3.12/site-packages/airflow/example_dags/example_latest_only.py took 0.077 seconds
[2024-05-18T19:43:48.174+0000] {processor.py:161} INFO - Started process (PID=268) to work on /home/airflow/.local/lib/python3.12/site-packages/airflow/example_dags/example_latest_only.py
[2024-05-18T19:43:48.175+0000] {processor.py:830} INFO - Processing file /home/airflow/.local/lib/python3.12/site-packages/airflow/example_dags/example_latest_only.py for tasks to queue
[2024-05-18T19:43:48.177+0000] {logging_mixin.py:188} INFO - [2024-05-18T19:43:48.177+0000] {dagbag.py:545} INFO - Filling up the DagBag from /home/airflow/.local/lib/python3.12/site-packages/airflow/example_dags/example_latest_only.py
[2024-05-18T19:43:48.182+0000] {processor.py:840} INFO - DAG(s) 'latest_only' retrieved from /home/airflow/.local/lib/python3.12/site-packages/airflow/example_dags/example_latest_only.py
[2024-05-18T19:43:48.201+0000] {logging_mixin.py:188} INFO - [2024-05-18T19:43:48.200+0000] {dag.py:3096} INFO - Sync 1 DAGs
[2024-05-18T19:43:48.221+0000] {logging_mixin.py:188} INFO - [2024-05-18T19:43:48.221+0000] {dag.py:3954} INFO - Setting next_dagrun for latest_only to 2024-05-18 12:00:00+00:00, run_after=2024-05-18 16:00:00+00:00
[2024-05-18T19:43:48.243+0000] {processor.py:183} INFO - Processing /home/airflow/.local/lib/python3.12/site-packages/airflow/example_dags/example_latest_only.py took 0.075 seconds
[2024-05-18T19:44:18.491+0000] {processor.py:161} INFO - Started process (PID=326) to work on /home/airflow/.local/lib/python3.12/site-packages/airflow/example_dags/example_latest_only.py
[2024-05-18T19:44:18.492+0000] {processor.py:830} INFO - Processing file /home/airflow/.local/lib/python3.12/site-packages/airflow/example_dags/example_latest_only.py for tasks to queue
[2024-05-18T19:44:18.494+0000] {logging_mixin.py:188} INFO - [2024-05-18T19:44:18.493+0000] {dagbag.py:545} INFO - Filling up the DagBag from /home/airflow/.local/lib/python3.12/site-packages/airflow/example_dags/example_latest_only.py
[2024-05-18T19:44:18.498+0000] {processor.py:840} INFO - DAG(s) 'latest_only' retrieved from /home/airflow/.local/lib/python3.12/site-packages/airflow/example_dags/example_latest_only.py
[2024-05-18T19:44:18.519+0000] {logging_mixin.py:188} INFO - [2024-05-18T19:44:18.518+0000] {dag.py:3096} INFO - Sync 1 DAGs
[2024-05-18T19:44:18.542+0000] {logging_mixin.py:188} INFO - [2024-05-18T19:44:18.542+0000] {dag.py:3954} INFO - Setting next_dagrun for latest_only to 2024-05-18 12:00:00+00:00, run_after=2024-05-18 16:00:00+00:00
[2024-05-18T19:44:18.565+0000] {processor.py:183} INFO - Processing /home/airflow/.local/lib/python3.12/site-packages/airflow/example_dags/example_latest_only.py took 0.079 seconds
[2024-05-18T19:44:48.897+0000] {processor.py:161} INFO - Started process (PID=384) to work on /home/airflow/.local/lib/python3.12/site-packages/airflow/example_dags/example_latest_only.py
[2024-05-18T19:44:48.898+0000] {processor.py:830} INFO - Processing file /home/airflow/.local/lib/python3.12/site-packages/airflow/example_dags/example_latest_only.py for tasks to queue
[2024-05-18T19:44:48.900+0000] {logging_mixin.py:188} INFO - [2024-05-18T19:44:48.900+0000] {dagbag.py:545} INFO - Filling up the DagBag from /home/airflow/.local/lib/python3.12/site-packages/airflow/example_dags/example_latest_only.py
[2024-05-18T19:44:48.904+0000] {processor.py:840} INFO - DAG(s) 'latest_only' retrieved from /home/airflow/.local/lib/python3.12/site-packages/airflow/example_dags/example_latest_only.py
[2024-05-18T19:44:48.924+0000] {logging_mixin.py:188} INFO - [2024-05-18T19:44:48.923+0000] {dag.py:3096} INFO - Sync 1 DAGs
[2024-05-18T19:44:48.943+0000] {logging_mixin.py:188} INFO - [2024-05-18T19:44:48.943+0000] {dag.py:3954} INFO - Setting next_dagrun for latest_only to 2024-05-18 12:00:00+00:00, run_after=2024-05-18 16:00:00+00:00
[2024-05-18T19:44:48.998+0000] {processor.py:183} INFO - Processing /home/airflow/.local/lib/python3.12/site-packages/airflow/example_dags/example_latest_only.py took 0.106 seconds
[2024-05-18T19:45:19.241+0000] {processor.py:161} INFO - Started process (PID=442) to work on /home/airflow/.local/lib/python3.12/site-packages/airflow/example_dags/example_latest_only.py
[2024-05-18T19:45:19.242+0000] {processor.py:830} INFO - Processing file /home/airflow/.local/lib/python3.12/site-packages/airflow/example_dags/example_latest_only.py for tasks to queue
[2024-05-18T19:45:19.245+0000] {logging_mixin.py:188} INFO - [2024-05-18T19:45:19.244+0000] {dagbag.py:545} INFO - Filling up the DagBag from /home/airflow/.local/lib/python3.12/site-packages/airflow/example_dags/example_latest_only.py
[2024-05-18T19:45:19.249+0000] {processor.py:840} INFO - DAG(s) 'latest_only' retrieved from /home/airflow/.local/lib/python3.12/site-packages/airflow/example_dags/example_latest_only.py
[2024-05-18T19:45:19.269+0000] {logging_mixin.py:188} INFO - [2024-05-18T19:45:19.269+0000] {dag.py:3096} INFO - Sync 1 DAGs
[2024-05-18T19:45:19.291+0000] {logging_mixin.py:188} INFO - [2024-05-18T19:45:19.291+0000] {dag.py:3954} INFO - Setting next_dagrun for latest_only to 2024-05-18 12:00:00+00:00, run_after=2024-05-18 16:00:00+00:00
[2024-05-18T19:45:19.313+0000] {processor.py:183} INFO - Processing /home/airflow/.local/lib/python3.12/site-packages/airflow/example_dags/example_latest_only.py took 0.078 seconds
[2024-05-18T19:45:49.595+0000] {processor.py:161} INFO - Started process (PID=500) to work on /home/airflow/.local/lib/python3.12/site-packages/airflow/example_dags/example_latest_only.py
[2024-05-18T19:45:49.596+0000] {processor.py:830} INFO - Processing file /home/airflow/.local/lib/python3.12/site-packages/airflow/example_dags/example_latest_only.py for tasks to queue
[2024-05-18T19:45:49.598+0000] {logging_mixin.py:188} INFO - [2024-05-18T19:45:49.597+0000] {dagbag.py:545} INFO - Filling up the DagBag from /home/airflow/.local/lib/python3.12/site-packages/airflow/example_dags/example_latest_only.py
[2024-05-18T19:45:49.602+0000] {processor.py:840} INFO - DAG(s) 'latest_only' retrieved from /home/airflow/.local/lib/python3.12/site-packages/airflow/example_dags/example_latest_only.py
[2024-05-18T19:45:49.622+0000] {logging_mixin.py:188} INFO - [2024-05-18T19:45:49.622+0000] {dag.py:3096} INFO - Sync 1 DAGs
[2024-05-18T19:45:49.644+0000] {logging_mixin.py:188} INFO - [2024-05-18T19:45:49.644+0000] {dag.py:3954} INFO - Setting next_dagrun for latest_only to 2024-05-18 12:00:00+00:00, run_after=2024-05-18 16:00:00+00:00
[2024-05-18T19:45:49.666+0000] {processor.py:183} INFO - Processing /home/airflow/.local/lib/python3.12/site-packages/airflow/example_dags/example_latest_only.py took 0.077 seconds
[2024-05-18T19:46:19.904+0000] {processor.py:161} INFO - Started process (PID=558) to work on /home/airflow/.local/lib/python3.12/site-packages/airflow/example_dags/example_latest_only.py
[2024-05-18T19:46:19.905+0000] {processor.py:830} INFO - Processing file /home/airflow/.local/lib/python3.12/site-packages/airflow/example_dags/example_latest_only.py for tasks to queue
[2024-05-18T19:46:19.908+0000] {logging_mixin.py:188} INFO - [2024-05-18T19:46:19.907+0000] {dagbag.py:545} INFO - Filling up the DagBag from /home/airflow/.local/lib/python3.12/site-packages/airflow/example_dags/example_latest_only.py
[2024-05-18T19:46:19.912+0000] {processor.py:840} INFO - DAG(s) 'latest_only' retrieved from /home/airflow/.local/lib/python3.12/site-packages/airflow/example_dags/example_latest_only.py
[2024-05-18T19:46:19.931+0000] {logging_mixin.py:188} INFO - [2024-05-18T19:46:19.931+0000] {dag.py:3096} INFO - Sync 1 DAGs
[2024-05-18T19:46:19.953+0000] {logging_mixin.py:188} INFO - [2024-05-18T19:46:19.952+0000] {dag.py:3954} INFO - Setting next_dagrun for latest_only to 2024-05-18 12:00:00+00:00, run_after=2024-05-18 16:00:00+00:00
[2024-05-18T19:46:19.983+0000] {processor.py:183} INFO - Processing /home/airflow/.local/lib/python3.12/site-packages/airflow/example_dags/example_latest_only.py took 0.085 seconds
[2024-05-18T19:46:50.195+0000] {processor.py:161} INFO - Started process (PID=616) to work on /home/airflow/.local/lib/python3.12/site-packages/airflow/example_dags/example_latest_only.py
[2024-05-18T19:46:50.197+0000] {processor.py:830} INFO - Processing file /home/airflow/.local/lib/python3.12/site-packages/airflow/example_dags/example_latest_only.py for tasks to queue
[2024-05-18T19:46:50.199+0000] {logging_mixin.py:188} INFO - [2024-05-18T19:46:50.199+0000] {dagbag.py:545} INFO - Filling up the DagBag from /home/airflow/.local/lib/python3.12/site-packages/airflow/example_dags/example_latest_only.py
[2024-05-18T19:46:50.204+0000] {processor.py:840} INFO - DAG(s) 'latest_only' retrieved from /home/airflow/.local/lib/python3.12/site-packages/airflow/example_dags/example_latest_only.py
[2024-05-18T19:46:50.224+0000] {logging_mixin.py:188} INFO - [2024-05-18T19:46:50.224+0000] {dag.py:3096} INFO - Sync 1 DAGs
[2024-05-18T19:46:50.248+0000] {logging_mixin.py:188} INFO - [2024-05-18T19:46:50.248+0000] {dag.py:3954} INFO - Setting next_dagrun for latest_only to 2024-05-18 12:00:00+00:00, run_after=2024-05-18 16:00:00+00:00
[2024-05-18T19:46:50.269+0000] {processor.py:183} INFO - Processing /home/airflow/.local/lib/python3.12/site-packages/airflow/example_dags/example_latest_only.py took 0.079 seconds
[2024-05-18T19:47:20.452+0000] {processor.py:161} INFO - Started process (PID=675) to work on /home/airflow/.local/lib/python3.12/site-packages/airflow/example_dags/example_latest_only.py
[2024-05-18T19:47:20.453+0000] {processor.py:830} INFO - Processing file /home/airflow/.local/lib/python3.12/site-packages/airflow/example_dags/example_latest_only.py for tasks to queue
[2024-05-18T19:47:20.456+0000] {logging_mixin.py:188} INFO - [2024-05-18T19:47:20.456+0000] {dagbag.py:545} INFO - Filling up the DagBag from /home/airflow/.local/lib/python3.12/site-packages/airflow/example_dags/example_latest_only.py
[2024-05-18T19:47:20.461+0000] {processor.py:840} INFO - DAG(s) 'latest_only' retrieved from /home/airflow/.local/lib/python3.12/site-packages/airflow/example_dags/example_latest_only.py
[2024-05-18T19:47:20.484+0000] {logging_mixin.py:188} INFO - [2024-05-18T19:47:20.484+0000] {dag.py:3096} INFO - Sync 1 DAGs
[2024-05-18T19:47:20.510+0000] {logging_mixin.py:188} INFO - [2024-05-18T19:47:20.510+0000] {dag.py:3954} INFO - Setting next_dagrun for latest_only to 2024-05-18 12:00:00+00:00, run_after=2024-05-18 16:00:00+00:00
[2024-05-18T19:47:20.533+0000] {processor.py:183} INFO - Processing /home/airflow/.local/lib/python3.12/site-packages/airflow/example_dags/example_latest_only.py took 0.086 seconds
[2024-05-18T19:47:50.675+0000] {processor.py:161} INFO - Started process (PID=733) to work on /home/airflow/.local/lib/python3.12/site-packages/airflow/example_dags/example_latest_only.py
[2024-05-18T19:47:50.676+0000] {processor.py:830} INFO - Processing file /home/airflow/.local/lib/python3.12/site-packages/airflow/example_dags/example_latest_only.py for tasks to queue
[2024-05-18T19:47:50.678+0000] {logging_mixin.py:188} INFO - [2024-05-18T19:47:50.677+0000] {dagbag.py:545} INFO - Filling up the DagBag from /home/airflow/.local/lib/python3.12/site-packages/airflow/example_dags/example_latest_only.py
[2024-05-18T19:47:50.682+0000] {processor.py:840} INFO - DAG(s) 'latest_only' retrieved from /home/airflow/.local/lib/python3.12/site-packages/airflow/example_dags/example_latest_only.py
[2024-05-18T19:47:50.706+0000] {logging_mixin.py:188} INFO - [2024-05-18T19:47:50.706+0000] {dag.py:3096} INFO - Sync 1 DAGs
[2024-05-18T19:47:50.730+0000] {logging_mixin.py:188} INFO - [2024-05-18T19:47:50.730+0000] {dag.py:3954} INFO - Setting next_dagrun for latest_only to 2024-05-18 12:00:00+00:00, run_after=2024-05-18 16:00:00+00:00
[2024-05-18T19:47:50.759+0000] {processor.py:183} INFO - Processing /home/airflow/.local/lib/python3.12/site-packages/airflow/example_dags/example_latest_only.py took 0.090 seconds
[2024-05-18T19:48:21.075+0000] {processor.py:161} INFO - Started process (PID=791) to work on /home/airflow/.local/lib/python3.12/site-packages/airflow/example_dags/example_latest_only.py
[2024-05-18T19:48:21.077+0000] {processor.py:830} INFO - Processing file /home/airflow/.local/lib/python3.12/site-packages/airflow/example_dags/example_latest_only.py for tasks to queue
[2024-05-18T19:48:21.079+0000] {logging_mixin.py:188} INFO - [2024-05-18T19:48:21.078+0000] {dagbag.py:545} INFO - Filling up the DagBag from /home/airflow/.local/lib/python3.12/site-packages/airflow/example_dags/example_latest_only.py
[2024-05-18T19:48:21.084+0000] {processor.py:840} INFO - DAG(s) 'latest_only' retrieved from /home/airflow/.local/lib/python3.12/site-packages/airflow/example_dags/example_latest_only.py
[2024-05-18T19:48:21.103+0000] {logging_mixin.py:188} INFO - [2024-05-18T19:48:21.103+0000] {dag.py:3096} INFO - Sync 1 DAGs
[2024-05-18T19:48:21.126+0000] {logging_mixin.py:188} INFO - [2024-05-18T19:48:21.126+0000] {dag.py:3954} INFO - Setting next_dagrun for latest_only to 2024-05-18 12:00:00+00:00, run_after=2024-05-18 16:00:00+00:00
[2024-05-18T19:48:21.149+0000] {processor.py:183} INFO - Processing /home/airflow/.local/lib/python3.12/site-packages/airflow/example_dags/example_latest_only.py took 0.079 seconds
[2024-05-18T19:48:51.323+0000] {processor.py:161} INFO - Started process (PID=855) to work on /home/airflow/.local/lib/python3.12/site-packages/airflow/example_dags/example_latest_only.py
[2024-05-18T19:48:51.325+0000] {processor.py:830} INFO - Processing file /home/airflow/.local/lib/python3.12/site-packages/airflow/example_dags/example_latest_only.py for tasks to queue
[2024-05-18T19:48:51.327+0000] {logging_mixin.py:188} INFO - [2024-05-18T19:48:51.327+0000] {dagbag.py:545} INFO - Filling up the DagBag from /home/airflow/.local/lib/python3.12/site-packages/airflow/example_dags/example_latest_only.py
[2024-05-18T19:48:51.331+0000] {processor.py:840} INFO - DAG(s) 'latest_only' retrieved from /home/airflow/.local/lib/python3.12/site-packages/airflow/example_dags/example_latest_only.py
[2024-05-18T19:48:51.352+0000] {logging_mixin.py:188} INFO - [2024-05-18T19:48:51.351+0000] {dag.py:3096} INFO - Sync 1 DAGs
[2024-05-18T19:48:51.374+0000] {logging_mixin.py:188} INFO - [2024-05-18T19:48:51.374+0000] {dag.py:3954} INFO - Setting next_dagrun for latest_only to 2024-05-18 12:00:00+00:00, run_after=2024-05-18 16:00:00+00:00
[2024-05-18T19:48:51.396+0000] {processor.py:183} INFO - Processing /home/airflow/.local/lib/python3.12/site-packages/airflow/example_dags/example_latest_only.py took 0.078 seconds
[2024-05-18T19:49:21.543+0000] {processor.py:161} INFO - Started process (PID=913) to work on /home/airflow/.local/lib/python3.12/site-packages/airflow/example_dags/example_latest_only.py
[2024-05-18T19:49:21.544+0000] {processor.py:830} INFO - Processing file /home/airflow/.local/lib/python3.12/site-packages/airflow/example_dags/example_latest_only.py for tasks to queue
[2024-05-18T19:49:21.546+0000] {logging_mixin.py:188} INFO - [2024-05-18T19:49:21.546+0000] {dagbag.py:545} INFO - Filling up the DagBag from /home/airflow/.local/lib/python3.12/site-packages/airflow/example_dags/example_latest_only.py
[2024-05-18T19:49:21.551+0000] {processor.py:840} INFO - DAG(s) 'latest_only' retrieved from /home/airflow/.local/lib/python3.12/site-packages/airflow/example_dags/example_latest_only.py
[2024-05-18T19:49:21.571+0000] {logging_mixin.py:188} INFO - [2024-05-18T19:49:21.571+0000] {dag.py:3096} INFO - Sync 1 DAGs
[2024-05-18T19:49:21.593+0000] {logging_mixin.py:188} INFO - [2024-05-18T19:49:21.593+0000] {dag.py:3954} INFO - Setting next_dagrun for latest_only to 2024-05-18 12:00:00+00:00, run_after=2024-05-18 16:00:00+00:00
[2024-05-18T19:49:21.615+0000] {processor.py:183} INFO - Processing /home/airflow/.local/lib/python3.12/site-packages/airflow/example_dags/example_latest_only.py took 0.078 seconds
[2024-05-18T19:49:51.746+0000] {processor.py:161} INFO - Started process (PID=970) to work on /home/airflow/.local/lib/python3.12/site-packages/airflow/example_dags/example_latest_only.py
[2024-05-18T19:49:51.747+0000] {processor.py:830} INFO - Processing file /home/airflow/.local/lib/python3.12/site-packages/airflow/example_dags/example_latest_only.py for tasks to queue
[2024-05-18T19:49:51.749+0000] {logging_mixin.py:188} INFO - [2024-05-18T19:49:51.748+0000] {dagbag.py:545} INFO - Filling up the DagBag from /home/airflow/.local/lib/python3.12/site-packages/airflow/example_dags/example_latest_only.py
[2024-05-18T19:49:51.753+0000] {processor.py:840} INFO - DAG(s) 'latest_only' retrieved from /home/airflow/.local/lib/python3.12/site-packages/airflow/example_dags/example_latest_only.py
[2024-05-18T19:49:51.772+0000] {logging_mixin.py:188} INFO - [2024-05-18T19:49:51.772+0000] {dag.py:3096} INFO - Sync 1 DAGs
[2024-05-18T19:49:51.795+0000] {logging_mixin.py:188} INFO - [2024-05-18T19:49:51.795+0000] {dag.py:3954} INFO - Setting next_dagrun for latest_only to 2024-05-18 12:00:00+00:00, run_after=2024-05-18 16:00:00+00:00
[2024-05-18T19:49:51.817+0000] {processor.py:183} INFO - Processing /home/airflow/.local/lib/python3.12/site-packages/airflow/example_dags/example_latest_only.py took 0.076 seconds
[2024-05-18T19:50:21.981+0000] {processor.py:161} INFO - Started process (PID=1028) to work on /home/airflow/.local/lib/python3.12/site-packages/airflow/example_dags/example_latest_only.py
[2024-05-18T19:50:21.982+0000] {processor.py:830} INFO - Processing file /home/airflow/.local/lib/python3.12/site-packages/airflow/example_dags/example_latest_only.py for tasks to queue
[2024-05-18T19:50:21.984+0000] {logging_mixin.py:188} INFO - [2024-05-18T19:50:21.984+0000] {dagbag.py:545} INFO - Filling up the DagBag from /home/airflow/.local/lib/python3.12/site-packages/airflow/example_dags/example_latest_only.py
[2024-05-18T19:50:21.989+0000] {processor.py:840} INFO - DAG(s) 'latest_only' retrieved from /home/airflow/.local/lib/python3.12/site-packages/airflow/example_dags/example_latest_only.py
[2024-05-18T19:50:22.008+0000] {logging_mixin.py:188} INFO - [2024-05-18T19:50:22.008+0000] {dag.py:3096} INFO - Sync 1 DAGs
[2024-05-18T19:50:22.031+0000] {logging_mixin.py:188} INFO - [2024-05-18T19:50:22.031+0000] {dag.py:3954} INFO - Setting next_dagrun for latest_only to 2024-05-18 12:00:00+00:00, run_after=2024-05-18 16:00:00+00:00
[2024-05-18T19:50:22.052+0000] {processor.py:183} INFO - Processing /home/airflow/.local/lib/python3.12/site-packages/airflow/example_dags/example_latest_only.py took 0.077 seconds
[2024-05-18T19:50:52.192+0000] {processor.py:161} INFO - Started process (PID=1086) to work on /home/airflow/.local/lib/python3.12/site-packages/airflow/example_dags/example_latest_only.py
[2024-05-18T19:50:52.193+0000] {processor.py:830} INFO - Processing file /home/airflow/.local/lib/python3.12/site-packages/airflow/example_dags/example_latest_only.py for tasks to queue
[2024-05-18T19:50:52.197+0000] {logging_mixin.py:188} INFO - [2024-05-18T19:50:52.196+0000] {dagbag.py:545} INFO - Filling up the DagBag from /home/airflow/.local/lib/python3.12/site-packages/airflow/example_dags/example_latest_only.py
[2024-05-18T19:50:52.203+0000] {processor.py:840} INFO - DAG(s) 'latest_only' retrieved from /home/airflow/.local/lib/python3.12/site-packages/airflow/example_dags/example_latest_only.py
[2024-05-18T19:50:52.231+0000] {logging_mixin.py:188} INFO - [2024-05-18T19:50:52.231+0000] {dag.py:3096} INFO - Sync 1 DAGs
[2024-05-18T19:50:52.264+0000] {logging_mixin.py:188} INFO - [2024-05-18T19:50:52.264+0000] {dag.py:3954} INFO - Setting next_dagrun for latest_only to 2024-05-18 12:00:00+00:00, run_after=2024-05-18 16:00:00+00:00
[2024-05-18T19:50:52.294+0000] {processor.py:183} INFO - Processing /home/airflow/.local/lib/python3.12/site-packages/airflow/example_dags/example_latest_only.py took 0.109 seconds
[2024-05-18T19:51:22.651+0000] {processor.py:161} INFO - Started process (PID=1144) to work on /home/airflow/.local/lib/python3.12/site-packages/airflow/example_dags/example_latest_only.py
[2024-05-18T19:51:22.652+0000] {processor.py:830} INFO - Processing file /home/airflow/.local/lib/python3.12/site-packages/airflow/example_dags/example_latest_only.py for tasks to queue
[2024-05-18T19:51:22.654+0000] {logging_mixin.py:188} INFO - [2024-05-18T19:51:22.654+0000] {dagbag.py:545} INFO - Filling up the DagBag from /home/airflow/.local/lib/python3.12/site-packages/airflow/example_dags/example_latest_only.py
[2024-05-18T19:51:22.659+0000] {processor.py:840} INFO - DAG(s) 'latest_only' retrieved from /home/airflow/.local/lib/python3.12/site-packages/airflow/example_dags/example_latest_only.py
[2024-05-18T19:51:22.679+0000] {logging_mixin.py:188} INFO - [2024-05-18T19:51:22.678+0000] {dag.py:3096} INFO - Sync 1 DAGs
[2024-05-18T19:51:22.701+0000] {logging_mixin.py:188} INFO - [2024-05-18T19:51:22.701+0000] {dag.py:3954} INFO - Setting next_dagrun for latest_only to 2024-05-18 12:00:00+00:00, run_after=2024-05-18 16:00:00+00:00
[2024-05-18T19:51:22.723+0000] {processor.py:183} INFO - Processing /home/airflow/.local/lib/python3.12/site-packages/airflow/example_dags/example_latest_only.py took 0.077 seconds
[2024-05-18T19:51:52.953+0000] {processor.py:161} INFO - Started process (PID=1202) to work on /home/airflow/.local/lib/python3.12/site-packages/airflow/example_dags/example_latest_only.py
[2024-05-18T19:51:52.954+0000] {processor.py:830} INFO - Processing file /home/airflow/.local/lib/python3.12/site-packages/airflow/example_dags/example_latest_only.py for tasks to queue
[2024-05-18T19:51:52.957+0000] {logging_mixin.py:188} INFO - [2024-05-18T19:51:52.956+0000] {dagbag.py:545} INFO - Filling up the DagBag from /home/airflow/.local/lib/python3.12/site-packages/airflow/example_dags/example_latest_only.py
[2024-05-18T19:51:52.961+0000] {processor.py:840} INFO - DAG(s) 'latest_only' retrieved from /home/airflow/.local/lib/python3.12/site-packages/airflow/example_dags/example_latest_only.py
[2024-05-18T19:51:52.982+0000] {logging_mixin.py:188} INFO - [2024-05-18T19:51:52.982+0000] {dag.py:3096} INFO - Sync 1 DAGs
[2024-05-18T19:51:53.006+0000] {logging_mixin.py:188} INFO - [2024-05-18T19:51:53.005+0000] {dag.py:3954} INFO - Setting next_dagrun for latest_only to 2024-05-18 12:00:00+00:00, run_after=2024-05-18 16:00:00+00:00
[2024-05-18T19:51:53.029+0000] {processor.py:183} INFO - Processing /home/airflow/.local/lib/python3.12/site-packages/airflow/example_dags/example_latest_only.py took 0.082 seconds
[2024-05-18T19:52:23.762+0000] {processor.py:161} INFO - Started process (PID=1260) to work on /home/airflow/.local/lib/python3.12/site-packages/airflow/example_dags/example_latest_only.py
[2024-05-18T19:52:23.763+0000] {processor.py:830} INFO - Processing file /home/airflow/.local/lib/python3.12/site-packages/airflow/example_dags/example_latest_only.py for tasks to queue
[2024-05-18T19:52:23.766+0000] {logging_mixin.py:188} INFO - [2024-05-18T19:52:23.765+0000] {dagbag.py:545} INFO - Filling up the DagBag from /home/airflow/.local/lib/python3.12/site-packages/airflow/example_dags/example_latest_only.py
[2024-05-18T19:52:23.771+0000] {processor.py:840} INFO - DAG(s) 'latest_only' retrieved from /home/airflow/.local/lib/python3.12/site-packages/airflow/example_dags/example_latest_only.py
[2024-05-18T19:52:23.791+0000] {logging_mixin.py:188} INFO - [2024-05-18T19:52:23.791+0000] {dag.py:3096} INFO - Sync 1 DAGs
[2024-05-18T19:52:23.815+0000] {logging_mixin.py:188} INFO - [2024-05-18T19:52:23.814+0000] {dag.py:3954} INFO - Setting next_dagrun for latest_only to 2024-05-18 12:00:00+00:00, run_after=2024-05-18 16:00:00+00:00
[2024-05-18T19:52:23.838+0000] {processor.py:183} INFO - Processing /home/airflow/.local/lib/python3.12/site-packages/airflow/example_dags/example_latest_only.py took 0.081 seconds
[2024-05-18T19:52:55.023+0000] {processor.py:161} INFO - Started process (PID=1318) to work on /home/airflow/.local/lib/python3.12/site-packages/airflow/example_dags/example_latest_only.py
[2024-05-18T19:52:55.024+0000] {processor.py:830} INFO - Processing file /home/airflow/.local/lib/python3.12/site-packages/airflow/example_dags/example_latest_only.py for tasks to queue
[2024-05-18T19:52:55.027+0000] {logging_mixin.py:188} INFO - [2024-05-18T19:52:55.026+0000] {dagbag.py:545} INFO - Filling up the DagBag from /home/airflow/.local/lib/python3.12/site-packages/airflow/example_dags/example_latest_only.py
[2024-05-18T19:52:55.031+0000] {processor.py:840} INFO - DAG(s) 'latest_only' retrieved from /home/airflow/.local/lib/python3.12/site-packages/airflow/example_dags/example_latest_only.py
[2024-05-18T19:52:55.051+0000] {logging_mixin.py:188} INFO - [2024-05-18T19:52:55.051+0000] {dag.py:3096} INFO - Sync 1 DAGs
[2024-05-18T19:52:55.196+0000] {logging_mixin.py:188} INFO - [2024-05-18T19:52:55.195+0000] {dag.py:3954} INFO - Setting next_dagrun for latest_only to 2024-05-18 12:00:00+00:00, run_after=2024-05-18 16:00:00+00:00
[2024-05-18T19:52:55.216+0000] {processor.py:183} INFO - Processing /home/airflow/.local/lib/python3.12/site-packages/airflow/example_dags/example_latest_only.py took 0.198 seconds
[2024-05-18T19:53:25.595+0000] {processor.py:161} INFO - Started process (PID=1376) to work on /home/airflow/.local/lib/python3.12/site-packages/airflow/example_dags/example_latest_only.py
[2024-05-18T19:53:25.597+0000] {processor.py:830} INFO - Processing file /home/airflow/.local/lib/python3.12/site-packages/airflow/example_dags/example_latest_only.py for tasks to queue
[2024-05-18T19:53:25.599+0000] {logging_mixin.py:188} INFO - [2024-05-18T19:53:25.598+0000] {dagbag.py:545} INFO - Filling up the DagBag from /home/airflow/.local/lib/python3.12/site-packages/airflow/example_dags/example_latest_only.py
[2024-05-18T19:53:25.603+0000] {processor.py:840} INFO - DAG(s) 'latest_only' retrieved from /home/airflow/.local/lib/python3.12/site-packages/airflow/example_dags/example_latest_only.py
[2024-05-18T19:53:25.624+0000] {logging_mixin.py:188} INFO - [2024-05-18T19:53:25.623+0000] {dag.py:3096} INFO - Sync 1 DAGs
[2024-05-18T19:53:25.769+0000] {logging_mixin.py:188} INFO - [2024-05-18T19:53:25.768+0000] {dag.py:3954} INFO - Setting next_dagrun for latest_only to 2024-05-18 12:00:00+00:00, run_after=2024-05-18 16:00:00+00:00
[2024-05-18T19:53:25.788+0000] {processor.py:183} INFO - Processing /home/airflow/.local/lib/python3.12/site-packages/airflow/example_dags/example_latest_only.py took 0.199 seconds
[2024-05-18T19:53:56.035+0000] {processor.py:161} INFO - Started process (PID=1434) to work on /home/airflow/.local/lib/python3.12/site-packages/airflow/example_dags/example_latest_only.py
[2024-05-18T19:53:56.037+0000] {processor.py:830} INFO - Processing file /home/airflow/.local/lib/python3.12/site-packages/airflow/example_dags/example_latest_only.py for tasks to queue
[2024-05-18T19:53:56.039+0000] {logging_mixin.py:188} INFO - [2024-05-18T19:53:56.039+0000] {dagbag.py:545} INFO - Filling up the DagBag from /home/airflow/.local/lib/python3.12/site-packages/airflow/example_dags/example_latest_only.py
[2024-05-18T19:53:56.044+0000] {processor.py:840} INFO - DAG(s) 'latest_only' retrieved from /home/airflow/.local/lib/python3.12/site-packages/airflow/example_dags/example_latest_only.py
[2024-05-18T19:53:56.066+0000] {logging_mixin.py:188} INFO - [2024-05-18T19:53:56.065+0000] {dag.py:3096} INFO - Sync 1 DAGs
[2024-05-18T19:53:56.254+0000] {logging_mixin.py:188} INFO - [2024-05-18T19:53:56.254+0000] {dag.py:3954} INFO - Setting next_dagrun for latest_only to 2024-05-18 12:00:00+00:00, run_after=2024-05-18 16:00:00+00:00
[2024-05-18T19:53:56.277+0000] {processor.py:183} INFO - Processing /home/airflow/.local/lib/python3.12/site-packages/airflow/example_dags/example_latest_only.py took 0.248 seconds
[2024-05-18T19:54:26.706+0000] {processor.py:161} INFO - Started process (PID=1491) to work on /home/airflow/.local/lib/python3.12/site-packages/airflow/example_dags/example_latest_only.py
[2024-05-18T19:54:26.707+0000] {processor.py:830} INFO - Processing file /home/airflow/.local/lib/python3.12/site-packages/airflow/example_dags/example_latest_only.py for tasks to queue
[2024-05-18T19:54:26.709+0000] {logging_mixin.py:188} INFO - [2024-05-18T19:54:26.709+0000] {dagbag.py:545} INFO - Filling up the DagBag from /home/airflow/.local/lib/python3.12/site-packages/airflow/example_dags/example_latest_only.py
[2024-05-18T19:54:26.714+0000] {processor.py:840} INFO - DAG(s) 'latest_only' retrieved from /home/airflow/.local/lib/python3.12/site-packages/airflow/example_dags/example_latest_only.py
[2024-05-18T19:54:26.734+0000] {logging_mixin.py:188} INFO - [2024-05-18T19:54:26.734+0000] {dag.py:3096} INFO - Sync 1 DAGs
[2024-05-18T19:54:26.757+0000] {logging_mixin.py:188} INFO - [2024-05-18T19:54:26.757+0000] {dag.py:3954} INFO - Setting next_dagrun for latest_only to 2024-05-18 12:00:00+00:00, run_after=2024-05-18 16:00:00+00:00
[2024-05-18T19:54:26.778+0000] {processor.py:183} INFO - Processing /home/airflow/.local/lib/python3.12/site-packages/airflow/example_dags/example_latest_only.py took 0.078 seconds
[2024-05-18T19:54:56.939+0000] {processor.py:161} INFO - Started process (PID=1550) to work on /home/airflow/.local/lib/python3.12/site-packages/airflow/example_dags/example_latest_only.py
[2024-05-18T19:54:56.941+0000] {processor.py:830} INFO - Processing file /home/airflow/.local/lib/python3.12/site-packages/airflow/example_dags/example_latest_only.py for tasks to queue
[2024-05-18T19:54:56.943+0000] {logging_mixin.py:188} INFO - [2024-05-18T19:54:56.943+0000] {dagbag.py:545} INFO - Filling up the DagBag from /home/airflow/.local/lib/python3.12/site-packages/airflow/example_dags/example_latest_only.py
[2024-05-18T19:54:56.948+0000] {processor.py:840} INFO - DAG(s) 'latest_only' retrieved from /home/airflow/.local/lib/python3.12/site-packages/airflow/example_dags/example_latest_only.py
[2024-05-18T19:54:56.967+0000] {logging_mixin.py:188} INFO - [2024-05-18T19:54:56.967+0000] {dag.py:3096} INFO - Sync 1 DAGs
[2024-05-18T19:54:56.991+0000] {logging_mixin.py:188} INFO - [2024-05-18T19:54:56.990+0000] {dag.py:3954} INFO - Setting next_dagrun for latest_only to 2024-05-18 12:00:00+00:00, run_after=2024-05-18 16:00:00+00:00
[2024-05-18T19:54:57.014+0000] {processor.py:183} INFO - Processing /home/airflow/.local/lib/python3.12/site-packages/airflow/example_dags/example_latest_only.py took 0.081 seconds
[2024-05-18T20:00:12.095+0000] {processor.py:161} INFO - Started process (PID=38) to work on /home/airflow/.local/lib/python3.12/site-packages/airflow/example_dags/example_latest_only.py
[2024-05-18T20:00:12.096+0000] {processor.py:830} INFO - Processing file /home/airflow/.local/lib/python3.12/site-packages/airflow/example_dags/example_latest_only.py for tasks to queue
[2024-05-18T20:00:12.098+0000] {logging_mixin.py:188} INFO - [2024-05-18T20:00:12.098+0000] {dagbag.py:545} INFO - Filling up the DagBag from /home/airflow/.local/lib/python3.12/site-packages/airflow/example_dags/example_latest_only.py
[2024-05-18T20:00:12.109+0000] {processor.py:840} INFO - DAG(s) 'latest_only' retrieved from /home/airflow/.local/lib/python3.12/site-packages/airflow/example_dags/example_latest_only.py
[2024-05-18T20:00:12.123+0000] {logging_mixin.py:188} INFO - [2024-05-18T20:00:12.123+0000] {dag.py:3096} INFO - Sync 1 DAGs
[2024-05-18T20:00:12.149+0000] {logging_mixin.py:188} INFO - [2024-05-18T20:00:12.148+0000] {dag.py:3954} INFO - Setting next_dagrun for latest_only to 2024-05-18 16:00:00+00:00, run_after=2024-05-18 20:00:00+00:00
[2024-05-18T20:00:12.169+0000] {processor.py:183} INFO - Processing /home/airflow/.local/lib/python3.12/site-packages/airflow/example_dags/example_latest_only.py took 0.083 seconds
[2024-05-18T20:00:42.596+0000] {processor.py:161} INFO - Started process (PID=96) to work on /home/airflow/.local/lib/python3.12/site-packages/airflow/example_dags/example_latest_only.py
[2024-05-18T20:00:42.597+0000] {processor.py:830} INFO - Processing file /home/airflow/.local/lib/python3.12/site-packages/airflow/example_dags/example_latest_only.py for tasks to queue
[2024-05-18T20:00:42.599+0000] {logging_mixin.py:188} INFO - [2024-05-18T20:00:42.599+0000] {dagbag.py:545} INFO - Filling up the DagBag from /home/airflow/.local/lib/python3.12/site-packages/airflow/example_dags/example_latest_only.py
[2024-05-18T20:00:42.604+0000] {processor.py:840} INFO - DAG(s) 'latest_only' retrieved from /home/airflow/.local/lib/python3.12/site-packages/airflow/example_dags/example_latest_only.py
[2024-05-18T20:00:42.693+0000] {logging_mixin.py:188} INFO - [2024-05-18T20:00:42.693+0000] {dag.py:3096} INFO - Sync 1 DAGs
[2024-05-18T20:00:42.712+0000] {logging_mixin.py:188} INFO - [2024-05-18T20:00:42.712+0000] {dag.py:3954} INFO - Setting next_dagrun for latest_only to 2024-05-18 16:00:00+00:00, run_after=2024-05-18 20:00:00+00:00
[2024-05-18T20:00:42.734+0000] {processor.py:183} INFO - Processing /home/airflow/.local/lib/python3.12/site-packages/airflow/example_dags/example_latest_only.py took 0.144 seconds
[2024-05-18T20:01:13.151+0000] {processor.py:161} INFO - Started process (PID=154) to work on /home/airflow/.local/lib/python3.12/site-packages/airflow/example_dags/example_latest_only.py
[2024-05-18T20:01:13.152+0000] {processor.py:830} INFO - Processing file /home/airflow/.local/lib/python3.12/site-packages/airflow/example_dags/example_latest_only.py for tasks to queue
[2024-05-18T20:01:13.154+0000] {logging_mixin.py:188} INFO - [2024-05-18T20:01:13.154+0000] {dagbag.py:545} INFO - Filling up the DagBag from /home/airflow/.local/lib/python3.12/site-packages/airflow/example_dags/example_latest_only.py
[2024-05-18T20:01:13.159+0000] {processor.py:840} INFO - DAG(s) 'latest_only' retrieved from /home/airflow/.local/lib/python3.12/site-packages/airflow/example_dags/example_latest_only.py
[2024-05-18T20:01:13.178+0000] {logging_mixin.py:188} INFO - [2024-05-18T20:01:13.178+0000] {dag.py:3096} INFO - Sync 1 DAGs
[2024-05-18T20:01:13.198+0000] {logging_mixin.py:188} INFO - [2024-05-18T20:01:13.198+0000] {dag.py:3954} INFO - Setting next_dagrun for latest_only to 2024-05-18 16:00:00+00:00, run_after=2024-05-18 20:00:00+00:00
[2024-05-18T20:01:13.219+0000] {processor.py:183} INFO - Processing /home/airflow/.local/lib/python3.12/site-packages/airflow/example_dags/example_latest_only.py took 0.074 seconds
[2024-05-18T20:01:43.444+0000] {processor.py:161} INFO - Started process (PID=212) to work on /home/airflow/.local/lib/python3.12/site-packages/airflow/example_dags/example_latest_only.py
[2024-05-18T20:01:43.445+0000] {processor.py:830} INFO - Processing file /home/airflow/.local/lib/python3.12/site-packages/airflow/example_dags/example_latest_only.py for tasks to queue
[2024-05-18T20:01:43.447+0000] {logging_mixin.py:188} INFO - [2024-05-18T20:01:43.447+0000] {dagbag.py:545} INFO - Filling up the DagBag from /home/airflow/.local/lib/python3.12/site-packages/airflow/example_dags/example_latest_only.py
[2024-05-18T20:01:43.452+0000] {processor.py:840} INFO - DAG(s) 'latest_only' retrieved from /home/airflow/.local/lib/python3.12/site-packages/airflow/example_dags/example_latest_only.py
[2024-05-18T20:01:43.473+0000] {logging_mixin.py:188} INFO - [2024-05-18T20:01:43.473+0000] {dag.py:3096} INFO - Sync 1 DAGs
[2024-05-18T20:01:43.496+0000] {logging_mixin.py:188} INFO - [2024-05-18T20:01:43.496+0000] {dag.py:3954} INFO - Setting next_dagrun for latest_only to 2024-05-18 16:00:00+00:00, run_after=2024-05-18 20:00:00+00:00
[2024-05-18T20:01:43.520+0000] {processor.py:183} INFO - Processing /home/airflow/.local/lib/python3.12/site-packages/airflow/example_dags/example_latest_only.py took 0.082 seconds
[2024-05-18T20:02:13.805+0000] {processor.py:161} INFO - Started process (PID=270) to work on /home/airflow/.local/lib/python3.12/site-packages/airflow/example_dags/example_latest_only.py
[2024-05-18T20:02:13.806+0000] {processor.py:830} INFO - Processing file /home/airflow/.local/lib/python3.12/site-packages/airflow/example_dags/example_latest_only.py for tasks to queue
[2024-05-18T20:02:13.808+0000] {logging_mixin.py:188} INFO - [2024-05-18T20:02:13.808+0000] {dagbag.py:545} INFO - Filling up the DagBag from /home/airflow/.local/lib/python3.12/site-packages/airflow/example_dags/example_latest_only.py
[2024-05-18T20:02:13.813+0000] {processor.py:840} INFO - DAG(s) 'latest_only' retrieved from /home/airflow/.local/lib/python3.12/site-packages/airflow/example_dags/example_latest_only.py
[2024-05-18T20:02:13.836+0000] {logging_mixin.py:188} INFO - [2024-05-18T20:02:13.836+0000] {dag.py:3096} INFO - Sync 1 DAGs
[2024-05-18T20:02:13.859+0000] {logging_mixin.py:188} INFO - [2024-05-18T20:02:13.859+0000] {dag.py:3954} INFO - Setting next_dagrun for latest_only to 2024-05-18 16:00:00+00:00, run_after=2024-05-18 20:00:00+00:00
[2024-05-18T20:02:13.880+0000] {processor.py:183} INFO - Processing /home/airflow/.local/lib/python3.12/site-packages/airflow/example_dags/example_latest_only.py took 0.082 seconds
[2024-05-18T20:02:43.974+0000] {processor.py:161} INFO - Started process (PID=328) to work on /home/airflow/.local/lib/python3.12/site-packages/airflow/example_dags/example_latest_only.py
[2024-05-18T20:02:43.975+0000] {processor.py:830} INFO - Processing file /home/airflow/.local/lib/python3.12/site-packages/airflow/example_dags/example_latest_only.py for tasks to queue
[2024-05-18T20:02:43.978+0000] {logging_mixin.py:188} INFO - [2024-05-18T20:02:43.977+0000] {dagbag.py:545} INFO - Filling up the DagBag from /home/airflow/.local/lib/python3.12/site-packages/airflow/example_dags/example_latest_only.py
[2024-05-18T20:02:43.984+0000] {processor.py:840} INFO - DAG(s) 'latest_only' retrieved from /home/airflow/.local/lib/python3.12/site-packages/airflow/example_dags/example_latest_only.py
[2024-05-18T20:02:44.009+0000] {logging_mixin.py:188} INFO - [2024-05-18T20:02:44.009+0000] {dag.py:3096} INFO - Sync 1 DAGs
[2024-05-18T20:02:44.044+0000] {logging_mixin.py:188} INFO - [2024-05-18T20:02:44.044+0000] {dag.py:3954} INFO - Setting next_dagrun for latest_only to 2024-05-18 16:00:00+00:00, run_after=2024-05-18 20:00:00+00:00
[2024-05-18T20:02:44.070+0000] {processor.py:183} INFO - Processing /home/airflow/.local/lib/python3.12/site-packages/airflow/example_dags/example_latest_only.py took 0.103 seconds
[2024-05-18T20:03:14.203+0000] {processor.py:161} INFO - Started process (PID=386) to work on /home/airflow/.local/lib/python3.12/site-packages/airflow/example_dags/example_latest_only.py
[2024-05-18T20:03:14.204+0000] {processor.py:830} INFO - Processing file /home/airflow/.local/lib/python3.12/site-packages/airflow/example_dags/example_latest_only.py for tasks to queue
[2024-05-18T20:03:14.206+0000] {logging_mixin.py:188} INFO - [2024-05-18T20:03:14.206+0000] {dagbag.py:545} INFO - Filling up the DagBag from /home/airflow/.local/lib/python3.12/site-packages/airflow/example_dags/example_latest_only.py
[2024-05-18T20:03:14.211+0000] {processor.py:840} INFO - DAG(s) 'latest_only' retrieved from /home/airflow/.local/lib/python3.12/site-packages/airflow/example_dags/example_latest_only.py
[2024-05-18T20:03:14.230+0000] {logging_mixin.py:188} INFO - [2024-05-18T20:03:14.230+0000] {dag.py:3096} INFO - Sync 1 DAGs
[2024-05-18T20:03:14.251+0000] {logging_mixin.py:188} INFO - [2024-05-18T20:03:14.251+0000] {dag.py:3954} INFO - Setting next_dagrun for latest_only to 2024-05-18 16:00:00+00:00, run_after=2024-05-18 20:00:00+00:00
[2024-05-18T20:03:14.272+0000] {processor.py:183} INFO - Processing /home/airflow/.local/lib/python3.12/site-packages/airflow/example_dags/example_latest_only.py took 0.074 seconds
[2024-05-18T20:03:44.545+0000] {processor.py:161} INFO - Started process (PID=444) to work on /home/airflow/.local/lib/python3.12/site-packages/airflow/example_dags/example_latest_only.py
[2024-05-18T20:03:44.546+0000] {processor.py:830} INFO - Processing file /home/airflow/.local/lib/python3.12/site-packages/airflow/example_dags/example_latest_only.py for tasks to queue
[2024-05-18T20:03:44.547+0000] {logging_mixin.py:188} INFO - [2024-05-18T20:03:44.547+0000] {dagbag.py:545} INFO - Filling up the DagBag from /home/airflow/.local/lib/python3.12/site-packages/airflow/example_dags/example_latest_only.py
[2024-05-18T20:03:44.552+0000] {processor.py:840} INFO - DAG(s) 'latest_only' retrieved from /home/airflow/.local/lib/python3.12/site-packages/airflow/example_dags/example_latest_only.py
[2024-05-18T20:03:44.574+0000] {logging_mixin.py:188} INFO - [2024-05-18T20:03:44.573+0000] {dag.py:3096} INFO - Sync 1 DAGs
[2024-05-18T20:03:44.601+0000] {logging_mixin.py:188} INFO - [2024-05-18T20:03:44.600+0000] {dag.py:3954} INFO - Setting next_dagrun for latest_only to 2024-05-18 16:00:00+00:00, run_after=2024-05-18 20:00:00+00:00
[2024-05-18T20:03:44.624+0000] {processor.py:183} INFO - Processing /home/airflow/.local/lib/python3.12/site-packages/airflow/example_dags/example_latest_only.py took 0.085 seconds
[2024-05-18T20:04:14.855+0000] {processor.py:161} INFO - Started process (PID=502) to work on /home/airflow/.local/lib/python3.12/site-packages/airflow/example_dags/example_latest_only.py
[2024-05-18T20:04:14.856+0000] {processor.py:830} INFO - Processing file /home/airflow/.local/lib/python3.12/site-packages/airflow/example_dags/example_latest_only.py for tasks to queue
[2024-05-18T20:04:14.858+0000] {logging_mixin.py:188} INFO - [2024-05-18T20:04:14.858+0000] {dagbag.py:545} INFO - Filling up the DagBag from /home/airflow/.local/lib/python3.12/site-packages/airflow/example_dags/example_latest_only.py
[2024-05-18T20:04:14.862+0000] {processor.py:840} INFO - DAG(s) 'latest_only' retrieved from /home/airflow/.local/lib/python3.12/site-packages/airflow/example_dags/example_latest_only.py
[2024-05-18T20:04:14.881+0000] {logging_mixin.py:188} INFO - [2024-05-18T20:04:14.880+0000] {dag.py:3096} INFO - Sync 1 DAGs
[2024-05-18T20:04:14.901+0000] {logging_mixin.py:188} INFO - [2024-05-18T20:04:14.900+0000] {dag.py:3954} INFO - Setting next_dagrun for latest_only to 2024-05-18 16:00:00+00:00, run_after=2024-05-18 20:00:00+00:00
[2024-05-18T20:04:14.921+0000] {processor.py:183} INFO - Processing /home/airflow/.local/lib/python3.12/site-packages/airflow/example_dags/example_latest_only.py took 0.071 seconds
[2024-05-18T20:04:45.069+0000] {processor.py:161} INFO - Started process (PID=560) to work on /home/airflow/.local/lib/python3.12/site-packages/airflow/example_dags/example_latest_only.py
[2024-05-18T20:04:45.070+0000] {processor.py:830} INFO - Processing file /home/airflow/.local/lib/python3.12/site-packages/airflow/example_dags/example_latest_only.py for tasks to queue
[2024-05-18T20:04:45.072+0000] {logging_mixin.py:188} INFO - [2024-05-18T20:04:45.072+0000] {dagbag.py:545} INFO - Filling up the DagBag from /home/airflow/.local/lib/python3.12/site-packages/airflow/example_dags/example_latest_only.py
[2024-05-18T20:04:45.077+0000] {processor.py:840} INFO - DAG(s) 'latest_only' retrieved from /home/airflow/.local/lib/python3.12/site-packages/airflow/example_dags/example_latest_only.py
[2024-05-18T20:04:45.098+0000] {logging_mixin.py:188} INFO - [2024-05-18T20:04:45.098+0000] {dag.py:3096} INFO - Sync 1 DAGs
[2024-05-18T20:04:45.120+0000] {logging_mixin.py:188} INFO - [2024-05-18T20:04:45.120+0000] {dag.py:3954} INFO - Setting next_dagrun for latest_only to 2024-05-18 16:00:00+00:00, run_after=2024-05-18 20:00:00+00:00
[2024-05-18T20:04:45.141+0000] {processor.py:183} INFO - Processing /home/airflow/.local/lib/python3.12/site-packages/airflow/example_dags/example_latest_only.py took 0.079 seconds
[2024-05-18T20:05:15.301+0000] {processor.py:161} INFO - Started process (PID=618) to work on /home/airflow/.local/lib/python3.12/site-packages/airflow/example_dags/example_latest_only.py
[2024-05-18T20:05:15.302+0000] {processor.py:830} INFO - Processing file /home/airflow/.local/lib/python3.12/site-packages/airflow/example_dags/example_latest_only.py for tasks to queue
[2024-05-18T20:05:15.304+0000] {logging_mixin.py:188} INFO - [2024-05-18T20:05:15.304+0000] {dagbag.py:545} INFO - Filling up the DagBag from /home/airflow/.local/lib/python3.12/site-packages/airflow/example_dags/example_latest_only.py
[2024-05-18T20:05:15.309+0000] {processor.py:840} INFO - DAG(s) 'latest_only' retrieved from /home/airflow/.local/lib/python3.12/site-packages/airflow/example_dags/example_latest_only.py
[2024-05-18T20:05:15.331+0000] {logging_mixin.py:188} INFO - [2024-05-18T20:05:15.331+0000] {dag.py:3096} INFO - Sync 1 DAGs
[2024-05-18T20:05:15.353+0000] {logging_mixin.py:188} INFO - [2024-05-18T20:05:15.353+0000] {dag.py:3954} INFO - Setting next_dagrun for latest_only to 2024-05-18 16:00:00+00:00, run_after=2024-05-18 20:00:00+00:00
[2024-05-18T20:05:15.375+0000] {processor.py:183} INFO - Processing /home/airflow/.local/lib/python3.12/site-packages/airflow/example_dags/example_latest_only.py took 0.079 seconds
[2024-05-18T20:05:45.581+0000] {processor.py:161} INFO - Started process (PID=676) to work on /home/airflow/.local/lib/python3.12/site-packages/airflow/example_dags/example_latest_only.py
[2024-05-18T20:05:45.582+0000] {processor.py:830} INFO - Processing file /home/airflow/.local/lib/python3.12/site-packages/airflow/example_dags/example_latest_only.py for tasks to queue
[2024-05-18T20:05:45.584+0000] {logging_mixin.py:188} INFO - [2024-05-18T20:05:45.584+0000] {dagbag.py:545} INFO - Filling up the DagBag from /home/airflow/.local/lib/python3.12/site-packages/airflow/example_dags/example_latest_only.py
[2024-05-18T20:05:45.588+0000] {processor.py:840} INFO - DAG(s) 'latest_only' retrieved from /home/airflow/.local/lib/python3.12/site-packages/airflow/example_dags/example_latest_only.py
[2024-05-18T20:05:45.610+0000] {logging_mixin.py:188} INFO - [2024-05-18T20:05:45.610+0000] {dag.py:3096} INFO - Sync 1 DAGs
[2024-05-18T20:05:45.632+0000] {logging_mixin.py:188} INFO - [2024-05-18T20:05:45.632+0000] {dag.py:3954} INFO - Setting next_dagrun for latest_only to 2024-05-18 16:00:00+00:00, run_after=2024-05-18 20:00:00+00:00
[2024-05-18T20:05:45.656+0000] {processor.py:183} INFO - Processing /home/airflow/.local/lib/python3.12/site-packages/airflow/example_dags/example_latest_only.py took 0.081 seconds
[2024-05-18T20:06:16.647+0000] {processor.py:161} INFO - Started process (PID=734) to work on /home/airflow/.local/lib/python3.12/site-packages/airflow/example_dags/example_latest_only.py
[2024-05-18T20:06:16.648+0000] {processor.py:830} INFO - Processing file /home/airflow/.local/lib/python3.12/site-packages/airflow/example_dags/example_latest_only.py for tasks to queue
[2024-05-18T20:06:16.650+0000] {logging_mixin.py:188} INFO - [2024-05-18T20:06:16.649+0000] {dagbag.py:545} INFO - Filling up the DagBag from /home/airflow/.local/lib/python3.12/site-packages/airflow/example_dags/example_latest_only.py
[2024-05-18T20:06:16.654+0000] {processor.py:840} INFO - DAG(s) 'latest_only' retrieved from /home/airflow/.local/lib/python3.12/site-packages/airflow/example_dags/example_latest_only.py
[2024-05-18T20:06:16.674+0000] {logging_mixin.py:188} INFO - [2024-05-18T20:06:16.674+0000] {dag.py:3096} INFO - Sync 1 DAGs
[2024-05-18T20:06:16.694+0000] {logging_mixin.py:188} INFO - [2024-05-18T20:06:16.694+0000] {dag.py:3954} INFO - Setting next_dagrun for latest_only to 2024-05-18 16:00:00+00:00, run_after=2024-05-18 20:00:00+00:00
[2024-05-18T20:06:16.714+0000] {processor.py:183} INFO - Processing /home/airflow/.local/lib/python3.12/site-packages/airflow/example_dags/example_latest_only.py took 0.072 seconds
[2024-05-18T20:06:46.825+0000] {processor.py:161} INFO - Started process (PID=792) to work on /home/airflow/.local/lib/python3.12/site-packages/airflow/example_dags/example_latest_only.py
[2024-05-18T20:06:46.826+0000] {processor.py:830} INFO - Processing file /home/airflow/.local/lib/python3.12/site-packages/airflow/example_dags/example_latest_only.py for tasks to queue
[2024-05-18T20:06:46.828+0000] {logging_mixin.py:188} INFO - [2024-05-18T20:06:46.827+0000] {dagbag.py:545} INFO - Filling up the DagBag from /home/airflow/.local/lib/python3.12/site-packages/airflow/example_dags/example_latest_only.py
[2024-05-18T20:06:46.832+0000] {processor.py:840} INFO - DAG(s) 'latest_only' retrieved from /home/airflow/.local/lib/python3.12/site-packages/airflow/example_dags/example_latest_only.py
[2024-05-18T20:06:46.852+0000] {logging_mixin.py:188} INFO - [2024-05-18T20:06:46.852+0000] {dag.py:3096} INFO - Sync 1 DAGs
[2024-05-18T20:06:46.875+0000] {logging_mixin.py:188} INFO - [2024-05-18T20:06:46.874+0000] {dag.py:3954} INFO - Setting next_dagrun for latest_only to 2024-05-18 16:00:00+00:00, run_after=2024-05-18 20:00:00+00:00
[2024-05-18T20:06:46.895+0000] {processor.py:183} INFO - Processing /home/airflow/.local/lib/python3.12/site-packages/airflow/example_dags/example_latest_only.py took 0.075 seconds
[2024-05-18T20:07:17.184+0000] {processor.py:161} INFO - Started process (PID=850) to work on /home/airflow/.local/lib/python3.12/site-packages/airflow/example_dags/example_latest_only.py
[2024-05-18T20:07:17.185+0000] {processor.py:830} INFO - Processing file /home/airflow/.local/lib/python3.12/site-packages/airflow/example_dags/example_latest_only.py for tasks to queue
[2024-05-18T20:07:17.187+0000] {logging_mixin.py:188} INFO - [2024-05-18T20:07:17.186+0000] {dagbag.py:545} INFO - Filling up the DagBag from /home/airflow/.local/lib/python3.12/site-packages/airflow/example_dags/example_latest_only.py
[2024-05-18T20:07:17.191+0000] {processor.py:840} INFO - DAG(s) 'latest_only' retrieved from /home/airflow/.local/lib/python3.12/site-packages/airflow/example_dags/example_latest_only.py
[2024-05-18T20:07:17.211+0000] {logging_mixin.py:188} INFO - [2024-05-18T20:07:17.211+0000] {dag.py:3096} INFO - Sync 1 DAGs
[2024-05-18T20:07:17.231+0000] {logging_mixin.py:188} INFO - [2024-05-18T20:07:17.231+0000] {dag.py:3954} INFO - Setting next_dagrun for latest_only to 2024-05-18 16:00:00+00:00, run_after=2024-05-18 20:00:00+00:00
[2024-05-18T20:07:17.252+0000] {processor.py:183} INFO - Processing /home/airflow/.local/lib/python3.12/site-packages/airflow/example_dags/example_latest_only.py took 0.073 seconds
[2024-05-18T20:07:47.302+0000] {processor.py:161} INFO - Started process (PID=908) to work on /home/airflow/.local/lib/python3.12/site-packages/airflow/example_dags/example_latest_only.py
[2024-05-18T20:07:47.303+0000] {processor.py:830} INFO - Processing file /home/airflow/.local/lib/python3.12/site-packages/airflow/example_dags/example_latest_only.py for tasks to queue
[2024-05-18T20:07:47.305+0000] {logging_mixin.py:188} INFO - [2024-05-18T20:07:47.304+0000] {dagbag.py:545} INFO - Filling up the DagBag from /home/airflow/.local/lib/python3.12/site-packages/airflow/example_dags/example_latest_only.py
[2024-05-18T20:07:47.309+0000] {processor.py:840} INFO - DAG(s) 'latest_only' retrieved from /home/airflow/.local/lib/python3.12/site-packages/airflow/example_dags/example_latest_only.py
[2024-05-18T20:07:47.330+0000] {logging_mixin.py:188} INFO - [2024-05-18T20:07:47.329+0000] {dag.py:3096} INFO - Sync 1 DAGs
[2024-05-18T20:07:47.352+0000] {logging_mixin.py:188} INFO - [2024-05-18T20:07:47.352+0000] {dag.py:3954} INFO - Setting next_dagrun for latest_only to 2024-05-18 16:00:00+00:00, run_after=2024-05-18 20:00:00+00:00
[2024-05-18T20:07:47.374+0000] {processor.py:183} INFO - Processing /home/airflow/.local/lib/python3.12/site-packages/airflow/example_dags/example_latest_only.py took 0.078 seconds
[2024-05-18T20:08:17.954+0000] {processor.py:161} INFO - Started process (PID=967) to work on /home/airflow/.local/lib/python3.12/site-packages/airflow/example_dags/example_latest_only.py
[2024-05-18T20:08:17.956+0000] {processor.py:830} INFO - Processing file /home/airflow/.local/lib/python3.12/site-packages/airflow/example_dags/example_latest_only.py for tasks to queue
[2024-05-18T20:08:17.958+0000] {logging_mixin.py:188} INFO - [2024-05-18T20:08:17.957+0000] {dagbag.py:545} INFO - Filling up the DagBag from /home/airflow/.local/lib/python3.12/site-packages/airflow/example_dags/example_latest_only.py
[2024-05-18T20:08:17.962+0000] {processor.py:840} INFO - DAG(s) 'latest_only' retrieved from /home/airflow/.local/lib/python3.12/site-packages/airflow/example_dags/example_latest_only.py
[2024-05-18T20:08:17.982+0000] {logging_mixin.py:188} INFO - [2024-05-18T20:08:17.981+0000] {dag.py:3096} INFO - Sync 1 DAGs
[2024-05-18T20:08:18.002+0000] {logging_mixin.py:188} INFO - [2024-05-18T20:08:18.002+0000] {dag.py:3954} INFO - Setting next_dagrun for latest_only to 2024-05-18 16:00:00+00:00, run_after=2024-05-18 20:00:00+00:00
[2024-05-18T20:08:18.024+0000] {processor.py:183} INFO - Processing /home/airflow/.local/lib/python3.12/site-packages/airflow/example_dags/example_latest_only.py took 0.075 seconds
[2024-05-18T20:08:48.226+0000] {processor.py:161} INFO - Started process (PID=1025) to work on /home/airflow/.local/lib/python3.12/site-packages/airflow/example_dags/example_latest_only.py
[2024-05-18T20:08:48.227+0000] {processor.py:830} INFO - Processing file /home/airflow/.local/lib/python3.12/site-packages/airflow/example_dags/example_latest_only.py for tasks to queue
[2024-05-18T20:08:48.229+0000] {logging_mixin.py:188} INFO - [2024-05-18T20:08:48.229+0000] {dagbag.py:545} INFO - Filling up the DagBag from /home/airflow/.local/lib/python3.12/site-packages/airflow/example_dags/example_latest_only.py
[2024-05-18T20:08:48.234+0000] {processor.py:840} INFO - DAG(s) 'latest_only' retrieved from /home/airflow/.local/lib/python3.12/site-packages/airflow/example_dags/example_latest_only.py
[2024-05-18T20:08:48.256+0000] {logging_mixin.py:188} INFO - [2024-05-18T20:08:48.255+0000] {dag.py:3096} INFO - Sync 1 DAGs
[2024-05-18T20:08:48.276+0000] {logging_mixin.py:188} INFO - [2024-05-18T20:08:48.276+0000] {dag.py:3954} INFO - Setting next_dagrun for latest_only to 2024-05-18 16:00:00+00:00, run_after=2024-05-18 20:00:00+00:00
[2024-05-18T20:08:48.300+0000] {processor.py:183} INFO - Processing /home/airflow/.local/lib/python3.12/site-packages/airflow/example_dags/example_latest_only.py took 0.079 seconds
[2024-05-18T20:09:18.730+0000] {processor.py:161} INFO - Started process (PID=1083) to work on /home/airflow/.local/lib/python3.12/site-packages/airflow/example_dags/example_latest_only.py
[2024-05-18T20:09:18.731+0000] {processor.py:830} INFO - Processing file /home/airflow/.local/lib/python3.12/site-packages/airflow/example_dags/example_latest_only.py for tasks to queue
[2024-05-18T20:09:18.732+0000] {logging_mixin.py:188} INFO - [2024-05-18T20:09:18.732+0000] {dagbag.py:545} INFO - Filling up the DagBag from /home/airflow/.local/lib/python3.12/site-packages/airflow/example_dags/example_latest_only.py
[2024-05-18T20:09:18.737+0000] {processor.py:840} INFO - DAG(s) 'latest_only' retrieved from /home/airflow/.local/lib/python3.12/site-packages/airflow/example_dags/example_latest_only.py
[2024-05-18T20:09:18.757+0000] {logging_mixin.py:188} INFO - [2024-05-18T20:09:18.757+0000] {dag.py:3096} INFO - Sync 1 DAGs
[2024-05-18T20:09:18.778+0000] {logging_mixin.py:188} INFO - [2024-05-18T20:09:18.778+0000] {dag.py:3954} INFO - Setting next_dagrun for latest_only to 2024-05-18 16:00:00+00:00, run_after=2024-05-18 20:00:00+00:00
[2024-05-18T20:09:18.801+0000] {processor.py:183} INFO - Processing /home/airflow/.local/lib/python3.12/site-packages/airflow/example_dags/example_latest_only.py took 0.076 seconds
[2024-05-18T20:09:49.144+0000] {processor.py:161} INFO - Started process (PID=1141) to work on /home/airflow/.local/lib/python3.12/site-packages/airflow/example_dags/example_latest_only.py
[2024-05-18T20:09:49.146+0000] {processor.py:830} INFO - Processing file /home/airflow/.local/lib/python3.12/site-packages/airflow/example_dags/example_latest_only.py for tasks to queue
[2024-05-18T20:09:49.148+0000] {logging_mixin.py:188} INFO - [2024-05-18T20:09:49.147+0000] {dagbag.py:545} INFO - Filling up the DagBag from /home/airflow/.local/lib/python3.12/site-packages/airflow/example_dags/example_latest_only.py
[2024-05-18T20:09:49.152+0000] {processor.py:840} INFO - DAG(s) 'latest_only' retrieved from /home/airflow/.local/lib/python3.12/site-packages/airflow/example_dags/example_latest_only.py
[2024-05-18T20:09:49.174+0000] {logging_mixin.py:188} INFO - [2024-05-18T20:09:49.173+0000] {dag.py:3096} INFO - Sync 1 DAGs
[2024-05-18T20:09:49.198+0000] {logging_mixin.py:188} INFO - [2024-05-18T20:09:49.197+0000] {dag.py:3954} INFO - Setting next_dagrun for latest_only to 2024-05-18 16:00:00+00:00, run_after=2024-05-18 20:00:00+00:00
[2024-05-18T20:09:49.221+0000] {processor.py:183} INFO - Processing /home/airflow/.local/lib/python3.12/site-packages/airflow/example_dags/example_latest_only.py took 0.083 seconds
[2024-05-18T20:10:19.889+0000] {processor.py:161} INFO - Started process (PID=1199) to work on /home/airflow/.local/lib/python3.12/site-packages/airflow/example_dags/example_latest_only.py
[2024-05-18T20:10:19.889+0000] {processor.py:830} INFO - Processing file /home/airflow/.local/lib/python3.12/site-packages/airflow/example_dags/example_latest_only.py for tasks to queue
[2024-05-18T20:10:19.891+0000] {logging_mixin.py:188} INFO - [2024-05-18T20:10:19.891+0000] {dagbag.py:545} INFO - Filling up the DagBag from /home/airflow/.local/lib/python3.12/site-packages/airflow/example_dags/example_latest_only.py
[2024-05-18T20:10:19.896+0000] {processor.py:840} INFO - DAG(s) 'latest_only' retrieved from /home/airflow/.local/lib/python3.12/site-packages/airflow/example_dags/example_latest_only.py
[2024-05-18T20:10:19.916+0000] {logging_mixin.py:188} INFO - [2024-05-18T20:10:19.915+0000] {dag.py:3096} INFO - Sync 1 DAGs
[2024-05-18T20:10:19.936+0000] {logging_mixin.py:188} INFO - [2024-05-18T20:10:19.935+0000] {dag.py:3954} INFO - Setting next_dagrun for latest_only to 2024-05-18 16:00:00+00:00, run_after=2024-05-18 20:00:00+00:00
[2024-05-18T20:10:19.956+0000] {processor.py:183} INFO - Processing /home/airflow/.local/lib/python3.12/site-packages/airflow/example_dags/example_latest_only.py took 0.073 seconds
[2024-05-18T20:10:50.066+0000] {processor.py:161} INFO - Started process (PID=1258) to work on /home/airflow/.local/lib/python3.12/site-packages/airflow/example_dags/example_latest_only.py
[2024-05-18T20:10:50.067+0000] {processor.py:830} INFO - Processing file /home/airflow/.local/lib/python3.12/site-packages/airflow/example_dags/example_latest_only.py for tasks to queue
[2024-05-18T20:10:50.069+0000] {logging_mixin.py:188} INFO - [2024-05-18T20:10:50.068+0000] {dagbag.py:545} INFO - Filling up the DagBag from /home/airflow/.local/lib/python3.12/site-packages/airflow/example_dags/example_latest_only.py
[2024-05-18T20:10:50.073+0000] {processor.py:840} INFO - DAG(s) 'latest_only' retrieved from /home/airflow/.local/lib/python3.12/site-packages/airflow/example_dags/example_latest_only.py
[2024-05-18T20:10:50.094+0000] {logging_mixin.py:188} INFO - [2024-05-18T20:10:50.094+0000] {dag.py:3096} INFO - Sync 1 DAGs
[2024-05-18T20:10:50.116+0000] {logging_mixin.py:188} INFO - [2024-05-18T20:10:50.116+0000] {dag.py:3954} INFO - Setting next_dagrun for latest_only to 2024-05-18 16:00:00+00:00, run_after=2024-05-18 20:00:00+00:00
[2024-05-18T20:10:50.137+0000] {processor.py:183} INFO - Processing /home/airflow/.local/lib/python3.12/site-packages/airflow/example_dags/example_latest_only.py took 0.076 seconds
[2024-05-18T20:11:20.675+0000] {processor.py:161} INFO - Started process (PID=1316) to work on /home/airflow/.local/lib/python3.12/site-packages/airflow/example_dags/example_latest_only.py
[2024-05-18T20:11:20.676+0000] {processor.py:830} INFO - Processing file /home/airflow/.local/lib/python3.12/site-packages/airflow/example_dags/example_latest_only.py for tasks to queue
[2024-05-18T20:11:20.678+0000] {logging_mixin.py:188} INFO - [2024-05-18T20:11:20.678+0000] {dagbag.py:545} INFO - Filling up the DagBag from /home/airflow/.local/lib/python3.12/site-packages/airflow/example_dags/example_latest_only.py
[2024-05-18T20:11:20.683+0000] {processor.py:840} INFO - DAG(s) 'latest_only' retrieved from /home/airflow/.local/lib/python3.12/site-packages/airflow/example_dags/example_latest_only.py
[2024-05-18T20:11:20.703+0000] {logging_mixin.py:188} INFO - [2024-05-18T20:11:20.703+0000] {dag.py:3096} INFO - Sync 1 DAGs
[2024-05-18T20:11:20.723+0000] {logging_mixin.py:188} INFO - [2024-05-18T20:11:20.723+0000] {dag.py:3954} INFO - Setting next_dagrun for latest_only to 2024-05-18 16:00:00+00:00, run_after=2024-05-18 20:00:00+00:00
[2024-05-18T20:11:20.744+0000] {processor.py:183} INFO - Processing /home/airflow/.local/lib/python3.12/site-packages/airflow/example_dags/example_latest_only.py took 0.075 seconds
[2024-05-18T20:11:51.093+0000] {processor.py:161} INFO - Started process (PID=1374) to work on /home/airflow/.local/lib/python3.12/site-packages/airflow/example_dags/example_latest_only.py
[2024-05-18T20:11:51.094+0000] {processor.py:830} INFO - Processing file /home/airflow/.local/lib/python3.12/site-packages/airflow/example_dags/example_latest_only.py for tasks to queue
[2024-05-18T20:11:51.096+0000] {logging_mixin.py:188} INFO - [2024-05-18T20:11:51.096+0000] {dagbag.py:545} INFO - Filling up the DagBag from /home/airflow/.local/lib/python3.12/site-packages/airflow/example_dags/example_latest_only.py
[2024-05-18T20:11:51.100+0000] {processor.py:840} INFO - DAG(s) 'latest_only' retrieved from /home/airflow/.local/lib/python3.12/site-packages/airflow/example_dags/example_latest_only.py
[2024-05-18T20:11:51.122+0000] {logging_mixin.py:188} INFO - [2024-05-18T20:11:51.121+0000] {dag.py:3096} INFO - Sync 1 DAGs
[2024-05-18T20:11:51.144+0000] {logging_mixin.py:188} INFO - [2024-05-18T20:11:51.144+0000] {dag.py:3954} INFO - Setting next_dagrun for latest_only to 2024-05-18 16:00:00+00:00, run_after=2024-05-18 20:00:00+00:00
[2024-05-18T20:11:51.168+0000] {processor.py:183} INFO - Processing /home/airflow/.local/lib/python3.12/site-packages/airflow/example_dags/example_latest_only.py took 0.081 seconds
[2024-05-18T20:12:21.369+0000] {processor.py:161} INFO - Started process (PID=1432) to work on /home/airflow/.local/lib/python3.12/site-packages/airflow/example_dags/example_latest_only.py
[2024-05-18T20:12:21.371+0000] {processor.py:830} INFO - Processing file /home/airflow/.local/lib/python3.12/site-packages/airflow/example_dags/example_latest_only.py for tasks to queue
[2024-05-18T20:12:21.373+0000] {logging_mixin.py:188} INFO - [2024-05-18T20:12:21.372+0000] {dagbag.py:545} INFO - Filling up the DagBag from /home/airflow/.local/lib/python3.12/site-packages/airflow/example_dags/example_latest_only.py
[2024-05-18T20:12:21.378+0000] {processor.py:840} INFO - DAG(s) 'latest_only' retrieved from /home/airflow/.local/lib/python3.12/site-packages/airflow/example_dags/example_latest_only.py
[2024-05-18T20:12:21.402+0000] {logging_mixin.py:188} INFO - [2024-05-18T20:12:21.402+0000] {dag.py:3096} INFO - Sync 1 DAGs
[2024-05-18T20:12:21.431+0000] {logging_mixin.py:188} INFO - [2024-05-18T20:12:21.430+0000] {dag.py:3954} INFO - Setting next_dagrun for latest_only to 2024-05-18 16:00:00+00:00, run_after=2024-05-18 20:00:00+00:00
[2024-05-18T20:12:21.452+0000] {processor.py:183} INFO - Processing /home/airflow/.local/lib/python3.12/site-packages/airflow/example_dags/example_latest_only.py took 0.090 seconds
[2024-05-18T20:12:51.558+0000] {processor.py:161} INFO - Started process (PID=1490) to work on /home/airflow/.local/lib/python3.12/site-packages/airflow/example_dags/example_latest_only.py
[2024-05-18T20:12:51.559+0000] {processor.py:830} INFO - Processing file /home/airflow/.local/lib/python3.12/site-packages/airflow/example_dags/example_latest_only.py for tasks to queue
[2024-05-18T20:12:51.561+0000] {logging_mixin.py:188} INFO - [2024-05-18T20:12:51.560+0000] {dagbag.py:545} INFO - Filling up the DagBag from /home/airflow/.local/lib/python3.12/site-packages/airflow/example_dags/example_latest_only.py
[2024-05-18T20:12:51.567+0000] {processor.py:840} INFO - DAG(s) 'latest_only' retrieved from /home/airflow/.local/lib/python3.12/site-packages/airflow/example_dags/example_latest_only.py
[2024-05-18T20:12:51.590+0000] {logging_mixin.py:188} INFO - [2024-05-18T20:12:51.589+0000] {dag.py:3096} INFO - Sync 1 DAGs
[2024-05-18T20:12:51.611+0000] {logging_mixin.py:188} INFO - [2024-05-18T20:12:51.611+0000] {dag.py:3954} INFO - Setting next_dagrun for latest_only to 2024-05-18 16:00:00+00:00, run_after=2024-05-18 20:00:00+00:00
[2024-05-18T20:12:51.633+0000] {processor.py:183} INFO - Processing /home/airflow/.local/lib/python3.12/site-packages/airflow/example_dags/example_latest_only.py took 0.081 seconds
[2024-05-18T20:13:22.233+0000] {processor.py:161} INFO - Started process (PID=1548) to work on /home/airflow/.local/lib/python3.12/site-packages/airflow/example_dags/example_latest_only.py
[2024-05-18T20:13:22.234+0000] {processor.py:830} INFO - Processing file /home/airflow/.local/lib/python3.12/site-packages/airflow/example_dags/example_latest_only.py for tasks to queue
[2024-05-18T20:13:22.236+0000] {logging_mixin.py:188} INFO - [2024-05-18T20:13:22.236+0000] {dagbag.py:545} INFO - Filling up the DagBag from /home/airflow/.local/lib/python3.12/site-packages/airflow/example_dags/example_latest_only.py
[2024-05-18T20:13:22.396+0000] {processor.py:840} INFO - DAG(s) 'latest_only' retrieved from /home/airflow/.local/lib/python3.12/site-packages/airflow/example_dags/example_latest_only.py
[2024-05-18T20:13:22.412+0000] {logging_mixin.py:188} INFO - [2024-05-18T20:13:22.412+0000] {dag.py:3096} INFO - Sync 1 DAGs
[2024-05-18T20:13:22.433+0000] {logging_mixin.py:188} INFO - [2024-05-18T20:13:22.432+0000] {dag.py:3954} INFO - Setting next_dagrun for latest_only to 2024-05-18 16:00:00+00:00, run_after=2024-05-18 20:00:00+00:00
[2024-05-18T20:13:22.454+0000] {processor.py:183} INFO - Processing /home/airflow/.local/lib/python3.12/site-packages/airflow/example_dags/example_latest_only.py took 0.227 seconds
[2024-05-18T20:13:53.362+0000] {processor.py:161} INFO - Started process (PID=1606) to work on /home/airflow/.local/lib/python3.12/site-packages/airflow/example_dags/example_latest_only.py
[2024-05-18T20:13:53.363+0000] {processor.py:830} INFO - Processing file /home/airflow/.local/lib/python3.12/site-packages/airflow/example_dags/example_latest_only.py for tasks to queue
[2024-05-18T20:13:53.365+0000] {logging_mixin.py:188} INFO - [2024-05-18T20:13:53.365+0000] {dagbag.py:545} INFO - Filling up the DagBag from /home/airflow/.local/lib/python3.12/site-packages/airflow/example_dags/example_latest_only.py
[2024-05-18T20:13:53.370+0000] {processor.py:840} INFO - DAG(s) 'latest_only' retrieved from /home/airflow/.local/lib/python3.12/site-packages/airflow/example_dags/example_latest_only.py
[2024-05-18T20:13:53.390+0000] {logging_mixin.py:188} INFO - [2024-05-18T20:13:53.390+0000] {dag.py:3096} INFO - Sync 1 DAGs
[2024-05-18T20:13:53.411+0000] {logging_mixin.py:188} INFO - [2024-05-18T20:13:53.410+0000] {dag.py:3954} INFO - Setting next_dagrun for latest_only to 2024-05-18 16:00:00+00:00, run_after=2024-05-18 20:00:00+00:00
[2024-05-18T20:13:53.432+0000] {processor.py:183} INFO - Processing /home/airflow/.local/lib/python3.12/site-packages/airflow/example_dags/example_latest_only.py took 0.074 seconds
[2024-05-18T20:14:23.514+0000] {processor.py:161} INFO - Started process (PID=1664) to work on /home/airflow/.local/lib/python3.12/site-packages/airflow/example_dags/example_latest_only.py
[2024-05-18T20:14:23.515+0000] {processor.py:830} INFO - Processing file /home/airflow/.local/lib/python3.12/site-packages/airflow/example_dags/example_latest_only.py for tasks to queue
[2024-05-18T20:14:23.517+0000] {logging_mixin.py:188} INFO - [2024-05-18T20:14:23.517+0000] {dagbag.py:545} INFO - Filling up the DagBag from /home/airflow/.local/lib/python3.12/site-packages/airflow/example_dags/example_latest_only.py
[2024-05-18T20:14:23.522+0000] {processor.py:840} INFO - DAG(s) 'latest_only' retrieved from /home/airflow/.local/lib/python3.12/site-packages/airflow/example_dags/example_latest_only.py
[2024-05-18T20:14:23.542+0000] {logging_mixin.py:188} INFO - [2024-05-18T20:14:23.542+0000] {dag.py:3096} INFO - Sync 1 DAGs
[2024-05-18T20:14:23.566+0000] {logging_mixin.py:188} INFO - [2024-05-18T20:14:23.566+0000] {dag.py:3954} INFO - Setting next_dagrun for latest_only to 2024-05-18 16:00:00+00:00, run_after=2024-05-18 20:00:00+00:00
[2024-05-18T20:14:23.589+0000] {processor.py:183} INFO - Processing /home/airflow/.local/lib/python3.12/site-packages/airflow/example_dags/example_latest_only.py took 0.081 seconds
