[2024-05-18T19:41:53.838+0000] {processor.py:161} INFO - Started process (PID=76) to work on /home/airflow/.local/lib/python3.12/site-packages/airflow/example_dags/example_dynamic_task_mapping.py
[2024-05-18T19:41:53.840+0000] {processor.py:830} INFO - Processing file /home/airflow/.local/lib/python3.12/site-packages/airflow/example_dags/example_dynamic_task_mapping.py for tasks to queue
[2024-05-18T19:41:53.843+0000] {logging_mixin.py:188} INFO - [2024-05-18T19:41:53.843+0000] {dagbag.py:545} INFO - Filling up the DagBag from /home/airflow/.local/lib/python3.12/site-packages/airflow/example_dags/example_dynamic_task_mapping.py
[2024-05-18T19:41:53.857+0000] {processor.py:840} INFO - DAG(s) 'example_dynamic_task_mapping' retrieved from /home/airflow/.local/lib/python3.12/site-packages/airflow/example_dags/example_dynamic_task_mapping.py
[2024-05-18T19:41:54.032+0000] {logging_mixin.py:188} INFO - [2024-05-18T19:41:54.031+0000] {override.py:1829} INFO - Created Permission View: can read on DAG:example_dynamic_task_mapping
[2024-05-18T19:41:54.048+0000] {logging_mixin.py:188} INFO - [2024-05-18T19:41:54.047+0000] {override.py:1829} INFO - Created Permission View: can delete on DAG:example_dynamic_task_mapping
[2024-05-18T19:41:54.062+0000] {logging_mixin.py:188} INFO - [2024-05-18T19:41:54.061+0000] {override.py:1829} INFO - Created Permission View: can edit on DAG:example_dynamic_task_mapping
[2024-05-18T19:41:54.063+0000] {logging_mixin.py:188} INFO - [2024-05-18T19:41:54.063+0000] {dag.py:3096} INFO - Sync 1 DAGs
[2024-05-18T19:41:54.084+0000] {logging_mixin.py:188} INFO - [2024-05-18T19:41:54.084+0000] {dag.py:3118} INFO - Creating ORM DAG for example_dynamic_task_mapping
[2024-05-18T19:41:54.104+0000] {logging_mixin.py:188} INFO - [2024-05-18T19:41:54.104+0000] {dag.py:3954} INFO - Setting next_dagrun for example_dynamic_task_mapping to 2022-03-04 00:00:00+00:00, run_after=2022-03-05 00:00:00+00:00
[2024-05-18T19:41:54.130+0000] {processor.py:183} INFO - Processing /home/airflow/.local/lib/python3.12/site-packages/airflow/example_dags/example_dynamic_task_mapping.py took 0.305 seconds
[2024-05-18T19:42:24.605+0000] {processor.py:161} INFO - Started process (PID=133) to work on /home/airflow/.local/lib/python3.12/site-packages/airflow/example_dags/example_dynamic_task_mapping.py
[2024-05-18T19:42:24.606+0000] {processor.py:830} INFO - Processing file /home/airflow/.local/lib/python3.12/site-packages/airflow/example_dags/example_dynamic_task_mapping.py for tasks to queue
[2024-05-18T19:42:24.608+0000] {logging_mixin.py:188} INFO - [2024-05-18T19:42:24.608+0000] {dagbag.py:545} INFO - Filling up the DagBag from /home/airflow/.local/lib/python3.12/site-packages/airflow/example_dags/example_dynamic_task_mapping.py
[2024-05-18T19:42:24.614+0000] {processor.py:840} INFO - DAG(s) 'example_dynamic_task_mapping' retrieved from /home/airflow/.local/lib/python3.12/site-packages/airflow/example_dags/example_dynamic_task_mapping.py
[2024-05-18T19:42:24.634+0000] {logging_mixin.py:188} INFO - [2024-05-18T19:42:24.633+0000] {dag.py:3096} INFO - Sync 1 DAGs
[2024-05-18T19:42:24.656+0000] {logging_mixin.py:188} INFO - [2024-05-18T19:42:24.656+0000] {dag.py:3954} INFO - Setting next_dagrun for example_dynamic_task_mapping to 2022-03-04 00:00:00+00:00, run_after=2022-03-05 00:00:00+00:00
[2024-05-18T19:42:24.678+0000] {processor.py:183} INFO - Processing /home/airflow/.local/lib/python3.12/site-packages/airflow/example_dags/example_dynamic_task_mapping.py took 0.079 seconds
[2024-05-18T19:42:54.847+0000] {processor.py:161} INFO - Started process (PID=191) to work on /home/airflow/.local/lib/python3.12/site-packages/airflow/example_dags/example_dynamic_task_mapping.py
[2024-05-18T19:42:54.848+0000] {processor.py:830} INFO - Processing file /home/airflow/.local/lib/python3.12/site-packages/airflow/example_dags/example_dynamic_task_mapping.py for tasks to queue
[2024-05-18T19:42:54.850+0000] {logging_mixin.py:188} INFO - [2024-05-18T19:42:54.850+0000] {dagbag.py:545} INFO - Filling up the DagBag from /home/airflow/.local/lib/python3.12/site-packages/airflow/example_dags/example_dynamic_task_mapping.py
[2024-05-18T19:42:54.857+0000] {processor.py:840} INFO - DAG(s) 'example_dynamic_task_mapping' retrieved from /home/airflow/.local/lib/python3.12/site-packages/airflow/example_dags/example_dynamic_task_mapping.py
[2024-05-18T19:42:54.877+0000] {logging_mixin.py:188} INFO - [2024-05-18T19:42:54.877+0000] {dag.py:3096} INFO - Sync 1 DAGs
[2024-05-18T19:42:54.898+0000] {logging_mixin.py:188} INFO - [2024-05-18T19:42:54.898+0000] {dag.py:3954} INFO - Setting next_dagrun for example_dynamic_task_mapping to 2022-03-04 00:00:00+00:00, run_after=2022-03-05 00:00:00+00:00
[2024-05-18T19:42:54.919+0000] {processor.py:183} INFO - Processing /home/airflow/.local/lib/python3.12/site-packages/airflow/example_dags/example_dynamic_task_mapping.py took 0.078 seconds
[2024-05-18T19:43:25.093+0000] {processor.py:161} INFO - Started process (PID=249) to work on /home/airflow/.local/lib/python3.12/site-packages/airflow/example_dags/example_dynamic_task_mapping.py
[2024-05-18T19:43:25.094+0000] {processor.py:830} INFO - Processing file /home/airflow/.local/lib/python3.12/site-packages/airflow/example_dags/example_dynamic_task_mapping.py for tasks to queue
[2024-05-18T19:43:25.096+0000] {logging_mixin.py:188} INFO - [2024-05-18T19:43:25.096+0000] {dagbag.py:545} INFO - Filling up the DagBag from /home/airflow/.local/lib/python3.12/site-packages/airflow/example_dags/example_dynamic_task_mapping.py
[2024-05-18T19:43:25.103+0000] {processor.py:840} INFO - DAG(s) 'example_dynamic_task_mapping' retrieved from /home/airflow/.local/lib/python3.12/site-packages/airflow/example_dags/example_dynamic_task_mapping.py
[2024-05-18T19:43:25.123+0000] {logging_mixin.py:188} INFO - [2024-05-18T19:43:25.123+0000] {dag.py:3096} INFO - Sync 1 DAGs
[2024-05-18T19:43:25.143+0000] {logging_mixin.py:188} INFO - [2024-05-18T19:43:25.143+0000] {dag.py:3954} INFO - Setting next_dagrun for example_dynamic_task_mapping to 2022-03-04 00:00:00+00:00, run_after=2022-03-05 00:00:00+00:00
[2024-05-18T19:43:25.167+0000] {processor.py:183} INFO - Processing /home/airflow/.local/lib/python3.12/site-packages/airflow/example_dags/example_dynamic_task_mapping.py took 0.080 seconds
[2024-05-18T19:43:56.037+0000] {processor.py:161} INFO - Started process (PID=307) to work on /home/airflow/.local/lib/python3.12/site-packages/airflow/example_dags/example_dynamic_task_mapping.py
[2024-05-18T19:43:56.038+0000] {processor.py:830} INFO - Processing file /home/airflow/.local/lib/python3.12/site-packages/airflow/example_dags/example_dynamic_task_mapping.py for tasks to queue
[2024-05-18T19:43:56.040+0000] {logging_mixin.py:188} INFO - [2024-05-18T19:43:56.040+0000] {dagbag.py:545} INFO - Filling up the DagBag from /home/airflow/.local/lib/python3.12/site-packages/airflow/example_dags/example_dynamic_task_mapping.py
[2024-05-18T19:43:56.048+0000] {processor.py:840} INFO - DAG(s) 'example_dynamic_task_mapping' retrieved from /home/airflow/.local/lib/python3.12/site-packages/airflow/example_dags/example_dynamic_task_mapping.py
[2024-05-18T19:43:56.067+0000] {logging_mixin.py:188} INFO - [2024-05-18T19:43:56.067+0000] {dag.py:3096} INFO - Sync 1 DAGs
[2024-05-18T19:43:56.087+0000] {logging_mixin.py:188} INFO - [2024-05-18T19:43:56.087+0000] {dag.py:3954} INFO - Setting next_dagrun for example_dynamic_task_mapping to 2022-03-04 00:00:00+00:00, run_after=2022-03-05 00:00:00+00:00
[2024-05-18T19:43:56.110+0000] {processor.py:183} INFO - Processing /home/airflow/.local/lib/python3.12/site-packages/airflow/example_dags/example_dynamic_task_mapping.py took 0.079 seconds
[2024-05-18T19:44:26.411+0000] {processor.py:161} INFO - Started process (PID=365) to work on /home/airflow/.local/lib/python3.12/site-packages/airflow/example_dags/example_dynamic_task_mapping.py
[2024-05-18T19:44:26.412+0000] {processor.py:830} INFO - Processing file /home/airflow/.local/lib/python3.12/site-packages/airflow/example_dags/example_dynamic_task_mapping.py for tasks to queue
[2024-05-18T19:44:26.414+0000] {logging_mixin.py:188} INFO - [2024-05-18T19:44:26.414+0000] {dagbag.py:545} INFO - Filling up the DagBag from /home/airflow/.local/lib/python3.12/site-packages/airflow/example_dags/example_dynamic_task_mapping.py
[2024-05-18T19:44:26.420+0000] {processor.py:840} INFO - DAG(s) 'example_dynamic_task_mapping' retrieved from /home/airflow/.local/lib/python3.12/site-packages/airflow/example_dags/example_dynamic_task_mapping.py
[2024-05-18T19:44:26.441+0000] {logging_mixin.py:188} INFO - [2024-05-18T19:44:26.441+0000] {dag.py:3096} INFO - Sync 1 DAGs
[2024-05-18T19:44:26.462+0000] {logging_mixin.py:188} INFO - [2024-05-18T19:44:26.462+0000] {dag.py:3954} INFO - Setting next_dagrun for example_dynamic_task_mapping to 2022-03-04 00:00:00+00:00, run_after=2022-03-05 00:00:00+00:00
[2024-05-18T19:44:26.486+0000] {processor.py:183} INFO - Processing /home/airflow/.local/lib/python3.12/site-packages/airflow/example_dags/example_dynamic_task_mapping.py took 0.081 seconds
[2024-05-18T19:44:56.911+0000] {processor.py:161} INFO - Started process (PID=423) to work on /home/airflow/.local/lib/python3.12/site-packages/airflow/example_dags/example_dynamic_task_mapping.py
[2024-05-18T19:44:56.912+0000] {processor.py:830} INFO - Processing file /home/airflow/.local/lib/python3.12/site-packages/airflow/example_dags/example_dynamic_task_mapping.py for tasks to queue
[2024-05-18T19:44:56.914+0000] {logging_mixin.py:188} INFO - [2024-05-18T19:44:56.914+0000] {dagbag.py:545} INFO - Filling up the DagBag from /home/airflow/.local/lib/python3.12/site-packages/airflow/example_dags/example_dynamic_task_mapping.py
[2024-05-18T19:44:56.922+0000] {processor.py:840} INFO - DAG(s) 'example_dynamic_task_mapping' retrieved from /home/airflow/.local/lib/python3.12/site-packages/airflow/example_dags/example_dynamic_task_mapping.py
[2024-05-18T19:44:56.941+0000] {logging_mixin.py:188} INFO - [2024-05-18T19:44:56.941+0000] {dag.py:3096} INFO - Sync 1 DAGs
[2024-05-18T19:44:56.961+0000] {logging_mixin.py:188} INFO - [2024-05-18T19:44:56.961+0000] {dag.py:3954} INFO - Setting next_dagrun for example_dynamic_task_mapping to 2022-03-04 00:00:00+00:00, run_after=2022-03-05 00:00:00+00:00
[2024-05-18T19:44:56.984+0000] {processor.py:183} INFO - Processing /home/airflow/.local/lib/python3.12/site-packages/airflow/example_dags/example_dynamic_task_mapping.py took 0.079 seconds
[2024-05-18T19:45:27.182+0000] {processor.py:161} INFO - Started process (PID=481) to work on /home/airflow/.local/lib/python3.12/site-packages/airflow/example_dags/example_dynamic_task_mapping.py
[2024-05-18T19:45:27.183+0000] {processor.py:830} INFO - Processing file /home/airflow/.local/lib/python3.12/site-packages/airflow/example_dags/example_dynamic_task_mapping.py for tasks to queue
[2024-05-18T19:45:27.185+0000] {logging_mixin.py:188} INFO - [2024-05-18T19:45:27.184+0000] {dagbag.py:545} INFO - Filling up the DagBag from /home/airflow/.local/lib/python3.12/site-packages/airflow/example_dags/example_dynamic_task_mapping.py
[2024-05-18T19:45:27.191+0000] {processor.py:840} INFO - DAG(s) 'example_dynamic_task_mapping' retrieved from /home/airflow/.local/lib/python3.12/site-packages/airflow/example_dags/example_dynamic_task_mapping.py
[2024-05-18T19:45:27.212+0000] {logging_mixin.py:188} INFO - [2024-05-18T19:45:27.212+0000] {dag.py:3096} INFO - Sync 1 DAGs
[2024-05-18T19:45:27.232+0000] {logging_mixin.py:188} INFO - [2024-05-18T19:45:27.232+0000] {dag.py:3954} INFO - Setting next_dagrun for example_dynamic_task_mapping to 2022-03-04 00:00:00+00:00, run_after=2022-03-05 00:00:00+00:00
[2024-05-18T19:45:27.255+0000] {processor.py:183} INFO - Processing /home/airflow/.local/lib/python3.12/site-packages/airflow/example_dags/example_dynamic_task_mapping.py took 0.079 seconds
[2024-05-18T19:45:57.529+0000] {processor.py:161} INFO - Started process (PID=539) to work on /home/airflow/.local/lib/python3.12/site-packages/airflow/example_dags/example_dynamic_task_mapping.py
[2024-05-18T19:45:57.530+0000] {processor.py:830} INFO - Processing file /home/airflow/.local/lib/python3.12/site-packages/airflow/example_dags/example_dynamic_task_mapping.py for tasks to queue
[2024-05-18T19:45:57.532+0000] {logging_mixin.py:188} INFO - [2024-05-18T19:45:57.532+0000] {dagbag.py:545} INFO - Filling up the DagBag from /home/airflow/.local/lib/python3.12/site-packages/airflow/example_dags/example_dynamic_task_mapping.py
[2024-05-18T19:45:57.541+0000] {processor.py:840} INFO - DAG(s) 'example_dynamic_task_mapping' retrieved from /home/airflow/.local/lib/python3.12/site-packages/airflow/example_dags/example_dynamic_task_mapping.py
[2024-05-18T19:45:57.563+0000] {logging_mixin.py:188} INFO - [2024-05-18T19:45:57.563+0000] {dag.py:3096} INFO - Sync 1 DAGs
[2024-05-18T19:45:57.589+0000] {logging_mixin.py:188} INFO - [2024-05-18T19:45:57.589+0000] {dag.py:3954} INFO - Setting next_dagrun for example_dynamic_task_mapping to 2022-03-04 00:00:00+00:00, run_after=2022-03-05 00:00:00+00:00
[2024-05-18T19:45:57.614+0000] {processor.py:183} INFO - Processing /home/airflow/.local/lib/python3.12/site-packages/airflow/example_dags/example_dynamic_task_mapping.py took 0.092 seconds
[2024-05-18T19:46:27.726+0000] {processor.py:161} INFO - Started process (PID=597) to work on /home/airflow/.local/lib/python3.12/site-packages/airflow/example_dags/example_dynamic_task_mapping.py
[2024-05-18T19:46:27.727+0000] {processor.py:830} INFO - Processing file /home/airflow/.local/lib/python3.12/site-packages/airflow/example_dags/example_dynamic_task_mapping.py for tasks to queue
[2024-05-18T19:46:27.729+0000] {logging_mixin.py:188} INFO - [2024-05-18T19:46:27.729+0000] {dagbag.py:545} INFO - Filling up the DagBag from /home/airflow/.local/lib/python3.12/site-packages/airflow/example_dags/example_dynamic_task_mapping.py
[2024-05-18T19:46:27.735+0000] {processor.py:840} INFO - DAG(s) 'example_dynamic_task_mapping' retrieved from /home/airflow/.local/lib/python3.12/site-packages/airflow/example_dags/example_dynamic_task_mapping.py
[2024-05-18T19:46:27.754+0000] {logging_mixin.py:188} INFO - [2024-05-18T19:46:27.753+0000] {dag.py:3096} INFO - Sync 1 DAGs
[2024-05-18T19:46:27.775+0000] {logging_mixin.py:188} INFO - [2024-05-18T19:46:27.775+0000] {dag.py:3954} INFO - Setting next_dagrun for example_dynamic_task_mapping to 2022-03-04 00:00:00+00:00, run_after=2022-03-05 00:00:00+00:00
[2024-05-18T19:46:27.798+0000] {processor.py:183} INFO - Processing /home/airflow/.local/lib/python3.12/site-packages/airflow/example_dags/example_dynamic_task_mapping.py took 0.077 seconds
[2024-05-18T19:46:57.943+0000] {processor.py:161} INFO - Started process (PID=655) to work on /home/airflow/.local/lib/python3.12/site-packages/airflow/example_dags/example_dynamic_task_mapping.py
[2024-05-18T19:46:57.944+0000] {processor.py:830} INFO - Processing file /home/airflow/.local/lib/python3.12/site-packages/airflow/example_dags/example_dynamic_task_mapping.py for tasks to queue
[2024-05-18T19:46:57.946+0000] {logging_mixin.py:188} INFO - [2024-05-18T19:46:57.946+0000] {dagbag.py:545} INFO - Filling up the DagBag from /home/airflow/.local/lib/python3.12/site-packages/airflow/example_dags/example_dynamic_task_mapping.py
[2024-05-18T19:46:57.953+0000] {processor.py:840} INFO - DAG(s) 'example_dynamic_task_mapping' retrieved from /home/airflow/.local/lib/python3.12/site-packages/airflow/example_dags/example_dynamic_task_mapping.py
[2024-05-18T19:46:57.972+0000] {logging_mixin.py:188} INFO - [2024-05-18T19:46:57.972+0000] {dag.py:3096} INFO - Sync 1 DAGs
[2024-05-18T19:46:57.993+0000] {logging_mixin.py:188} INFO - [2024-05-18T19:46:57.993+0000] {dag.py:3954} INFO - Setting next_dagrun for example_dynamic_task_mapping to 2022-03-04 00:00:00+00:00, run_after=2022-03-05 00:00:00+00:00
[2024-05-18T19:46:58.016+0000] {processor.py:183} INFO - Processing /home/airflow/.local/lib/python3.12/site-packages/airflow/example_dags/example_dynamic_task_mapping.py took 0.079 seconds
[2024-05-18T19:47:28.275+0000] {processor.py:161} INFO - Started process (PID=714) to work on /home/airflow/.local/lib/python3.12/site-packages/airflow/example_dags/example_dynamic_task_mapping.py
[2024-05-18T19:47:28.277+0000] {processor.py:830} INFO - Processing file /home/airflow/.local/lib/python3.12/site-packages/airflow/example_dags/example_dynamic_task_mapping.py for tasks to queue
[2024-05-18T19:47:28.279+0000] {logging_mixin.py:188} INFO - [2024-05-18T19:47:28.278+0000] {dagbag.py:545} INFO - Filling up the DagBag from /home/airflow/.local/lib/python3.12/site-packages/airflow/example_dags/example_dynamic_task_mapping.py
[2024-05-18T19:47:28.285+0000] {processor.py:840} INFO - DAG(s) 'example_dynamic_task_mapping' retrieved from /home/airflow/.local/lib/python3.12/site-packages/airflow/example_dags/example_dynamic_task_mapping.py
[2024-05-18T19:47:28.305+0000] {logging_mixin.py:188} INFO - [2024-05-18T19:47:28.304+0000] {dag.py:3096} INFO - Sync 1 DAGs
[2024-05-18T19:47:28.325+0000] {logging_mixin.py:188} INFO - [2024-05-18T19:47:28.325+0000] {dag.py:3954} INFO - Setting next_dagrun for example_dynamic_task_mapping to 2022-03-04 00:00:00+00:00, run_after=2022-03-05 00:00:00+00:00
[2024-05-18T19:47:28.347+0000] {processor.py:183} INFO - Processing /home/airflow/.local/lib/python3.12/site-packages/airflow/example_dags/example_dynamic_task_mapping.py took 0.077 seconds
[2024-05-18T19:47:58.635+0000] {processor.py:161} INFO - Started process (PID=772) to work on /home/airflow/.local/lib/python3.12/site-packages/airflow/example_dags/example_dynamic_task_mapping.py
[2024-05-18T19:47:58.636+0000] {processor.py:830} INFO - Processing file /home/airflow/.local/lib/python3.12/site-packages/airflow/example_dags/example_dynamic_task_mapping.py for tasks to queue
[2024-05-18T19:47:58.639+0000] {logging_mixin.py:188} INFO - [2024-05-18T19:47:58.638+0000] {dagbag.py:545} INFO - Filling up the DagBag from /home/airflow/.local/lib/python3.12/site-packages/airflow/example_dags/example_dynamic_task_mapping.py
[2024-05-18T19:47:58.645+0000] {processor.py:840} INFO - DAG(s) 'example_dynamic_task_mapping' retrieved from /home/airflow/.local/lib/python3.12/site-packages/airflow/example_dags/example_dynamic_task_mapping.py
[2024-05-18T19:47:58.663+0000] {logging_mixin.py:188} INFO - [2024-05-18T19:47:58.663+0000] {dag.py:3096} INFO - Sync 1 DAGs
[2024-05-18T19:47:58.684+0000] {logging_mixin.py:188} INFO - [2024-05-18T19:47:58.684+0000] {dag.py:3954} INFO - Setting next_dagrun for example_dynamic_task_mapping to 2022-03-04 00:00:00+00:00, run_after=2022-03-05 00:00:00+00:00
[2024-05-18T19:47:58.705+0000] {processor.py:183} INFO - Processing /home/airflow/.local/lib/python3.12/site-packages/airflow/example_dags/example_dynamic_task_mapping.py took 0.076 seconds
[2024-05-18T19:48:29.320+0000] {processor.py:161} INFO - Started process (PID=830) to work on /home/airflow/.local/lib/python3.12/site-packages/airflow/example_dags/example_dynamic_task_mapping.py
[2024-05-18T19:48:29.321+0000] {processor.py:830} INFO - Processing file /home/airflow/.local/lib/python3.12/site-packages/airflow/example_dags/example_dynamic_task_mapping.py for tasks to queue
[2024-05-18T19:48:29.323+0000] {logging_mixin.py:188} INFO - [2024-05-18T19:48:29.323+0000] {dagbag.py:545} INFO - Filling up the DagBag from /home/airflow/.local/lib/python3.12/site-packages/airflow/example_dags/example_dynamic_task_mapping.py
[2024-05-18T19:48:29.330+0000] {processor.py:840} INFO - DAG(s) 'example_dynamic_task_mapping' retrieved from /home/airflow/.local/lib/python3.12/site-packages/airflow/example_dags/example_dynamic_task_mapping.py
[2024-05-18T19:48:29.351+0000] {logging_mixin.py:188} INFO - [2024-05-18T19:48:29.351+0000] {dag.py:3096} INFO - Sync 1 DAGs
[2024-05-18T19:48:29.371+0000] {logging_mixin.py:188} INFO - [2024-05-18T19:48:29.371+0000] {dag.py:3954} INFO - Setting next_dagrun for example_dynamic_task_mapping to 2022-03-04 00:00:00+00:00, run_after=2022-03-05 00:00:00+00:00
[2024-05-18T19:48:29.393+0000] {processor.py:183} INFO - Processing /home/airflow/.local/lib/python3.12/site-packages/airflow/example_dags/example_dynamic_task_mapping.py took 0.079 seconds
[2024-05-18T19:48:59.471+0000] {processor.py:161} INFO - Started process (PID=888) to work on /home/airflow/.local/lib/python3.12/site-packages/airflow/example_dags/example_dynamic_task_mapping.py
[2024-05-18T19:48:59.472+0000] {processor.py:830} INFO - Processing file /home/airflow/.local/lib/python3.12/site-packages/airflow/example_dags/example_dynamic_task_mapping.py for tasks to queue
[2024-05-18T19:48:59.474+0000] {logging_mixin.py:188} INFO - [2024-05-18T19:48:59.474+0000] {dagbag.py:545} INFO - Filling up the DagBag from /home/airflow/.local/lib/python3.12/site-packages/airflow/example_dags/example_dynamic_task_mapping.py
[2024-05-18T19:48:59.481+0000] {processor.py:840} INFO - DAG(s) 'example_dynamic_task_mapping' retrieved from /home/airflow/.local/lib/python3.12/site-packages/airflow/example_dags/example_dynamic_task_mapping.py
[2024-05-18T19:48:59.506+0000] {logging_mixin.py:188} INFO - [2024-05-18T19:48:59.505+0000] {dag.py:3096} INFO - Sync 1 DAGs
[2024-05-18T19:48:59.528+0000] {logging_mixin.py:188} INFO - [2024-05-18T19:48:59.528+0000] {dag.py:3954} INFO - Setting next_dagrun for example_dynamic_task_mapping to 2022-03-04 00:00:00+00:00, run_after=2022-03-05 00:00:00+00:00
[2024-05-18T19:48:59.552+0000] {processor.py:183} INFO - Processing /home/airflow/.local/lib/python3.12/site-packages/airflow/example_dags/example_dynamic_task_mapping.py took 0.087 seconds
[2024-05-18T19:49:29.667+0000] {processor.py:161} INFO - Started process (PID=945) to work on /home/airflow/.local/lib/python3.12/site-packages/airflow/example_dags/example_dynamic_task_mapping.py
[2024-05-18T19:49:29.668+0000] {processor.py:830} INFO - Processing file /home/airflow/.local/lib/python3.12/site-packages/airflow/example_dags/example_dynamic_task_mapping.py for tasks to queue
[2024-05-18T19:49:29.669+0000] {logging_mixin.py:188} INFO - [2024-05-18T19:49:29.669+0000] {dagbag.py:545} INFO - Filling up the DagBag from /home/airflow/.local/lib/python3.12/site-packages/airflow/example_dags/example_dynamic_task_mapping.py
[2024-05-18T19:49:29.676+0000] {processor.py:840} INFO - DAG(s) 'example_dynamic_task_mapping' retrieved from /home/airflow/.local/lib/python3.12/site-packages/airflow/example_dags/example_dynamic_task_mapping.py
[2024-05-18T19:49:29.696+0000] {logging_mixin.py:188} INFO - [2024-05-18T19:49:29.695+0000] {dag.py:3096} INFO - Sync 1 DAGs
[2024-05-18T19:49:29.721+0000] {logging_mixin.py:188} INFO - [2024-05-18T19:49:29.721+0000] {dag.py:3954} INFO - Setting next_dagrun for example_dynamic_task_mapping to 2022-03-04 00:00:00+00:00, run_after=2022-03-05 00:00:00+00:00
[2024-05-18T19:49:29.742+0000] {processor.py:183} INFO - Processing /home/airflow/.local/lib/python3.12/site-packages/airflow/example_dags/example_dynamic_task_mapping.py took 0.081 seconds
[2024-05-18T19:49:59.877+0000] {processor.py:161} INFO - Started process (PID=1003) to work on /home/airflow/.local/lib/python3.12/site-packages/airflow/example_dags/example_dynamic_task_mapping.py
[2024-05-18T19:49:59.879+0000] {processor.py:830} INFO - Processing file /home/airflow/.local/lib/python3.12/site-packages/airflow/example_dags/example_dynamic_task_mapping.py for tasks to queue
[2024-05-18T19:49:59.881+0000] {logging_mixin.py:188} INFO - [2024-05-18T19:49:59.880+0000] {dagbag.py:545} INFO - Filling up the DagBag from /home/airflow/.local/lib/python3.12/site-packages/airflow/example_dags/example_dynamic_task_mapping.py
[2024-05-18T19:49:59.888+0000] {processor.py:840} INFO - DAG(s) 'example_dynamic_task_mapping' retrieved from /home/airflow/.local/lib/python3.12/site-packages/airflow/example_dags/example_dynamic_task_mapping.py
[2024-05-18T19:49:59.909+0000] {logging_mixin.py:188} INFO - [2024-05-18T19:49:59.909+0000] {dag.py:3096} INFO - Sync 1 DAGs
[2024-05-18T19:49:59.939+0000] {logging_mixin.py:188} INFO - [2024-05-18T19:49:59.938+0000] {dag.py:3954} INFO - Setting next_dagrun for example_dynamic_task_mapping to 2022-03-04 00:00:00+00:00, run_after=2022-03-05 00:00:00+00:00
[2024-05-18T19:49:59.975+0000] {processor.py:183} INFO - Processing /home/airflow/.local/lib/python3.12/site-packages/airflow/example_dags/example_dynamic_task_mapping.py took 0.103 seconds
[2024-05-18T19:50:30.235+0000] {processor.py:161} INFO - Started process (PID=1061) to work on /home/airflow/.local/lib/python3.12/site-packages/airflow/example_dags/example_dynamic_task_mapping.py
[2024-05-18T19:50:30.237+0000] {processor.py:830} INFO - Processing file /home/airflow/.local/lib/python3.12/site-packages/airflow/example_dags/example_dynamic_task_mapping.py for tasks to queue
[2024-05-18T19:50:30.238+0000] {logging_mixin.py:188} INFO - [2024-05-18T19:50:30.238+0000] {dagbag.py:545} INFO - Filling up the DagBag from /home/airflow/.local/lib/python3.12/site-packages/airflow/example_dags/example_dynamic_task_mapping.py
[2024-05-18T19:50:30.245+0000] {processor.py:840} INFO - DAG(s) 'example_dynamic_task_mapping' retrieved from /home/airflow/.local/lib/python3.12/site-packages/airflow/example_dags/example_dynamic_task_mapping.py
[2024-05-18T19:50:30.264+0000] {logging_mixin.py:188} INFO - [2024-05-18T19:50:30.264+0000] {dag.py:3096} INFO - Sync 1 DAGs
[2024-05-18T19:50:30.284+0000] {logging_mixin.py:188} INFO - [2024-05-18T19:50:30.283+0000] {dag.py:3954} INFO - Setting next_dagrun for example_dynamic_task_mapping to 2022-03-04 00:00:00+00:00, run_after=2022-03-05 00:00:00+00:00
[2024-05-18T19:50:30.306+0000] {processor.py:183} INFO - Processing /home/airflow/.local/lib/python3.12/site-packages/airflow/example_dags/example_dynamic_task_mapping.py took 0.076 seconds
[2024-05-18T19:51:01.207+0000] {processor.py:161} INFO - Started process (PID=1119) to work on /home/airflow/.local/lib/python3.12/site-packages/airflow/example_dags/example_dynamic_task_mapping.py
[2024-05-18T19:51:01.208+0000] {processor.py:830} INFO - Processing file /home/airflow/.local/lib/python3.12/site-packages/airflow/example_dags/example_dynamic_task_mapping.py for tasks to queue
[2024-05-18T19:51:01.210+0000] {logging_mixin.py:188} INFO - [2024-05-18T19:51:01.210+0000] {dagbag.py:545} INFO - Filling up the DagBag from /home/airflow/.local/lib/python3.12/site-packages/airflow/example_dags/example_dynamic_task_mapping.py
[2024-05-18T19:51:01.217+0000] {processor.py:840} INFO - DAG(s) 'example_dynamic_task_mapping' retrieved from /home/airflow/.local/lib/python3.12/site-packages/airflow/example_dags/example_dynamic_task_mapping.py
[2024-05-18T19:51:01.236+0000] {logging_mixin.py:188} INFO - [2024-05-18T19:51:01.236+0000] {dag.py:3096} INFO - Sync 1 DAGs
[2024-05-18T19:51:01.257+0000] {logging_mixin.py:188} INFO - [2024-05-18T19:51:01.256+0000] {dag.py:3954} INFO - Setting next_dagrun for example_dynamic_task_mapping to 2022-03-04 00:00:00+00:00, run_after=2022-03-05 00:00:00+00:00
[2024-05-18T19:51:01.279+0000] {processor.py:183} INFO - Processing /home/airflow/.local/lib/python3.12/site-packages/airflow/example_dags/example_dynamic_task_mapping.py took 0.077 seconds
[2024-05-18T19:51:31.517+0000] {processor.py:161} INFO - Started process (PID=1177) to work on /home/airflow/.local/lib/python3.12/site-packages/airflow/example_dags/example_dynamic_task_mapping.py
[2024-05-18T19:51:31.518+0000] {processor.py:830} INFO - Processing file /home/airflow/.local/lib/python3.12/site-packages/airflow/example_dags/example_dynamic_task_mapping.py for tasks to queue
[2024-05-18T19:51:31.521+0000] {logging_mixin.py:188} INFO - [2024-05-18T19:51:31.520+0000] {dagbag.py:545} INFO - Filling up the DagBag from /home/airflow/.local/lib/python3.12/site-packages/airflow/example_dags/example_dynamic_task_mapping.py
[2024-05-18T19:51:31.529+0000] {processor.py:840} INFO - DAG(s) 'example_dynamic_task_mapping' retrieved from /home/airflow/.local/lib/python3.12/site-packages/airflow/example_dags/example_dynamic_task_mapping.py
[2024-05-18T19:51:31.550+0000] {logging_mixin.py:188} INFO - [2024-05-18T19:51:31.550+0000] {dag.py:3096} INFO - Sync 1 DAGs
[2024-05-18T19:51:31.573+0000] {logging_mixin.py:188} INFO - [2024-05-18T19:51:31.573+0000] {dag.py:3954} INFO - Setting next_dagrun for example_dynamic_task_mapping to 2022-03-04 00:00:00+00:00, run_after=2022-03-05 00:00:00+00:00
[2024-05-18T19:51:31.592+0000] {processor.py:183} INFO - Processing /home/airflow/.local/lib/python3.12/site-packages/airflow/example_dags/example_dynamic_task_mapping.py took 0.081 seconds
[2024-05-18T19:52:02.022+0000] {processor.py:161} INFO - Started process (PID=1235) to work on /home/airflow/.local/lib/python3.12/site-packages/airflow/example_dags/example_dynamic_task_mapping.py
[2024-05-18T19:52:02.023+0000] {processor.py:830} INFO - Processing file /home/airflow/.local/lib/python3.12/site-packages/airflow/example_dags/example_dynamic_task_mapping.py for tasks to queue
[2024-05-18T19:52:02.025+0000] {logging_mixin.py:188} INFO - [2024-05-18T19:52:02.025+0000] {dagbag.py:545} INFO - Filling up the DagBag from /home/airflow/.local/lib/python3.12/site-packages/airflow/example_dags/example_dynamic_task_mapping.py
[2024-05-18T19:52:02.031+0000] {processor.py:840} INFO - DAG(s) 'example_dynamic_task_mapping' retrieved from /home/airflow/.local/lib/python3.12/site-packages/airflow/example_dags/example_dynamic_task_mapping.py
[2024-05-18T19:52:02.051+0000] {logging_mixin.py:188} INFO - [2024-05-18T19:52:02.051+0000] {dag.py:3096} INFO - Sync 1 DAGs
[2024-05-18T19:52:02.072+0000] {logging_mixin.py:188} INFO - [2024-05-18T19:52:02.071+0000] {dag.py:3954} INFO - Setting next_dagrun for example_dynamic_task_mapping to 2022-03-04 00:00:00+00:00, run_after=2022-03-05 00:00:00+00:00
[2024-05-18T19:52:02.097+0000] {processor.py:183} INFO - Processing /home/airflow/.local/lib/python3.12/site-packages/airflow/example_dags/example_dynamic_task_mapping.py took 0.081 seconds
[2024-05-18T19:52:32.610+0000] {processor.py:161} INFO - Started process (PID=1293) to work on /home/airflow/.local/lib/python3.12/site-packages/airflow/example_dags/example_dynamic_task_mapping.py
[2024-05-18T19:52:32.611+0000] {processor.py:830} INFO - Processing file /home/airflow/.local/lib/python3.12/site-packages/airflow/example_dags/example_dynamic_task_mapping.py for tasks to queue
[2024-05-18T19:52:32.613+0000] {logging_mixin.py:188} INFO - [2024-05-18T19:52:32.613+0000] {dagbag.py:545} INFO - Filling up the DagBag from /home/airflow/.local/lib/python3.12/site-packages/airflow/example_dags/example_dynamic_task_mapping.py
[2024-05-18T19:52:32.620+0000] {processor.py:840} INFO - DAG(s) 'example_dynamic_task_mapping' retrieved from /home/airflow/.local/lib/python3.12/site-packages/airflow/example_dags/example_dynamic_task_mapping.py
[2024-05-18T19:52:32.639+0000] {logging_mixin.py:188} INFO - [2024-05-18T19:52:32.638+0000] {dag.py:3096} INFO - Sync 1 DAGs
[2024-05-18T19:52:32.660+0000] {logging_mixin.py:188} INFO - [2024-05-18T19:52:32.660+0000] {dag.py:3954} INFO - Setting next_dagrun for example_dynamic_task_mapping to 2022-03-04 00:00:00+00:00, run_after=2022-03-05 00:00:00+00:00
[2024-05-18T19:52:32.682+0000] {processor.py:183} INFO - Processing /home/airflow/.local/lib/python3.12/site-packages/airflow/example_dags/example_dynamic_task_mapping.py took 0.078 seconds
[2024-05-18T19:53:03.234+0000] {processor.py:161} INFO - Started process (PID=1351) to work on /home/airflow/.local/lib/python3.12/site-packages/airflow/example_dags/example_dynamic_task_mapping.py
[2024-05-18T19:53:03.236+0000] {processor.py:830} INFO - Processing file /home/airflow/.local/lib/python3.12/site-packages/airflow/example_dags/example_dynamic_task_mapping.py for tasks to queue
[2024-05-18T19:53:03.238+0000] {logging_mixin.py:188} INFO - [2024-05-18T19:53:03.237+0000] {dagbag.py:545} INFO - Filling up the DagBag from /home/airflow/.local/lib/python3.12/site-packages/airflow/example_dags/example_dynamic_task_mapping.py
[2024-05-18T19:53:03.244+0000] {processor.py:840} INFO - DAG(s) 'example_dynamic_task_mapping' retrieved from /home/airflow/.local/lib/python3.12/site-packages/airflow/example_dags/example_dynamic_task_mapping.py
[2024-05-18T19:53:03.263+0000] {logging_mixin.py:188} INFO - [2024-05-18T19:53:03.263+0000] {dag.py:3096} INFO - Sync 1 DAGs
[2024-05-18T19:53:03.283+0000] {logging_mixin.py:188} INFO - [2024-05-18T19:53:03.283+0000] {dag.py:3954} INFO - Setting next_dagrun for example_dynamic_task_mapping to 2022-03-04 00:00:00+00:00, run_after=2022-03-05 00:00:00+00:00
[2024-05-18T19:53:03.304+0000] {processor.py:183} INFO - Processing /home/airflow/.local/lib/python3.12/site-packages/airflow/example_dags/example_dynamic_task_mapping.py took 0.075 seconds
[2024-05-18T19:53:33.954+0000] {processor.py:161} INFO - Started process (PID=1409) to work on /home/airflow/.local/lib/python3.12/site-packages/airflow/example_dags/example_dynamic_task_mapping.py
[2024-05-18T19:53:33.956+0000] {processor.py:830} INFO - Processing file /home/airflow/.local/lib/python3.12/site-packages/airflow/example_dags/example_dynamic_task_mapping.py for tasks to queue
[2024-05-18T19:53:33.958+0000] {logging_mixin.py:188} INFO - [2024-05-18T19:53:33.957+0000] {dagbag.py:545} INFO - Filling up the DagBag from /home/airflow/.local/lib/python3.12/site-packages/airflow/example_dags/example_dynamic_task_mapping.py
[2024-05-18T19:53:33.964+0000] {processor.py:840} INFO - DAG(s) 'example_dynamic_task_mapping' retrieved from /home/airflow/.local/lib/python3.12/site-packages/airflow/example_dags/example_dynamic_task_mapping.py
[2024-05-18T19:53:33.983+0000] {logging_mixin.py:188} INFO - [2024-05-18T19:53:33.982+0000] {dag.py:3096} INFO - Sync 1 DAGs
[2024-05-18T19:53:34.004+0000] {logging_mixin.py:188} INFO - [2024-05-18T19:53:34.004+0000] {dag.py:3954} INFO - Setting next_dagrun for example_dynamic_task_mapping to 2022-03-04 00:00:00+00:00, run_after=2022-03-05 00:00:00+00:00
[2024-05-18T19:53:34.026+0000] {processor.py:183} INFO - Processing /home/airflow/.local/lib/python3.12/site-packages/airflow/example_dags/example_dynamic_task_mapping.py took 0.077 seconds
[2024-05-18T19:54:04.406+0000] {processor.py:161} INFO - Started process (PID=1467) to work on /home/airflow/.local/lib/python3.12/site-packages/airflow/example_dags/example_dynamic_task_mapping.py
[2024-05-18T19:54:04.407+0000] {processor.py:830} INFO - Processing file /home/airflow/.local/lib/python3.12/site-packages/airflow/example_dags/example_dynamic_task_mapping.py for tasks to queue
[2024-05-18T19:54:04.409+0000] {logging_mixin.py:188} INFO - [2024-05-18T19:54:04.409+0000] {dagbag.py:545} INFO - Filling up the DagBag from /home/airflow/.local/lib/python3.12/site-packages/airflow/example_dags/example_dynamic_task_mapping.py
[2024-05-18T19:54:04.416+0000] {processor.py:840} INFO - DAG(s) 'example_dynamic_task_mapping' retrieved from /home/airflow/.local/lib/python3.12/site-packages/airflow/example_dags/example_dynamic_task_mapping.py
[2024-05-18T19:54:04.436+0000] {logging_mixin.py:188} INFO - [2024-05-18T19:54:04.435+0000] {dag.py:3096} INFO - Sync 1 DAGs
[2024-05-18T19:54:04.457+0000] {logging_mixin.py:188} INFO - [2024-05-18T19:54:04.456+0000] {dag.py:3954} INFO - Setting next_dagrun for example_dynamic_task_mapping to 2022-03-04 00:00:00+00:00, run_after=2022-03-05 00:00:00+00:00
[2024-05-18T19:54:04.478+0000] {processor.py:183} INFO - Processing /home/airflow/.local/lib/python3.12/site-packages/airflow/example_dags/example_dynamic_task_mapping.py took 0.078 seconds
[2024-05-18T19:54:34.608+0000] {processor.py:161} INFO - Started process (PID=1524) to work on /home/airflow/.local/lib/python3.12/site-packages/airflow/example_dags/example_dynamic_task_mapping.py
[2024-05-18T19:54:34.609+0000] {processor.py:830} INFO - Processing file /home/airflow/.local/lib/python3.12/site-packages/airflow/example_dags/example_dynamic_task_mapping.py for tasks to queue
[2024-05-18T19:54:34.611+0000] {logging_mixin.py:188} INFO - [2024-05-18T19:54:34.611+0000] {dagbag.py:545} INFO - Filling up the DagBag from /home/airflow/.local/lib/python3.12/site-packages/airflow/example_dags/example_dynamic_task_mapping.py
[2024-05-18T19:54:34.618+0000] {processor.py:840} INFO - DAG(s) 'example_dynamic_task_mapping' retrieved from /home/airflow/.local/lib/python3.12/site-packages/airflow/example_dags/example_dynamic_task_mapping.py
[2024-05-18T19:54:34.636+0000] {logging_mixin.py:188} INFO - [2024-05-18T19:54:34.636+0000] {dag.py:3096} INFO - Sync 1 DAGs
[2024-05-18T19:54:34.660+0000] {logging_mixin.py:188} INFO - [2024-05-18T19:54:34.659+0000] {dag.py:3954} INFO - Setting next_dagrun for example_dynamic_task_mapping to 2022-03-04 00:00:00+00:00, run_after=2022-03-05 00:00:00+00:00
[2024-05-18T19:54:34.681+0000] {processor.py:183} INFO - Processing /home/airflow/.local/lib/python3.12/site-packages/airflow/example_dags/example_dynamic_task_mapping.py took 0.079 seconds
[2024-05-18T19:55:04.795+0000] {processor.py:161} INFO - Started process (PID=1583) to work on /home/airflow/.local/lib/python3.12/site-packages/airflow/example_dags/example_dynamic_task_mapping.py
[2024-05-18T19:55:04.796+0000] {processor.py:830} INFO - Processing file /home/airflow/.local/lib/python3.12/site-packages/airflow/example_dags/example_dynamic_task_mapping.py for tasks to queue
[2024-05-18T19:55:04.798+0000] {logging_mixin.py:188} INFO - [2024-05-18T19:55:04.797+0000] {dagbag.py:545} INFO - Filling up the DagBag from /home/airflow/.local/lib/python3.12/site-packages/airflow/example_dags/example_dynamic_task_mapping.py
[2024-05-18T19:55:04.805+0000] {processor.py:840} INFO - DAG(s) 'example_dynamic_task_mapping' retrieved from /home/airflow/.local/lib/python3.12/site-packages/airflow/example_dags/example_dynamic_task_mapping.py
[2024-05-18T19:55:04.823+0000] {logging_mixin.py:188} INFO - [2024-05-18T19:55:04.823+0000] {dag.py:3096} INFO - Sync 1 DAGs
[2024-05-18T19:55:04.846+0000] {logging_mixin.py:188} INFO - [2024-05-18T19:55:04.846+0000] {dag.py:3954} INFO - Setting next_dagrun for example_dynamic_task_mapping to 2022-03-04 00:00:00+00:00, run_after=2022-03-05 00:00:00+00:00
[2024-05-18T19:55:04.868+0000] {processor.py:183} INFO - Processing /home/airflow/.local/lib/python3.12/site-packages/airflow/example_dags/example_dynamic_task_mapping.py took 0.079 seconds
[2024-05-18T20:00:14.199+0000] {processor.py:161} INFO - Started process (PID=71) to work on /home/airflow/.local/lib/python3.12/site-packages/airflow/example_dags/example_dynamic_task_mapping.py
[2024-05-18T20:00:14.201+0000] {processor.py:830} INFO - Processing file /home/airflow/.local/lib/python3.12/site-packages/airflow/example_dags/example_dynamic_task_mapping.py for tasks to queue
[2024-05-18T20:00:14.204+0000] {logging_mixin.py:188} INFO - [2024-05-18T20:00:14.203+0000] {dagbag.py:545} INFO - Filling up the DagBag from /home/airflow/.local/lib/python3.12/site-packages/airflow/example_dags/example_dynamic_task_mapping.py
[2024-05-18T20:00:14.216+0000] {processor.py:840} INFO - DAG(s) 'example_dynamic_task_mapping' retrieved from /home/airflow/.local/lib/python3.12/site-packages/airflow/example_dags/example_dynamic_task_mapping.py
[2024-05-18T20:00:14.230+0000] {logging_mixin.py:188} INFO - [2024-05-18T20:00:14.230+0000] {dag.py:3096} INFO - Sync 1 DAGs
[2024-05-18T20:00:14.264+0000] {logging_mixin.py:188} INFO - [2024-05-18T20:00:14.264+0000] {dag.py:3954} INFO - Setting next_dagrun for example_dynamic_task_mapping to 2022-03-04 00:00:00+00:00, run_after=2022-03-05 00:00:00+00:00
[2024-05-18T20:00:14.294+0000] {processor.py:183} INFO - Processing /home/airflow/.local/lib/python3.12/site-packages/airflow/example_dags/example_dynamic_task_mapping.py took 0.104 seconds
[2024-05-18T20:00:45.858+0000] {processor.py:161} INFO - Started process (PID=129) to work on /home/airflow/.local/lib/python3.12/site-packages/airflow/example_dags/example_dynamic_task_mapping.py
[2024-05-18T20:00:45.859+0000] {processor.py:830} INFO - Processing file /home/airflow/.local/lib/python3.12/site-packages/airflow/example_dags/example_dynamic_task_mapping.py for tasks to queue
[2024-05-18T20:00:45.861+0000] {logging_mixin.py:188} INFO - [2024-05-18T20:00:45.861+0000] {dagbag.py:545} INFO - Filling up the DagBag from /home/airflow/.local/lib/python3.12/site-packages/airflow/example_dags/example_dynamic_task_mapping.py
[2024-05-18T20:00:45.867+0000] {processor.py:840} INFO - DAG(s) 'example_dynamic_task_mapping' retrieved from /home/airflow/.local/lib/python3.12/site-packages/airflow/example_dags/example_dynamic_task_mapping.py
[2024-05-18T20:00:45.958+0000] {logging_mixin.py:188} INFO - [2024-05-18T20:00:45.958+0000] {dag.py:3096} INFO - Sync 1 DAGs
[2024-05-18T20:00:45.976+0000] {logging_mixin.py:188} INFO - [2024-05-18T20:00:45.976+0000] {dag.py:3954} INFO - Setting next_dagrun for example_dynamic_task_mapping to 2022-03-04 00:00:00+00:00, run_after=2022-03-05 00:00:00+00:00
[2024-05-18T20:00:45.998+0000] {processor.py:183} INFO - Processing /home/airflow/.local/lib/python3.12/site-packages/airflow/example_dags/example_dynamic_task_mapping.py took 0.144 seconds
[2024-05-18T20:01:16.097+0000] {processor.py:161} INFO - Started process (PID=187) to work on /home/airflow/.local/lib/python3.12/site-packages/airflow/example_dags/example_dynamic_task_mapping.py
[2024-05-18T20:01:16.098+0000] {processor.py:830} INFO - Processing file /home/airflow/.local/lib/python3.12/site-packages/airflow/example_dags/example_dynamic_task_mapping.py for tasks to queue
[2024-05-18T20:01:16.100+0000] {logging_mixin.py:188} INFO - [2024-05-18T20:01:16.100+0000] {dagbag.py:545} INFO - Filling up the DagBag from /home/airflow/.local/lib/python3.12/site-packages/airflow/example_dags/example_dynamic_task_mapping.py
[2024-05-18T20:01:16.106+0000] {processor.py:840} INFO - DAG(s) 'example_dynamic_task_mapping' retrieved from /home/airflow/.local/lib/python3.12/site-packages/airflow/example_dags/example_dynamic_task_mapping.py
[2024-05-18T20:01:16.126+0000] {logging_mixin.py:188} INFO - [2024-05-18T20:01:16.125+0000] {dag.py:3096} INFO - Sync 1 DAGs
[2024-05-18T20:01:16.145+0000] {logging_mixin.py:188} INFO - [2024-05-18T20:01:16.145+0000] {dag.py:3954} INFO - Setting next_dagrun for example_dynamic_task_mapping to 2022-03-04 00:00:00+00:00, run_after=2022-03-05 00:00:00+00:00
[2024-05-18T20:01:16.166+0000] {processor.py:183} INFO - Processing /home/airflow/.local/lib/python3.12/site-packages/airflow/example_dags/example_dynamic_task_mapping.py took 0.074 seconds
[2024-05-18T20:01:46.347+0000] {processor.py:161} INFO - Started process (PID=245) to work on /home/airflow/.local/lib/python3.12/site-packages/airflow/example_dags/example_dynamic_task_mapping.py
[2024-05-18T20:01:46.348+0000] {processor.py:830} INFO - Processing file /home/airflow/.local/lib/python3.12/site-packages/airflow/example_dags/example_dynamic_task_mapping.py for tasks to queue
[2024-05-18T20:01:46.350+0000] {logging_mixin.py:188} INFO - [2024-05-18T20:01:46.350+0000] {dagbag.py:545} INFO - Filling up the DagBag from /home/airflow/.local/lib/python3.12/site-packages/airflow/example_dags/example_dynamic_task_mapping.py
[2024-05-18T20:01:46.357+0000] {processor.py:840} INFO - DAG(s) 'example_dynamic_task_mapping' retrieved from /home/airflow/.local/lib/python3.12/site-packages/airflow/example_dags/example_dynamic_task_mapping.py
[2024-05-18T20:01:46.376+0000] {logging_mixin.py:188} INFO - [2024-05-18T20:01:46.376+0000] {dag.py:3096} INFO - Sync 1 DAGs
[2024-05-18T20:01:46.397+0000] {logging_mixin.py:188} INFO - [2024-05-18T20:01:46.397+0000] {dag.py:3954} INFO - Setting next_dagrun for example_dynamic_task_mapping to 2022-03-04 00:00:00+00:00, run_after=2022-03-05 00:00:00+00:00
[2024-05-18T20:01:46.416+0000] {processor.py:183} INFO - Processing /home/airflow/.local/lib/python3.12/site-packages/airflow/example_dags/example_dynamic_task_mapping.py took 0.075 seconds
[2024-05-18T20:02:16.921+0000] {processor.py:161} INFO - Started process (PID=303) to work on /home/airflow/.local/lib/python3.12/site-packages/airflow/example_dags/example_dynamic_task_mapping.py
[2024-05-18T20:02:16.922+0000] {processor.py:830} INFO - Processing file /home/airflow/.local/lib/python3.12/site-packages/airflow/example_dags/example_dynamic_task_mapping.py for tasks to queue
[2024-05-18T20:02:16.924+0000] {logging_mixin.py:188} INFO - [2024-05-18T20:02:16.923+0000] {dagbag.py:545} INFO - Filling up the DagBag from /home/airflow/.local/lib/python3.12/site-packages/airflow/example_dags/example_dynamic_task_mapping.py
[2024-05-18T20:02:16.932+0000] {processor.py:840} INFO - DAG(s) 'example_dynamic_task_mapping' retrieved from /home/airflow/.local/lib/python3.12/site-packages/airflow/example_dags/example_dynamic_task_mapping.py
[2024-05-18T20:02:16.953+0000] {logging_mixin.py:188} INFO - [2024-05-18T20:02:16.953+0000] {dag.py:3096} INFO - Sync 1 DAGs
[2024-05-18T20:02:16.975+0000] {logging_mixin.py:188} INFO - [2024-05-18T20:02:16.975+0000] {dag.py:3954} INFO - Setting next_dagrun for example_dynamic_task_mapping to 2022-03-04 00:00:00+00:00, run_after=2022-03-05 00:00:00+00:00
[2024-05-18T20:02:16.995+0000] {processor.py:183} INFO - Processing /home/airflow/.local/lib/python3.12/site-packages/airflow/example_dags/example_dynamic_task_mapping.py took 0.080 seconds
[2024-05-18T20:02:47.197+0000] {processor.py:161} INFO - Started process (PID=361) to work on /home/airflow/.local/lib/python3.12/site-packages/airflow/example_dags/example_dynamic_task_mapping.py
[2024-05-18T20:02:47.198+0000] {processor.py:830} INFO - Processing file /home/airflow/.local/lib/python3.12/site-packages/airflow/example_dags/example_dynamic_task_mapping.py for tasks to queue
[2024-05-18T20:02:47.200+0000] {logging_mixin.py:188} INFO - [2024-05-18T20:02:47.199+0000] {dagbag.py:545} INFO - Filling up the DagBag from /home/airflow/.local/lib/python3.12/site-packages/airflow/example_dags/example_dynamic_task_mapping.py
[2024-05-18T20:02:47.207+0000] {processor.py:840} INFO - DAG(s) 'example_dynamic_task_mapping' retrieved from /home/airflow/.local/lib/python3.12/site-packages/airflow/example_dags/example_dynamic_task_mapping.py
[2024-05-18T20:02:47.226+0000] {logging_mixin.py:188} INFO - [2024-05-18T20:02:47.226+0000] {dag.py:3096} INFO - Sync 1 DAGs
[2024-05-18T20:02:47.247+0000] {logging_mixin.py:188} INFO - [2024-05-18T20:02:47.247+0000] {dag.py:3954} INFO - Setting next_dagrun for example_dynamic_task_mapping to 2022-03-04 00:00:00+00:00, run_after=2022-03-05 00:00:00+00:00
[2024-05-18T20:02:47.268+0000] {processor.py:183} INFO - Processing /home/airflow/.local/lib/python3.12/site-packages/airflow/example_dags/example_dynamic_task_mapping.py took 0.076 seconds
[2024-05-18T20:03:18.179+0000] {processor.py:161} INFO - Started process (PID=419) to work on /home/airflow/.local/lib/python3.12/site-packages/airflow/example_dags/example_dynamic_task_mapping.py
[2024-05-18T20:03:18.180+0000] {processor.py:830} INFO - Processing file /home/airflow/.local/lib/python3.12/site-packages/airflow/example_dags/example_dynamic_task_mapping.py for tasks to queue
[2024-05-18T20:03:18.182+0000] {logging_mixin.py:188} INFO - [2024-05-18T20:03:18.182+0000] {dagbag.py:545} INFO - Filling up the DagBag from /home/airflow/.local/lib/python3.12/site-packages/airflow/example_dags/example_dynamic_task_mapping.py
[2024-05-18T20:03:18.188+0000] {processor.py:840} INFO - DAG(s) 'example_dynamic_task_mapping' retrieved from /home/airflow/.local/lib/python3.12/site-packages/airflow/example_dags/example_dynamic_task_mapping.py
[2024-05-18T20:03:18.209+0000] {logging_mixin.py:188} INFO - [2024-05-18T20:03:18.209+0000] {dag.py:3096} INFO - Sync 1 DAGs
[2024-05-18T20:03:18.232+0000] {logging_mixin.py:188} INFO - [2024-05-18T20:03:18.232+0000] {dag.py:3954} INFO - Setting next_dagrun for example_dynamic_task_mapping to 2022-03-04 00:00:00+00:00, run_after=2022-03-05 00:00:00+00:00
[2024-05-18T20:03:18.254+0000] {processor.py:183} INFO - Processing /home/airflow/.local/lib/python3.12/site-packages/airflow/example_dags/example_dynamic_task_mapping.py took 0.082 seconds
[2024-05-18T20:03:48.584+0000] {processor.py:161} INFO - Started process (PID=477) to work on /home/airflow/.local/lib/python3.12/site-packages/airflow/example_dags/example_dynamic_task_mapping.py
[2024-05-18T20:03:48.585+0000] {processor.py:830} INFO - Processing file /home/airflow/.local/lib/python3.12/site-packages/airflow/example_dags/example_dynamic_task_mapping.py for tasks to queue
[2024-05-18T20:03:48.586+0000] {logging_mixin.py:188} INFO - [2024-05-18T20:03:48.586+0000] {dagbag.py:545} INFO - Filling up the DagBag from /home/airflow/.local/lib/python3.12/site-packages/airflow/example_dags/example_dynamic_task_mapping.py
[2024-05-18T20:03:48.593+0000] {processor.py:840} INFO - DAG(s) 'example_dynamic_task_mapping' retrieved from /home/airflow/.local/lib/python3.12/site-packages/airflow/example_dags/example_dynamic_task_mapping.py
[2024-05-18T20:03:48.611+0000] {logging_mixin.py:188} INFO - [2024-05-18T20:03:48.611+0000] {dag.py:3096} INFO - Sync 1 DAGs
[2024-05-18T20:03:48.633+0000] {logging_mixin.py:188} INFO - [2024-05-18T20:03:48.633+0000] {dag.py:3954} INFO - Setting next_dagrun for example_dynamic_task_mapping to 2022-03-04 00:00:00+00:00, run_after=2022-03-05 00:00:00+00:00
[2024-05-18T20:03:48.653+0000] {processor.py:183} INFO - Processing /home/airflow/.local/lib/python3.12/site-packages/airflow/example_dags/example_dynamic_task_mapping.py took 0.075 seconds
[2024-05-18T20:04:19.038+0000] {processor.py:161} INFO - Started process (PID=535) to work on /home/airflow/.local/lib/python3.12/site-packages/airflow/example_dags/example_dynamic_task_mapping.py
[2024-05-18T20:04:19.039+0000] {processor.py:830} INFO - Processing file /home/airflow/.local/lib/python3.12/site-packages/airflow/example_dags/example_dynamic_task_mapping.py for tasks to queue
[2024-05-18T20:04:19.041+0000] {logging_mixin.py:188} INFO - [2024-05-18T20:04:19.041+0000] {dagbag.py:545} INFO - Filling up the DagBag from /home/airflow/.local/lib/python3.12/site-packages/airflow/example_dags/example_dynamic_task_mapping.py
[2024-05-18T20:04:19.047+0000] {processor.py:840} INFO - DAG(s) 'example_dynamic_task_mapping' retrieved from /home/airflow/.local/lib/python3.12/site-packages/airflow/example_dags/example_dynamic_task_mapping.py
[2024-05-18T20:04:19.067+0000] {logging_mixin.py:188} INFO - [2024-05-18T20:04:19.067+0000] {dag.py:3096} INFO - Sync 1 DAGs
[2024-05-18T20:04:19.094+0000] {logging_mixin.py:188} INFO - [2024-05-18T20:04:19.093+0000] {dag.py:3954} INFO - Setting next_dagrun for example_dynamic_task_mapping to 2022-03-04 00:00:00+00:00, run_after=2022-03-05 00:00:00+00:00
[2024-05-18T20:04:19.117+0000] {processor.py:183} INFO - Processing /home/airflow/.local/lib/python3.12/site-packages/airflow/example_dags/example_dynamic_task_mapping.py took 0.084 seconds
[2024-05-18T20:04:49.238+0000] {processor.py:161} INFO - Started process (PID=593) to work on /home/airflow/.local/lib/python3.12/site-packages/airflow/example_dags/example_dynamic_task_mapping.py
[2024-05-18T20:04:49.240+0000] {processor.py:830} INFO - Processing file /home/airflow/.local/lib/python3.12/site-packages/airflow/example_dags/example_dynamic_task_mapping.py for tasks to queue
[2024-05-18T20:04:49.242+0000] {logging_mixin.py:188} INFO - [2024-05-18T20:04:49.242+0000] {dagbag.py:545} INFO - Filling up the DagBag from /home/airflow/.local/lib/python3.12/site-packages/airflow/example_dags/example_dynamic_task_mapping.py
[2024-05-18T20:04:49.249+0000] {processor.py:840} INFO - DAG(s) 'example_dynamic_task_mapping' retrieved from /home/airflow/.local/lib/python3.12/site-packages/airflow/example_dags/example_dynamic_task_mapping.py
[2024-05-18T20:04:49.271+0000] {logging_mixin.py:188} INFO - [2024-05-18T20:04:49.270+0000] {dag.py:3096} INFO - Sync 1 DAGs
[2024-05-18T20:04:49.294+0000] {logging_mixin.py:188} INFO - [2024-05-18T20:04:49.294+0000] {dag.py:3954} INFO - Setting next_dagrun for example_dynamic_task_mapping to 2022-03-04 00:00:00+00:00, run_after=2022-03-05 00:00:00+00:00
[2024-05-18T20:04:49.317+0000] {processor.py:183} INFO - Processing /home/airflow/.local/lib/python3.12/site-packages/airflow/example_dags/example_dynamic_task_mapping.py took 0.085 seconds
[2024-05-18T20:05:19.413+0000] {processor.py:161} INFO - Started process (PID=651) to work on /home/airflow/.local/lib/python3.12/site-packages/airflow/example_dags/example_dynamic_task_mapping.py
[2024-05-18T20:05:19.414+0000] {processor.py:830} INFO - Processing file /home/airflow/.local/lib/python3.12/site-packages/airflow/example_dags/example_dynamic_task_mapping.py for tasks to queue
[2024-05-18T20:05:19.416+0000] {logging_mixin.py:188} INFO - [2024-05-18T20:05:19.416+0000] {dagbag.py:545} INFO - Filling up the DagBag from /home/airflow/.local/lib/python3.12/site-packages/airflow/example_dags/example_dynamic_task_mapping.py
[2024-05-18T20:05:19.423+0000] {processor.py:840} INFO - DAG(s) 'example_dynamic_task_mapping' retrieved from /home/airflow/.local/lib/python3.12/site-packages/airflow/example_dags/example_dynamic_task_mapping.py
[2024-05-18T20:05:19.443+0000] {logging_mixin.py:188} INFO - [2024-05-18T20:05:19.442+0000] {dag.py:3096} INFO - Sync 1 DAGs
[2024-05-18T20:05:19.463+0000] {logging_mixin.py:188} INFO - [2024-05-18T20:05:19.463+0000] {dag.py:3954} INFO - Setting next_dagrun for example_dynamic_task_mapping to 2022-03-04 00:00:00+00:00, run_after=2022-03-05 00:00:00+00:00
[2024-05-18T20:05:19.484+0000] {processor.py:183} INFO - Processing /home/airflow/.local/lib/python3.12/site-packages/airflow/example_dags/example_dynamic_task_mapping.py took 0.076 seconds
[2024-05-18T20:05:49.579+0000] {processor.py:161} INFO - Started process (PID=709) to work on /home/airflow/.local/lib/python3.12/site-packages/airflow/example_dags/example_dynamic_task_mapping.py
[2024-05-18T20:05:49.580+0000] {processor.py:830} INFO - Processing file /home/airflow/.local/lib/python3.12/site-packages/airflow/example_dags/example_dynamic_task_mapping.py for tasks to queue
[2024-05-18T20:05:49.582+0000] {logging_mixin.py:188} INFO - [2024-05-18T20:05:49.582+0000] {dagbag.py:545} INFO - Filling up the DagBag from /home/airflow/.local/lib/python3.12/site-packages/airflow/example_dags/example_dynamic_task_mapping.py
[2024-05-18T20:05:49.589+0000] {processor.py:840} INFO - DAG(s) 'example_dynamic_task_mapping' retrieved from /home/airflow/.local/lib/python3.12/site-packages/airflow/example_dags/example_dynamic_task_mapping.py
[2024-05-18T20:05:49.608+0000] {logging_mixin.py:188} INFO - [2024-05-18T20:05:49.607+0000] {dag.py:3096} INFO - Sync 1 DAGs
[2024-05-18T20:05:49.628+0000] {logging_mixin.py:188} INFO - [2024-05-18T20:05:49.628+0000] {dag.py:3954} INFO - Setting next_dagrun for example_dynamic_task_mapping to 2022-03-04 00:00:00+00:00, run_after=2022-03-05 00:00:00+00:00
[2024-05-18T20:05:49.650+0000] {processor.py:183} INFO - Processing /home/airflow/.local/lib/python3.12/site-packages/airflow/example_dags/example_dynamic_task_mapping.py took 0.077 seconds
[2024-05-18T20:06:19.820+0000] {processor.py:161} INFO - Started process (PID=767) to work on /home/airflow/.local/lib/python3.12/site-packages/airflow/example_dags/example_dynamic_task_mapping.py
[2024-05-18T20:06:19.821+0000] {processor.py:830} INFO - Processing file /home/airflow/.local/lib/python3.12/site-packages/airflow/example_dags/example_dynamic_task_mapping.py for tasks to queue
[2024-05-18T20:06:19.824+0000] {logging_mixin.py:188} INFO - [2024-05-18T20:06:19.823+0000] {dagbag.py:545} INFO - Filling up the DagBag from /home/airflow/.local/lib/python3.12/site-packages/airflow/example_dags/example_dynamic_task_mapping.py
[2024-05-18T20:06:19.830+0000] {processor.py:840} INFO - DAG(s) 'example_dynamic_task_mapping' retrieved from /home/airflow/.local/lib/python3.12/site-packages/airflow/example_dags/example_dynamic_task_mapping.py
[2024-05-18T20:06:19.851+0000] {logging_mixin.py:188} INFO - [2024-05-18T20:06:19.850+0000] {dag.py:3096} INFO - Sync 1 DAGs
[2024-05-18T20:06:19.870+0000] {logging_mixin.py:188} INFO - [2024-05-18T20:06:19.870+0000] {dag.py:3954} INFO - Setting next_dagrun for example_dynamic_task_mapping to 2022-03-04 00:00:00+00:00, run_after=2022-03-05 00:00:00+00:00
[2024-05-18T20:06:19.891+0000] {processor.py:183} INFO - Processing /home/airflow/.local/lib/python3.12/site-packages/airflow/example_dags/example_dynamic_task_mapping.py took 0.077 seconds
[2024-05-18T20:06:51.104+0000] {processor.py:161} INFO - Started process (PID=825) to work on /home/airflow/.local/lib/python3.12/site-packages/airflow/example_dags/example_dynamic_task_mapping.py
[2024-05-18T20:06:51.105+0000] {processor.py:830} INFO - Processing file /home/airflow/.local/lib/python3.12/site-packages/airflow/example_dags/example_dynamic_task_mapping.py for tasks to queue
[2024-05-18T20:06:51.107+0000] {logging_mixin.py:188} INFO - [2024-05-18T20:06:51.106+0000] {dagbag.py:545} INFO - Filling up the DagBag from /home/airflow/.local/lib/python3.12/site-packages/airflow/example_dags/example_dynamic_task_mapping.py
[2024-05-18T20:06:51.113+0000] {processor.py:840} INFO - DAG(s) 'example_dynamic_task_mapping' retrieved from /home/airflow/.local/lib/python3.12/site-packages/airflow/example_dags/example_dynamic_task_mapping.py
[2024-05-18T20:06:51.134+0000] {logging_mixin.py:188} INFO - [2024-05-18T20:06:51.134+0000] {dag.py:3096} INFO - Sync 1 DAGs
[2024-05-18T20:06:51.155+0000] {logging_mixin.py:188} INFO - [2024-05-18T20:06:51.155+0000] {dag.py:3954} INFO - Setting next_dagrun for example_dynamic_task_mapping to 2022-03-04 00:00:00+00:00, run_after=2022-03-05 00:00:00+00:00
[2024-05-18T20:06:51.175+0000] {processor.py:183} INFO - Processing /home/airflow/.local/lib/python3.12/site-packages/airflow/example_dags/example_dynamic_task_mapping.py took 0.077 seconds
[2024-05-18T20:07:21.246+0000] {processor.py:161} INFO - Started process (PID=883) to work on /home/airflow/.local/lib/python3.12/site-packages/airflow/example_dags/example_dynamic_task_mapping.py
[2024-05-18T20:07:21.247+0000] {processor.py:830} INFO - Processing file /home/airflow/.local/lib/python3.12/site-packages/airflow/example_dags/example_dynamic_task_mapping.py for tasks to queue
[2024-05-18T20:07:21.249+0000] {logging_mixin.py:188} INFO - [2024-05-18T20:07:21.249+0000] {dagbag.py:545} INFO - Filling up the DagBag from /home/airflow/.local/lib/python3.12/site-packages/airflow/example_dags/example_dynamic_task_mapping.py
[2024-05-18T20:07:21.255+0000] {processor.py:840} INFO - DAG(s) 'example_dynamic_task_mapping' retrieved from /home/airflow/.local/lib/python3.12/site-packages/airflow/example_dags/example_dynamic_task_mapping.py
[2024-05-18T20:07:21.274+0000] {logging_mixin.py:188} INFO - [2024-05-18T20:07:21.274+0000] {dag.py:3096} INFO - Sync 1 DAGs
[2024-05-18T20:07:21.294+0000] {logging_mixin.py:188} INFO - [2024-05-18T20:07:21.294+0000] {dag.py:3954} INFO - Setting next_dagrun for example_dynamic_task_mapping to 2022-03-04 00:00:00+00:00, run_after=2022-03-05 00:00:00+00:00
[2024-05-18T20:07:21.316+0000] {processor.py:183} INFO - Processing /home/airflow/.local/lib/python3.12/site-packages/airflow/example_dags/example_dynamic_task_mapping.py took 0.075 seconds
[2024-05-18T20:07:51.920+0000] {processor.py:161} INFO - Started process (PID=941) to work on /home/airflow/.local/lib/python3.12/site-packages/airflow/example_dags/example_dynamic_task_mapping.py
[2024-05-18T20:07:51.921+0000] {processor.py:830} INFO - Processing file /home/airflow/.local/lib/python3.12/site-packages/airflow/example_dags/example_dynamic_task_mapping.py for tasks to queue
[2024-05-18T20:07:51.922+0000] {logging_mixin.py:188} INFO - [2024-05-18T20:07:51.922+0000] {dagbag.py:545} INFO - Filling up the DagBag from /home/airflow/.local/lib/python3.12/site-packages/airflow/example_dags/example_dynamic_task_mapping.py
[2024-05-18T20:07:51.929+0000] {processor.py:840} INFO - DAG(s) 'example_dynamic_task_mapping' retrieved from /home/airflow/.local/lib/python3.12/site-packages/airflow/example_dags/example_dynamic_task_mapping.py
[2024-05-18T20:07:51.949+0000] {logging_mixin.py:188} INFO - [2024-05-18T20:07:51.948+0000] {dag.py:3096} INFO - Sync 1 DAGs
[2024-05-18T20:07:51.970+0000] {logging_mixin.py:188} INFO - [2024-05-18T20:07:51.970+0000] {dag.py:3954} INFO - Setting next_dagrun for example_dynamic_task_mapping to 2022-03-04 00:00:00+00:00, run_after=2022-03-05 00:00:00+00:00
[2024-05-18T20:07:51.990+0000] {processor.py:183} INFO - Processing /home/airflow/.local/lib/python3.12/site-packages/airflow/example_dags/example_dynamic_task_mapping.py took 0.076 seconds
[2024-05-18T20:08:22.095+0000] {processor.py:161} INFO - Started process (PID=1000) to work on /home/airflow/.local/lib/python3.12/site-packages/airflow/example_dags/example_dynamic_task_mapping.py
[2024-05-18T20:08:22.096+0000] {processor.py:830} INFO - Processing file /home/airflow/.local/lib/python3.12/site-packages/airflow/example_dags/example_dynamic_task_mapping.py for tasks to queue
[2024-05-18T20:08:22.098+0000] {logging_mixin.py:188} INFO - [2024-05-18T20:08:22.098+0000] {dagbag.py:545} INFO - Filling up the DagBag from /home/airflow/.local/lib/python3.12/site-packages/airflow/example_dags/example_dynamic_task_mapping.py
[2024-05-18T20:08:22.104+0000] {processor.py:840} INFO - DAG(s) 'example_dynamic_task_mapping' retrieved from /home/airflow/.local/lib/python3.12/site-packages/airflow/example_dags/example_dynamic_task_mapping.py
[2024-05-18T20:08:22.125+0000] {logging_mixin.py:188} INFO - [2024-05-18T20:08:22.125+0000] {dag.py:3096} INFO - Sync 1 DAGs
[2024-05-18T20:08:22.146+0000] {logging_mixin.py:188} INFO - [2024-05-18T20:08:22.145+0000] {dag.py:3954} INFO - Setting next_dagrun for example_dynamic_task_mapping to 2022-03-04 00:00:00+00:00, run_after=2022-03-05 00:00:00+00:00
[2024-05-18T20:08:22.166+0000] {processor.py:183} INFO - Processing /home/airflow/.local/lib/python3.12/site-packages/airflow/example_dags/example_dynamic_task_mapping.py took 0.076 seconds
[2024-05-18T20:08:52.552+0000] {processor.py:161} INFO - Started process (PID=1058) to work on /home/airflow/.local/lib/python3.12/site-packages/airflow/example_dags/example_dynamic_task_mapping.py
[2024-05-18T20:08:52.554+0000] {processor.py:830} INFO - Processing file /home/airflow/.local/lib/python3.12/site-packages/airflow/example_dags/example_dynamic_task_mapping.py for tasks to queue
[2024-05-18T20:08:52.556+0000] {logging_mixin.py:188} INFO - [2024-05-18T20:08:52.555+0000] {dagbag.py:545} INFO - Filling up the DagBag from /home/airflow/.local/lib/python3.12/site-packages/airflow/example_dags/example_dynamic_task_mapping.py
[2024-05-18T20:08:52.562+0000] {processor.py:840} INFO - DAG(s) 'example_dynamic_task_mapping' retrieved from /home/airflow/.local/lib/python3.12/site-packages/airflow/example_dags/example_dynamic_task_mapping.py
[2024-05-18T20:08:52.582+0000] {logging_mixin.py:188} INFO - [2024-05-18T20:08:52.582+0000] {dag.py:3096} INFO - Sync 1 DAGs
[2024-05-18T20:08:52.603+0000] {logging_mixin.py:188} INFO - [2024-05-18T20:08:52.602+0000] {dag.py:3954} INFO - Setting next_dagrun for example_dynamic_task_mapping to 2022-03-04 00:00:00+00:00, run_after=2022-03-05 00:00:00+00:00
[2024-05-18T20:08:52.624+0000] {processor.py:183} INFO - Processing /home/airflow/.local/lib/python3.12/site-packages/airflow/example_dags/example_dynamic_task_mapping.py took 0.076 seconds
[2024-05-18T20:09:22.965+0000] {processor.py:161} INFO - Started process (PID=1116) to work on /home/airflow/.local/lib/python3.12/site-packages/airflow/example_dags/example_dynamic_task_mapping.py
[2024-05-18T20:09:22.966+0000] {processor.py:830} INFO - Processing file /home/airflow/.local/lib/python3.12/site-packages/airflow/example_dags/example_dynamic_task_mapping.py for tasks to queue
[2024-05-18T20:09:22.968+0000] {logging_mixin.py:188} INFO - [2024-05-18T20:09:22.968+0000] {dagbag.py:545} INFO - Filling up the DagBag from /home/airflow/.local/lib/python3.12/site-packages/airflow/example_dags/example_dynamic_task_mapping.py
[2024-05-18T20:09:22.974+0000] {processor.py:840} INFO - DAG(s) 'example_dynamic_task_mapping' retrieved from /home/airflow/.local/lib/python3.12/site-packages/airflow/example_dags/example_dynamic_task_mapping.py
[2024-05-18T20:09:22.992+0000] {logging_mixin.py:188} INFO - [2024-05-18T20:09:22.992+0000] {dag.py:3096} INFO - Sync 1 DAGs
[2024-05-18T20:09:23.012+0000] {logging_mixin.py:188} INFO - [2024-05-18T20:09:23.012+0000] {dag.py:3954} INFO - Setting next_dagrun for example_dynamic_task_mapping to 2022-03-04 00:00:00+00:00, run_after=2022-03-05 00:00:00+00:00
[2024-05-18T20:09:23.032+0000] {processor.py:183} INFO - Processing /home/airflow/.local/lib/python3.12/site-packages/airflow/example_dags/example_dynamic_task_mapping.py took 0.072 seconds
[2024-05-18T20:09:53.718+0000] {processor.py:161} INFO - Started process (PID=1174) to work on /home/airflow/.local/lib/python3.12/site-packages/airflow/example_dags/example_dynamic_task_mapping.py
[2024-05-18T20:09:53.719+0000] {processor.py:830} INFO - Processing file /home/airflow/.local/lib/python3.12/site-packages/airflow/example_dags/example_dynamic_task_mapping.py for tasks to queue
[2024-05-18T20:09:53.721+0000] {logging_mixin.py:188} INFO - [2024-05-18T20:09:53.721+0000] {dagbag.py:545} INFO - Filling up the DagBag from /home/airflow/.local/lib/python3.12/site-packages/airflow/example_dags/example_dynamic_task_mapping.py
[2024-05-18T20:09:53.728+0000] {processor.py:840} INFO - DAG(s) 'example_dynamic_task_mapping' retrieved from /home/airflow/.local/lib/python3.12/site-packages/airflow/example_dags/example_dynamic_task_mapping.py
[2024-05-18T20:09:53.748+0000] {logging_mixin.py:188} INFO - [2024-05-18T20:09:53.748+0000] {dag.py:3096} INFO - Sync 1 DAGs
[2024-05-18T20:09:53.770+0000] {logging_mixin.py:188} INFO - [2024-05-18T20:09:53.769+0000] {dag.py:3954} INFO - Setting next_dagrun for example_dynamic_task_mapping to 2022-03-04 00:00:00+00:00, run_after=2022-03-05 00:00:00+00:00
[2024-05-18T20:09:53.791+0000] {processor.py:183} INFO - Processing /home/airflow/.local/lib/python3.12/site-packages/airflow/example_dags/example_dynamic_task_mapping.py took 0.079 seconds
[2024-05-18T20:10:24.045+0000] {processor.py:161} INFO - Started process (PID=1232) to work on /home/airflow/.local/lib/python3.12/site-packages/airflow/example_dags/example_dynamic_task_mapping.py
[2024-05-18T20:10:24.046+0000] {processor.py:830} INFO - Processing file /home/airflow/.local/lib/python3.12/site-packages/airflow/example_dags/example_dynamic_task_mapping.py for tasks to queue
[2024-05-18T20:10:24.048+0000] {logging_mixin.py:188} INFO - [2024-05-18T20:10:24.048+0000] {dagbag.py:545} INFO - Filling up the DagBag from /home/airflow/.local/lib/python3.12/site-packages/airflow/example_dags/example_dynamic_task_mapping.py
[2024-05-18T20:10:24.055+0000] {processor.py:840} INFO - DAG(s) 'example_dynamic_task_mapping' retrieved from /home/airflow/.local/lib/python3.12/site-packages/airflow/example_dags/example_dynamic_task_mapping.py
[2024-05-18T20:10:24.073+0000] {logging_mixin.py:188} INFO - [2024-05-18T20:10:24.073+0000] {dag.py:3096} INFO - Sync 1 DAGs
[2024-05-18T20:10:24.097+0000] {logging_mixin.py:188} INFO - [2024-05-18T20:10:24.097+0000] {dag.py:3954} INFO - Setting next_dagrun for example_dynamic_task_mapping to 2022-03-04 00:00:00+00:00, run_after=2022-03-05 00:00:00+00:00
[2024-05-18T20:10:24.118+0000] {processor.py:183} INFO - Processing /home/airflow/.local/lib/python3.12/site-packages/airflow/example_dags/example_dynamic_task_mapping.py took 0.079 seconds
[2024-05-18T20:10:54.670+0000] {processor.py:161} INFO - Started process (PID=1291) to work on /home/airflow/.local/lib/python3.12/site-packages/airflow/example_dags/example_dynamic_task_mapping.py
[2024-05-18T20:10:54.672+0000] {processor.py:830} INFO - Processing file /home/airflow/.local/lib/python3.12/site-packages/airflow/example_dags/example_dynamic_task_mapping.py for tasks to queue
[2024-05-18T20:10:54.674+0000] {logging_mixin.py:188} INFO - [2024-05-18T20:10:54.673+0000] {dagbag.py:545} INFO - Filling up the DagBag from /home/airflow/.local/lib/python3.12/site-packages/airflow/example_dags/example_dynamic_task_mapping.py
[2024-05-18T20:10:54.680+0000] {processor.py:840} INFO - DAG(s) 'example_dynamic_task_mapping' retrieved from /home/airflow/.local/lib/python3.12/site-packages/airflow/example_dags/example_dynamic_task_mapping.py
[2024-05-18T20:10:54.701+0000] {logging_mixin.py:188} INFO - [2024-05-18T20:10:54.701+0000] {dag.py:3096} INFO - Sync 1 DAGs
[2024-05-18T20:10:54.723+0000] {logging_mixin.py:188} INFO - [2024-05-18T20:10:54.722+0000] {dag.py:3954} INFO - Setting next_dagrun for example_dynamic_task_mapping to 2022-03-04 00:00:00+00:00, run_after=2022-03-05 00:00:00+00:00
[2024-05-18T20:10:54.743+0000] {processor.py:183} INFO - Processing /home/airflow/.local/lib/python3.12/site-packages/airflow/example_dags/example_dynamic_task_mapping.py took 0.078 seconds
[2024-05-18T20:11:25.111+0000] {processor.py:161} INFO - Started process (PID=1349) to work on /home/airflow/.local/lib/python3.12/site-packages/airflow/example_dags/example_dynamic_task_mapping.py
[2024-05-18T20:11:25.112+0000] {processor.py:830} INFO - Processing file /home/airflow/.local/lib/python3.12/site-packages/airflow/example_dags/example_dynamic_task_mapping.py for tasks to queue
[2024-05-18T20:11:25.114+0000] {logging_mixin.py:188} INFO - [2024-05-18T20:11:25.114+0000] {dagbag.py:545} INFO - Filling up the DagBag from /home/airflow/.local/lib/python3.12/site-packages/airflow/example_dags/example_dynamic_task_mapping.py
[2024-05-18T20:11:25.121+0000] {processor.py:840} INFO - DAG(s) 'example_dynamic_task_mapping' retrieved from /home/airflow/.local/lib/python3.12/site-packages/airflow/example_dags/example_dynamic_task_mapping.py
[2024-05-18T20:11:25.140+0000] {logging_mixin.py:188} INFO - [2024-05-18T20:11:25.140+0000] {dag.py:3096} INFO - Sync 1 DAGs
[2024-05-18T20:11:25.160+0000] {logging_mixin.py:188} INFO - [2024-05-18T20:11:25.160+0000] {dag.py:3954} INFO - Setting next_dagrun for example_dynamic_task_mapping to 2022-03-04 00:00:00+00:00, run_after=2022-03-05 00:00:00+00:00
[2024-05-18T20:11:25.181+0000] {processor.py:183} INFO - Processing /home/airflow/.local/lib/python3.12/site-packages/airflow/example_dags/example_dynamic_task_mapping.py took 0.075 seconds
[2024-05-18T20:11:55.983+0000] {processor.py:161} INFO - Started process (PID=1407) to work on /home/airflow/.local/lib/python3.12/site-packages/airflow/example_dags/example_dynamic_task_mapping.py
[2024-05-18T20:11:55.984+0000] {processor.py:830} INFO - Processing file /home/airflow/.local/lib/python3.12/site-packages/airflow/example_dags/example_dynamic_task_mapping.py for tasks to queue
[2024-05-18T20:11:55.986+0000] {logging_mixin.py:188} INFO - [2024-05-18T20:11:55.986+0000] {dagbag.py:545} INFO - Filling up the DagBag from /home/airflow/.local/lib/python3.12/site-packages/airflow/example_dags/example_dynamic_task_mapping.py
[2024-05-18T20:11:55.993+0000] {processor.py:840} INFO - DAG(s) 'example_dynamic_task_mapping' retrieved from /home/airflow/.local/lib/python3.12/site-packages/airflow/example_dags/example_dynamic_task_mapping.py
[2024-05-18T20:11:56.012+0000] {logging_mixin.py:188} INFO - [2024-05-18T20:11:56.012+0000] {dag.py:3096} INFO - Sync 1 DAGs
[2024-05-18T20:11:56.032+0000] {logging_mixin.py:188} INFO - [2024-05-18T20:11:56.032+0000] {dag.py:3954} INFO - Setting next_dagrun for example_dynamic_task_mapping to 2022-03-04 00:00:00+00:00, run_after=2022-03-05 00:00:00+00:00
[2024-05-18T20:11:56.052+0000] {processor.py:183} INFO - Processing /home/airflow/.local/lib/python3.12/site-packages/airflow/example_dags/example_dynamic_task_mapping.py took 0.074 seconds
[2024-05-18T20:12:27.238+0000] {processor.py:161} INFO - Started process (PID=1465) to work on /home/airflow/.local/lib/python3.12/site-packages/airflow/example_dags/example_dynamic_task_mapping.py
[2024-05-18T20:12:27.239+0000] {processor.py:830} INFO - Processing file /home/airflow/.local/lib/python3.12/site-packages/airflow/example_dags/example_dynamic_task_mapping.py for tasks to queue
[2024-05-18T20:12:27.241+0000] {logging_mixin.py:188} INFO - [2024-05-18T20:12:27.241+0000] {dagbag.py:545} INFO - Filling up the DagBag from /home/airflow/.local/lib/python3.12/site-packages/airflow/example_dags/example_dynamic_task_mapping.py
[2024-05-18T20:12:27.248+0000] {processor.py:840} INFO - DAG(s) 'example_dynamic_task_mapping' retrieved from /home/airflow/.local/lib/python3.12/site-packages/airflow/example_dags/example_dynamic_task_mapping.py
[2024-05-18T20:12:27.268+0000] {logging_mixin.py:188} INFO - [2024-05-18T20:12:27.268+0000] {dag.py:3096} INFO - Sync 1 DAGs
[2024-05-18T20:12:27.411+0000] {logging_mixin.py:188} INFO - [2024-05-18T20:12:27.411+0000] {dag.py:3954} INFO - Setting next_dagrun for example_dynamic_task_mapping to 2022-03-04 00:00:00+00:00, run_after=2022-03-05 00:00:00+00:00
[2024-05-18T20:12:27.432+0000] {processor.py:183} INFO - Processing /home/airflow/.local/lib/python3.12/site-packages/airflow/example_dags/example_dynamic_task_mapping.py took 0.200 seconds
[2024-05-18T20:12:57.982+0000] {processor.py:161} INFO - Started process (PID=1523) to work on /home/airflow/.local/lib/python3.12/site-packages/airflow/example_dags/example_dynamic_task_mapping.py
[2024-05-18T20:12:57.984+0000] {processor.py:830} INFO - Processing file /home/airflow/.local/lib/python3.12/site-packages/airflow/example_dags/example_dynamic_task_mapping.py for tasks to queue
[2024-05-18T20:12:57.986+0000] {logging_mixin.py:188} INFO - [2024-05-18T20:12:57.985+0000] {dagbag.py:545} INFO - Filling up the DagBag from /home/airflow/.local/lib/python3.12/site-packages/airflow/example_dags/example_dynamic_task_mapping.py
[2024-05-18T20:12:57.992+0000] {processor.py:840} INFO - DAG(s) 'example_dynamic_task_mapping' retrieved from /home/airflow/.local/lib/python3.12/site-packages/airflow/example_dags/example_dynamic_task_mapping.py
[2024-05-18T20:12:58.021+0000] {logging_mixin.py:188} INFO - [2024-05-18T20:12:58.021+0000] {dag.py:3096} INFO - Sync 1 DAGs
[2024-05-18T20:12:58.192+0000] {logging_mixin.py:188} INFO - [2024-05-18T20:12:58.192+0000] {dag.py:3954} INFO - Setting next_dagrun for example_dynamic_task_mapping to 2022-03-04 00:00:00+00:00, run_after=2022-03-05 00:00:00+00:00
[2024-05-18T20:12:58.213+0000] {processor.py:183} INFO - Processing /home/airflow/.local/lib/python3.12/site-packages/airflow/example_dags/example_dynamic_task_mapping.py took 0.237 seconds
[2024-05-18T20:13:28.301+0000] {processor.py:161} INFO - Started process (PID=1581) to work on /home/airflow/.local/lib/python3.12/site-packages/airflow/example_dags/example_dynamic_task_mapping.py
[2024-05-18T20:13:28.302+0000] {processor.py:830} INFO - Processing file /home/airflow/.local/lib/python3.12/site-packages/airflow/example_dags/example_dynamic_task_mapping.py for tasks to queue
[2024-05-18T20:13:28.304+0000] {logging_mixin.py:188} INFO - [2024-05-18T20:13:28.304+0000] {dagbag.py:545} INFO - Filling up the DagBag from /home/airflow/.local/lib/python3.12/site-packages/airflow/example_dags/example_dynamic_task_mapping.py
[2024-05-18T20:13:28.311+0000] {processor.py:840} INFO - DAG(s) 'example_dynamic_task_mapping' retrieved from /home/airflow/.local/lib/python3.12/site-packages/airflow/example_dags/example_dynamic_task_mapping.py
[2024-05-18T20:13:28.331+0000] {logging_mixin.py:188} INFO - [2024-05-18T20:13:28.331+0000] {dag.py:3096} INFO - Sync 1 DAGs
[2024-05-18T20:13:28.353+0000] {logging_mixin.py:188} INFO - [2024-05-18T20:13:28.353+0000] {dag.py:3954} INFO - Setting next_dagrun for example_dynamic_task_mapping to 2022-03-04 00:00:00+00:00, run_after=2022-03-05 00:00:00+00:00
[2024-05-18T20:13:28.379+0000] {processor.py:183} INFO - Processing /home/airflow/.local/lib/python3.12/site-packages/airflow/example_dags/example_dynamic_task_mapping.py took 0.084 seconds
[2024-05-18T20:13:58.516+0000] {processor.py:161} INFO - Started process (PID=1639) to work on /home/airflow/.local/lib/python3.12/site-packages/airflow/example_dags/example_dynamic_task_mapping.py
[2024-05-18T20:13:58.518+0000] {processor.py:830} INFO - Processing file /home/airflow/.local/lib/python3.12/site-packages/airflow/example_dags/example_dynamic_task_mapping.py for tasks to queue
[2024-05-18T20:13:58.520+0000] {logging_mixin.py:188} INFO - [2024-05-18T20:13:58.519+0000] {dagbag.py:545} INFO - Filling up the DagBag from /home/airflow/.local/lib/python3.12/site-packages/airflow/example_dags/example_dynamic_task_mapping.py
[2024-05-18T20:13:58.527+0000] {processor.py:840} INFO - DAG(s) 'example_dynamic_task_mapping' retrieved from /home/airflow/.local/lib/python3.12/site-packages/airflow/example_dags/example_dynamic_task_mapping.py
[2024-05-18T20:13:58.546+0000] {logging_mixin.py:188} INFO - [2024-05-18T20:13:58.546+0000] {dag.py:3096} INFO - Sync 1 DAGs
[2024-05-18T20:13:58.571+0000] {logging_mixin.py:188} INFO - [2024-05-18T20:13:58.571+0000] {dag.py:3954} INFO - Setting next_dagrun for example_dynamic_task_mapping to 2022-03-04 00:00:00+00:00, run_after=2022-03-05 00:00:00+00:00
[2024-05-18T20:13:58.592+0000] {processor.py:183} INFO - Processing /home/airflow/.local/lib/python3.12/site-packages/airflow/example_dags/example_dynamic_task_mapping.py took 0.082 seconds
[2024-05-18T20:14:28.850+0000] {processor.py:161} INFO - Started process (PID=1697) to work on /home/airflow/.local/lib/python3.12/site-packages/airflow/example_dags/example_dynamic_task_mapping.py
[2024-05-18T20:14:28.851+0000] {processor.py:830} INFO - Processing file /home/airflow/.local/lib/python3.12/site-packages/airflow/example_dags/example_dynamic_task_mapping.py for tasks to queue
[2024-05-18T20:14:28.854+0000] {logging_mixin.py:188} INFO - [2024-05-18T20:14:28.853+0000] {dagbag.py:545} INFO - Filling up the DagBag from /home/airflow/.local/lib/python3.12/site-packages/airflow/example_dags/example_dynamic_task_mapping.py
[2024-05-18T20:14:28.860+0000] {processor.py:840} INFO - DAG(s) 'example_dynamic_task_mapping' retrieved from /home/airflow/.local/lib/python3.12/site-packages/airflow/example_dags/example_dynamic_task_mapping.py
[2024-05-18T20:14:28.880+0000] {logging_mixin.py:188} INFO - [2024-05-18T20:14:28.880+0000] {dag.py:3096} INFO - Sync 1 DAGs
[2024-05-18T20:14:28.903+0000] {logging_mixin.py:188} INFO - [2024-05-18T20:14:28.902+0000] {dag.py:3954} INFO - Setting next_dagrun for example_dynamic_task_mapping to 2022-03-04 00:00:00+00:00, run_after=2022-03-05 00:00:00+00:00
[2024-05-18T20:14:28.924+0000] {processor.py:183} INFO - Processing /home/airflow/.local/lib/python3.12/site-packages/airflow/example_dags/example_dynamic_task_mapping.py took 0.079 seconds
