[2024-05-18T19:41:53.581+0000] {processor.py:161} INFO - Started process (PID=75) to work on /home/airflow/.local/lib/python3.12/site-packages/airflow/example_dags/example_setup_teardown_taskflow.py
[2024-05-18T19:41:53.583+0000] {processor.py:830} INFO - Processing file /home/airflow/.local/lib/python3.12/site-packages/airflow/example_dags/example_setup_teardown_taskflow.py for tasks to queue
[2024-05-18T19:41:53.587+0000] {logging_mixin.py:188} INFO - [2024-05-18T19:41:53.586+0000] {dagbag.py:545} INFO - Filling up the DagBag from /home/airflow/.local/lib/python3.12/site-packages/airflow/example_dags/example_setup_teardown_taskflow.py
[2024-05-18T19:41:53.603+0000] {processor.py:840} INFO - DAG(s) 'example_setup_teardown_taskflow' retrieved from /home/airflow/.local/lib/python3.12/site-packages/airflow/example_dags/example_setup_teardown_taskflow.py
[2024-05-18T19:41:53.802+0000] {logging_mixin.py:188} INFO - [2024-05-18T19:41:53.800+0000] {override.py:1829} INFO - Created Permission View: can read on DAG:example_setup_teardown_taskflow
[2024-05-18T19:41:53.819+0000] {logging_mixin.py:188} INFO - [2024-05-18T19:41:53.819+0000] {override.py:1829} INFO - Created Permission View: can delete on DAG:example_setup_teardown_taskflow
[2024-05-18T19:41:53.833+0000] {logging_mixin.py:188} INFO - [2024-05-18T19:41:53.832+0000] {override.py:1829} INFO - Created Permission View: can edit on DAG:example_setup_teardown_taskflow
[2024-05-18T19:41:53.834+0000] {logging_mixin.py:188} INFO - [2024-05-18T19:41:53.834+0000] {dag.py:3096} INFO - Sync 1 DAGs
[2024-05-18T19:41:53.858+0000] {logging_mixin.py:188} INFO - [2024-05-18T19:41:53.858+0000] {dag.py:3118} INFO - Creating ORM DAG for example_setup_teardown_taskflow
[2024-05-18T19:41:53.877+0000] {logging_mixin.py:188} INFO - [2024-05-18T19:41:53.876+0000] {dag.py:3954} INFO - Setting next_dagrun for example_setup_teardown_taskflow to 2024-05-17 00:00:00+00:00, run_after=2024-05-18 00:00:00+00:00
[2024-05-18T19:41:53.907+0000] {processor.py:183} INFO - Processing /home/airflow/.local/lib/python3.12/site-packages/airflow/example_dags/example_setup_teardown_taskflow.py took 0.336 seconds
[2024-05-18T19:42:24.582+0000] {processor.py:161} INFO - Started process (PID=132) to work on /home/airflow/.local/lib/python3.12/site-packages/airflow/example_dags/example_setup_teardown_taskflow.py
[2024-05-18T19:42:24.583+0000] {processor.py:830} INFO - Processing file /home/airflow/.local/lib/python3.12/site-packages/airflow/example_dags/example_setup_teardown_taskflow.py for tasks to queue
[2024-05-18T19:42:24.585+0000] {logging_mixin.py:188} INFO - [2024-05-18T19:42:24.585+0000] {dagbag.py:545} INFO - Filling up the DagBag from /home/airflow/.local/lib/python3.12/site-packages/airflow/example_dags/example_setup_teardown_taskflow.py
[2024-05-18T19:42:24.594+0000] {processor.py:840} INFO - DAG(s) 'example_setup_teardown_taskflow' retrieved from /home/airflow/.local/lib/python3.12/site-packages/airflow/example_dags/example_setup_teardown_taskflow.py
[2024-05-18T19:42:24.614+0000] {logging_mixin.py:188} INFO - [2024-05-18T19:42:24.614+0000] {dag.py:3096} INFO - Sync 1 DAGs
[2024-05-18T19:42:24.636+0000] {logging_mixin.py:188} INFO - [2024-05-18T19:42:24.636+0000] {dag.py:3954} INFO - Setting next_dagrun for example_setup_teardown_taskflow to 2024-05-17 00:00:00+00:00, run_after=2024-05-18 00:00:00+00:00
[2024-05-18T19:42:24.660+0000] {processor.py:183} INFO - Processing /home/airflow/.local/lib/python3.12/site-packages/airflow/example_dags/example_setup_teardown_taskflow.py took 0.085 seconds
[2024-05-18T19:42:54.818+0000] {processor.py:161} INFO - Started process (PID=190) to work on /home/airflow/.local/lib/python3.12/site-packages/airflow/example_dags/example_setup_teardown_taskflow.py
[2024-05-18T19:42:54.819+0000] {processor.py:830} INFO - Processing file /home/airflow/.local/lib/python3.12/site-packages/airflow/example_dags/example_setup_teardown_taskflow.py for tasks to queue
[2024-05-18T19:42:54.821+0000] {logging_mixin.py:188} INFO - [2024-05-18T19:42:54.821+0000] {dagbag.py:545} INFO - Filling up the DagBag from /home/airflow/.local/lib/python3.12/site-packages/airflow/example_dags/example_setup_teardown_taskflow.py
[2024-05-18T19:42:54.831+0000] {processor.py:840} INFO - DAG(s) 'example_setup_teardown_taskflow' retrieved from /home/airflow/.local/lib/python3.12/site-packages/airflow/example_dags/example_setup_teardown_taskflow.py
[2024-05-18T19:42:54.853+0000] {logging_mixin.py:188} INFO - [2024-05-18T19:42:54.853+0000] {dag.py:3096} INFO - Sync 1 DAGs
[2024-05-18T19:42:54.874+0000] {logging_mixin.py:188} INFO - [2024-05-18T19:42:54.874+0000] {dag.py:3954} INFO - Setting next_dagrun for example_setup_teardown_taskflow to 2024-05-17 00:00:00+00:00, run_after=2024-05-18 00:00:00+00:00
[2024-05-18T19:42:54.896+0000] {processor.py:183} INFO - Processing /home/airflow/.local/lib/python3.12/site-packages/airflow/example_dags/example_setup_teardown_taskflow.py took 0.083 seconds
[2024-05-18T19:43:25.064+0000] {processor.py:161} INFO - Started process (PID=248) to work on /home/airflow/.local/lib/python3.12/site-packages/airflow/example_dags/example_setup_teardown_taskflow.py
[2024-05-18T19:43:25.065+0000] {processor.py:830} INFO - Processing file /home/airflow/.local/lib/python3.12/site-packages/airflow/example_dags/example_setup_teardown_taskflow.py for tasks to queue
[2024-05-18T19:43:25.067+0000] {logging_mixin.py:188} INFO - [2024-05-18T19:43:25.067+0000] {dagbag.py:545} INFO - Filling up the DagBag from /home/airflow/.local/lib/python3.12/site-packages/airflow/example_dags/example_setup_teardown_taskflow.py
[2024-05-18T19:43:25.076+0000] {processor.py:840} INFO - DAG(s) 'example_setup_teardown_taskflow' retrieved from /home/airflow/.local/lib/python3.12/site-packages/airflow/example_dags/example_setup_teardown_taskflow.py
[2024-05-18T19:43:25.099+0000] {logging_mixin.py:188} INFO - [2024-05-18T19:43:25.099+0000] {dag.py:3096} INFO - Sync 1 DAGs
[2024-05-18T19:43:25.120+0000] {logging_mixin.py:188} INFO - [2024-05-18T19:43:25.120+0000] {dag.py:3954} INFO - Setting next_dagrun for example_setup_teardown_taskflow to 2024-05-17 00:00:00+00:00, run_after=2024-05-18 00:00:00+00:00
[2024-05-18T19:43:25.151+0000] {processor.py:183} INFO - Processing /home/airflow/.local/lib/python3.12/site-packages/airflow/example_dags/example_setup_teardown_taskflow.py took 0.093 seconds
[2024-05-18T19:43:56.010+0000] {processor.py:161} INFO - Started process (PID=306) to work on /home/airflow/.local/lib/python3.12/site-packages/airflow/example_dags/example_setup_teardown_taskflow.py
[2024-05-18T19:43:56.012+0000] {processor.py:830} INFO - Processing file /home/airflow/.local/lib/python3.12/site-packages/airflow/example_dags/example_setup_teardown_taskflow.py for tasks to queue
[2024-05-18T19:43:56.015+0000] {logging_mixin.py:188} INFO - [2024-05-18T19:43:56.014+0000] {dagbag.py:545} INFO - Filling up the DagBag from /home/airflow/.local/lib/python3.12/site-packages/airflow/example_dags/example_setup_teardown_taskflow.py
[2024-05-18T19:43:56.024+0000] {processor.py:840} INFO - DAG(s) 'example_setup_teardown_taskflow' retrieved from /home/airflow/.local/lib/python3.12/site-packages/airflow/example_dags/example_setup_teardown_taskflow.py
[2024-05-18T19:43:56.047+0000] {logging_mixin.py:188} INFO - [2024-05-18T19:43:56.046+0000] {dag.py:3096} INFO - Sync 1 DAGs
[2024-05-18T19:43:56.067+0000] {logging_mixin.py:188} INFO - [2024-05-18T19:43:56.067+0000] {dag.py:3954} INFO - Setting next_dagrun for example_setup_teardown_taskflow to 2024-05-17 00:00:00+00:00, run_after=2024-05-18 00:00:00+00:00
[2024-05-18T19:43:56.089+0000] {processor.py:183} INFO - Processing /home/airflow/.local/lib/python3.12/site-packages/airflow/example_dags/example_setup_teardown_taskflow.py took 0.085 seconds
[2024-05-18T19:44:26.389+0000] {processor.py:161} INFO - Started process (PID=364) to work on /home/airflow/.local/lib/python3.12/site-packages/airflow/example_dags/example_setup_teardown_taskflow.py
[2024-05-18T19:44:26.390+0000] {processor.py:830} INFO - Processing file /home/airflow/.local/lib/python3.12/site-packages/airflow/example_dags/example_setup_teardown_taskflow.py for tasks to queue
[2024-05-18T19:44:26.392+0000] {logging_mixin.py:188} INFO - [2024-05-18T19:44:26.392+0000] {dagbag.py:545} INFO - Filling up the DagBag from /home/airflow/.local/lib/python3.12/site-packages/airflow/example_dags/example_setup_teardown_taskflow.py
[2024-05-18T19:44:26.401+0000] {processor.py:840} INFO - DAG(s) 'example_setup_teardown_taskflow' retrieved from /home/airflow/.local/lib/python3.12/site-packages/airflow/example_dags/example_setup_teardown_taskflow.py
[2024-05-18T19:44:26.422+0000] {logging_mixin.py:188} INFO - [2024-05-18T19:44:26.421+0000] {dag.py:3096} INFO - Sync 1 DAGs
[2024-05-18T19:44:26.444+0000] {logging_mixin.py:188} INFO - [2024-05-18T19:44:26.444+0000] {dag.py:3954} INFO - Setting next_dagrun for example_setup_teardown_taskflow to 2024-05-17 00:00:00+00:00, run_after=2024-05-18 00:00:00+00:00
[2024-05-18T19:44:26.467+0000] {processor.py:183} INFO - Processing /home/airflow/.local/lib/python3.12/site-packages/airflow/example_dags/example_setup_teardown_taskflow.py took 0.083 seconds
[2024-05-18T19:44:56.887+0000] {processor.py:161} INFO - Started process (PID=422) to work on /home/airflow/.local/lib/python3.12/site-packages/airflow/example_dags/example_setup_teardown_taskflow.py
[2024-05-18T19:44:56.888+0000] {processor.py:830} INFO - Processing file /home/airflow/.local/lib/python3.12/site-packages/airflow/example_dags/example_setup_teardown_taskflow.py for tasks to queue
[2024-05-18T19:44:56.891+0000] {logging_mixin.py:188} INFO - [2024-05-18T19:44:56.890+0000] {dagbag.py:545} INFO - Filling up the DagBag from /home/airflow/.local/lib/python3.12/site-packages/airflow/example_dags/example_setup_teardown_taskflow.py
[2024-05-18T19:44:56.899+0000] {processor.py:840} INFO - DAG(s) 'example_setup_teardown_taskflow' retrieved from /home/airflow/.local/lib/python3.12/site-packages/airflow/example_dags/example_setup_teardown_taskflow.py
[2024-05-18T19:44:56.922+0000] {logging_mixin.py:188} INFO - [2024-05-18T19:44:56.921+0000] {dag.py:3096} INFO - Sync 1 DAGs
[2024-05-18T19:44:56.943+0000] {logging_mixin.py:188} INFO - [2024-05-18T19:44:56.942+0000] {dag.py:3954} INFO - Setting next_dagrun for example_setup_teardown_taskflow to 2024-05-17 00:00:00+00:00, run_after=2024-05-18 00:00:00+00:00
[2024-05-18T19:44:56.965+0000] {processor.py:183} INFO - Processing /home/airflow/.local/lib/python3.12/site-packages/airflow/example_dags/example_setup_teardown_taskflow.py took 0.084 seconds
[2024-05-18T19:45:27.155+0000] {processor.py:161} INFO - Started process (PID=480) to work on /home/airflow/.local/lib/python3.12/site-packages/airflow/example_dags/example_setup_teardown_taskflow.py
[2024-05-18T19:45:27.156+0000] {processor.py:830} INFO - Processing file /home/airflow/.local/lib/python3.12/site-packages/airflow/example_dags/example_setup_teardown_taskflow.py for tasks to queue
[2024-05-18T19:45:27.158+0000] {logging_mixin.py:188} INFO - [2024-05-18T19:45:27.158+0000] {dagbag.py:545} INFO - Filling up the DagBag from /home/airflow/.local/lib/python3.12/site-packages/airflow/example_dags/example_setup_teardown_taskflow.py
[2024-05-18T19:45:27.167+0000] {processor.py:840} INFO - DAG(s) 'example_setup_teardown_taskflow' retrieved from /home/airflow/.local/lib/python3.12/site-packages/airflow/example_dags/example_setup_teardown_taskflow.py
[2024-05-18T19:45:27.189+0000] {logging_mixin.py:188} INFO - [2024-05-18T19:45:27.189+0000] {dag.py:3096} INFO - Sync 1 DAGs
[2024-05-18T19:45:27.211+0000] {logging_mixin.py:188} INFO - [2024-05-18T19:45:27.211+0000] {dag.py:3954} INFO - Setting next_dagrun for example_setup_teardown_taskflow to 2024-05-17 00:00:00+00:00, run_after=2024-05-18 00:00:00+00:00
[2024-05-18T19:45:27.238+0000] {processor.py:183} INFO - Processing /home/airflow/.local/lib/python3.12/site-packages/airflow/example_dags/example_setup_teardown_taskflow.py took 0.089 seconds
[2024-05-18T19:45:57.497+0000] {processor.py:161} INFO - Started process (PID=538) to work on /home/airflow/.local/lib/python3.12/site-packages/airflow/example_dags/example_setup_teardown_taskflow.py
[2024-05-18T19:45:57.498+0000] {processor.py:830} INFO - Processing file /home/airflow/.local/lib/python3.12/site-packages/airflow/example_dags/example_setup_teardown_taskflow.py for tasks to queue
[2024-05-18T19:45:57.501+0000] {logging_mixin.py:188} INFO - [2024-05-18T19:45:57.500+0000] {dagbag.py:545} INFO - Filling up the DagBag from /home/airflow/.local/lib/python3.12/site-packages/airflow/example_dags/example_setup_teardown_taskflow.py
[2024-05-18T19:45:57.512+0000] {processor.py:840} INFO - DAG(s) 'example_setup_teardown_taskflow' retrieved from /home/airflow/.local/lib/python3.12/site-packages/airflow/example_dags/example_setup_teardown_taskflow.py
[2024-05-18T19:45:57.538+0000] {logging_mixin.py:188} INFO - [2024-05-18T19:45:57.538+0000] {dag.py:3096} INFO - Sync 1 DAGs
[2024-05-18T19:45:57.564+0000] {logging_mixin.py:188} INFO - [2024-05-18T19:45:57.563+0000] {dag.py:3954} INFO - Setting next_dagrun for example_setup_teardown_taskflow to 2024-05-17 00:00:00+00:00, run_after=2024-05-18 00:00:00+00:00
[2024-05-18T19:45:57.592+0000] {processor.py:183} INFO - Processing /home/airflow/.local/lib/python3.12/site-packages/airflow/example_dags/example_setup_teardown_taskflow.py took 0.102 seconds
[2024-05-18T19:46:27.726+0000] {processor.py:161} INFO - Started process (PID=596) to work on /home/airflow/.local/lib/python3.12/site-packages/airflow/example_dags/example_setup_teardown_taskflow.py
[2024-05-18T19:46:27.727+0000] {processor.py:830} INFO - Processing file /home/airflow/.local/lib/python3.12/site-packages/airflow/example_dags/example_setup_teardown_taskflow.py for tasks to queue
[2024-05-18T19:46:27.729+0000] {logging_mixin.py:188} INFO - [2024-05-18T19:46:27.729+0000] {dagbag.py:545} INFO - Filling up the DagBag from /home/airflow/.local/lib/python3.12/site-packages/airflow/example_dags/example_setup_teardown_taskflow.py
[2024-05-18T19:46:27.737+0000] {processor.py:840} INFO - DAG(s) 'example_setup_teardown_taskflow' retrieved from /home/airflow/.local/lib/python3.12/site-packages/airflow/example_dags/example_setup_teardown_taskflow.py
[2024-05-18T19:46:27.758+0000] {logging_mixin.py:188} INFO - [2024-05-18T19:46:27.758+0000] {dag.py:3096} INFO - Sync 1 DAGs
[2024-05-18T19:46:27.779+0000] {logging_mixin.py:188} INFO - [2024-05-18T19:46:27.779+0000] {dag.py:3954} INFO - Setting next_dagrun for example_setup_teardown_taskflow to 2024-05-17 00:00:00+00:00, run_after=2024-05-18 00:00:00+00:00
[2024-05-18T19:46:27.802+0000] {processor.py:183} INFO - Processing /home/airflow/.local/lib/python3.12/site-packages/airflow/example_dags/example_setup_teardown_taskflow.py took 0.082 seconds
[2024-05-18T19:46:57.965+0000] {processor.py:161} INFO - Started process (PID=656) to work on /home/airflow/.local/lib/python3.12/site-packages/airflow/example_dags/example_setup_teardown_taskflow.py
[2024-05-18T19:46:57.966+0000] {processor.py:830} INFO - Processing file /home/airflow/.local/lib/python3.12/site-packages/airflow/example_dags/example_setup_teardown_taskflow.py for tasks to queue
[2024-05-18T19:46:57.968+0000] {logging_mixin.py:188} INFO - [2024-05-18T19:46:57.967+0000] {dagbag.py:545} INFO - Filling up the DagBag from /home/airflow/.local/lib/python3.12/site-packages/airflow/example_dags/example_setup_teardown_taskflow.py
[2024-05-18T19:46:57.976+0000] {processor.py:840} INFO - DAG(s) 'example_setup_teardown_taskflow' retrieved from /home/airflow/.local/lib/python3.12/site-packages/airflow/example_dags/example_setup_teardown_taskflow.py
[2024-05-18T19:46:57.998+0000] {logging_mixin.py:188} INFO - [2024-05-18T19:46:57.998+0000] {dag.py:3096} INFO - Sync 1 DAGs
[2024-05-18T19:46:58.020+0000] {logging_mixin.py:188} INFO - [2024-05-18T19:46:58.020+0000] {dag.py:3954} INFO - Setting next_dagrun for example_setup_teardown_taskflow to 2024-05-17 00:00:00+00:00, run_after=2024-05-18 00:00:00+00:00
[2024-05-18T19:46:58.043+0000] {processor.py:183} INFO - Processing /home/airflow/.local/lib/python3.12/site-packages/airflow/example_dags/example_setup_teardown_taskflow.py took 0.084 seconds
[2024-05-18T19:47:28.253+0000] {processor.py:161} INFO - Started process (PID=713) to work on /home/airflow/.local/lib/python3.12/site-packages/airflow/example_dags/example_setup_teardown_taskflow.py
[2024-05-18T19:47:28.254+0000] {processor.py:830} INFO - Processing file /home/airflow/.local/lib/python3.12/site-packages/airflow/example_dags/example_setup_teardown_taskflow.py for tasks to queue
[2024-05-18T19:47:28.256+0000] {logging_mixin.py:188} INFO - [2024-05-18T19:47:28.256+0000] {dagbag.py:545} INFO - Filling up the DagBag from /home/airflow/.local/lib/python3.12/site-packages/airflow/example_dags/example_setup_teardown_taskflow.py
[2024-05-18T19:47:28.264+0000] {processor.py:840} INFO - DAG(s) 'example_setup_teardown_taskflow' retrieved from /home/airflow/.local/lib/python3.12/site-packages/airflow/example_dags/example_setup_teardown_taskflow.py
[2024-05-18T19:47:28.285+0000] {logging_mixin.py:188} INFO - [2024-05-18T19:47:28.285+0000] {dag.py:3096} INFO - Sync 1 DAGs
[2024-05-18T19:47:28.307+0000] {logging_mixin.py:188} INFO - [2024-05-18T19:47:28.307+0000] {dag.py:3954} INFO - Setting next_dagrun for example_setup_teardown_taskflow to 2024-05-17 00:00:00+00:00, run_after=2024-05-18 00:00:00+00:00
[2024-05-18T19:47:28.330+0000] {processor.py:183} INFO - Processing /home/airflow/.local/lib/python3.12/site-packages/airflow/example_dags/example_setup_teardown_taskflow.py took 0.084 seconds
[2024-05-18T19:47:58.612+0000] {processor.py:161} INFO - Started process (PID=771) to work on /home/airflow/.local/lib/python3.12/site-packages/airflow/example_dags/example_setup_teardown_taskflow.py
[2024-05-18T19:47:58.613+0000] {processor.py:830} INFO - Processing file /home/airflow/.local/lib/python3.12/site-packages/airflow/example_dags/example_setup_teardown_taskflow.py for tasks to queue
[2024-05-18T19:47:58.615+0000] {logging_mixin.py:188} INFO - [2024-05-18T19:47:58.614+0000] {dagbag.py:545} INFO - Filling up the DagBag from /home/airflow/.local/lib/python3.12/site-packages/airflow/example_dags/example_setup_teardown_taskflow.py
[2024-05-18T19:47:58.623+0000] {processor.py:840} INFO - DAG(s) 'example_setup_teardown_taskflow' retrieved from /home/airflow/.local/lib/python3.12/site-packages/airflow/example_dags/example_setup_teardown_taskflow.py
[2024-05-18T19:47:58.646+0000] {logging_mixin.py:188} INFO - [2024-05-18T19:47:58.646+0000] {dag.py:3096} INFO - Sync 1 DAGs
[2024-05-18T19:47:58.667+0000] {logging_mixin.py:188} INFO - [2024-05-18T19:47:58.666+0000] {dag.py:3954} INFO - Setting next_dagrun for example_setup_teardown_taskflow to 2024-05-17 00:00:00+00:00, run_after=2024-05-18 00:00:00+00:00
[2024-05-18T19:47:58.688+0000] {processor.py:183} INFO - Processing /home/airflow/.local/lib/python3.12/site-packages/airflow/example_dags/example_setup_teardown_taskflow.py took 0.083 seconds
[2024-05-18T19:48:29.296+0000] {processor.py:161} INFO - Started process (PID=829) to work on /home/airflow/.local/lib/python3.12/site-packages/airflow/example_dags/example_setup_teardown_taskflow.py
[2024-05-18T19:48:29.298+0000] {processor.py:830} INFO - Processing file /home/airflow/.local/lib/python3.12/site-packages/airflow/example_dags/example_setup_teardown_taskflow.py for tasks to queue
[2024-05-18T19:48:29.299+0000] {logging_mixin.py:188} INFO - [2024-05-18T19:48:29.299+0000] {dagbag.py:545} INFO - Filling up the DagBag from /home/airflow/.local/lib/python3.12/site-packages/airflow/example_dags/example_setup_teardown_taskflow.py
[2024-05-18T19:48:29.309+0000] {processor.py:840} INFO - DAG(s) 'example_setup_teardown_taskflow' retrieved from /home/airflow/.local/lib/python3.12/site-packages/airflow/example_dags/example_setup_teardown_taskflow.py
[2024-05-18T19:48:29.332+0000] {logging_mixin.py:188} INFO - [2024-05-18T19:48:29.332+0000] {dag.py:3096} INFO - Sync 1 DAGs
[2024-05-18T19:48:29.354+0000] {logging_mixin.py:188} INFO - [2024-05-18T19:48:29.354+0000] {dag.py:3954} INFO - Setting next_dagrun for example_setup_teardown_taskflow to 2024-05-17 00:00:00+00:00, run_after=2024-05-18 00:00:00+00:00
[2024-05-18T19:48:29.376+0000] {processor.py:183} INFO - Processing /home/airflow/.local/lib/python3.12/site-packages/airflow/example_dags/example_setup_teardown_taskflow.py took 0.085 seconds
[2024-05-18T19:48:59.468+0000] {processor.py:161} INFO - Started process (PID=887) to work on /home/airflow/.local/lib/python3.12/site-packages/airflow/example_dags/example_setup_teardown_taskflow.py
[2024-05-18T19:48:59.470+0000] {processor.py:830} INFO - Processing file /home/airflow/.local/lib/python3.12/site-packages/airflow/example_dags/example_setup_teardown_taskflow.py for tasks to queue
[2024-05-18T19:48:59.472+0000] {logging_mixin.py:188} INFO - [2024-05-18T19:48:59.472+0000] {dagbag.py:545} INFO - Filling up the DagBag from /home/airflow/.local/lib/python3.12/site-packages/airflow/example_dags/example_setup_teardown_taskflow.py
[2024-05-18T19:48:59.482+0000] {processor.py:840} INFO - DAG(s) 'example_setup_teardown_taskflow' retrieved from /home/airflow/.local/lib/python3.12/site-packages/airflow/example_dags/example_setup_teardown_taskflow.py
[2024-05-18T19:48:59.508+0000] {logging_mixin.py:188} INFO - [2024-05-18T19:48:59.508+0000] {dag.py:3096} INFO - Sync 1 DAGs
[2024-05-18T19:48:59.531+0000] {logging_mixin.py:188} INFO - [2024-05-18T19:48:59.530+0000] {dag.py:3954} INFO - Setting next_dagrun for example_setup_teardown_taskflow to 2024-05-17 00:00:00+00:00, run_after=2024-05-18 00:00:00+00:00
[2024-05-18T19:48:59.553+0000] {processor.py:183} INFO - Processing /home/airflow/.local/lib/python3.12/site-packages/airflow/example_dags/example_setup_teardown_taskflow.py took 0.092 seconds
[2024-05-18T19:49:29.691+0000] {processor.py:161} INFO - Started process (PID=946) to work on /home/airflow/.local/lib/python3.12/site-packages/airflow/example_dags/example_setup_teardown_taskflow.py
[2024-05-18T19:49:29.692+0000] {processor.py:830} INFO - Processing file /home/airflow/.local/lib/python3.12/site-packages/airflow/example_dags/example_setup_teardown_taskflow.py for tasks to queue
[2024-05-18T19:49:29.694+0000] {logging_mixin.py:188} INFO - [2024-05-18T19:49:29.694+0000] {dagbag.py:545} INFO - Filling up the DagBag from /home/airflow/.local/lib/python3.12/site-packages/airflow/example_dags/example_setup_teardown_taskflow.py
[2024-05-18T19:49:29.705+0000] {processor.py:840} INFO - DAG(s) 'example_setup_teardown_taskflow' retrieved from /home/airflow/.local/lib/python3.12/site-packages/airflow/example_dags/example_setup_teardown_taskflow.py
[2024-05-18T19:49:29.728+0000] {logging_mixin.py:188} INFO - [2024-05-18T19:49:29.728+0000] {dag.py:3096} INFO - Sync 1 DAGs
[2024-05-18T19:49:29.750+0000] {logging_mixin.py:188} INFO - [2024-05-18T19:49:29.750+0000] {dag.py:3954} INFO - Setting next_dagrun for example_setup_teardown_taskflow to 2024-05-17 00:00:00+00:00, run_after=2024-05-18 00:00:00+00:00
[2024-05-18T19:49:29.771+0000] {processor.py:183} INFO - Processing /home/airflow/.local/lib/python3.12/site-packages/airflow/example_dags/example_setup_teardown_taskflow.py took 0.086 seconds
[2024-05-18T19:49:59.853+0000] {processor.py:161} INFO - Started process (PID=1002) to work on /home/airflow/.local/lib/python3.12/site-packages/airflow/example_dags/example_setup_teardown_taskflow.py
[2024-05-18T19:49:59.854+0000] {processor.py:830} INFO - Processing file /home/airflow/.local/lib/python3.12/site-packages/airflow/example_dags/example_setup_teardown_taskflow.py for tasks to queue
[2024-05-18T19:49:59.857+0000] {logging_mixin.py:188} INFO - [2024-05-18T19:49:59.856+0000] {dagbag.py:545} INFO - Filling up the DagBag from /home/airflow/.local/lib/python3.12/site-packages/airflow/example_dags/example_setup_teardown_taskflow.py
[2024-05-18T19:49:59.866+0000] {processor.py:840} INFO - DAG(s) 'example_setup_teardown_taskflow' retrieved from /home/airflow/.local/lib/python3.12/site-packages/airflow/example_dags/example_setup_teardown_taskflow.py
[2024-05-18T19:49:59.887+0000] {logging_mixin.py:188} INFO - [2024-05-18T19:49:59.887+0000] {dag.py:3096} INFO - Sync 1 DAGs
[2024-05-18T19:49:59.910+0000] {logging_mixin.py:188} INFO - [2024-05-18T19:49:59.910+0000] {dag.py:3954} INFO - Setting next_dagrun for example_setup_teardown_taskflow to 2024-05-17 00:00:00+00:00, run_after=2024-05-18 00:00:00+00:00
[2024-05-18T19:49:59.942+0000] {processor.py:183} INFO - Processing /home/airflow/.local/lib/python3.12/site-packages/airflow/example_dags/example_setup_teardown_taskflow.py took 0.095 seconds
[2024-05-18T19:50:30.211+0000] {processor.py:161} INFO - Started process (PID=1060) to work on /home/airflow/.local/lib/python3.12/site-packages/airflow/example_dags/example_setup_teardown_taskflow.py
[2024-05-18T19:50:30.213+0000] {processor.py:830} INFO - Processing file /home/airflow/.local/lib/python3.12/site-packages/airflow/example_dags/example_setup_teardown_taskflow.py for tasks to queue
[2024-05-18T19:50:30.214+0000] {logging_mixin.py:188} INFO - [2024-05-18T19:50:30.214+0000] {dagbag.py:545} INFO - Filling up the DagBag from /home/airflow/.local/lib/python3.12/site-packages/airflow/example_dags/example_setup_teardown_taskflow.py
[2024-05-18T19:50:30.223+0000] {processor.py:840} INFO - DAG(s) 'example_setup_teardown_taskflow' retrieved from /home/airflow/.local/lib/python3.12/site-packages/airflow/example_dags/example_setup_teardown_taskflow.py
[2024-05-18T19:50:30.244+0000] {logging_mixin.py:188} INFO - [2024-05-18T19:50:30.244+0000] {dag.py:3096} INFO - Sync 1 DAGs
[2024-05-18T19:50:30.264+0000] {logging_mixin.py:188} INFO - [2024-05-18T19:50:30.264+0000] {dag.py:3954} INFO - Setting next_dagrun for example_setup_teardown_taskflow to 2024-05-17 00:00:00+00:00, run_after=2024-05-18 00:00:00+00:00
[2024-05-18T19:50:30.285+0000] {processor.py:183} INFO - Processing /home/airflow/.local/lib/python3.12/site-packages/airflow/example_dags/example_setup_teardown_taskflow.py took 0.080 seconds
[2024-05-18T19:51:01.183+0000] {processor.py:161} INFO - Started process (PID=1118) to work on /home/airflow/.local/lib/python3.12/site-packages/airflow/example_dags/example_setup_teardown_taskflow.py
[2024-05-18T19:51:01.184+0000] {processor.py:830} INFO - Processing file /home/airflow/.local/lib/python3.12/site-packages/airflow/example_dags/example_setup_teardown_taskflow.py for tasks to queue
[2024-05-18T19:51:01.186+0000] {logging_mixin.py:188} INFO - [2024-05-18T19:51:01.186+0000] {dagbag.py:545} INFO - Filling up the DagBag from /home/airflow/.local/lib/python3.12/site-packages/airflow/example_dags/example_setup_teardown_taskflow.py
[2024-05-18T19:51:01.195+0000] {processor.py:840} INFO - DAG(s) 'example_setup_teardown_taskflow' retrieved from /home/airflow/.local/lib/python3.12/site-packages/airflow/example_dags/example_setup_teardown_taskflow.py
[2024-05-18T19:51:01.216+0000] {logging_mixin.py:188} INFO - [2024-05-18T19:51:01.215+0000] {dag.py:3096} INFO - Sync 1 DAGs
[2024-05-18T19:51:01.236+0000] {logging_mixin.py:188} INFO - [2024-05-18T19:51:01.236+0000] {dag.py:3954} INFO - Setting next_dagrun for example_setup_teardown_taskflow to 2024-05-17 00:00:00+00:00, run_after=2024-05-18 00:00:00+00:00
[2024-05-18T19:51:01.259+0000] {processor.py:183} INFO - Processing /home/airflow/.local/lib/python3.12/site-packages/airflow/example_dags/example_setup_teardown_taskflow.py took 0.082 seconds
[2024-05-18T19:51:31.483+0000] {processor.py:161} INFO - Started process (PID=1176) to work on /home/airflow/.local/lib/python3.12/site-packages/airflow/example_dags/example_setup_teardown_taskflow.py
[2024-05-18T19:51:31.485+0000] {processor.py:830} INFO - Processing file /home/airflow/.local/lib/python3.12/site-packages/airflow/example_dags/example_setup_teardown_taskflow.py for tasks to queue
[2024-05-18T19:51:31.487+0000] {logging_mixin.py:188} INFO - [2024-05-18T19:51:31.486+0000] {dagbag.py:545} INFO - Filling up the DagBag from /home/airflow/.local/lib/python3.12/site-packages/airflow/example_dags/example_setup_teardown_taskflow.py
[2024-05-18T19:51:31.497+0000] {processor.py:840} INFO - DAG(s) 'example_setup_teardown_taskflow' retrieved from /home/airflow/.local/lib/python3.12/site-packages/airflow/example_dags/example_setup_teardown_taskflow.py
[2024-05-18T19:51:31.521+0000] {logging_mixin.py:188} INFO - [2024-05-18T19:51:31.520+0000] {dag.py:3096} INFO - Sync 1 DAGs
[2024-05-18T19:51:31.543+0000] {logging_mixin.py:188} INFO - [2024-05-18T19:51:31.543+0000] {dag.py:3954} INFO - Setting next_dagrun for example_setup_teardown_taskflow to 2024-05-17 00:00:00+00:00, run_after=2024-05-18 00:00:00+00:00
[2024-05-18T19:51:31.565+0000] {processor.py:183} INFO - Processing /home/airflow/.local/lib/python3.12/site-packages/airflow/example_dags/example_setup_teardown_taskflow.py took 0.088 seconds
[2024-05-18T19:52:01.998+0000] {processor.py:161} INFO - Started process (PID=1234) to work on /home/airflow/.local/lib/python3.12/site-packages/airflow/example_dags/example_setup_teardown_taskflow.py
[2024-05-18T19:52:01.999+0000] {processor.py:830} INFO - Processing file /home/airflow/.local/lib/python3.12/site-packages/airflow/example_dags/example_setup_teardown_taskflow.py for tasks to queue
[2024-05-18T19:52:02.001+0000] {logging_mixin.py:188} INFO - [2024-05-18T19:52:02.001+0000] {dagbag.py:545} INFO - Filling up the DagBag from /home/airflow/.local/lib/python3.12/site-packages/airflow/example_dags/example_setup_teardown_taskflow.py
[2024-05-18T19:52:02.011+0000] {processor.py:840} INFO - DAG(s) 'example_setup_teardown_taskflow' retrieved from /home/airflow/.local/lib/python3.12/site-packages/airflow/example_dags/example_setup_teardown_taskflow.py
[2024-05-18T19:52:02.033+0000] {logging_mixin.py:188} INFO - [2024-05-18T19:52:02.033+0000] {dag.py:3096} INFO - Sync 1 DAGs
[2024-05-18T19:52:02.054+0000] {logging_mixin.py:188} INFO - [2024-05-18T19:52:02.054+0000] {dag.py:3954} INFO - Setting next_dagrun for example_setup_teardown_taskflow to 2024-05-17 00:00:00+00:00, run_after=2024-05-18 00:00:00+00:00
[2024-05-18T19:52:02.077+0000] {processor.py:183} INFO - Processing /home/airflow/.local/lib/python3.12/site-packages/airflow/example_dags/example_setup_teardown_taskflow.py took 0.086 seconds
[2024-05-18T19:52:32.586+0000] {processor.py:161} INFO - Started process (PID=1292) to work on /home/airflow/.local/lib/python3.12/site-packages/airflow/example_dags/example_setup_teardown_taskflow.py
[2024-05-18T19:52:32.587+0000] {processor.py:830} INFO - Processing file /home/airflow/.local/lib/python3.12/site-packages/airflow/example_dags/example_setup_teardown_taskflow.py for tasks to queue
[2024-05-18T19:52:32.590+0000] {logging_mixin.py:188} INFO - [2024-05-18T19:52:32.589+0000] {dagbag.py:545} INFO - Filling up the DagBag from /home/airflow/.local/lib/python3.12/site-packages/airflow/example_dags/example_setup_teardown_taskflow.py
[2024-05-18T19:52:32.599+0000] {processor.py:840} INFO - DAG(s) 'example_setup_teardown_taskflow' retrieved from /home/airflow/.local/lib/python3.12/site-packages/airflow/example_dags/example_setup_teardown_taskflow.py
[2024-05-18T19:52:32.620+0000] {logging_mixin.py:188} INFO - [2024-05-18T19:52:32.620+0000] {dag.py:3096} INFO - Sync 1 DAGs
[2024-05-18T19:52:32.640+0000] {logging_mixin.py:188} INFO - [2024-05-18T19:52:32.640+0000] {dag.py:3954} INFO - Setting next_dagrun for example_setup_teardown_taskflow to 2024-05-17 00:00:00+00:00, run_after=2024-05-18 00:00:00+00:00
[2024-05-18T19:52:32.663+0000] {processor.py:183} INFO - Processing /home/airflow/.local/lib/python3.12/site-packages/airflow/example_dags/example_setup_teardown_taskflow.py took 0.085 seconds
[2024-05-18T19:53:03.211+0000] {processor.py:161} INFO - Started process (PID=1350) to work on /home/airflow/.local/lib/python3.12/site-packages/airflow/example_dags/example_setup_teardown_taskflow.py
[2024-05-18T19:53:03.212+0000] {processor.py:830} INFO - Processing file /home/airflow/.local/lib/python3.12/site-packages/airflow/example_dags/example_setup_teardown_taskflow.py for tasks to queue
[2024-05-18T19:53:03.214+0000] {logging_mixin.py:188} INFO - [2024-05-18T19:53:03.214+0000] {dagbag.py:545} INFO - Filling up the DagBag from /home/airflow/.local/lib/python3.12/site-packages/airflow/example_dags/example_setup_teardown_taskflow.py
[2024-05-18T19:53:03.223+0000] {processor.py:840} INFO - DAG(s) 'example_setup_teardown_taskflow' retrieved from /home/airflow/.local/lib/python3.12/site-packages/airflow/example_dags/example_setup_teardown_taskflow.py
[2024-05-18T19:53:03.243+0000] {logging_mixin.py:188} INFO - [2024-05-18T19:53:03.243+0000] {dag.py:3096} INFO - Sync 1 DAGs
[2024-05-18T19:53:03.264+0000] {logging_mixin.py:188} INFO - [2024-05-18T19:53:03.263+0000] {dag.py:3954} INFO - Setting next_dagrun for example_setup_teardown_taskflow to 2024-05-17 00:00:00+00:00, run_after=2024-05-18 00:00:00+00:00
[2024-05-18T19:53:03.285+0000] {processor.py:183} INFO - Processing /home/airflow/.local/lib/python3.12/site-packages/airflow/example_dags/example_setup_teardown_taskflow.py took 0.079 seconds
[2024-05-18T19:53:33.933+0000] {processor.py:161} INFO - Started process (PID=1408) to work on /home/airflow/.local/lib/python3.12/site-packages/airflow/example_dags/example_setup_teardown_taskflow.py
[2024-05-18T19:53:33.934+0000] {processor.py:830} INFO - Processing file /home/airflow/.local/lib/python3.12/site-packages/airflow/example_dags/example_setup_teardown_taskflow.py for tasks to queue
[2024-05-18T19:53:33.936+0000] {logging_mixin.py:188} INFO - [2024-05-18T19:53:33.936+0000] {dagbag.py:545} INFO - Filling up the DagBag from /home/airflow/.local/lib/python3.12/site-packages/airflow/example_dags/example_setup_teardown_taskflow.py
[2024-05-18T19:53:33.945+0000] {processor.py:840} INFO - DAG(s) 'example_setup_teardown_taskflow' retrieved from /home/airflow/.local/lib/python3.12/site-packages/airflow/example_dags/example_setup_teardown_taskflow.py
[2024-05-18T19:53:33.965+0000] {logging_mixin.py:188} INFO - [2024-05-18T19:53:33.965+0000] {dag.py:3096} INFO - Sync 1 DAGs
[2024-05-18T19:53:33.985+0000] {logging_mixin.py:188} INFO - [2024-05-18T19:53:33.985+0000] {dag.py:3954} INFO - Setting next_dagrun for example_setup_teardown_taskflow to 2024-05-17 00:00:00+00:00, run_after=2024-05-18 00:00:00+00:00
[2024-05-18T19:53:34.007+0000] {processor.py:183} INFO - Processing /home/airflow/.local/lib/python3.12/site-packages/airflow/example_dags/example_setup_teardown_taskflow.py took 0.080 seconds
[2024-05-18T19:54:04.383+0000] {processor.py:161} INFO - Started process (PID=1466) to work on /home/airflow/.local/lib/python3.12/site-packages/airflow/example_dags/example_setup_teardown_taskflow.py
[2024-05-18T19:54:04.384+0000] {processor.py:830} INFO - Processing file /home/airflow/.local/lib/python3.12/site-packages/airflow/example_dags/example_setup_teardown_taskflow.py for tasks to queue
[2024-05-18T19:54:04.386+0000] {logging_mixin.py:188} INFO - [2024-05-18T19:54:04.386+0000] {dagbag.py:545} INFO - Filling up the DagBag from /home/airflow/.local/lib/python3.12/site-packages/airflow/example_dags/example_setup_teardown_taskflow.py
[2024-05-18T19:54:04.395+0000] {processor.py:840} INFO - DAG(s) 'example_setup_teardown_taskflow' retrieved from /home/airflow/.local/lib/python3.12/site-packages/airflow/example_dags/example_setup_teardown_taskflow.py
[2024-05-18T19:54:04.416+0000] {logging_mixin.py:188} INFO - [2024-05-18T19:54:04.416+0000] {dag.py:3096} INFO - Sync 1 DAGs
[2024-05-18T19:54:04.437+0000] {logging_mixin.py:188} INFO - [2024-05-18T19:54:04.437+0000] {dag.py:3954} INFO - Setting next_dagrun for example_setup_teardown_taskflow to 2024-05-17 00:00:00+00:00, run_after=2024-05-18 00:00:00+00:00
[2024-05-18T19:54:04.458+0000] {processor.py:183} INFO - Processing /home/airflow/.local/lib/python3.12/site-packages/airflow/example_dags/example_setup_teardown_taskflow.py took 0.082 seconds
[2024-05-18T19:54:34.496+0000] {processor.py:161} INFO - Started process (PID=1523) to work on /home/airflow/.local/lib/python3.12/site-packages/airflow/example_dags/example_setup_teardown_taskflow.py
[2024-05-18T19:54:34.497+0000] {processor.py:830} INFO - Processing file /home/airflow/.local/lib/python3.12/site-packages/airflow/example_dags/example_setup_teardown_taskflow.py for tasks to queue
[2024-05-18T19:54:34.499+0000] {logging_mixin.py:188} INFO - [2024-05-18T19:54:34.499+0000] {dagbag.py:545} INFO - Filling up the DagBag from /home/airflow/.local/lib/python3.12/site-packages/airflow/example_dags/example_setup_teardown_taskflow.py
[2024-05-18T19:54:34.508+0000] {processor.py:840} INFO - DAG(s) 'example_setup_teardown_taskflow' retrieved from /home/airflow/.local/lib/python3.12/site-packages/airflow/example_dags/example_setup_teardown_taskflow.py
[2024-05-18T19:54:34.531+0000] {logging_mixin.py:188} INFO - [2024-05-18T19:54:34.531+0000] {dag.py:3096} INFO - Sync 1 DAGs
[2024-05-18T19:54:34.554+0000] {logging_mixin.py:188} INFO - [2024-05-18T19:54:34.554+0000] {dag.py:3954} INFO - Setting next_dagrun for example_setup_teardown_taskflow to 2024-05-17 00:00:00+00:00, run_after=2024-05-18 00:00:00+00:00
[2024-05-18T19:54:34.576+0000] {processor.py:183} INFO - Processing /home/airflow/.local/lib/python3.12/site-packages/airflow/example_dags/example_setup_teardown_taskflow.py took 0.085 seconds
[2024-05-18T19:55:04.700+0000] {processor.py:161} INFO - Started process (PID=1582) to work on /home/airflow/.local/lib/python3.12/site-packages/airflow/example_dags/example_setup_teardown_taskflow.py
[2024-05-18T19:55:04.701+0000] {processor.py:830} INFO - Processing file /home/airflow/.local/lib/python3.12/site-packages/airflow/example_dags/example_setup_teardown_taskflow.py for tasks to queue
[2024-05-18T19:55:04.703+0000] {logging_mixin.py:188} INFO - [2024-05-18T19:55:04.703+0000] {dagbag.py:545} INFO - Filling up the DagBag from /home/airflow/.local/lib/python3.12/site-packages/airflow/example_dags/example_setup_teardown_taskflow.py
[2024-05-18T19:55:04.711+0000] {processor.py:840} INFO - DAG(s) 'example_setup_teardown_taskflow' retrieved from /home/airflow/.local/lib/python3.12/site-packages/airflow/example_dags/example_setup_teardown_taskflow.py
[2024-05-18T19:55:04.734+0000] {logging_mixin.py:188} INFO - [2024-05-18T19:55:04.734+0000] {dag.py:3096} INFO - Sync 1 DAGs
[2024-05-18T19:55:04.756+0000] {logging_mixin.py:188} INFO - [2024-05-18T19:55:04.756+0000] {dag.py:3954} INFO - Setting next_dagrun for example_setup_teardown_taskflow to 2024-05-17 00:00:00+00:00, run_after=2024-05-18 00:00:00+00:00
[2024-05-18T19:55:04.778+0000] {processor.py:183} INFO - Processing /home/airflow/.local/lib/python3.12/site-packages/airflow/example_dags/example_setup_teardown_taskflow.py took 0.084 seconds
[2024-05-18T20:00:14.120+0000] {processor.py:161} INFO - Started process (PID=70) to work on /home/airflow/.local/lib/python3.12/site-packages/airflow/example_dags/example_setup_teardown_taskflow.py
[2024-05-18T20:00:14.122+0000] {processor.py:830} INFO - Processing file /home/airflow/.local/lib/python3.12/site-packages/airflow/example_dags/example_setup_teardown_taskflow.py for tasks to queue
[2024-05-18T20:00:14.125+0000] {logging_mixin.py:188} INFO - [2024-05-18T20:00:14.125+0000] {dagbag.py:545} INFO - Filling up the DagBag from /home/airflow/.local/lib/python3.12/site-packages/airflow/example_dags/example_setup_teardown_taskflow.py
[2024-05-18T20:00:14.136+0000] {processor.py:840} INFO - DAG(s) 'example_setup_teardown_taskflow' retrieved from /home/airflow/.local/lib/python3.12/site-packages/airflow/example_dags/example_setup_teardown_taskflow.py
[2024-05-18T20:00:14.152+0000] {logging_mixin.py:188} INFO - [2024-05-18T20:00:14.152+0000] {dag.py:3096} INFO - Sync 1 DAGs
[2024-05-18T20:00:14.182+0000] {logging_mixin.py:188} INFO - [2024-05-18T20:00:14.182+0000] {dag.py:3954} INFO - Setting next_dagrun for example_setup_teardown_taskflow to 2024-05-17 00:00:00+00:00, run_after=2024-05-18 00:00:00+00:00
[2024-05-18T20:00:14.211+0000] {processor.py:183} INFO - Processing /home/airflow/.local/lib/python3.12/site-packages/airflow/example_dags/example_setup_teardown_taskflow.py took 0.096 seconds
[2024-05-18T20:00:45.858+0000] {processor.py:161} INFO - Started process (PID=128) to work on /home/airflow/.local/lib/python3.12/site-packages/airflow/example_dags/example_setup_teardown_taskflow.py
[2024-05-18T20:00:45.859+0000] {processor.py:830} INFO - Processing file /home/airflow/.local/lib/python3.12/site-packages/airflow/example_dags/example_setup_teardown_taskflow.py for tasks to queue
[2024-05-18T20:00:45.861+0000] {logging_mixin.py:188} INFO - [2024-05-18T20:00:45.861+0000] {dagbag.py:545} INFO - Filling up the DagBag from /home/airflow/.local/lib/python3.12/site-packages/airflow/example_dags/example_setup_teardown_taskflow.py
[2024-05-18T20:00:45.869+0000] {processor.py:840} INFO - DAG(s) 'example_setup_teardown_taskflow' retrieved from /home/airflow/.local/lib/python3.12/site-packages/airflow/example_dags/example_setup_teardown_taskflow.py
[2024-05-18T20:00:45.960+0000] {logging_mixin.py:188} INFO - [2024-05-18T20:00:45.960+0000] {dag.py:3096} INFO - Sync 1 DAGs
[2024-05-18T20:00:45.976+0000] {logging_mixin.py:188} INFO - [2024-05-18T20:00:45.976+0000] {dag.py:3954} INFO - Setting next_dagrun for example_setup_teardown_taskflow to 2024-05-17 00:00:00+00:00, run_after=2024-05-18 00:00:00+00:00
[2024-05-18T20:00:45.999+0000] {processor.py:183} INFO - Processing /home/airflow/.local/lib/python3.12/site-packages/airflow/example_dags/example_setup_teardown_taskflow.py took 0.146 seconds
[2024-05-18T20:01:16.097+0000] {processor.py:161} INFO - Started process (PID=186) to work on /home/airflow/.local/lib/python3.12/site-packages/airflow/example_dags/example_setup_teardown_taskflow.py
[2024-05-18T20:01:16.098+0000] {processor.py:830} INFO - Processing file /home/airflow/.local/lib/python3.12/site-packages/airflow/example_dags/example_setup_teardown_taskflow.py for tasks to queue
[2024-05-18T20:01:16.100+0000] {logging_mixin.py:188} INFO - [2024-05-18T20:01:16.100+0000] {dagbag.py:545} INFO - Filling up the DagBag from /home/airflow/.local/lib/python3.12/site-packages/airflow/example_dags/example_setup_teardown_taskflow.py
[2024-05-18T20:01:16.108+0000] {processor.py:840} INFO - DAG(s) 'example_setup_teardown_taskflow' retrieved from /home/airflow/.local/lib/python3.12/site-packages/airflow/example_dags/example_setup_teardown_taskflow.py
[2024-05-18T20:01:16.129+0000] {logging_mixin.py:188} INFO - [2024-05-18T20:01:16.129+0000] {dag.py:3096} INFO - Sync 1 DAGs
[2024-05-18T20:01:16.148+0000] {logging_mixin.py:188} INFO - [2024-05-18T20:01:16.148+0000] {dag.py:3954} INFO - Setting next_dagrun for example_setup_teardown_taskflow to 2024-05-17 00:00:00+00:00, run_after=2024-05-18 00:00:00+00:00
[2024-05-18T20:01:16.169+0000] {processor.py:183} INFO - Processing /home/airflow/.local/lib/python3.12/site-packages/airflow/example_dags/example_setup_teardown_taskflow.py took 0.077 seconds
[2024-05-18T20:01:46.305+0000] {processor.py:161} INFO - Started process (PID=244) to work on /home/airflow/.local/lib/python3.12/site-packages/airflow/example_dags/example_setup_teardown_taskflow.py
[2024-05-18T20:01:46.306+0000] {processor.py:830} INFO - Processing file /home/airflow/.local/lib/python3.12/site-packages/airflow/example_dags/example_setup_teardown_taskflow.py for tasks to queue
[2024-05-18T20:01:46.308+0000] {logging_mixin.py:188} INFO - [2024-05-18T20:01:46.308+0000] {dagbag.py:545} INFO - Filling up the DagBag from /home/airflow/.local/lib/python3.12/site-packages/airflow/example_dags/example_setup_teardown_taskflow.py
[2024-05-18T20:01:46.316+0000] {processor.py:840} INFO - DAG(s) 'example_setup_teardown_taskflow' retrieved from /home/airflow/.local/lib/python3.12/site-packages/airflow/example_dags/example_setup_teardown_taskflow.py
[2024-05-18T20:01:46.338+0000] {logging_mixin.py:188} INFO - [2024-05-18T20:01:46.338+0000] {dag.py:3096} INFO - Sync 1 DAGs
[2024-05-18T20:01:46.359+0000] {logging_mixin.py:188} INFO - [2024-05-18T20:01:46.359+0000] {dag.py:3954} INFO - Setting next_dagrun for example_setup_teardown_taskflow to 2024-05-17 00:00:00+00:00, run_after=2024-05-18 00:00:00+00:00
[2024-05-18T20:01:46.381+0000] {processor.py:183} INFO - Processing /home/airflow/.local/lib/python3.12/site-packages/airflow/example_dags/example_setup_teardown_taskflow.py took 0.082 seconds
[2024-05-18T20:02:16.882+0000] {processor.py:161} INFO - Started process (PID=302) to work on /home/airflow/.local/lib/python3.12/site-packages/airflow/example_dags/example_setup_teardown_taskflow.py
[2024-05-18T20:02:16.884+0000] {processor.py:830} INFO - Processing file /home/airflow/.local/lib/python3.12/site-packages/airflow/example_dags/example_setup_teardown_taskflow.py for tasks to queue
[2024-05-18T20:02:16.886+0000] {logging_mixin.py:188} INFO - [2024-05-18T20:02:16.886+0000] {dagbag.py:545} INFO - Filling up the DagBag from /home/airflow/.local/lib/python3.12/site-packages/airflow/example_dags/example_setup_teardown_taskflow.py
[2024-05-18T20:02:16.895+0000] {processor.py:840} INFO - DAG(s) 'example_setup_teardown_taskflow' retrieved from /home/airflow/.local/lib/python3.12/site-packages/airflow/example_dags/example_setup_teardown_taskflow.py
[2024-05-18T20:02:16.919+0000] {logging_mixin.py:188} INFO - [2024-05-18T20:02:16.919+0000] {dag.py:3096} INFO - Sync 1 DAGs
[2024-05-18T20:02:16.943+0000] {logging_mixin.py:188} INFO - [2024-05-18T20:02:16.943+0000] {dag.py:3954} INFO - Setting next_dagrun for example_setup_teardown_taskflow to 2024-05-17 00:00:00+00:00, run_after=2024-05-18 00:00:00+00:00
[2024-05-18T20:02:16.967+0000] {processor.py:183} INFO - Processing /home/airflow/.local/lib/python3.12/site-packages/airflow/example_dags/example_setup_teardown_taskflow.py took 0.091 seconds
[2024-05-18T20:02:47.197+0000] {processor.py:161} INFO - Started process (PID=360) to work on /home/airflow/.local/lib/python3.12/site-packages/airflow/example_dags/example_setup_teardown_taskflow.py
[2024-05-18T20:02:47.198+0000] {processor.py:830} INFO - Processing file /home/airflow/.local/lib/python3.12/site-packages/airflow/example_dags/example_setup_teardown_taskflow.py for tasks to queue
[2024-05-18T20:02:47.200+0000] {logging_mixin.py:188} INFO - [2024-05-18T20:02:47.199+0000] {dagbag.py:545} INFO - Filling up the DagBag from /home/airflow/.local/lib/python3.12/site-packages/airflow/example_dags/example_setup_teardown_taskflow.py
[2024-05-18T20:02:47.209+0000] {processor.py:840} INFO - DAG(s) 'example_setup_teardown_taskflow' retrieved from /home/airflow/.local/lib/python3.12/site-packages/airflow/example_dags/example_setup_teardown_taskflow.py
[2024-05-18T20:02:47.229+0000] {logging_mixin.py:188} INFO - [2024-05-18T20:02:47.228+0000] {dag.py:3096} INFO - Sync 1 DAGs
[2024-05-18T20:02:47.249+0000] {logging_mixin.py:188} INFO - [2024-05-18T20:02:47.249+0000] {dag.py:3954} INFO - Setting next_dagrun for example_setup_teardown_taskflow to 2024-05-17 00:00:00+00:00, run_after=2024-05-18 00:00:00+00:00
[2024-05-18T20:02:47.272+0000] {processor.py:183} INFO - Processing /home/airflow/.local/lib/python3.12/site-packages/airflow/example_dags/example_setup_teardown_taskflow.py took 0.080 seconds
[2024-05-18T20:03:18.057+0000] {processor.py:161} INFO - Started process (PID=418) to work on /home/airflow/.local/lib/python3.12/site-packages/airflow/example_dags/example_setup_teardown_taskflow.py
[2024-05-18T20:03:18.058+0000] {processor.py:830} INFO - Processing file /home/airflow/.local/lib/python3.12/site-packages/airflow/example_dags/example_setup_teardown_taskflow.py for tasks to queue
[2024-05-18T20:03:18.061+0000] {logging_mixin.py:188} INFO - [2024-05-18T20:03:18.061+0000] {dagbag.py:545} INFO - Filling up the DagBag from /home/airflow/.local/lib/python3.12/site-packages/airflow/example_dags/example_setup_teardown_taskflow.py
[2024-05-18T20:03:18.074+0000] {processor.py:840} INFO - DAG(s) 'example_setup_teardown_taskflow' retrieved from /home/airflow/.local/lib/python3.12/site-packages/airflow/example_dags/example_setup_teardown_taskflow.py
[2024-05-18T20:03:18.098+0000] {logging_mixin.py:188} INFO - [2024-05-18T20:03:18.097+0000] {dag.py:3096} INFO - Sync 1 DAGs
[2024-05-18T20:03:18.122+0000] {logging_mixin.py:188} INFO - [2024-05-18T20:03:18.122+0000] {dag.py:3954} INFO - Setting next_dagrun for example_setup_teardown_taskflow to 2024-05-17 00:00:00+00:00, run_after=2024-05-18 00:00:00+00:00
[2024-05-18T20:03:18.146+0000] {processor.py:183} INFO - Processing /home/airflow/.local/lib/python3.12/site-packages/airflow/example_dags/example_setup_teardown_taskflow.py took 0.094 seconds
[2024-05-18T20:03:48.486+0000] {processor.py:161} INFO - Started process (PID=476) to work on /home/airflow/.local/lib/python3.12/site-packages/airflow/example_dags/example_setup_teardown_taskflow.py
[2024-05-18T20:03:48.488+0000] {processor.py:830} INFO - Processing file /home/airflow/.local/lib/python3.12/site-packages/airflow/example_dags/example_setup_teardown_taskflow.py for tasks to queue
[2024-05-18T20:03:48.489+0000] {logging_mixin.py:188} INFO - [2024-05-18T20:03:48.489+0000] {dagbag.py:545} INFO - Filling up the DagBag from /home/airflow/.local/lib/python3.12/site-packages/airflow/example_dags/example_setup_teardown_taskflow.py
[2024-05-18T20:03:48.497+0000] {processor.py:840} INFO - DAG(s) 'example_setup_teardown_taskflow' retrieved from /home/airflow/.local/lib/python3.12/site-packages/airflow/example_dags/example_setup_teardown_taskflow.py
[2024-05-18T20:03:48.526+0000] {logging_mixin.py:188} INFO - [2024-05-18T20:03:48.526+0000] {dag.py:3096} INFO - Sync 1 DAGs
[2024-05-18T20:03:48.549+0000] {logging_mixin.py:188} INFO - [2024-05-18T20:03:48.549+0000] {dag.py:3954} INFO - Setting next_dagrun for example_setup_teardown_taskflow to 2024-05-17 00:00:00+00:00, run_after=2024-05-18 00:00:00+00:00
[2024-05-18T20:03:48.575+0000] {processor.py:183} INFO - Processing /home/airflow/.local/lib/python3.12/site-packages/airflow/example_dags/example_setup_teardown_taskflow.py took 0.094 seconds
[2024-05-18T20:04:18.989+0000] {processor.py:161} INFO - Started process (PID=534) to work on /home/airflow/.local/lib/python3.12/site-packages/airflow/example_dags/example_setup_teardown_taskflow.py
[2024-05-18T20:04:18.991+0000] {processor.py:830} INFO - Processing file /home/airflow/.local/lib/python3.12/site-packages/airflow/example_dags/example_setup_teardown_taskflow.py for tasks to queue
[2024-05-18T20:04:18.993+0000] {logging_mixin.py:188} INFO - [2024-05-18T20:04:18.993+0000] {dagbag.py:545} INFO - Filling up the DagBag from /home/airflow/.local/lib/python3.12/site-packages/airflow/example_dags/example_setup_teardown_taskflow.py
[2024-05-18T20:04:19.003+0000] {processor.py:840} INFO - DAG(s) 'example_setup_teardown_taskflow' retrieved from /home/airflow/.local/lib/python3.12/site-packages/airflow/example_dags/example_setup_teardown_taskflow.py
[2024-05-18T20:04:19.027+0000] {logging_mixin.py:188} INFO - [2024-05-18T20:04:19.027+0000] {dag.py:3096} INFO - Sync 1 DAGs
[2024-05-18T20:04:19.049+0000] {logging_mixin.py:188} INFO - [2024-05-18T20:04:19.049+0000] {dag.py:3954} INFO - Setting next_dagrun for example_setup_teardown_taskflow to 2024-05-17 00:00:00+00:00, run_after=2024-05-18 00:00:00+00:00
[2024-05-18T20:04:19.071+0000] {processor.py:183} INFO - Processing /home/airflow/.local/lib/python3.12/site-packages/airflow/example_dags/example_setup_teardown_taskflow.py took 0.088 seconds
[2024-05-18T20:04:49.191+0000] {processor.py:161} INFO - Started process (PID=592) to work on /home/airflow/.local/lib/python3.12/site-packages/airflow/example_dags/example_setup_teardown_taskflow.py
[2024-05-18T20:04:49.193+0000] {processor.py:830} INFO - Processing file /home/airflow/.local/lib/python3.12/site-packages/airflow/example_dags/example_setup_teardown_taskflow.py for tasks to queue
[2024-05-18T20:04:49.195+0000] {logging_mixin.py:188} INFO - [2024-05-18T20:04:49.195+0000] {dagbag.py:545} INFO - Filling up the DagBag from /home/airflow/.local/lib/python3.12/site-packages/airflow/example_dags/example_setup_teardown_taskflow.py
[2024-05-18T20:04:49.205+0000] {processor.py:840} INFO - DAG(s) 'example_setup_teardown_taskflow' retrieved from /home/airflow/.local/lib/python3.12/site-packages/airflow/example_dags/example_setup_teardown_taskflow.py
[2024-05-18T20:04:49.230+0000] {logging_mixin.py:188} INFO - [2024-05-18T20:04:49.230+0000] {dag.py:3096} INFO - Sync 1 DAGs
[2024-05-18T20:04:49.254+0000] {logging_mixin.py:188} INFO - [2024-05-18T20:04:49.254+0000] {dag.py:3954} INFO - Setting next_dagrun for example_setup_teardown_taskflow to 2024-05-17 00:00:00+00:00, run_after=2024-05-18 00:00:00+00:00
[2024-05-18T20:04:49.279+0000] {processor.py:183} INFO - Processing /home/airflow/.local/lib/python3.12/site-packages/airflow/example_dags/example_setup_teardown_taskflow.py took 0.093 seconds
[2024-05-18T20:05:19.307+0000] {processor.py:161} INFO - Started process (PID=650) to work on /home/airflow/.local/lib/python3.12/site-packages/airflow/example_dags/example_setup_teardown_taskflow.py
[2024-05-18T20:05:19.308+0000] {processor.py:830} INFO - Processing file /home/airflow/.local/lib/python3.12/site-packages/airflow/example_dags/example_setup_teardown_taskflow.py for tasks to queue
[2024-05-18T20:05:19.310+0000] {logging_mixin.py:188} INFO - [2024-05-18T20:05:19.310+0000] {dagbag.py:545} INFO - Filling up the DagBag from /home/airflow/.local/lib/python3.12/site-packages/airflow/example_dags/example_setup_teardown_taskflow.py
[2024-05-18T20:05:19.319+0000] {processor.py:840} INFO - DAG(s) 'example_setup_teardown_taskflow' retrieved from /home/airflow/.local/lib/python3.12/site-packages/airflow/example_dags/example_setup_teardown_taskflow.py
[2024-05-18T20:05:19.342+0000] {logging_mixin.py:188} INFO - [2024-05-18T20:05:19.342+0000] {dag.py:3096} INFO - Sync 1 DAGs
[2024-05-18T20:05:19.363+0000] {logging_mixin.py:188} INFO - [2024-05-18T20:05:19.363+0000] {dag.py:3954} INFO - Setting next_dagrun for example_setup_teardown_taskflow to 2024-05-17 00:00:00+00:00, run_after=2024-05-18 00:00:00+00:00
[2024-05-18T20:05:19.385+0000] {processor.py:183} INFO - Processing /home/airflow/.local/lib/python3.12/site-packages/airflow/example_dags/example_setup_teardown_taskflow.py took 0.083 seconds
[2024-05-18T20:05:49.472+0000] {processor.py:161} INFO - Started process (PID=708) to work on /home/airflow/.local/lib/python3.12/site-packages/airflow/example_dags/example_setup_teardown_taskflow.py
[2024-05-18T20:05:49.473+0000] {processor.py:830} INFO - Processing file /home/airflow/.local/lib/python3.12/site-packages/airflow/example_dags/example_setup_teardown_taskflow.py for tasks to queue
[2024-05-18T20:05:49.475+0000] {logging_mixin.py:188} INFO - [2024-05-18T20:05:49.475+0000] {dagbag.py:545} INFO - Filling up the DagBag from /home/airflow/.local/lib/python3.12/site-packages/airflow/example_dags/example_setup_teardown_taskflow.py
[2024-05-18T20:05:49.484+0000] {processor.py:840} INFO - DAG(s) 'example_setup_teardown_taskflow' retrieved from /home/airflow/.local/lib/python3.12/site-packages/airflow/example_dags/example_setup_teardown_taskflow.py
[2024-05-18T20:05:49.507+0000] {logging_mixin.py:188} INFO - [2024-05-18T20:05:49.507+0000] {dag.py:3096} INFO - Sync 1 DAGs
[2024-05-18T20:05:49.527+0000] {logging_mixin.py:188} INFO - [2024-05-18T20:05:49.527+0000] {dag.py:3954} INFO - Setting next_dagrun for example_setup_teardown_taskflow to 2024-05-17 00:00:00+00:00, run_after=2024-05-18 00:00:00+00:00
[2024-05-18T20:05:49.548+0000] {processor.py:183} INFO - Processing /home/airflow/.local/lib/python3.12/site-packages/airflow/example_dags/example_setup_teardown_taskflow.py took 0.080 seconds
[2024-05-18T20:06:19.747+0000] {processor.py:161} INFO - Started process (PID=766) to work on /home/airflow/.local/lib/python3.12/site-packages/airflow/example_dags/example_setup_teardown_taskflow.py
[2024-05-18T20:06:19.748+0000] {processor.py:830} INFO - Processing file /home/airflow/.local/lib/python3.12/site-packages/airflow/example_dags/example_setup_teardown_taskflow.py for tasks to queue
[2024-05-18T20:06:19.750+0000] {logging_mixin.py:188} INFO - [2024-05-18T20:06:19.750+0000] {dagbag.py:545} INFO - Filling up the DagBag from /home/airflow/.local/lib/python3.12/site-packages/airflow/example_dags/example_setup_teardown_taskflow.py
[2024-05-18T20:06:19.758+0000] {processor.py:840} INFO - DAG(s) 'example_setup_teardown_taskflow' retrieved from /home/airflow/.local/lib/python3.12/site-packages/airflow/example_dags/example_setup_teardown_taskflow.py
[2024-05-18T20:06:19.780+0000] {logging_mixin.py:188} INFO - [2024-05-18T20:06:19.779+0000] {dag.py:3096} INFO - Sync 1 DAGs
[2024-05-18T20:06:19.800+0000] {logging_mixin.py:188} INFO - [2024-05-18T20:06:19.799+0000] {dag.py:3954} INFO - Setting next_dagrun for example_setup_teardown_taskflow to 2024-05-17 00:00:00+00:00, run_after=2024-05-18 00:00:00+00:00
[2024-05-18T20:06:19.819+0000] {processor.py:183} INFO - Processing /home/airflow/.local/lib/python3.12/site-packages/airflow/example_dags/example_setup_teardown_taskflow.py took 0.078 seconds
[2024-05-18T20:06:51.104+0000] {processor.py:161} INFO - Started process (PID=824) to work on /home/airflow/.local/lib/python3.12/site-packages/airflow/example_dags/example_setup_teardown_taskflow.py
[2024-05-18T20:06:51.105+0000] {processor.py:830} INFO - Processing file /home/airflow/.local/lib/python3.12/site-packages/airflow/example_dags/example_setup_teardown_taskflow.py for tasks to queue
[2024-05-18T20:06:51.107+0000] {logging_mixin.py:188} INFO - [2024-05-18T20:06:51.106+0000] {dagbag.py:545} INFO - Filling up the DagBag from /home/airflow/.local/lib/python3.12/site-packages/airflow/example_dags/example_setup_teardown_taskflow.py
[2024-05-18T20:06:51.115+0000] {processor.py:840} INFO - DAG(s) 'example_setup_teardown_taskflow' retrieved from /home/airflow/.local/lib/python3.12/site-packages/airflow/example_dags/example_setup_teardown_taskflow.py
[2024-05-18T20:06:51.137+0000] {logging_mixin.py:188} INFO - [2024-05-18T20:06:51.137+0000] {dag.py:3096} INFO - Sync 1 DAGs
[2024-05-18T20:06:51.157+0000] {logging_mixin.py:188} INFO - [2024-05-18T20:06:51.157+0000] {dag.py:3954} INFO - Setting next_dagrun for example_setup_teardown_taskflow to 2024-05-17 00:00:00+00:00, run_after=2024-05-18 00:00:00+00:00
[2024-05-18T20:06:51.178+0000] {processor.py:183} INFO - Processing /home/airflow/.local/lib/python3.12/site-packages/airflow/example_dags/example_setup_teardown_taskflow.py took 0.079 seconds
[2024-05-18T20:07:21.246+0000] {processor.py:161} INFO - Started process (PID=882) to work on /home/airflow/.local/lib/python3.12/site-packages/airflow/example_dags/example_setup_teardown_taskflow.py
[2024-05-18T20:07:21.247+0000] {processor.py:830} INFO - Processing file /home/airflow/.local/lib/python3.12/site-packages/airflow/example_dags/example_setup_teardown_taskflow.py for tasks to queue
[2024-05-18T20:07:21.249+0000] {logging_mixin.py:188} INFO - [2024-05-18T20:07:21.249+0000] {dagbag.py:545} INFO - Filling up the DagBag from /home/airflow/.local/lib/python3.12/site-packages/airflow/example_dags/example_setup_teardown_taskflow.py
[2024-05-18T20:07:21.257+0000] {processor.py:840} INFO - DAG(s) 'example_setup_teardown_taskflow' retrieved from /home/airflow/.local/lib/python3.12/site-packages/airflow/example_dags/example_setup_teardown_taskflow.py
[2024-05-18T20:07:21.277+0000] {logging_mixin.py:188} INFO - [2024-05-18T20:07:21.277+0000] {dag.py:3096} INFO - Sync 1 DAGs
[2024-05-18T20:07:21.296+0000] {logging_mixin.py:188} INFO - [2024-05-18T20:07:21.296+0000] {dag.py:3954} INFO - Setting next_dagrun for example_setup_teardown_taskflow to 2024-05-17 00:00:00+00:00, run_after=2024-05-18 00:00:00+00:00
[2024-05-18T20:07:21.316+0000] {processor.py:183} INFO - Processing /home/airflow/.local/lib/python3.12/site-packages/airflow/example_dags/example_setup_teardown_taskflow.py took 0.076 seconds
[2024-05-18T20:07:51.920+0000] {processor.py:161} INFO - Started process (PID=940) to work on /home/airflow/.local/lib/python3.12/site-packages/airflow/example_dags/example_setup_teardown_taskflow.py
[2024-05-18T20:07:51.921+0000] {processor.py:830} INFO - Processing file /home/airflow/.local/lib/python3.12/site-packages/airflow/example_dags/example_setup_teardown_taskflow.py for tasks to queue
[2024-05-18T20:07:51.922+0000] {logging_mixin.py:188} INFO - [2024-05-18T20:07:51.922+0000] {dagbag.py:545} INFO - Filling up the DagBag from /home/airflow/.local/lib/python3.12/site-packages/airflow/example_dags/example_setup_teardown_taskflow.py
[2024-05-18T20:07:51.930+0000] {processor.py:840} INFO - DAG(s) 'example_setup_teardown_taskflow' retrieved from /home/airflow/.local/lib/python3.12/site-packages/airflow/example_dags/example_setup_teardown_taskflow.py
[2024-05-18T20:07:51.951+0000] {logging_mixin.py:188} INFO - [2024-05-18T20:07:51.951+0000] {dag.py:3096} INFO - Sync 1 DAGs
[2024-05-18T20:07:51.971+0000] {logging_mixin.py:188} INFO - [2024-05-18T20:07:51.971+0000] {dag.py:3954} INFO - Setting next_dagrun for example_setup_teardown_taskflow to 2024-05-17 00:00:00+00:00, run_after=2024-05-18 00:00:00+00:00
[2024-05-18T20:07:51.991+0000] {processor.py:183} INFO - Processing /home/airflow/.local/lib/python3.12/site-packages/airflow/example_dags/example_setup_teardown_taskflow.py took 0.077 seconds
[2024-05-18T20:08:22.095+0000] {processor.py:161} INFO - Started process (PID=999) to work on /home/airflow/.local/lib/python3.12/site-packages/airflow/example_dags/example_setup_teardown_taskflow.py
[2024-05-18T20:08:22.096+0000] {processor.py:830} INFO - Processing file /home/airflow/.local/lib/python3.12/site-packages/airflow/example_dags/example_setup_teardown_taskflow.py for tasks to queue
[2024-05-18T20:08:22.098+0000] {logging_mixin.py:188} INFO - [2024-05-18T20:08:22.098+0000] {dagbag.py:545} INFO - Filling up the DagBag from /home/airflow/.local/lib/python3.12/site-packages/airflow/example_dags/example_setup_teardown_taskflow.py
[2024-05-18T20:08:22.106+0000] {processor.py:840} INFO - DAG(s) 'example_setup_teardown_taskflow' retrieved from /home/airflow/.local/lib/python3.12/site-packages/airflow/example_dags/example_setup_teardown_taskflow.py
[2024-05-18T20:08:22.128+0000] {logging_mixin.py:188} INFO - [2024-05-18T20:08:22.128+0000] {dag.py:3096} INFO - Sync 1 DAGs
[2024-05-18T20:08:22.148+0000] {logging_mixin.py:188} INFO - [2024-05-18T20:08:22.148+0000] {dag.py:3954} INFO - Setting next_dagrun for example_setup_teardown_taskflow to 2024-05-17 00:00:00+00:00, run_after=2024-05-18 00:00:00+00:00
[2024-05-18T20:08:22.169+0000] {processor.py:183} INFO - Processing /home/airflow/.local/lib/python3.12/site-packages/airflow/example_dags/example_setup_teardown_taskflow.py took 0.080 seconds
[2024-05-18T20:08:52.552+0000] {processor.py:161} INFO - Started process (PID=1057) to work on /home/airflow/.local/lib/python3.12/site-packages/airflow/example_dags/example_setup_teardown_taskflow.py
[2024-05-18T20:08:52.554+0000] {processor.py:830} INFO - Processing file /home/airflow/.local/lib/python3.12/site-packages/airflow/example_dags/example_setup_teardown_taskflow.py for tasks to queue
[2024-05-18T20:08:52.556+0000] {logging_mixin.py:188} INFO - [2024-05-18T20:08:52.555+0000] {dagbag.py:545} INFO - Filling up the DagBag from /home/airflow/.local/lib/python3.12/site-packages/airflow/example_dags/example_setup_teardown_taskflow.py
[2024-05-18T20:08:52.564+0000] {processor.py:840} INFO - DAG(s) 'example_setup_teardown_taskflow' retrieved from /home/airflow/.local/lib/python3.12/site-packages/airflow/example_dags/example_setup_teardown_taskflow.py
[2024-05-18T20:08:52.585+0000] {logging_mixin.py:188} INFO - [2024-05-18T20:08:52.585+0000] {dag.py:3096} INFO - Sync 1 DAGs
[2024-05-18T20:08:52.606+0000] {logging_mixin.py:188} INFO - [2024-05-18T20:08:52.606+0000] {dag.py:3954} INFO - Setting next_dagrun for example_setup_teardown_taskflow to 2024-05-17 00:00:00+00:00, run_after=2024-05-18 00:00:00+00:00
[2024-05-18T20:08:52.628+0000] {processor.py:183} INFO - Processing /home/airflow/.local/lib/python3.12/site-packages/airflow/example_dags/example_setup_teardown_taskflow.py took 0.081 seconds
[2024-05-18T20:09:22.853+0000] {processor.py:161} INFO - Started process (PID=1115) to work on /home/airflow/.local/lib/python3.12/site-packages/airflow/example_dags/example_setup_teardown_taskflow.py
[2024-05-18T20:09:22.855+0000] {processor.py:830} INFO - Processing file /home/airflow/.local/lib/python3.12/site-packages/airflow/example_dags/example_setup_teardown_taskflow.py for tasks to queue
[2024-05-18T20:09:22.857+0000] {logging_mixin.py:188} INFO - [2024-05-18T20:09:22.856+0000] {dagbag.py:545} INFO - Filling up the DagBag from /home/airflow/.local/lib/python3.12/site-packages/airflow/example_dags/example_setup_teardown_taskflow.py
[2024-05-18T20:09:22.865+0000] {processor.py:840} INFO - DAG(s) 'example_setup_teardown_taskflow' retrieved from /home/airflow/.local/lib/python3.12/site-packages/airflow/example_dags/example_setup_teardown_taskflow.py
[2024-05-18T20:09:22.887+0000] {logging_mixin.py:188} INFO - [2024-05-18T20:09:22.887+0000] {dag.py:3096} INFO - Sync 1 DAGs
[2024-05-18T20:09:22.909+0000] {logging_mixin.py:188} INFO - [2024-05-18T20:09:22.909+0000] {dag.py:3954} INFO - Setting next_dagrun for example_setup_teardown_taskflow to 2024-05-17 00:00:00+00:00, run_after=2024-05-18 00:00:00+00:00
[2024-05-18T20:09:22.932+0000] {processor.py:183} INFO - Processing /home/airflow/.local/lib/python3.12/site-packages/airflow/example_dags/example_setup_teardown_taskflow.py took 0.084 seconds
[2024-05-18T20:09:53.669+0000] {processor.py:161} INFO - Started process (PID=1173) to work on /home/airflow/.local/lib/python3.12/site-packages/airflow/example_dags/example_setup_teardown_taskflow.py
[2024-05-18T20:09:53.670+0000] {processor.py:830} INFO - Processing file /home/airflow/.local/lib/python3.12/site-packages/airflow/example_dags/example_setup_teardown_taskflow.py for tasks to queue
[2024-05-18T20:09:53.673+0000] {logging_mixin.py:188} INFO - [2024-05-18T20:09:53.672+0000] {dagbag.py:545} INFO - Filling up the DagBag from /home/airflow/.local/lib/python3.12/site-packages/airflow/example_dags/example_setup_teardown_taskflow.py
[2024-05-18T20:09:53.683+0000] {processor.py:840} INFO - DAG(s) 'example_setup_teardown_taskflow' retrieved from /home/airflow/.local/lib/python3.12/site-packages/airflow/example_dags/example_setup_teardown_taskflow.py
[2024-05-18T20:09:53.705+0000] {logging_mixin.py:188} INFO - [2024-05-18T20:09:53.705+0000] {dag.py:3096} INFO - Sync 1 DAGs
[2024-05-18T20:09:53.727+0000] {logging_mixin.py:188} INFO - [2024-05-18T20:09:53.726+0000] {dag.py:3954} INFO - Setting next_dagrun for example_setup_teardown_taskflow to 2024-05-17 00:00:00+00:00, run_after=2024-05-18 00:00:00+00:00
[2024-05-18T20:09:53.748+0000] {processor.py:183} INFO - Processing /home/airflow/.local/lib/python3.12/site-packages/airflow/example_dags/example_setup_teardown_taskflow.py took 0.086 seconds
[2024-05-18T20:10:23.958+0000] {processor.py:161} INFO - Started process (PID=1231) to work on /home/airflow/.local/lib/python3.12/site-packages/airflow/example_dags/example_setup_teardown_taskflow.py
[2024-05-18T20:10:23.960+0000] {processor.py:830} INFO - Processing file /home/airflow/.local/lib/python3.12/site-packages/airflow/example_dags/example_setup_teardown_taskflow.py for tasks to queue
[2024-05-18T20:10:23.961+0000] {logging_mixin.py:188} INFO - [2024-05-18T20:10:23.961+0000] {dagbag.py:545} INFO - Filling up the DagBag from /home/airflow/.local/lib/python3.12/site-packages/airflow/example_dags/example_setup_teardown_taskflow.py
[2024-05-18T20:10:23.970+0000] {processor.py:840} INFO - DAG(s) 'example_setup_teardown_taskflow' retrieved from /home/airflow/.local/lib/python3.12/site-packages/airflow/example_dags/example_setup_teardown_taskflow.py
[2024-05-18T20:10:23.991+0000] {logging_mixin.py:188} INFO - [2024-05-18T20:10:23.991+0000] {dag.py:3096} INFO - Sync 1 DAGs
[2024-05-18T20:10:24.013+0000] {logging_mixin.py:188} INFO - [2024-05-18T20:10:24.013+0000] {dag.py:3954} INFO - Setting next_dagrun for example_setup_teardown_taskflow to 2024-05-17 00:00:00+00:00, run_after=2024-05-18 00:00:00+00:00
[2024-05-18T20:10:24.034+0000] {processor.py:183} INFO - Processing /home/airflow/.local/lib/python3.12/site-packages/airflow/example_dags/example_setup_teardown_taskflow.py took 0.082 seconds
[2024-05-18T20:10:54.611+0000] {processor.py:161} INFO - Started process (PID=1290) to work on /home/airflow/.local/lib/python3.12/site-packages/airflow/example_dags/example_setup_teardown_taskflow.py
[2024-05-18T20:10:54.613+0000] {processor.py:830} INFO - Processing file /home/airflow/.local/lib/python3.12/site-packages/airflow/example_dags/example_setup_teardown_taskflow.py for tasks to queue
[2024-05-18T20:10:54.615+0000] {logging_mixin.py:188} INFO - [2024-05-18T20:10:54.614+0000] {dagbag.py:545} INFO - Filling up the DagBag from /home/airflow/.local/lib/python3.12/site-packages/airflow/example_dags/example_setup_teardown_taskflow.py
[2024-05-18T20:10:54.623+0000] {processor.py:840} INFO - DAG(s) 'example_setup_teardown_taskflow' retrieved from /home/airflow/.local/lib/python3.12/site-packages/airflow/example_dags/example_setup_teardown_taskflow.py
[2024-05-18T20:10:54.648+0000] {logging_mixin.py:188} INFO - [2024-05-18T20:10:54.648+0000] {dag.py:3096} INFO - Sync 1 DAGs
[2024-05-18T20:10:54.669+0000] {logging_mixin.py:188} INFO - [2024-05-18T20:10:54.669+0000] {dag.py:3954} INFO - Setting next_dagrun for example_setup_teardown_taskflow to 2024-05-17 00:00:00+00:00, run_after=2024-05-18 00:00:00+00:00
[2024-05-18T20:10:54.691+0000] {processor.py:183} INFO - Processing /home/airflow/.local/lib/python3.12/site-packages/airflow/example_dags/example_setup_teardown_taskflow.py took 0.084 seconds
[2024-05-18T20:11:25.007+0000] {processor.py:161} INFO - Started process (PID=1348) to work on /home/airflow/.local/lib/python3.12/site-packages/airflow/example_dags/example_setup_teardown_taskflow.py
[2024-05-18T20:11:25.008+0000] {processor.py:830} INFO - Processing file /home/airflow/.local/lib/python3.12/site-packages/airflow/example_dags/example_setup_teardown_taskflow.py for tasks to queue
[2024-05-18T20:11:25.010+0000] {logging_mixin.py:188} INFO - [2024-05-18T20:11:25.009+0000] {dagbag.py:545} INFO - Filling up the DagBag from /home/airflow/.local/lib/python3.12/site-packages/airflow/example_dags/example_setup_teardown_taskflow.py
[2024-05-18T20:11:25.018+0000] {processor.py:840} INFO - DAG(s) 'example_setup_teardown_taskflow' retrieved from /home/airflow/.local/lib/python3.12/site-packages/airflow/example_dags/example_setup_teardown_taskflow.py
[2024-05-18T20:11:25.040+0000] {logging_mixin.py:188} INFO - [2024-05-18T20:11:25.040+0000] {dag.py:3096} INFO - Sync 1 DAGs
[2024-05-18T20:11:25.063+0000] {logging_mixin.py:188} INFO - [2024-05-18T20:11:25.062+0000] {dag.py:3954} INFO - Setting next_dagrun for example_setup_teardown_taskflow to 2024-05-17 00:00:00+00:00, run_after=2024-05-18 00:00:00+00:00
[2024-05-18T20:11:25.083+0000] {processor.py:183} INFO - Processing /home/airflow/.local/lib/python3.12/site-packages/airflow/example_dags/example_setup_teardown_taskflow.py took 0.082 seconds
[2024-05-18T20:11:55.880+0000] {processor.py:161} INFO - Started process (PID=1406) to work on /home/airflow/.local/lib/python3.12/site-packages/airflow/example_dags/example_setup_teardown_taskflow.py
[2024-05-18T20:11:55.881+0000] {processor.py:830} INFO - Processing file /home/airflow/.local/lib/python3.12/site-packages/airflow/example_dags/example_setup_teardown_taskflow.py for tasks to queue
[2024-05-18T20:11:55.883+0000] {logging_mixin.py:188} INFO - [2024-05-18T20:11:55.882+0000] {dagbag.py:545} INFO - Filling up the DagBag from /home/airflow/.local/lib/python3.12/site-packages/airflow/example_dags/example_setup_teardown_taskflow.py
[2024-05-18T20:11:55.891+0000] {processor.py:840} INFO - DAG(s) 'example_setup_teardown_taskflow' retrieved from /home/airflow/.local/lib/python3.12/site-packages/airflow/example_dags/example_setup_teardown_taskflow.py
[2024-05-18T20:11:55.912+0000] {logging_mixin.py:188} INFO - [2024-05-18T20:11:55.912+0000] {dag.py:3096} INFO - Sync 1 DAGs
[2024-05-18T20:11:55.933+0000] {logging_mixin.py:188} INFO - [2024-05-18T20:11:55.932+0000] {dag.py:3954} INFO - Setting next_dagrun for example_setup_teardown_taskflow to 2024-05-17 00:00:00+00:00, run_after=2024-05-18 00:00:00+00:00
[2024-05-18T20:11:55.953+0000] {processor.py:183} INFO - Processing /home/airflow/.local/lib/python3.12/site-packages/airflow/example_dags/example_setup_teardown_taskflow.py took 0.078 seconds
[2024-05-18T20:12:27.156+0000] {processor.py:161} INFO - Started process (PID=1464) to work on /home/airflow/.local/lib/python3.12/site-packages/airflow/example_dags/example_setup_teardown_taskflow.py
[2024-05-18T20:12:27.158+0000] {processor.py:830} INFO - Processing file /home/airflow/.local/lib/python3.12/site-packages/airflow/example_dags/example_setup_teardown_taskflow.py for tasks to queue
[2024-05-18T20:12:27.160+0000] {logging_mixin.py:188} INFO - [2024-05-18T20:12:27.159+0000] {dagbag.py:545} INFO - Filling up the DagBag from /home/airflow/.local/lib/python3.12/site-packages/airflow/example_dags/example_setup_teardown_taskflow.py
[2024-05-18T20:12:27.167+0000] {processor.py:840} INFO - DAG(s) 'example_setup_teardown_taskflow' retrieved from /home/airflow/.local/lib/python3.12/site-packages/airflow/example_dags/example_setup_teardown_taskflow.py
[2024-05-18T20:12:27.190+0000] {logging_mixin.py:188} INFO - [2024-05-18T20:12:27.190+0000] {dag.py:3096} INFO - Sync 1 DAGs
[2024-05-18T20:12:27.339+0000] {logging_mixin.py:188} INFO - [2024-05-18T20:12:27.339+0000] {dag.py:3954} INFO - Setting next_dagrun for example_setup_teardown_taskflow to 2024-05-17 00:00:00+00:00, run_after=2024-05-18 00:00:00+00:00
[2024-05-18T20:12:27.362+0000] {processor.py:183} INFO - Processing /home/airflow/.local/lib/python3.12/site-packages/airflow/example_dags/example_setup_teardown_taskflow.py took 0.211 seconds
[2024-05-18T20:12:57.873+0000] {processor.py:161} INFO - Started process (PID=1522) to work on /home/airflow/.local/lib/python3.12/site-packages/airflow/example_dags/example_setup_teardown_taskflow.py
[2024-05-18T20:12:57.875+0000] {processor.py:830} INFO - Processing file /home/airflow/.local/lib/python3.12/site-packages/airflow/example_dags/example_setup_teardown_taskflow.py for tasks to queue
[2024-05-18T20:12:57.877+0000] {logging_mixin.py:188} INFO - [2024-05-18T20:12:57.877+0000] {dagbag.py:545} INFO - Filling up the DagBag from /home/airflow/.local/lib/python3.12/site-packages/airflow/example_dags/example_setup_teardown_taskflow.py
[2024-05-18T20:12:57.890+0000] {processor.py:840} INFO - DAG(s) 'example_setup_teardown_taskflow' retrieved from /home/airflow/.local/lib/python3.12/site-packages/airflow/example_dags/example_setup_teardown_taskflow.py
[2024-05-18T20:12:57.914+0000] {logging_mixin.py:188} INFO - [2024-05-18T20:12:57.914+0000] {dag.py:3096} INFO - Sync 1 DAGs
[2024-05-18T20:12:58.089+0000] {logging_mixin.py:188} INFO - [2024-05-18T20:12:58.088+0000] {dag.py:3954} INFO - Setting next_dagrun for example_setup_teardown_taskflow to 2024-05-17 00:00:00+00:00, run_after=2024-05-18 00:00:00+00:00
[2024-05-18T20:12:58.111+0000] {processor.py:183} INFO - Processing /home/airflow/.local/lib/python3.12/site-packages/airflow/example_dags/example_setup_teardown_taskflow.py took 0.244 seconds
[2024-05-18T20:13:28.190+0000] {processor.py:161} INFO - Started process (PID=1580) to work on /home/airflow/.local/lib/python3.12/site-packages/airflow/example_dags/example_setup_teardown_taskflow.py
[2024-05-18T20:13:28.191+0000] {processor.py:830} INFO - Processing file /home/airflow/.local/lib/python3.12/site-packages/airflow/example_dags/example_setup_teardown_taskflow.py for tasks to queue
[2024-05-18T20:13:28.194+0000] {logging_mixin.py:188} INFO - [2024-05-18T20:13:28.193+0000] {dagbag.py:545} INFO - Filling up the DagBag from /home/airflow/.local/lib/python3.12/site-packages/airflow/example_dags/example_setup_teardown_taskflow.py
[2024-05-18T20:13:28.203+0000] {processor.py:840} INFO - DAG(s) 'example_setup_teardown_taskflow' retrieved from /home/airflow/.local/lib/python3.12/site-packages/airflow/example_dags/example_setup_teardown_taskflow.py
[2024-05-18T20:13:28.225+0000] {logging_mixin.py:188} INFO - [2024-05-18T20:13:28.225+0000] {dag.py:3096} INFO - Sync 1 DAGs
[2024-05-18T20:13:28.247+0000] {logging_mixin.py:188} INFO - [2024-05-18T20:13:28.246+0000] {dag.py:3954} INFO - Setting next_dagrun for example_setup_teardown_taskflow to 2024-05-17 00:00:00+00:00, run_after=2024-05-18 00:00:00+00:00
[2024-05-18T20:13:28.269+0000] {processor.py:183} INFO - Processing /home/airflow/.local/lib/python3.12/site-packages/airflow/example_dags/example_setup_teardown_taskflow.py took 0.085 seconds
[2024-05-18T20:13:58.464+0000] {processor.py:161} INFO - Started process (PID=1638) to work on /home/airflow/.local/lib/python3.12/site-packages/airflow/example_dags/example_setup_teardown_taskflow.py
[2024-05-18T20:13:58.466+0000] {processor.py:830} INFO - Processing file /home/airflow/.local/lib/python3.12/site-packages/airflow/example_dags/example_setup_teardown_taskflow.py for tasks to queue
[2024-05-18T20:13:58.468+0000] {logging_mixin.py:188} INFO - [2024-05-18T20:13:58.467+0000] {dagbag.py:545} INFO - Filling up the DagBag from /home/airflow/.local/lib/python3.12/site-packages/airflow/example_dags/example_setup_teardown_taskflow.py
[2024-05-18T20:13:58.478+0000] {processor.py:840} INFO - DAG(s) 'example_setup_teardown_taskflow' retrieved from /home/airflow/.local/lib/python3.12/site-packages/airflow/example_dags/example_setup_teardown_taskflow.py
[2024-05-18T20:13:58.502+0000] {logging_mixin.py:188} INFO - [2024-05-18T20:13:58.502+0000] {dag.py:3096} INFO - Sync 1 DAGs
[2024-05-18T20:13:58.527+0000] {logging_mixin.py:188} INFO - [2024-05-18T20:13:58.526+0000] {dag.py:3954} INFO - Setting next_dagrun for example_setup_teardown_taskflow to 2024-05-17 00:00:00+00:00, run_after=2024-05-18 00:00:00+00:00
[2024-05-18T20:13:58.549+0000] {processor.py:183} INFO - Processing /home/airflow/.local/lib/python3.12/site-packages/airflow/example_dags/example_setup_teardown_taskflow.py took 0.092 seconds
[2024-05-18T20:14:28.818+0000] {processor.py:161} INFO - Started process (PID=1696) to work on /home/airflow/.local/lib/python3.12/site-packages/airflow/example_dags/example_setup_teardown_taskflow.py
[2024-05-18T20:14:28.819+0000] {processor.py:830} INFO - Processing file /home/airflow/.local/lib/python3.12/site-packages/airflow/example_dags/example_setup_teardown_taskflow.py for tasks to queue
[2024-05-18T20:14:28.822+0000] {logging_mixin.py:188} INFO - [2024-05-18T20:14:28.821+0000] {dagbag.py:545} INFO - Filling up the DagBag from /home/airflow/.local/lib/python3.12/site-packages/airflow/example_dags/example_setup_teardown_taskflow.py
[2024-05-18T20:14:28.831+0000] {processor.py:840} INFO - DAG(s) 'example_setup_teardown_taskflow' retrieved from /home/airflow/.local/lib/python3.12/site-packages/airflow/example_dags/example_setup_teardown_taskflow.py
[2024-05-18T20:14:28.854+0000] {logging_mixin.py:188} INFO - [2024-05-18T20:14:28.853+0000] {dag.py:3096} INFO - Sync 1 DAGs
[2024-05-18T20:14:28.876+0000] {logging_mixin.py:188} INFO - [2024-05-18T20:14:28.876+0000] {dag.py:3954} INFO - Setting next_dagrun for example_setup_teardown_taskflow to 2024-05-17 00:00:00+00:00, run_after=2024-05-18 00:00:00+00:00
[2024-05-18T20:14:28.899+0000] {processor.py:183} INFO - Processing /home/airflow/.local/lib/python3.12/site-packages/airflow/example_dags/example_setup_teardown_taskflow.py took 0.087 seconds
