[2024-05-18T19:41:51.851+0000] {processor.py:161} INFO - Started process (PID=66) to work on /home/airflow/.local/lib/python3.12/site-packages/airflow/example_dags/example_short_circuit_operator.py
[2024-05-18T19:41:51.852+0000] {processor.py:830} INFO - Processing file /home/airflow/.local/lib/python3.12/site-packages/airflow/example_dags/example_short_circuit_operator.py for tasks to queue
[2024-05-18T19:41:51.855+0000] {logging_mixin.py:188} INFO - [2024-05-18T19:41:51.854+0000] {dagbag.py:545} INFO - Filling up the DagBag from /home/airflow/.local/lib/python3.12/site-packages/airflow/example_dags/example_short_circuit_operator.py
[2024-05-18T19:41:51.871+0000] {processor.py:840} INFO - DAG(s) 'example_short_circuit_operator' retrieved from /home/airflow/.local/lib/python3.12/site-packages/airflow/example_dags/example_short_circuit_operator.py
[2024-05-18T19:41:52.067+0000] {logging_mixin.py:188} INFO - [2024-05-18T19:41:52.066+0000] {override.py:1829} INFO - Created Permission View: can read on DAG:example_short_circuit_operator
[2024-05-18T19:41:52.087+0000] {logging_mixin.py:188} INFO - [2024-05-18T19:41:52.086+0000] {override.py:1829} INFO - Created Permission View: can delete on DAG:example_short_circuit_operator
[2024-05-18T19:41:52.100+0000] {logging_mixin.py:188} INFO - [2024-05-18T19:41:52.100+0000] {override.py:1829} INFO - Created Permission View: can edit on DAG:example_short_circuit_operator
[2024-05-18T19:41:52.102+0000] {logging_mixin.py:188} INFO - [2024-05-18T19:41:52.101+0000] {dag.py:3096} INFO - Sync 1 DAGs
[2024-05-18T19:41:52.120+0000] {logging_mixin.py:188} INFO - [2024-05-18T19:41:52.120+0000] {dag.py:3118} INFO - Creating ORM DAG for example_short_circuit_operator
[2024-05-18T19:41:52.140+0000] {logging_mixin.py:188} INFO - [2024-05-18T19:41:52.139+0000] {dag.py:3954} INFO - Setting next_dagrun for example_short_circuit_operator to 2024-05-17 00:00:00+00:00, run_after=2024-05-18 00:00:00+00:00
[2024-05-18T19:41:52.173+0000] {processor.py:183} INFO - Processing /home/airflow/.local/lib/python3.12/site-packages/airflow/example_dags/example_short_circuit_operator.py took 0.334 seconds
[2024-05-18T19:42:23.016+0000] {processor.py:161} INFO - Started process (PID=123) to work on /home/airflow/.local/lib/python3.12/site-packages/airflow/example_dags/example_short_circuit_operator.py
[2024-05-18T19:42:23.017+0000] {processor.py:830} INFO - Processing file /home/airflow/.local/lib/python3.12/site-packages/airflow/example_dags/example_short_circuit_operator.py for tasks to queue
[2024-05-18T19:42:23.019+0000] {logging_mixin.py:188} INFO - [2024-05-18T19:42:23.019+0000] {dagbag.py:545} INFO - Filling up the DagBag from /home/airflow/.local/lib/python3.12/site-packages/airflow/example_dags/example_short_circuit_operator.py
[2024-05-18T19:42:23.026+0000] {processor.py:840} INFO - DAG(s) 'example_short_circuit_operator' retrieved from /home/airflow/.local/lib/python3.12/site-packages/airflow/example_dags/example_short_circuit_operator.py
[2024-05-18T19:42:23.049+0000] {logging_mixin.py:188} INFO - [2024-05-18T19:42:23.048+0000] {dag.py:3096} INFO - Sync 1 DAGs
[2024-05-18T19:42:23.069+0000] {logging_mixin.py:188} INFO - [2024-05-18T19:42:23.068+0000] {dag.py:3954} INFO - Setting next_dagrun for example_short_circuit_operator to 2024-05-17 00:00:00+00:00, run_after=2024-05-18 00:00:00+00:00
[2024-05-18T19:42:23.092+0000] {processor.py:183} INFO - Processing /home/airflow/.local/lib/python3.12/site-packages/airflow/example_dags/example_short_circuit_operator.py took 0.082 seconds
[2024-05-18T19:42:53.250+0000] {processor.py:161} INFO - Started process (PID=181) to work on /home/airflow/.local/lib/python3.12/site-packages/airflow/example_dags/example_short_circuit_operator.py
[2024-05-18T19:42:53.251+0000] {processor.py:830} INFO - Processing file /home/airflow/.local/lib/python3.12/site-packages/airflow/example_dags/example_short_circuit_operator.py for tasks to queue
[2024-05-18T19:42:53.253+0000] {logging_mixin.py:188} INFO - [2024-05-18T19:42:53.253+0000] {dagbag.py:545} INFO - Filling up the DagBag from /home/airflow/.local/lib/python3.12/site-packages/airflow/example_dags/example_short_circuit_operator.py
[2024-05-18T19:42:53.260+0000] {processor.py:840} INFO - DAG(s) 'example_short_circuit_operator' retrieved from /home/airflow/.local/lib/python3.12/site-packages/airflow/example_dags/example_short_circuit_operator.py
[2024-05-18T19:42:53.282+0000] {logging_mixin.py:188} INFO - [2024-05-18T19:42:53.281+0000] {dag.py:3096} INFO - Sync 1 DAGs
[2024-05-18T19:42:53.301+0000] {logging_mixin.py:188} INFO - [2024-05-18T19:42:53.301+0000] {dag.py:3954} INFO - Setting next_dagrun for example_short_circuit_operator to 2024-05-17 00:00:00+00:00, run_after=2024-05-18 00:00:00+00:00
[2024-05-18T19:42:53.324+0000] {processor.py:183} INFO - Processing /home/airflow/.local/lib/python3.12/site-packages/airflow/example_dags/example_short_circuit_operator.py took 0.079 seconds
[2024-05-18T19:43:23.506+0000] {processor.py:161} INFO - Started process (PID=239) to work on /home/airflow/.local/lib/python3.12/site-packages/airflow/example_dags/example_short_circuit_operator.py
[2024-05-18T19:43:23.507+0000] {processor.py:830} INFO - Processing file /home/airflow/.local/lib/python3.12/site-packages/airflow/example_dags/example_short_circuit_operator.py for tasks to queue
[2024-05-18T19:43:23.509+0000] {logging_mixin.py:188} INFO - [2024-05-18T19:43:23.509+0000] {dagbag.py:545} INFO - Filling up the DagBag from /home/airflow/.local/lib/python3.12/site-packages/airflow/example_dags/example_short_circuit_operator.py
[2024-05-18T19:43:23.516+0000] {processor.py:840} INFO - DAG(s) 'example_short_circuit_operator' retrieved from /home/airflow/.local/lib/python3.12/site-packages/airflow/example_dags/example_short_circuit_operator.py
[2024-05-18T19:43:23.540+0000] {logging_mixin.py:188} INFO - [2024-05-18T19:43:23.539+0000] {dag.py:3096} INFO - Sync 1 DAGs
[2024-05-18T19:43:23.560+0000] {logging_mixin.py:188} INFO - [2024-05-18T19:43:23.560+0000] {dag.py:3954} INFO - Setting next_dagrun for example_short_circuit_operator to 2024-05-17 00:00:00+00:00, run_after=2024-05-18 00:00:00+00:00
[2024-05-18T19:43:23.582+0000] {processor.py:183} INFO - Processing /home/airflow/.local/lib/python3.12/site-packages/airflow/example_dags/example_short_circuit_operator.py took 0.082 seconds
[2024-05-18T19:43:54.469+0000] {processor.py:161} INFO - Started process (PID=297) to work on /home/airflow/.local/lib/python3.12/site-packages/airflow/example_dags/example_short_circuit_operator.py
[2024-05-18T19:43:54.470+0000] {processor.py:830} INFO - Processing file /home/airflow/.local/lib/python3.12/site-packages/airflow/example_dags/example_short_circuit_operator.py for tasks to queue
[2024-05-18T19:43:54.472+0000] {logging_mixin.py:188} INFO - [2024-05-18T19:43:54.471+0000] {dagbag.py:545} INFO - Filling up the DagBag from /home/airflow/.local/lib/python3.12/site-packages/airflow/example_dags/example_short_circuit_operator.py
[2024-05-18T19:43:54.479+0000] {processor.py:840} INFO - DAG(s) 'example_short_circuit_operator' retrieved from /home/airflow/.local/lib/python3.12/site-packages/airflow/example_dags/example_short_circuit_operator.py
[2024-05-18T19:43:54.504+0000] {logging_mixin.py:188} INFO - [2024-05-18T19:43:54.503+0000] {dag.py:3096} INFO - Sync 1 DAGs
[2024-05-18T19:43:54.523+0000] {logging_mixin.py:188} INFO - [2024-05-18T19:43:54.523+0000] {dag.py:3954} INFO - Setting next_dagrun for example_short_circuit_operator to 2024-05-17 00:00:00+00:00, run_after=2024-05-18 00:00:00+00:00
[2024-05-18T19:43:54.551+0000] {processor.py:183} INFO - Processing /home/airflow/.local/lib/python3.12/site-packages/airflow/example_dags/example_short_circuit_operator.py took 0.087 seconds
[2024-05-18T19:44:24.815+0000] {processor.py:161} INFO - Started process (PID=355) to work on /home/airflow/.local/lib/python3.12/site-packages/airflow/example_dags/example_short_circuit_operator.py
[2024-05-18T19:44:24.817+0000] {processor.py:830} INFO - Processing file /home/airflow/.local/lib/python3.12/site-packages/airflow/example_dags/example_short_circuit_operator.py for tasks to queue
[2024-05-18T19:44:24.818+0000] {logging_mixin.py:188} INFO - [2024-05-18T19:44:24.818+0000] {dagbag.py:545} INFO - Filling up the DagBag from /home/airflow/.local/lib/python3.12/site-packages/airflow/example_dags/example_short_circuit_operator.py
[2024-05-18T19:44:24.825+0000] {processor.py:840} INFO - DAG(s) 'example_short_circuit_operator' retrieved from /home/airflow/.local/lib/python3.12/site-packages/airflow/example_dags/example_short_circuit_operator.py
[2024-05-18T19:44:24.848+0000] {logging_mixin.py:188} INFO - [2024-05-18T19:44:24.848+0000] {dag.py:3096} INFO - Sync 1 DAGs
[2024-05-18T19:44:24.868+0000] {logging_mixin.py:188} INFO - [2024-05-18T19:44:24.868+0000] {dag.py:3954} INFO - Setting next_dagrun for example_short_circuit_operator to 2024-05-17 00:00:00+00:00, run_after=2024-05-18 00:00:00+00:00
[2024-05-18T19:44:24.890+0000] {processor.py:183} INFO - Processing /home/airflow/.local/lib/python3.12/site-packages/airflow/example_dags/example_short_circuit_operator.py took 0.081 seconds
[2024-05-18T19:44:55.325+0000] {processor.py:161} INFO - Started process (PID=413) to work on /home/airflow/.local/lib/python3.12/site-packages/airflow/example_dags/example_short_circuit_operator.py
[2024-05-18T19:44:55.327+0000] {processor.py:830} INFO - Processing file /home/airflow/.local/lib/python3.12/site-packages/airflow/example_dags/example_short_circuit_operator.py for tasks to queue
[2024-05-18T19:44:55.329+0000] {logging_mixin.py:188} INFO - [2024-05-18T19:44:55.328+0000] {dagbag.py:545} INFO - Filling up the DagBag from /home/airflow/.local/lib/python3.12/site-packages/airflow/example_dags/example_short_circuit_operator.py
[2024-05-18T19:44:55.335+0000] {processor.py:840} INFO - DAG(s) 'example_short_circuit_operator' retrieved from /home/airflow/.local/lib/python3.12/site-packages/airflow/example_dags/example_short_circuit_operator.py
[2024-05-18T19:44:55.358+0000] {logging_mixin.py:188} INFO - [2024-05-18T19:44:55.358+0000] {dag.py:3096} INFO - Sync 1 DAGs
[2024-05-18T19:44:55.381+0000] {logging_mixin.py:188} INFO - [2024-05-18T19:44:55.381+0000] {dag.py:3954} INFO - Setting next_dagrun for example_short_circuit_operator to 2024-05-17 00:00:00+00:00, run_after=2024-05-18 00:00:00+00:00
[2024-05-18T19:44:55.408+0000] {processor.py:183} INFO - Processing /home/airflow/.local/lib/python3.12/site-packages/airflow/example_dags/example_short_circuit_operator.py took 0.088 seconds
[2024-05-18T19:45:25.593+0000] {processor.py:161} INFO - Started process (PID=471) to work on /home/airflow/.local/lib/python3.12/site-packages/airflow/example_dags/example_short_circuit_operator.py
[2024-05-18T19:45:25.594+0000] {processor.py:830} INFO - Processing file /home/airflow/.local/lib/python3.12/site-packages/airflow/example_dags/example_short_circuit_operator.py for tasks to queue
[2024-05-18T19:45:25.597+0000] {logging_mixin.py:188} INFO - [2024-05-18T19:45:25.596+0000] {dagbag.py:545} INFO - Filling up the DagBag from /home/airflow/.local/lib/python3.12/site-packages/airflow/example_dags/example_short_circuit_operator.py
[2024-05-18T19:45:25.605+0000] {processor.py:840} INFO - DAG(s) 'example_short_circuit_operator' retrieved from /home/airflow/.local/lib/python3.12/site-packages/airflow/example_dags/example_short_circuit_operator.py
[2024-05-18T19:45:25.633+0000] {logging_mixin.py:188} INFO - [2024-05-18T19:45:25.632+0000] {dag.py:3096} INFO - Sync 1 DAGs
[2024-05-18T19:45:25.653+0000] {logging_mixin.py:188} INFO - [2024-05-18T19:45:25.653+0000] {dag.py:3954} INFO - Setting next_dagrun for example_short_circuit_operator to 2024-05-17 00:00:00+00:00, run_after=2024-05-18 00:00:00+00:00
[2024-05-18T19:45:25.675+0000] {processor.py:183} INFO - Processing /home/airflow/.local/lib/python3.12/site-packages/airflow/example_dags/example_short_circuit_operator.py took 0.089 seconds
[2024-05-18T19:45:55.931+0000] {processor.py:161} INFO - Started process (PID=529) to work on /home/airflow/.local/lib/python3.12/site-packages/airflow/example_dags/example_short_circuit_operator.py
[2024-05-18T19:45:55.932+0000] {processor.py:830} INFO - Processing file /home/airflow/.local/lib/python3.12/site-packages/airflow/example_dags/example_short_circuit_operator.py for tasks to queue
[2024-05-18T19:45:55.935+0000] {logging_mixin.py:188} INFO - [2024-05-18T19:45:55.934+0000] {dagbag.py:545} INFO - Filling up the DagBag from /home/airflow/.local/lib/python3.12/site-packages/airflow/example_dags/example_short_circuit_operator.py
[2024-05-18T19:45:55.942+0000] {processor.py:840} INFO - DAG(s) 'example_short_circuit_operator' retrieved from /home/airflow/.local/lib/python3.12/site-packages/airflow/example_dags/example_short_circuit_operator.py
[2024-05-18T19:45:55.964+0000] {logging_mixin.py:188} INFO - [2024-05-18T19:45:55.963+0000] {dag.py:3096} INFO - Sync 1 DAGs
[2024-05-18T19:45:55.985+0000] {logging_mixin.py:188} INFO - [2024-05-18T19:45:55.985+0000] {dag.py:3954} INFO - Setting next_dagrun for example_short_circuit_operator to 2024-05-17 00:00:00+00:00, run_after=2024-05-18 00:00:00+00:00
[2024-05-18T19:45:56.008+0000] {processor.py:183} INFO - Processing /home/airflow/.local/lib/python3.12/site-packages/airflow/example_dags/example_short_circuit_operator.py took 0.083 seconds
[2024-05-18T19:46:26.071+0000] {processor.py:161} INFO - Started process (PID=587) to work on /home/airflow/.local/lib/python3.12/site-packages/airflow/example_dags/example_short_circuit_operator.py
[2024-05-18T19:46:26.072+0000] {processor.py:830} INFO - Processing file /home/airflow/.local/lib/python3.12/site-packages/airflow/example_dags/example_short_circuit_operator.py for tasks to queue
[2024-05-18T19:46:26.074+0000] {logging_mixin.py:188} INFO - [2024-05-18T19:46:26.074+0000] {dagbag.py:545} INFO - Filling up the DagBag from /home/airflow/.local/lib/python3.12/site-packages/airflow/example_dags/example_short_circuit_operator.py
[2024-05-18T19:46:26.081+0000] {processor.py:840} INFO - DAG(s) 'example_short_circuit_operator' retrieved from /home/airflow/.local/lib/python3.12/site-packages/airflow/example_dags/example_short_circuit_operator.py
[2024-05-18T19:46:26.103+0000] {logging_mixin.py:188} INFO - [2024-05-18T19:46:26.102+0000] {dag.py:3096} INFO - Sync 1 DAGs
[2024-05-18T19:46:26.122+0000] {logging_mixin.py:188} INFO - [2024-05-18T19:46:26.122+0000] {dag.py:3954} INFO - Setting next_dagrun for example_short_circuit_operator to 2024-05-17 00:00:00+00:00, run_after=2024-05-18 00:00:00+00:00
[2024-05-18T19:46:26.146+0000] {processor.py:183} INFO - Processing /home/airflow/.local/lib/python3.12/site-packages/airflow/example_dags/example_short_circuit_operator.py took 0.080 seconds
[2024-05-18T19:46:56.400+0000] {processor.py:161} INFO - Started process (PID=646) to work on /home/airflow/.local/lib/python3.12/site-packages/airflow/example_dags/example_short_circuit_operator.py
[2024-05-18T19:46:56.401+0000] {processor.py:830} INFO - Processing file /home/airflow/.local/lib/python3.12/site-packages/airflow/example_dags/example_short_circuit_operator.py for tasks to queue
[2024-05-18T19:46:56.403+0000] {logging_mixin.py:188} INFO - [2024-05-18T19:46:56.402+0000] {dagbag.py:545} INFO - Filling up the DagBag from /home/airflow/.local/lib/python3.12/site-packages/airflow/example_dags/example_short_circuit_operator.py
[2024-05-18T19:46:56.409+0000] {processor.py:840} INFO - DAG(s) 'example_short_circuit_operator' retrieved from /home/airflow/.local/lib/python3.12/site-packages/airflow/example_dags/example_short_circuit_operator.py
[2024-05-18T19:46:56.431+0000] {logging_mixin.py:188} INFO - [2024-05-18T19:46:56.430+0000] {dag.py:3096} INFO - Sync 1 DAGs
[2024-05-18T19:46:56.451+0000] {logging_mixin.py:188} INFO - [2024-05-18T19:46:56.450+0000] {dag.py:3954} INFO - Setting next_dagrun for example_short_circuit_operator to 2024-05-17 00:00:00+00:00, run_after=2024-05-18 00:00:00+00:00
[2024-05-18T19:46:56.474+0000] {processor.py:183} INFO - Processing /home/airflow/.local/lib/python3.12/site-packages/airflow/example_dags/example_short_circuit_operator.py took 0.080 seconds
[2024-05-18T19:47:26.702+0000] {processor.py:161} INFO - Started process (PID=704) to work on /home/airflow/.local/lib/python3.12/site-packages/airflow/example_dags/example_short_circuit_operator.py
[2024-05-18T19:47:26.703+0000] {processor.py:830} INFO - Processing file /home/airflow/.local/lib/python3.12/site-packages/airflow/example_dags/example_short_circuit_operator.py for tasks to queue
[2024-05-18T19:47:26.705+0000] {logging_mixin.py:188} INFO - [2024-05-18T19:47:26.704+0000] {dagbag.py:545} INFO - Filling up the DagBag from /home/airflow/.local/lib/python3.12/site-packages/airflow/example_dags/example_short_circuit_operator.py
[2024-05-18T19:47:26.711+0000] {processor.py:840} INFO - DAG(s) 'example_short_circuit_operator' retrieved from /home/airflow/.local/lib/python3.12/site-packages/airflow/example_dags/example_short_circuit_operator.py
[2024-05-18T19:47:26.734+0000] {logging_mixin.py:188} INFO - [2024-05-18T19:47:26.733+0000] {dag.py:3096} INFO - Sync 1 DAGs
[2024-05-18T19:47:26.754+0000] {logging_mixin.py:188} INFO - [2024-05-18T19:47:26.753+0000] {dag.py:3954} INFO - Setting next_dagrun for example_short_circuit_operator to 2024-05-17 00:00:00+00:00, run_after=2024-05-18 00:00:00+00:00
[2024-05-18T19:47:26.778+0000] {processor.py:183} INFO - Processing /home/airflow/.local/lib/python3.12/site-packages/airflow/example_dags/example_short_circuit_operator.py took 0.082 seconds
[2024-05-18T19:47:57.062+0000] {processor.py:161} INFO - Started process (PID=762) to work on /home/airflow/.local/lib/python3.12/site-packages/airflow/example_dags/example_short_circuit_operator.py
[2024-05-18T19:47:57.064+0000] {processor.py:830} INFO - Processing file /home/airflow/.local/lib/python3.12/site-packages/airflow/example_dags/example_short_circuit_operator.py for tasks to queue
[2024-05-18T19:47:57.067+0000] {logging_mixin.py:188} INFO - [2024-05-18T19:47:57.066+0000] {dagbag.py:545} INFO - Filling up the DagBag from /home/airflow/.local/lib/python3.12/site-packages/airflow/example_dags/example_short_circuit_operator.py
[2024-05-18T19:47:57.079+0000] {processor.py:840} INFO - DAG(s) 'example_short_circuit_operator' retrieved from /home/airflow/.local/lib/python3.12/site-packages/airflow/example_dags/example_short_circuit_operator.py
[2024-05-18T19:47:57.105+0000] {logging_mixin.py:188} INFO - [2024-05-18T19:47:57.105+0000] {dag.py:3096} INFO - Sync 1 DAGs
[2024-05-18T19:47:57.129+0000] {logging_mixin.py:188} INFO - [2024-05-18T19:47:57.129+0000] {dag.py:3954} INFO - Setting next_dagrun for example_short_circuit_operator to 2024-05-17 00:00:00+00:00, run_after=2024-05-18 00:00:00+00:00
[2024-05-18T19:47:57.152+0000] {processor.py:183} INFO - Processing /home/airflow/.local/lib/python3.12/site-packages/airflow/example_dags/example_short_circuit_operator.py took 0.098 seconds
[2024-05-18T19:48:27.691+0000] {processor.py:161} INFO - Started process (PID=820) to work on /home/airflow/.local/lib/python3.12/site-packages/airflow/example_dags/example_short_circuit_operator.py
[2024-05-18T19:48:27.693+0000] {processor.py:830} INFO - Processing file /home/airflow/.local/lib/python3.12/site-packages/airflow/example_dags/example_short_circuit_operator.py for tasks to queue
[2024-05-18T19:48:27.696+0000] {logging_mixin.py:188} INFO - [2024-05-18T19:48:27.695+0000] {dagbag.py:545} INFO - Filling up the DagBag from /home/airflow/.local/lib/python3.12/site-packages/airflow/example_dags/example_short_circuit_operator.py
[2024-05-18T19:48:27.705+0000] {processor.py:840} INFO - DAG(s) 'example_short_circuit_operator' retrieved from /home/airflow/.local/lib/python3.12/site-packages/airflow/example_dags/example_short_circuit_operator.py
[2024-05-18T19:48:27.733+0000] {logging_mixin.py:188} INFO - [2024-05-18T19:48:27.733+0000] {dag.py:3096} INFO - Sync 1 DAGs
[2024-05-18T19:48:27.759+0000] {logging_mixin.py:188} INFO - [2024-05-18T19:48:27.759+0000] {dag.py:3954} INFO - Setting next_dagrun for example_short_circuit_operator to 2024-05-17 00:00:00+00:00, run_after=2024-05-18 00:00:00+00:00
[2024-05-18T19:48:27.779+0000] {processor.py:183} INFO - Processing /home/airflow/.local/lib/python3.12/site-packages/airflow/example_dags/example_short_circuit_operator.py took 0.095 seconds
[2024-05-18T19:48:57.848+0000] {processor.py:161} INFO - Started process (PID=878) to work on /home/airflow/.local/lib/python3.12/site-packages/airflow/example_dags/example_short_circuit_operator.py
[2024-05-18T19:48:57.849+0000] {processor.py:830} INFO - Processing file /home/airflow/.local/lib/python3.12/site-packages/airflow/example_dags/example_short_circuit_operator.py for tasks to queue
[2024-05-18T19:48:57.851+0000] {logging_mixin.py:188} INFO - [2024-05-18T19:48:57.851+0000] {dagbag.py:545} INFO - Filling up the DagBag from /home/airflow/.local/lib/python3.12/site-packages/airflow/example_dags/example_short_circuit_operator.py
[2024-05-18T19:48:57.858+0000] {processor.py:840} INFO - DAG(s) 'example_short_circuit_operator' retrieved from /home/airflow/.local/lib/python3.12/site-packages/airflow/example_dags/example_short_circuit_operator.py
[2024-05-18T19:48:57.883+0000] {logging_mixin.py:188} INFO - [2024-05-18T19:48:57.882+0000] {dag.py:3096} INFO - Sync 1 DAGs
[2024-05-18T19:48:57.907+0000] {logging_mixin.py:188} INFO - [2024-05-18T19:48:57.907+0000] {dag.py:3954} INFO - Setting next_dagrun for example_short_circuit_operator to 2024-05-17 00:00:00+00:00, run_after=2024-05-18 00:00:00+00:00
[2024-05-18T19:48:57.930+0000] {processor.py:183} INFO - Processing /home/airflow/.local/lib/python3.12/site-packages/airflow/example_dags/example_short_circuit_operator.py took 0.088 seconds
[2024-05-18T19:49:28.195+0000] {processor.py:161} INFO - Started process (PID=937) to work on /home/airflow/.local/lib/python3.12/site-packages/airflow/example_dags/example_short_circuit_operator.py
[2024-05-18T19:49:28.196+0000] {processor.py:830} INFO - Processing file /home/airflow/.local/lib/python3.12/site-packages/airflow/example_dags/example_short_circuit_operator.py for tasks to queue
[2024-05-18T19:49:28.199+0000] {logging_mixin.py:188} INFO - [2024-05-18T19:49:28.198+0000] {dagbag.py:545} INFO - Filling up the DagBag from /home/airflow/.local/lib/python3.12/site-packages/airflow/example_dags/example_short_circuit_operator.py
[2024-05-18T19:49:28.207+0000] {processor.py:840} INFO - DAG(s) 'example_short_circuit_operator' retrieved from /home/airflow/.local/lib/python3.12/site-packages/airflow/example_dags/example_short_circuit_operator.py
[2024-05-18T19:49:28.230+0000] {logging_mixin.py:188} INFO - [2024-05-18T19:49:28.229+0000] {dag.py:3096} INFO - Sync 1 DAGs
[2024-05-18T19:49:28.253+0000] {logging_mixin.py:188} INFO - [2024-05-18T19:49:28.252+0000] {dag.py:3954} INFO - Setting next_dagrun for example_short_circuit_operator to 2024-05-17 00:00:00+00:00, run_after=2024-05-18 00:00:00+00:00
[2024-05-18T19:49:28.274+0000] {processor.py:183} INFO - Processing /home/airflow/.local/lib/python3.12/site-packages/airflow/example_dags/example_short_circuit_operator.py took 0.086 seconds
[2024-05-18T19:49:58.390+0000] {processor.py:161} INFO - Started process (PID=994) to work on /home/airflow/.local/lib/python3.12/site-packages/airflow/example_dags/example_short_circuit_operator.py
[2024-05-18T19:49:58.391+0000] {processor.py:830} INFO - Processing file /home/airflow/.local/lib/python3.12/site-packages/airflow/example_dags/example_short_circuit_operator.py for tasks to queue
[2024-05-18T19:49:58.393+0000] {logging_mixin.py:188} INFO - [2024-05-18T19:49:58.392+0000] {dagbag.py:545} INFO - Filling up the DagBag from /home/airflow/.local/lib/python3.12/site-packages/airflow/example_dags/example_short_circuit_operator.py
[2024-05-18T19:49:58.400+0000] {processor.py:840} INFO - DAG(s) 'example_short_circuit_operator' retrieved from /home/airflow/.local/lib/python3.12/site-packages/airflow/example_dags/example_short_circuit_operator.py
[2024-05-18T19:49:58.423+0000] {logging_mixin.py:188} INFO - [2024-05-18T19:49:58.422+0000] {dag.py:3096} INFO - Sync 1 DAGs
[2024-05-18T19:49:58.445+0000] {logging_mixin.py:188} INFO - [2024-05-18T19:49:58.444+0000] {dag.py:3954} INFO - Setting next_dagrun for example_short_circuit_operator to 2024-05-17 00:00:00+00:00, run_after=2024-05-18 00:00:00+00:00
[2024-05-18T19:49:58.468+0000] {processor.py:183} INFO - Processing /home/airflow/.local/lib/python3.12/site-packages/airflow/example_dags/example_short_circuit_operator.py took 0.084 seconds
[2024-05-18T19:50:28.661+0000] {processor.py:161} INFO - Started process (PID=1051) to work on /home/airflow/.local/lib/python3.12/site-packages/airflow/example_dags/example_short_circuit_operator.py
[2024-05-18T19:50:28.663+0000] {processor.py:830} INFO - Processing file /home/airflow/.local/lib/python3.12/site-packages/airflow/example_dags/example_short_circuit_operator.py for tasks to queue
[2024-05-18T19:50:28.665+0000] {logging_mixin.py:188} INFO - [2024-05-18T19:50:28.665+0000] {dagbag.py:545} INFO - Filling up the DagBag from /home/airflow/.local/lib/python3.12/site-packages/airflow/example_dags/example_short_circuit_operator.py
[2024-05-18T19:50:28.672+0000] {processor.py:840} INFO - DAG(s) 'example_short_circuit_operator' retrieved from /home/airflow/.local/lib/python3.12/site-packages/airflow/example_dags/example_short_circuit_operator.py
[2024-05-18T19:50:28.696+0000] {logging_mixin.py:188} INFO - [2024-05-18T19:50:28.696+0000] {dag.py:3096} INFO - Sync 1 DAGs
[2024-05-18T19:50:28.718+0000] {logging_mixin.py:188} INFO - [2024-05-18T19:50:28.718+0000] {dag.py:3954} INFO - Setting next_dagrun for example_short_circuit_operator to 2024-05-17 00:00:00+00:00, run_after=2024-05-18 00:00:00+00:00
[2024-05-18T19:50:28.742+0000] {processor.py:183} INFO - Processing /home/airflow/.local/lib/python3.12/site-packages/airflow/example_dags/example_short_circuit_operator.py took 0.090 seconds
[2024-05-18T19:50:59.647+0000] {processor.py:161} INFO - Started process (PID=1109) to work on /home/airflow/.local/lib/python3.12/site-packages/airflow/example_dags/example_short_circuit_operator.py
[2024-05-18T19:50:59.648+0000] {processor.py:830} INFO - Processing file /home/airflow/.local/lib/python3.12/site-packages/airflow/example_dags/example_short_circuit_operator.py for tasks to queue
[2024-05-18T19:50:59.651+0000] {logging_mixin.py:188} INFO - [2024-05-18T19:50:59.650+0000] {dagbag.py:545} INFO - Filling up the DagBag from /home/airflow/.local/lib/python3.12/site-packages/airflow/example_dags/example_short_circuit_operator.py
[2024-05-18T19:50:59.659+0000] {processor.py:840} INFO - DAG(s) 'example_short_circuit_operator' retrieved from /home/airflow/.local/lib/python3.12/site-packages/airflow/example_dags/example_short_circuit_operator.py
[2024-05-18T19:50:59.682+0000] {logging_mixin.py:188} INFO - [2024-05-18T19:50:59.681+0000] {dag.py:3096} INFO - Sync 1 DAGs
[2024-05-18T19:50:59.703+0000] {logging_mixin.py:188} INFO - [2024-05-18T19:50:59.703+0000] {dag.py:3954} INFO - Setting next_dagrun for example_short_circuit_operator to 2024-05-17 00:00:00+00:00, run_after=2024-05-18 00:00:00+00:00
[2024-05-18T19:50:59.724+0000] {processor.py:183} INFO - Processing /home/airflow/.local/lib/python3.12/site-packages/airflow/example_dags/example_short_circuit_operator.py took 0.084 seconds
[2024-05-18T19:51:29.877+0000] {processor.py:161} INFO - Started process (PID=1167) to work on /home/airflow/.local/lib/python3.12/site-packages/airflow/example_dags/example_short_circuit_operator.py
[2024-05-18T19:51:29.879+0000] {processor.py:830} INFO - Processing file /home/airflow/.local/lib/python3.12/site-packages/airflow/example_dags/example_short_circuit_operator.py for tasks to queue
[2024-05-18T19:51:29.881+0000] {logging_mixin.py:188} INFO - [2024-05-18T19:51:29.880+0000] {dagbag.py:545} INFO - Filling up the DagBag from /home/airflow/.local/lib/python3.12/site-packages/airflow/example_dags/example_short_circuit_operator.py
[2024-05-18T19:51:29.888+0000] {processor.py:840} INFO - DAG(s) 'example_short_circuit_operator' retrieved from /home/airflow/.local/lib/python3.12/site-packages/airflow/example_dags/example_short_circuit_operator.py
[2024-05-18T19:51:29.910+0000] {logging_mixin.py:188} INFO - [2024-05-18T19:51:29.910+0000] {dag.py:3096} INFO - Sync 1 DAGs
[2024-05-18T19:51:29.931+0000] {logging_mixin.py:188} INFO - [2024-05-18T19:51:29.931+0000] {dag.py:3954} INFO - Setting next_dagrun for example_short_circuit_operator to 2024-05-17 00:00:00+00:00, run_after=2024-05-18 00:00:00+00:00
[2024-05-18T19:51:29.955+0000] {processor.py:183} INFO - Processing /home/airflow/.local/lib/python3.12/site-packages/airflow/example_dags/example_short_circuit_operator.py took 0.083 seconds
[2024-05-18T19:52:00.188+0000] {processor.py:161} INFO - Started process (PID=1224) to work on /home/airflow/.local/lib/python3.12/site-packages/airflow/example_dags/example_short_circuit_operator.py
[2024-05-18T19:52:00.189+0000] {processor.py:830} INFO - Processing file /home/airflow/.local/lib/python3.12/site-packages/airflow/example_dags/example_short_circuit_operator.py for tasks to queue
[2024-05-18T19:52:00.192+0000] {logging_mixin.py:188} INFO - [2024-05-18T19:52:00.191+0000] {dagbag.py:545} INFO - Filling up the DagBag from /home/airflow/.local/lib/python3.12/site-packages/airflow/example_dags/example_short_circuit_operator.py
[2024-05-18T19:52:00.199+0000] {processor.py:840} INFO - DAG(s) 'example_short_circuit_operator' retrieved from /home/airflow/.local/lib/python3.12/site-packages/airflow/example_dags/example_short_circuit_operator.py
[2024-05-18T19:52:00.226+0000] {logging_mixin.py:188} INFO - [2024-05-18T19:52:00.226+0000] {dag.py:3096} INFO - Sync 1 DAGs
[2024-05-18T19:52:00.252+0000] {logging_mixin.py:188} INFO - [2024-05-18T19:52:00.252+0000] {dag.py:3954} INFO - Setting next_dagrun for example_short_circuit_operator to 2024-05-17 00:00:00+00:00, run_after=2024-05-18 00:00:00+00:00
[2024-05-18T19:52:00.278+0000] {processor.py:183} INFO - Processing /home/airflow/.local/lib/python3.12/site-packages/airflow/example_dags/example_short_circuit_operator.py took 0.096 seconds
[2024-05-18T19:52:30.837+0000] {processor.py:161} INFO - Started process (PID=1282) to work on /home/airflow/.local/lib/python3.12/site-packages/airflow/example_dags/example_short_circuit_operator.py
[2024-05-18T19:52:30.838+0000] {processor.py:830} INFO - Processing file /home/airflow/.local/lib/python3.12/site-packages/airflow/example_dags/example_short_circuit_operator.py for tasks to queue
[2024-05-18T19:52:30.840+0000] {logging_mixin.py:188} INFO - [2024-05-18T19:52:30.840+0000] {dagbag.py:545} INFO - Filling up the DagBag from /home/airflow/.local/lib/python3.12/site-packages/airflow/example_dags/example_short_circuit_operator.py
[2024-05-18T19:52:30.848+0000] {processor.py:840} INFO - DAG(s) 'example_short_circuit_operator' retrieved from /home/airflow/.local/lib/python3.12/site-packages/airflow/example_dags/example_short_circuit_operator.py
[2024-05-18T19:52:30.873+0000] {logging_mixin.py:188} INFO - [2024-05-18T19:52:30.873+0000] {dag.py:3096} INFO - Sync 1 DAGs
[2024-05-18T19:52:30.897+0000] {logging_mixin.py:188} INFO - [2024-05-18T19:52:30.897+0000] {dag.py:3954} INFO - Setting next_dagrun for example_short_circuit_operator to 2024-05-17 00:00:00+00:00, run_after=2024-05-18 00:00:00+00:00
[2024-05-18T19:52:30.919+0000] {processor.py:183} INFO - Processing /home/airflow/.local/lib/python3.12/site-packages/airflow/example_dags/example_short_circuit_operator.py took 0.089 seconds
[2024-05-18T19:53:01.576+0000] {processor.py:161} INFO - Started process (PID=1340) to work on /home/airflow/.local/lib/python3.12/site-packages/airflow/example_dags/example_short_circuit_operator.py
[2024-05-18T19:53:01.577+0000] {processor.py:830} INFO - Processing file /home/airflow/.local/lib/python3.12/site-packages/airflow/example_dags/example_short_circuit_operator.py for tasks to queue
[2024-05-18T19:53:01.579+0000] {logging_mixin.py:188} INFO - [2024-05-18T19:53:01.579+0000] {dagbag.py:545} INFO - Filling up the DagBag from /home/airflow/.local/lib/python3.12/site-packages/airflow/example_dags/example_short_circuit_operator.py
[2024-05-18T19:53:01.586+0000] {processor.py:840} INFO - DAG(s) 'example_short_circuit_operator' retrieved from /home/airflow/.local/lib/python3.12/site-packages/airflow/example_dags/example_short_circuit_operator.py
[2024-05-18T19:53:01.608+0000] {logging_mixin.py:188} INFO - [2024-05-18T19:53:01.608+0000] {dag.py:3096} INFO - Sync 1 DAGs
[2024-05-18T19:53:01.630+0000] {logging_mixin.py:188} INFO - [2024-05-18T19:53:01.630+0000] {dag.py:3954} INFO - Setting next_dagrun for example_short_circuit_operator to 2024-05-17 00:00:00+00:00, run_after=2024-05-18 00:00:00+00:00
[2024-05-18T19:53:01.652+0000] {processor.py:183} INFO - Processing /home/airflow/.local/lib/python3.12/site-packages/airflow/example_dags/example_short_circuit_operator.py took 0.082 seconds
[2024-05-18T19:53:32.372+0000] {processor.py:161} INFO - Started process (PID=1398) to work on /home/airflow/.local/lib/python3.12/site-packages/airflow/example_dags/example_short_circuit_operator.py
[2024-05-18T19:53:32.373+0000] {processor.py:830} INFO - Processing file /home/airflow/.local/lib/python3.12/site-packages/airflow/example_dags/example_short_circuit_operator.py for tasks to queue
[2024-05-18T19:53:32.376+0000] {logging_mixin.py:188} INFO - [2024-05-18T19:53:32.375+0000] {dagbag.py:545} INFO - Filling up the DagBag from /home/airflow/.local/lib/python3.12/site-packages/airflow/example_dags/example_short_circuit_operator.py
[2024-05-18T19:53:32.384+0000] {processor.py:840} INFO - DAG(s) 'example_short_circuit_operator' retrieved from /home/airflow/.local/lib/python3.12/site-packages/airflow/example_dags/example_short_circuit_operator.py
[2024-05-18T19:53:32.409+0000] {logging_mixin.py:188} INFO - [2024-05-18T19:53:32.408+0000] {dag.py:3096} INFO - Sync 1 DAGs
[2024-05-18T19:53:32.431+0000] {logging_mixin.py:188} INFO - [2024-05-18T19:53:32.431+0000] {dag.py:3954} INFO - Setting next_dagrun for example_short_circuit_operator to 2024-05-17 00:00:00+00:00, run_after=2024-05-18 00:00:00+00:00
[2024-05-18T19:53:32.453+0000] {processor.py:183} INFO - Processing /home/airflow/.local/lib/python3.12/site-packages/airflow/example_dags/example_short_circuit_operator.py took 0.086 seconds
[2024-05-18T19:54:02.829+0000] {processor.py:161} INFO - Started process (PID=1456) to work on /home/airflow/.local/lib/python3.12/site-packages/airflow/example_dags/example_short_circuit_operator.py
[2024-05-18T19:54:02.830+0000] {processor.py:830} INFO - Processing file /home/airflow/.local/lib/python3.12/site-packages/airflow/example_dags/example_short_circuit_operator.py for tasks to queue
[2024-05-18T19:54:02.832+0000] {logging_mixin.py:188} INFO - [2024-05-18T19:54:02.832+0000] {dagbag.py:545} INFO - Filling up the DagBag from /home/airflow/.local/lib/python3.12/site-packages/airflow/example_dags/example_short_circuit_operator.py
[2024-05-18T19:54:02.839+0000] {processor.py:840} INFO - DAG(s) 'example_short_circuit_operator' retrieved from /home/airflow/.local/lib/python3.12/site-packages/airflow/example_dags/example_short_circuit_operator.py
[2024-05-18T19:54:02.863+0000] {logging_mixin.py:188} INFO - [2024-05-18T19:54:02.862+0000] {dag.py:3096} INFO - Sync 1 DAGs
[2024-05-18T19:54:02.885+0000] {logging_mixin.py:188} INFO - [2024-05-18T19:54:02.885+0000] {dag.py:3954} INFO - Setting next_dagrun for example_short_circuit_operator to 2024-05-17 00:00:00+00:00, run_after=2024-05-18 00:00:00+00:00
[2024-05-18T19:54:02.907+0000] {processor.py:183} INFO - Processing /home/airflow/.local/lib/python3.12/site-packages/airflow/example_dags/example_short_circuit_operator.py took 0.084 seconds
[2024-05-18T19:54:33.960+0000] {processor.py:161} INFO - Started process (PID=1514) to work on /home/airflow/.local/lib/python3.12/site-packages/airflow/example_dags/example_short_circuit_operator.py
[2024-05-18T19:54:33.961+0000] {processor.py:830} INFO - Processing file /home/airflow/.local/lib/python3.12/site-packages/airflow/example_dags/example_short_circuit_operator.py for tasks to queue
[2024-05-18T19:54:33.963+0000] {logging_mixin.py:188} INFO - [2024-05-18T19:54:33.963+0000] {dagbag.py:545} INFO - Filling up the DagBag from /home/airflow/.local/lib/python3.12/site-packages/airflow/example_dags/example_short_circuit_operator.py
[2024-05-18T19:54:33.971+0000] {processor.py:840} INFO - DAG(s) 'example_short_circuit_operator' retrieved from /home/airflow/.local/lib/python3.12/site-packages/airflow/example_dags/example_short_circuit_operator.py
[2024-05-18T19:54:33.994+0000] {logging_mixin.py:188} INFO - [2024-05-18T19:54:33.993+0000] {dag.py:3096} INFO - Sync 1 DAGs
[2024-05-18T19:54:34.016+0000] {logging_mixin.py:188} INFO - [2024-05-18T19:54:34.015+0000] {dag.py:3954} INFO - Setting next_dagrun for example_short_circuit_operator to 2024-05-17 00:00:00+00:00, run_after=2024-05-18 00:00:00+00:00
[2024-05-18T19:54:34.039+0000] {processor.py:183} INFO - Processing /home/airflow/.local/lib/python3.12/site-packages/airflow/example_dags/example_short_circuit_operator.py took 0.084 seconds
[2024-05-18T19:55:04.230+0000] {processor.py:161} INFO - Started process (PID=1573) to work on /home/airflow/.local/lib/python3.12/site-packages/airflow/example_dags/example_short_circuit_operator.py
[2024-05-18T19:55:04.231+0000] {processor.py:830} INFO - Processing file /home/airflow/.local/lib/python3.12/site-packages/airflow/example_dags/example_short_circuit_operator.py for tasks to queue
[2024-05-18T19:55:04.233+0000] {logging_mixin.py:188} INFO - [2024-05-18T19:55:04.233+0000] {dagbag.py:545} INFO - Filling up the DagBag from /home/airflow/.local/lib/python3.12/site-packages/airflow/example_dags/example_short_circuit_operator.py
[2024-05-18T19:55:04.239+0000] {processor.py:840} INFO - DAG(s) 'example_short_circuit_operator' retrieved from /home/airflow/.local/lib/python3.12/site-packages/airflow/example_dags/example_short_circuit_operator.py
[2024-05-18T19:55:04.263+0000] {logging_mixin.py:188} INFO - [2024-05-18T19:55:04.263+0000] {dag.py:3096} INFO - Sync 1 DAGs
[2024-05-18T19:55:04.285+0000] {logging_mixin.py:188} INFO - [2024-05-18T19:55:04.284+0000] {dag.py:3954} INFO - Setting next_dagrun for example_short_circuit_operator to 2024-05-17 00:00:00+00:00, run_after=2024-05-18 00:00:00+00:00
[2024-05-18T19:55:04.307+0000] {processor.py:183} INFO - Processing /home/airflow/.local/lib/python3.12/site-packages/airflow/example_dags/example_short_circuit_operator.py took 0.084 seconds
[2024-05-18T20:00:13.564+0000] {processor.py:161} INFO - Started process (PID=61) to work on /home/airflow/.local/lib/python3.12/site-packages/airflow/example_dags/example_short_circuit_operator.py
[2024-05-18T20:00:13.565+0000] {processor.py:830} INFO - Processing file /home/airflow/.local/lib/python3.12/site-packages/airflow/example_dags/example_short_circuit_operator.py for tasks to queue
[2024-05-18T20:00:13.568+0000] {logging_mixin.py:188} INFO - [2024-05-18T20:00:13.568+0000] {dagbag.py:545} INFO - Filling up the DagBag from /home/airflow/.local/lib/python3.12/site-packages/airflow/example_dags/example_short_circuit_operator.py
[2024-05-18T20:00:13.576+0000] {processor.py:840} INFO - DAG(s) 'example_short_circuit_operator' retrieved from /home/airflow/.local/lib/python3.12/site-packages/airflow/example_dags/example_short_circuit_operator.py
[2024-05-18T20:00:13.588+0000] {logging_mixin.py:188} INFO - [2024-05-18T20:00:13.587+0000] {dag.py:3096} INFO - Sync 1 DAGs
[2024-05-18T20:00:13.615+0000] {logging_mixin.py:188} INFO - [2024-05-18T20:00:13.615+0000] {dag.py:3954} INFO - Setting next_dagrun for example_short_circuit_operator to 2024-05-17 00:00:00+00:00, run_after=2024-05-18 00:00:00+00:00
[2024-05-18T20:00:13.637+0000] {processor.py:183} INFO - Processing /home/airflow/.local/lib/python3.12/site-packages/airflow/example_dags/example_short_circuit_operator.py took 0.079 seconds
[2024-05-18T20:00:44.830+0000] {processor.py:161} INFO - Started process (PID=119) to work on /home/airflow/.local/lib/python3.12/site-packages/airflow/example_dags/example_short_circuit_operator.py
[2024-05-18T20:00:44.831+0000] {processor.py:830} INFO - Processing file /home/airflow/.local/lib/python3.12/site-packages/airflow/example_dags/example_short_circuit_operator.py for tasks to queue
[2024-05-18T20:00:44.833+0000] {logging_mixin.py:188} INFO - [2024-05-18T20:00:44.832+0000] {dagbag.py:545} INFO - Filling up the DagBag from /home/airflow/.local/lib/python3.12/site-packages/airflow/example_dags/example_short_circuit_operator.py
[2024-05-18T20:00:44.839+0000] {processor.py:840} INFO - DAG(s) 'example_short_circuit_operator' retrieved from /home/airflow/.local/lib/python3.12/site-packages/airflow/example_dags/example_short_circuit_operator.py
[2024-05-18T20:00:44.928+0000] {logging_mixin.py:188} INFO - [2024-05-18T20:00:44.928+0000] {dag.py:3096} INFO - Sync 1 DAGs
[2024-05-18T20:00:44.946+0000] {logging_mixin.py:188} INFO - [2024-05-18T20:00:44.946+0000] {dag.py:3954} INFO - Setting next_dagrun for example_short_circuit_operator to 2024-05-17 00:00:00+00:00, run_after=2024-05-18 00:00:00+00:00
[2024-05-18T20:00:44.971+0000] {processor.py:183} INFO - Processing /home/airflow/.local/lib/python3.12/site-packages/airflow/example_dags/example_short_circuit_operator.py took 0.146 seconds
[2024-05-18T20:01:15.459+0000] {processor.py:161} INFO - Started process (PID=177) to work on /home/airflow/.local/lib/python3.12/site-packages/airflow/example_dags/example_short_circuit_operator.py
[2024-05-18T20:01:15.460+0000] {processor.py:830} INFO - Processing file /home/airflow/.local/lib/python3.12/site-packages/airflow/example_dags/example_short_circuit_operator.py for tasks to queue
[2024-05-18T20:01:15.461+0000] {logging_mixin.py:188} INFO - [2024-05-18T20:01:15.461+0000] {dagbag.py:545} INFO - Filling up the DagBag from /home/airflow/.local/lib/python3.12/site-packages/airflow/example_dags/example_short_circuit_operator.py
[2024-05-18T20:01:15.468+0000] {processor.py:840} INFO - DAG(s) 'example_short_circuit_operator' retrieved from /home/airflow/.local/lib/python3.12/site-packages/airflow/example_dags/example_short_circuit_operator.py
[2024-05-18T20:01:15.491+0000] {logging_mixin.py:188} INFO - [2024-05-18T20:01:15.491+0000] {dag.py:3096} INFO - Sync 1 DAGs
[2024-05-18T20:01:15.511+0000] {logging_mixin.py:188} INFO - [2024-05-18T20:01:15.510+0000] {dag.py:3954} INFO - Setting next_dagrun for example_short_circuit_operator to 2024-05-17 00:00:00+00:00, run_after=2024-05-18 00:00:00+00:00
[2024-05-18T20:01:15.531+0000] {processor.py:183} INFO - Processing /home/airflow/.local/lib/python3.12/site-packages/airflow/example_dags/example_short_circuit_operator.py took 0.077 seconds
[2024-05-18T20:01:45.773+0000] {processor.py:161} INFO - Started process (PID=235) to work on /home/airflow/.local/lib/python3.12/site-packages/airflow/example_dags/example_short_circuit_operator.py
[2024-05-18T20:01:45.774+0000] {processor.py:830} INFO - Processing file /home/airflow/.local/lib/python3.12/site-packages/airflow/example_dags/example_short_circuit_operator.py for tasks to queue
[2024-05-18T20:01:45.775+0000] {logging_mixin.py:188} INFO - [2024-05-18T20:01:45.775+0000] {dagbag.py:545} INFO - Filling up the DagBag from /home/airflow/.local/lib/python3.12/site-packages/airflow/example_dags/example_short_circuit_operator.py
[2024-05-18T20:01:45.782+0000] {processor.py:840} INFO - DAG(s) 'example_short_circuit_operator' retrieved from /home/airflow/.local/lib/python3.12/site-packages/airflow/example_dags/example_short_circuit_operator.py
[2024-05-18T20:01:45.804+0000] {logging_mixin.py:188} INFO - [2024-05-18T20:01:45.803+0000] {dag.py:3096} INFO - Sync 1 DAGs
[2024-05-18T20:01:45.822+0000] {logging_mixin.py:188} INFO - [2024-05-18T20:01:45.822+0000] {dag.py:3954} INFO - Setting next_dagrun for example_short_circuit_operator to 2024-05-17 00:00:00+00:00, run_after=2024-05-18 00:00:00+00:00
[2024-05-18T20:01:45.843+0000] {processor.py:183} INFO - Processing /home/airflow/.local/lib/python3.12/site-packages/airflow/example_dags/example_short_circuit_operator.py took 0.076 seconds
[2024-05-18T20:02:16.333+0000] {processor.py:161} INFO - Started process (PID=293) to work on /home/airflow/.local/lib/python3.12/site-packages/airflow/example_dags/example_short_circuit_operator.py
[2024-05-18T20:02:16.334+0000] {processor.py:830} INFO - Processing file /home/airflow/.local/lib/python3.12/site-packages/airflow/example_dags/example_short_circuit_operator.py for tasks to queue
[2024-05-18T20:02:16.336+0000] {logging_mixin.py:188} INFO - [2024-05-18T20:02:16.336+0000] {dagbag.py:545} INFO - Filling up the DagBag from /home/airflow/.local/lib/python3.12/site-packages/airflow/example_dags/example_short_circuit_operator.py
[2024-05-18T20:02:16.343+0000] {processor.py:840} INFO - DAG(s) 'example_short_circuit_operator' retrieved from /home/airflow/.local/lib/python3.12/site-packages/airflow/example_dags/example_short_circuit_operator.py
[2024-05-18T20:02:16.364+0000] {logging_mixin.py:188} INFO - [2024-05-18T20:02:16.364+0000] {dag.py:3096} INFO - Sync 1 DAGs
[2024-05-18T20:02:16.383+0000] {logging_mixin.py:188} INFO - [2024-05-18T20:02:16.383+0000] {dag.py:3954} INFO - Setting next_dagrun for example_short_circuit_operator to 2024-05-17 00:00:00+00:00, run_after=2024-05-18 00:00:00+00:00
[2024-05-18T20:02:16.404+0000] {processor.py:183} INFO - Processing /home/airflow/.local/lib/python3.12/site-packages/airflow/example_dags/example_short_circuit_operator.py took 0.077 seconds
[2024-05-18T20:02:46.516+0000] {processor.py:161} INFO - Started process (PID=351) to work on /home/airflow/.local/lib/python3.12/site-packages/airflow/example_dags/example_short_circuit_operator.py
[2024-05-18T20:02:46.517+0000] {processor.py:830} INFO - Processing file /home/airflow/.local/lib/python3.12/site-packages/airflow/example_dags/example_short_circuit_operator.py for tasks to queue
[2024-05-18T20:02:46.519+0000] {logging_mixin.py:188} INFO - [2024-05-18T20:02:46.519+0000] {dagbag.py:545} INFO - Filling up the DagBag from /home/airflow/.local/lib/python3.12/site-packages/airflow/example_dags/example_short_circuit_operator.py
[2024-05-18T20:02:46.528+0000] {processor.py:840} INFO - DAG(s) 'example_short_circuit_operator' retrieved from /home/airflow/.local/lib/python3.12/site-packages/airflow/example_dags/example_short_circuit_operator.py
[2024-05-18T20:02:46.554+0000] {logging_mixin.py:188} INFO - [2024-05-18T20:02:46.553+0000] {dag.py:3096} INFO - Sync 1 DAGs
[2024-05-18T20:02:46.579+0000] {logging_mixin.py:188} INFO - [2024-05-18T20:02:46.579+0000] {dag.py:3954} INFO - Setting next_dagrun for example_short_circuit_operator to 2024-05-17 00:00:00+00:00, run_after=2024-05-18 00:00:00+00:00
[2024-05-18T20:02:46.606+0000] {processor.py:183} INFO - Processing /home/airflow/.local/lib/python3.12/site-packages/airflow/example_dags/example_short_circuit_operator.py took 0.095 seconds
[2024-05-18T20:03:17.605+0000] {processor.py:161} INFO - Started process (PID=409) to work on /home/airflow/.local/lib/python3.12/site-packages/airflow/example_dags/example_short_circuit_operator.py
[2024-05-18T20:03:17.606+0000] {processor.py:830} INFO - Processing file /home/airflow/.local/lib/python3.12/site-packages/airflow/example_dags/example_short_circuit_operator.py for tasks to queue
[2024-05-18T20:03:17.608+0000] {logging_mixin.py:188} INFO - [2024-05-18T20:03:17.608+0000] {dagbag.py:545} INFO - Filling up the DagBag from /home/airflow/.local/lib/python3.12/site-packages/airflow/example_dags/example_short_circuit_operator.py
[2024-05-18T20:03:17.615+0000] {processor.py:840} INFO - DAG(s) 'example_short_circuit_operator' retrieved from /home/airflow/.local/lib/python3.12/site-packages/airflow/example_dags/example_short_circuit_operator.py
[2024-05-18T20:03:17.636+0000] {logging_mixin.py:188} INFO - [2024-05-18T20:03:17.636+0000] {dag.py:3096} INFO - Sync 1 DAGs
[2024-05-18T20:03:17.654+0000] {logging_mixin.py:188} INFO - [2024-05-18T20:03:17.654+0000] {dag.py:3954} INFO - Setting next_dagrun for example_short_circuit_operator to 2024-05-17 00:00:00+00:00, run_after=2024-05-18 00:00:00+00:00
[2024-05-18T20:03:17.675+0000] {processor.py:183} INFO - Processing /home/airflow/.local/lib/python3.12/site-packages/airflow/example_dags/example_short_circuit_operator.py took 0.075 seconds
[2024-05-18T20:03:48.028+0000] {processor.py:161} INFO - Started process (PID=467) to work on /home/airflow/.local/lib/python3.12/site-packages/airflow/example_dags/example_short_circuit_operator.py
[2024-05-18T20:03:48.030+0000] {processor.py:830} INFO - Processing file /home/airflow/.local/lib/python3.12/site-packages/airflow/example_dags/example_short_circuit_operator.py for tasks to queue
[2024-05-18T20:03:48.032+0000] {logging_mixin.py:188} INFO - [2024-05-18T20:03:48.031+0000] {dagbag.py:545} INFO - Filling up the DagBag from /home/airflow/.local/lib/python3.12/site-packages/airflow/example_dags/example_short_circuit_operator.py
[2024-05-18T20:03:48.039+0000] {processor.py:840} INFO - DAG(s) 'example_short_circuit_operator' retrieved from /home/airflow/.local/lib/python3.12/site-packages/airflow/example_dags/example_short_circuit_operator.py
[2024-05-18T20:03:48.062+0000] {logging_mixin.py:188} INFO - [2024-05-18T20:03:48.062+0000] {dag.py:3096} INFO - Sync 1 DAGs
[2024-05-18T20:03:48.083+0000] {logging_mixin.py:188} INFO - [2024-05-18T20:03:48.083+0000] {dag.py:3954} INFO - Setting next_dagrun for example_short_circuit_operator to 2024-05-17 00:00:00+00:00, run_after=2024-05-18 00:00:00+00:00
[2024-05-18T20:03:48.103+0000] {processor.py:183} INFO - Processing /home/airflow/.local/lib/python3.12/site-packages/airflow/example_dags/example_short_circuit_operator.py took 0.080 seconds
[2024-05-18T20:04:18.446+0000] {processor.py:161} INFO - Started process (PID=525) to work on /home/airflow/.local/lib/python3.12/site-packages/airflow/example_dags/example_short_circuit_operator.py
[2024-05-18T20:04:18.447+0000] {processor.py:830} INFO - Processing file /home/airflow/.local/lib/python3.12/site-packages/airflow/example_dags/example_short_circuit_operator.py for tasks to queue
[2024-05-18T20:04:18.449+0000] {logging_mixin.py:188} INFO - [2024-05-18T20:04:18.449+0000] {dagbag.py:545} INFO - Filling up the DagBag from /home/airflow/.local/lib/python3.12/site-packages/airflow/example_dags/example_short_circuit_operator.py
[2024-05-18T20:04:18.456+0000] {processor.py:840} INFO - DAG(s) 'example_short_circuit_operator' retrieved from /home/airflow/.local/lib/python3.12/site-packages/airflow/example_dags/example_short_circuit_operator.py
[2024-05-18T20:04:18.479+0000] {logging_mixin.py:188} INFO - [2024-05-18T20:04:18.479+0000] {dag.py:3096} INFO - Sync 1 DAGs
[2024-05-18T20:04:18.503+0000] {logging_mixin.py:188} INFO - [2024-05-18T20:04:18.503+0000] {dag.py:3954} INFO - Setting next_dagrun for example_short_circuit_operator to 2024-05-17 00:00:00+00:00, run_after=2024-05-18 00:00:00+00:00
[2024-05-18T20:04:18.525+0000] {processor.py:183} INFO - Processing /home/airflow/.local/lib/python3.12/site-packages/airflow/example_dags/example_short_circuit_operator.py took 0.084 seconds
[2024-05-18T20:04:48.619+0000] {processor.py:161} INFO - Started process (PID=583) to work on /home/airflow/.local/lib/python3.12/site-packages/airflow/example_dags/example_short_circuit_operator.py
[2024-05-18T20:04:48.620+0000] {processor.py:830} INFO - Processing file /home/airflow/.local/lib/python3.12/site-packages/airflow/example_dags/example_short_circuit_operator.py for tasks to queue
[2024-05-18T20:04:48.622+0000] {logging_mixin.py:188} INFO - [2024-05-18T20:04:48.622+0000] {dagbag.py:545} INFO - Filling up the DagBag from /home/airflow/.local/lib/python3.12/site-packages/airflow/example_dags/example_short_circuit_operator.py
[2024-05-18T20:04:48.629+0000] {processor.py:840} INFO - DAG(s) 'example_short_circuit_operator' retrieved from /home/airflow/.local/lib/python3.12/site-packages/airflow/example_dags/example_short_circuit_operator.py
[2024-05-18T20:04:48.653+0000] {logging_mixin.py:188} INFO - [2024-05-18T20:04:48.653+0000] {dag.py:3096} INFO - Sync 1 DAGs
[2024-05-18T20:04:48.676+0000] {logging_mixin.py:188} INFO - [2024-05-18T20:04:48.675+0000] {dag.py:3954} INFO - Setting next_dagrun for example_short_circuit_operator to 2024-05-17 00:00:00+00:00, run_after=2024-05-18 00:00:00+00:00
[2024-05-18T20:04:48.699+0000] {processor.py:183} INFO - Processing /home/airflow/.local/lib/python3.12/site-packages/airflow/example_dags/example_short_circuit_operator.py took 0.087 seconds
[2024-05-18T20:05:18.759+0000] {processor.py:161} INFO - Started process (PID=641) to work on /home/airflow/.local/lib/python3.12/site-packages/airflow/example_dags/example_short_circuit_operator.py
[2024-05-18T20:05:18.761+0000] {processor.py:830} INFO - Processing file /home/airflow/.local/lib/python3.12/site-packages/airflow/example_dags/example_short_circuit_operator.py for tasks to queue
[2024-05-18T20:05:18.763+0000] {logging_mixin.py:188} INFO - [2024-05-18T20:05:18.763+0000] {dagbag.py:545} INFO - Filling up the DagBag from /home/airflow/.local/lib/python3.12/site-packages/airflow/example_dags/example_short_circuit_operator.py
[2024-05-18T20:05:18.771+0000] {processor.py:840} INFO - DAG(s) 'example_short_circuit_operator' retrieved from /home/airflow/.local/lib/python3.12/site-packages/airflow/example_dags/example_short_circuit_operator.py
[2024-05-18T20:05:18.798+0000] {logging_mixin.py:188} INFO - [2024-05-18T20:05:18.797+0000] {dag.py:3096} INFO - Sync 1 DAGs
[2024-05-18T20:05:18.820+0000] {logging_mixin.py:188} INFO - [2024-05-18T20:05:18.820+0000] {dag.py:3954} INFO - Setting next_dagrun for example_short_circuit_operator to 2024-05-17 00:00:00+00:00, run_after=2024-05-18 00:00:00+00:00
[2024-05-18T20:05:18.842+0000] {processor.py:183} INFO - Processing /home/airflow/.local/lib/python3.12/site-packages/airflow/example_dags/example_short_circuit_operator.py took 0.089 seconds
[2024-05-18T20:05:48.944+0000] {processor.py:161} INFO - Started process (PID=699) to work on /home/airflow/.local/lib/python3.12/site-packages/airflow/example_dags/example_short_circuit_operator.py
[2024-05-18T20:05:48.945+0000] {processor.py:830} INFO - Processing file /home/airflow/.local/lib/python3.12/site-packages/airflow/example_dags/example_short_circuit_operator.py for tasks to queue
[2024-05-18T20:05:48.947+0000] {logging_mixin.py:188} INFO - [2024-05-18T20:05:48.947+0000] {dagbag.py:545} INFO - Filling up the DagBag from /home/airflow/.local/lib/python3.12/site-packages/airflow/example_dags/example_short_circuit_operator.py
[2024-05-18T20:05:48.954+0000] {processor.py:840} INFO - DAG(s) 'example_short_circuit_operator' retrieved from /home/airflow/.local/lib/python3.12/site-packages/airflow/example_dags/example_short_circuit_operator.py
[2024-05-18T20:05:48.978+0000] {logging_mixin.py:188} INFO - [2024-05-18T20:05:48.977+0000] {dag.py:3096} INFO - Sync 1 DAGs
[2024-05-18T20:05:48.999+0000] {logging_mixin.py:188} INFO - [2024-05-18T20:05:48.999+0000] {dag.py:3954} INFO - Setting next_dagrun for example_short_circuit_operator to 2024-05-17 00:00:00+00:00, run_after=2024-05-18 00:00:00+00:00
[2024-05-18T20:05:49.022+0000] {processor.py:183} INFO - Processing /home/airflow/.local/lib/python3.12/site-packages/airflow/example_dags/example_short_circuit_operator.py took 0.084 seconds
[2024-05-18T20:06:19.260+0000] {processor.py:161} INFO - Started process (PID=757) to work on /home/airflow/.local/lib/python3.12/site-packages/airflow/example_dags/example_short_circuit_operator.py
[2024-05-18T20:06:19.261+0000] {processor.py:830} INFO - Processing file /home/airflow/.local/lib/python3.12/site-packages/airflow/example_dags/example_short_circuit_operator.py for tasks to queue
[2024-05-18T20:06:19.264+0000] {logging_mixin.py:188} INFO - [2024-05-18T20:06:19.263+0000] {dagbag.py:545} INFO - Filling up the DagBag from /home/airflow/.local/lib/python3.12/site-packages/airflow/example_dags/example_short_circuit_operator.py
[2024-05-18T20:06:19.270+0000] {processor.py:840} INFO - DAG(s) 'example_short_circuit_operator' retrieved from /home/airflow/.local/lib/python3.12/site-packages/airflow/example_dags/example_short_circuit_operator.py
[2024-05-18T20:06:19.293+0000] {logging_mixin.py:188} INFO - [2024-05-18T20:06:19.293+0000] {dag.py:3096} INFO - Sync 1 DAGs
[2024-05-18T20:06:19.314+0000] {logging_mixin.py:188} INFO - [2024-05-18T20:06:19.314+0000] {dag.py:3954} INFO - Setting next_dagrun for example_short_circuit_operator to 2024-05-17 00:00:00+00:00, run_after=2024-05-18 00:00:00+00:00
[2024-05-18T20:06:19.335+0000] {processor.py:183} INFO - Processing /home/airflow/.local/lib/python3.12/site-packages/airflow/example_dags/example_short_circuit_operator.py took 0.080 seconds
[2024-05-18T20:06:50.392+0000] {processor.py:161} INFO - Started process (PID=815) to work on /home/airflow/.local/lib/python3.12/site-packages/airflow/example_dags/example_short_circuit_operator.py
[2024-05-18T20:06:50.393+0000] {processor.py:830} INFO - Processing file /home/airflow/.local/lib/python3.12/site-packages/airflow/example_dags/example_short_circuit_operator.py for tasks to queue
[2024-05-18T20:06:50.396+0000] {logging_mixin.py:188} INFO - [2024-05-18T20:06:50.396+0000] {dagbag.py:545} INFO - Filling up the DagBag from /home/airflow/.local/lib/python3.12/site-packages/airflow/example_dags/example_short_circuit_operator.py
[2024-05-18T20:06:50.406+0000] {processor.py:840} INFO - DAG(s) 'example_short_circuit_operator' retrieved from /home/airflow/.local/lib/python3.12/site-packages/airflow/example_dags/example_short_circuit_operator.py
[2024-05-18T20:06:50.435+0000] {logging_mixin.py:188} INFO - [2024-05-18T20:06:50.435+0000] {dag.py:3096} INFO - Sync 1 DAGs
[2024-05-18T20:06:50.469+0000] {logging_mixin.py:188} INFO - [2024-05-18T20:06:50.468+0000] {dag.py:3954} INFO - Setting next_dagrun for example_short_circuit_operator to 2024-05-17 00:00:00+00:00, run_after=2024-05-18 00:00:00+00:00
[2024-05-18T20:06:50.500+0000] {processor.py:183} INFO - Processing /home/airflow/.local/lib/python3.12/site-packages/airflow/example_dags/example_short_circuit_operator.py took 0.116 seconds
[2024-05-18T20:07:20.680+0000] {processor.py:161} INFO - Started process (PID=873) to work on /home/airflow/.local/lib/python3.12/site-packages/airflow/example_dags/example_short_circuit_operator.py
[2024-05-18T20:07:20.681+0000] {processor.py:830} INFO - Processing file /home/airflow/.local/lib/python3.12/site-packages/airflow/example_dags/example_short_circuit_operator.py for tasks to queue
[2024-05-18T20:07:20.684+0000] {logging_mixin.py:188} INFO - [2024-05-18T20:07:20.683+0000] {dagbag.py:545} INFO - Filling up the DagBag from /home/airflow/.local/lib/python3.12/site-packages/airflow/example_dags/example_short_circuit_operator.py
[2024-05-18T20:07:20.691+0000] {processor.py:840} INFO - DAG(s) 'example_short_circuit_operator' retrieved from /home/airflow/.local/lib/python3.12/site-packages/airflow/example_dags/example_short_circuit_operator.py
[2024-05-18T20:07:20.713+0000] {logging_mixin.py:188} INFO - [2024-05-18T20:07:20.713+0000] {dag.py:3096} INFO - Sync 1 DAGs
[2024-05-18T20:07:20.734+0000] {logging_mixin.py:188} INFO - [2024-05-18T20:07:20.733+0000] {dag.py:3954} INFO - Setting next_dagrun for example_short_circuit_operator to 2024-05-17 00:00:00+00:00, run_after=2024-05-18 00:00:00+00:00
[2024-05-18T20:07:20.754+0000] {processor.py:183} INFO - Processing /home/airflow/.local/lib/python3.12/site-packages/airflow/example_dags/example_short_circuit_operator.py took 0.080 seconds
[2024-05-18T20:07:51.260+0000] {processor.py:161} INFO - Started process (PID=931) to work on /home/airflow/.local/lib/python3.12/site-packages/airflow/example_dags/example_short_circuit_operator.py
[2024-05-18T20:07:51.261+0000] {processor.py:830} INFO - Processing file /home/airflow/.local/lib/python3.12/site-packages/airflow/example_dags/example_short_circuit_operator.py for tasks to queue
[2024-05-18T20:07:51.263+0000] {logging_mixin.py:188} INFO - [2024-05-18T20:07:51.263+0000] {dagbag.py:545} INFO - Filling up the DagBag from /home/airflow/.local/lib/python3.12/site-packages/airflow/example_dags/example_short_circuit_operator.py
[2024-05-18T20:07:51.271+0000] {processor.py:840} INFO - DAG(s) 'example_short_circuit_operator' retrieved from /home/airflow/.local/lib/python3.12/site-packages/airflow/example_dags/example_short_circuit_operator.py
[2024-05-18T20:07:51.293+0000] {logging_mixin.py:188} INFO - [2024-05-18T20:07:51.293+0000] {dag.py:3096} INFO - Sync 1 DAGs
[2024-05-18T20:07:51.313+0000] {logging_mixin.py:188} INFO - [2024-05-18T20:07:51.312+0000] {dag.py:3954} INFO - Setting next_dagrun for example_short_circuit_operator to 2024-05-17 00:00:00+00:00, run_after=2024-05-18 00:00:00+00:00
[2024-05-18T20:07:51.334+0000] {processor.py:183} INFO - Processing /home/airflow/.local/lib/python3.12/site-packages/airflow/example_dags/example_short_circuit_operator.py took 0.080 seconds
[2024-05-18T20:08:21.437+0000] {processor.py:161} INFO - Started process (PID=990) to work on /home/airflow/.local/lib/python3.12/site-packages/airflow/example_dags/example_short_circuit_operator.py
[2024-05-18T20:08:21.438+0000] {processor.py:830} INFO - Processing file /home/airflow/.local/lib/python3.12/site-packages/airflow/example_dags/example_short_circuit_operator.py for tasks to queue
[2024-05-18T20:08:21.441+0000] {logging_mixin.py:188} INFO - [2024-05-18T20:08:21.440+0000] {dagbag.py:545} INFO - Filling up the DagBag from /home/airflow/.local/lib/python3.12/site-packages/airflow/example_dags/example_short_circuit_operator.py
[2024-05-18T20:08:21.447+0000] {processor.py:840} INFO - DAG(s) 'example_short_circuit_operator' retrieved from /home/airflow/.local/lib/python3.12/site-packages/airflow/example_dags/example_short_circuit_operator.py
[2024-05-18T20:08:21.472+0000] {logging_mixin.py:188} INFO - [2024-05-18T20:08:21.471+0000] {dag.py:3096} INFO - Sync 1 DAGs
[2024-05-18T20:08:21.495+0000] {logging_mixin.py:188} INFO - [2024-05-18T20:08:21.495+0000] {dag.py:3954} INFO - Setting next_dagrun for example_short_circuit_operator to 2024-05-17 00:00:00+00:00, run_after=2024-05-18 00:00:00+00:00
[2024-05-18T20:08:21.516+0000] {processor.py:183} INFO - Processing /home/airflow/.local/lib/python3.12/site-packages/airflow/example_dags/example_short_circuit_operator.py took 0.085 seconds
[2024-05-18T20:08:51.793+0000] {processor.py:161} INFO - Started process (PID=1048) to work on /home/airflow/.local/lib/python3.12/site-packages/airflow/example_dags/example_short_circuit_operator.py
[2024-05-18T20:08:51.795+0000] {processor.py:830} INFO - Processing file /home/airflow/.local/lib/python3.12/site-packages/airflow/example_dags/example_short_circuit_operator.py for tasks to queue
[2024-05-18T20:08:51.796+0000] {logging_mixin.py:188} INFO - [2024-05-18T20:08:51.796+0000] {dagbag.py:545} INFO - Filling up the DagBag from /home/airflow/.local/lib/python3.12/site-packages/airflow/example_dags/example_short_circuit_operator.py
[2024-05-18T20:08:51.802+0000] {processor.py:840} INFO - DAG(s) 'example_short_circuit_operator' retrieved from /home/airflow/.local/lib/python3.12/site-packages/airflow/example_dags/example_short_circuit_operator.py
[2024-05-18T20:08:51.826+0000] {logging_mixin.py:188} INFO - [2024-05-18T20:08:51.826+0000] {dag.py:3096} INFO - Sync 1 DAGs
[2024-05-18T20:08:51.848+0000] {logging_mixin.py:188} INFO - [2024-05-18T20:08:51.847+0000] {dag.py:3954} INFO - Setting next_dagrun for example_short_circuit_operator to 2024-05-17 00:00:00+00:00, run_after=2024-05-18 00:00:00+00:00
[2024-05-18T20:08:51.870+0000] {processor.py:183} INFO - Processing /home/airflow/.local/lib/python3.12/site-packages/airflow/example_dags/example_short_circuit_operator.py took 0.081 seconds
[2024-05-18T20:09:22.283+0000] {processor.py:161} INFO - Started process (PID=1106) to work on /home/airflow/.local/lib/python3.12/site-packages/airflow/example_dags/example_short_circuit_operator.py
[2024-05-18T20:09:22.284+0000] {processor.py:830} INFO - Processing file /home/airflow/.local/lib/python3.12/site-packages/airflow/example_dags/example_short_circuit_operator.py for tasks to queue
[2024-05-18T20:09:22.286+0000] {logging_mixin.py:188} INFO - [2024-05-18T20:09:22.285+0000] {dagbag.py:545} INFO - Filling up the DagBag from /home/airflow/.local/lib/python3.12/site-packages/airflow/example_dags/example_short_circuit_operator.py
[2024-05-18T20:09:22.292+0000] {processor.py:840} INFO - DAG(s) 'example_short_circuit_operator' retrieved from /home/airflow/.local/lib/python3.12/site-packages/airflow/example_dags/example_short_circuit_operator.py
[2024-05-18T20:09:22.314+0000] {logging_mixin.py:188} INFO - [2024-05-18T20:09:22.314+0000] {dag.py:3096} INFO - Sync 1 DAGs
[2024-05-18T20:09:22.346+0000] {logging_mixin.py:188} INFO - [2024-05-18T20:09:22.346+0000] {dag.py:3954} INFO - Setting next_dagrun for example_short_circuit_operator to 2024-05-17 00:00:00+00:00, run_after=2024-05-18 00:00:00+00:00
[2024-05-18T20:09:22.386+0000] {processor.py:183} INFO - Processing /home/airflow/.local/lib/python3.12/site-packages/airflow/example_dags/example_short_circuit_operator.py took 0.109 seconds
[2024-05-18T20:09:53.040+0000] {processor.py:161} INFO - Started process (PID=1164) to work on /home/airflow/.local/lib/python3.12/site-packages/airflow/example_dags/example_short_circuit_operator.py
[2024-05-18T20:09:53.041+0000] {processor.py:830} INFO - Processing file /home/airflow/.local/lib/python3.12/site-packages/airflow/example_dags/example_short_circuit_operator.py for tasks to queue
[2024-05-18T20:09:53.043+0000] {logging_mixin.py:188} INFO - [2024-05-18T20:09:53.042+0000] {dagbag.py:545} INFO - Filling up the DagBag from /home/airflow/.local/lib/python3.12/site-packages/airflow/example_dags/example_short_circuit_operator.py
[2024-05-18T20:09:53.049+0000] {processor.py:840} INFO - DAG(s) 'example_short_circuit_operator' retrieved from /home/airflow/.local/lib/python3.12/site-packages/airflow/example_dags/example_short_circuit_operator.py
[2024-05-18T20:09:53.072+0000] {logging_mixin.py:188} INFO - [2024-05-18T20:09:53.071+0000] {dag.py:3096} INFO - Sync 1 DAGs
[2024-05-18T20:09:53.093+0000] {logging_mixin.py:188} INFO - [2024-05-18T20:09:53.093+0000] {dag.py:3954} INFO - Setting next_dagrun for example_short_circuit_operator to 2024-05-17 00:00:00+00:00, run_after=2024-05-18 00:00:00+00:00
[2024-05-18T20:09:53.114+0000] {processor.py:183} INFO - Processing /home/airflow/.local/lib/python3.12/site-packages/airflow/example_dags/example_short_circuit_operator.py took 0.081 seconds
[2024-05-18T20:10:23.506+0000] {processor.py:161} INFO - Started process (PID=1222) to work on /home/airflow/.local/lib/python3.12/site-packages/airflow/example_dags/example_short_circuit_operator.py
[2024-05-18T20:10:23.507+0000] {processor.py:830} INFO - Processing file /home/airflow/.local/lib/python3.12/site-packages/airflow/example_dags/example_short_circuit_operator.py for tasks to queue
[2024-05-18T20:10:23.509+0000] {logging_mixin.py:188} INFO - [2024-05-18T20:10:23.509+0000] {dagbag.py:545} INFO - Filling up the DagBag from /home/airflow/.local/lib/python3.12/site-packages/airflow/example_dags/example_short_circuit_operator.py
[2024-05-18T20:10:23.516+0000] {processor.py:840} INFO - DAG(s) 'example_short_circuit_operator' retrieved from /home/airflow/.local/lib/python3.12/site-packages/airflow/example_dags/example_short_circuit_operator.py
[2024-05-18T20:10:23.538+0000] {logging_mixin.py:188} INFO - [2024-05-18T20:10:23.538+0000] {dag.py:3096} INFO - Sync 1 DAGs
[2024-05-18T20:10:23.559+0000] {logging_mixin.py:188} INFO - [2024-05-18T20:10:23.558+0000] {dag.py:3954} INFO - Setting next_dagrun for example_short_circuit_operator to 2024-05-17 00:00:00+00:00, run_after=2024-05-18 00:00:00+00:00
[2024-05-18T20:10:23.580+0000] {processor.py:183} INFO - Processing /home/airflow/.local/lib/python3.12/site-packages/airflow/example_dags/example_short_circuit_operator.py took 0.079 seconds
[2024-05-18T20:10:53.768+0000] {processor.py:161} INFO - Started process (PID=1281) to work on /home/airflow/.local/lib/python3.12/site-packages/airflow/example_dags/example_short_circuit_operator.py
[2024-05-18T20:10:53.770+0000] {processor.py:830} INFO - Processing file /home/airflow/.local/lib/python3.12/site-packages/airflow/example_dags/example_short_circuit_operator.py for tasks to queue
[2024-05-18T20:10:53.772+0000] {logging_mixin.py:188} INFO - [2024-05-18T20:10:53.772+0000] {dagbag.py:545} INFO - Filling up the DagBag from /home/airflow/.local/lib/python3.12/site-packages/airflow/example_dags/example_short_circuit_operator.py
[2024-05-18T20:10:53.779+0000] {processor.py:840} INFO - DAG(s) 'example_short_circuit_operator' retrieved from /home/airflow/.local/lib/python3.12/site-packages/airflow/example_dags/example_short_circuit_operator.py
[2024-05-18T20:10:53.802+0000] {logging_mixin.py:188} INFO - [2024-05-18T20:10:53.802+0000] {dag.py:3096} INFO - Sync 1 DAGs
[2024-05-18T20:10:53.941+0000] {logging_mixin.py:188} INFO - [2024-05-18T20:10:53.941+0000] {dag.py:3954} INFO - Setting next_dagrun for example_short_circuit_operator to 2024-05-17 00:00:00+00:00, run_after=2024-05-18 00:00:00+00:00
[2024-05-18T20:10:53.961+0000] {processor.py:183} INFO - Processing /home/airflow/.local/lib/python3.12/site-packages/airflow/example_dags/example_short_circuit_operator.py took 0.199 seconds
[2024-05-18T20:11:24.132+0000] {processor.py:161} INFO - Started process (PID=1339) to work on /home/airflow/.local/lib/python3.12/site-packages/airflow/example_dags/example_short_circuit_operator.py
[2024-05-18T20:11:24.133+0000] {processor.py:830} INFO - Processing file /home/airflow/.local/lib/python3.12/site-packages/airflow/example_dags/example_short_circuit_operator.py for tasks to queue
[2024-05-18T20:11:24.136+0000] {logging_mixin.py:188} INFO - [2024-05-18T20:11:24.135+0000] {dagbag.py:545} INFO - Filling up the DagBag from /home/airflow/.local/lib/python3.12/site-packages/airflow/example_dags/example_short_circuit_operator.py
[2024-05-18T20:11:24.143+0000] {processor.py:840} INFO - DAG(s) 'example_short_circuit_operator' retrieved from /home/airflow/.local/lib/python3.12/site-packages/airflow/example_dags/example_short_circuit_operator.py
[2024-05-18T20:11:24.166+0000] {logging_mixin.py:188} INFO - [2024-05-18T20:11:24.165+0000] {dag.py:3096} INFO - Sync 1 DAGs
[2024-05-18T20:11:24.302+0000] {logging_mixin.py:188} INFO - [2024-05-18T20:11:24.301+0000] {dag.py:3954} INFO - Setting next_dagrun for example_short_circuit_operator to 2024-05-17 00:00:00+00:00, run_after=2024-05-18 00:00:00+00:00
[2024-05-18T20:11:24.322+0000] {processor.py:183} INFO - Processing /home/airflow/.local/lib/python3.12/site-packages/airflow/example_dags/example_short_circuit_operator.py took 0.195 seconds
[2024-05-18T20:11:54.777+0000] {processor.py:161} INFO - Started process (PID=1397) to work on /home/airflow/.local/lib/python3.12/site-packages/airflow/example_dags/example_short_circuit_operator.py
[2024-05-18T20:11:54.778+0000] {processor.py:830} INFO - Processing file /home/airflow/.local/lib/python3.12/site-packages/airflow/example_dags/example_short_circuit_operator.py for tasks to queue
[2024-05-18T20:11:54.780+0000] {logging_mixin.py:188} INFO - [2024-05-18T20:11:54.780+0000] {dagbag.py:545} INFO - Filling up the DagBag from /home/airflow/.local/lib/python3.12/site-packages/airflow/example_dags/example_short_circuit_operator.py
[2024-05-18T20:11:54.787+0000] {processor.py:840} INFO - DAG(s) 'example_short_circuit_operator' retrieved from /home/airflow/.local/lib/python3.12/site-packages/airflow/example_dags/example_short_circuit_operator.py
[2024-05-18T20:11:54.810+0000] {logging_mixin.py:188} INFO - [2024-05-18T20:11:54.809+0000] {dag.py:3096} INFO - Sync 1 DAGs
[2024-05-18T20:11:54.948+0000] {logging_mixin.py:188} INFO - [2024-05-18T20:11:54.947+0000] {dag.py:3954} INFO - Setting next_dagrun for example_short_circuit_operator to 2024-05-17 00:00:00+00:00, run_after=2024-05-18 00:00:00+00:00
[2024-05-18T20:11:54.967+0000] {processor.py:183} INFO - Processing /home/airflow/.local/lib/python3.12/site-packages/airflow/example_dags/example_short_circuit_operator.py took 0.196 seconds
[2024-05-18T20:12:25.923+0000] {processor.py:161} INFO - Started process (PID=1455) to work on /home/airflow/.local/lib/python3.12/site-packages/airflow/example_dags/example_short_circuit_operator.py
[2024-05-18T20:12:25.924+0000] {processor.py:830} INFO - Processing file /home/airflow/.local/lib/python3.12/site-packages/airflow/example_dags/example_short_circuit_operator.py for tasks to queue
[2024-05-18T20:12:25.926+0000] {logging_mixin.py:188} INFO - [2024-05-18T20:12:25.926+0000] {dagbag.py:545} INFO - Filling up the DagBag from /home/airflow/.local/lib/python3.12/site-packages/airflow/example_dags/example_short_circuit_operator.py
[2024-05-18T20:12:25.933+0000] {processor.py:840} INFO - DAG(s) 'example_short_circuit_operator' retrieved from /home/airflow/.local/lib/python3.12/site-packages/airflow/example_dags/example_short_circuit_operator.py
[2024-05-18T20:12:25.958+0000] {logging_mixin.py:188} INFO - [2024-05-18T20:12:25.958+0000] {dag.py:3096} INFO - Sync 1 DAGs
[2024-05-18T20:12:25.980+0000] {logging_mixin.py:188} INFO - [2024-05-18T20:12:25.980+0000] {dag.py:3954} INFO - Setting next_dagrun for example_short_circuit_operator to 2024-05-17 00:00:00+00:00, run_after=2024-05-18 00:00:00+00:00
[2024-05-18T20:12:26.136+0000] {processor.py:183} INFO - Processing /home/airflow/.local/lib/python3.12/site-packages/airflow/example_dags/example_short_circuit_operator.py took 0.219 seconds
[2024-05-18T20:12:57.009+0000] {processor.py:161} INFO - Started process (PID=1513) to work on /home/airflow/.local/lib/python3.12/site-packages/airflow/example_dags/example_short_circuit_operator.py
[2024-05-18T20:12:57.010+0000] {processor.py:830} INFO - Processing file /home/airflow/.local/lib/python3.12/site-packages/airflow/example_dags/example_short_circuit_operator.py for tasks to queue
[2024-05-18T20:12:57.013+0000] {logging_mixin.py:188} INFO - [2024-05-18T20:12:57.012+0000] {dagbag.py:545} INFO - Filling up the DagBag from /home/airflow/.local/lib/python3.12/site-packages/airflow/example_dags/example_short_circuit_operator.py
[2024-05-18T20:12:57.020+0000] {processor.py:840} INFO - DAG(s) 'example_short_circuit_operator' retrieved from /home/airflow/.local/lib/python3.12/site-packages/airflow/example_dags/example_short_circuit_operator.py
[2024-05-18T20:12:57.045+0000] {logging_mixin.py:188} INFO - [2024-05-18T20:12:57.045+0000] {dag.py:3096} INFO - Sync 1 DAGs
[2024-05-18T20:12:57.069+0000] {logging_mixin.py:188} INFO - [2024-05-18T20:12:57.068+0000] {dag.py:3954} INFO - Setting next_dagrun for example_short_circuit_operator to 2024-05-17 00:00:00+00:00, run_after=2024-05-18 00:00:00+00:00
[2024-05-18T20:12:57.094+0000] {processor.py:183} INFO - Processing /home/airflow/.local/lib/python3.12/site-packages/airflow/example_dags/example_short_circuit_operator.py took 0.091 seconds
[2024-05-18T20:13:27.568+0000] {processor.py:161} INFO - Started process (PID=1571) to work on /home/airflow/.local/lib/python3.12/site-packages/airflow/example_dags/example_short_circuit_operator.py
[2024-05-18T20:13:27.569+0000] {processor.py:830} INFO - Processing file /home/airflow/.local/lib/python3.12/site-packages/airflow/example_dags/example_short_circuit_operator.py for tasks to queue
[2024-05-18T20:13:27.571+0000] {logging_mixin.py:188} INFO - [2024-05-18T20:13:27.571+0000] {dagbag.py:545} INFO - Filling up the DagBag from /home/airflow/.local/lib/python3.12/site-packages/airflow/example_dags/example_short_circuit_operator.py
[2024-05-18T20:13:27.578+0000] {processor.py:840} INFO - DAG(s) 'example_short_circuit_operator' retrieved from /home/airflow/.local/lib/python3.12/site-packages/airflow/example_dags/example_short_circuit_operator.py
[2024-05-18T20:13:27.602+0000] {logging_mixin.py:188} INFO - [2024-05-18T20:13:27.602+0000] {dag.py:3096} INFO - Sync 1 DAGs
[2024-05-18T20:13:27.623+0000] {logging_mixin.py:188} INFO - [2024-05-18T20:13:27.623+0000] {dag.py:3954} INFO - Setting next_dagrun for example_short_circuit_operator to 2024-05-17 00:00:00+00:00, run_after=2024-05-18 00:00:00+00:00
[2024-05-18T20:13:27.645+0000] {processor.py:183} INFO - Processing /home/airflow/.local/lib/python3.12/site-packages/airflow/example_dags/example_short_circuit_operator.py took 0.083 seconds
[2024-05-18T20:13:57.780+0000] {processor.py:161} INFO - Started process (PID=1629) to work on /home/airflow/.local/lib/python3.12/site-packages/airflow/example_dags/example_short_circuit_operator.py
[2024-05-18T20:13:57.781+0000] {processor.py:830} INFO - Processing file /home/airflow/.local/lib/python3.12/site-packages/airflow/example_dags/example_short_circuit_operator.py for tasks to queue
[2024-05-18T20:13:57.783+0000] {logging_mixin.py:188} INFO - [2024-05-18T20:13:57.782+0000] {dagbag.py:545} INFO - Filling up the DagBag from /home/airflow/.local/lib/python3.12/site-packages/airflow/example_dags/example_short_circuit_operator.py
[2024-05-18T20:13:57.789+0000] {processor.py:840} INFO - DAG(s) 'example_short_circuit_operator' retrieved from /home/airflow/.local/lib/python3.12/site-packages/airflow/example_dags/example_short_circuit_operator.py
[2024-05-18T20:13:57.817+0000] {logging_mixin.py:188} INFO - [2024-05-18T20:13:57.817+0000] {dag.py:3096} INFO - Sync 1 DAGs
[2024-05-18T20:13:57.839+0000] {logging_mixin.py:188} INFO - [2024-05-18T20:13:57.839+0000] {dag.py:3954} INFO - Setting next_dagrun for example_short_circuit_operator to 2024-05-17 00:00:00+00:00, run_after=2024-05-18 00:00:00+00:00
[2024-05-18T20:13:57.863+0000] {processor.py:183} INFO - Processing /home/airflow/.local/lib/python3.12/site-packages/airflow/example_dags/example_short_circuit_operator.py took 0.088 seconds
[2024-05-18T20:14:28.176+0000] {processor.py:161} INFO - Started process (PID=1687) to work on /home/airflow/.local/lib/python3.12/site-packages/airflow/example_dags/example_short_circuit_operator.py
[2024-05-18T20:14:28.177+0000] {processor.py:830} INFO - Processing file /home/airflow/.local/lib/python3.12/site-packages/airflow/example_dags/example_short_circuit_operator.py for tasks to queue
[2024-05-18T20:14:28.179+0000] {logging_mixin.py:188} INFO - [2024-05-18T20:14:28.179+0000] {dagbag.py:545} INFO - Filling up the DagBag from /home/airflow/.local/lib/python3.12/site-packages/airflow/example_dags/example_short_circuit_operator.py
[2024-05-18T20:14:28.186+0000] {processor.py:840} INFO - DAG(s) 'example_short_circuit_operator' retrieved from /home/airflow/.local/lib/python3.12/site-packages/airflow/example_dags/example_short_circuit_operator.py
[2024-05-18T20:14:28.214+0000] {logging_mixin.py:188} INFO - [2024-05-18T20:14:28.214+0000] {dag.py:3096} INFO - Sync 1 DAGs
[2024-05-18T20:14:28.236+0000] {logging_mixin.py:188} INFO - [2024-05-18T20:14:28.236+0000] {dag.py:3954} INFO - Setting next_dagrun for example_short_circuit_operator to 2024-05-17 00:00:00+00:00, run_after=2024-05-18 00:00:00+00:00
[2024-05-18T20:14:28.258+0000] {processor.py:183} INFO - Processing /home/airflow/.local/lib/python3.12/site-packages/airflow/example_dags/example_short_circuit_operator.py took 0.088 seconds
