[2024-05-18T19:41:53.228+0000] {processor.py:161} INFO - Started process (PID=73) to work on /home/airflow/.local/lib/python3.12/site-packages/airflow/example_dags/example_latest_only_with_trigger.py
[2024-05-18T19:41:53.230+0000] {processor.py:830} INFO - Processing file /home/airflow/.local/lib/python3.12/site-packages/airflow/example_dags/example_latest_only_with_trigger.py for tasks to queue
[2024-05-18T19:41:53.233+0000] {logging_mixin.py:188} INFO - [2024-05-18T19:41:53.232+0000] {dagbag.py:545} INFO - Filling up the DagBag from /home/airflow/.local/lib/python3.12/site-packages/airflow/example_dags/example_latest_only_with_trigger.py
[2024-05-18T19:41:53.246+0000] {processor.py:840} INFO - DAG(s) 'latest_only_with_trigger' retrieved from /home/airflow/.local/lib/python3.12/site-packages/airflow/example_dags/example_latest_only_with_trigger.py
[2024-05-18T19:41:53.427+0000] {logging_mixin.py:188} INFO - [2024-05-18T19:41:53.426+0000] {override.py:1829} INFO - Created Permission View: can read on DAG:latest_only_with_trigger
[2024-05-18T19:41:53.445+0000] {logging_mixin.py:188} INFO - [2024-05-18T19:41:53.445+0000] {override.py:1829} INFO - Created Permission View: can delete on DAG:latest_only_with_trigger
[2024-05-18T19:41:53.458+0000] {logging_mixin.py:188} INFO - [2024-05-18T19:41:53.457+0000] {override.py:1829} INFO - Created Permission View: can edit on DAG:latest_only_with_trigger
[2024-05-18T19:41:53.459+0000] {logging_mixin.py:188} INFO - [2024-05-18T19:41:53.458+0000] {dag.py:3096} INFO - Sync 1 DAGs
[2024-05-18T19:41:53.482+0000] {logging_mixin.py:188} INFO - [2024-05-18T19:41:53.481+0000] {dag.py:3118} INFO - Creating ORM DAG for latest_only_with_trigger
[2024-05-18T19:41:53.501+0000] {logging_mixin.py:188} INFO - [2024-05-18T19:41:53.501+0000] {dag.py:3954} INFO - Setting next_dagrun for latest_only_with_trigger to 2024-05-18 12:00:00+00:00, run_after=2024-05-18 16:00:00+00:00
[2024-05-18T19:41:53.529+0000] {processor.py:183} INFO - Processing /home/airflow/.local/lib/python3.12/site-packages/airflow/example_dags/example_latest_only_with_trigger.py took 0.313 seconds
[2024-05-18T19:42:24.467+0000] {processor.py:161} INFO - Started process (PID=130) to work on /home/airflow/.local/lib/python3.12/site-packages/airflow/example_dags/example_latest_only_with_trigger.py
[2024-05-18T19:42:24.468+0000] {processor.py:830} INFO - Processing file /home/airflow/.local/lib/python3.12/site-packages/airflow/example_dags/example_latest_only_with_trigger.py for tasks to queue
[2024-05-18T19:42:24.470+0000] {logging_mixin.py:188} INFO - [2024-05-18T19:42:24.470+0000] {dagbag.py:545} INFO - Filling up the DagBag from /home/airflow/.local/lib/python3.12/site-packages/airflow/example_dags/example_latest_only_with_trigger.py
[2024-05-18T19:42:24.476+0000] {processor.py:840} INFO - DAG(s) 'latest_only_with_trigger' retrieved from /home/airflow/.local/lib/python3.12/site-packages/airflow/example_dags/example_latest_only_with_trigger.py
[2024-05-18T19:42:24.496+0000] {logging_mixin.py:188} INFO - [2024-05-18T19:42:24.496+0000] {dag.py:3096} INFO - Sync 1 DAGs
[2024-05-18T19:42:24.517+0000] {logging_mixin.py:188} INFO - [2024-05-18T19:42:24.517+0000] {dag.py:3954} INFO - Setting next_dagrun for latest_only_with_trigger to 2024-05-18 12:00:00+00:00, run_after=2024-05-18 16:00:00+00:00
[2024-05-18T19:42:24.548+0000] {processor.py:183} INFO - Processing /home/airflow/.local/lib/python3.12/site-packages/airflow/example_dags/example_latest_only_with_trigger.py took 0.087 seconds
[2024-05-18T19:42:54.703+0000] {processor.py:161} INFO - Started process (PID=188) to work on /home/airflow/.local/lib/python3.12/site-packages/airflow/example_dags/example_latest_only_with_trigger.py
[2024-05-18T19:42:54.704+0000] {processor.py:830} INFO - Processing file /home/airflow/.local/lib/python3.12/site-packages/airflow/example_dags/example_latest_only_with_trigger.py for tasks to queue
[2024-05-18T19:42:54.706+0000] {logging_mixin.py:188} INFO - [2024-05-18T19:42:54.706+0000] {dagbag.py:545} INFO - Filling up the DagBag from /home/airflow/.local/lib/python3.12/site-packages/airflow/example_dags/example_latest_only_with_trigger.py
[2024-05-18T19:42:54.712+0000] {processor.py:840} INFO - DAG(s) 'latest_only_with_trigger' retrieved from /home/airflow/.local/lib/python3.12/site-packages/airflow/example_dags/example_latest_only_with_trigger.py
[2024-05-18T19:42:54.741+0000] {logging_mixin.py:188} INFO - [2024-05-18T19:42:54.741+0000] {dag.py:3096} INFO - Sync 1 DAGs
[2024-05-18T19:42:54.768+0000] {logging_mixin.py:188} INFO - [2024-05-18T19:42:54.767+0000] {dag.py:3954} INFO - Setting next_dagrun for latest_only_with_trigger to 2024-05-18 12:00:00+00:00, run_after=2024-05-18 16:00:00+00:00
[2024-05-18T19:42:54.791+0000] {processor.py:183} INFO - Processing /home/airflow/.local/lib/python3.12/site-packages/airflow/example_dags/example_latest_only_with_trigger.py took 0.094 seconds
[2024-05-18T19:43:24.960+0000] {processor.py:161} INFO - Started process (PID=246) to work on /home/airflow/.local/lib/python3.12/site-packages/airflow/example_dags/example_latest_only_with_trigger.py
[2024-05-18T19:43:24.961+0000] {processor.py:830} INFO - Processing file /home/airflow/.local/lib/python3.12/site-packages/airflow/example_dags/example_latest_only_with_trigger.py for tasks to queue
[2024-05-18T19:43:24.963+0000] {logging_mixin.py:188} INFO - [2024-05-18T19:43:24.963+0000] {dagbag.py:545} INFO - Filling up the DagBag from /home/airflow/.local/lib/python3.12/site-packages/airflow/example_dags/example_latest_only_with_trigger.py
[2024-05-18T19:43:24.969+0000] {processor.py:840} INFO - DAG(s) 'latest_only_with_trigger' retrieved from /home/airflow/.local/lib/python3.12/site-packages/airflow/example_dags/example_latest_only_with_trigger.py
[2024-05-18T19:43:24.988+0000] {logging_mixin.py:188} INFO - [2024-05-18T19:43:24.988+0000] {dag.py:3096} INFO - Sync 1 DAGs
[2024-05-18T19:43:25.011+0000] {logging_mixin.py:188} INFO - [2024-05-18T19:43:25.010+0000] {dag.py:3954} INFO - Setting next_dagrun for latest_only_with_trigger to 2024-05-18 12:00:00+00:00, run_after=2024-05-18 16:00:00+00:00
[2024-05-18T19:43:25.034+0000] {processor.py:183} INFO - Processing /home/airflow/.local/lib/python3.12/site-packages/airflow/example_dags/example_latest_only_with_trigger.py took 0.079 seconds
[2024-05-18T19:43:55.906+0000] {processor.py:161} INFO - Started process (PID=304) to work on /home/airflow/.local/lib/python3.12/site-packages/airflow/example_dags/example_latest_only_with_trigger.py
[2024-05-18T19:43:55.907+0000] {processor.py:830} INFO - Processing file /home/airflow/.local/lib/python3.12/site-packages/airflow/example_dags/example_latest_only_with_trigger.py for tasks to queue
[2024-05-18T19:43:55.909+0000] {logging_mixin.py:188} INFO - [2024-05-18T19:43:55.909+0000] {dagbag.py:545} INFO - Filling up the DagBag from /home/airflow/.local/lib/python3.12/site-packages/airflow/example_dags/example_latest_only_with_trigger.py
[2024-05-18T19:43:55.914+0000] {processor.py:840} INFO - DAG(s) 'latest_only_with_trigger' retrieved from /home/airflow/.local/lib/python3.12/site-packages/airflow/example_dags/example_latest_only_with_trigger.py
[2024-05-18T19:43:55.936+0000] {logging_mixin.py:188} INFO - [2024-05-18T19:43:55.935+0000] {dag.py:3096} INFO - Sync 1 DAGs
[2024-05-18T19:43:55.958+0000] {logging_mixin.py:188} INFO - [2024-05-18T19:43:55.958+0000] {dag.py:3954} INFO - Setting next_dagrun for latest_only_with_trigger to 2024-05-18 12:00:00+00:00, run_after=2024-05-18 16:00:00+00:00
[2024-05-18T19:43:55.981+0000] {processor.py:183} INFO - Processing /home/airflow/.local/lib/python3.12/site-packages/airflow/example_dags/example_latest_only_with_trigger.py took 0.081 seconds
[2024-05-18T19:44:26.283+0000] {processor.py:161} INFO - Started process (PID=362) to work on /home/airflow/.local/lib/python3.12/site-packages/airflow/example_dags/example_latest_only_with_trigger.py
[2024-05-18T19:44:26.285+0000] {processor.py:830} INFO - Processing file /home/airflow/.local/lib/python3.12/site-packages/airflow/example_dags/example_latest_only_with_trigger.py for tasks to queue
[2024-05-18T19:44:26.287+0000] {logging_mixin.py:188} INFO - [2024-05-18T19:44:26.286+0000] {dagbag.py:545} INFO - Filling up the DagBag from /home/airflow/.local/lib/python3.12/site-packages/airflow/example_dags/example_latest_only_with_trigger.py
[2024-05-18T19:44:26.292+0000] {processor.py:840} INFO - DAG(s) 'latest_only_with_trigger' retrieved from /home/airflow/.local/lib/python3.12/site-packages/airflow/example_dags/example_latest_only_with_trigger.py
[2024-05-18T19:44:26.312+0000] {logging_mixin.py:188} INFO - [2024-05-18T19:44:26.312+0000] {dag.py:3096} INFO - Sync 1 DAGs
[2024-05-18T19:44:26.333+0000] {logging_mixin.py:188} INFO - [2024-05-18T19:44:26.333+0000] {dag.py:3954} INFO - Setting next_dagrun for latest_only_with_trigger to 2024-05-18 12:00:00+00:00, run_after=2024-05-18 16:00:00+00:00
[2024-05-18T19:44:26.358+0000] {processor.py:183} INFO - Processing /home/airflow/.local/lib/python3.12/site-packages/airflow/example_dags/example_latest_only_with_trigger.py took 0.080 seconds
[2024-05-18T19:44:56.785+0000] {processor.py:161} INFO - Started process (PID=420) to work on /home/airflow/.local/lib/python3.12/site-packages/airflow/example_dags/example_latest_only_with_trigger.py
[2024-05-18T19:44:56.786+0000] {processor.py:830} INFO - Processing file /home/airflow/.local/lib/python3.12/site-packages/airflow/example_dags/example_latest_only_with_trigger.py for tasks to queue
[2024-05-18T19:44:56.788+0000] {logging_mixin.py:188} INFO - [2024-05-18T19:44:56.788+0000] {dagbag.py:545} INFO - Filling up the DagBag from /home/airflow/.local/lib/python3.12/site-packages/airflow/example_dags/example_latest_only_with_trigger.py
[2024-05-18T19:44:56.793+0000] {processor.py:840} INFO - DAG(s) 'latest_only_with_trigger' retrieved from /home/airflow/.local/lib/python3.12/site-packages/airflow/example_dags/example_latest_only_with_trigger.py
[2024-05-18T19:44:56.813+0000] {logging_mixin.py:188} INFO - [2024-05-18T19:44:56.813+0000] {dag.py:3096} INFO - Sync 1 DAGs
[2024-05-18T19:44:56.834+0000] {logging_mixin.py:188} INFO - [2024-05-18T19:44:56.834+0000] {dag.py:3954} INFO - Setting next_dagrun for latest_only_with_trigger to 2024-05-18 12:00:00+00:00, run_after=2024-05-18 16:00:00+00:00
[2024-05-18T19:44:56.857+0000] {processor.py:183} INFO - Processing /home/airflow/.local/lib/python3.12/site-packages/airflow/example_dags/example_latest_only_with_trigger.py took 0.077 seconds
[2024-05-18T19:45:27.054+0000] {processor.py:161} INFO - Started process (PID=478) to work on /home/airflow/.local/lib/python3.12/site-packages/airflow/example_dags/example_latest_only_with_trigger.py
[2024-05-18T19:45:27.055+0000] {processor.py:830} INFO - Processing file /home/airflow/.local/lib/python3.12/site-packages/airflow/example_dags/example_latest_only_with_trigger.py for tasks to queue
[2024-05-18T19:45:27.057+0000] {logging_mixin.py:188} INFO - [2024-05-18T19:45:27.056+0000] {dagbag.py:545} INFO - Filling up the DagBag from /home/airflow/.local/lib/python3.12/site-packages/airflow/example_dags/example_latest_only_with_trigger.py
[2024-05-18T19:45:27.062+0000] {processor.py:840} INFO - DAG(s) 'latest_only_with_trigger' retrieved from /home/airflow/.local/lib/python3.12/site-packages/airflow/example_dags/example_latest_only_with_trigger.py
[2024-05-18T19:45:27.081+0000] {logging_mixin.py:188} INFO - [2024-05-18T19:45:27.081+0000] {dag.py:3096} INFO - Sync 1 DAGs
[2024-05-18T19:45:27.102+0000] {logging_mixin.py:188} INFO - [2024-05-18T19:45:27.101+0000] {dag.py:3954} INFO - Setting next_dagrun for latest_only_with_trigger to 2024-05-18 12:00:00+00:00, run_after=2024-05-18 16:00:00+00:00
[2024-05-18T19:45:27.125+0000] {processor.py:183} INFO - Processing /home/airflow/.local/lib/python3.12/site-packages/airflow/example_dags/example_latest_only_with_trigger.py took 0.077 seconds
[2024-05-18T19:45:57.380+0000] {processor.py:161} INFO - Started process (PID=536) to work on /home/airflow/.local/lib/python3.12/site-packages/airflow/example_dags/example_latest_only_with_trigger.py
[2024-05-18T19:45:57.382+0000] {processor.py:830} INFO - Processing file /home/airflow/.local/lib/python3.12/site-packages/airflow/example_dags/example_latest_only_with_trigger.py for tasks to queue
[2024-05-18T19:45:57.385+0000] {logging_mixin.py:188} INFO - [2024-05-18T19:45:57.385+0000] {dagbag.py:545} INFO - Filling up the DagBag from /home/airflow/.local/lib/python3.12/site-packages/airflow/example_dags/example_latest_only_with_trigger.py
[2024-05-18T19:45:57.391+0000] {processor.py:840} INFO - DAG(s) 'latest_only_with_trigger' retrieved from /home/airflow/.local/lib/python3.12/site-packages/airflow/example_dags/example_latest_only_with_trigger.py
[2024-05-18T19:45:57.416+0000] {logging_mixin.py:188} INFO - [2024-05-18T19:45:57.415+0000] {dag.py:3096} INFO - Sync 1 DAGs
[2024-05-18T19:45:57.441+0000] {logging_mixin.py:188} INFO - [2024-05-18T19:45:57.440+0000] {dag.py:3954} INFO - Setting next_dagrun for latest_only_with_trigger to 2024-05-18 12:00:00+00:00, run_after=2024-05-18 16:00:00+00:00
[2024-05-18T19:45:57.466+0000] {processor.py:183} INFO - Processing /home/airflow/.local/lib/python3.12/site-packages/airflow/example_dags/example_latest_only_with_trigger.py took 0.093 seconds
[2024-05-18T19:46:27.503+0000] {processor.py:161} INFO - Started process (PID=594) to work on /home/airflow/.local/lib/python3.12/site-packages/airflow/example_dags/example_latest_only_with_trigger.py
[2024-05-18T19:46:27.504+0000] {processor.py:830} INFO - Processing file /home/airflow/.local/lib/python3.12/site-packages/airflow/example_dags/example_latest_only_with_trigger.py for tasks to queue
[2024-05-18T19:46:27.506+0000] {logging_mixin.py:188} INFO - [2024-05-18T19:46:27.506+0000] {dagbag.py:545} INFO - Filling up the DagBag from /home/airflow/.local/lib/python3.12/site-packages/airflow/example_dags/example_latest_only_with_trigger.py
[2024-05-18T19:46:27.511+0000] {processor.py:840} INFO - DAG(s) 'latest_only_with_trigger' retrieved from /home/airflow/.local/lib/python3.12/site-packages/airflow/example_dags/example_latest_only_with_trigger.py
[2024-05-18T19:46:27.530+0000] {logging_mixin.py:188} INFO - [2024-05-18T19:46:27.530+0000] {dag.py:3096} INFO - Sync 1 DAGs
[2024-05-18T19:46:27.550+0000] {logging_mixin.py:188} INFO - [2024-05-18T19:46:27.550+0000] {dag.py:3954} INFO - Setting next_dagrun for latest_only_with_trigger to 2024-05-18 12:00:00+00:00, run_after=2024-05-18 16:00:00+00:00
[2024-05-18T19:46:27.571+0000] {processor.py:183} INFO - Processing /home/airflow/.local/lib/python3.12/site-packages/airflow/example_dags/example_latest_only_with_trigger.py took 0.073 seconds
[2024-05-18T19:46:57.840+0000] {processor.py:161} INFO - Started process (PID=653) to work on /home/airflow/.local/lib/python3.12/site-packages/airflow/example_dags/example_latest_only_with_trigger.py
[2024-05-18T19:46:57.841+0000] {processor.py:830} INFO - Processing file /home/airflow/.local/lib/python3.12/site-packages/airflow/example_dags/example_latest_only_with_trigger.py for tasks to queue
[2024-05-18T19:46:57.843+0000] {logging_mixin.py:188} INFO - [2024-05-18T19:46:57.842+0000] {dagbag.py:545} INFO - Filling up the DagBag from /home/airflow/.local/lib/python3.12/site-packages/airflow/example_dags/example_latest_only_with_trigger.py
[2024-05-18T19:46:57.848+0000] {processor.py:840} INFO - DAG(s) 'latest_only_with_trigger' retrieved from /home/airflow/.local/lib/python3.12/site-packages/airflow/example_dags/example_latest_only_with_trigger.py
[2024-05-18T19:46:57.868+0000] {logging_mixin.py:188} INFO - [2024-05-18T19:46:57.868+0000] {dag.py:3096} INFO - Sync 1 DAGs
[2024-05-18T19:46:57.889+0000] {logging_mixin.py:188} INFO - [2024-05-18T19:46:57.889+0000] {dag.py:3954} INFO - Setting next_dagrun for latest_only_with_trigger to 2024-05-18 12:00:00+00:00, run_after=2024-05-18 16:00:00+00:00
[2024-05-18T19:46:57.914+0000] {processor.py:183} INFO - Processing /home/airflow/.local/lib/python3.12/site-packages/airflow/example_dags/example_latest_only_with_trigger.py took 0.080 seconds
[2024-05-18T19:47:28.149+0000] {processor.py:161} INFO - Started process (PID=711) to work on /home/airflow/.local/lib/python3.12/site-packages/airflow/example_dags/example_latest_only_with_trigger.py
[2024-05-18T19:47:28.150+0000] {processor.py:830} INFO - Processing file /home/airflow/.local/lib/python3.12/site-packages/airflow/example_dags/example_latest_only_with_trigger.py for tasks to queue
[2024-05-18T19:47:28.152+0000] {logging_mixin.py:188} INFO - [2024-05-18T19:47:28.152+0000] {dagbag.py:545} INFO - Filling up the DagBag from /home/airflow/.local/lib/python3.12/site-packages/airflow/example_dags/example_latest_only_with_trigger.py
[2024-05-18T19:47:28.158+0000] {processor.py:840} INFO - DAG(s) 'latest_only_with_trigger' retrieved from /home/airflow/.local/lib/python3.12/site-packages/airflow/example_dags/example_latest_only_with_trigger.py
[2024-05-18T19:47:28.179+0000] {logging_mixin.py:188} INFO - [2024-05-18T19:47:28.179+0000] {dag.py:3096} INFO - Sync 1 DAGs
[2024-05-18T19:47:28.200+0000] {logging_mixin.py:188} INFO - [2024-05-18T19:47:28.199+0000] {dag.py:3954} INFO - Setting next_dagrun for latest_only_with_trigger to 2024-05-18 12:00:00+00:00, run_after=2024-05-18 16:00:00+00:00
[2024-05-18T19:47:28.223+0000] {processor.py:183} INFO - Processing /home/airflow/.local/lib/python3.12/site-packages/airflow/example_dags/example_latest_only_with_trigger.py took 0.079 seconds
[2024-05-18T19:47:58.511+0000] {processor.py:161} INFO - Started process (PID=769) to work on /home/airflow/.local/lib/python3.12/site-packages/airflow/example_dags/example_latest_only_with_trigger.py
[2024-05-18T19:47:58.512+0000] {processor.py:830} INFO - Processing file /home/airflow/.local/lib/python3.12/site-packages/airflow/example_dags/example_latest_only_with_trigger.py for tasks to queue
[2024-05-18T19:47:58.514+0000] {logging_mixin.py:188} INFO - [2024-05-18T19:47:58.514+0000] {dagbag.py:545} INFO - Filling up the DagBag from /home/airflow/.local/lib/python3.12/site-packages/airflow/example_dags/example_latest_only_with_trigger.py
[2024-05-18T19:47:58.519+0000] {processor.py:840} INFO - DAG(s) 'latest_only_with_trigger' retrieved from /home/airflow/.local/lib/python3.12/site-packages/airflow/example_dags/example_latest_only_with_trigger.py
[2024-05-18T19:47:58.538+0000] {logging_mixin.py:188} INFO - [2024-05-18T19:47:58.538+0000] {dag.py:3096} INFO - Sync 1 DAGs
[2024-05-18T19:47:58.559+0000] {logging_mixin.py:188} INFO - [2024-05-18T19:47:58.558+0000] {dag.py:3954} INFO - Setting next_dagrun for latest_only_with_trigger to 2024-05-18 12:00:00+00:00, run_after=2024-05-18 16:00:00+00:00
[2024-05-18T19:47:58.581+0000] {processor.py:183} INFO - Processing /home/airflow/.local/lib/python3.12/site-packages/airflow/example_dags/example_latest_only_with_trigger.py took 0.075 seconds
[2024-05-18T19:48:29.197+0000] {processor.py:161} INFO - Started process (PID=827) to work on /home/airflow/.local/lib/python3.12/site-packages/airflow/example_dags/example_latest_only_with_trigger.py
[2024-05-18T19:48:29.198+0000] {processor.py:830} INFO - Processing file /home/airflow/.local/lib/python3.12/site-packages/airflow/example_dags/example_latest_only_with_trigger.py for tasks to queue
[2024-05-18T19:48:29.199+0000] {logging_mixin.py:188} INFO - [2024-05-18T19:48:29.199+0000] {dagbag.py:545} INFO - Filling up the DagBag from /home/airflow/.local/lib/python3.12/site-packages/airflow/example_dags/example_latest_only_with_trigger.py
[2024-05-18T19:48:29.205+0000] {processor.py:840} INFO - DAG(s) 'latest_only_with_trigger' retrieved from /home/airflow/.local/lib/python3.12/site-packages/airflow/example_dags/example_latest_only_with_trigger.py
[2024-05-18T19:48:29.224+0000] {logging_mixin.py:188} INFO - [2024-05-18T19:48:29.223+0000] {dag.py:3096} INFO - Sync 1 DAGs
[2024-05-18T19:48:29.244+0000] {logging_mixin.py:188} INFO - [2024-05-18T19:48:29.244+0000] {dag.py:3954} INFO - Setting next_dagrun for latest_only_with_trigger to 2024-05-18 12:00:00+00:00, run_after=2024-05-18 16:00:00+00:00
[2024-05-18T19:48:29.267+0000] {processor.py:183} INFO - Processing /home/airflow/.local/lib/python3.12/site-packages/airflow/example_dags/example_latest_only_with_trigger.py took 0.076 seconds
[2024-05-18T19:48:59.331+0000] {processor.py:161} INFO - Started process (PID=885) to work on /home/airflow/.local/lib/python3.12/site-packages/airflow/example_dags/example_latest_only_with_trigger.py
[2024-05-18T19:48:59.332+0000] {processor.py:830} INFO - Processing file /home/airflow/.local/lib/python3.12/site-packages/airflow/example_dags/example_latest_only_with_trigger.py for tasks to queue
[2024-05-18T19:48:59.334+0000] {logging_mixin.py:188} INFO - [2024-05-18T19:48:59.333+0000] {dagbag.py:545} INFO - Filling up the DagBag from /home/airflow/.local/lib/python3.12/site-packages/airflow/example_dags/example_latest_only_with_trigger.py
[2024-05-18T19:48:59.340+0000] {processor.py:840} INFO - DAG(s) 'latest_only_with_trigger' retrieved from /home/airflow/.local/lib/python3.12/site-packages/airflow/example_dags/example_latest_only_with_trigger.py
[2024-05-18T19:48:59.363+0000] {logging_mixin.py:188} INFO - [2024-05-18T19:48:59.362+0000] {dag.py:3096} INFO - Sync 1 DAGs
[2024-05-18T19:48:59.384+0000] {logging_mixin.py:188} INFO - [2024-05-18T19:48:59.384+0000] {dag.py:3954} INFO - Setting next_dagrun for latest_only_with_trigger to 2024-05-18 12:00:00+00:00, run_after=2024-05-18 16:00:00+00:00
[2024-05-18T19:48:59.408+0000] {processor.py:183} INFO - Processing /home/airflow/.local/lib/python3.12/site-packages/airflow/example_dags/example_latest_only_with_trigger.py took 0.083 seconds
[2024-05-18T19:49:29.567+0000] {processor.py:161} INFO - Started process (PID=943) to work on /home/airflow/.local/lib/python3.12/site-packages/airflow/example_dags/example_latest_only_with_trigger.py
[2024-05-18T19:49:29.568+0000] {processor.py:830} INFO - Processing file /home/airflow/.local/lib/python3.12/site-packages/airflow/example_dags/example_latest_only_with_trigger.py for tasks to queue
[2024-05-18T19:49:29.570+0000] {logging_mixin.py:188} INFO - [2024-05-18T19:49:29.570+0000] {dagbag.py:545} INFO - Filling up the DagBag from /home/airflow/.local/lib/python3.12/site-packages/airflow/example_dags/example_latest_only_with_trigger.py
[2024-05-18T19:49:29.576+0000] {processor.py:840} INFO - DAG(s) 'latest_only_with_trigger' retrieved from /home/airflow/.local/lib/python3.12/site-packages/airflow/example_dags/example_latest_only_with_trigger.py
[2024-05-18T19:49:29.596+0000] {logging_mixin.py:188} INFO - [2024-05-18T19:49:29.596+0000] {dag.py:3096} INFO - Sync 1 DAGs
[2024-05-18T19:49:29.617+0000] {logging_mixin.py:188} INFO - [2024-05-18T19:49:29.617+0000] {dag.py:3954} INFO - Setting next_dagrun for latest_only_with_trigger to 2024-05-18 12:00:00+00:00, run_after=2024-05-18 16:00:00+00:00
[2024-05-18T19:49:29.639+0000] {processor.py:183} INFO - Processing /home/airflow/.local/lib/python3.12/site-packages/airflow/example_dags/example_latest_only_with_trigger.py took 0.078 seconds
[2024-05-18T19:49:59.730+0000] {processor.py:161} INFO - Started process (PID=1000) to work on /home/airflow/.local/lib/python3.12/site-packages/airflow/example_dags/example_latest_only_with_trigger.py
[2024-05-18T19:49:59.731+0000] {processor.py:830} INFO - Processing file /home/airflow/.local/lib/python3.12/site-packages/airflow/example_dags/example_latest_only_with_trigger.py for tasks to queue
[2024-05-18T19:49:59.733+0000] {logging_mixin.py:188} INFO - [2024-05-18T19:49:59.732+0000] {dagbag.py:545} INFO - Filling up the DagBag from /home/airflow/.local/lib/python3.12/site-packages/airflow/example_dags/example_latest_only_with_trigger.py
[2024-05-18T19:49:59.740+0000] {processor.py:840} INFO - DAG(s) 'latest_only_with_trigger' retrieved from /home/airflow/.local/lib/python3.12/site-packages/airflow/example_dags/example_latest_only_with_trigger.py
[2024-05-18T19:49:59.763+0000] {logging_mixin.py:188} INFO - [2024-05-18T19:49:59.763+0000] {dag.py:3096} INFO - Sync 1 DAGs
[2024-05-18T19:49:59.792+0000] {logging_mixin.py:188} INFO - [2024-05-18T19:49:59.791+0000] {dag.py:3954} INFO - Setting next_dagrun for latest_only_with_trigger to 2024-05-18 12:00:00+00:00, run_after=2024-05-18 16:00:00+00:00
[2024-05-18T19:49:59.818+0000] {processor.py:183} INFO - Processing /home/airflow/.local/lib/python3.12/site-packages/airflow/example_dags/example_latest_only_with_trigger.py took 0.095 seconds
[2024-05-18T19:50:30.111+0000] {processor.py:161} INFO - Started process (PID=1058) to work on /home/airflow/.local/lib/python3.12/site-packages/airflow/example_dags/example_latest_only_with_trigger.py
[2024-05-18T19:50:30.112+0000] {processor.py:830} INFO - Processing file /home/airflow/.local/lib/python3.12/site-packages/airflow/example_dags/example_latest_only_with_trigger.py for tasks to queue
[2024-05-18T19:50:30.114+0000] {logging_mixin.py:188} INFO - [2024-05-18T19:50:30.114+0000] {dagbag.py:545} INFO - Filling up the DagBag from /home/airflow/.local/lib/python3.12/site-packages/airflow/example_dags/example_latest_only_with_trigger.py
[2024-05-18T19:50:30.119+0000] {processor.py:840} INFO - DAG(s) 'latest_only_with_trigger' retrieved from /home/airflow/.local/lib/python3.12/site-packages/airflow/example_dags/example_latest_only_with_trigger.py
[2024-05-18T19:50:30.140+0000] {logging_mixin.py:188} INFO - [2024-05-18T19:50:30.139+0000] {dag.py:3096} INFO - Sync 1 DAGs
[2024-05-18T19:50:30.160+0000] {logging_mixin.py:188} INFO - [2024-05-18T19:50:30.160+0000] {dag.py:3954} INFO - Setting next_dagrun for latest_only_with_trigger to 2024-05-18 12:00:00+00:00, run_after=2024-05-18 16:00:00+00:00
[2024-05-18T19:50:30.181+0000] {processor.py:183} INFO - Processing /home/airflow/.local/lib/python3.12/site-packages/airflow/example_dags/example_latest_only_with_trigger.py took 0.076 seconds
[2024-05-18T19:51:01.075+0000] {processor.py:161} INFO - Started process (PID=1116) to work on /home/airflow/.local/lib/python3.12/site-packages/airflow/example_dags/example_latest_only_with_trigger.py
[2024-05-18T19:51:01.076+0000] {processor.py:830} INFO - Processing file /home/airflow/.local/lib/python3.12/site-packages/airflow/example_dags/example_latest_only_with_trigger.py for tasks to queue
[2024-05-18T19:51:01.078+0000] {logging_mixin.py:188} INFO - [2024-05-18T19:51:01.078+0000] {dagbag.py:545} INFO - Filling up the DagBag from /home/airflow/.local/lib/python3.12/site-packages/airflow/example_dags/example_latest_only_with_trigger.py
[2024-05-18T19:51:01.083+0000] {processor.py:840} INFO - DAG(s) 'latest_only_with_trigger' retrieved from /home/airflow/.local/lib/python3.12/site-packages/airflow/example_dags/example_latest_only_with_trigger.py
[2024-05-18T19:51:01.105+0000] {logging_mixin.py:188} INFO - [2024-05-18T19:51:01.105+0000] {dag.py:3096} INFO - Sync 1 DAGs
[2024-05-18T19:51:01.126+0000] {logging_mixin.py:188} INFO - [2024-05-18T19:51:01.126+0000] {dag.py:3954} INFO - Setting next_dagrun for latest_only_with_trigger to 2024-05-18 12:00:00+00:00, run_after=2024-05-18 16:00:00+00:00
[2024-05-18T19:51:01.151+0000] {processor.py:183} INFO - Processing /home/airflow/.local/lib/python3.12/site-packages/airflow/example_dags/example_latest_only_with_trigger.py took 0.081 seconds
[2024-05-18T19:51:31.366+0000] {processor.py:161} INFO - Started process (PID=1174) to work on /home/airflow/.local/lib/python3.12/site-packages/airflow/example_dags/example_latest_only_with_trigger.py
[2024-05-18T19:51:31.367+0000] {processor.py:830} INFO - Processing file /home/airflow/.local/lib/python3.12/site-packages/airflow/example_dags/example_latest_only_with_trigger.py for tasks to queue
[2024-05-18T19:51:31.369+0000] {logging_mixin.py:188} INFO - [2024-05-18T19:51:31.368+0000] {dagbag.py:545} INFO - Filling up the DagBag from /home/airflow/.local/lib/python3.12/site-packages/airflow/example_dags/example_latest_only_with_trigger.py
[2024-05-18T19:51:31.374+0000] {processor.py:840} INFO - DAG(s) 'latest_only_with_trigger' retrieved from /home/airflow/.local/lib/python3.12/site-packages/airflow/example_dags/example_latest_only_with_trigger.py
[2024-05-18T19:51:31.398+0000] {logging_mixin.py:188} INFO - [2024-05-18T19:51:31.397+0000] {dag.py:3096} INFO - Sync 1 DAGs
[2024-05-18T19:51:31.422+0000] {logging_mixin.py:188} INFO - [2024-05-18T19:51:31.421+0000] {dag.py:3954} INFO - Setting next_dagrun for latest_only_with_trigger to 2024-05-18 12:00:00+00:00, run_after=2024-05-18 16:00:00+00:00
[2024-05-18T19:51:31.449+0000] {processor.py:183} INFO - Processing /home/airflow/.local/lib/python3.12/site-packages/airflow/example_dags/example_latest_only_with_trigger.py took 0.089 seconds
[2024-05-18T19:52:01.898+0000] {processor.py:161} INFO - Started process (PID=1232) to work on /home/airflow/.local/lib/python3.12/site-packages/airflow/example_dags/example_latest_only_with_trigger.py
[2024-05-18T19:52:01.900+0000] {processor.py:830} INFO - Processing file /home/airflow/.local/lib/python3.12/site-packages/airflow/example_dags/example_latest_only_with_trigger.py for tasks to queue
[2024-05-18T19:52:01.901+0000] {logging_mixin.py:188} INFO - [2024-05-18T19:52:01.901+0000] {dagbag.py:545} INFO - Filling up the DagBag from /home/airflow/.local/lib/python3.12/site-packages/airflow/example_dags/example_latest_only_with_trigger.py
[2024-05-18T19:52:01.907+0000] {processor.py:840} INFO - DAG(s) 'latest_only_with_trigger' retrieved from /home/airflow/.local/lib/python3.12/site-packages/airflow/example_dags/example_latest_only_with_trigger.py
[2024-05-18T19:52:01.927+0000] {logging_mixin.py:188} INFO - [2024-05-18T19:52:01.927+0000] {dag.py:3096} INFO - Sync 1 DAGs
[2024-05-18T19:52:01.947+0000] {logging_mixin.py:188} INFO - [2024-05-18T19:52:01.947+0000] {dag.py:3954} INFO - Setting next_dagrun for latest_only_with_trigger to 2024-05-18 12:00:00+00:00, run_after=2024-05-18 16:00:00+00:00
[2024-05-18T19:52:01.968+0000] {processor.py:183} INFO - Processing /home/airflow/.local/lib/python3.12/site-packages/airflow/example_dags/example_latest_only_with_trigger.py took 0.075 seconds
[2024-05-18T19:52:32.485+0000] {processor.py:161} INFO - Started process (PID=1290) to work on /home/airflow/.local/lib/python3.12/site-packages/airflow/example_dags/example_latest_only_with_trigger.py
[2024-05-18T19:52:32.486+0000] {processor.py:830} INFO - Processing file /home/airflow/.local/lib/python3.12/site-packages/airflow/example_dags/example_latest_only_with_trigger.py for tasks to queue
[2024-05-18T19:52:32.488+0000] {logging_mixin.py:188} INFO - [2024-05-18T19:52:32.488+0000] {dagbag.py:545} INFO - Filling up the DagBag from /home/airflow/.local/lib/python3.12/site-packages/airflow/example_dags/example_latest_only_with_trigger.py
[2024-05-18T19:52:32.494+0000] {processor.py:840} INFO - DAG(s) 'latest_only_with_trigger' retrieved from /home/airflow/.local/lib/python3.12/site-packages/airflow/example_dags/example_latest_only_with_trigger.py
[2024-05-18T19:52:32.514+0000] {logging_mixin.py:188} INFO - [2024-05-18T19:52:32.514+0000] {dag.py:3096} INFO - Sync 1 DAGs
[2024-05-18T19:52:32.534+0000] {logging_mixin.py:188} INFO - [2024-05-18T19:52:32.533+0000] {dag.py:3954} INFO - Setting next_dagrun for latest_only_with_trigger to 2024-05-18 12:00:00+00:00, run_after=2024-05-18 16:00:00+00:00
[2024-05-18T19:52:32.555+0000] {processor.py:183} INFO - Processing /home/airflow/.local/lib/python3.12/site-packages/airflow/example_dags/example_latest_only_with_trigger.py took 0.075 seconds
[2024-05-18T19:53:03.111+0000] {processor.py:161} INFO - Started process (PID=1348) to work on /home/airflow/.local/lib/python3.12/site-packages/airflow/example_dags/example_latest_only_with_trigger.py
[2024-05-18T19:53:03.112+0000] {processor.py:830} INFO - Processing file /home/airflow/.local/lib/python3.12/site-packages/airflow/example_dags/example_latest_only_with_trigger.py for tasks to queue
[2024-05-18T19:53:03.114+0000] {logging_mixin.py:188} INFO - [2024-05-18T19:53:03.114+0000] {dagbag.py:545} INFO - Filling up the DagBag from /home/airflow/.local/lib/python3.12/site-packages/airflow/example_dags/example_latest_only_with_trigger.py
[2024-05-18T19:53:03.119+0000] {processor.py:840} INFO - DAG(s) 'latest_only_with_trigger' retrieved from /home/airflow/.local/lib/python3.12/site-packages/airflow/example_dags/example_latest_only_with_trigger.py
[2024-05-18T19:53:03.139+0000] {logging_mixin.py:188} INFO - [2024-05-18T19:53:03.139+0000] {dag.py:3096} INFO - Sync 1 DAGs
[2024-05-18T19:53:03.158+0000] {logging_mixin.py:188} INFO - [2024-05-18T19:53:03.158+0000] {dag.py:3954} INFO - Setting next_dagrun for latest_only_with_trigger to 2024-05-18 12:00:00+00:00, run_after=2024-05-18 16:00:00+00:00
[2024-05-18T19:53:03.181+0000] {processor.py:183} INFO - Processing /home/airflow/.local/lib/python3.12/site-packages/airflow/example_dags/example_latest_only_with_trigger.py took 0.075 seconds
[2024-05-18T19:53:33.830+0000] {processor.py:161} INFO - Started process (PID=1406) to work on /home/airflow/.local/lib/python3.12/site-packages/airflow/example_dags/example_latest_only_with_trigger.py
[2024-05-18T19:53:33.831+0000] {processor.py:830} INFO - Processing file /home/airflow/.local/lib/python3.12/site-packages/airflow/example_dags/example_latest_only_with_trigger.py for tasks to queue
[2024-05-18T19:53:33.832+0000] {logging_mixin.py:188} INFO - [2024-05-18T19:53:33.832+0000] {dagbag.py:545} INFO - Filling up the DagBag from /home/airflow/.local/lib/python3.12/site-packages/airflow/example_dags/example_latest_only_with_trigger.py
[2024-05-18T19:53:33.837+0000] {processor.py:840} INFO - DAG(s) 'latest_only_with_trigger' retrieved from /home/airflow/.local/lib/python3.12/site-packages/airflow/example_dags/example_latest_only_with_trigger.py
[2024-05-18T19:53:33.858+0000] {logging_mixin.py:188} INFO - [2024-05-18T19:53:33.858+0000] {dag.py:3096} INFO - Sync 1 DAGs
[2024-05-18T19:53:33.880+0000] {logging_mixin.py:188} INFO - [2024-05-18T19:53:33.880+0000] {dag.py:3954} INFO - Setting next_dagrun for latest_only_with_trigger to 2024-05-18 12:00:00+00:00, run_after=2024-05-18 16:00:00+00:00
[2024-05-18T19:53:33.903+0000] {processor.py:183} INFO - Processing /home/airflow/.local/lib/python3.12/site-packages/airflow/example_dags/example_latest_only_with_trigger.py took 0.079 seconds
[2024-05-18T19:54:04.279+0000] {processor.py:161} INFO - Started process (PID=1464) to work on /home/airflow/.local/lib/python3.12/site-packages/airflow/example_dags/example_latest_only_with_trigger.py
[2024-05-18T19:54:04.280+0000] {processor.py:830} INFO - Processing file /home/airflow/.local/lib/python3.12/site-packages/airflow/example_dags/example_latest_only_with_trigger.py for tasks to queue
[2024-05-18T19:54:04.281+0000] {logging_mixin.py:188} INFO - [2024-05-18T19:54:04.281+0000] {dagbag.py:545} INFO - Filling up the DagBag from /home/airflow/.local/lib/python3.12/site-packages/airflow/example_dags/example_latest_only_with_trigger.py
[2024-05-18T19:54:04.287+0000] {processor.py:840} INFO - DAG(s) 'latest_only_with_trigger' retrieved from /home/airflow/.local/lib/python3.12/site-packages/airflow/example_dags/example_latest_only_with_trigger.py
[2024-05-18T19:54:04.308+0000] {logging_mixin.py:188} INFO - [2024-05-18T19:54:04.308+0000] {dag.py:3096} INFO - Sync 1 DAGs
[2024-05-18T19:54:04.329+0000] {logging_mixin.py:188} INFO - [2024-05-18T19:54:04.329+0000] {dag.py:3954} INFO - Setting next_dagrun for latest_only_with_trigger to 2024-05-18 12:00:00+00:00, run_after=2024-05-18 16:00:00+00:00
[2024-05-18T19:54:04.352+0000] {processor.py:183} INFO - Processing /home/airflow/.local/lib/python3.12/site-packages/airflow/example_dags/example_latest_only_with_trigger.py took 0.078 seconds
[2024-05-18T19:54:34.392+0000] {processor.py:161} INFO - Started process (PID=1521) to work on /home/airflow/.local/lib/python3.12/site-packages/airflow/example_dags/example_latest_only_with_trigger.py
[2024-05-18T19:54:34.393+0000] {processor.py:830} INFO - Processing file /home/airflow/.local/lib/python3.12/site-packages/airflow/example_dags/example_latest_only_with_trigger.py for tasks to queue
[2024-05-18T19:54:34.394+0000] {logging_mixin.py:188} INFO - [2024-05-18T19:54:34.394+0000] {dagbag.py:545} INFO - Filling up the DagBag from /home/airflow/.local/lib/python3.12/site-packages/airflow/example_dags/example_latest_only_with_trigger.py
[2024-05-18T19:54:34.400+0000] {processor.py:840} INFO - DAG(s) 'latest_only_with_trigger' retrieved from /home/airflow/.local/lib/python3.12/site-packages/airflow/example_dags/example_latest_only_with_trigger.py
[2024-05-18T19:54:34.419+0000] {logging_mixin.py:188} INFO - [2024-05-18T19:54:34.419+0000] {dag.py:3096} INFO - Sync 1 DAGs
[2024-05-18T19:54:34.439+0000] {logging_mixin.py:188} INFO - [2024-05-18T19:54:34.439+0000] {dag.py:3954} INFO - Setting next_dagrun for latest_only_with_trigger to 2024-05-18 12:00:00+00:00, run_after=2024-05-18 16:00:00+00:00
[2024-05-18T19:54:34.460+0000] {processor.py:183} INFO - Processing /home/airflow/.local/lib/python3.12/site-packages/airflow/example_dags/example_latest_only_with_trigger.py took 0.074 seconds
[2024-05-18T19:55:04.594+0000] {processor.py:161} INFO - Started process (PID=1580) to work on /home/airflow/.local/lib/python3.12/site-packages/airflow/example_dags/example_latest_only_with_trigger.py
[2024-05-18T19:55:04.595+0000] {processor.py:830} INFO - Processing file /home/airflow/.local/lib/python3.12/site-packages/airflow/example_dags/example_latest_only_with_trigger.py for tasks to queue
[2024-05-18T19:55:04.597+0000] {logging_mixin.py:188} INFO - [2024-05-18T19:55:04.597+0000] {dagbag.py:545} INFO - Filling up the DagBag from /home/airflow/.local/lib/python3.12/site-packages/airflow/example_dags/example_latest_only_with_trigger.py
[2024-05-18T19:55:04.603+0000] {processor.py:840} INFO - DAG(s) 'latest_only_with_trigger' retrieved from /home/airflow/.local/lib/python3.12/site-packages/airflow/example_dags/example_latest_only_with_trigger.py
[2024-05-18T19:55:04.625+0000] {logging_mixin.py:188} INFO - [2024-05-18T19:55:04.624+0000] {dag.py:3096} INFO - Sync 1 DAGs
[2024-05-18T19:55:04.648+0000] {logging_mixin.py:188} INFO - [2024-05-18T19:55:04.648+0000] {dag.py:3954} INFO - Setting next_dagrun for latest_only_with_trigger to 2024-05-18 12:00:00+00:00, run_after=2024-05-18 16:00:00+00:00
[2024-05-18T19:55:04.668+0000] {processor.py:183} INFO - Processing /home/airflow/.local/lib/python3.12/site-packages/airflow/example_dags/example_latest_only_with_trigger.py took 0.080 seconds
[2024-05-18T20:00:13.991+0000] {processor.py:161} INFO - Started process (PID=68) to work on /home/airflow/.local/lib/python3.12/site-packages/airflow/example_dags/example_latest_only_with_trigger.py
[2024-05-18T20:00:13.992+0000] {processor.py:830} INFO - Processing file /home/airflow/.local/lib/python3.12/site-packages/airflow/example_dags/example_latest_only_with_trigger.py for tasks to queue
[2024-05-18T20:00:13.994+0000] {logging_mixin.py:188} INFO - [2024-05-18T20:00:13.994+0000] {dagbag.py:545} INFO - Filling up the DagBag from /home/airflow/.local/lib/python3.12/site-packages/airflow/example_dags/example_latest_only_with_trigger.py
[2024-05-18T20:00:14.001+0000] {processor.py:840} INFO - DAG(s) 'latest_only_with_trigger' retrieved from /home/airflow/.local/lib/python3.12/site-packages/airflow/example_dags/example_latest_only_with_trigger.py
[2024-05-18T20:00:14.018+0000] {logging_mixin.py:188} INFO - [2024-05-18T20:00:14.017+0000] {dag.py:3096} INFO - Sync 1 DAGs
[2024-05-18T20:00:14.053+0000] {logging_mixin.py:188} INFO - [2024-05-18T20:00:14.052+0000] {dag.py:3954} INFO - Setting next_dagrun for latest_only_with_trigger to 2024-05-18 16:00:00+00:00, run_after=2024-05-18 20:00:00+00:00
[2024-05-18T20:00:14.086+0000] {processor.py:183} INFO - Processing /home/airflow/.local/lib/python3.12/site-packages/airflow/example_dags/example_latest_only_with_trigger.py took 0.102 seconds
[2024-05-18T20:00:45.508+0000] {processor.py:161} INFO - Started process (PID=126) to work on /home/airflow/.local/lib/python3.12/site-packages/airflow/example_dags/example_latest_only_with_trigger.py
[2024-05-18T20:00:45.509+0000] {processor.py:830} INFO - Processing file /home/airflow/.local/lib/python3.12/site-packages/airflow/example_dags/example_latest_only_with_trigger.py for tasks to queue
[2024-05-18T20:00:45.510+0000] {logging_mixin.py:188} INFO - [2024-05-18T20:00:45.510+0000] {dagbag.py:545} INFO - Filling up the DagBag from /home/airflow/.local/lib/python3.12/site-packages/airflow/example_dags/example_latest_only_with_trigger.py
[2024-05-18T20:00:45.515+0000] {processor.py:840} INFO - DAG(s) 'latest_only_with_trigger' retrieved from /home/airflow/.local/lib/python3.12/site-packages/airflow/example_dags/example_latest_only_with_trigger.py
[2024-05-18T20:00:45.602+0000] {logging_mixin.py:188} INFO - [2024-05-18T20:00:45.601+0000] {dag.py:3096} INFO - Sync 1 DAGs
[2024-05-18T20:00:45.620+0000] {logging_mixin.py:188} INFO - [2024-05-18T20:00:45.619+0000] {dag.py:3954} INFO - Setting next_dagrun for latest_only_with_trigger to 2024-05-18 16:00:00+00:00, run_after=2024-05-18 20:00:00+00:00
[2024-05-18T20:00:45.640+0000] {processor.py:183} INFO - Processing /home/airflow/.local/lib/python3.12/site-packages/airflow/example_dags/example_latest_only_with_trigger.py took 0.138 seconds
[2024-05-18T20:01:15.876+0000] {processor.py:161} INFO - Started process (PID=184) to work on /home/airflow/.local/lib/python3.12/site-packages/airflow/example_dags/example_latest_only_with_trigger.py
[2024-05-18T20:01:15.877+0000] {processor.py:830} INFO - Processing file /home/airflow/.local/lib/python3.12/site-packages/airflow/example_dags/example_latest_only_with_trigger.py for tasks to queue
[2024-05-18T20:01:15.879+0000] {logging_mixin.py:188} INFO - [2024-05-18T20:01:15.879+0000] {dagbag.py:545} INFO - Filling up the DagBag from /home/airflow/.local/lib/python3.12/site-packages/airflow/example_dags/example_latest_only_with_trigger.py
[2024-05-18T20:01:15.884+0000] {processor.py:840} INFO - DAG(s) 'latest_only_with_trigger' retrieved from /home/airflow/.local/lib/python3.12/site-packages/airflow/example_dags/example_latest_only_with_trigger.py
[2024-05-18T20:01:15.906+0000] {logging_mixin.py:188} INFO - [2024-05-18T20:01:15.906+0000] {dag.py:3096} INFO - Sync 1 DAGs
[2024-05-18T20:01:15.926+0000] {logging_mixin.py:188} INFO - [2024-05-18T20:01:15.926+0000] {dag.py:3954} INFO - Setting next_dagrun for latest_only_with_trigger to 2024-05-18 16:00:00+00:00, run_after=2024-05-18 20:00:00+00:00
[2024-05-18T20:01:15.947+0000] {processor.py:183} INFO - Processing /home/airflow/.local/lib/python3.12/site-packages/airflow/example_dags/example_latest_only_with_trigger.py took 0.076 seconds
[2024-05-18T20:01:46.203+0000] {processor.py:161} INFO - Started process (PID=242) to work on /home/airflow/.local/lib/python3.12/site-packages/airflow/example_dags/example_latest_only_with_trigger.py
[2024-05-18T20:01:46.204+0000] {processor.py:830} INFO - Processing file /home/airflow/.local/lib/python3.12/site-packages/airflow/example_dags/example_latest_only_with_trigger.py for tasks to queue
[2024-05-18T20:01:46.206+0000] {logging_mixin.py:188} INFO - [2024-05-18T20:01:46.206+0000] {dagbag.py:545} INFO - Filling up the DagBag from /home/airflow/.local/lib/python3.12/site-packages/airflow/example_dags/example_latest_only_with_trigger.py
[2024-05-18T20:01:46.211+0000] {processor.py:840} INFO - DAG(s) 'latest_only_with_trigger' retrieved from /home/airflow/.local/lib/python3.12/site-packages/airflow/example_dags/example_latest_only_with_trigger.py
[2024-05-18T20:01:46.231+0000] {logging_mixin.py:188} INFO - [2024-05-18T20:01:46.231+0000] {dag.py:3096} INFO - Sync 1 DAGs
[2024-05-18T20:01:46.251+0000] {logging_mixin.py:188} INFO - [2024-05-18T20:01:46.251+0000] {dag.py:3954} INFO - Setting next_dagrun for latest_only_with_trigger to 2024-05-18 16:00:00+00:00, run_after=2024-05-18 20:00:00+00:00
[2024-05-18T20:01:46.272+0000] {processor.py:183} INFO - Processing /home/airflow/.local/lib/python3.12/site-packages/airflow/example_dags/example_latest_only_with_trigger.py took 0.075 seconds
[2024-05-18T20:02:16.773+0000] {processor.py:161} INFO - Started process (PID=300) to work on /home/airflow/.local/lib/python3.12/site-packages/airflow/example_dags/example_latest_only_with_trigger.py
[2024-05-18T20:02:16.774+0000] {processor.py:830} INFO - Processing file /home/airflow/.local/lib/python3.12/site-packages/airflow/example_dags/example_latest_only_with_trigger.py for tasks to queue
[2024-05-18T20:02:16.776+0000] {logging_mixin.py:188} INFO - [2024-05-18T20:02:16.776+0000] {dagbag.py:545} INFO - Filling up the DagBag from /home/airflow/.local/lib/python3.12/site-packages/airflow/example_dags/example_latest_only_with_trigger.py
[2024-05-18T20:02:16.782+0000] {processor.py:840} INFO - DAG(s) 'latest_only_with_trigger' retrieved from /home/airflow/.local/lib/python3.12/site-packages/airflow/example_dags/example_latest_only_with_trigger.py
[2024-05-18T20:02:16.804+0000] {logging_mixin.py:188} INFO - [2024-05-18T20:02:16.803+0000] {dag.py:3096} INFO - Sync 1 DAGs
[2024-05-18T20:02:16.827+0000] {logging_mixin.py:188} INFO - [2024-05-18T20:02:16.827+0000] {dag.py:3954} INFO - Setting next_dagrun for latest_only_with_trigger to 2024-05-18 16:00:00+00:00, run_after=2024-05-18 20:00:00+00:00
[2024-05-18T20:02:16.852+0000] {processor.py:183} INFO - Processing /home/airflow/.local/lib/python3.12/site-packages/airflow/example_dags/example_latest_only_with_trigger.py took 0.085 seconds
[2024-05-18T20:02:46.978+0000] {processor.py:161} INFO - Started process (PID=358) to work on /home/airflow/.local/lib/python3.12/site-packages/airflow/example_dags/example_latest_only_with_trigger.py
[2024-05-18T20:02:46.979+0000] {processor.py:830} INFO - Processing file /home/airflow/.local/lib/python3.12/site-packages/airflow/example_dags/example_latest_only_with_trigger.py for tasks to queue
[2024-05-18T20:02:46.980+0000] {logging_mixin.py:188} INFO - [2024-05-18T20:02:46.980+0000] {dagbag.py:545} INFO - Filling up the DagBag from /home/airflow/.local/lib/python3.12/site-packages/airflow/example_dags/example_latest_only_with_trigger.py
[2024-05-18T20:02:46.985+0000] {processor.py:840} INFO - DAG(s) 'latest_only_with_trigger' retrieved from /home/airflow/.local/lib/python3.12/site-packages/airflow/example_dags/example_latest_only_with_trigger.py
[2024-05-18T20:02:47.006+0000] {logging_mixin.py:188} INFO - [2024-05-18T20:02:47.006+0000] {dag.py:3096} INFO - Sync 1 DAGs
[2024-05-18T20:02:47.026+0000] {logging_mixin.py:188} INFO - [2024-05-18T20:02:47.026+0000] {dag.py:3954} INFO - Setting next_dagrun for latest_only_with_trigger to 2024-05-18 16:00:00+00:00, run_after=2024-05-18 20:00:00+00:00
[2024-05-18T20:02:47.047+0000] {processor.py:183} INFO - Processing /home/airflow/.local/lib/python3.12/site-packages/airflow/example_dags/example_latest_only_with_trigger.py took 0.074 seconds
[2024-05-18T20:03:17.939+0000] {processor.py:161} INFO - Started process (PID=416) to work on /home/airflow/.local/lib/python3.12/site-packages/airflow/example_dags/example_latest_only_with_trigger.py
[2024-05-18T20:03:17.941+0000] {processor.py:830} INFO - Processing file /home/airflow/.local/lib/python3.12/site-packages/airflow/example_dags/example_latest_only_with_trigger.py for tasks to queue
[2024-05-18T20:03:17.944+0000] {logging_mixin.py:188} INFO - [2024-05-18T20:03:17.943+0000] {dagbag.py:545} INFO - Filling up the DagBag from /home/airflow/.local/lib/python3.12/site-packages/airflow/example_dags/example_latest_only_with_trigger.py
[2024-05-18T20:03:17.952+0000] {processor.py:840} INFO - DAG(s) 'latest_only_with_trigger' retrieved from /home/airflow/.local/lib/python3.12/site-packages/airflow/example_dags/example_latest_only_with_trigger.py
[2024-05-18T20:03:17.978+0000] {logging_mixin.py:188} INFO - [2024-05-18T20:03:17.977+0000] {dag.py:3096} INFO - Sync 1 DAGs
[2024-05-18T20:03:18.002+0000] {logging_mixin.py:188} INFO - [2024-05-18T20:03:18.002+0000] {dag.py:3954} INFO - Setting next_dagrun for latest_only_with_trigger to 2024-05-18 16:00:00+00:00, run_after=2024-05-18 20:00:00+00:00
[2024-05-18T20:03:18.026+0000] {processor.py:183} INFO - Processing /home/airflow/.local/lib/python3.12/site-packages/airflow/example_dags/example_latest_only_with_trigger.py took 0.094 seconds
[2024-05-18T20:03:48.384+0000] {processor.py:161} INFO - Started process (PID=474) to work on /home/airflow/.local/lib/python3.12/site-packages/airflow/example_dags/example_latest_only_with_trigger.py
[2024-05-18T20:03:48.385+0000] {processor.py:830} INFO - Processing file /home/airflow/.local/lib/python3.12/site-packages/airflow/example_dags/example_latest_only_with_trigger.py for tasks to queue
[2024-05-18T20:03:48.387+0000] {logging_mixin.py:188} INFO - [2024-05-18T20:03:48.387+0000] {dagbag.py:545} INFO - Filling up the DagBag from /home/airflow/.local/lib/python3.12/site-packages/airflow/example_dags/example_latest_only_with_trigger.py
[2024-05-18T20:03:48.392+0000] {processor.py:840} INFO - DAG(s) 'latest_only_with_trigger' retrieved from /home/airflow/.local/lib/python3.12/site-packages/airflow/example_dags/example_latest_only_with_trigger.py
[2024-05-18T20:03:48.413+0000] {logging_mixin.py:188} INFO - [2024-05-18T20:03:48.413+0000] {dag.py:3096} INFO - Sync 1 DAGs
[2024-05-18T20:03:48.435+0000] {logging_mixin.py:188} INFO - [2024-05-18T20:03:48.435+0000] {dag.py:3954} INFO - Setting next_dagrun for latest_only_with_trigger to 2024-05-18 16:00:00+00:00, run_after=2024-05-18 20:00:00+00:00
[2024-05-18T20:03:48.457+0000] {processor.py:183} INFO - Processing /home/airflow/.local/lib/python3.12/site-packages/airflow/example_dags/example_latest_only_with_trigger.py took 0.078 seconds
[2024-05-18T20:04:18.885+0000] {processor.py:161} INFO - Started process (PID=532) to work on /home/airflow/.local/lib/python3.12/site-packages/airflow/example_dags/example_latest_only_with_trigger.py
[2024-05-18T20:04:18.886+0000] {processor.py:830} INFO - Processing file /home/airflow/.local/lib/python3.12/site-packages/airflow/example_dags/example_latest_only_with_trigger.py for tasks to queue
[2024-05-18T20:04:18.888+0000] {logging_mixin.py:188} INFO - [2024-05-18T20:04:18.888+0000] {dagbag.py:545} INFO - Filling up the DagBag from /home/airflow/.local/lib/python3.12/site-packages/airflow/example_dags/example_latest_only_with_trigger.py
[2024-05-18T20:04:18.893+0000] {processor.py:840} INFO - DAG(s) 'latest_only_with_trigger' retrieved from /home/airflow/.local/lib/python3.12/site-packages/airflow/example_dags/example_latest_only_with_trigger.py
[2024-05-18T20:04:18.915+0000] {logging_mixin.py:188} INFO - [2024-05-18T20:04:18.915+0000] {dag.py:3096} INFO - Sync 1 DAGs
[2024-05-18T20:04:18.939+0000] {logging_mixin.py:188} INFO - [2024-05-18T20:04:18.938+0000] {dag.py:3954} INFO - Setting next_dagrun for latest_only_with_trigger to 2024-05-18 16:00:00+00:00, run_after=2024-05-18 20:00:00+00:00
[2024-05-18T20:04:18.961+0000] {processor.py:183} INFO - Processing /home/airflow/.local/lib/python3.12/site-packages/airflow/example_dags/example_latest_only_with_trigger.py took 0.084 seconds
[2024-05-18T20:04:49.080+0000] {processor.py:161} INFO - Started process (PID=590) to work on /home/airflow/.local/lib/python3.12/site-packages/airflow/example_dags/example_latest_only_with_trigger.py
[2024-05-18T20:04:49.081+0000] {processor.py:830} INFO - Processing file /home/airflow/.local/lib/python3.12/site-packages/airflow/example_dags/example_latest_only_with_trigger.py for tasks to queue
[2024-05-18T20:04:49.083+0000] {logging_mixin.py:188} INFO - [2024-05-18T20:04:49.082+0000] {dagbag.py:545} INFO - Filling up the DagBag from /home/airflow/.local/lib/python3.12/site-packages/airflow/example_dags/example_latest_only_with_trigger.py
[2024-05-18T20:04:49.089+0000] {processor.py:840} INFO - DAG(s) 'latest_only_with_trigger' retrieved from /home/airflow/.local/lib/python3.12/site-packages/airflow/example_dags/example_latest_only_with_trigger.py
[2024-05-18T20:04:49.110+0000] {logging_mixin.py:188} INFO - [2024-05-18T20:04:49.110+0000] {dag.py:3096} INFO - Sync 1 DAGs
[2024-05-18T20:04:49.137+0000] {logging_mixin.py:188} INFO - [2024-05-18T20:04:49.136+0000] {dag.py:3954} INFO - Setting next_dagrun for latest_only_with_trigger to 2024-05-18 16:00:00+00:00, run_after=2024-05-18 20:00:00+00:00
[2024-05-18T20:04:49.160+0000] {processor.py:183} INFO - Processing /home/airflow/.local/lib/python3.12/site-packages/airflow/example_dags/example_latest_only_with_trigger.py took 0.087 seconds
[2024-05-18T20:05:19.208+0000] {processor.py:161} INFO - Started process (PID=648) to work on /home/airflow/.local/lib/python3.12/site-packages/airflow/example_dags/example_latest_only_with_trigger.py
[2024-05-18T20:05:19.209+0000] {processor.py:830} INFO - Processing file /home/airflow/.local/lib/python3.12/site-packages/airflow/example_dags/example_latest_only_with_trigger.py for tasks to queue
[2024-05-18T20:05:19.211+0000] {logging_mixin.py:188} INFO - [2024-05-18T20:05:19.211+0000] {dagbag.py:545} INFO - Filling up the DagBag from /home/airflow/.local/lib/python3.12/site-packages/airflow/example_dags/example_latest_only_with_trigger.py
[2024-05-18T20:05:19.216+0000] {processor.py:840} INFO - DAG(s) 'latest_only_with_trigger' retrieved from /home/airflow/.local/lib/python3.12/site-packages/airflow/example_dags/example_latest_only_with_trigger.py
[2024-05-18T20:05:19.235+0000] {logging_mixin.py:188} INFO - [2024-05-18T20:05:19.235+0000] {dag.py:3096} INFO - Sync 1 DAGs
[2024-05-18T20:05:19.255+0000] {logging_mixin.py:188} INFO - [2024-05-18T20:05:19.255+0000] {dag.py:3954} INFO - Setting next_dagrun for latest_only_with_trigger to 2024-05-18 16:00:00+00:00, run_after=2024-05-18 20:00:00+00:00
[2024-05-18T20:05:19.275+0000] {processor.py:183} INFO - Processing /home/airflow/.local/lib/python3.12/site-packages/airflow/example_dags/example_latest_only_with_trigger.py took 0.073 seconds
[2024-05-18T20:05:49.370+0000] {processor.py:161} INFO - Started process (PID=706) to work on /home/airflow/.local/lib/python3.12/site-packages/airflow/example_dags/example_latest_only_with_trigger.py
[2024-05-18T20:05:49.372+0000] {processor.py:830} INFO - Processing file /home/airflow/.local/lib/python3.12/site-packages/airflow/example_dags/example_latest_only_with_trigger.py for tasks to queue
[2024-05-18T20:05:49.374+0000] {logging_mixin.py:188} INFO - [2024-05-18T20:05:49.374+0000] {dagbag.py:545} INFO - Filling up the DagBag from /home/airflow/.local/lib/python3.12/site-packages/airflow/example_dags/example_latest_only_with_trigger.py
[2024-05-18T20:05:49.379+0000] {processor.py:840} INFO - DAG(s) 'latest_only_with_trigger' retrieved from /home/airflow/.local/lib/python3.12/site-packages/airflow/example_dags/example_latest_only_with_trigger.py
[2024-05-18T20:05:49.400+0000] {logging_mixin.py:188} INFO - [2024-05-18T20:05:49.400+0000] {dag.py:3096} INFO - Sync 1 DAGs
[2024-05-18T20:05:49.420+0000] {logging_mixin.py:188} INFO - [2024-05-18T20:05:49.420+0000] {dag.py:3954} INFO - Setting next_dagrun for latest_only_with_trigger to 2024-05-18 16:00:00+00:00, run_after=2024-05-18 20:00:00+00:00
[2024-05-18T20:05:49.441+0000] {processor.py:183} INFO - Processing /home/airflow/.local/lib/python3.12/site-packages/airflow/example_dags/example_latest_only_with_trigger.py took 0.076 seconds
[2024-05-18T20:06:19.646+0000] {processor.py:161} INFO - Started process (PID=764) to work on /home/airflow/.local/lib/python3.12/site-packages/airflow/example_dags/example_latest_only_with_trigger.py
[2024-05-18T20:06:19.647+0000] {processor.py:830} INFO - Processing file /home/airflow/.local/lib/python3.12/site-packages/airflow/example_dags/example_latest_only_with_trigger.py for tasks to queue
[2024-05-18T20:06:19.649+0000] {logging_mixin.py:188} INFO - [2024-05-18T20:06:19.649+0000] {dagbag.py:545} INFO - Filling up the DagBag from /home/airflow/.local/lib/python3.12/site-packages/airflow/example_dags/example_latest_only_with_trigger.py
[2024-05-18T20:06:19.654+0000] {processor.py:840} INFO - DAG(s) 'latest_only_with_trigger' retrieved from /home/airflow/.local/lib/python3.12/site-packages/airflow/example_dags/example_latest_only_with_trigger.py
[2024-05-18T20:06:19.675+0000] {logging_mixin.py:188} INFO - [2024-05-18T20:06:19.674+0000] {dag.py:3096} INFO - Sync 1 DAGs
[2024-05-18T20:06:19.697+0000] {logging_mixin.py:188} INFO - [2024-05-18T20:06:19.696+0000] {dag.py:3954} INFO - Setting next_dagrun for latest_only_with_trigger to 2024-05-18 16:00:00+00:00, run_after=2024-05-18 20:00:00+00:00
[2024-05-18T20:06:19.717+0000] {processor.py:183} INFO - Processing /home/airflow/.local/lib/python3.12/site-packages/airflow/example_dags/example_latest_only_with_trigger.py took 0.078 seconds
[2024-05-18T20:06:50.864+0000] {processor.py:161} INFO - Started process (PID=822) to work on /home/airflow/.local/lib/python3.12/site-packages/airflow/example_dags/example_latest_only_with_trigger.py
[2024-05-18T20:06:50.865+0000] {processor.py:830} INFO - Processing file /home/airflow/.local/lib/python3.12/site-packages/airflow/example_dags/example_latest_only_with_trigger.py for tasks to queue
[2024-05-18T20:06:50.867+0000] {logging_mixin.py:188} INFO - [2024-05-18T20:06:50.867+0000] {dagbag.py:545} INFO - Filling up the DagBag from /home/airflow/.local/lib/python3.12/site-packages/airflow/example_dags/example_latest_only_with_trigger.py
[2024-05-18T20:06:50.873+0000] {processor.py:840} INFO - DAG(s) 'latest_only_with_trigger' retrieved from /home/airflow/.local/lib/python3.12/site-packages/airflow/example_dags/example_latest_only_with_trigger.py
[2024-05-18T20:06:50.894+0000] {logging_mixin.py:188} INFO - [2024-05-18T20:06:50.894+0000] {dag.py:3096} INFO - Sync 1 DAGs
[2024-05-18T20:06:50.917+0000] {logging_mixin.py:188} INFO - [2024-05-18T20:06:50.916+0000] {dag.py:3954} INFO - Setting next_dagrun for latest_only_with_trigger to 2024-05-18 16:00:00+00:00, run_after=2024-05-18 20:00:00+00:00
[2024-05-18T20:06:50.942+0000] {processor.py:183} INFO - Processing /home/airflow/.local/lib/python3.12/site-packages/airflow/example_dags/example_latest_only_with_trigger.py took 0.083 seconds
[2024-05-18T20:07:21.030+0000] {processor.py:161} INFO - Started process (PID=880) to work on /home/airflow/.local/lib/python3.12/site-packages/airflow/example_dags/example_latest_only_with_trigger.py
[2024-05-18T20:07:21.031+0000] {processor.py:830} INFO - Processing file /home/airflow/.local/lib/python3.12/site-packages/airflow/example_dags/example_latest_only_with_trigger.py for tasks to queue
[2024-05-18T20:07:21.033+0000] {logging_mixin.py:188} INFO - [2024-05-18T20:07:21.033+0000] {dagbag.py:545} INFO - Filling up the DagBag from /home/airflow/.local/lib/python3.12/site-packages/airflow/example_dags/example_latest_only_with_trigger.py
[2024-05-18T20:07:21.039+0000] {processor.py:840} INFO - DAG(s) 'latest_only_with_trigger' retrieved from /home/airflow/.local/lib/python3.12/site-packages/airflow/example_dags/example_latest_only_with_trigger.py
[2024-05-18T20:07:21.059+0000] {logging_mixin.py:188} INFO - [2024-05-18T20:07:21.059+0000] {dag.py:3096} INFO - Sync 1 DAGs
[2024-05-18T20:07:21.079+0000] {logging_mixin.py:188} INFO - [2024-05-18T20:07:21.079+0000] {dag.py:3954} INFO - Setting next_dagrun for latest_only_with_trigger to 2024-05-18 16:00:00+00:00, run_after=2024-05-18 20:00:00+00:00
[2024-05-18T20:07:21.098+0000] {processor.py:183} INFO - Processing /home/airflow/.local/lib/python3.12/site-packages/airflow/example_dags/example_latest_only_with_trigger.py took 0.073 seconds
[2024-05-18T20:07:51.693+0000] {processor.py:161} INFO - Started process (PID=938) to work on /home/airflow/.local/lib/python3.12/site-packages/airflow/example_dags/example_latest_only_with_trigger.py
[2024-05-18T20:07:51.694+0000] {processor.py:830} INFO - Processing file /home/airflow/.local/lib/python3.12/site-packages/airflow/example_dags/example_latest_only_with_trigger.py for tasks to queue
[2024-05-18T20:07:51.696+0000] {logging_mixin.py:188} INFO - [2024-05-18T20:07:51.696+0000] {dagbag.py:545} INFO - Filling up the DagBag from /home/airflow/.local/lib/python3.12/site-packages/airflow/example_dags/example_latest_only_with_trigger.py
[2024-05-18T20:07:51.701+0000] {processor.py:840} INFO - DAG(s) 'latest_only_with_trigger' retrieved from /home/airflow/.local/lib/python3.12/site-packages/airflow/example_dags/example_latest_only_with_trigger.py
[2024-05-18T20:07:51.722+0000] {logging_mixin.py:188} INFO - [2024-05-18T20:07:51.722+0000] {dag.py:3096} INFO - Sync 1 DAGs
[2024-05-18T20:07:51.743+0000] {logging_mixin.py:188} INFO - [2024-05-18T20:07:51.742+0000] {dag.py:3954} INFO - Setting next_dagrun for latest_only_with_trigger to 2024-05-18 16:00:00+00:00, run_after=2024-05-18 20:00:00+00:00
[2024-05-18T20:07:51.765+0000] {processor.py:183} INFO - Processing /home/airflow/.local/lib/python3.12/site-packages/airflow/example_dags/example_latest_only_with_trigger.py took 0.077 seconds
[2024-05-18T20:08:21.869+0000] {processor.py:161} INFO - Started process (PID=997) to work on /home/airflow/.local/lib/python3.12/site-packages/airflow/example_dags/example_latest_only_with_trigger.py
[2024-05-18T20:08:21.870+0000] {processor.py:830} INFO - Processing file /home/airflow/.local/lib/python3.12/site-packages/airflow/example_dags/example_latest_only_with_trigger.py for tasks to queue
[2024-05-18T20:08:21.872+0000] {logging_mixin.py:188} INFO - [2024-05-18T20:08:21.872+0000] {dagbag.py:545} INFO - Filling up the DagBag from /home/airflow/.local/lib/python3.12/site-packages/airflow/example_dags/example_latest_only_with_trigger.py
[2024-05-18T20:08:21.877+0000] {processor.py:840} INFO - DAG(s) 'latest_only_with_trigger' retrieved from /home/airflow/.local/lib/python3.12/site-packages/airflow/example_dags/example_latest_only_with_trigger.py
[2024-05-18T20:08:21.898+0000] {logging_mixin.py:188} INFO - [2024-05-18T20:08:21.898+0000] {dag.py:3096} INFO - Sync 1 DAGs
[2024-05-18T20:08:21.919+0000] {logging_mixin.py:188} INFO - [2024-05-18T20:08:21.919+0000] {dag.py:3954} INFO - Setting next_dagrun for latest_only_with_trigger to 2024-05-18 16:00:00+00:00, run_after=2024-05-18 20:00:00+00:00
[2024-05-18T20:08:21.943+0000] {processor.py:183} INFO - Processing /home/airflow/.local/lib/python3.12/site-packages/airflow/example_dags/example_latest_only_with_trigger.py took 0.079 seconds
[2024-05-18T20:08:52.321+0000] {processor.py:161} INFO - Started process (PID=1055) to work on /home/airflow/.local/lib/python3.12/site-packages/airflow/example_dags/example_latest_only_with_trigger.py
[2024-05-18T20:08:52.322+0000] {processor.py:830} INFO - Processing file /home/airflow/.local/lib/python3.12/site-packages/airflow/example_dags/example_latest_only_with_trigger.py for tasks to queue
[2024-05-18T20:08:52.324+0000] {logging_mixin.py:188} INFO - [2024-05-18T20:08:52.324+0000] {dagbag.py:545} INFO - Filling up the DagBag from /home/airflow/.local/lib/python3.12/site-packages/airflow/example_dags/example_latest_only_with_trigger.py
[2024-05-18T20:08:52.329+0000] {processor.py:840} INFO - DAG(s) 'latest_only_with_trigger' retrieved from /home/airflow/.local/lib/python3.12/site-packages/airflow/example_dags/example_latest_only_with_trigger.py
[2024-05-18T20:08:52.351+0000] {logging_mixin.py:188} INFO - [2024-05-18T20:08:52.351+0000] {dag.py:3096} INFO - Sync 1 DAGs
[2024-05-18T20:08:52.372+0000] {logging_mixin.py:188} INFO - [2024-05-18T20:08:52.371+0000] {dag.py:3954} INFO - Setting next_dagrun for latest_only_with_trigger to 2024-05-18 16:00:00+00:00, run_after=2024-05-18 20:00:00+00:00
[2024-05-18T20:08:52.394+0000] {processor.py:183} INFO - Processing /home/airflow/.local/lib/python3.12/site-packages/airflow/example_dags/example_latest_only_with_trigger.py took 0.078 seconds
[2024-05-18T20:09:22.751+0000] {processor.py:161} INFO - Started process (PID=1113) to work on /home/airflow/.local/lib/python3.12/site-packages/airflow/example_dags/example_latest_only_with_trigger.py
[2024-05-18T20:09:22.753+0000] {processor.py:830} INFO - Processing file /home/airflow/.local/lib/python3.12/site-packages/airflow/example_dags/example_latest_only_with_trigger.py for tasks to queue
[2024-05-18T20:09:22.755+0000] {logging_mixin.py:188} INFO - [2024-05-18T20:09:22.754+0000] {dagbag.py:545} INFO - Filling up the DagBag from /home/airflow/.local/lib/python3.12/site-packages/airflow/example_dags/example_latest_only_with_trigger.py
[2024-05-18T20:09:22.760+0000] {processor.py:840} INFO - DAG(s) 'latest_only_with_trigger' retrieved from /home/airflow/.local/lib/python3.12/site-packages/airflow/example_dags/example_latest_only_with_trigger.py
[2024-05-18T20:09:22.781+0000] {logging_mixin.py:188} INFO - [2024-05-18T20:09:22.781+0000] {dag.py:3096} INFO - Sync 1 DAGs
[2024-05-18T20:09:22.802+0000] {logging_mixin.py:188} INFO - [2024-05-18T20:09:22.802+0000] {dag.py:3954} INFO - Setting next_dagrun for latest_only_with_trigger to 2024-05-18 16:00:00+00:00, run_after=2024-05-18 20:00:00+00:00
[2024-05-18T20:09:22.825+0000] {processor.py:183} INFO - Processing /home/airflow/.local/lib/python3.12/site-packages/airflow/example_dags/example_latest_only_with_trigger.py took 0.079 seconds
[2024-05-18T20:09:53.573+0000] {processor.py:161} INFO - Started process (PID=1171) to work on /home/airflow/.local/lib/python3.12/site-packages/airflow/example_dags/example_latest_only_with_trigger.py
[2024-05-18T20:09:53.574+0000] {processor.py:830} INFO - Processing file /home/airflow/.local/lib/python3.12/site-packages/airflow/example_dags/example_latest_only_with_trigger.py for tasks to queue
[2024-05-18T20:09:53.576+0000] {logging_mixin.py:188} INFO - [2024-05-18T20:09:53.576+0000] {dagbag.py:545} INFO - Filling up the DagBag from /home/airflow/.local/lib/python3.12/site-packages/airflow/example_dags/example_latest_only_with_trigger.py
[2024-05-18T20:09:53.581+0000] {processor.py:840} INFO - DAG(s) 'latest_only_with_trigger' retrieved from /home/airflow/.local/lib/python3.12/site-packages/airflow/example_dags/example_latest_only_with_trigger.py
[2024-05-18T20:09:53.601+0000] {logging_mixin.py:188} INFO - [2024-05-18T20:09:53.601+0000] {dag.py:3096} INFO - Sync 1 DAGs
[2024-05-18T20:09:53.622+0000] {logging_mixin.py:188} INFO - [2024-05-18T20:09:53.621+0000] {dag.py:3954} INFO - Setting next_dagrun for latest_only_with_trigger to 2024-05-18 16:00:00+00:00, run_after=2024-05-18 20:00:00+00:00
[2024-05-18T20:09:53.642+0000] {processor.py:183} INFO - Processing /home/airflow/.local/lib/python3.12/site-packages/airflow/example_dags/example_latest_only_with_trigger.py took 0.075 seconds
[2024-05-18T20:10:23.857+0000] {processor.py:161} INFO - Started process (PID=1229) to work on /home/airflow/.local/lib/python3.12/site-packages/airflow/example_dags/example_latest_only_with_trigger.py
[2024-05-18T20:10:23.858+0000] {processor.py:830} INFO - Processing file /home/airflow/.local/lib/python3.12/site-packages/airflow/example_dags/example_latest_only_with_trigger.py for tasks to queue
[2024-05-18T20:10:23.860+0000] {logging_mixin.py:188} INFO - [2024-05-18T20:10:23.860+0000] {dagbag.py:545} INFO - Filling up the DagBag from /home/airflow/.local/lib/python3.12/site-packages/airflow/example_dags/example_latest_only_with_trigger.py
[2024-05-18T20:10:23.865+0000] {processor.py:840} INFO - DAG(s) 'latest_only_with_trigger' retrieved from /home/airflow/.local/lib/python3.12/site-packages/airflow/example_dags/example_latest_only_with_trigger.py
[2024-05-18T20:10:23.887+0000] {logging_mixin.py:188} INFO - [2024-05-18T20:10:23.887+0000] {dag.py:3096} INFO - Sync 1 DAGs
[2024-05-18T20:10:23.908+0000] {logging_mixin.py:188} INFO - [2024-05-18T20:10:23.908+0000] {dag.py:3954} INFO - Setting next_dagrun for latest_only_with_trigger to 2024-05-18 16:00:00+00:00, run_after=2024-05-18 20:00:00+00:00
[2024-05-18T20:10:23.928+0000] {processor.py:183} INFO - Processing /home/airflow/.local/lib/python3.12/site-packages/airflow/example_dags/example_latest_only_with_trigger.py took 0.076 seconds
[2024-05-18T20:10:54.511+0000] {processor.py:161} INFO - Started process (PID=1288) to work on /home/airflow/.local/lib/python3.12/site-packages/airflow/example_dags/example_latest_only_with_trigger.py
[2024-05-18T20:10:54.512+0000] {processor.py:830} INFO - Processing file /home/airflow/.local/lib/python3.12/site-packages/airflow/example_dags/example_latest_only_with_trigger.py for tasks to queue
[2024-05-18T20:10:54.514+0000] {logging_mixin.py:188} INFO - [2024-05-18T20:10:54.514+0000] {dagbag.py:545} INFO - Filling up the DagBag from /home/airflow/.local/lib/python3.12/site-packages/airflow/example_dags/example_latest_only_with_trigger.py
[2024-05-18T20:10:54.520+0000] {processor.py:840} INFO - DAG(s) 'latest_only_with_trigger' retrieved from /home/airflow/.local/lib/python3.12/site-packages/airflow/example_dags/example_latest_only_with_trigger.py
[2024-05-18T20:10:54.540+0000] {logging_mixin.py:188} INFO - [2024-05-18T20:10:54.540+0000] {dag.py:3096} INFO - Sync 1 DAGs
[2024-05-18T20:10:54.561+0000] {logging_mixin.py:188} INFO - [2024-05-18T20:10:54.561+0000] {dag.py:3954} INFO - Setting next_dagrun for latest_only_with_trigger to 2024-05-18 16:00:00+00:00, run_after=2024-05-18 20:00:00+00:00
[2024-05-18T20:10:54.582+0000] {processor.py:183} INFO - Processing /home/airflow/.local/lib/python3.12/site-packages/airflow/example_dags/example_latest_only_with_trigger.py took 0.077 seconds
[2024-05-18T20:11:24.908+0000] {processor.py:161} INFO - Started process (PID=1346) to work on /home/airflow/.local/lib/python3.12/site-packages/airflow/example_dags/example_latest_only_with_trigger.py
[2024-05-18T20:11:24.909+0000] {processor.py:830} INFO - Processing file /home/airflow/.local/lib/python3.12/site-packages/airflow/example_dags/example_latest_only_with_trigger.py for tasks to queue
[2024-05-18T20:11:24.911+0000] {logging_mixin.py:188} INFO - [2024-05-18T20:11:24.911+0000] {dagbag.py:545} INFO - Filling up the DagBag from /home/airflow/.local/lib/python3.12/site-packages/airflow/example_dags/example_latest_only_with_trigger.py
[2024-05-18T20:11:24.916+0000] {processor.py:840} INFO - DAG(s) 'latest_only_with_trigger' retrieved from /home/airflow/.local/lib/python3.12/site-packages/airflow/example_dags/example_latest_only_with_trigger.py
[2024-05-18T20:11:24.935+0000] {logging_mixin.py:188} INFO - [2024-05-18T20:11:24.935+0000] {dag.py:3096} INFO - Sync 1 DAGs
[2024-05-18T20:11:24.955+0000] {logging_mixin.py:188} INFO - [2024-05-18T20:11:24.954+0000] {dag.py:3954} INFO - Setting next_dagrun for latest_only_with_trigger to 2024-05-18 16:00:00+00:00, run_after=2024-05-18 20:00:00+00:00
[2024-05-18T20:11:24.974+0000] {processor.py:183} INFO - Processing /home/airflow/.local/lib/python3.12/site-packages/airflow/example_dags/example_latest_only_with_trigger.py took 0.071 seconds
[2024-05-18T20:11:55.675+0000] {processor.py:161} INFO - Started process (PID=1404) to work on /home/airflow/.local/lib/python3.12/site-packages/airflow/example_dags/example_latest_only_with_trigger.py
[2024-05-18T20:11:55.676+0000] {processor.py:830} INFO - Processing file /home/airflow/.local/lib/python3.12/site-packages/airflow/example_dags/example_latest_only_with_trigger.py for tasks to queue
[2024-05-18T20:11:55.678+0000] {logging_mixin.py:188} INFO - [2024-05-18T20:11:55.678+0000] {dagbag.py:545} INFO - Filling up the DagBag from /home/airflow/.local/lib/python3.12/site-packages/airflow/example_dags/example_latest_only_with_trigger.py
[2024-05-18T20:11:55.683+0000] {processor.py:840} INFO - DAG(s) 'latest_only_with_trigger' retrieved from /home/airflow/.local/lib/python3.12/site-packages/airflow/example_dags/example_latest_only_with_trigger.py
[2024-05-18T20:11:55.703+0000] {logging_mixin.py:188} INFO - [2024-05-18T20:11:55.702+0000] {dag.py:3096} INFO - Sync 1 DAGs
[2024-05-18T20:11:55.826+0000] {logging_mixin.py:188} INFO - [2024-05-18T20:11:55.826+0000] {dag.py:3954} INFO - Setting next_dagrun for latest_only_with_trigger to 2024-05-18 16:00:00+00:00, run_after=2024-05-18 20:00:00+00:00
[2024-05-18T20:11:55.844+0000] {processor.py:183} INFO - Processing /home/airflow/.local/lib/python3.12/site-packages/airflow/example_dags/example_latest_only_with_trigger.py took 0.174 seconds
[2024-05-18T20:12:26.909+0000] {processor.py:161} INFO - Started process (PID=1462) to work on /home/airflow/.local/lib/python3.12/site-packages/airflow/example_dags/example_latest_only_with_trigger.py
[2024-05-18T20:12:26.910+0000] {processor.py:830} INFO - Processing file /home/airflow/.local/lib/python3.12/site-packages/airflow/example_dags/example_latest_only_with_trigger.py for tasks to queue
[2024-05-18T20:12:26.911+0000] {logging_mixin.py:188} INFO - [2024-05-18T20:12:26.911+0000] {dagbag.py:545} INFO - Filling up the DagBag from /home/airflow/.local/lib/python3.12/site-packages/airflow/example_dags/example_latest_only_with_trigger.py
[2024-05-18T20:12:26.917+0000] {processor.py:840} INFO - DAG(s) 'latest_only_with_trigger' retrieved from /home/airflow/.local/lib/python3.12/site-packages/airflow/example_dags/example_latest_only_with_trigger.py
[2024-05-18T20:12:26.940+0000] {logging_mixin.py:188} INFO - [2024-05-18T20:12:26.939+0000] {dag.py:3096} INFO - Sync 1 DAGs
[2024-05-18T20:12:27.100+0000] {logging_mixin.py:188} INFO - [2024-05-18T20:12:27.100+0000] {dag.py:3954} INFO - Setting next_dagrun for latest_only_with_trigger to 2024-05-18 16:00:00+00:00, run_after=2024-05-18 20:00:00+00:00
[2024-05-18T20:12:27.123+0000] {processor.py:183} INFO - Processing /home/airflow/.local/lib/python3.12/site-packages/airflow/example_dags/example_latest_only_with_trigger.py took 0.220 seconds
[2024-05-18T20:12:57.614+0000] {processor.py:161} INFO - Started process (PID=1520) to work on /home/airflow/.local/lib/python3.12/site-packages/airflow/example_dags/example_latest_only_with_trigger.py
[2024-05-18T20:12:57.616+0000] {processor.py:830} INFO - Processing file /home/airflow/.local/lib/python3.12/site-packages/airflow/example_dags/example_latest_only_with_trigger.py for tasks to queue
[2024-05-18T20:12:57.619+0000] {logging_mixin.py:188} INFO - [2024-05-18T20:12:57.618+0000] {dagbag.py:545} INFO - Filling up the DagBag from /home/airflow/.local/lib/python3.12/site-packages/airflow/example_dags/example_latest_only_with_trigger.py
[2024-05-18T20:12:57.624+0000] {processor.py:840} INFO - DAG(s) 'latest_only_with_trigger' retrieved from /home/airflow/.local/lib/python3.12/site-packages/airflow/example_dags/example_latest_only_with_trigger.py
[2024-05-18T20:12:57.652+0000] {logging_mixin.py:188} INFO - [2024-05-18T20:12:57.652+0000] {dag.py:3096} INFO - Sync 1 DAGs
[2024-05-18T20:12:57.679+0000] {logging_mixin.py:188} INFO - [2024-05-18T20:12:57.678+0000] {dag.py:3954} INFO - Setting next_dagrun for latest_only_with_trigger to 2024-05-18 16:00:00+00:00, run_after=2024-05-18 20:00:00+00:00
[2024-05-18T20:12:57.840+0000] {processor.py:183} INFO - Processing /home/airflow/.local/lib/python3.12/site-packages/airflow/example_dags/example_latest_only_with_trigger.py took 0.232 seconds
[2024-05-18T20:13:28.085+0000] {processor.py:161} INFO - Started process (PID=1578) to work on /home/airflow/.local/lib/python3.12/site-packages/airflow/example_dags/example_latest_only_with_trigger.py
[2024-05-18T20:13:28.086+0000] {processor.py:830} INFO - Processing file /home/airflow/.local/lib/python3.12/site-packages/airflow/example_dags/example_latest_only_with_trigger.py for tasks to queue
[2024-05-18T20:13:28.088+0000] {logging_mixin.py:188} INFO - [2024-05-18T20:13:28.088+0000] {dagbag.py:545} INFO - Filling up the DagBag from /home/airflow/.local/lib/python3.12/site-packages/airflow/example_dags/example_latest_only_with_trigger.py
[2024-05-18T20:13:28.093+0000] {processor.py:840} INFO - DAG(s) 'latest_only_with_trigger' retrieved from /home/airflow/.local/lib/python3.12/site-packages/airflow/example_dags/example_latest_only_with_trigger.py
[2024-05-18T20:13:28.114+0000] {logging_mixin.py:188} INFO - [2024-05-18T20:13:28.114+0000] {dag.py:3096} INFO - Sync 1 DAGs
[2024-05-18T20:13:28.136+0000] {logging_mixin.py:188} INFO - [2024-05-18T20:13:28.136+0000] {dag.py:3954} INFO - Setting next_dagrun for latest_only_with_trigger to 2024-05-18 16:00:00+00:00, run_after=2024-05-18 20:00:00+00:00
[2024-05-18T20:13:28.158+0000] {processor.py:183} INFO - Processing /home/airflow/.local/lib/python3.12/site-packages/airflow/example_dags/example_latest_only_with_trigger.py took 0.079 seconds
[2024-05-18T20:13:58.355+0000] {processor.py:161} INFO - Started process (PID=1636) to work on /home/airflow/.local/lib/python3.12/site-packages/airflow/example_dags/example_latest_only_with_trigger.py
[2024-05-18T20:13:58.356+0000] {processor.py:830} INFO - Processing file /home/airflow/.local/lib/python3.12/site-packages/airflow/example_dags/example_latest_only_with_trigger.py for tasks to queue
[2024-05-18T20:13:58.358+0000] {logging_mixin.py:188} INFO - [2024-05-18T20:13:58.358+0000] {dagbag.py:545} INFO - Filling up the DagBag from /home/airflow/.local/lib/python3.12/site-packages/airflow/example_dags/example_latest_only_with_trigger.py
[2024-05-18T20:13:58.364+0000] {processor.py:840} INFO - DAG(s) 'latest_only_with_trigger' retrieved from /home/airflow/.local/lib/python3.12/site-packages/airflow/example_dags/example_latest_only_with_trigger.py
[2024-05-18T20:13:58.385+0000] {logging_mixin.py:188} INFO - [2024-05-18T20:13:58.385+0000] {dag.py:3096} INFO - Sync 1 DAGs
[2024-05-18T20:13:58.408+0000] {logging_mixin.py:188} INFO - [2024-05-18T20:13:58.407+0000] {dag.py:3954} INFO - Setting next_dagrun for latest_only_with_trigger to 2024-05-18 16:00:00+00:00, run_after=2024-05-18 20:00:00+00:00
[2024-05-18T20:13:58.431+0000] {processor.py:183} INFO - Processing /home/airflow/.local/lib/python3.12/site-packages/airflow/example_dags/example_latest_only_with_trigger.py took 0.082 seconds
[2024-05-18T20:14:28.717+0000] {processor.py:161} INFO - Started process (PID=1694) to work on /home/airflow/.local/lib/python3.12/site-packages/airflow/example_dags/example_latest_only_with_trigger.py
[2024-05-18T20:14:28.718+0000] {processor.py:830} INFO - Processing file /home/airflow/.local/lib/python3.12/site-packages/airflow/example_dags/example_latest_only_with_trigger.py for tasks to queue
[2024-05-18T20:14:28.719+0000] {logging_mixin.py:188} INFO - [2024-05-18T20:14:28.719+0000] {dagbag.py:545} INFO - Filling up the DagBag from /home/airflow/.local/lib/python3.12/site-packages/airflow/example_dags/example_latest_only_with_trigger.py
[2024-05-18T20:14:28.724+0000] {processor.py:840} INFO - DAG(s) 'latest_only_with_trigger' retrieved from /home/airflow/.local/lib/python3.12/site-packages/airflow/example_dags/example_latest_only_with_trigger.py
[2024-05-18T20:14:28.744+0000] {logging_mixin.py:188} INFO - [2024-05-18T20:14:28.744+0000] {dag.py:3096} INFO - Sync 1 DAGs
[2024-05-18T20:14:28.764+0000] {logging_mixin.py:188} INFO - [2024-05-18T20:14:28.764+0000] {dag.py:3954} INFO - Setting next_dagrun for latest_only_with_trigger to 2024-05-18 16:00:00+00:00, run_after=2024-05-18 20:00:00+00:00
[2024-05-18T20:14:28.785+0000] {processor.py:183} INFO - Processing /home/airflow/.local/lib/python3.12/site-packages/airflow/example_dags/example_latest_only_with_trigger.py took 0.074 seconds
