[2024-05-18T19:41:52.666+0000] {processor.py:161} INFO - Started process (PID=70) to work on /home/airflow/.local/lib/python3.12/site-packages/airflow/example_dags/example_sla_dag.py
[2024-05-18T19:41:52.669+0000] {processor.py:830} INFO - Processing file /home/airflow/.local/lib/python3.12/site-packages/airflow/example_dags/example_sla_dag.py for tasks to queue
[2024-05-18T19:41:52.672+0000] {logging_mixin.py:188} INFO - [2024-05-18T19:41:52.672+0000] {dagbag.py:545} INFO - Filling up the DagBag from /home/airflow/.local/lib/python3.12/site-packages/airflow/example_dags/example_sla_dag.py
[2024-05-18T19:41:52.689+0000] {processor.py:840} INFO - DAG(s) 'example_sla_dag' retrieved from /home/airflow/.local/lib/python3.12/site-packages/airflow/example_dags/example_sla_dag.py
[2024-05-18T19:41:52.898+0000] {logging_mixin.py:188} INFO - [2024-05-18T19:41:52.896+0000] {override.py:1829} INFO - Created Permission View: can read on DAG:example_sla_dag
[2024-05-18T19:41:52.914+0000] {logging_mixin.py:188} INFO - [2024-05-18T19:41:52.914+0000] {override.py:1829} INFO - Created Permission View: can delete on DAG:example_sla_dag
[2024-05-18T19:41:52.927+0000] {logging_mixin.py:188} INFO - [2024-05-18T19:41:52.926+0000] {override.py:1829} INFO - Created Permission View: can edit on DAG:example_sla_dag
[2024-05-18T19:41:52.929+0000] {logging_mixin.py:188} INFO - [2024-05-18T19:41:52.928+0000] {dag.py:3096} INFO - Sync 1 DAGs
[2024-05-18T19:41:52.951+0000] {logging_mixin.py:188} INFO - [2024-05-18T19:41:52.950+0000] {dag.py:3118} INFO - Creating ORM DAG for example_sla_dag
[2024-05-18T19:41:52.972+0000] {logging_mixin.py:188} INFO - [2024-05-18T19:41:52.972+0000] {dag.py:3954} INFO - Setting next_dagrun for example_sla_dag to 2024-05-18 19:38:00+00:00, run_after=2024-05-18 19:40:00+00:00
[2024-05-18T19:41:53.004+0000] {processor.py:183} INFO - Processing /home/airflow/.local/lib/python3.12/site-packages/airflow/example_dags/example_sla_dag.py took 0.347 seconds
[2024-05-18T19:42:23.227+0000] {processor.py:161} INFO - Started process (PID=127) to work on /home/airflow/.local/lib/python3.12/site-packages/airflow/example_dags/example_sla_dag.py
[2024-05-18T19:42:23.228+0000] {processor.py:830} INFO - Processing file /home/airflow/.local/lib/python3.12/site-packages/airflow/example_dags/example_sla_dag.py for tasks to queue
[2024-05-18T19:42:23.230+0000] {logging_mixin.py:188} INFO - [2024-05-18T19:42:23.230+0000] {dagbag.py:545} INFO - Filling up the DagBag from /home/airflow/.local/lib/python3.12/site-packages/airflow/example_dags/example_sla_dag.py
[2024-05-18T19:42:23.238+0000] {processor.py:840} INFO - DAG(s) 'example_sla_dag' retrieved from /home/airflow/.local/lib/python3.12/site-packages/airflow/example_dags/example_sla_dag.py
[2024-05-18T19:42:23.255+0000] {logging_mixin.py:188} INFO - [2024-05-18T19:42:23.255+0000] {dag.py:3096} INFO - Sync 1 DAGs
[2024-05-18T19:42:23.277+0000] {logging_mixin.py:188} INFO - [2024-05-18T19:42:23.277+0000] {dag.py:3954} INFO - Setting next_dagrun for example_sla_dag to 2024-05-18 19:40:00+00:00, run_after=2024-05-18 19:42:00+00:00
[2024-05-18T19:42:23.301+0000] {processor.py:183} INFO - Processing /home/airflow/.local/lib/python3.12/site-packages/airflow/example_dags/example_sla_dag.py took 0.080 seconds
[2024-05-18T19:42:53.459+0000] {processor.py:161} INFO - Started process (PID=185) to work on /home/airflow/.local/lib/python3.12/site-packages/airflow/example_dags/example_sla_dag.py
[2024-05-18T19:42:53.460+0000] {processor.py:830} INFO - Processing file /home/airflow/.local/lib/python3.12/site-packages/airflow/example_dags/example_sla_dag.py for tasks to queue
[2024-05-18T19:42:53.462+0000] {logging_mixin.py:188} INFO - [2024-05-18T19:42:53.462+0000] {dagbag.py:545} INFO - Filling up the DagBag from /home/airflow/.local/lib/python3.12/site-packages/airflow/example_dags/example_sla_dag.py
[2024-05-18T19:42:53.470+0000] {processor.py:840} INFO - DAG(s) 'example_sla_dag' retrieved from /home/airflow/.local/lib/python3.12/site-packages/airflow/example_dags/example_sla_dag.py
[2024-05-18T19:42:53.489+0000] {logging_mixin.py:188} INFO - [2024-05-18T19:42:53.488+0000] {dag.py:3096} INFO - Sync 1 DAGs
[2024-05-18T19:42:53.510+0000] {logging_mixin.py:188} INFO - [2024-05-18T19:42:53.510+0000] {dag.py:3954} INFO - Setting next_dagrun for example_sla_dag to 2024-05-18 19:40:00+00:00, run_after=2024-05-18 19:42:00+00:00
[2024-05-18T19:42:53.531+0000] {processor.py:183} INFO - Processing /home/airflow/.local/lib/python3.12/site-packages/airflow/example_dags/example_sla_dag.py took 0.078 seconds
[2024-05-18T19:43:23.723+0000] {processor.py:161} INFO - Started process (PID=243) to work on /home/airflow/.local/lib/python3.12/site-packages/airflow/example_dags/example_sla_dag.py
[2024-05-18T19:43:23.724+0000] {processor.py:830} INFO - Processing file /home/airflow/.local/lib/python3.12/site-packages/airflow/example_dags/example_sla_dag.py for tasks to queue
[2024-05-18T19:43:23.726+0000] {logging_mixin.py:188} INFO - [2024-05-18T19:43:23.726+0000] {dagbag.py:545} INFO - Filling up the DagBag from /home/airflow/.local/lib/python3.12/site-packages/airflow/example_dags/example_sla_dag.py
[2024-05-18T19:43:23.734+0000] {processor.py:840} INFO - DAG(s) 'example_sla_dag' retrieved from /home/airflow/.local/lib/python3.12/site-packages/airflow/example_dags/example_sla_dag.py
[2024-05-18T19:43:23.753+0000] {logging_mixin.py:188} INFO - [2024-05-18T19:43:23.752+0000] {dag.py:3096} INFO - Sync 1 DAGs
[2024-05-18T19:43:23.774+0000] {logging_mixin.py:188} INFO - [2024-05-18T19:43:23.774+0000] {dag.py:3954} INFO - Setting next_dagrun for example_sla_dag to 2024-05-18 19:40:00+00:00, run_after=2024-05-18 19:42:00+00:00
[2024-05-18T19:43:23.795+0000] {processor.py:183} INFO - Processing /home/airflow/.local/lib/python3.12/site-packages/airflow/example_dags/example_sla_dag.py took 0.078 seconds
[2024-05-18T19:43:54.686+0000] {processor.py:161} INFO - Started process (PID=301) to work on /home/airflow/.local/lib/python3.12/site-packages/airflow/example_dags/example_sla_dag.py
[2024-05-18T19:43:54.687+0000] {processor.py:830} INFO - Processing file /home/airflow/.local/lib/python3.12/site-packages/airflow/example_dags/example_sla_dag.py for tasks to queue
[2024-05-18T19:43:54.689+0000] {logging_mixin.py:188} INFO - [2024-05-18T19:43:54.689+0000] {dagbag.py:545} INFO - Filling up the DagBag from /home/airflow/.local/lib/python3.12/site-packages/airflow/example_dags/example_sla_dag.py
[2024-05-18T19:43:54.698+0000] {processor.py:840} INFO - DAG(s) 'example_sla_dag' retrieved from /home/airflow/.local/lib/python3.12/site-packages/airflow/example_dags/example_sla_dag.py
[2024-05-18T19:43:54.719+0000] {logging_mixin.py:188} INFO - [2024-05-18T19:43:54.718+0000] {dag.py:3096} INFO - Sync 1 DAGs
[2024-05-18T19:43:54.740+0000] {logging_mixin.py:188} INFO - [2024-05-18T19:43:54.740+0000] {dag.py:3954} INFO - Setting next_dagrun for example_sla_dag to 2024-05-18 19:40:00+00:00, run_after=2024-05-18 19:42:00+00:00
[2024-05-18T19:43:54.761+0000] {processor.py:183} INFO - Processing /home/airflow/.local/lib/python3.12/site-packages/airflow/example_dags/example_sla_dag.py took 0.080 seconds
[2024-05-18T19:44:25.036+0000] {processor.py:161} INFO - Started process (PID=359) to work on /home/airflow/.local/lib/python3.12/site-packages/airflow/example_dags/example_sla_dag.py
[2024-05-18T19:44:25.037+0000] {processor.py:830} INFO - Processing file /home/airflow/.local/lib/python3.12/site-packages/airflow/example_dags/example_sla_dag.py for tasks to queue
[2024-05-18T19:44:25.039+0000] {logging_mixin.py:188} INFO - [2024-05-18T19:44:25.039+0000] {dagbag.py:545} INFO - Filling up the DagBag from /home/airflow/.local/lib/python3.12/site-packages/airflow/example_dags/example_sla_dag.py
[2024-05-18T19:44:25.048+0000] {processor.py:840} INFO - DAG(s) 'example_sla_dag' retrieved from /home/airflow/.local/lib/python3.12/site-packages/airflow/example_dags/example_sla_dag.py
[2024-05-18T19:44:25.069+0000] {logging_mixin.py:188} INFO - [2024-05-18T19:44:25.069+0000] {dag.py:3096} INFO - Sync 1 DAGs
[2024-05-18T19:44:25.091+0000] {logging_mixin.py:188} INFO - [2024-05-18T19:44:25.091+0000] {dag.py:3954} INFO - Setting next_dagrun for example_sla_dag to 2024-05-18 19:42:00+00:00, run_after=2024-05-18 19:44:00+00:00
[2024-05-18T19:44:25.118+0000] {processor.py:183} INFO - Processing /home/airflow/.local/lib/python3.12/site-packages/airflow/example_dags/example_sla_dag.py took 0.089 seconds
[2024-05-18T19:44:55.549+0000] {processor.py:161} INFO - Started process (PID=417) to work on /home/airflow/.local/lib/python3.12/site-packages/airflow/example_dags/example_sla_dag.py
[2024-05-18T19:44:55.550+0000] {processor.py:830} INFO - Processing file /home/airflow/.local/lib/python3.12/site-packages/airflow/example_dags/example_sla_dag.py for tasks to queue
[2024-05-18T19:44:55.552+0000] {logging_mixin.py:188} INFO - [2024-05-18T19:44:55.551+0000] {dagbag.py:545} INFO - Filling up the DagBag from /home/airflow/.local/lib/python3.12/site-packages/airflow/example_dags/example_sla_dag.py
[2024-05-18T19:44:55.560+0000] {processor.py:840} INFO - DAG(s) 'example_sla_dag' retrieved from /home/airflow/.local/lib/python3.12/site-packages/airflow/example_dags/example_sla_dag.py
[2024-05-18T19:44:55.579+0000] {logging_mixin.py:188} INFO - [2024-05-18T19:44:55.578+0000] {dag.py:3096} INFO - Sync 1 DAGs
[2024-05-18T19:44:55.601+0000] {logging_mixin.py:188} INFO - [2024-05-18T19:44:55.601+0000] {dag.py:3954} INFO - Setting next_dagrun for example_sla_dag to 2024-05-18 19:42:00+00:00, run_after=2024-05-18 19:44:00+00:00
[2024-05-18T19:44:55.623+0000] {processor.py:183} INFO - Processing /home/airflow/.local/lib/python3.12/site-packages/airflow/example_dags/example_sla_dag.py took 0.080 seconds
[2024-05-18T19:45:25.813+0000] {processor.py:161} INFO - Started process (PID=475) to work on /home/airflow/.local/lib/python3.12/site-packages/airflow/example_dags/example_sla_dag.py
[2024-05-18T19:45:25.813+0000] {processor.py:830} INFO - Processing file /home/airflow/.local/lib/python3.12/site-packages/airflow/example_dags/example_sla_dag.py for tasks to queue
[2024-05-18T19:45:25.815+0000] {logging_mixin.py:188} INFO - [2024-05-18T19:45:25.815+0000] {dagbag.py:545} INFO - Filling up the DagBag from /home/airflow/.local/lib/python3.12/site-packages/airflow/example_dags/example_sla_dag.py
[2024-05-18T19:45:25.823+0000] {processor.py:840} INFO - DAG(s) 'example_sla_dag' retrieved from /home/airflow/.local/lib/python3.12/site-packages/airflow/example_dags/example_sla_dag.py
[2024-05-18T19:45:25.842+0000] {logging_mixin.py:188} INFO - [2024-05-18T19:45:25.842+0000] {dag.py:3096} INFO - Sync 1 DAGs
[2024-05-18T19:45:25.865+0000] {logging_mixin.py:188} INFO - [2024-05-18T19:45:25.865+0000] {dag.py:3954} INFO - Setting next_dagrun for example_sla_dag to 2024-05-18 19:42:00+00:00, run_after=2024-05-18 19:44:00+00:00
[2024-05-18T19:45:25.886+0000] {processor.py:183} INFO - Processing /home/airflow/.local/lib/python3.12/site-packages/airflow/example_dags/example_sla_dag.py took 0.079 seconds
[2024-05-18T19:45:56.150+0000] {processor.py:161} INFO - Started process (PID=533) to work on /home/airflow/.local/lib/python3.12/site-packages/airflow/example_dags/example_sla_dag.py
[2024-05-18T19:45:56.151+0000] {processor.py:830} INFO - Processing file /home/airflow/.local/lib/python3.12/site-packages/airflow/example_dags/example_sla_dag.py for tasks to queue
[2024-05-18T19:45:56.153+0000] {logging_mixin.py:188} INFO - [2024-05-18T19:45:56.153+0000] {dagbag.py:545} INFO - Filling up the DagBag from /home/airflow/.local/lib/python3.12/site-packages/airflow/example_dags/example_sla_dag.py
[2024-05-18T19:45:56.161+0000] {processor.py:840} INFO - DAG(s) 'example_sla_dag' retrieved from /home/airflow/.local/lib/python3.12/site-packages/airflow/example_dags/example_sla_dag.py
[2024-05-18T19:45:56.179+0000] {logging_mixin.py:188} INFO - [2024-05-18T19:45:56.178+0000] {dag.py:3096} INFO - Sync 1 DAGs
[2024-05-18T19:45:56.200+0000] {logging_mixin.py:188} INFO - [2024-05-18T19:45:56.200+0000] {dag.py:3954} INFO - Setting next_dagrun for example_sla_dag to 2024-05-18 19:42:00+00:00, run_after=2024-05-18 19:44:00+00:00
[2024-05-18T19:45:56.223+0000] {processor.py:183} INFO - Processing /home/airflow/.local/lib/python3.12/site-packages/airflow/example_dags/example_sla_dag.py took 0.079 seconds
[2024-05-18T19:46:26.285+0000] {processor.py:161} INFO - Started process (PID=591) to work on /home/airflow/.local/lib/python3.12/site-packages/airflow/example_dags/example_sla_dag.py
[2024-05-18T19:46:26.286+0000] {processor.py:830} INFO - Processing file /home/airflow/.local/lib/python3.12/site-packages/airflow/example_dags/example_sla_dag.py for tasks to queue
[2024-05-18T19:46:26.288+0000] {logging_mixin.py:188} INFO - [2024-05-18T19:46:26.288+0000] {dagbag.py:545} INFO - Filling up the DagBag from /home/airflow/.local/lib/python3.12/site-packages/airflow/example_dags/example_sla_dag.py
[2024-05-18T19:46:26.296+0000] {processor.py:840} INFO - DAG(s) 'example_sla_dag' retrieved from /home/airflow/.local/lib/python3.12/site-packages/airflow/example_dags/example_sla_dag.py
[2024-05-18T19:46:26.315+0000] {logging_mixin.py:188} INFO - [2024-05-18T19:46:26.315+0000] {dag.py:3096} INFO - Sync 1 DAGs
[2024-05-18T19:46:26.337+0000] {logging_mixin.py:188} INFO - [2024-05-18T19:46:26.337+0000] {dag.py:3954} INFO - Setting next_dagrun for example_sla_dag to 2024-05-18 19:44:00+00:00, run_after=2024-05-18 19:46:00+00:00
[2024-05-18T19:46:26.358+0000] {processor.py:183} INFO - Processing /home/airflow/.local/lib/python3.12/site-packages/airflow/example_dags/example_sla_dag.py took 0.079 seconds
[2024-05-18T19:46:56.610+0000] {processor.py:161} INFO - Started process (PID=650) to work on /home/airflow/.local/lib/python3.12/site-packages/airflow/example_dags/example_sla_dag.py
[2024-05-18T19:46:56.611+0000] {processor.py:830} INFO - Processing file /home/airflow/.local/lib/python3.12/site-packages/airflow/example_dags/example_sla_dag.py for tasks to queue
[2024-05-18T19:46:56.613+0000] {logging_mixin.py:188} INFO - [2024-05-18T19:46:56.612+0000] {dagbag.py:545} INFO - Filling up the DagBag from /home/airflow/.local/lib/python3.12/site-packages/airflow/example_dags/example_sla_dag.py
[2024-05-18T19:46:56.621+0000] {processor.py:840} INFO - DAG(s) 'example_sla_dag' retrieved from /home/airflow/.local/lib/python3.12/site-packages/airflow/example_dags/example_sla_dag.py
[2024-05-18T19:46:56.639+0000] {logging_mixin.py:188} INFO - [2024-05-18T19:46:56.639+0000] {dag.py:3096} INFO - Sync 1 DAGs
[2024-05-18T19:46:56.661+0000] {logging_mixin.py:188} INFO - [2024-05-18T19:46:56.660+0000] {dag.py:3954} INFO - Setting next_dagrun for example_sla_dag to 2024-05-18 19:44:00+00:00, run_after=2024-05-18 19:46:00+00:00
[2024-05-18T19:46:56.683+0000] {processor.py:183} INFO - Processing /home/airflow/.local/lib/python3.12/site-packages/airflow/example_dags/example_sla_dag.py took 0.079 seconds
[2024-05-18T19:47:26.916+0000] {processor.py:161} INFO - Started process (PID=708) to work on /home/airflow/.local/lib/python3.12/site-packages/airflow/example_dags/example_sla_dag.py
[2024-05-18T19:47:26.917+0000] {processor.py:830} INFO - Processing file /home/airflow/.local/lib/python3.12/site-packages/airflow/example_dags/example_sla_dag.py for tasks to queue
[2024-05-18T19:47:26.920+0000] {logging_mixin.py:188} INFO - [2024-05-18T19:47:26.919+0000] {dagbag.py:545} INFO - Filling up the DagBag from /home/airflow/.local/lib/python3.12/site-packages/airflow/example_dags/example_sla_dag.py
[2024-05-18T19:47:26.928+0000] {processor.py:840} INFO - DAG(s) 'example_sla_dag' retrieved from /home/airflow/.local/lib/python3.12/site-packages/airflow/example_dags/example_sla_dag.py
[2024-05-18T19:47:26.946+0000] {logging_mixin.py:188} INFO - [2024-05-18T19:47:26.946+0000] {dag.py:3096} INFO - Sync 1 DAGs
[2024-05-18T19:47:26.969+0000] {logging_mixin.py:188} INFO - [2024-05-18T19:47:26.968+0000] {dag.py:3954} INFO - Setting next_dagrun for example_sla_dag to 2024-05-18 19:44:00+00:00, run_after=2024-05-18 19:46:00+00:00
[2024-05-18T19:47:26.994+0000] {processor.py:183} INFO - Processing /home/airflow/.local/lib/python3.12/site-packages/airflow/example_dags/example_sla_dag.py took 0.083 seconds
[2024-05-18T19:47:57.288+0000] {processor.py:161} INFO - Started process (PID=766) to work on /home/airflow/.local/lib/python3.12/site-packages/airflow/example_dags/example_sla_dag.py
[2024-05-18T19:47:57.290+0000] {processor.py:830} INFO - Processing file /home/airflow/.local/lib/python3.12/site-packages/airflow/example_dags/example_sla_dag.py for tasks to queue
[2024-05-18T19:47:57.291+0000] {logging_mixin.py:188} INFO - [2024-05-18T19:47:57.291+0000] {dagbag.py:545} INFO - Filling up the DagBag from /home/airflow/.local/lib/python3.12/site-packages/airflow/example_dags/example_sla_dag.py
[2024-05-18T19:47:57.300+0000] {processor.py:840} INFO - DAG(s) 'example_sla_dag' retrieved from /home/airflow/.local/lib/python3.12/site-packages/airflow/example_dags/example_sla_dag.py
[2024-05-18T19:47:57.318+0000] {logging_mixin.py:188} INFO - [2024-05-18T19:47:57.318+0000] {dag.py:3096} INFO - Sync 1 DAGs
[2024-05-18T19:47:57.340+0000] {logging_mixin.py:188} INFO - [2024-05-18T19:47:57.340+0000] {dag.py:3954} INFO - Setting next_dagrun for example_sla_dag to 2024-05-18 19:44:00+00:00, run_after=2024-05-18 19:46:00+00:00
[2024-05-18T19:47:57.360+0000] {processor.py:183} INFO - Processing /home/airflow/.local/lib/python3.12/site-packages/airflow/example_dags/example_sla_dag.py took 0.077 seconds
[2024-05-18T19:48:27.912+0000] {processor.py:161} INFO - Started process (PID=824) to work on /home/airflow/.local/lib/python3.12/site-packages/airflow/example_dags/example_sla_dag.py
[2024-05-18T19:48:27.913+0000] {processor.py:830} INFO - Processing file /home/airflow/.local/lib/python3.12/site-packages/airflow/example_dags/example_sla_dag.py for tasks to queue
[2024-05-18T19:48:27.915+0000] {logging_mixin.py:188} INFO - [2024-05-18T19:48:27.915+0000] {dagbag.py:545} INFO - Filling up the DagBag from /home/airflow/.local/lib/python3.12/site-packages/airflow/example_dags/example_sla_dag.py
[2024-05-18T19:48:27.924+0000] {processor.py:840} INFO - DAG(s) 'example_sla_dag' retrieved from /home/airflow/.local/lib/python3.12/site-packages/airflow/example_dags/example_sla_dag.py
[2024-05-18T19:48:27.948+0000] {logging_mixin.py:188} INFO - [2024-05-18T19:48:27.948+0000] {dag.py:3096} INFO - Sync 1 DAGs
[2024-05-18T19:48:27.978+0000] {logging_mixin.py:188} INFO - [2024-05-18T19:48:27.978+0000] {dag.py:3954} INFO - Setting next_dagrun for example_sla_dag to 2024-05-18 19:46:00+00:00, run_after=2024-05-18 19:48:00+00:00
[2024-05-18T19:48:28.006+0000] {processor.py:183} INFO - Processing /home/airflow/.local/lib/python3.12/site-packages/airflow/example_dags/example_sla_dag.py took 0.101 seconds
[2024-05-18T19:48:58.073+0000] {processor.py:161} INFO - Started process (PID=882) to work on /home/airflow/.local/lib/python3.12/site-packages/airflow/example_dags/example_sla_dag.py
[2024-05-18T19:48:58.074+0000] {processor.py:830} INFO - Processing file /home/airflow/.local/lib/python3.12/site-packages/airflow/example_dags/example_sla_dag.py for tasks to queue
[2024-05-18T19:48:58.077+0000] {logging_mixin.py:188} INFO - [2024-05-18T19:48:58.076+0000] {dagbag.py:545} INFO - Filling up the DagBag from /home/airflow/.local/lib/python3.12/site-packages/airflow/example_dags/example_sla_dag.py
[2024-05-18T19:48:58.085+0000] {processor.py:840} INFO - DAG(s) 'example_sla_dag' retrieved from /home/airflow/.local/lib/python3.12/site-packages/airflow/example_dags/example_sla_dag.py
[2024-05-18T19:48:58.108+0000] {logging_mixin.py:188} INFO - [2024-05-18T19:48:58.108+0000] {dag.py:3096} INFO - Sync 1 DAGs
[2024-05-18T19:48:58.133+0000] {logging_mixin.py:188} INFO - [2024-05-18T19:48:58.133+0000] {dag.py:3954} INFO - Setting next_dagrun for example_sla_dag to 2024-05-18 19:46:00+00:00, run_after=2024-05-18 19:48:00+00:00
[2024-05-18T19:48:58.155+0000] {processor.py:183} INFO - Processing /home/airflow/.local/lib/python3.12/site-packages/airflow/example_dags/example_sla_dag.py took 0.088 seconds
[2024-05-18T19:49:28.334+0000] {processor.py:161} INFO - Started process (PID=940) to work on /home/airflow/.local/lib/python3.12/site-packages/airflow/example_dags/example_sla_dag.py
[2024-05-18T19:49:28.335+0000] {processor.py:830} INFO - Processing file /home/airflow/.local/lib/python3.12/site-packages/airflow/example_dags/example_sla_dag.py for tasks to queue
[2024-05-18T19:49:28.338+0000] {logging_mixin.py:188} INFO - [2024-05-18T19:49:28.337+0000] {dagbag.py:545} INFO - Filling up the DagBag from /home/airflow/.local/lib/python3.12/site-packages/airflow/example_dags/example_sla_dag.py
[2024-05-18T19:49:28.347+0000] {processor.py:840} INFO - DAG(s) 'example_sla_dag' retrieved from /home/airflow/.local/lib/python3.12/site-packages/airflow/example_dags/example_sla_dag.py
[2024-05-18T19:49:28.367+0000] {logging_mixin.py:188} INFO - [2024-05-18T19:49:28.366+0000] {dag.py:3096} INFO - Sync 1 DAGs
[2024-05-18T19:49:28.393+0000] {logging_mixin.py:188} INFO - [2024-05-18T19:49:28.393+0000] {dag.py:3954} INFO - Setting next_dagrun for example_sla_dag to 2024-05-18 19:46:00+00:00, run_after=2024-05-18 19:48:00+00:00
[2024-05-18T19:49:28.417+0000] {processor.py:183} INFO - Processing /home/airflow/.local/lib/python3.12/site-packages/airflow/example_dags/example_sla_dag.py took 0.089 seconds
[2024-05-18T19:49:58.520+0000] {processor.py:161} INFO - Started process (PID=997) to work on /home/airflow/.local/lib/python3.12/site-packages/airflow/example_dags/example_sla_dag.py
[2024-05-18T19:49:58.521+0000] {processor.py:830} INFO - Processing file /home/airflow/.local/lib/python3.12/site-packages/airflow/example_dags/example_sla_dag.py for tasks to queue
[2024-05-18T19:49:58.523+0000] {logging_mixin.py:188} INFO - [2024-05-18T19:49:58.523+0000] {dagbag.py:545} INFO - Filling up the DagBag from /home/airflow/.local/lib/python3.12/site-packages/airflow/example_dags/example_sla_dag.py
[2024-05-18T19:49:58.531+0000] {processor.py:840} INFO - DAG(s) 'example_sla_dag' retrieved from /home/airflow/.local/lib/python3.12/site-packages/airflow/example_dags/example_sla_dag.py
[2024-05-18T19:49:58.551+0000] {logging_mixin.py:188} INFO - [2024-05-18T19:49:58.550+0000] {dag.py:3096} INFO - Sync 1 DAGs
[2024-05-18T19:49:58.573+0000] {logging_mixin.py:188} INFO - [2024-05-18T19:49:58.573+0000] {dag.py:3954} INFO - Setting next_dagrun for example_sla_dag to 2024-05-18 19:46:00+00:00, run_after=2024-05-18 19:48:00+00:00
[2024-05-18T19:49:58.594+0000] {processor.py:183} INFO - Processing /home/airflow/.local/lib/python3.12/site-packages/airflow/example_dags/example_sla_dag.py took 0.080 seconds
[2024-05-18T19:50:28.881+0000] {processor.py:161} INFO - Started process (PID=1055) to work on /home/airflow/.local/lib/python3.12/site-packages/airflow/example_dags/example_sla_dag.py
[2024-05-18T19:50:28.882+0000] {processor.py:830} INFO - Processing file /home/airflow/.local/lib/python3.12/site-packages/airflow/example_dags/example_sla_dag.py for tasks to queue
[2024-05-18T19:50:28.884+0000] {logging_mixin.py:188} INFO - [2024-05-18T19:50:28.884+0000] {dagbag.py:545} INFO - Filling up the DagBag from /home/airflow/.local/lib/python3.12/site-packages/airflow/example_dags/example_sla_dag.py
[2024-05-18T19:50:28.892+0000] {processor.py:840} INFO - DAG(s) 'example_sla_dag' retrieved from /home/airflow/.local/lib/python3.12/site-packages/airflow/example_dags/example_sla_dag.py
[2024-05-18T19:50:28.911+0000] {logging_mixin.py:188} INFO - [2024-05-18T19:50:28.911+0000] {dag.py:3096} INFO - Sync 1 DAGs
[2024-05-18T19:50:28.935+0000] {logging_mixin.py:188} INFO - [2024-05-18T19:50:28.935+0000] {dag.py:3954} INFO - Setting next_dagrun for example_sla_dag to 2024-05-18 19:48:00+00:00, run_after=2024-05-18 19:50:00+00:00
[2024-05-18T19:50:28.961+0000] {processor.py:183} INFO - Processing /home/airflow/.local/lib/python3.12/site-packages/airflow/example_dags/example_sla_dag.py took 0.086 seconds
[2024-05-18T19:50:59.869+0000] {processor.py:161} INFO - Started process (PID=1113) to work on /home/airflow/.local/lib/python3.12/site-packages/airflow/example_dags/example_sla_dag.py
[2024-05-18T19:50:59.871+0000] {processor.py:830} INFO - Processing file /home/airflow/.local/lib/python3.12/site-packages/airflow/example_dags/example_sla_dag.py for tasks to queue
[2024-05-18T19:50:59.874+0000] {logging_mixin.py:188} INFO - [2024-05-18T19:50:59.873+0000] {dagbag.py:545} INFO - Filling up the DagBag from /home/airflow/.local/lib/python3.12/site-packages/airflow/example_dags/example_sla_dag.py
[2024-05-18T19:50:59.886+0000] {processor.py:840} INFO - DAG(s) 'example_sla_dag' retrieved from /home/airflow/.local/lib/python3.12/site-packages/airflow/example_dags/example_sla_dag.py
[2024-05-18T19:50:59.913+0000] {logging_mixin.py:188} INFO - [2024-05-18T19:50:59.913+0000] {dag.py:3096} INFO - Sync 1 DAGs
[2024-05-18T19:50:59.946+0000] {logging_mixin.py:188} INFO - [2024-05-18T19:50:59.946+0000] {dag.py:3954} INFO - Setting next_dagrun for example_sla_dag to 2024-05-18 19:48:00+00:00, run_after=2024-05-18 19:50:00+00:00
[2024-05-18T19:50:59.976+0000] {processor.py:183} INFO - Processing /home/airflow/.local/lib/python3.12/site-packages/airflow/example_dags/example_sla_dag.py took 0.115 seconds
[2024-05-18T19:51:30.199+0000] {processor.py:161} INFO - Started process (PID=1171) to work on /home/airflow/.local/lib/python3.12/site-packages/airflow/example_dags/example_sla_dag.py
[2024-05-18T19:51:30.200+0000] {processor.py:830} INFO - Processing file /home/airflow/.local/lib/python3.12/site-packages/airflow/example_dags/example_sla_dag.py for tasks to queue
[2024-05-18T19:51:30.203+0000] {logging_mixin.py:188} INFO - [2024-05-18T19:51:30.202+0000] {dagbag.py:545} INFO - Filling up the DagBag from /home/airflow/.local/lib/python3.12/site-packages/airflow/example_dags/example_sla_dag.py
[2024-05-18T19:51:30.211+0000] {processor.py:840} INFO - DAG(s) 'example_sla_dag' retrieved from /home/airflow/.local/lib/python3.12/site-packages/airflow/example_dags/example_sla_dag.py
[2024-05-18T19:51:30.231+0000] {logging_mixin.py:188} INFO - [2024-05-18T19:51:30.230+0000] {dag.py:3096} INFO - Sync 1 DAGs
[2024-05-18T19:51:30.254+0000] {logging_mixin.py:188} INFO - [2024-05-18T19:51:30.253+0000] {dag.py:3954} INFO - Setting next_dagrun for example_sla_dag to 2024-05-18 19:48:00+00:00, run_after=2024-05-18 19:50:00+00:00
[2024-05-18T19:51:30.275+0000] {processor.py:183} INFO - Processing /home/airflow/.local/lib/python3.12/site-packages/airflow/example_dags/example_sla_dag.py took 0.082 seconds
[2024-05-18T19:52:00.696+0000] {processor.py:161} INFO - Started process (PID=1229) to work on /home/airflow/.local/lib/python3.12/site-packages/airflow/example_dags/example_sla_dag.py
[2024-05-18T19:52:00.697+0000] {processor.py:830} INFO - Processing file /home/airflow/.local/lib/python3.12/site-packages/airflow/example_dags/example_sla_dag.py for tasks to queue
[2024-05-18T19:52:00.699+0000] {logging_mixin.py:188} INFO - [2024-05-18T19:52:00.698+0000] {dagbag.py:545} INFO - Filling up the DagBag from /home/airflow/.local/lib/python3.12/site-packages/airflow/example_dags/example_sla_dag.py
[2024-05-18T19:52:00.709+0000] {processor.py:840} INFO - DAG(s) 'example_sla_dag' retrieved from /home/airflow/.local/lib/python3.12/site-packages/airflow/example_dags/example_sla_dag.py
[2024-05-18T19:52:00.731+0000] {logging_mixin.py:188} INFO - [2024-05-18T19:52:00.731+0000] {dag.py:3096} INFO - Sync 1 DAGs
[2024-05-18T19:52:00.758+0000] {logging_mixin.py:188} INFO - [2024-05-18T19:52:00.758+0000] {dag.py:3954} INFO - Setting next_dagrun for example_sla_dag to 2024-05-18 19:50:00+00:00, run_after=2024-05-18 19:52:00+00:00
[2024-05-18T19:52:00.782+0000] {processor.py:183} INFO - Processing /home/airflow/.local/lib/python3.12/site-packages/airflow/example_dags/example_sla_dag.py took 0.093 seconds
[2024-05-18T19:52:31.144+0000] {processor.py:161} INFO - Started process (PID=1287) to work on /home/airflow/.local/lib/python3.12/site-packages/airflow/example_dags/example_sla_dag.py
[2024-05-18T19:52:31.145+0000] {processor.py:830} INFO - Processing file /home/airflow/.local/lib/python3.12/site-packages/airflow/example_dags/example_sla_dag.py for tasks to queue
[2024-05-18T19:52:31.148+0000] {logging_mixin.py:188} INFO - [2024-05-18T19:52:31.147+0000] {dagbag.py:545} INFO - Filling up the DagBag from /home/airflow/.local/lib/python3.12/site-packages/airflow/example_dags/example_sla_dag.py
[2024-05-18T19:52:31.156+0000] {processor.py:840} INFO - DAG(s) 'example_sla_dag' retrieved from /home/airflow/.local/lib/python3.12/site-packages/airflow/example_dags/example_sla_dag.py
[2024-05-18T19:52:31.179+0000] {logging_mixin.py:188} INFO - [2024-05-18T19:52:31.179+0000] {dag.py:3096} INFO - Sync 1 DAGs
[2024-05-18T19:52:31.208+0000] {logging_mixin.py:188} INFO - [2024-05-18T19:52:31.208+0000] {dag.py:3954} INFO - Setting next_dagrun for example_sla_dag to 2024-05-18 19:50:00+00:00, run_after=2024-05-18 19:52:00+00:00
[2024-05-18T19:52:31.237+0000] {processor.py:183} INFO - Processing /home/airflow/.local/lib/python3.12/site-packages/airflow/example_dags/example_sla_dag.py took 0.098 seconds
[2024-05-18T19:53:01.787+0000] {processor.py:161} INFO - Started process (PID=1344) to work on /home/airflow/.local/lib/python3.12/site-packages/airflow/example_dags/example_sla_dag.py
[2024-05-18T19:53:01.789+0000] {processor.py:830} INFO - Processing file /home/airflow/.local/lib/python3.12/site-packages/airflow/example_dags/example_sla_dag.py for tasks to queue
[2024-05-18T19:53:01.791+0000] {logging_mixin.py:188} INFO - [2024-05-18T19:53:01.791+0000] {dagbag.py:545} INFO - Filling up the DagBag from /home/airflow/.local/lib/python3.12/site-packages/airflow/example_dags/example_sla_dag.py
[2024-05-18T19:53:01.800+0000] {processor.py:840} INFO - DAG(s) 'example_sla_dag' retrieved from /home/airflow/.local/lib/python3.12/site-packages/airflow/example_dags/example_sla_dag.py
[2024-05-18T19:53:01.821+0000] {logging_mixin.py:188} INFO - [2024-05-18T19:53:01.821+0000] {dag.py:3096} INFO - Sync 1 DAGs
[2024-05-18T19:53:01.846+0000] {logging_mixin.py:188} INFO - [2024-05-18T19:53:01.845+0000] {dag.py:3954} INFO - Setting next_dagrun for example_sla_dag to 2024-05-18 19:50:00+00:00, run_after=2024-05-18 19:52:00+00:00
[2024-05-18T19:53:01.866+0000] {processor.py:183} INFO - Processing /home/airflow/.local/lib/python3.12/site-packages/airflow/example_dags/example_sla_dag.py took 0.085 seconds
[2024-05-18T19:53:32.590+0000] {processor.py:161} INFO - Started process (PID=1402) to work on /home/airflow/.local/lib/python3.12/site-packages/airflow/example_dags/example_sla_dag.py
[2024-05-18T19:53:32.591+0000] {processor.py:830} INFO - Processing file /home/airflow/.local/lib/python3.12/site-packages/airflow/example_dags/example_sla_dag.py for tasks to queue
[2024-05-18T19:53:32.594+0000] {logging_mixin.py:188} INFO - [2024-05-18T19:53:32.593+0000] {dagbag.py:545} INFO - Filling up the DagBag from /home/airflow/.local/lib/python3.12/site-packages/airflow/example_dags/example_sla_dag.py
[2024-05-18T19:53:32.602+0000] {processor.py:840} INFO - DAG(s) 'example_sla_dag' retrieved from /home/airflow/.local/lib/python3.12/site-packages/airflow/example_dags/example_sla_dag.py
[2024-05-18T19:53:32.624+0000] {logging_mixin.py:188} INFO - [2024-05-18T19:53:32.623+0000] {dag.py:3096} INFO - Sync 1 DAGs
[2024-05-18T19:53:32.651+0000] {logging_mixin.py:188} INFO - [2024-05-18T19:53:32.651+0000] {dag.py:3954} INFO - Setting next_dagrun for example_sla_dag to 2024-05-18 19:50:00+00:00, run_after=2024-05-18 19:52:00+00:00
[2024-05-18T19:53:32.676+0000] {processor.py:183} INFO - Processing /home/airflow/.local/lib/python3.12/site-packages/airflow/example_dags/example_sla_dag.py took 0.092 seconds
[2024-05-18T19:54:03.050+0000] {processor.py:161} INFO - Started process (PID=1460) to work on /home/airflow/.local/lib/python3.12/site-packages/airflow/example_dags/example_sla_dag.py
[2024-05-18T19:54:03.052+0000] {processor.py:830} INFO - Processing file /home/airflow/.local/lib/python3.12/site-packages/airflow/example_dags/example_sla_dag.py for tasks to queue
[2024-05-18T19:54:03.054+0000] {logging_mixin.py:188} INFO - [2024-05-18T19:54:03.054+0000] {dagbag.py:545} INFO - Filling up the DagBag from /home/airflow/.local/lib/python3.12/site-packages/airflow/example_dags/example_sla_dag.py
[2024-05-18T19:54:03.062+0000] {processor.py:840} INFO - DAG(s) 'example_sla_dag' retrieved from /home/airflow/.local/lib/python3.12/site-packages/airflow/example_dags/example_sla_dag.py
[2024-05-18T19:54:03.080+0000] {logging_mixin.py:188} INFO - [2024-05-18T19:54:03.080+0000] {dag.py:3096} INFO - Sync 1 DAGs
[2024-05-18T19:54:03.104+0000] {logging_mixin.py:188} INFO - [2024-05-18T19:54:03.103+0000] {dag.py:3954} INFO - Setting next_dagrun for example_sla_dag to 2024-05-18 19:52:00+00:00, run_after=2024-05-18 19:54:00+00:00
[2024-05-18T19:54:03.124+0000] {processor.py:183} INFO - Processing /home/airflow/.local/lib/python3.12/site-packages/airflow/example_dags/example_sla_dag.py took 0.081 seconds
[2024-05-18T19:54:34.177+0000] {processor.py:161} INFO - Started process (PID=1518) to work on /home/airflow/.local/lib/python3.12/site-packages/airflow/example_dags/example_sla_dag.py
[2024-05-18T19:54:34.178+0000] {processor.py:830} INFO - Processing file /home/airflow/.local/lib/python3.12/site-packages/airflow/example_dags/example_sla_dag.py for tasks to queue
[2024-05-18T19:54:34.180+0000] {logging_mixin.py:188} INFO - [2024-05-18T19:54:34.180+0000] {dagbag.py:545} INFO - Filling up the DagBag from /home/airflow/.local/lib/python3.12/site-packages/airflow/example_dags/example_sla_dag.py
[2024-05-18T19:54:34.188+0000] {processor.py:840} INFO - DAG(s) 'example_sla_dag' retrieved from /home/airflow/.local/lib/python3.12/site-packages/airflow/example_dags/example_sla_dag.py
[2024-05-18T19:54:34.208+0000] {logging_mixin.py:188} INFO - [2024-05-18T19:54:34.207+0000] {dag.py:3096} INFO - Sync 1 DAGs
[2024-05-18T19:54:34.231+0000] {logging_mixin.py:188} INFO - [2024-05-18T19:54:34.230+0000] {dag.py:3954} INFO - Setting next_dagrun for example_sla_dag to 2024-05-18 19:52:00+00:00, run_after=2024-05-18 19:54:00+00:00
[2024-05-18T19:54:34.252+0000] {processor.py:183} INFO - Processing /home/airflow/.local/lib/python3.12/site-packages/airflow/example_dags/example_sla_dag.py took 0.081 seconds
[2024-05-18T19:55:04.447+0000] {processor.py:161} INFO - Started process (PID=1577) to work on /home/airflow/.local/lib/python3.12/site-packages/airflow/example_dags/example_sla_dag.py
[2024-05-18T19:55:04.448+0000] {processor.py:830} INFO - Processing file /home/airflow/.local/lib/python3.12/site-packages/airflow/example_dags/example_sla_dag.py for tasks to queue
[2024-05-18T19:55:04.450+0000] {logging_mixin.py:188} INFO - [2024-05-18T19:55:04.450+0000] {dagbag.py:545} INFO - Filling up the DagBag from /home/airflow/.local/lib/python3.12/site-packages/airflow/example_dags/example_sla_dag.py
[2024-05-18T19:55:04.459+0000] {processor.py:840} INFO - DAG(s) 'example_sla_dag' retrieved from /home/airflow/.local/lib/python3.12/site-packages/airflow/example_dags/example_sla_dag.py
[2024-05-18T19:55:04.477+0000] {logging_mixin.py:188} INFO - [2024-05-18T19:55:04.477+0000] {dag.py:3096} INFO - Sync 1 DAGs
[2024-05-18T19:55:04.500+0000] {logging_mixin.py:188} INFO - [2024-05-18T19:55:04.500+0000] {dag.py:3954} INFO - Setting next_dagrun for example_sla_dag to 2024-05-18 19:52:00+00:00, run_after=2024-05-18 19:54:00+00:00
[2024-05-18T19:55:04.521+0000] {processor.py:183} INFO - Processing /home/airflow/.local/lib/python3.12/site-packages/airflow/example_dags/example_sla_dag.py took 0.080 seconds
[2024-05-18T20:00:13.801+0000] {processor.py:161} INFO - Started process (PID=65) to work on /home/airflow/.local/lib/python3.12/site-packages/airflow/example_dags/example_sla_dag.py
[2024-05-18T20:00:13.802+0000] {processor.py:830} INFO - Processing file /home/airflow/.local/lib/python3.12/site-packages/airflow/example_dags/example_sla_dag.py for tasks to queue
[2024-05-18T20:00:13.804+0000] {logging_mixin.py:188} INFO - [2024-05-18T20:00:13.803+0000] {dagbag.py:545} INFO - Filling up the DagBag from /home/airflow/.local/lib/python3.12/site-packages/airflow/example_dags/example_sla_dag.py
[2024-05-18T20:00:13.814+0000] {processor.py:840} INFO - DAG(s) 'example_sla_dag' retrieved from /home/airflow/.local/lib/python3.12/site-packages/airflow/example_dags/example_sla_dag.py
[2024-05-18T20:00:13.831+0000] {logging_mixin.py:188} INFO - [2024-05-18T20:00:13.831+0000] {dag.py:3096} INFO - Sync 1 DAGs
[2024-05-18T20:00:13.871+0000] {logging_mixin.py:188} INFO - [2024-05-18T20:00:13.871+0000] {dag.py:3954} INFO - Setting next_dagrun for example_sla_dag to 2024-05-18 19:58:00+00:00, run_after=2024-05-18 20:00:00+00:00
[2024-05-18T20:00:13.898+0000] {processor.py:183} INFO - Processing /home/airflow/.local/lib/python3.12/site-packages/airflow/example_dags/example_sla_dag.py took 0.105 seconds
[2024-05-18T20:00:45.160+0000] {processor.py:161} INFO - Started process (PID=123) to work on /home/airflow/.local/lib/python3.12/site-packages/airflow/example_dags/example_sla_dag.py
[2024-05-18T20:00:45.161+0000] {processor.py:830} INFO - Processing file /home/airflow/.local/lib/python3.12/site-packages/airflow/example_dags/example_sla_dag.py for tasks to queue
[2024-05-18T20:00:45.163+0000] {logging_mixin.py:188} INFO - [2024-05-18T20:00:45.163+0000] {dagbag.py:545} INFO - Filling up the DagBag from /home/airflow/.local/lib/python3.12/site-packages/airflow/example_dags/example_sla_dag.py
[2024-05-18T20:00:45.170+0000] {processor.py:840} INFO - DAG(s) 'example_sla_dag' retrieved from /home/airflow/.local/lib/python3.12/site-packages/airflow/example_dags/example_sla_dag.py
[2024-05-18T20:00:45.258+0000] {logging_mixin.py:188} INFO - [2024-05-18T20:00:45.257+0000] {dag.py:3096} INFO - Sync 1 DAGs
[2024-05-18T20:00:45.278+0000] {logging_mixin.py:188} INFO - [2024-05-18T20:00:45.278+0000] {dag.py:3954} INFO - Setting next_dagrun for example_sla_dag to 2024-05-18 19:58:00+00:00, run_after=2024-05-18 20:00:00+00:00
[2024-05-18T20:00:45.299+0000] {processor.py:183} INFO - Processing /home/airflow/.local/lib/python3.12/site-packages/airflow/example_dags/example_sla_dag.py took 0.144 seconds
[2024-05-18T20:01:15.661+0000] {processor.py:161} INFO - Started process (PID=181) to work on /home/airflow/.local/lib/python3.12/site-packages/airflow/example_dags/example_sla_dag.py
[2024-05-18T20:01:15.663+0000] {processor.py:830} INFO - Processing file /home/airflow/.local/lib/python3.12/site-packages/airflow/example_dags/example_sla_dag.py for tasks to queue
[2024-05-18T20:01:15.664+0000] {logging_mixin.py:188} INFO - [2024-05-18T20:01:15.664+0000] {dagbag.py:545} INFO - Filling up the DagBag from /home/airflow/.local/lib/python3.12/site-packages/airflow/example_dags/example_sla_dag.py
[2024-05-18T20:01:15.672+0000] {processor.py:840} INFO - DAG(s) 'example_sla_dag' retrieved from /home/airflow/.local/lib/python3.12/site-packages/airflow/example_dags/example_sla_dag.py
[2024-05-18T20:01:15.691+0000] {logging_mixin.py:188} INFO - [2024-05-18T20:01:15.691+0000] {dag.py:3096} INFO - Sync 1 DAGs
[2024-05-18T20:01:15.713+0000] {logging_mixin.py:188} INFO - [2024-05-18T20:01:15.713+0000] {dag.py:3954} INFO - Setting next_dagrun for example_sla_dag to 2024-05-18 19:58:00+00:00, run_after=2024-05-18 20:00:00+00:00
[2024-05-18T20:01:15.732+0000] {processor.py:183} INFO - Processing /home/airflow/.local/lib/python3.12/site-packages/airflow/example_dags/example_sla_dag.py took 0.076 seconds
[2024-05-18T20:01:45.999+0000] {processor.py:161} INFO - Started process (PID=239) to work on /home/airflow/.local/lib/python3.12/site-packages/airflow/example_dags/example_sla_dag.py
[2024-05-18T20:01:46.000+0000] {processor.py:830} INFO - Processing file /home/airflow/.local/lib/python3.12/site-packages/airflow/example_dags/example_sla_dag.py for tasks to queue
[2024-05-18T20:01:46.001+0000] {logging_mixin.py:188} INFO - [2024-05-18T20:01:46.001+0000] {dagbag.py:545} INFO - Filling up the DagBag from /home/airflow/.local/lib/python3.12/site-packages/airflow/example_dags/example_sla_dag.py
[2024-05-18T20:01:46.010+0000] {processor.py:840} INFO - DAG(s) 'example_sla_dag' retrieved from /home/airflow/.local/lib/python3.12/site-packages/airflow/example_dags/example_sla_dag.py
[2024-05-18T20:01:46.028+0000] {logging_mixin.py:188} INFO - [2024-05-18T20:01:46.028+0000] {dag.py:3096} INFO - Sync 1 DAGs
[2024-05-18T20:01:46.049+0000] {logging_mixin.py:188} INFO - [2024-05-18T20:01:46.049+0000] {dag.py:3954} INFO - Setting next_dagrun for example_sla_dag to 2024-05-18 19:58:00+00:00, run_after=2024-05-18 20:00:00+00:00
[2024-05-18T20:01:46.071+0000] {processor.py:183} INFO - Processing /home/airflow/.local/lib/python3.12/site-packages/airflow/example_dags/example_sla_dag.py took 0.078 seconds
[2024-05-18T20:02:16.540+0000] {processor.py:161} INFO - Started process (PID=297) to work on /home/airflow/.local/lib/python3.12/site-packages/airflow/example_dags/example_sla_dag.py
[2024-05-18T20:02:16.541+0000] {processor.py:830} INFO - Processing file /home/airflow/.local/lib/python3.12/site-packages/airflow/example_dags/example_sla_dag.py for tasks to queue
[2024-05-18T20:02:16.543+0000] {logging_mixin.py:188} INFO - [2024-05-18T20:02:16.542+0000] {dagbag.py:545} INFO - Filling up the DagBag from /home/airflow/.local/lib/python3.12/site-packages/airflow/example_dags/example_sla_dag.py
[2024-05-18T20:02:16.552+0000] {processor.py:840} INFO - DAG(s) 'example_sla_dag' retrieved from /home/airflow/.local/lib/python3.12/site-packages/airflow/example_dags/example_sla_dag.py
[2024-05-18T20:02:16.573+0000] {logging_mixin.py:188} INFO - [2024-05-18T20:02:16.573+0000] {dag.py:3096} INFO - Sync 1 DAGs
[2024-05-18T20:02:16.597+0000] {logging_mixin.py:188} INFO - [2024-05-18T20:02:16.597+0000] {dag.py:3954} INFO - Setting next_dagrun for example_sla_dag to 2024-05-18 20:00:00+00:00, run_after=2024-05-18 20:02:00+00:00
[2024-05-18T20:02:16.620+0000] {processor.py:183} INFO - Processing /home/airflow/.local/lib/python3.12/site-packages/airflow/example_dags/example_sla_dag.py took 0.086 seconds
[2024-05-18T20:02:46.753+0000] {processor.py:161} INFO - Started process (PID=355) to work on /home/airflow/.local/lib/python3.12/site-packages/airflow/example_dags/example_sla_dag.py
[2024-05-18T20:02:46.755+0000] {processor.py:830} INFO - Processing file /home/airflow/.local/lib/python3.12/site-packages/airflow/example_dags/example_sla_dag.py for tasks to queue
[2024-05-18T20:02:46.757+0000] {logging_mixin.py:188} INFO - [2024-05-18T20:02:46.757+0000] {dagbag.py:545} INFO - Filling up the DagBag from /home/airflow/.local/lib/python3.12/site-packages/airflow/example_dags/example_sla_dag.py
[2024-05-18T20:02:46.765+0000] {processor.py:840} INFO - DAG(s) 'example_sla_dag' retrieved from /home/airflow/.local/lib/python3.12/site-packages/airflow/example_dags/example_sla_dag.py
[2024-05-18T20:02:46.788+0000] {logging_mixin.py:188} INFO - [2024-05-18T20:02:46.788+0000] {dag.py:3096} INFO - Sync 1 DAGs
[2024-05-18T20:02:46.816+0000] {logging_mixin.py:188} INFO - [2024-05-18T20:02:46.816+0000] {dag.py:3954} INFO - Setting next_dagrun for example_sla_dag to 2024-05-18 20:00:00+00:00, run_after=2024-05-18 20:02:00+00:00
[2024-05-18T20:02:46.841+0000] {processor.py:183} INFO - Processing /home/airflow/.local/lib/python3.12/site-packages/airflow/example_dags/example_sla_dag.py took 0.094 seconds
[2024-05-18T20:03:17.810+0000] {processor.py:161} INFO - Started process (PID=413) to work on /home/airflow/.local/lib/python3.12/site-packages/airflow/example_dags/example_sla_dag.py
[2024-05-18T20:03:17.810+0000] {processor.py:830} INFO - Processing file /home/airflow/.local/lib/python3.12/site-packages/airflow/example_dags/example_sla_dag.py for tasks to queue
[2024-05-18T20:03:17.812+0000] {logging_mixin.py:188} INFO - [2024-05-18T20:03:17.812+0000] {dagbag.py:545} INFO - Filling up the DagBag from /home/airflow/.local/lib/python3.12/site-packages/airflow/example_dags/example_sla_dag.py
[2024-05-18T20:03:17.820+0000] {processor.py:840} INFO - DAG(s) 'example_sla_dag' retrieved from /home/airflow/.local/lib/python3.12/site-packages/airflow/example_dags/example_sla_dag.py
[2024-05-18T20:03:17.837+0000] {logging_mixin.py:188} INFO - [2024-05-18T20:03:17.837+0000] {dag.py:3096} INFO - Sync 1 DAGs
[2024-05-18T20:03:17.861+0000] {logging_mixin.py:188} INFO - [2024-05-18T20:03:17.860+0000] {dag.py:3954} INFO - Setting next_dagrun for example_sla_dag to 2024-05-18 20:00:00+00:00, run_after=2024-05-18 20:02:00+00:00
[2024-05-18T20:03:17.882+0000] {processor.py:183} INFO - Processing /home/airflow/.local/lib/python3.12/site-packages/airflow/example_dags/example_sla_dag.py took 0.077 seconds
[2024-05-18T20:03:48.240+0000] {processor.py:161} INFO - Started process (PID=471) to work on /home/airflow/.local/lib/python3.12/site-packages/airflow/example_dags/example_sla_dag.py
[2024-05-18T20:03:48.241+0000] {processor.py:830} INFO - Processing file /home/airflow/.local/lib/python3.12/site-packages/airflow/example_dags/example_sla_dag.py for tasks to queue
[2024-05-18T20:03:48.244+0000] {logging_mixin.py:188} INFO - [2024-05-18T20:03:48.243+0000] {dagbag.py:545} INFO - Filling up the DagBag from /home/airflow/.local/lib/python3.12/site-packages/airflow/example_dags/example_sla_dag.py
[2024-05-18T20:03:48.251+0000] {processor.py:840} INFO - DAG(s) 'example_sla_dag' retrieved from /home/airflow/.local/lib/python3.12/site-packages/airflow/example_dags/example_sla_dag.py
[2024-05-18T20:03:48.271+0000] {logging_mixin.py:188} INFO - [2024-05-18T20:03:48.270+0000] {dag.py:3096} INFO - Sync 1 DAGs
[2024-05-18T20:03:48.293+0000] {logging_mixin.py:188} INFO - [2024-05-18T20:03:48.292+0000] {dag.py:3954} INFO - Setting next_dagrun for example_sla_dag to 2024-05-18 20:00:00+00:00, run_after=2024-05-18 20:02:00+00:00
[2024-05-18T20:03:48.314+0000] {processor.py:183} INFO - Processing /home/airflow/.local/lib/python3.12/site-packages/airflow/example_dags/example_sla_dag.py took 0.079 seconds
[2024-05-18T20:04:18.663+0000] {processor.py:161} INFO - Started process (PID=529) to work on /home/airflow/.local/lib/python3.12/site-packages/airflow/example_dags/example_sla_dag.py
[2024-05-18T20:04:18.665+0000] {processor.py:830} INFO - Processing file /home/airflow/.local/lib/python3.12/site-packages/airflow/example_dags/example_sla_dag.py for tasks to queue
[2024-05-18T20:04:18.666+0000] {logging_mixin.py:188} INFO - [2024-05-18T20:04:18.666+0000] {dagbag.py:545} INFO - Filling up the DagBag from /home/airflow/.local/lib/python3.12/site-packages/airflow/example_dags/example_sla_dag.py
[2024-05-18T20:04:18.674+0000] {processor.py:840} INFO - DAG(s) 'example_sla_dag' retrieved from /home/airflow/.local/lib/python3.12/site-packages/airflow/example_dags/example_sla_dag.py
[2024-05-18T20:04:18.698+0000] {logging_mixin.py:188} INFO - [2024-05-18T20:04:18.697+0000] {dag.py:3096} INFO - Sync 1 DAGs
[2024-05-18T20:04:18.720+0000] {logging_mixin.py:188} INFO - [2024-05-18T20:04:18.720+0000] {dag.py:3954} INFO - Setting next_dagrun for example_sla_dag to 2024-05-18 20:02:00+00:00, run_after=2024-05-18 20:04:00+00:00
[2024-05-18T20:04:18.746+0000] {processor.py:183} INFO - Processing /home/airflow/.local/lib/python3.12/site-packages/airflow/example_dags/example_sla_dag.py took 0.088 seconds
[2024-05-18T20:04:48.846+0000] {processor.py:161} INFO - Started process (PID=587) to work on /home/airflow/.local/lib/python3.12/site-packages/airflow/example_dags/example_sla_dag.py
[2024-05-18T20:04:48.847+0000] {processor.py:830} INFO - Processing file /home/airflow/.local/lib/python3.12/site-packages/airflow/example_dags/example_sla_dag.py for tasks to queue
[2024-05-18T20:04:48.851+0000] {logging_mixin.py:188} INFO - [2024-05-18T20:04:48.850+0000] {dagbag.py:545} INFO - Filling up the DagBag from /home/airflow/.local/lib/python3.12/site-packages/airflow/example_dags/example_sla_dag.py
[2024-05-18T20:04:48.862+0000] {processor.py:840} INFO - DAG(s) 'example_sla_dag' retrieved from /home/airflow/.local/lib/python3.12/site-packages/airflow/example_dags/example_sla_dag.py
[2024-05-18T20:04:48.882+0000] {logging_mixin.py:188} INFO - [2024-05-18T20:04:48.881+0000] {dag.py:3096} INFO - Sync 1 DAGs
[2024-05-18T20:04:48.910+0000] {logging_mixin.py:188} INFO - [2024-05-18T20:04:48.910+0000] {dag.py:3954} INFO - Setting next_dagrun for example_sla_dag to 2024-05-18 20:02:00+00:00, run_after=2024-05-18 20:04:00+00:00
[2024-05-18T20:04:48.932+0000] {processor.py:183} INFO - Processing /home/airflow/.local/lib/python3.12/site-packages/airflow/example_dags/example_sla_dag.py took 0.092 seconds
[2024-05-18T20:05:18.982+0000] {processor.py:161} INFO - Started process (PID=645) to work on /home/airflow/.local/lib/python3.12/site-packages/airflow/example_dags/example_sla_dag.py
[2024-05-18T20:05:18.983+0000] {processor.py:830} INFO - Processing file /home/airflow/.local/lib/python3.12/site-packages/airflow/example_dags/example_sla_dag.py for tasks to queue
[2024-05-18T20:05:18.986+0000] {logging_mixin.py:188} INFO - [2024-05-18T20:05:18.986+0000] {dagbag.py:545} INFO - Filling up the DagBag from /home/airflow/.local/lib/python3.12/site-packages/airflow/example_dags/example_sla_dag.py
[2024-05-18T20:05:18.994+0000] {processor.py:840} INFO - DAG(s) 'example_sla_dag' retrieved from /home/airflow/.local/lib/python3.12/site-packages/airflow/example_dags/example_sla_dag.py
[2024-05-18T20:05:19.018+0000] {logging_mixin.py:188} INFO - [2024-05-18T20:05:19.018+0000] {dag.py:3096} INFO - Sync 1 DAGs
[2024-05-18T20:05:19.053+0000] {logging_mixin.py:188} INFO - [2024-05-18T20:05:19.053+0000] {dag.py:3954} INFO - Setting next_dagrun for example_sla_dag to 2024-05-18 20:02:00+00:00, run_after=2024-05-18 20:04:00+00:00
[2024-05-18T20:05:19.076+0000] {processor.py:183} INFO - Processing /home/airflow/.local/lib/python3.12/site-packages/airflow/example_dags/example_sla_dag.py took 0.100 seconds
[2024-05-18T20:05:49.158+0000] {processor.py:161} INFO - Started process (PID=703) to work on /home/airflow/.local/lib/python3.12/site-packages/airflow/example_dags/example_sla_dag.py
[2024-05-18T20:05:49.160+0000] {processor.py:830} INFO - Processing file /home/airflow/.local/lib/python3.12/site-packages/airflow/example_dags/example_sla_dag.py for tasks to queue
[2024-05-18T20:05:49.162+0000] {logging_mixin.py:188} INFO - [2024-05-18T20:05:49.162+0000] {dagbag.py:545} INFO - Filling up the DagBag from /home/airflow/.local/lib/python3.12/site-packages/airflow/example_dags/example_sla_dag.py
[2024-05-18T20:05:49.170+0000] {processor.py:840} INFO - DAG(s) 'example_sla_dag' retrieved from /home/airflow/.local/lib/python3.12/site-packages/airflow/example_dags/example_sla_dag.py
[2024-05-18T20:05:49.187+0000] {logging_mixin.py:188} INFO - [2024-05-18T20:05:49.187+0000] {dag.py:3096} INFO - Sync 1 DAGs
[2024-05-18T20:05:49.217+0000] {logging_mixin.py:188} INFO - [2024-05-18T20:05:49.217+0000] {dag.py:3954} INFO - Setting next_dagrun for example_sla_dag to 2024-05-18 20:02:00+00:00, run_after=2024-05-18 20:04:00+00:00
[2024-05-18T20:05:49.240+0000] {processor.py:183} INFO - Processing /home/airflow/.local/lib/python3.12/site-packages/airflow/example_dags/example_sla_dag.py took 0.088 seconds
[2024-05-18T20:06:19.472+0000] {processor.py:161} INFO - Started process (PID=761) to work on /home/airflow/.local/lib/python3.12/site-packages/airflow/example_dags/example_sla_dag.py
[2024-05-18T20:06:19.473+0000] {processor.py:830} INFO - Processing file /home/airflow/.local/lib/python3.12/site-packages/airflow/example_dags/example_sla_dag.py for tasks to queue
[2024-05-18T20:06:19.475+0000] {logging_mixin.py:188} INFO - [2024-05-18T20:06:19.474+0000] {dagbag.py:545} INFO - Filling up the DagBag from /home/airflow/.local/lib/python3.12/site-packages/airflow/example_dags/example_sla_dag.py
[2024-05-18T20:06:19.483+0000] {processor.py:840} INFO - DAG(s) 'example_sla_dag' retrieved from /home/airflow/.local/lib/python3.12/site-packages/airflow/example_dags/example_sla_dag.py
[2024-05-18T20:06:19.503+0000] {logging_mixin.py:188} INFO - [2024-05-18T20:06:19.503+0000] {dag.py:3096} INFO - Sync 1 DAGs
[2024-05-18T20:06:19.527+0000] {logging_mixin.py:188} INFO - [2024-05-18T20:06:19.527+0000] {dag.py:3954} INFO - Setting next_dagrun for example_sla_dag to 2024-05-18 20:04:00+00:00, run_after=2024-05-18 20:06:00+00:00
[2024-05-18T20:06:19.551+0000] {processor.py:183} INFO - Processing /home/airflow/.local/lib/python3.12/site-packages/airflow/example_dags/example_sla_dag.py took 0.086 seconds
[2024-05-18T20:06:50.648+0000] {processor.py:161} INFO - Started process (PID=819) to work on /home/airflow/.local/lib/python3.12/site-packages/airflow/example_dags/example_sla_dag.py
[2024-05-18T20:06:50.649+0000] {processor.py:830} INFO - Processing file /home/airflow/.local/lib/python3.12/site-packages/airflow/example_dags/example_sla_dag.py for tasks to queue
[2024-05-18T20:06:50.650+0000] {logging_mixin.py:188} INFO - [2024-05-18T20:06:50.650+0000] {dagbag.py:545} INFO - Filling up the DagBag from /home/airflow/.local/lib/python3.12/site-packages/airflow/example_dags/example_sla_dag.py
[2024-05-18T20:06:50.659+0000] {processor.py:840} INFO - DAG(s) 'example_sla_dag' retrieved from /home/airflow/.local/lib/python3.12/site-packages/airflow/example_dags/example_sla_dag.py
[2024-05-18T20:06:50.679+0000] {logging_mixin.py:188} INFO - [2024-05-18T20:06:50.679+0000] {dag.py:3096} INFO - Sync 1 DAGs
[2024-05-18T20:06:50.704+0000] {logging_mixin.py:188} INFO - [2024-05-18T20:06:50.703+0000] {dag.py:3954} INFO - Setting next_dagrun for example_sla_dag to 2024-05-18 20:04:00+00:00, run_after=2024-05-18 20:06:00+00:00
[2024-05-18T20:06:50.723+0000] {processor.py:183} INFO - Processing /home/airflow/.local/lib/python3.12/site-packages/airflow/example_dags/example_sla_dag.py took 0.081 seconds
[2024-05-18T20:07:20.885+0000] {processor.py:161} INFO - Started process (PID=877) to work on /home/airflow/.local/lib/python3.12/site-packages/airflow/example_dags/example_sla_dag.py
[2024-05-18T20:07:20.886+0000] {processor.py:830} INFO - Processing file /home/airflow/.local/lib/python3.12/site-packages/airflow/example_dags/example_sla_dag.py for tasks to queue
[2024-05-18T20:07:20.888+0000] {logging_mixin.py:188} INFO - [2024-05-18T20:07:20.888+0000] {dagbag.py:545} INFO - Filling up the DagBag from /home/airflow/.local/lib/python3.12/site-packages/airflow/example_dags/example_sla_dag.py
[2024-05-18T20:07:20.896+0000] {processor.py:840} INFO - DAG(s) 'example_sla_dag' retrieved from /home/airflow/.local/lib/python3.12/site-packages/airflow/example_dags/example_sla_dag.py
[2024-05-18T20:07:20.916+0000] {logging_mixin.py:188} INFO - [2024-05-18T20:07:20.915+0000] {dag.py:3096} INFO - Sync 1 DAGs
[2024-05-18T20:07:20.937+0000] {logging_mixin.py:188} INFO - [2024-05-18T20:07:20.937+0000] {dag.py:3954} INFO - Setting next_dagrun for example_sla_dag to 2024-05-18 20:04:00+00:00, run_after=2024-05-18 20:06:00+00:00
[2024-05-18T20:07:20.957+0000] {processor.py:183} INFO - Processing /home/airflow/.local/lib/python3.12/site-packages/airflow/example_dags/example_sla_dag.py took 0.078 seconds
[2024-05-18T20:07:51.474+0000] {processor.py:161} INFO - Started process (PID=935) to work on /home/airflow/.local/lib/python3.12/site-packages/airflow/example_dags/example_sla_dag.py
[2024-05-18T20:07:51.475+0000] {processor.py:830} INFO - Processing file /home/airflow/.local/lib/python3.12/site-packages/airflow/example_dags/example_sla_dag.py for tasks to queue
[2024-05-18T20:07:51.476+0000] {logging_mixin.py:188} INFO - [2024-05-18T20:07:51.476+0000] {dagbag.py:545} INFO - Filling up the DagBag from /home/airflow/.local/lib/python3.12/site-packages/airflow/example_dags/example_sla_dag.py
[2024-05-18T20:07:51.484+0000] {processor.py:840} INFO - DAG(s) 'example_sla_dag' retrieved from /home/airflow/.local/lib/python3.12/site-packages/airflow/example_dags/example_sla_dag.py
[2024-05-18T20:07:51.503+0000] {logging_mixin.py:188} INFO - [2024-05-18T20:07:51.503+0000] {dag.py:3096} INFO - Sync 1 DAGs
[2024-05-18T20:07:51.526+0000] {logging_mixin.py:188} INFO - [2024-05-18T20:07:51.526+0000] {dag.py:3954} INFO - Setting next_dagrun for example_sla_dag to 2024-05-18 20:04:00+00:00, run_after=2024-05-18 20:06:00+00:00
[2024-05-18T20:07:51.549+0000] {processor.py:183} INFO - Processing /home/airflow/.local/lib/python3.12/site-packages/airflow/example_dags/example_sla_dag.py took 0.081 seconds
[2024-05-18T20:08:21.648+0000] {processor.py:161} INFO - Started process (PID=994) to work on /home/airflow/.local/lib/python3.12/site-packages/airflow/example_dags/example_sla_dag.py
[2024-05-18T20:08:21.649+0000] {processor.py:830} INFO - Processing file /home/airflow/.local/lib/python3.12/site-packages/airflow/example_dags/example_sla_dag.py for tasks to queue
[2024-05-18T20:08:21.651+0000] {logging_mixin.py:188} INFO - [2024-05-18T20:08:21.651+0000] {dagbag.py:545} INFO - Filling up the DagBag from /home/airflow/.local/lib/python3.12/site-packages/airflow/example_dags/example_sla_dag.py
[2024-05-18T20:08:21.659+0000] {processor.py:840} INFO - DAG(s) 'example_sla_dag' retrieved from /home/airflow/.local/lib/python3.12/site-packages/airflow/example_dags/example_sla_dag.py
[2024-05-18T20:08:21.678+0000] {logging_mixin.py:188} INFO - [2024-05-18T20:08:21.678+0000] {dag.py:3096} INFO - Sync 1 DAGs
[2024-05-18T20:08:21.701+0000] {logging_mixin.py:188} INFO - [2024-05-18T20:08:21.701+0000] {dag.py:3954} INFO - Setting next_dagrun for example_sla_dag to 2024-05-18 20:06:00+00:00, run_after=2024-05-18 20:08:00+00:00
[2024-05-18T20:08:21.723+0000] {processor.py:183} INFO - Processing /home/airflow/.local/lib/python3.12/site-packages/airflow/example_dags/example_sla_dag.py took 0.080 seconds
[2024-05-18T20:08:52.100+0000] {processor.py:161} INFO - Started process (PID=1052) to work on /home/airflow/.local/lib/python3.12/site-packages/airflow/example_dags/example_sla_dag.py
[2024-05-18T20:08:52.101+0000] {processor.py:830} INFO - Processing file /home/airflow/.local/lib/python3.12/site-packages/airflow/example_dags/example_sla_dag.py for tasks to queue
[2024-05-18T20:08:52.102+0000] {logging_mixin.py:188} INFO - [2024-05-18T20:08:52.102+0000] {dagbag.py:545} INFO - Filling up the DagBag from /home/airflow/.local/lib/python3.12/site-packages/airflow/example_dags/example_sla_dag.py
[2024-05-18T20:08:52.110+0000] {processor.py:840} INFO - DAG(s) 'example_sla_dag' retrieved from /home/airflow/.local/lib/python3.12/site-packages/airflow/example_dags/example_sla_dag.py
[2024-05-18T20:08:52.130+0000] {logging_mixin.py:188} INFO - [2024-05-18T20:08:52.130+0000] {dag.py:3096} INFO - Sync 1 DAGs
[2024-05-18T20:08:52.153+0000] {logging_mixin.py:188} INFO - [2024-05-18T20:08:52.153+0000] {dag.py:3954} INFO - Setting next_dagrun for example_sla_dag to 2024-05-18 20:06:00+00:00, run_after=2024-05-18 20:08:00+00:00
[2024-05-18T20:08:52.174+0000] {processor.py:183} INFO - Processing /home/airflow/.local/lib/python3.12/site-packages/airflow/example_dags/example_sla_dag.py took 0.080 seconds
[2024-05-18T20:09:22.632+0000] {processor.py:161} INFO - Started process (PID=1110) to work on /home/airflow/.local/lib/python3.12/site-packages/airflow/example_dags/example_sla_dag.py
[2024-05-18T20:09:22.633+0000] {processor.py:830} INFO - Processing file /home/airflow/.local/lib/python3.12/site-packages/airflow/example_dags/example_sla_dag.py for tasks to queue
[2024-05-18T20:09:22.635+0000] {logging_mixin.py:188} INFO - [2024-05-18T20:09:22.635+0000] {dagbag.py:545} INFO - Filling up the DagBag from /home/airflow/.local/lib/python3.12/site-packages/airflow/example_dags/example_sla_dag.py
[2024-05-18T20:09:22.643+0000] {processor.py:840} INFO - DAG(s) 'example_sla_dag' retrieved from /home/airflow/.local/lib/python3.12/site-packages/airflow/example_dags/example_sla_dag.py
[2024-05-18T20:09:22.662+0000] {logging_mixin.py:188} INFO - [2024-05-18T20:09:22.662+0000] {dag.py:3096} INFO - Sync 1 DAGs
[2024-05-18T20:09:22.686+0000] {logging_mixin.py:188} INFO - [2024-05-18T20:09:22.685+0000] {dag.py:3954} INFO - Setting next_dagrun for example_sla_dag to 2024-05-18 20:06:00+00:00, run_after=2024-05-18 20:08:00+00:00
[2024-05-18T20:09:22.708+0000] {processor.py:183} INFO - Processing /home/airflow/.local/lib/python3.12/site-packages/airflow/example_dags/example_sla_dag.py took 0.081 seconds
[2024-05-18T20:09:53.335+0000] {processor.py:161} INFO - Started process (PID=1168) to work on /home/airflow/.local/lib/python3.12/site-packages/airflow/example_dags/example_sla_dag.py
[2024-05-18T20:09:53.336+0000] {processor.py:830} INFO - Processing file /home/airflow/.local/lib/python3.12/site-packages/airflow/example_dags/example_sla_dag.py for tasks to queue
[2024-05-18T20:09:53.338+0000] {logging_mixin.py:188} INFO - [2024-05-18T20:09:53.338+0000] {dagbag.py:545} INFO - Filling up the DagBag from /home/airflow/.local/lib/python3.12/site-packages/airflow/example_dags/example_sla_dag.py
[2024-05-18T20:09:53.346+0000] {processor.py:840} INFO - DAG(s) 'example_sla_dag' retrieved from /home/airflow/.local/lib/python3.12/site-packages/airflow/example_dags/example_sla_dag.py
[2024-05-18T20:09:53.365+0000] {logging_mixin.py:188} INFO - [2024-05-18T20:09:53.364+0000] {dag.py:3096} INFO - Sync 1 DAGs
[2024-05-18T20:09:53.398+0000] {logging_mixin.py:188} INFO - [2024-05-18T20:09:53.393+0000] {dag.py:3954} INFO - Setting next_dagrun for example_sla_dag to 2024-05-18 20:06:00+00:00, run_after=2024-05-18 20:08:00+00:00
[2024-05-18T20:09:53.437+0000] {processor.py:183} INFO - Processing /home/airflow/.local/lib/python3.12/site-packages/airflow/example_dags/example_sla_dag.py took 0.107 seconds
[2024-05-18T20:10:23.712+0000] {processor.py:161} INFO - Started process (PID=1226) to work on /home/airflow/.local/lib/python3.12/site-packages/airflow/example_dags/example_sla_dag.py
[2024-05-18T20:10:23.713+0000] {processor.py:830} INFO - Processing file /home/airflow/.local/lib/python3.12/site-packages/airflow/example_dags/example_sla_dag.py for tasks to queue
[2024-05-18T20:10:23.715+0000] {logging_mixin.py:188} INFO - [2024-05-18T20:10:23.715+0000] {dagbag.py:545} INFO - Filling up the DagBag from /home/airflow/.local/lib/python3.12/site-packages/airflow/example_dags/example_sla_dag.py
[2024-05-18T20:10:23.723+0000] {processor.py:840} INFO - DAG(s) 'example_sla_dag' retrieved from /home/airflow/.local/lib/python3.12/site-packages/airflow/example_dags/example_sla_dag.py
[2024-05-18T20:10:23.742+0000] {logging_mixin.py:188} INFO - [2024-05-18T20:10:23.742+0000] {dag.py:3096} INFO - Sync 1 DAGs
[2024-05-18T20:10:23.765+0000] {logging_mixin.py:188} INFO - [2024-05-18T20:10:23.764+0000] {dag.py:3954} INFO - Setting next_dagrun for example_sla_dag to 2024-05-18 20:08:00+00:00, run_after=2024-05-18 20:10:00+00:00
[2024-05-18T20:10:23.785+0000] {processor.py:183} INFO - Processing /home/airflow/.local/lib/python3.12/site-packages/airflow/example_dags/example_sla_dag.py took 0.078 seconds
[2024-05-18T20:10:54.222+0000] {processor.py:161} INFO - Started process (PID=1285) to work on /home/airflow/.local/lib/python3.12/site-packages/airflow/example_dags/example_sla_dag.py
[2024-05-18T20:10:54.223+0000] {processor.py:830} INFO - Processing file /home/airflow/.local/lib/python3.12/site-packages/airflow/example_dags/example_sla_dag.py for tasks to queue
[2024-05-18T20:10:54.225+0000] {logging_mixin.py:188} INFO - [2024-05-18T20:10:54.225+0000] {dagbag.py:545} INFO - Filling up the DagBag from /home/airflow/.local/lib/python3.12/site-packages/airflow/example_dags/example_sla_dag.py
[2024-05-18T20:10:54.233+0000] {processor.py:840} INFO - DAG(s) 'example_sla_dag' retrieved from /home/airflow/.local/lib/python3.12/site-packages/airflow/example_dags/example_sla_dag.py
[2024-05-18T20:10:54.252+0000] {logging_mixin.py:188} INFO - [2024-05-18T20:10:54.252+0000] {dag.py:3096} INFO - Sync 1 DAGs
[2024-05-18T20:10:54.391+0000] {logging_mixin.py:188} INFO - [2024-05-18T20:10:54.391+0000] {dag.py:3954} INFO - Setting next_dagrun for example_sla_dag to 2024-05-18 20:08:00+00:00, run_after=2024-05-18 20:10:00+00:00
[2024-05-18T20:10:54.410+0000] {processor.py:183} INFO - Processing /home/airflow/.local/lib/python3.12/site-packages/airflow/example_dags/example_sla_dag.py took 0.194 seconds
[2024-05-18T20:11:24.566+0000] {processor.py:161} INFO - Started process (PID=1343) to work on /home/airflow/.local/lib/python3.12/site-packages/airflow/example_dags/example_sla_dag.py
[2024-05-18T20:11:24.567+0000] {processor.py:830} INFO - Processing file /home/airflow/.local/lib/python3.12/site-packages/airflow/example_dags/example_sla_dag.py for tasks to queue
[2024-05-18T20:11:24.569+0000] {logging_mixin.py:188} INFO - [2024-05-18T20:11:24.569+0000] {dagbag.py:545} INFO - Filling up the DagBag from /home/airflow/.local/lib/python3.12/site-packages/airflow/example_dags/example_sla_dag.py
[2024-05-18T20:11:24.577+0000] {processor.py:840} INFO - DAG(s) 'example_sla_dag' retrieved from /home/airflow/.local/lib/python3.12/site-packages/airflow/example_dags/example_sla_dag.py
[2024-05-18T20:11:24.597+0000] {logging_mixin.py:188} INFO - [2024-05-18T20:11:24.596+0000] {dag.py:3096} INFO - Sync 1 DAGs
[2024-05-18T20:11:24.753+0000] {logging_mixin.py:188} INFO - [2024-05-18T20:11:24.753+0000] {dag.py:3954} INFO - Setting next_dagrun for example_sla_dag to 2024-05-18 20:08:00+00:00, run_after=2024-05-18 20:10:00+00:00
[2024-05-18T20:11:24.774+0000] {processor.py:183} INFO - Processing /home/airflow/.local/lib/python3.12/site-packages/airflow/example_dags/example_sla_dag.py took 0.213 seconds
[2024-05-18T20:11:55.237+0000] {processor.py:161} INFO - Started process (PID=1401) to work on /home/airflow/.local/lib/python3.12/site-packages/airflow/example_dags/example_sla_dag.py
[2024-05-18T20:11:55.239+0000] {processor.py:830} INFO - Processing file /home/airflow/.local/lib/python3.12/site-packages/airflow/example_dags/example_sla_dag.py for tasks to queue
[2024-05-18T20:11:55.240+0000] {logging_mixin.py:188} INFO - [2024-05-18T20:11:55.240+0000] {dagbag.py:545} INFO - Filling up the DagBag from /home/airflow/.local/lib/python3.12/site-packages/airflow/example_dags/example_sla_dag.py
[2024-05-18T20:11:55.249+0000] {processor.py:840} INFO - DAG(s) 'example_sla_dag' retrieved from /home/airflow/.local/lib/python3.12/site-packages/airflow/example_dags/example_sla_dag.py
[2024-05-18T20:11:55.269+0000] {logging_mixin.py:188} INFO - [2024-05-18T20:11:55.268+0000] {dag.py:3096} INFO - Sync 1 DAGs
[2024-05-18T20:11:55.408+0000] {logging_mixin.py:188} INFO - [2024-05-18T20:11:55.408+0000] {dag.py:3954} INFO - Setting next_dagrun for example_sla_dag to 2024-05-18 20:08:00+00:00, run_after=2024-05-18 20:10:00+00:00
[2024-05-18T20:11:55.428+0000] {processor.py:183} INFO - Processing /home/airflow/.local/lib/python3.12/site-packages/airflow/example_dags/example_sla_dag.py took 0.196 seconds
[2024-05-18T20:12:26.512+0000] {processor.py:161} INFO - Started process (PID=1459) to work on /home/airflow/.local/lib/python3.12/site-packages/airflow/example_dags/example_sla_dag.py
[2024-05-18T20:12:26.513+0000] {processor.py:830} INFO - Processing file /home/airflow/.local/lib/python3.12/site-packages/airflow/example_dags/example_sla_dag.py for tasks to queue
[2024-05-18T20:12:26.515+0000] {logging_mixin.py:188} INFO - [2024-05-18T20:12:26.515+0000] {dagbag.py:545} INFO - Filling up the DagBag from /home/airflow/.local/lib/python3.12/site-packages/airflow/example_dags/example_sla_dag.py
[2024-05-18T20:12:26.524+0000] {processor.py:840} INFO - DAG(s) 'example_sla_dag' retrieved from /home/airflow/.local/lib/python3.12/site-packages/airflow/example_dags/example_sla_dag.py
[2024-05-18T20:12:26.545+0000] {logging_mixin.py:188} INFO - [2024-05-18T20:12:26.545+0000] {dag.py:3096} INFO - Sync 1 DAGs
[2024-05-18T20:12:26.570+0000] {logging_mixin.py:188} INFO - [2024-05-18T20:12:26.569+0000] {dag.py:3954} INFO - Setting next_dagrun for example_sla_dag to 2024-05-18 20:10:00+00:00, run_after=2024-05-18 20:12:00+00:00
[2024-05-18T20:12:26.712+0000] {processor.py:183} INFO - Processing /home/airflow/.local/lib/python3.12/site-packages/airflow/example_dags/example_sla_dag.py took 0.206 seconds
[2024-05-18T20:12:57.339+0000] {processor.py:161} INFO - Started process (PID=1517) to work on /home/airflow/.local/lib/python3.12/site-packages/airflow/example_dags/example_sla_dag.py
[2024-05-18T20:12:57.340+0000] {processor.py:830} INFO - Processing file /home/airflow/.local/lib/python3.12/site-packages/airflow/example_dags/example_sla_dag.py for tasks to queue
[2024-05-18T20:12:57.342+0000] {logging_mixin.py:188} INFO - [2024-05-18T20:12:57.341+0000] {dagbag.py:545} INFO - Filling up the DagBag from /home/airflow/.local/lib/python3.12/site-packages/airflow/example_dags/example_sla_dag.py
[2024-05-18T20:12:57.350+0000] {processor.py:840} INFO - DAG(s) 'example_sla_dag' retrieved from /home/airflow/.local/lib/python3.12/site-packages/airflow/example_dags/example_sla_dag.py
[2024-05-18T20:12:57.370+0000] {logging_mixin.py:188} INFO - [2024-05-18T20:12:57.370+0000] {dag.py:3096} INFO - Sync 1 DAGs
[2024-05-18T20:12:57.394+0000] {logging_mixin.py:188} INFO - [2024-05-18T20:12:57.394+0000] {dag.py:3954} INFO - Setting next_dagrun for example_sla_dag to 2024-05-18 20:10:00+00:00, run_after=2024-05-18 20:12:00+00:00
[2024-05-18T20:12:57.420+0000] {processor.py:183} INFO - Processing /home/airflow/.local/lib/python3.12/site-packages/airflow/example_dags/example_sla_dag.py took 0.088 seconds
[2024-05-18T20:13:27.877+0000] {processor.py:161} INFO - Started process (PID=1575) to work on /home/airflow/.local/lib/python3.12/site-packages/airflow/example_dags/example_sla_dag.py
[2024-05-18T20:13:27.879+0000] {processor.py:830} INFO - Processing file /home/airflow/.local/lib/python3.12/site-packages/airflow/example_dags/example_sla_dag.py for tasks to queue
[2024-05-18T20:13:27.880+0000] {logging_mixin.py:188} INFO - [2024-05-18T20:13:27.880+0000] {dagbag.py:545} INFO - Filling up the DagBag from /home/airflow/.local/lib/python3.12/site-packages/airflow/example_dags/example_sla_dag.py
[2024-05-18T20:13:27.889+0000] {processor.py:840} INFO - DAG(s) 'example_sla_dag' retrieved from /home/airflow/.local/lib/python3.12/site-packages/airflow/example_dags/example_sla_dag.py
[2024-05-18T20:13:27.907+0000] {logging_mixin.py:188} INFO - [2024-05-18T20:13:27.907+0000] {dag.py:3096} INFO - Sync 1 DAGs
[2024-05-18T20:13:27.929+0000] {logging_mixin.py:188} INFO - [2024-05-18T20:13:27.928+0000] {dag.py:3954} INFO - Setting next_dagrun for example_sla_dag to 2024-05-18 20:10:00+00:00, run_after=2024-05-18 20:12:00+00:00
[2024-05-18T20:13:27.949+0000] {processor.py:183} INFO - Processing /home/airflow/.local/lib/python3.12/site-packages/airflow/example_dags/example_sla_dag.py took 0.078 seconds
[2024-05-18T20:13:58.140+0000] {processor.py:161} INFO - Started process (PID=1633) to work on /home/airflow/.local/lib/python3.12/site-packages/airflow/example_dags/example_sla_dag.py
[2024-05-18T20:13:58.141+0000] {processor.py:830} INFO - Processing file /home/airflow/.local/lib/python3.12/site-packages/airflow/example_dags/example_sla_dag.py for tasks to queue
[2024-05-18T20:13:58.143+0000] {logging_mixin.py:188} INFO - [2024-05-18T20:13:58.142+0000] {dagbag.py:545} INFO - Filling up the DagBag from /home/airflow/.local/lib/python3.12/site-packages/airflow/example_dags/example_sla_dag.py
[2024-05-18T20:13:58.150+0000] {processor.py:840} INFO - DAG(s) 'example_sla_dag' retrieved from /home/airflow/.local/lib/python3.12/site-packages/airflow/example_dags/example_sla_dag.py
[2024-05-18T20:13:58.173+0000] {logging_mixin.py:188} INFO - [2024-05-18T20:13:58.173+0000] {dag.py:3096} INFO - Sync 1 DAGs
[2024-05-18T20:13:58.196+0000] {logging_mixin.py:188} INFO - [2024-05-18T20:13:58.195+0000] {dag.py:3954} INFO - Setting next_dagrun for example_sla_dag to 2024-05-18 20:10:00+00:00, run_after=2024-05-18 20:12:00+00:00
[2024-05-18T20:13:58.216+0000] {processor.py:183} INFO - Processing /home/airflow/.local/lib/python3.12/site-packages/airflow/example_dags/example_sla_dag.py took 0.083 seconds
[2024-05-18T20:14:28.500+0000] {processor.py:161} INFO - Started process (PID=1691) to work on /home/airflow/.local/lib/python3.12/site-packages/airflow/example_dags/example_sla_dag.py
[2024-05-18T20:14:28.501+0000] {processor.py:830} INFO - Processing file /home/airflow/.local/lib/python3.12/site-packages/airflow/example_dags/example_sla_dag.py for tasks to queue
[2024-05-18T20:14:28.503+0000] {logging_mixin.py:188} INFO - [2024-05-18T20:14:28.503+0000] {dagbag.py:545} INFO - Filling up the DagBag from /home/airflow/.local/lib/python3.12/site-packages/airflow/example_dags/example_sla_dag.py
[2024-05-18T20:14:28.511+0000] {processor.py:840} INFO - DAG(s) 'example_sla_dag' retrieved from /home/airflow/.local/lib/python3.12/site-packages/airflow/example_dags/example_sla_dag.py
[2024-05-18T20:14:28.530+0000] {logging_mixin.py:188} INFO - [2024-05-18T20:14:28.530+0000] {dag.py:3096} INFO - Sync 1 DAGs
[2024-05-18T20:14:28.552+0000] {logging_mixin.py:188} INFO - [2024-05-18T20:14:28.552+0000] {dag.py:3954} INFO - Setting next_dagrun for example_sla_dag to 2024-05-18 20:12:00+00:00, run_after=2024-05-18 20:14:00+00:00
[2024-05-18T20:14:28.572+0000] {processor.py:183} INFO - Processing /home/airflow/.local/lib/python3.12/site-packages/airflow/example_dags/example_sla_dag.py took 0.077 seconds
