[2024-05-18T19:41:46.715+0000] {processor.py:161} INFO - Started process (PID=37) to work on /home/airflow/.local/lib/python3.12/site-packages/airflow/example_dags/example_branch_python_dop_operator_3.py
[2024-05-18T19:41:46.717+0000] {processor.py:830} INFO - Processing file /home/airflow/.local/lib/python3.12/site-packages/airflow/example_dags/example_branch_python_dop_operator_3.py for tasks to queue
[2024-05-18T19:41:46.720+0000] {logging_mixin.py:188} INFO - [2024-05-18T19:41:46.720+0000] {dagbag.py:545} INFO - Filling up the DagBag from /home/airflow/.local/lib/python3.12/site-packages/airflow/example_dags/example_branch_python_dop_operator_3.py
[2024-05-18T19:41:46.737+0000] {processor.py:840} INFO - DAG(s) 'example_branch_dop_operator_v3' retrieved from /home/airflow/.local/lib/python3.12/site-packages/airflow/example_dags/example_branch_python_dop_operator_3.py
[2024-05-18T19:41:46.920+0000] {logging_mixin.py:188} INFO - [2024-05-18T19:41:46.919+0000] {override.py:1829} INFO - Created Permission View: can read on DAG:example_branch_dop_operator_v3
[2024-05-18T19:41:46.939+0000] {logging_mixin.py:188} INFO - [2024-05-18T19:41:46.938+0000] {override.py:1829} INFO - Created Permission View: can delete on DAG:example_branch_dop_operator_v3
[2024-05-18T19:41:46.951+0000] {logging_mixin.py:188} INFO - [2024-05-18T19:41:46.951+0000] {override.py:1829} INFO - Created Permission View: can edit on DAG:example_branch_dop_operator_v3
[2024-05-18T19:41:46.952+0000] {logging_mixin.py:188} INFO - [2024-05-18T19:41:46.952+0000] {dag.py:3096} INFO - Sync 1 DAGs
[2024-05-18T19:41:46.968+0000] {logging_mixin.py:188} INFO - [2024-05-18T19:41:46.968+0000] {dag.py:3118} INFO - Creating ORM DAG for example_branch_dop_operator_v3
[2024-05-18T19:41:46.989+0000] {logging_mixin.py:188} INFO - [2024-05-18T19:41:46.989+0000] {dag.py:3954} INFO - Setting next_dagrun for example_branch_dop_operator_v3 to 2024-05-18 19:40:00+00:00, run_after=2024-05-18 19:41:00+00:00
[2024-05-18T19:41:47.013+0000] {processor.py:183} INFO - Processing /home/airflow/.local/lib/python3.12/site-packages/airflow/example_dags/example_branch_python_dop_operator_3.py took 0.306 seconds
[2024-05-18T19:42:17.458+0000] {processor.py:161} INFO - Started process (PID=94) to work on /home/airflow/.local/lib/python3.12/site-packages/airflow/example_dags/example_branch_python_dop_operator_3.py
[2024-05-18T19:42:17.459+0000] {processor.py:830} INFO - Processing file /home/airflow/.local/lib/python3.12/site-packages/airflow/example_dags/example_branch_python_dop_operator_3.py for tasks to queue
[2024-05-18T19:42:17.461+0000] {logging_mixin.py:188} INFO - [2024-05-18T19:42:17.461+0000] {dagbag.py:545} INFO - Filling up the DagBag from /home/airflow/.local/lib/python3.12/site-packages/airflow/example_dags/example_branch_python_dop_operator_3.py
[2024-05-18T19:42:17.471+0000] {processor.py:840} INFO - DAG(s) 'example_branch_dop_operator_v3' retrieved from /home/airflow/.local/lib/python3.12/site-packages/airflow/example_dags/example_branch_python_dop_operator_3.py
[2024-05-18T19:42:17.492+0000] {logging_mixin.py:188} INFO - [2024-05-18T19:42:17.491+0000] {dag.py:3096} INFO - Sync 1 DAGs
[2024-05-18T19:42:17.515+0000] {logging_mixin.py:188} INFO - [2024-05-18T19:42:17.515+0000] {dag.py:3954} INFO - Setting next_dagrun for example_branch_dop_operator_v3 to 2024-05-18 19:41:00+00:00, run_after=2024-05-18 19:42:00+00:00
[2024-05-18T19:42:17.542+0000] {processor.py:183} INFO - Processing /home/airflow/.local/lib/python3.12/site-packages/airflow/example_dags/example_branch_python_dop_operator_3.py took 0.091 seconds
[2024-05-18T19:42:47.655+0000] {processor.py:161} INFO - Started process (PID=151) to work on /home/airflow/.local/lib/python3.12/site-packages/airflow/example_dags/example_branch_python_dop_operator_3.py
[2024-05-18T19:42:47.656+0000] {processor.py:830} INFO - Processing file /home/airflow/.local/lib/python3.12/site-packages/airflow/example_dags/example_branch_python_dop_operator_3.py for tasks to queue
[2024-05-18T19:42:47.659+0000] {logging_mixin.py:188} INFO - [2024-05-18T19:42:47.659+0000] {dagbag.py:545} INFO - Filling up the DagBag from /home/airflow/.local/lib/python3.12/site-packages/airflow/example_dags/example_branch_python_dop_operator_3.py
[2024-05-18T19:42:47.667+0000] {processor.py:840} INFO - DAG(s) 'example_branch_dop_operator_v3' retrieved from /home/airflow/.local/lib/python3.12/site-packages/airflow/example_dags/example_branch_python_dop_operator_3.py
[2024-05-18T19:42:47.688+0000] {logging_mixin.py:188} INFO - [2024-05-18T19:42:47.687+0000] {dag.py:3096} INFO - Sync 1 DAGs
[2024-05-18T19:42:47.711+0000] {logging_mixin.py:188} INFO - [2024-05-18T19:42:47.710+0000] {dag.py:3954} INFO - Setting next_dagrun for example_branch_dop_operator_v3 to 2024-05-18 19:41:00+00:00, run_after=2024-05-18 19:42:00+00:00
[2024-05-18T19:42:47.732+0000] {processor.py:183} INFO - Processing /home/airflow/.local/lib/python3.12/site-packages/airflow/example_dags/example_branch_python_dop_operator_3.py took 0.083 seconds
[2024-05-18T19:43:17.916+0000] {processor.py:161} INFO - Started process (PID=209) to work on /home/airflow/.local/lib/python3.12/site-packages/airflow/example_dags/example_branch_python_dop_operator_3.py
[2024-05-18T19:43:17.918+0000] {processor.py:830} INFO - Processing file /home/airflow/.local/lib/python3.12/site-packages/airflow/example_dags/example_branch_python_dop_operator_3.py for tasks to queue
[2024-05-18T19:43:17.919+0000] {logging_mixin.py:188} INFO - [2024-05-18T19:43:17.919+0000] {dagbag.py:545} INFO - Filling up the DagBag from /home/airflow/.local/lib/python3.12/site-packages/airflow/example_dags/example_branch_python_dop_operator_3.py
[2024-05-18T19:43:17.927+0000] {processor.py:840} INFO - DAG(s) 'example_branch_dop_operator_v3' retrieved from /home/airflow/.local/lib/python3.12/site-packages/airflow/example_dags/example_branch_python_dop_operator_3.py
[2024-05-18T19:43:17.946+0000] {logging_mixin.py:188} INFO - [2024-05-18T19:43:17.945+0000] {dag.py:3096} INFO - Sync 1 DAGs
[2024-05-18T19:43:17.968+0000] {logging_mixin.py:188} INFO - [2024-05-18T19:43:17.968+0000] {dag.py:3954} INFO - Setting next_dagrun for example_branch_dop_operator_v3 to 2024-05-18 19:42:00+00:00, run_after=2024-05-18 19:43:00+00:00
[2024-05-18T19:43:17.993+0000] {processor.py:183} INFO - Processing /home/airflow/.local/lib/python3.12/site-packages/airflow/example_dags/example_branch_python_dop_operator_3.py took 0.082 seconds
[2024-05-18T19:43:48.062+0000] {processor.py:161} INFO - Started process (PID=267) to work on /home/airflow/.local/lib/python3.12/site-packages/airflow/example_dags/example_branch_python_dop_operator_3.py
[2024-05-18T19:43:48.063+0000] {processor.py:830} INFO - Processing file /home/airflow/.local/lib/python3.12/site-packages/airflow/example_dags/example_branch_python_dop_operator_3.py for tasks to queue
[2024-05-18T19:43:48.065+0000] {logging_mixin.py:188} INFO - [2024-05-18T19:43:48.065+0000] {dagbag.py:545} INFO - Filling up the DagBag from /home/airflow/.local/lib/python3.12/site-packages/airflow/example_dags/example_branch_python_dop_operator_3.py
[2024-05-18T19:43:48.073+0000] {processor.py:840} INFO - DAG(s) 'example_branch_dop_operator_v3' retrieved from /home/airflow/.local/lib/python3.12/site-packages/airflow/example_dags/example_branch_python_dop_operator_3.py
[2024-05-18T19:43:48.094+0000] {logging_mixin.py:188} INFO - [2024-05-18T19:43:48.094+0000] {dag.py:3096} INFO - Sync 1 DAGs
[2024-05-18T19:43:48.117+0000] {logging_mixin.py:188} INFO - [2024-05-18T19:43:48.117+0000] {dag.py:3954} INFO - Setting next_dagrun for example_branch_dop_operator_v3 to 2024-05-18 19:42:00+00:00, run_after=2024-05-18 19:43:00+00:00
[2024-05-18T19:43:48.139+0000] {processor.py:183} INFO - Processing /home/airflow/.local/lib/python3.12/site-packages/airflow/example_dags/example_branch_python_dop_operator_3.py took 0.083 seconds
[2024-05-18T19:44:18.404+0000] {processor.py:161} INFO - Started process (PID=325) to work on /home/airflow/.local/lib/python3.12/site-packages/airflow/example_dags/example_branch_python_dop_operator_3.py
[2024-05-18T19:44:18.405+0000] {processor.py:830} INFO - Processing file /home/airflow/.local/lib/python3.12/site-packages/airflow/example_dags/example_branch_python_dop_operator_3.py for tasks to queue
[2024-05-18T19:44:18.408+0000] {logging_mixin.py:188} INFO - [2024-05-18T19:44:18.408+0000] {dagbag.py:545} INFO - Filling up the DagBag from /home/airflow/.local/lib/python3.12/site-packages/airflow/example_dags/example_branch_python_dop_operator_3.py
[2024-05-18T19:44:18.420+0000] {processor.py:840} INFO - DAG(s) 'example_branch_dop_operator_v3' retrieved from /home/airflow/.local/lib/python3.12/site-packages/airflow/example_dags/example_branch_python_dop_operator_3.py
[2024-05-18T19:44:18.469+0000] {logging_mixin.py:188} INFO - [2024-05-18T19:44:18.469+0000] {dag.py:3096} INFO - Sync 1 DAGs
[2024-05-18T19:44:18.493+0000] {logging_mixin.py:188} INFO - [2024-05-18T19:44:18.493+0000] {dag.py:3954} INFO - Setting next_dagrun for example_branch_dop_operator_v3 to 2024-05-18 19:43:00+00:00, run_after=2024-05-18 19:44:00+00:00
[2024-05-18T19:44:18.513+0000] {processor.py:183} INFO - Processing /home/airflow/.local/lib/python3.12/site-packages/airflow/example_dags/example_branch_python_dop_operator_3.py took 0.115 seconds
[2024-05-18T19:44:48.833+0000] {processor.py:161} INFO - Started process (PID=383) to work on /home/airflow/.local/lib/python3.12/site-packages/airflow/example_dags/example_branch_python_dop_operator_3.py
[2024-05-18T19:44:48.835+0000] {processor.py:830} INFO - Processing file /home/airflow/.local/lib/python3.12/site-packages/airflow/example_dags/example_branch_python_dop_operator_3.py for tasks to queue
[2024-05-18T19:44:48.837+0000] {logging_mixin.py:188} INFO - [2024-05-18T19:44:48.836+0000] {dagbag.py:545} INFO - Filling up the DagBag from /home/airflow/.local/lib/python3.12/site-packages/airflow/example_dags/example_branch_python_dop_operator_3.py
[2024-05-18T19:44:48.844+0000] {processor.py:840} INFO - DAG(s) 'example_branch_dop_operator_v3' retrieved from /home/airflow/.local/lib/python3.12/site-packages/airflow/example_dags/example_branch_python_dop_operator_3.py
[2024-05-18T19:44:48.863+0000] {logging_mixin.py:188} INFO - [2024-05-18T19:44:48.863+0000] {dag.py:3096} INFO - Sync 1 DAGs
[2024-05-18T19:44:48.887+0000] {logging_mixin.py:188} INFO - [2024-05-18T19:44:48.887+0000] {dag.py:3954} INFO - Setting next_dagrun for example_branch_dop_operator_v3 to 2024-05-18 19:43:00+00:00, run_after=2024-05-18 19:44:00+00:00
[2024-05-18T19:44:48.966+0000] {processor.py:183} INFO - Processing /home/airflow/.local/lib/python3.12/site-packages/airflow/example_dags/example_branch_python_dop_operator_3.py took 0.138 seconds
[2024-05-18T19:45:19.200+0000] {processor.py:161} INFO - Started process (PID=441) to work on /home/airflow/.local/lib/python3.12/site-packages/airflow/example_dags/example_branch_python_dop_operator_3.py
[2024-05-18T19:45:19.201+0000] {processor.py:830} INFO - Processing file /home/airflow/.local/lib/python3.12/site-packages/airflow/example_dags/example_branch_python_dop_operator_3.py for tasks to queue
[2024-05-18T19:45:19.203+0000] {logging_mixin.py:188} INFO - [2024-05-18T19:45:19.203+0000] {dagbag.py:545} INFO - Filling up the DagBag from /home/airflow/.local/lib/python3.12/site-packages/airflow/example_dags/example_branch_python_dop_operator_3.py
[2024-05-18T19:45:19.211+0000] {processor.py:840} INFO - DAG(s) 'example_branch_dop_operator_v3' retrieved from /home/airflow/.local/lib/python3.12/site-packages/airflow/example_dags/example_branch_python_dop_operator_3.py
[2024-05-18T19:45:19.233+0000] {logging_mixin.py:188} INFO - [2024-05-18T19:45:19.233+0000] {dag.py:3096} INFO - Sync 1 DAGs
[2024-05-18T19:45:19.258+0000] {logging_mixin.py:188} INFO - [2024-05-18T19:45:19.257+0000] {dag.py:3954} INFO - Setting next_dagrun for example_branch_dop_operator_v3 to 2024-05-18 19:44:00+00:00, run_after=2024-05-18 19:45:00+00:00
[2024-05-18T19:45:19.281+0000] {processor.py:183} INFO - Processing /home/airflow/.local/lib/python3.12/site-packages/airflow/example_dags/example_branch_python_dop_operator_3.py took 0.087 seconds
[2024-05-18T19:45:49.553+0000] {processor.py:161} INFO - Started process (PID=499) to work on /home/airflow/.local/lib/python3.12/site-packages/airflow/example_dags/example_branch_python_dop_operator_3.py
[2024-05-18T19:45:49.555+0000] {processor.py:830} INFO - Processing file /home/airflow/.local/lib/python3.12/site-packages/airflow/example_dags/example_branch_python_dop_operator_3.py for tasks to queue
[2024-05-18T19:45:49.557+0000] {logging_mixin.py:188} INFO - [2024-05-18T19:45:49.557+0000] {dagbag.py:545} INFO - Filling up the DagBag from /home/airflow/.local/lib/python3.12/site-packages/airflow/example_dags/example_branch_python_dop_operator_3.py
[2024-05-18T19:45:49.565+0000] {processor.py:840} INFO - DAG(s) 'example_branch_dop_operator_v3' retrieved from /home/airflow/.local/lib/python3.12/site-packages/airflow/example_dags/example_branch_python_dop_operator_3.py
[2024-05-18T19:45:49.587+0000] {logging_mixin.py:188} INFO - [2024-05-18T19:45:49.586+0000] {dag.py:3096} INFO - Sync 1 DAGs
[2024-05-18T19:45:49.611+0000] {logging_mixin.py:188} INFO - [2024-05-18T19:45:49.611+0000] {dag.py:3954} INFO - Setting next_dagrun for example_branch_dop_operator_v3 to 2024-05-18 19:44:00+00:00, run_after=2024-05-18 19:45:00+00:00
[2024-05-18T19:45:49.637+0000] {processor.py:183} INFO - Processing /home/airflow/.local/lib/python3.12/site-packages/airflow/example_dags/example_branch_python_dop_operator_3.py took 0.090 seconds
[2024-05-18T19:46:19.816+0000] {processor.py:161} INFO - Started process (PID=557) to work on /home/airflow/.local/lib/python3.12/site-packages/airflow/example_dags/example_branch_python_dop_operator_3.py
[2024-05-18T19:46:19.817+0000] {processor.py:830} INFO - Processing file /home/airflow/.local/lib/python3.12/site-packages/airflow/example_dags/example_branch_python_dop_operator_3.py for tasks to queue
[2024-05-18T19:46:19.819+0000] {logging_mixin.py:188} INFO - [2024-05-18T19:46:19.819+0000] {dagbag.py:545} INFO - Filling up the DagBag from /home/airflow/.local/lib/python3.12/site-packages/airflow/example_dags/example_branch_python_dop_operator_3.py
[2024-05-18T19:46:19.828+0000] {processor.py:840} INFO - DAG(s) 'example_branch_dop_operator_v3' retrieved from /home/airflow/.local/lib/python3.12/site-packages/airflow/example_dags/example_branch_python_dop_operator_3.py
[2024-05-18T19:46:19.848+0000] {logging_mixin.py:188} INFO - [2024-05-18T19:46:19.848+0000] {dag.py:3096} INFO - Sync 1 DAGs
[2024-05-18T19:46:19.872+0000] {logging_mixin.py:188} INFO - [2024-05-18T19:46:19.872+0000] {dag.py:3954} INFO - Setting next_dagrun for example_branch_dop_operator_v3 to 2024-05-18 19:45:00+00:00, run_after=2024-05-18 19:46:00+00:00
[2024-05-18T19:46:19.896+0000] {processor.py:183} INFO - Processing /home/airflow/.local/lib/python3.12/site-packages/airflow/example_dags/example_branch_python_dop_operator_3.py took 0.085 seconds
[2024-05-18T19:46:50.151+0000] {processor.py:161} INFO - Started process (PID=615) to work on /home/airflow/.local/lib/python3.12/site-packages/airflow/example_dags/example_branch_python_dop_operator_3.py
[2024-05-18T19:46:50.153+0000] {processor.py:830} INFO - Processing file /home/airflow/.local/lib/python3.12/site-packages/airflow/example_dags/example_branch_python_dop_operator_3.py for tasks to queue
[2024-05-18T19:46:50.155+0000] {logging_mixin.py:188} INFO - [2024-05-18T19:46:50.154+0000] {dagbag.py:545} INFO - Filling up the DagBag from /home/airflow/.local/lib/python3.12/site-packages/airflow/example_dags/example_branch_python_dop_operator_3.py
[2024-05-18T19:46:50.163+0000] {processor.py:840} INFO - DAG(s) 'example_branch_dop_operator_v3' retrieved from /home/airflow/.local/lib/python3.12/site-packages/airflow/example_dags/example_branch_python_dop_operator_3.py
[2024-05-18T19:46:50.184+0000] {logging_mixin.py:188} INFO - [2024-05-18T19:46:50.184+0000] {dag.py:3096} INFO - Sync 1 DAGs
[2024-05-18T19:46:50.209+0000] {logging_mixin.py:188} INFO - [2024-05-18T19:46:50.209+0000] {dag.py:3954} INFO - Setting next_dagrun for example_branch_dop_operator_v3 to 2024-05-18 19:45:00+00:00, run_after=2024-05-18 19:46:00+00:00
[2024-05-18T19:46:50.235+0000] {processor.py:183} INFO - Processing /home/airflow/.local/lib/python3.12/site-packages/airflow/example_dags/example_branch_python_dop_operator_3.py took 0.089 seconds
[2024-05-18T19:47:20.385+0000] {processor.py:161} INFO - Started process (PID=674) to work on /home/airflow/.local/lib/python3.12/site-packages/airflow/example_dags/example_branch_python_dop_operator_3.py
[2024-05-18T19:47:20.386+0000] {processor.py:830} INFO - Processing file /home/airflow/.local/lib/python3.12/site-packages/airflow/example_dags/example_branch_python_dop_operator_3.py for tasks to queue
[2024-05-18T19:47:20.389+0000] {logging_mixin.py:188} INFO - [2024-05-18T19:47:20.388+0000] {dagbag.py:545} INFO - Filling up the DagBag from /home/airflow/.local/lib/python3.12/site-packages/airflow/example_dags/example_branch_python_dop_operator_3.py
[2024-05-18T19:47:20.398+0000] {processor.py:840} INFO - DAG(s) 'example_branch_dop_operator_v3' retrieved from /home/airflow/.local/lib/python3.12/site-packages/airflow/example_dags/example_branch_python_dop_operator_3.py
[2024-05-18T19:47:20.419+0000] {logging_mixin.py:188} INFO - [2024-05-18T19:47:20.419+0000] {dag.py:3096} INFO - Sync 1 DAGs
[2024-05-18T19:47:20.450+0000] {logging_mixin.py:188} INFO - [2024-05-18T19:47:20.450+0000] {dag.py:3954} INFO - Setting next_dagrun for example_branch_dop_operator_v3 to 2024-05-18 19:46:00+00:00, run_after=2024-05-18 19:47:00+00:00
[2024-05-18T19:47:20.473+0000] {processor.py:183} INFO - Processing /home/airflow/.local/lib/python3.12/site-packages/airflow/example_dags/example_branch_python_dop_operator_3.py took 0.094 seconds
[2024-05-18T19:47:50.609+0000] {processor.py:161} INFO - Started process (PID=732) to work on /home/airflow/.local/lib/python3.12/site-packages/airflow/example_dags/example_branch_python_dop_operator_3.py
[2024-05-18T19:47:50.610+0000] {processor.py:830} INFO - Processing file /home/airflow/.local/lib/python3.12/site-packages/airflow/example_dags/example_branch_python_dop_operator_3.py for tasks to queue
[2024-05-18T19:47:50.613+0000] {logging_mixin.py:188} INFO - [2024-05-18T19:47:50.612+0000] {dagbag.py:545} INFO - Filling up the DagBag from /home/airflow/.local/lib/python3.12/site-packages/airflow/example_dags/example_branch_python_dop_operator_3.py
[2024-05-18T19:47:50.624+0000] {processor.py:840} INFO - DAG(s) 'example_branch_dop_operator_v3' retrieved from /home/airflow/.local/lib/python3.12/site-packages/airflow/example_dags/example_branch_python_dop_operator_3.py
[2024-05-18T19:47:50.646+0000] {logging_mixin.py:188} INFO - [2024-05-18T19:47:50.645+0000] {dag.py:3096} INFO - Sync 1 DAGs
[2024-05-18T19:47:50.673+0000] {logging_mixin.py:188} INFO - [2024-05-18T19:47:50.673+0000] {dag.py:3954} INFO - Setting next_dagrun for example_branch_dop_operator_v3 to 2024-05-18 19:46:00+00:00, run_after=2024-05-18 19:47:00+00:00
[2024-05-18T19:47:50.698+0000] {processor.py:183} INFO - Processing /home/airflow/.local/lib/python3.12/site-packages/airflow/example_dags/example_branch_python_dop_operator_3.py took 0.097 seconds
[2024-05-18T19:48:21.022+0000] {processor.py:161} INFO - Started process (PID=790) to work on /home/airflow/.local/lib/python3.12/site-packages/airflow/example_dags/example_branch_python_dop_operator_3.py
[2024-05-18T19:48:21.023+0000] {processor.py:830} INFO - Processing file /home/airflow/.local/lib/python3.12/site-packages/airflow/example_dags/example_branch_python_dop_operator_3.py for tasks to queue
[2024-05-18T19:48:21.026+0000] {logging_mixin.py:188} INFO - [2024-05-18T19:48:21.025+0000] {dagbag.py:545} INFO - Filling up the DagBag from /home/airflow/.local/lib/python3.12/site-packages/airflow/example_dags/example_branch_python_dop_operator_3.py
[2024-05-18T19:48:21.034+0000] {processor.py:840} INFO - DAG(s) 'example_branch_dop_operator_v3' retrieved from /home/airflow/.local/lib/python3.12/site-packages/airflow/example_dags/example_branch_python_dop_operator_3.py
[2024-05-18T19:48:21.056+0000] {logging_mixin.py:188} INFO - [2024-05-18T19:48:21.056+0000] {dag.py:3096} INFO - Sync 1 DAGs
[2024-05-18T19:48:21.082+0000] {logging_mixin.py:188} INFO - [2024-05-18T19:48:21.082+0000] {dag.py:3954} INFO - Setting next_dagrun for example_branch_dop_operator_v3 to 2024-05-18 19:47:00+00:00, run_after=2024-05-18 19:48:00+00:00
[2024-05-18T19:48:21.106+0000] {processor.py:183} INFO - Processing /home/airflow/.local/lib/python3.12/site-packages/airflow/example_dags/example_branch_python_dop_operator_3.py took 0.089 seconds
[2024-05-18T19:48:51.275+0000] {processor.py:161} INFO - Started process (PID=854) to work on /home/airflow/.local/lib/python3.12/site-packages/airflow/example_dags/example_branch_python_dop_operator_3.py
[2024-05-18T19:48:51.276+0000] {processor.py:830} INFO - Processing file /home/airflow/.local/lib/python3.12/site-packages/airflow/example_dags/example_branch_python_dop_operator_3.py for tasks to queue
[2024-05-18T19:48:51.278+0000] {logging_mixin.py:188} INFO - [2024-05-18T19:48:51.278+0000] {dagbag.py:545} INFO - Filling up the DagBag from /home/airflow/.local/lib/python3.12/site-packages/airflow/example_dags/example_branch_python_dop_operator_3.py
[2024-05-18T19:48:51.287+0000] {processor.py:840} INFO - DAG(s) 'example_branch_dop_operator_v3' retrieved from /home/airflow/.local/lib/python3.12/site-packages/airflow/example_dags/example_branch_python_dop_operator_3.py
[2024-05-18T19:48:51.307+0000] {logging_mixin.py:188} INFO - [2024-05-18T19:48:51.307+0000] {dag.py:3096} INFO - Sync 1 DAGs
[2024-05-18T19:48:51.333+0000] {logging_mixin.py:188} INFO - [2024-05-18T19:48:51.333+0000] {dag.py:3954} INFO - Setting next_dagrun for example_branch_dop_operator_v3 to 2024-05-18 19:47:00+00:00, run_after=2024-05-18 19:48:00+00:00
[2024-05-18T19:48:51.354+0000] {processor.py:183} INFO - Processing /home/airflow/.local/lib/python3.12/site-packages/airflow/example_dags/example_branch_python_dop_operator_3.py took 0.087 seconds
[2024-05-18T19:49:21.499+0000] {processor.py:161} INFO - Started process (PID=912) to work on /home/airflow/.local/lib/python3.12/site-packages/airflow/example_dags/example_branch_python_dop_operator_3.py
[2024-05-18T19:49:21.500+0000] {processor.py:830} INFO - Processing file /home/airflow/.local/lib/python3.12/site-packages/airflow/example_dags/example_branch_python_dop_operator_3.py for tasks to queue
[2024-05-18T19:49:21.502+0000] {logging_mixin.py:188} INFO - [2024-05-18T19:49:21.502+0000] {dagbag.py:545} INFO - Filling up the DagBag from /home/airflow/.local/lib/python3.12/site-packages/airflow/example_dags/example_branch_python_dop_operator_3.py
[2024-05-18T19:49:21.511+0000] {processor.py:840} INFO - DAG(s) 'example_branch_dop_operator_v3' retrieved from /home/airflow/.local/lib/python3.12/site-packages/airflow/example_dags/example_branch_python_dop_operator_3.py
[2024-05-18T19:49:21.531+0000] {logging_mixin.py:188} INFO - [2024-05-18T19:49:21.531+0000] {dag.py:3096} INFO - Sync 1 DAGs
[2024-05-18T19:49:21.557+0000] {logging_mixin.py:188} INFO - [2024-05-18T19:49:21.557+0000] {dag.py:3954} INFO - Setting next_dagrun for example_branch_dop_operator_v3 to 2024-05-18 19:48:00+00:00, run_after=2024-05-18 19:49:00+00:00
[2024-05-18T19:49:21.578+0000] {processor.py:183} INFO - Processing /home/airflow/.local/lib/python3.12/site-packages/airflow/example_dags/example_branch_python_dop_operator_3.py took 0.086 seconds
[2024-05-18T19:49:51.675+0000] {processor.py:161} INFO - Started process (PID=969) to work on /home/airflow/.local/lib/python3.12/site-packages/airflow/example_dags/example_branch_python_dop_operator_3.py
[2024-05-18T19:49:51.676+0000] {processor.py:830} INFO - Processing file /home/airflow/.local/lib/python3.12/site-packages/airflow/example_dags/example_branch_python_dop_operator_3.py for tasks to queue
[2024-05-18T19:49:51.678+0000] {logging_mixin.py:188} INFO - [2024-05-18T19:49:51.678+0000] {dagbag.py:545} INFO - Filling up the DagBag from /home/airflow/.local/lib/python3.12/site-packages/airflow/example_dags/example_branch_python_dop_operator_3.py
[2024-05-18T19:49:51.693+0000] {processor.py:840} INFO - DAG(s) 'example_branch_dop_operator_v3' retrieved from /home/airflow/.local/lib/python3.12/site-packages/airflow/example_dags/example_branch_python_dop_operator_3.py
[2024-05-18T19:49:51.715+0000] {logging_mixin.py:188} INFO - [2024-05-18T19:49:51.715+0000] {dag.py:3096} INFO - Sync 1 DAGs
[2024-05-18T19:49:51.746+0000] {logging_mixin.py:188} INFO - [2024-05-18T19:49:51.746+0000] {dag.py:3954} INFO - Setting next_dagrun for example_branch_dop_operator_v3 to 2024-05-18 19:48:00+00:00, run_after=2024-05-18 19:49:00+00:00
[2024-05-18T19:49:51.767+0000] {processor.py:183} INFO - Processing /home/airflow/.local/lib/python3.12/site-packages/airflow/example_dags/example_branch_python_dop_operator_3.py took 0.098 seconds
[2024-05-18T19:50:21.942+0000] {processor.py:161} INFO - Started process (PID=1027) to work on /home/airflow/.local/lib/python3.12/site-packages/airflow/example_dags/example_branch_python_dop_operator_3.py
[2024-05-18T19:50:21.944+0000] {processor.py:830} INFO - Processing file /home/airflow/.local/lib/python3.12/site-packages/airflow/example_dags/example_branch_python_dop_operator_3.py for tasks to queue
[2024-05-18T19:50:21.946+0000] {logging_mixin.py:188} INFO - [2024-05-18T19:50:21.945+0000] {dagbag.py:545} INFO - Filling up the DagBag from /home/airflow/.local/lib/python3.12/site-packages/airflow/example_dags/example_branch_python_dop_operator_3.py
[2024-05-18T19:50:21.954+0000] {processor.py:840} INFO - DAG(s) 'example_branch_dop_operator_v3' retrieved from /home/airflow/.local/lib/python3.12/site-packages/airflow/example_dags/example_branch_python_dop_operator_3.py
[2024-05-18T19:50:21.975+0000] {logging_mixin.py:188} INFO - [2024-05-18T19:50:21.974+0000] {dag.py:3096} INFO - Sync 1 DAGs
[2024-05-18T19:50:22.000+0000] {logging_mixin.py:188} INFO - [2024-05-18T19:50:21.999+0000] {dag.py:3954} INFO - Setting next_dagrun for example_branch_dop_operator_v3 to 2024-05-18 19:49:00+00:00, run_after=2024-05-18 19:50:00+00:00
[2024-05-18T19:50:22.022+0000] {processor.py:183} INFO - Processing /home/airflow/.local/lib/python3.12/site-packages/airflow/example_dags/example_branch_python_dop_operator_3.py took 0.086 seconds
[2024-05-18T19:50:52.123+0000] {processor.py:161} INFO - Started process (PID=1085) to work on /home/airflow/.local/lib/python3.12/site-packages/airflow/example_dags/example_branch_python_dop_operator_3.py
[2024-05-18T19:50:52.124+0000] {processor.py:830} INFO - Processing file /home/airflow/.local/lib/python3.12/site-packages/airflow/example_dags/example_branch_python_dop_operator_3.py for tasks to queue
[2024-05-18T19:50:52.127+0000] {logging_mixin.py:188} INFO - [2024-05-18T19:50:52.127+0000] {dagbag.py:545} INFO - Filling up the DagBag from /home/airflow/.local/lib/python3.12/site-packages/airflow/example_dags/example_branch_python_dop_operator_3.py
[2024-05-18T19:50:52.135+0000] {processor.py:840} INFO - DAG(s) 'example_branch_dop_operator_v3' retrieved from /home/airflow/.local/lib/python3.12/site-packages/airflow/example_dags/example_branch_python_dop_operator_3.py
[2024-05-18T19:50:52.157+0000] {logging_mixin.py:188} INFO - [2024-05-18T19:50:52.157+0000] {dag.py:3096} INFO - Sync 1 DAGs
[2024-05-18T19:50:52.193+0000] {logging_mixin.py:188} INFO - [2024-05-18T19:50:52.193+0000] {dag.py:3954} INFO - Setting next_dagrun for example_branch_dop_operator_v3 to 2024-05-18 19:49:00+00:00, run_after=2024-05-18 19:50:00+00:00
[2024-05-18T19:50:52.223+0000] {processor.py:183} INFO - Processing /home/airflow/.local/lib/python3.12/site-packages/airflow/example_dags/example_branch_python_dop_operator_3.py took 0.105 seconds
[2024-05-18T19:51:22.616+0000] {processor.py:161} INFO - Started process (PID=1143) to work on /home/airflow/.local/lib/python3.12/site-packages/airflow/example_dags/example_branch_python_dop_operator_3.py
[2024-05-18T19:51:22.617+0000] {processor.py:830} INFO - Processing file /home/airflow/.local/lib/python3.12/site-packages/airflow/example_dags/example_branch_python_dop_operator_3.py for tasks to queue
[2024-05-18T19:51:22.619+0000] {logging_mixin.py:188} INFO - [2024-05-18T19:51:22.619+0000] {dagbag.py:545} INFO - Filling up the DagBag from /home/airflow/.local/lib/python3.12/site-packages/airflow/example_dags/example_branch_python_dop_operator_3.py
[2024-05-18T19:51:22.627+0000] {processor.py:840} INFO - DAG(s) 'example_branch_dop_operator_v3' retrieved from /home/airflow/.local/lib/python3.12/site-packages/airflow/example_dags/example_branch_python_dop_operator_3.py
[2024-05-18T19:51:22.648+0000] {logging_mixin.py:188} INFO - [2024-05-18T19:51:22.648+0000] {dag.py:3096} INFO - Sync 1 DAGs
[2024-05-18T19:51:22.673+0000] {logging_mixin.py:188} INFO - [2024-05-18T19:51:22.673+0000] {dag.py:3954} INFO - Setting next_dagrun for example_branch_dop_operator_v3 to 2024-05-18 19:50:00+00:00, run_after=2024-05-18 19:51:00+00:00
[2024-05-18T19:51:22.695+0000] {processor.py:183} INFO - Processing /home/airflow/.local/lib/python3.12/site-packages/airflow/example_dags/example_branch_python_dop_operator_3.py took 0.085 seconds
[2024-05-18T19:51:52.910+0000] {processor.py:161} INFO - Started process (PID=1201) to work on /home/airflow/.local/lib/python3.12/site-packages/airflow/example_dags/example_branch_python_dop_operator_3.py
[2024-05-18T19:51:52.912+0000] {processor.py:830} INFO - Processing file /home/airflow/.local/lib/python3.12/site-packages/airflow/example_dags/example_branch_python_dop_operator_3.py for tasks to queue
[2024-05-18T19:51:52.914+0000] {logging_mixin.py:188} INFO - [2024-05-18T19:51:52.914+0000] {dagbag.py:545} INFO - Filling up the DagBag from /home/airflow/.local/lib/python3.12/site-packages/airflow/example_dags/example_branch_python_dop_operator_3.py
[2024-05-18T19:51:52.924+0000] {processor.py:840} INFO - DAG(s) 'example_branch_dop_operator_v3' retrieved from /home/airflow/.local/lib/python3.12/site-packages/airflow/example_dags/example_branch_python_dop_operator_3.py
[2024-05-18T19:51:52.945+0000] {logging_mixin.py:188} INFO - [2024-05-18T19:51:52.945+0000] {dag.py:3096} INFO - Sync 1 DAGs
[2024-05-18T19:51:52.970+0000] {logging_mixin.py:188} INFO - [2024-05-18T19:51:52.969+0000] {dag.py:3954} INFO - Setting next_dagrun for example_branch_dop_operator_v3 to 2024-05-18 19:50:00+00:00, run_after=2024-05-18 19:51:00+00:00
[2024-05-18T19:51:52.992+0000] {processor.py:183} INFO - Processing /home/airflow/.local/lib/python3.12/site-packages/airflow/example_dags/example_branch_python_dop_operator_3.py took 0.087 seconds
[2024-05-18T19:52:23.679+0000] {processor.py:161} INFO - Started process (PID=1259) to work on /home/airflow/.local/lib/python3.12/site-packages/airflow/example_dags/example_branch_python_dop_operator_3.py
[2024-05-18T19:52:23.681+0000] {processor.py:830} INFO - Processing file /home/airflow/.local/lib/python3.12/site-packages/airflow/example_dags/example_branch_python_dop_operator_3.py for tasks to queue
[2024-05-18T19:52:23.683+0000] {logging_mixin.py:188} INFO - [2024-05-18T19:52:23.683+0000] {dagbag.py:545} INFO - Filling up the DagBag from /home/airflow/.local/lib/python3.12/site-packages/airflow/example_dags/example_branch_python_dop_operator_3.py
[2024-05-18T19:52:23.692+0000] {processor.py:840} INFO - DAG(s) 'example_branch_dop_operator_v3' retrieved from /home/airflow/.local/lib/python3.12/site-packages/airflow/example_dags/example_branch_python_dop_operator_3.py
[2024-05-18T19:52:23.713+0000] {logging_mixin.py:188} INFO - [2024-05-18T19:52:23.713+0000] {dag.py:3096} INFO - Sync 1 DAGs
[2024-05-18T19:52:23.745+0000] {logging_mixin.py:188} INFO - [2024-05-18T19:52:23.745+0000] {dag.py:3954} INFO - Setting next_dagrun for example_branch_dop_operator_v3 to 2024-05-18 19:51:00+00:00, run_after=2024-05-18 19:52:00+00:00
[2024-05-18T19:52:23.768+0000] {processor.py:183} INFO - Processing /home/airflow/.local/lib/python3.12/site-packages/airflow/example_dags/example_branch_python_dop_operator_3.py took 0.094 seconds
[2024-05-18T19:52:54.820+0000] {processor.py:161} INFO - Started process (PID=1317) to work on /home/airflow/.local/lib/python3.12/site-packages/airflow/example_dags/example_branch_python_dop_operator_3.py
[2024-05-18T19:52:54.824+0000] {processor.py:830} INFO - Processing file /home/airflow/.local/lib/python3.12/site-packages/airflow/example_dags/example_branch_python_dop_operator_3.py for tasks to queue
[2024-05-18T19:52:54.831+0000] {logging_mixin.py:188} INFO - [2024-05-18T19:52:54.830+0000] {dagbag.py:545} INFO - Filling up the DagBag from /home/airflow/.local/lib/python3.12/site-packages/airflow/example_dags/example_branch_python_dop_operator_3.py
[2024-05-18T19:52:54.840+0000] {processor.py:840} INFO - DAG(s) 'example_branch_dop_operator_v3' retrieved from /home/airflow/.local/lib/python3.12/site-packages/airflow/example_dags/example_branch_python_dop_operator_3.py
[2024-05-18T19:52:54.863+0000] {logging_mixin.py:188} INFO - [2024-05-18T19:52:54.862+0000] {dag.py:3096} INFO - Sync 1 DAGs
[2024-05-18T19:52:55.009+0000] {logging_mixin.py:188} INFO - [2024-05-18T19:52:55.009+0000] {dag.py:3954} INFO - Setting next_dagrun for example_branch_dop_operator_v3 to 2024-05-18 19:51:00+00:00, run_after=2024-05-18 19:52:00+00:00
[2024-05-18T19:52:55.029+0000] {processor.py:183} INFO - Processing /home/airflow/.local/lib/python3.12/site-packages/airflow/example_dags/example_branch_python_dop_operator_3.py took 0.215 seconds
[2024-05-18T19:53:25.411+0000] {processor.py:161} INFO - Started process (PID=1375) to work on /home/airflow/.local/lib/python3.12/site-packages/airflow/example_dags/example_branch_python_dop_operator_3.py
[2024-05-18T19:53:25.412+0000] {processor.py:830} INFO - Processing file /home/airflow/.local/lib/python3.12/site-packages/airflow/example_dags/example_branch_python_dop_operator_3.py for tasks to queue
[2024-05-18T19:53:25.414+0000] {logging_mixin.py:188} INFO - [2024-05-18T19:53:25.414+0000] {dagbag.py:545} INFO - Filling up the DagBag from /home/airflow/.local/lib/python3.12/site-packages/airflow/example_dags/example_branch_python_dop_operator_3.py
[2024-05-18T19:53:25.422+0000] {processor.py:840} INFO - DAG(s) 'example_branch_dop_operator_v3' retrieved from /home/airflow/.local/lib/python3.12/site-packages/airflow/example_dags/example_branch_python_dop_operator_3.py
[2024-05-18T19:53:25.442+0000] {logging_mixin.py:188} INFO - [2024-05-18T19:53:25.441+0000] {dag.py:3096} INFO - Sync 1 DAGs
[2024-05-18T19:53:25.579+0000] {logging_mixin.py:188} INFO - [2024-05-18T19:53:25.579+0000] {dag.py:3954} INFO - Setting next_dagrun for example_branch_dop_operator_v3 to 2024-05-18 19:52:00+00:00, run_after=2024-05-18 19:53:00+00:00
[2024-05-18T19:53:25.599+0000] {processor.py:183} INFO - Processing /home/airflow/.local/lib/python3.12/site-packages/airflow/example_dags/example_branch_python_dop_operator_3.py took 0.193 seconds
[2024-05-18T19:53:55.976+0000] {processor.py:161} INFO - Started process (PID=1433) to work on /home/airflow/.local/lib/python3.12/site-packages/airflow/example_dags/example_branch_python_dop_operator_3.py
[2024-05-18T19:53:55.978+0000] {processor.py:830} INFO - Processing file /home/airflow/.local/lib/python3.12/site-packages/airflow/example_dags/example_branch_python_dop_operator_3.py for tasks to queue
[2024-05-18T19:53:55.980+0000] {logging_mixin.py:188} INFO - [2024-05-18T19:53:55.980+0000] {dagbag.py:545} INFO - Filling up the DagBag from /home/airflow/.local/lib/python3.12/site-packages/airflow/example_dags/example_branch_python_dop_operator_3.py
[2024-05-18T19:53:55.990+0000] {processor.py:840} INFO - DAG(s) 'example_branch_dop_operator_v3' retrieved from /home/airflow/.local/lib/python3.12/site-packages/airflow/example_dags/example_branch_python_dop_operator_3.py
[2024-05-18T19:53:56.013+0000] {logging_mixin.py:188} INFO - [2024-05-18T19:53:56.013+0000] {dag.py:3096} INFO - Sync 1 DAGs
[2024-05-18T19:53:56.198+0000] {logging_mixin.py:188} INFO - [2024-05-18T19:53:56.198+0000] {dag.py:3954} INFO - Setting next_dagrun for example_branch_dop_operator_v3 to 2024-05-18 19:52:00+00:00, run_after=2024-05-18 19:53:00+00:00
[2024-05-18T19:53:56.232+0000] {processor.py:183} INFO - Processing /home/airflow/.local/lib/python3.12/site-packages/airflow/example_dags/example_branch_python_dop_operator_3.py took 0.262 seconds
[2024-05-18T19:54:26.662+0000] {processor.py:161} INFO - Started process (PID=1490) to work on /home/airflow/.local/lib/python3.12/site-packages/airflow/example_dags/example_branch_python_dop_operator_3.py
[2024-05-18T19:54:26.664+0000] {processor.py:830} INFO - Processing file /home/airflow/.local/lib/python3.12/site-packages/airflow/example_dags/example_branch_python_dop_operator_3.py for tasks to queue
[2024-05-18T19:54:26.666+0000] {logging_mixin.py:188} INFO - [2024-05-18T19:54:26.666+0000] {dagbag.py:545} INFO - Filling up the DagBag from /home/airflow/.local/lib/python3.12/site-packages/airflow/example_dags/example_branch_python_dop_operator_3.py
[2024-05-18T19:54:26.675+0000] {processor.py:840} INFO - DAG(s) 'example_branch_dop_operator_v3' retrieved from /home/airflow/.local/lib/python3.12/site-packages/airflow/example_dags/example_branch_python_dop_operator_3.py
[2024-05-18T19:54:26.696+0000] {logging_mixin.py:188} INFO - [2024-05-18T19:54:26.696+0000] {dag.py:3096} INFO - Sync 1 DAGs
[2024-05-18T19:54:26.721+0000] {logging_mixin.py:188} INFO - [2024-05-18T19:54:26.721+0000] {dag.py:3954} INFO - Setting next_dagrun for example_branch_dop_operator_v3 to 2024-05-18 19:53:00+00:00, run_after=2024-05-18 19:54:00+00:00
[2024-05-18T19:54:26.743+0000] {processor.py:183} INFO - Processing /home/airflow/.local/lib/python3.12/site-packages/airflow/example_dags/example_branch_python_dop_operator_3.py took 0.087 seconds
[2024-05-18T19:54:56.890+0000] {processor.py:161} INFO - Started process (PID=1549) to work on /home/airflow/.local/lib/python3.12/site-packages/airflow/example_dags/example_branch_python_dop_operator_3.py
[2024-05-18T19:54:56.891+0000] {processor.py:830} INFO - Processing file /home/airflow/.local/lib/python3.12/site-packages/airflow/example_dags/example_branch_python_dop_operator_3.py for tasks to queue
[2024-05-18T19:54:56.893+0000] {logging_mixin.py:188} INFO - [2024-05-18T19:54:56.893+0000] {dagbag.py:545} INFO - Filling up the DagBag from /home/airflow/.local/lib/python3.12/site-packages/airflow/example_dags/example_branch_python_dop_operator_3.py
[2024-05-18T19:54:56.902+0000] {processor.py:840} INFO - DAG(s) 'example_branch_dop_operator_v3' retrieved from /home/airflow/.local/lib/python3.12/site-packages/airflow/example_dags/example_branch_python_dop_operator_3.py
[2024-05-18T19:54:56.922+0000] {logging_mixin.py:188} INFO - [2024-05-18T19:54:56.922+0000] {dag.py:3096} INFO - Sync 1 DAGs
[2024-05-18T19:54:56.948+0000] {logging_mixin.py:188} INFO - [2024-05-18T19:54:56.947+0000] {dag.py:3954} INFO - Setting next_dagrun for example_branch_dop_operator_v3 to 2024-05-18 19:53:00+00:00, run_after=2024-05-18 19:54:00+00:00
[2024-05-18T19:54:56.969+0000] {processor.py:183} INFO - Processing /home/airflow/.local/lib/python3.12/site-packages/airflow/example_dags/example_branch_python_dop_operator_3.py took 0.085 seconds
[2024-05-18T20:00:12.018+0000] {processor.py:161} INFO - Started process (PID=37) to work on /home/airflow/.local/lib/python3.12/site-packages/airflow/example_dags/example_branch_python_dop_operator_3.py
[2024-05-18T20:00:12.019+0000] {processor.py:830} INFO - Processing file /home/airflow/.local/lib/python3.12/site-packages/airflow/example_dags/example_branch_python_dop_operator_3.py for tasks to queue
[2024-05-18T20:00:12.021+0000] {logging_mixin.py:188} INFO - [2024-05-18T20:00:12.021+0000] {dagbag.py:545} INFO - Filling up the DagBag from /home/airflow/.local/lib/python3.12/site-packages/airflow/example_dags/example_branch_python_dop_operator_3.py
[2024-05-18T20:00:12.032+0000] {processor.py:840} INFO - DAG(s) 'example_branch_dop_operator_v3' retrieved from /home/airflow/.local/lib/python3.12/site-packages/airflow/example_dags/example_branch_python_dop_operator_3.py
[2024-05-18T20:00:12.047+0000] {logging_mixin.py:188} INFO - [2024-05-18T20:00:12.047+0000] {dag.py:3096} INFO - Sync 1 DAGs
[2024-05-18T20:00:12.085+0000] {logging_mixin.py:188} INFO - [2024-05-18T20:00:12.084+0000] {dag.py:3954} INFO - Setting next_dagrun for example_branch_dop_operator_v3 to 2024-05-18 19:59:00+00:00, run_after=2024-05-18 20:00:00+00:00
[2024-05-18T20:00:12.109+0000] {processor.py:183} INFO - Processing /home/airflow/.local/lib/python3.12/site-packages/airflow/example_dags/example_branch_python_dop_operator_3.py took 0.097 seconds
[2024-05-18T20:00:42.566+0000] {processor.py:161} INFO - Started process (PID=95) to work on /home/airflow/.local/lib/python3.12/site-packages/airflow/example_dags/example_branch_python_dop_operator_3.py
[2024-05-18T20:00:42.567+0000] {processor.py:830} INFO - Processing file /home/airflow/.local/lib/python3.12/site-packages/airflow/example_dags/example_branch_python_dop_operator_3.py for tasks to queue
[2024-05-18T20:00:42.569+0000] {logging_mixin.py:188} INFO - [2024-05-18T20:00:42.569+0000] {dagbag.py:545} INFO - Filling up the DagBag from /home/airflow/.local/lib/python3.12/site-packages/airflow/example_dags/example_branch_python_dop_operator_3.py
[2024-05-18T20:00:42.577+0000] {processor.py:840} INFO - DAG(s) 'example_branch_dop_operator_v3' retrieved from /home/airflow/.local/lib/python3.12/site-packages/airflow/example_dags/example_branch_python_dop_operator_3.py
[2024-05-18T20:00:42.669+0000] {logging_mixin.py:188} INFO - [2024-05-18T20:00:42.669+0000] {dag.py:3096} INFO - Sync 1 DAGs
[2024-05-18T20:00:42.691+0000] {logging_mixin.py:188} INFO - [2024-05-18T20:00:42.691+0000] {dag.py:3954} INFO - Setting next_dagrun for example_branch_dop_operator_v3 to 2024-05-18 19:59:00+00:00, run_after=2024-05-18 20:00:00+00:00
[2024-05-18T20:00:42.711+0000] {processor.py:183} INFO - Processing /home/airflow/.local/lib/python3.12/site-packages/airflow/example_dags/example_branch_python_dop_operator_3.py took 0.151 seconds
[2024-05-18T20:01:13.122+0000] {processor.py:161} INFO - Started process (PID=153) to work on /home/airflow/.local/lib/python3.12/site-packages/airflow/example_dags/example_branch_python_dop_operator_3.py
[2024-05-18T20:01:13.124+0000] {processor.py:830} INFO - Processing file /home/airflow/.local/lib/python3.12/site-packages/airflow/example_dags/example_branch_python_dop_operator_3.py for tasks to queue
[2024-05-18T20:01:13.126+0000] {logging_mixin.py:188} INFO - [2024-05-18T20:01:13.126+0000] {dagbag.py:545} INFO - Filling up the DagBag from /home/airflow/.local/lib/python3.12/site-packages/airflow/example_dags/example_branch_python_dop_operator_3.py
[2024-05-18T20:01:13.134+0000] {processor.py:840} INFO - DAG(s) 'example_branch_dop_operator_v3' retrieved from /home/airflow/.local/lib/python3.12/site-packages/airflow/example_dags/example_branch_python_dop_operator_3.py
[2024-05-18T20:01:13.154+0000] {logging_mixin.py:188} INFO - [2024-05-18T20:01:13.154+0000] {dag.py:3096} INFO - Sync 1 DAGs
[2024-05-18T20:01:13.177+0000] {logging_mixin.py:188} INFO - [2024-05-18T20:01:13.177+0000] {dag.py:3954} INFO - Setting next_dagrun for example_branch_dop_operator_v3 to 2024-05-18 20:00:00+00:00, run_after=2024-05-18 20:01:00+00:00
[2024-05-18T20:01:13.199+0000] {processor.py:183} INFO - Processing /home/airflow/.local/lib/python3.12/site-packages/airflow/example_dags/example_branch_python_dop_operator_3.py took 0.081 seconds
[2024-05-18T20:01:43.410+0000] {processor.py:161} INFO - Started process (PID=211) to work on /home/airflow/.local/lib/python3.12/site-packages/airflow/example_dags/example_branch_python_dop_operator_3.py
[2024-05-18T20:01:43.411+0000] {processor.py:830} INFO - Processing file /home/airflow/.local/lib/python3.12/site-packages/airflow/example_dags/example_branch_python_dop_operator_3.py for tasks to queue
[2024-05-18T20:01:43.413+0000] {logging_mixin.py:188} INFO - [2024-05-18T20:01:43.413+0000] {dagbag.py:545} INFO - Filling up the DagBag from /home/airflow/.local/lib/python3.12/site-packages/airflow/example_dags/example_branch_python_dop_operator_3.py
[2024-05-18T20:01:43.422+0000] {processor.py:840} INFO - DAG(s) 'example_branch_dop_operator_v3' retrieved from /home/airflow/.local/lib/python3.12/site-packages/airflow/example_dags/example_branch_python_dop_operator_3.py
[2024-05-18T20:01:43.442+0000] {logging_mixin.py:188} INFO - [2024-05-18T20:01:43.441+0000] {dag.py:3096} INFO - Sync 1 DAGs
[2024-05-18T20:01:43.468+0000] {logging_mixin.py:188} INFO - [2024-05-18T20:01:43.467+0000] {dag.py:3954} INFO - Setting next_dagrun for example_branch_dop_operator_v3 to 2024-05-18 20:00:00+00:00, run_after=2024-05-18 20:01:00+00:00
[2024-05-18T20:01:43.491+0000] {processor.py:183} INFO - Processing /home/airflow/.local/lib/python3.12/site-packages/airflow/example_dags/example_branch_python_dop_operator_3.py took 0.087 seconds
[2024-05-18T20:02:13.756+0000] {processor.py:161} INFO - Started process (PID=269) to work on /home/airflow/.local/lib/python3.12/site-packages/airflow/example_dags/example_branch_python_dop_operator_3.py
[2024-05-18T20:02:13.757+0000] {processor.py:830} INFO - Processing file /home/airflow/.local/lib/python3.12/site-packages/airflow/example_dags/example_branch_python_dop_operator_3.py for tasks to queue
[2024-05-18T20:02:13.759+0000] {logging_mixin.py:188} INFO - [2024-05-18T20:02:13.759+0000] {dagbag.py:545} INFO - Filling up the DagBag from /home/airflow/.local/lib/python3.12/site-packages/airflow/example_dags/example_branch_python_dop_operator_3.py
[2024-05-18T20:02:13.769+0000] {processor.py:840} INFO - DAG(s) 'example_branch_dop_operator_v3' retrieved from /home/airflow/.local/lib/python3.12/site-packages/airflow/example_dags/example_branch_python_dop_operator_3.py
[2024-05-18T20:02:13.790+0000] {logging_mixin.py:188} INFO - [2024-05-18T20:02:13.790+0000] {dag.py:3096} INFO - Sync 1 DAGs
[2024-05-18T20:02:13.819+0000] {logging_mixin.py:188} INFO - [2024-05-18T20:02:13.818+0000] {dag.py:3954} INFO - Setting next_dagrun for example_branch_dop_operator_v3 to 2024-05-18 20:01:00+00:00, run_after=2024-05-18 20:02:00+00:00
[2024-05-18T20:02:13.841+0000] {processor.py:183} INFO - Processing /home/airflow/.local/lib/python3.12/site-packages/airflow/example_dags/example_branch_python_dop_operator_3.py took 0.091 seconds
[2024-05-18T20:02:43.921+0000] {processor.py:161} INFO - Started process (PID=327) to work on /home/airflow/.local/lib/python3.12/site-packages/airflow/example_dags/example_branch_python_dop_operator_3.py
[2024-05-18T20:02:43.922+0000] {processor.py:830} INFO - Processing file /home/airflow/.local/lib/python3.12/site-packages/airflow/example_dags/example_branch_python_dop_operator_3.py for tasks to queue
[2024-05-18T20:02:43.924+0000] {logging_mixin.py:188} INFO - [2024-05-18T20:02:43.924+0000] {dagbag.py:545} INFO - Filling up the DagBag from /home/airflow/.local/lib/python3.12/site-packages/airflow/example_dags/example_branch_python_dop_operator_3.py
[2024-05-18T20:02:43.935+0000] {processor.py:840} INFO - DAG(s) 'example_branch_dop_operator_v3' retrieved from /home/airflow/.local/lib/python3.12/site-packages/airflow/example_dags/example_branch_python_dop_operator_3.py
[2024-05-18T20:02:43.958+0000] {logging_mixin.py:188} INFO - [2024-05-18T20:02:43.958+0000] {dag.py:3096} INFO - Sync 1 DAGs
[2024-05-18T20:02:43.988+0000] {logging_mixin.py:188} INFO - [2024-05-18T20:02:43.988+0000] {dag.py:3954} INFO - Setting next_dagrun for example_branch_dop_operator_v3 to 2024-05-18 20:01:00+00:00, run_after=2024-05-18 20:02:00+00:00
[2024-05-18T20:02:44.014+0000] {processor.py:183} INFO - Processing /home/airflow/.local/lib/python3.12/site-packages/airflow/example_dags/example_branch_python_dop_operator_3.py took 0.100 seconds
[2024-05-18T20:03:14.173+0000] {processor.py:161} INFO - Started process (PID=385) to work on /home/airflow/.local/lib/python3.12/site-packages/airflow/example_dags/example_branch_python_dop_operator_3.py
[2024-05-18T20:03:14.174+0000] {processor.py:830} INFO - Processing file /home/airflow/.local/lib/python3.12/site-packages/airflow/example_dags/example_branch_python_dop_operator_3.py for tasks to queue
[2024-05-18T20:03:14.177+0000] {logging_mixin.py:188} INFO - [2024-05-18T20:03:14.176+0000] {dagbag.py:545} INFO - Filling up the DagBag from /home/airflow/.local/lib/python3.12/site-packages/airflow/example_dags/example_branch_python_dop_operator_3.py
[2024-05-18T20:03:14.184+0000] {processor.py:840} INFO - DAG(s) 'example_branch_dop_operator_v3' retrieved from /home/airflow/.local/lib/python3.12/site-packages/airflow/example_dags/example_branch_python_dop_operator_3.py
[2024-05-18T20:03:14.204+0000] {logging_mixin.py:188} INFO - [2024-05-18T20:03:14.204+0000] {dag.py:3096} INFO - Sync 1 DAGs
[2024-05-18T20:03:14.227+0000] {logging_mixin.py:188} INFO - [2024-05-18T20:03:14.227+0000] {dag.py:3954} INFO - Setting next_dagrun for example_branch_dop_operator_v3 to 2024-05-18 20:02:00+00:00, run_after=2024-05-18 20:03:00+00:00
[2024-05-18T20:03:14.248+0000] {processor.py:183} INFO - Processing /home/airflow/.local/lib/python3.12/site-packages/airflow/example_dags/example_branch_python_dop_operator_3.py took 0.080 seconds
[2024-05-18T20:03:44.513+0000] {processor.py:161} INFO - Started process (PID=443) to work on /home/airflow/.local/lib/python3.12/site-packages/airflow/example_dags/example_branch_python_dop_operator_3.py
[2024-05-18T20:03:44.514+0000] {processor.py:830} INFO - Processing file /home/airflow/.local/lib/python3.12/site-packages/airflow/example_dags/example_branch_python_dop_operator_3.py for tasks to queue
[2024-05-18T20:03:44.516+0000] {logging_mixin.py:188} INFO - [2024-05-18T20:03:44.516+0000] {dagbag.py:545} INFO - Filling up the DagBag from /home/airflow/.local/lib/python3.12/site-packages/airflow/example_dags/example_branch_python_dop_operator_3.py
[2024-05-18T20:03:44.525+0000] {processor.py:840} INFO - DAG(s) 'example_branch_dop_operator_v3' retrieved from /home/airflow/.local/lib/python3.12/site-packages/airflow/example_dags/example_branch_python_dop_operator_3.py
[2024-05-18T20:03:44.544+0000] {logging_mixin.py:188} INFO - [2024-05-18T20:03:44.544+0000] {dag.py:3096} INFO - Sync 1 DAGs
[2024-05-18T20:03:44.571+0000] {logging_mixin.py:188} INFO - [2024-05-18T20:03:44.571+0000] {dag.py:3954} INFO - Setting next_dagrun for example_branch_dop_operator_v3 to 2024-05-18 20:02:00+00:00, run_after=2024-05-18 20:03:00+00:00
[2024-05-18T20:03:44.591+0000] {processor.py:183} INFO - Processing /home/airflow/.local/lib/python3.12/site-packages/airflow/example_dags/example_branch_python_dop_operator_3.py took 0.084 seconds
[2024-05-18T20:04:14.755+0000] {processor.py:161} INFO - Started process (PID=501) to work on /home/airflow/.local/lib/python3.12/site-packages/airflow/example_dags/example_branch_python_dop_operator_3.py
[2024-05-18T20:04:14.756+0000] {processor.py:830} INFO - Processing file /home/airflow/.local/lib/python3.12/site-packages/airflow/example_dags/example_branch_python_dop_operator_3.py for tasks to queue
[2024-05-18T20:04:14.757+0000] {logging_mixin.py:188} INFO - [2024-05-18T20:04:14.757+0000] {dagbag.py:545} INFO - Filling up the DagBag from /home/airflow/.local/lib/python3.12/site-packages/airflow/example_dags/example_branch_python_dop_operator_3.py
[2024-05-18T20:04:14.765+0000] {processor.py:840} INFO - DAG(s) 'example_branch_dop_operator_v3' retrieved from /home/airflow/.local/lib/python3.12/site-packages/airflow/example_dags/example_branch_python_dop_operator_3.py
[2024-05-18T20:04:14.784+0000] {logging_mixin.py:188} INFO - [2024-05-18T20:04:14.784+0000] {dag.py:3096} INFO - Sync 1 DAGs
[2024-05-18T20:04:14.805+0000] {logging_mixin.py:188} INFO - [2024-05-18T20:04:14.805+0000] {dag.py:3954} INFO - Setting next_dagrun for example_branch_dop_operator_v3 to 2024-05-18 20:03:00+00:00, run_after=2024-05-18 20:04:00+00:00
[2024-05-18T20:04:14.824+0000] {processor.py:183} INFO - Processing /home/airflow/.local/lib/python3.12/site-packages/airflow/example_dags/example_branch_python_dop_operator_3.py took 0.075 seconds
[2024-05-18T20:04:45.024+0000] {processor.py:161} INFO - Started process (PID=559) to work on /home/airflow/.local/lib/python3.12/site-packages/airflow/example_dags/example_branch_python_dop_operator_3.py
[2024-05-18T20:04:45.025+0000] {processor.py:830} INFO - Processing file /home/airflow/.local/lib/python3.12/site-packages/airflow/example_dags/example_branch_python_dop_operator_3.py for tasks to queue
[2024-05-18T20:04:45.028+0000] {logging_mixin.py:188} INFO - [2024-05-18T20:04:45.027+0000] {dagbag.py:545} INFO - Filling up the DagBag from /home/airflow/.local/lib/python3.12/site-packages/airflow/example_dags/example_branch_python_dop_operator_3.py
[2024-05-18T20:04:45.036+0000] {processor.py:840} INFO - DAG(s) 'example_branch_dop_operator_v3' retrieved from /home/airflow/.local/lib/python3.12/site-packages/airflow/example_dags/example_branch_python_dop_operator_3.py
[2024-05-18T20:04:45.056+0000] {logging_mixin.py:188} INFO - [2024-05-18T20:04:45.056+0000] {dag.py:3096} INFO - Sync 1 DAGs
[2024-05-18T20:04:45.082+0000] {logging_mixin.py:188} INFO - [2024-05-18T20:04:45.082+0000] {dag.py:3954} INFO - Setting next_dagrun for example_branch_dop_operator_v3 to 2024-05-18 20:03:00+00:00, run_after=2024-05-18 20:04:00+00:00
[2024-05-18T20:04:45.104+0000] {processor.py:183} INFO - Processing /home/airflow/.local/lib/python3.12/site-packages/airflow/example_dags/example_branch_python_dop_operator_3.py took 0.085 seconds
[2024-05-18T20:05:15.269+0000] {processor.py:161} INFO - Started process (PID=617) to work on /home/airflow/.local/lib/python3.12/site-packages/airflow/example_dags/example_branch_python_dop_operator_3.py
[2024-05-18T20:05:15.270+0000] {processor.py:830} INFO - Processing file /home/airflow/.local/lib/python3.12/site-packages/airflow/example_dags/example_branch_python_dop_operator_3.py for tasks to queue
[2024-05-18T20:05:15.272+0000] {logging_mixin.py:188} INFO - [2024-05-18T20:05:15.272+0000] {dagbag.py:545} INFO - Filling up the DagBag from /home/airflow/.local/lib/python3.12/site-packages/airflow/example_dags/example_branch_python_dop_operator_3.py
[2024-05-18T20:05:15.281+0000] {processor.py:840} INFO - DAG(s) 'example_branch_dop_operator_v3' retrieved from /home/airflow/.local/lib/python3.12/site-packages/airflow/example_dags/example_branch_python_dop_operator_3.py
[2024-05-18T20:05:15.300+0000] {logging_mixin.py:188} INFO - [2024-05-18T20:05:15.300+0000] {dag.py:3096} INFO - Sync 1 DAGs
[2024-05-18T20:05:15.326+0000] {logging_mixin.py:188} INFO - [2024-05-18T20:05:15.326+0000] {dag.py:3954} INFO - Setting next_dagrun for example_branch_dop_operator_v3 to 2024-05-18 20:04:00+00:00, run_after=2024-05-18 20:05:00+00:00
[2024-05-18T20:05:15.350+0000] {processor.py:183} INFO - Processing /home/airflow/.local/lib/python3.12/site-packages/airflow/example_dags/example_branch_python_dop_operator_3.py took 0.086 seconds
[2024-05-18T20:05:45.581+0000] {processor.py:161} INFO - Started process (PID=675) to work on /home/airflow/.local/lib/python3.12/site-packages/airflow/example_dags/example_branch_python_dop_operator_3.py
[2024-05-18T20:05:45.582+0000] {processor.py:830} INFO - Processing file /home/airflow/.local/lib/python3.12/site-packages/airflow/example_dags/example_branch_python_dop_operator_3.py for tasks to queue
[2024-05-18T20:05:45.584+0000] {logging_mixin.py:188} INFO - [2024-05-18T20:05:45.584+0000] {dagbag.py:545} INFO - Filling up the DagBag from /home/airflow/.local/lib/python3.12/site-packages/airflow/example_dags/example_branch_python_dop_operator_3.py
[2024-05-18T20:05:45.592+0000] {processor.py:840} INFO - DAG(s) 'example_branch_dop_operator_v3' retrieved from /home/airflow/.local/lib/python3.12/site-packages/airflow/example_dags/example_branch_python_dop_operator_3.py
[2024-05-18T20:05:45.614+0000] {logging_mixin.py:188} INFO - [2024-05-18T20:05:45.614+0000] {dag.py:3096} INFO - Sync 1 DAGs
[2024-05-18T20:05:45.639+0000] {logging_mixin.py:188} INFO - [2024-05-18T20:05:45.639+0000] {dag.py:3954} INFO - Setting next_dagrun for example_branch_dop_operator_v3 to 2024-05-18 20:04:00+00:00, run_after=2024-05-18 20:05:00+00:00
[2024-05-18T20:05:45.665+0000] {processor.py:183} INFO - Processing /home/airflow/.local/lib/python3.12/site-packages/airflow/example_dags/example_branch_python_dop_operator_3.py took 0.090 seconds
[2024-05-18T20:06:16.647+0000] {processor.py:161} INFO - Started process (PID=733) to work on /home/airflow/.local/lib/python3.12/site-packages/airflow/example_dags/example_branch_python_dop_operator_3.py
[2024-05-18T20:06:16.648+0000] {processor.py:830} INFO - Processing file /home/airflow/.local/lib/python3.12/site-packages/airflow/example_dags/example_branch_python_dop_operator_3.py for tasks to queue
[2024-05-18T20:06:16.650+0000] {logging_mixin.py:188} INFO - [2024-05-18T20:06:16.649+0000] {dagbag.py:545} INFO - Filling up the DagBag from /home/airflow/.local/lib/python3.12/site-packages/airflow/example_dags/example_branch_python_dop_operator_3.py
[2024-05-18T20:06:16.658+0000] {processor.py:840} INFO - DAG(s) 'example_branch_dop_operator_v3' retrieved from /home/airflow/.local/lib/python3.12/site-packages/airflow/example_dags/example_branch_python_dop_operator_3.py
[2024-05-18T20:06:16.677+0000] {logging_mixin.py:188} INFO - [2024-05-18T20:06:16.676+0000] {dag.py:3096} INFO - Sync 1 DAGs
[2024-05-18T20:06:16.699+0000] {logging_mixin.py:188} INFO - [2024-05-18T20:06:16.699+0000] {dag.py:3954} INFO - Setting next_dagrun for example_branch_dop_operator_v3 to 2024-05-18 20:05:00+00:00, run_after=2024-05-18 20:06:00+00:00
[2024-05-18T20:06:16.720+0000] {processor.py:183} INFO - Processing /home/airflow/.local/lib/python3.12/site-packages/airflow/example_dags/example_branch_python_dop_operator_3.py took 0.079 seconds
[2024-05-18T20:06:46.825+0000] {processor.py:161} INFO - Started process (PID=791) to work on /home/airflow/.local/lib/python3.12/site-packages/airflow/example_dags/example_branch_python_dop_operator_3.py
[2024-05-18T20:06:46.826+0000] {processor.py:830} INFO - Processing file /home/airflow/.local/lib/python3.12/site-packages/airflow/example_dags/example_branch_python_dop_operator_3.py for tasks to queue
[2024-05-18T20:06:46.828+0000] {logging_mixin.py:188} INFO - [2024-05-18T20:06:46.827+0000] {dagbag.py:545} INFO - Filling up the DagBag from /home/airflow/.local/lib/python3.12/site-packages/airflow/example_dags/example_branch_python_dop_operator_3.py
[2024-05-18T20:06:46.836+0000] {processor.py:840} INFO - DAG(s) 'example_branch_dop_operator_v3' retrieved from /home/airflow/.local/lib/python3.12/site-packages/airflow/example_dags/example_branch_python_dop_operator_3.py
[2024-05-18T20:06:46.855+0000] {logging_mixin.py:188} INFO - [2024-05-18T20:06:46.855+0000] {dag.py:3096} INFO - Sync 1 DAGs
[2024-05-18T20:06:46.880+0000] {logging_mixin.py:188} INFO - [2024-05-18T20:06:46.879+0000] {dag.py:3954} INFO - Setting next_dagrun for example_branch_dop_operator_v3 to 2024-05-18 20:05:00+00:00, run_after=2024-05-18 20:06:00+00:00
[2024-05-18T20:06:46.901+0000] {processor.py:183} INFO - Processing /home/airflow/.local/lib/python3.12/site-packages/airflow/example_dags/example_branch_python_dop_operator_3.py took 0.081 seconds
[2024-05-18T20:07:17.184+0000] {processor.py:161} INFO - Started process (PID=849) to work on /home/airflow/.local/lib/python3.12/site-packages/airflow/example_dags/example_branch_python_dop_operator_3.py
[2024-05-18T20:07:17.185+0000] {processor.py:830} INFO - Processing file /home/airflow/.local/lib/python3.12/site-packages/airflow/example_dags/example_branch_python_dop_operator_3.py for tasks to queue
[2024-05-18T20:07:17.187+0000] {logging_mixin.py:188} INFO - [2024-05-18T20:07:17.186+0000] {dagbag.py:545} INFO - Filling up the DagBag from /home/airflow/.local/lib/python3.12/site-packages/airflow/example_dags/example_branch_python_dop_operator_3.py
[2024-05-18T20:07:17.195+0000] {processor.py:840} INFO - DAG(s) 'example_branch_dop_operator_v3' retrieved from /home/airflow/.local/lib/python3.12/site-packages/airflow/example_dags/example_branch_python_dop_operator_3.py
[2024-05-18T20:07:17.213+0000] {logging_mixin.py:188} INFO - [2024-05-18T20:07:17.213+0000] {dag.py:3096} INFO - Sync 1 DAGs
[2024-05-18T20:07:17.234+0000] {logging_mixin.py:188} INFO - [2024-05-18T20:07:17.234+0000] {dag.py:3954} INFO - Setting next_dagrun for example_branch_dop_operator_v3 to 2024-05-18 20:06:00+00:00, run_after=2024-05-18 20:07:00+00:00
[2024-05-18T20:07:17.255+0000] {processor.py:183} INFO - Processing /home/airflow/.local/lib/python3.12/site-packages/airflow/example_dags/example_branch_python_dop_operator_3.py took 0.076 seconds
[2024-05-18T20:07:47.302+0000] {processor.py:161} INFO - Started process (PID=907) to work on /home/airflow/.local/lib/python3.12/site-packages/airflow/example_dags/example_branch_python_dop_operator_3.py
[2024-05-18T20:07:47.303+0000] {processor.py:830} INFO - Processing file /home/airflow/.local/lib/python3.12/site-packages/airflow/example_dags/example_branch_python_dop_operator_3.py for tasks to queue
[2024-05-18T20:07:47.305+0000] {logging_mixin.py:188} INFO - [2024-05-18T20:07:47.304+0000] {dagbag.py:545} INFO - Filling up the DagBag from /home/airflow/.local/lib/python3.12/site-packages/airflow/example_dags/example_branch_python_dop_operator_3.py
[2024-05-18T20:07:47.313+0000] {processor.py:840} INFO - DAG(s) 'example_branch_dop_operator_v3' retrieved from /home/airflow/.local/lib/python3.12/site-packages/airflow/example_dags/example_branch_python_dop_operator_3.py
[2024-05-18T20:07:47.332+0000] {logging_mixin.py:188} INFO - [2024-05-18T20:07:47.332+0000] {dag.py:3096} INFO - Sync 1 DAGs
[2024-05-18T20:07:47.357+0000] {logging_mixin.py:188} INFO - [2024-05-18T20:07:47.356+0000] {dag.py:3954} INFO - Setting next_dagrun for example_branch_dop_operator_v3 to 2024-05-18 20:06:00+00:00, run_after=2024-05-18 20:07:00+00:00
[2024-05-18T20:07:47.379+0000] {processor.py:183} INFO - Processing /home/airflow/.local/lib/python3.12/site-packages/airflow/example_dags/example_branch_python_dop_operator_3.py took 0.083 seconds
[2024-05-18T20:08:17.953+0000] {processor.py:161} INFO - Started process (PID=966) to work on /home/airflow/.local/lib/python3.12/site-packages/airflow/example_dags/example_branch_python_dop_operator_3.py
[2024-05-18T20:08:17.955+0000] {processor.py:830} INFO - Processing file /home/airflow/.local/lib/python3.12/site-packages/airflow/example_dags/example_branch_python_dop_operator_3.py for tasks to queue
[2024-05-18T20:08:17.957+0000] {logging_mixin.py:188} INFO - [2024-05-18T20:08:17.956+0000] {dagbag.py:545} INFO - Filling up the DagBag from /home/airflow/.local/lib/python3.12/site-packages/airflow/example_dags/example_branch_python_dop_operator_3.py
[2024-05-18T20:08:17.964+0000] {processor.py:840} INFO - DAG(s) 'example_branch_dop_operator_v3' retrieved from /home/airflow/.local/lib/python3.12/site-packages/airflow/example_dags/example_branch_python_dop_operator_3.py
[2024-05-18T20:08:17.984+0000] {logging_mixin.py:188} INFO - [2024-05-18T20:08:17.983+0000] {dag.py:3096} INFO - Sync 1 DAGs
[2024-05-18T20:08:18.007+0000] {logging_mixin.py:188} INFO - [2024-05-18T20:08:18.006+0000] {dag.py:3954} INFO - Setting next_dagrun for example_branch_dop_operator_v3 to 2024-05-18 20:07:00+00:00, run_after=2024-05-18 20:08:00+00:00
[2024-05-18T20:08:18.028+0000] {processor.py:183} INFO - Processing /home/airflow/.local/lib/python3.12/site-packages/airflow/example_dags/example_branch_python_dop_operator_3.py took 0.080 seconds
[2024-05-18T20:08:48.226+0000] {processor.py:161} INFO - Started process (PID=1024) to work on /home/airflow/.local/lib/python3.12/site-packages/airflow/example_dags/example_branch_python_dop_operator_3.py
[2024-05-18T20:08:48.227+0000] {processor.py:830} INFO - Processing file /home/airflow/.local/lib/python3.12/site-packages/airflow/example_dags/example_branch_python_dop_operator_3.py for tasks to queue
[2024-05-18T20:08:48.229+0000] {logging_mixin.py:188} INFO - [2024-05-18T20:08:48.229+0000] {dagbag.py:545} INFO - Filling up the DagBag from /home/airflow/.local/lib/python3.12/site-packages/airflow/example_dags/example_branch_python_dop_operator_3.py
[2024-05-18T20:08:48.237+0000] {processor.py:840} INFO - DAG(s) 'example_branch_dop_operator_v3' retrieved from /home/airflow/.local/lib/python3.12/site-packages/airflow/example_dags/example_branch_python_dop_operator_3.py
[2024-05-18T20:08:48.257+0000] {logging_mixin.py:188} INFO - [2024-05-18T20:08:48.257+0000] {dag.py:3096} INFO - Sync 1 DAGs
[2024-05-18T20:08:48.280+0000] {logging_mixin.py:188} INFO - [2024-05-18T20:08:48.280+0000] {dag.py:3954} INFO - Setting next_dagrun for example_branch_dop_operator_v3 to 2024-05-18 20:07:00+00:00, run_after=2024-05-18 20:08:00+00:00
[2024-05-18T20:08:48.300+0000] {processor.py:183} INFO - Processing /home/airflow/.local/lib/python3.12/site-packages/airflow/example_dags/example_branch_python_dop_operator_3.py took 0.080 seconds
[2024-05-18T20:09:18.730+0000] {processor.py:161} INFO - Started process (PID=1082) to work on /home/airflow/.local/lib/python3.12/site-packages/airflow/example_dags/example_branch_python_dop_operator_3.py
[2024-05-18T20:09:18.731+0000] {processor.py:830} INFO - Processing file /home/airflow/.local/lib/python3.12/site-packages/airflow/example_dags/example_branch_python_dop_operator_3.py for tasks to queue
[2024-05-18T20:09:18.732+0000] {logging_mixin.py:188} INFO - [2024-05-18T20:09:18.732+0000] {dagbag.py:545} INFO - Filling up the DagBag from /home/airflow/.local/lib/python3.12/site-packages/airflow/example_dags/example_branch_python_dop_operator_3.py
[2024-05-18T20:09:18.740+0000] {processor.py:840} INFO - DAG(s) 'example_branch_dop_operator_v3' retrieved from /home/airflow/.local/lib/python3.12/site-packages/airflow/example_dags/example_branch_python_dop_operator_3.py
[2024-05-18T20:09:18.759+0000] {logging_mixin.py:188} INFO - [2024-05-18T20:09:18.759+0000] {dag.py:3096} INFO - Sync 1 DAGs
[2024-05-18T20:09:18.781+0000] {logging_mixin.py:188} INFO - [2024-05-18T20:09:18.781+0000] {dag.py:3954} INFO - Setting next_dagrun for example_branch_dop_operator_v3 to 2024-05-18 20:08:00+00:00, run_after=2024-05-18 20:09:00+00:00
[2024-05-18T20:09:18.804+0000] {processor.py:183} INFO - Processing /home/airflow/.local/lib/python3.12/site-packages/airflow/example_dags/example_branch_python_dop_operator_3.py took 0.080 seconds
[2024-05-18T20:09:49.144+0000] {processor.py:161} INFO - Started process (PID=1140) to work on /home/airflow/.local/lib/python3.12/site-packages/airflow/example_dags/example_branch_python_dop_operator_3.py
[2024-05-18T20:09:49.146+0000] {processor.py:830} INFO - Processing file /home/airflow/.local/lib/python3.12/site-packages/airflow/example_dags/example_branch_python_dop_operator_3.py for tasks to queue
[2024-05-18T20:09:49.148+0000] {logging_mixin.py:188} INFO - [2024-05-18T20:09:49.147+0000] {dagbag.py:545} INFO - Filling up the DagBag from /home/airflow/.local/lib/python3.12/site-packages/airflow/example_dags/example_branch_python_dop_operator_3.py
[2024-05-18T20:09:49.156+0000] {processor.py:840} INFO - DAG(s) 'example_branch_dop_operator_v3' retrieved from /home/airflow/.local/lib/python3.12/site-packages/airflow/example_dags/example_branch_python_dop_operator_3.py
[2024-05-18T20:09:49.176+0000] {logging_mixin.py:188} INFO - [2024-05-18T20:09:49.176+0000] {dag.py:3096} INFO - Sync 1 DAGs
[2024-05-18T20:09:49.200+0000] {logging_mixin.py:188} INFO - [2024-05-18T20:09:49.200+0000] {dag.py:3954} INFO - Setting next_dagrun for example_branch_dop_operator_v3 to 2024-05-18 20:08:00+00:00, run_after=2024-05-18 20:09:00+00:00
[2024-05-18T20:09:49.223+0000] {processor.py:183} INFO - Processing /home/airflow/.local/lib/python3.12/site-packages/airflow/example_dags/example_branch_python_dop_operator_3.py took 0.085 seconds
[2024-05-18T20:10:19.888+0000] {processor.py:161} INFO - Started process (PID=1198) to work on /home/airflow/.local/lib/python3.12/site-packages/airflow/example_dags/example_branch_python_dop_operator_3.py
[2024-05-18T20:10:19.889+0000] {processor.py:830} INFO - Processing file /home/airflow/.local/lib/python3.12/site-packages/airflow/example_dags/example_branch_python_dop_operator_3.py for tasks to queue
[2024-05-18T20:10:19.891+0000] {logging_mixin.py:188} INFO - [2024-05-18T20:10:19.891+0000] {dagbag.py:545} INFO - Filling up the DagBag from /home/airflow/.local/lib/python3.12/site-packages/airflow/example_dags/example_branch_python_dop_operator_3.py
[2024-05-18T20:10:19.899+0000] {processor.py:840} INFO - DAG(s) 'example_branch_dop_operator_v3' retrieved from /home/airflow/.local/lib/python3.12/site-packages/airflow/example_dags/example_branch_python_dop_operator_3.py
[2024-05-18T20:10:19.917+0000] {logging_mixin.py:188} INFO - [2024-05-18T20:10:19.917+0000] {dag.py:3096} INFO - Sync 1 DAGs
[2024-05-18T20:10:19.938+0000] {logging_mixin.py:188} INFO - [2024-05-18T20:10:19.938+0000] {dag.py:3954} INFO - Setting next_dagrun for example_branch_dop_operator_v3 to 2024-05-18 20:09:00+00:00, run_after=2024-05-18 20:10:00+00:00
[2024-05-18T20:10:19.959+0000] {processor.py:183} INFO - Processing /home/airflow/.local/lib/python3.12/site-packages/airflow/example_dags/example_branch_python_dop_operator_3.py took 0.076 seconds
[2024-05-18T20:10:50.066+0000] {processor.py:161} INFO - Started process (PID=1257) to work on /home/airflow/.local/lib/python3.12/site-packages/airflow/example_dags/example_branch_python_dop_operator_3.py
[2024-05-18T20:10:50.067+0000] {processor.py:830} INFO - Processing file /home/airflow/.local/lib/python3.12/site-packages/airflow/example_dags/example_branch_python_dop_operator_3.py for tasks to queue
[2024-05-18T20:10:50.069+0000] {logging_mixin.py:188} INFO - [2024-05-18T20:10:50.068+0000] {dagbag.py:545} INFO - Filling up the DagBag from /home/airflow/.local/lib/python3.12/site-packages/airflow/example_dags/example_branch_python_dop_operator_3.py
[2024-05-18T20:10:50.077+0000] {processor.py:840} INFO - DAG(s) 'example_branch_dop_operator_v3' retrieved from /home/airflow/.local/lib/python3.12/site-packages/airflow/example_dags/example_branch_python_dop_operator_3.py
[2024-05-18T20:10:50.097+0000] {logging_mixin.py:188} INFO - [2024-05-18T20:10:50.097+0000] {dag.py:3096} INFO - Sync 1 DAGs
[2024-05-18T20:10:50.120+0000] {logging_mixin.py:188} INFO - [2024-05-18T20:10:50.120+0000] {dag.py:3954} INFO - Setting next_dagrun for example_branch_dop_operator_v3 to 2024-05-18 20:09:00+00:00, run_after=2024-05-18 20:10:00+00:00
[2024-05-18T20:10:50.141+0000] {processor.py:183} INFO - Processing /home/airflow/.local/lib/python3.12/site-packages/airflow/example_dags/example_branch_python_dop_operator_3.py took 0.081 seconds
[2024-05-18T20:11:20.675+0000] {processor.py:161} INFO - Started process (PID=1315) to work on /home/airflow/.local/lib/python3.12/site-packages/airflow/example_dags/example_branch_python_dop_operator_3.py
[2024-05-18T20:11:20.676+0000] {processor.py:830} INFO - Processing file /home/airflow/.local/lib/python3.12/site-packages/airflow/example_dags/example_branch_python_dop_operator_3.py for tasks to queue
[2024-05-18T20:11:20.678+0000] {logging_mixin.py:188} INFO - [2024-05-18T20:11:20.678+0000] {dagbag.py:545} INFO - Filling up the DagBag from /home/airflow/.local/lib/python3.12/site-packages/airflow/example_dags/example_branch_python_dop_operator_3.py
[2024-05-18T20:11:20.687+0000] {processor.py:840} INFO - DAG(s) 'example_branch_dop_operator_v3' retrieved from /home/airflow/.local/lib/python3.12/site-packages/airflow/example_dags/example_branch_python_dop_operator_3.py
[2024-05-18T20:11:20.706+0000] {logging_mixin.py:188} INFO - [2024-05-18T20:11:20.706+0000] {dag.py:3096} INFO - Sync 1 DAGs
[2024-05-18T20:11:20.728+0000] {logging_mixin.py:188} INFO - [2024-05-18T20:11:20.727+0000] {dag.py:3954} INFO - Setting next_dagrun for example_branch_dop_operator_v3 to 2024-05-18 20:10:00+00:00, run_after=2024-05-18 20:11:00+00:00
[2024-05-18T20:11:20.748+0000] {processor.py:183} INFO - Processing /home/airflow/.local/lib/python3.12/site-packages/airflow/example_dags/example_branch_python_dop_operator_3.py took 0.079 seconds
[2024-05-18T20:11:51.093+0000] {processor.py:161} INFO - Started process (PID=1373) to work on /home/airflow/.local/lib/python3.12/site-packages/airflow/example_dags/example_branch_python_dop_operator_3.py
[2024-05-18T20:11:51.094+0000] {processor.py:830} INFO - Processing file /home/airflow/.local/lib/python3.12/site-packages/airflow/example_dags/example_branch_python_dop_operator_3.py for tasks to queue
[2024-05-18T20:11:51.096+0000] {logging_mixin.py:188} INFO - [2024-05-18T20:11:51.095+0000] {dagbag.py:545} INFO - Filling up the DagBag from /home/airflow/.local/lib/python3.12/site-packages/airflow/example_dags/example_branch_python_dop_operator_3.py
[2024-05-18T20:11:51.104+0000] {processor.py:840} INFO - DAG(s) 'example_branch_dop_operator_v3' retrieved from /home/airflow/.local/lib/python3.12/site-packages/airflow/example_dags/example_branch_python_dop_operator_3.py
[2024-05-18T20:11:51.125+0000] {logging_mixin.py:188} INFO - [2024-05-18T20:11:51.124+0000] {dag.py:3096} INFO - Sync 1 DAGs
[2024-05-18T20:11:51.150+0000] {logging_mixin.py:188} INFO - [2024-05-18T20:11:51.149+0000] {dag.py:3954} INFO - Setting next_dagrun for example_branch_dop_operator_v3 to 2024-05-18 20:10:00+00:00, run_after=2024-05-18 20:11:00+00:00
[2024-05-18T20:11:51.171+0000] {processor.py:183} INFO - Processing /home/airflow/.local/lib/python3.12/site-packages/airflow/example_dags/example_branch_python_dop_operator_3.py took 0.084 seconds
[2024-05-18T20:12:21.368+0000] {processor.py:161} INFO - Started process (PID=1431) to work on /home/airflow/.local/lib/python3.12/site-packages/airflow/example_dags/example_branch_python_dop_operator_3.py
[2024-05-18T20:12:21.369+0000] {processor.py:830} INFO - Processing file /home/airflow/.local/lib/python3.12/site-packages/airflow/example_dags/example_branch_python_dop_operator_3.py for tasks to queue
[2024-05-18T20:12:21.372+0000] {logging_mixin.py:188} INFO - [2024-05-18T20:12:21.371+0000] {dagbag.py:545} INFO - Filling up the DagBag from /home/airflow/.local/lib/python3.12/site-packages/airflow/example_dags/example_branch_python_dop_operator_3.py
[2024-05-18T20:12:21.381+0000] {processor.py:840} INFO - DAG(s) 'example_branch_dop_operator_v3' retrieved from /home/airflow/.local/lib/python3.12/site-packages/airflow/example_dags/example_branch_python_dop_operator_3.py
[2024-05-18T20:12:21.402+0000] {logging_mixin.py:188} INFO - [2024-05-18T20:12:21.402+0000] {dag.py:3096} INFO - Sync 1 DAGs
[2024-05-18T20:12:21.431+0000] {logging_mixin.py:188} INFO - [2024-05-18T20:12:21.431+0000] {dag.py:3954} INFO - Setting next_dagrun for example_branch_dop_operator_v3 to 2024-05-18 20:11:00+00:00, run_after=2024-05-18 20:12:00+00:00
[2024-05-18T20:12:21.453+0000] {processor.py:183} INFO - Processing /home/airflow/.local/lib/python3.12/site-packages/airflow/example_dags/example_branch_python_dop_operator_3.py took 0.091 seconds
[2024-05-18T20:12:51.557+0000] {processor.py:161} INFO - Started process (PID=1489) to work on /home/airflow/.local/lib/python3.12/site-packages/airflow/example_dags/example_branch_python_dop_operator_3.py
[2024-05-18T20:12:51.558+0000] {processor.py:830} INFO - Processing file /home/airflow/.local/lib/python3.12/site-packages/airflow/example_dags/example_branch_python_dop_operator_3.py for tasks to queue
[2024-05-18T20:12:51.560+0000] {logging_mixin.py:188} INFO - [2024-05-18T20:12:51.560+0000] {dagbag.py:545} INFO - Filling up the DagBag from /home/airflow/.local/lib/python3.12/site-packages/airflow/example_dags/example_branch_python_dop_operator_3.py
[2024-05-18T20:12:51.570+0000] {processor.py:840} INFO - DAG(s) 'example_branch_dop_operator_v3' retrieved from /home/airflow/.local/lib/python3.12/site-packages/airflow/example_dags/example_branch_python_dop_operator_3.py
[2024-05-18T20:12:51.592+0000] {logging_mixin.py:188} INFO - [2024-05-18T20:12:51.592+0000] {dag.py:3096} INFO - Sync 1 DAGs
[2024-05-18T20:12:51.616+0000] {logging_mixin.py:188} INFO - [2024-05-18T20:12:51.616+0000] {dag.py:3954} INFO - Setting next_dagrun for example_branch_dop_operator_v3 to 2024-05-18 20:11:00+00:00, run_after=2024-05-18 20:12:00+00:00
[2024-05-18T20:12:51.638+0000] {processor.py:183} INFO - Processing /home/airflow/.local/lib/python3.12/site-packages/airflow/example_dags/example_branch_python_dop_operator_3.py took 0.086 seconds
[2024-05-18T20:13:22.233+0000] {processor.py:161} INFO - Started process (PID=1547) to work on /home/airflow/.local/lib/python3.12/site-packages/airflow/example_dags/example_branch_python_dop_operator_3.py
[2024-05-18T20:13:22.234+0000] {processor.py:830} INFO - Processing file /home/airflow/.local/lib/python3.12/site-packages/airflow/example_dags/example_branch_python_dop_operator_3.py for tasks to queue
[2024-05-18T20:13:22.236+0000] {logging_mixin.py:188} INFO - [2024-05-18T20:13:22.236+0000] {dagbag.py:545} INFO - Filling up the DagBag from /home/airflow/.local/lib/python3.12/site-packages/airflow/example_dags/example_branch_python_dop_operator_3.py
[2024-05-18T20:13:22.397+0000] {processor.py:840} INFO - DAG(s) 'example_branch_dop_operator_v3' retrieved from /home/airflow/.local/lib/python3.12/site-packages/airflow/example_dags/example_branch_python_dop_operator_3.py
[2024-05-18T20:13:22.412+0000] {logging_mixin.py:188} INFO - [2024-05-18T20:13:22.412+0000] {dag.py:3096} INFO - Sync 1 DAGs
[2024-05-18T20:13:22.435+0000] {logging_mixin.py:188} INFO - [2024-05-18T20:13:22.435+0000] {dag.py:3954} INFO - Setting next_dagrun for example_branch_dop_operator_v3 to 2024-05-18 20:12:00+00:00, run_after=2024-05-18 20:13:00+00:00
[2024-05-18T20:13:22.456+0000] {processor.py:183} INFO - Processing /home/airflow/.local/lib/python3.12/site-packages/airflow/example_dags/example_branch_python_dop_operator_3.py took 0.229 seconds
[2024-05-18T20:13:53.362+0000] {processor.py:161} INFO - Started process (PID=1605) to work on /home/airflow/.local/lib/python3.12/site-packages/airflow/example_dags/example_branch_python_dop_operator_3.py
[2024-05-18T20:13:53.363+0000] {processor.py:830} INFO - Processing file /home/airflow/.local/lib/python3.12/site-packages/airflow/example_dags/example_branch_python_dop_operator_3.py for tasks to queue
[2024-05-18T20:13:53.365+0000] {logging_mixin.py:188} INFO - [2024-05-18T20:13:53.365+0000] {dagbag.py:545} INFO - Filling up the DagBag from /home/airflow/.local/lib/python3.12/site-packages/airflow/example_dags/example_branch_python_dop_operator_3.py
[2024-05-18T20:13:53.373+0000] {processor.py:840} INFO - DAG(s) 'example_branch_dop_operator_v3' retrieved from /home/airflow/.local/lib/python3.12/site-packages/airflow/example_dags/example_branch_python_dop_operator_3.py
[2024-05-18T20:13:53.392+0000] {logging_mixin.py:188} INFO - [2024-05-18T20:13:53.392+0000] {dag.py:3096} INFO - Sync 1 DAGs
[2024-05-18T20:13:53.414+0000] {logging_mixin.py:188} INFO - [2024-05-18T20:13:53.414+0000] {dag.py:3954} INFO - Setting next_dagrun for example_branch_dop_operator_v3 to 2024-05-18 20:12:00+00:00, run_after=2024-05-18 20:13:00+00:00
[2024-05-18T20:13:53.435+0000] {processor.py:183} INFO - Processing /home/airflow/.local/lib/python3.12/site-packages/airflow/example_dags/example_branch_python_dop_operator_3.py took 0.078 seconds
[2024-05-18T20:14:23.514+0000] {processor.py:161} INFO - Started process (PID=1663) to work on /home/airflow/.local/lib/python3.12/site-packages/airflow/example_dags/example_branch_python_dop_operator_3.py
[2024-05-18T20:14:23.515+0000] {processor.py:830} INFO - Processing file /home/airflow/.local/lib/python3.12/site-packages/airflow/example_dags/example_branch_python_dop_operator_3.py for tasks to queue
[2024-05-18T20:14:23.517+0000] {logging_mixin.py:188} INFO - [2024-05-18T20:14:23.517+0000] {dagbag.py:545} INFO - Filling up the DagBag from /home/airflow/.local/lib/python3.12/site-packages/airflow/example_dags/example_branch_python_dop_operator_3.py
[2024-05-18T20:14:23.526+0000] {processor.py:840} INFO - DAG(s) 'example_branch_dop_operator_v3' retrieved from /home/airflow/.local/lib/python3.12/site-packages/airflow/example_dags/example_branch_python_dop_operator_3.py
[2024-05-18T20:14:23.545+0000] {logging_mixin.py:188} INFO - [2024-05-18T20:14:23.545+0000] {dag.py:3096} INFO - Sync 1 DAGs
[2024-05-18T20:14:23.570+0000] {logging_mixin.py:188} INFO - [2024-05-18T20:14:23.570+0000] {dag.py:3954} INFO - Setting next_dagrun for example_branch_dop_operator_v3 to 2024-05-18 20:13:00+00:00, run_after=2024-05-18 20:14:00+00:00
[2024-05-18T20:14:23.593+0000] {processor.py:183} INFO - Processing /home/airflow/.local/lib/python3.12/site-packages/airflow/example_dags/example_branch_python_dop_operator_3.py took 0.085 seconds
