[2024-05-18T19:41:52.801+0000] {processor.py:161} INFO - Started process (PID=71) to work on /home/airflow/.local/lib/python3.12/site-packages/airflow/example_dags/example_branch_operator.py
[2024-05-18T19:41:52.802+0000] {processor.py:830} INFO - Processing file /home/airflow/.local/lib/python3.12/site-packages/airflow/example_dags/example_branch_operator.py for tasks to queue
[2024-05-18T19:41:52.806+0000] {logging_mixin.py:188} INFO - [2024-05-18T19:41:52.805+0000] {dagbag.py:545} INFO - Filling up the DagBag from /home/airflow/.local/lib/python3.12/site-packages/airflow/example_dags/example_branch_operator.py
[2024-05-18T19:41:52.839+0000] {processor.py:840} INFO - DAG(s) 'example_branch_operator' retrieved from /home/airflow/.local/lib/python3.12/site-packages/airflow/example_dags/example_branch_operator.py
[2024-05-18T19:41:53.059+0000] {logging_mixin.py:188} INFO - [2024-05-18T19:41:53.058+0000] {override.py:1829} INFO - Created Permission View: can read on DAG:example_branch_operator
[2024-05-18T19:41:53.077+0000] {logging_mixin.py:188} INFO - [2024-05-18T19:41:53.077+0000] {override.py:1829} INFO - Created Permission View: can delete on DAG:example_branch_operator
[2024-05-18T19:41:53.091+0000] {logging_mixin.py:188} INFO - [2024-05-18T19:41:53.090+0000] {override.py:1829} INFO - Created Permission View: can edit on DAG:example_branch_operator
[2024-05-18T19:41:53.092+0000] {logging_mixin.py:188} INFO - [2024-05-18T19:41:53.092+0000] {dag.py:3096} INFO - Sync 1 DAGs
[2024-05-18T19:41:53.116+0000] {logging_mixin.py:188} INFO - [2024-05-18T19:41:53.115+0000] {dag.py:3118} INFO - Creating ORM DAG for example_branch_operator
[2024-05-18T19:41:53.138+0000] {logging_mixin.py:188} INFO - [2024-05-18T19:41:53.138+0000] {dag.py:3954} INFO - Setting next_dagrun for example_branch_operator to 2024-05-17 00:00:00+00:00, run_after=2024-05-18 00:00:00+00:00
[2024-05-18T19:41:53.174+0000] {processor.py:183} INFO - Processing /home/airflow/.local/lib/python3.12/site-packages/airflow/example_dags/example_branch_operator.py took 0.384 seconds
[2024-05-18T19:42:23.335+0000] {processor.py:161} INFO - Started process (PID=128) to work on /home/airflow/.local/lib/python3.12/site-packages/airflow/example_dags/example_branch_operator.py
[2024-05-18T19:42:23.336+0000] {processor.py:830} INFO - Processing file /home/airflow/.local/lib/python3.12/site-packages/airflow/example_dags/example_branch_operator.py for tasks to queue
[2024-05-18T19:42:23.338+0000] {logging_mixin.py:188} INFO - [2024-05-18T19:42:23.338+0000] {dagbag.py:545} INFO - Filling up the DagBag from /home/airflow/.local/lib/python3.12/site-packages/airflow/example_dags/example_branch_operator.py
[2024-05-18T19:42:23.352+0000] {processor.py:840} INFO - DAG(s) 'example_branch_operator' retrieved from /home/airflow/.local/lib/python3.12/site-packages/airflow/example_dags/example_branch_operator.py
[2024-05-18T19:42:23.379+0000] {logging_mixin.py:188} INFO - [2024-05-18T19:42:23.379+0000] {dag.py:3096} INFO - Sync 1 DAGs
[2024-05-18T19:42:23.400+0000] {logging_mixin.py:188} INFO - [2024-05-18T19:42:23.399+0000] {dag.py:3954} INFO - Setting next_dagrun for example_branch_operator to 2024-05-17 00:00:00+00:00, run_after=2024-05-18 00:00:00+00:00
[2024-05-18T19:42:23.421+0000] {processor.py:183} INFO - Processing /home/airflow/.local/lib/python3.12/site-packages/airflow/example_dags/example_branch_operator.py took 0.091 seconds
[2024-05-18T19:42:53.566+0000] {processor.py:161} INFO - Started process (PID=186) to work on /home/airflow/.local/lib/python3.12/site-packages/airflow/example_dags/example_branch_operator.py
[2024-05-18T19:42:53.567+0000] {processor.py:830} INFO - Processing file /home/airflow/.local/lib/python3.12/site-packages/airflow/example_dags/example_branch_operator.py for tasks to queue
[2024-05-18T19:42:53.569+0000] {logging_mixin.py:188} INFO - [2024-05-18T19:42:53.568+0000] {dagbag.py:545} INFO - Filling up the DagBag from /home/airflow/.local/lib/python3.12/site-packages/airflow/example_dags/example_branch_operator.py
[2024-05-18T19:42:53.584+0000] {processor.py:840} INFO - DAG(s) 'example_branch_operator' retrieved from /home/airflow/.local/lib/python3.12/site-packages/airflow/example_dags/example_branch_operator.py
[2024-05-18T19:42:53.610+0000] {logging_mixin.py:188} INFO - [2024-05-18T19:42:53.610+0000] {dag.py:3096} INFO - Sync 1 DAGs
[2024-05-18T19:42:53.631+0000] {logging_mixin.py:188} INFO - [2024-05-18T19:42:53.631+0000] {dag.py:3954} INFO - Setting next_dagrun for example_branch_operator to 2024-05-17 00:00:00+00:00, run_after=2024-05-18 00:00:00+00:00
[2024-05-18T19:42:53.655+0000] {processor.py:183} INFO - Processing /home/airflow/.local/lib/python3.12/site-packages/airflow/example_dags/example_branch_operator.py took 0.095 seconds
[2024-05-18T19:43:23.828+0000] {processor.py:161} INFO - Started process (PID=244) to work on /home/airflow/.local/lib/python3.12/site-packages/airflow/example_dags/example_branch_operator.py
[2024-05-18T19:43:23.829+0000] {processor.py:830} INFO - Processing file /home/airflow/.local/lib/python3.12/site-packages/airflow/example_dags/example_branch_operator.py for tasks to queue
[2024-05-18T19:43:23.831+0000] {logging_mixin.py:188} INFO - [2024-05-18T19:43:23.831+0000] {dagbag.py:545} INFO - Filling up the DagBag from /home/airflow/.local/lib/python3.12/site-packages/airflow/example_dags/example_branch_operator.py
[2024-05-18T19:43:23.846+0000] {processor.py:840} INFO - DAG(s) 'example_branch_operator' retrieved from /home/airflow/.local/lib/python3.12/site-packages/airflow/example_dags/example_branch_operator.py
[2024-05-18T19:43:23.874+0000] {logging_mixin.py:188} INFO - [2024-05-18T19:43:23.874+0000] {dag.py:3096} INFO - Sync 1 DAGs
[2024-05-18T19:43:23.894+0000] {logging_mixin.py:188} INFO - [2024-05-18T19:43:23.894+0000] {dag.py:3954} INFO - Setting next_dagrun for example_branch_operator to 2024-05-17 00:00:00+00:00, run_after=2024-05-18 00:00:00+00:00
[2024-05-18T19:43:23.917+0000] {processor.py:183} INFO - Processing /home/airflow/.local/lib/python3.12/site-packages/airflow/example_dags/example_branch_operator.py took 0.095 seconds
[2024-05-18T19:43:54.793+0000] {processor.py:161} INFO - Started process (PID=302) to work on /home/airflow/.local/lib/python3.12/site-packages/airflow/example_dags/example_branch_operator.py
[2024-05-18T19:43:54.794+0000] {processor.py:830} INFO - Processing file /home/airflow/.local/lib/python3.12/site-packages/airflow/example_dags/example_branch_operator.py for tasks to queue
[2024-05-18T19:43:54.796+0000] {logging_mixin.py:188} INFO - [2024-05-18T19:43:54.796+0000] {dagbag.py:545} INFO - Filling up the DagBag from /home/airflow/.local/lib/python3.12/site-packages/airflow/example_dags/example_branch_operator.py
[2024-05-18T19:43:54.812+0000] {processor.py:840} INFO - DAG(s) 'example_branch_operator' retrieved from /home/airflow/.local/lib/python3.12/site-packages/airflow/example_dags/example_branch_operator.py
[2024-05-18T19:43:54.839+0000] {logging_mixin.py:188} INFO - [2024-05-18T19:43:54.839+0000] {dag.py:3096} INFO - Sync 1 DAGs
[2024-05-18T19:43:54.861+0000] {logging_mixin.py:188} INFO - [2024-05-18T19:43:54.861+0000] {dag.py:3954} INFO - Setting next_dagrun for example_branch_operator to 2024-05-17 00:00:00+00:00, run_after=2024-05-18 00:00:00+00:00
[2024-05-18T19:43:54.883+0000] {processor.py:183} INFO - Processing /home/airflow/.local/lib/python3.12/site-packages/airflow/example_dags/example_branch_operator.py took 0.096 seconds
[2024-05-18T19:44:25.150+0000] {processor.py:161} INFO - Started process (PID=360) to work on /home/airflow/.local/lib/python3.12/site-packages/airflow/example_dags/example_branch_operator.py
[2024-05-18T19:44:25.151+0000] {processor.py:830} INFO - Processing file /home/airflow/.local/lib/python3.12/site-packages/airflow/example_dags/example_branch_operator.py for tasks to queue
[2024-05-18T19:44:25.153+0000] {logging_mixin.py:188} INFO - [2024-05-18T19:44:25.153+0000] {dagbag.py:545} INFO - Filling up the DagBag from /home/airflow/.local/lib/python3.12/site-packages/airflow/example_dags/example_branch_operator.py
[2024-05-18T19:44:25.169+0000] {processor.py:840} INFO - DAG(s) 'example_branch_operator' retrieved from /home/airflow/.local/lib/python3.12/site-packages/airflow/example_dags/example_branch_operator.py
[2024-05-18T19:44:25.199+0000] {logging_mixin.py:188} INFO - [2024-05-18T19:44:25.198+0000] {dag.py:3096} INFO - Sync 1 DAGs
[2024-05-18T19:44:25.223+0000] {logging_mixin.py:188} INFO - [2024-05-18T19:44:25.222+0000] {dag.py:3954} INFO - Setting next_dagrun for example_branch_operator to 2024-05-17 00:00:00+00:00, run_after=2024-05-18 00:00:00+00:00
[2024-05-18T19:44:25.250+0000] {processor.py:183} INFO - Processing /home/airflow/.local/lib/python3.12/site-packages/airflow/example_dags/example_branch_operator.py took 0.105 seconds
[2024-05-18T19:44:55.652+0000] {processor.py:161} INFO - Started process (PID=418) to work on /home/airflow/.local/lib/python3.12/site-packages/airflow/example_dags/example_branch_operator.py
[2024-05-18T19:44:55.653+0000] {processor.py:830} INFO - Processing file /home/airflow/.local/lib/python3.12/site-packages/airflow/example_dags/example_branch_operator.py for tasks to queue
[2024-05-18T19:44:55.655+0000] {logging_mixin.py:188} INFO - [2024-05-18T19:44:55.654+0000] {dagbag.py:545} INFO - Filling up the DagBag from /home/airflow/.local/lib/python3.12/site-packages/airflow/example_dags/example_branch_operator.py
[2024-05-18T19:44:55.670+0000] {processor.py:840} INFO - DAG(s) 'example_branch_operator' retrieved from /home/airflow/.local/lib/python3.12/site-packages/airflow/example_dags/example_branch_operator.py
[2024-05-18T19:44:55.696+0000] {logging_mixin.py:188} INFO - [2024-05-18T19:44:55.696+0000] {dag.py:3096} INFO - Sync 1 DAGs
[2024-05-18T19:44:55.717+0000] {logging_mixin.py:188} INFO - [2024-05-18T19:44:55.716+0000] {dag.py:3954} INFO - Setting next_dagrun for example_branch_operator to 2024-05-17 00:00:00+00:00, run_after=2024-05-18 00:00:00+00:00
[2024-05-18T19:44:55.741+0000] {processor.py:183} INFO - Processing /home/airflow/.local/lib/python3.12/site-packages/airflow/example_dags/example_branch_operator.py took 0.095 seconds
[2024-05-18T19:45:25.919+0000] {processor.py:161} INFO - Started process (PID=476) to work on /home/airflow/.local/lib/python3.12/site-packages/airflow/example_dags/example_branch_operator.py
[2024-05-18T19:45:25.920+0000] {processor.py:830} INFO - Processing file /home/airflow/.local/lib/python3.12/site-packages/airflow/example_dags/example_branch_operator.py for tasks to queue
[2024-05-18T19:45:25.922+0000] {logging_mixin.py:188} INFO - [2024-05-18T19:45:25.921+0000] {dagbag.py:545} INFO - Filling up the DagBag from /home/airflow/.local/lib/python3.12/site-packages/airflow/example_dags/example_branch_operator.py
[2024-05-18T19:45:25.936+0000] {processor.py:840} INFO - DAG(s) 'example_branch_operator' retrieved from /home/airflow/.local/lib/python3.12/site-packages/airflow/example_dags/example_branch_operator.py
[2024-05-18T19:45:25.963+0000] {logging_mixin.py:188} INFO - [2024-05-18T19:45:25.963+0000] {dag.py:3096} INFO - Sync 1 DAGs
[2024-05-18T19:45:25.984+0000] {logging_mixin.py:188} INFO - [2024-05-18T19:45:25.983+0000] {dag.py:3954} INFO - Setting next_dagrun for example_branch_operator to 2024-05-17 00:00:00+00:00, run_after=2024-05-18 00:00:00+00:00
[2024-05-18T19:45:26.010+0000] {processor.py:183} INFO - Processing /home/airflow/.local/lib/python3.12/site-packages/airflow/example_dags/example_branch_operator.py took 0.097 seconds
[2024-05-18T19:45:56.258+0000] {processor.py:161} INFO - Started process (PID=534) to work on /home/airflow/.local/lib/python3.12/site-packages/airflow/example_dags/example_branch_operator.py
[2024-05-18T19:45:56.259+0000] {processor.py:830} INFO - Processing file /home/airflow/.local/lib/python3.12/site-packages/airflow/example_dags/example_branch_operator.py for tasks to queue
[2024-05-18T19:45:56.261+0000] {logging_mixin.py:188} INFO - [2024-05-18T19:45:56.260+0000] {dagbag.py:545} INFO - Filling up the DagBag from /home/airflow/.local/lib/python3.12/site-packages/airflow/example_dags/example_branch_operator.py
[2024-05-18T19:45:56.276+0000] {processor.py:840} INFO - DAG(s) 'example_branch_operator' retrieved from /home/airflow/.local/lib/python3.12/site-packages/airflow/example_dags/example_branch_operator.py
[2024-05-18T19:45:56.304+0000] {logging_mixin.py:188} INFO - [2024-05-18T19:45:56.303+0000] {dag.py:3096} INFO - Sync 1 DAGs
[2024-05-18T19:45:56.326+0000] {logging_mixin.py:188} INFO - [2024-05-18T19:45:56.325+0000] {dag.py:3954} INFO - Setting next_dagrun for example_branch_operator to 2024-05-17 00:00:00+00:00, run_after=2024-05-18 00:00:00+00:00
[2024-05-18T19:45:56.347+0000] {processor.py:183} INFO - Processing /home/airflow/.local/lib/python3.12/site-packages/airflow/example_dags/example_branch_operator.py took 0.095 seconds
[2024-05-18T19:46:26.392+0000] {processor.py:161} INFO - Started process (PID=592) to work on /home/airflow/.local/lib/python3.12/site-packages/airflow/example_dags/example_branch_operator.py
[2024-05-18T19:46:26.393+0000] {processor.py:830} INFO - Processing file /home/airflow/.local/lib/python3.12/site-packages/airflow/example_dags/example_branch_operator.py for tasks to queue
[2024-05-18T19:46:26.395+0000] {logging_mixin.py:188} INFO - [2024-05-18T19:46:26.395+0000] {dagbag.py:545} INFO - Filling up the DagBag from /home/airflow/.local/lib/python3.12/site-packages/airflow/example_dags/example_branch_operator.py
[2024-05-18T19:46:26.410+0000] {processor.py:840} INFO - DAG(s) 'example_branch_operator' retrieved from /home/airflow/.local/lib/python3.12/site-packages/airflow/example_dags/example_branch_operator.py
[2024-05-18T19:46:26.438+0000] {logging_mixin.py:188} INFO - [2024-05-18T19:46:26.438+0000] {dag.py:3096} INFO - Sync 1 DAGs
[2024-05-18T19:46:26.461+0000] {logging_mixin.py:188} INFO - [2024-05-18T19:46:26.461+0000] {dag.py:3954} INFO - Setting next_dagrun for example_branch_operator to 2024-05-17 00:00:00+00:00, run_after=2024-05-18 00:00:00+00:00
[2024-05-18T19:46:26.482+0000] {processor.py:183} INFO - Processing /home/airflow/.local/lib/python3.12/site-packages/airflow/example_dags/example_branch_operator.py took 0.095 seconds
[2024-05-18T19:46:56.717+0000] {processor.py:161} INFO - Started process (PID=651) to work on /home/airflow/.local/lib/python3.12/site-packages/airflow/example_dags/example_branch_operator.py
[2024-05-18T19:46:56.718+0000] {processor.py:830} INFO - Processing file /home/airflow/.local/lib/python3.12/site-packages/airflow/example_dags/example_branch_operator.py for tasks to queue
[2024-05-18T19:46:56.720+0000] {logging_mixin.py:188} INFO - [2024-05-18T19:46:56.719+0000] {dagbag.py:545} INFO - Filling up the DagBag from /home/airflow/.local/lib/python3.12/site-packages/airflow/example_dags/example_branch_operator.py
[2024-05-18T19:46:56.738+0000] {processor.py:840} INFO - DAG(s) 'example_branch_operator' retrieved from /home/airflow/.local/lib/python3.12/site-packages/airflow/example_dags/example_branch_operator.py
[2024-05-18T19:46:56.765+0000] {logging_mixin.py:188} INFO - [2024-05-18T19:46:56.765+0000] {dag.py:3096} INFO - Sync 1 DAGs
[2024-05-18T19:46:56.787+0000] {logging_mixin.py:188} INFO - [2024-05-18T19:46:56.787+0000] {dag.py:3954} INFO - Setting next_dagrun for example_branch_operator to 2024-05-17 00:00:00+00:00, run_after=2024-05-18 00:00:00+00:00
[2024-05-18T19:46:56.809+0000] {processor.py:183} INFO - Processing /home/airflow/.local/lib/python3.12/site-packages/airflow/example_dags/example_branch_operator.py took 0.099 seconds
[2024-05-18T19:47:27.028+0000] {processor.py:161} INFO - Started process (PID=709) to work on /home/airflow/.local/lib/python3.12/site-packages/airflow/example_dags/example_branch_operator.py
[2024-05-18T19:47:27.029+0000] {processor.py:830} INFO - Processing file /home/airflow/.local/lib/python3.12/site-packages/airflow/example_dags/example_branch_operator.py for tasks to queue
[2024-05-18T19:47:27.031+0000] {logging_mixin.py:188} INFO - [2024-05-18T19:47:27.031+0000] {dagbag.py:545} INFO - Filling up the DagBag from /home/airflow/.local/lib/python3.12/site-packages/airflow/example_dags/example_branch_operator.py
[2024-05-18T19:47:27.046+0000] {processor.py:840} INFO - DAG(s) 'example_branch_operator' retrieved from /home/airflow/.local/lib/python3.12/site-packages/airflow/example_dags/example_branch_operator.py
[2024-05-18T19:47:27.073+0000] {logging_mixin.py:188} INFO - [2024-05-18T19:47:27.073+0000] {dag.py:3096} INFO - Sync 1 DAGs
[2024-05-18T19:47:27.096+0000] {logging_mixin.py:188} INFO - [2024-05-18T19:47:27.096+0000] {dag.py:3954} INFO - Setting next_dagrun for example_branch_operator to 2024-05-17 00:00:00+00:00, run_after=2024-05-18 00:00:00+00:00
[2024-05-18T19:47:27.118+0000] {processor.py:183} INFO - Processing /home/airflow/.local/lib/python3.12/site-packages/airflow/example_dags/example_branch_operator.py took 0.096 seconds
[2024-05-18T19:47:57.395+0000] {processor.py:161} INFO - Started process (PID=767) to work on /home/airflow/.local/lib/python3.12/site-packages/airflow/example_dags/example_branch_operator.py
[2024-05-18T19:47:57.396+0000] {processor.py:830} INFO - Processing file /home/airflow/.local/lib/python3.12/site-packages/airflow/example_dags/example_branch_operator.py for tasks to queue
[2024-05-18T19:47:57.398+0000] {logging_mixin.py:188} INFO - [2024-05-18T19:47:57.398+0000] {dagbag.py:545} INFO - Filling up the DagBag from /home/airflow/.local/lib/python3.12/site-packages/airflow/example_dags/example_branch_operator.py
[2024-05-18T19:47:57.414+0000] {processor.py:840} INFO - DAG(s) 'example_branch_operator' retrieved from /home/airflow/.local/lib/python3.12/site-packages/airflow/example_dags/example_branch_operator.py
[2024-05-18T19:47:57.441+0000] {logging_mixin.py:188} INFO - [2024-05-18T19:47:57.441+0000] {dag.py:3096} INFO - Sync 1 DAGs
[2024-05-18T19:47:57.463+0000] {logging_mixin.py:188} INFO - [2024-05-18T19:47:57.463+0000] {dag.py:3954} INFO - Setting next_dagrun for example_branch_operator to 2024-05-17 00:00:00+00:00, run_after=2024-05-18 00:00:00+00:00
[2024-05-18T19:47:57.484+0000] {processor.py:183} INFO - Processing /home/airflow/.local/lib/python3.12/site-packages/airflow/example_dags/example_branch_operator.py took 0.095 seconds
[2024-05-18T19:48:28.037+0000] {processor.py:161} INFO - Started process (PID=825) to work on /home/airflow/.local/lib/python3.12/site-packages/airflow/example_dags/example_branch_operator.py
[2024-05-18T19:48:28.038+0000] {processor.py:830} INFO - Processing file /home/airflow/.local/lib/python3.12/site-packages/airflow/example_dags/example_branch_operator.py for tasks to queue
[2024-05-18T19:48:28.040+0000] {logging_mixin.py:188} INFO - [2024-05-18T19:48:28.040+0000] {dagbag.py:545} INFO - Filling up the DagBag from /home/airflow/.local/lib/python3.12/site-packages/airflow/example_dags/example_branch_operator.py
[2024-05-18T19:48:28.059+0000] {processor.py:840} INFO - DAG(s) 'example_branch_operator' retrieved from /home/airflow/.local/lib/python3.12/site-packages/airflow/example_dags/example_branch_operator.py
[2024-05-18T19:48:28.093+0000] {logging_mixin.py:188} INFO - [2024-05-18T19:48:28.093+0000] {dag.py:3096} INFO - Sync 1 DAGs
[2024-05-18T19:48:28.128+0000] {logging_mixin.py:188} INFO - [2024-05-18T19:48:28.128+0000] {dag.py:3954} INFO - Setting next_dagrun for example_branch_operator to 2024-05-17 00:00:00+00:00, run_after=2024-05-18 00:00:00+00:00
[2024-05-18T19:48:28.152+0000] {processor.py:183} INFO - Processing /home/airflow/.local/lib/python3.12/site-packages/airflow/example_dags/example_branch_operator.py took 0.121 seconds
[2024-05-18T19:48:58.189+0000] {processor.py:161} INFO - Started process (PID=883) to work on /home/airflow/.local/lib/python3.12/site-packages/airflow/example_dags/example_branch_operator.py
[2024-05-18T19:48:58.190+0000] {processor.py:830} INFO - Processing file /home/airflow/.local/lib/python3.12/site-packages/airflow/example_dags/example_branch_operator.py for tasks to queue
[2024-05-18T19:48:58.192+0000] {logging_mixin.py:188} INFO - [2024-05-18T19:48:58.192+0000] {dagbag.py:545} INFO - Filling up the DagBag from /home/airflow/.local/lib/python3.12/site-packages/airflow/example_dags/example_branch_operator.py
[2024-05-18T19:48:58.207+0000] {processor.py:840} INFO - DAG(s) 'example_branch_operator' retrieved from /home/airflow/.local/lib/python3.12/site-packages/airflow/example_dags/example_branch_operator.py
[2024-05-18T19:48:58.238+0000] {logging_mixin.py:188} INFO - [2024-05-18T19:48:58.238+0000] {dag.py:3096} INFO - Sync 1 DAGs
[2024-05-18T19:48:58.262+0000] {logging_mixin.py:188} INFO - [2024-05-18T19:48:58.261+0000] {dag.py:3954} INFO - Setting next_dagrun for example_branch_operator to 2024-05-17 00:00:00+00:00, run_after=2024-05-18 00:00:00+00:00
[2024-05-18T19:48:58.284+0000] {processor.py:183} INFO - Processing /home/airflow/.local/lib/python3.12/site-packages/airflow/example_dags/example_branch_operator.py took 0.101 seconds
[2024-05-18T19:49:28.421+0000] {processor.py:161} INFO - Started process (PID=941) to work on /home/airflow/.local/lib/python3.12/site-packages/airflow/example_dags/example_branch_operator.py
[2024-05-18T19:49:28.422+0000] {processor.py:830} INFO - Processing file /home/airflow/.local/lib/python3.12/site-packages/airflow/example_dags/example_branch_operator.py for tasks to queue
[2024-05-18T19:49:28.424+0000] {logging_mixin.py:188} INFO - [2024-05-18T19:49:28.424+0000] {dagbag.py:545} INFO - Filling up the DagBag from /home/airflow/.local/lib/python3.12/site-packages/airflow/example_dags/example_branch_operator.py
[2024-05-18T19:49:28.441+0000] {processor.py:840} INFO - DAG(s) 'example_branch_operator' retrieved from /home/airflow/.local/lib/python3.12/site-packages/airflow/example_dags/example_branch_operator.py
[2024-05-18T19:49:28.472+0000] {logging_mixin.py:188} INFO - [2024-05-18T19:49:28.472+0000] {dag.py:3096} INFO - Sync 1 DAGs
[2024-05-18T19:49:28.495+0000] {logging_mixin.py:188} INFO - [2024-05-18T19:49:28.495+0000] {dag.py:3954} INFO - Setting next_dagrun for example_branch_operator to 2024-05-17 00:00:00+00:00, run_after=2024-05-18 00:00:00+00:00
[2024-05-18T19:49:28.520+0000] {processor.py:183} INFO - Processing /home/airflow/.local/lib/python3.12/site-packages/airflow/example_dags/example_branch_operator.py took 0.105 seconds
[2024-05-18T19:49:58.601+0000] {processor.py:161} INFO - Started process (PID=998) to work on /home/airflow/.local/lib/python3.12/site-packages/airflow/example_dags/example_branch_operator.py
[2024-05-18T19:49:58.602+0000] {processor.py:830} INFO - Processing file /home/airflow/.local/lib/python3.12/site-packages/airflow/example_dags/example_branch_operator.py for tasks to queue
[2024-05-18T19:49:58.604+0000] {logging_mixin.py:188} INFO - [2024-05-18T19:49:58.604+0000] {dagbag.py:545} INFO - Filling up the DagBag from /home/airflow/.local/lib/python3.12/site-packages/airflow/example_dags/example_branch_operator.py
[2024-05-18T19:49:58.619+0000] {processor.py:840} INFO - DAG(s) 'example_branch_operator' retrieved from /home/airflow/.local/lib/python3.12/site-packages/airflow/example_dags/example_branch_operator.py
[2024-05-18T19:49:58.647+0000] {logging_mixin.py:188} INFO - [2024-05-18T19:49:58.647+0000] {dag.py:3096} INFO - Sync 1 DAGs
[2024-05-18T19:49:58.669+0000] {logging_mixin.py:188} INFO - [2024-05-18T19:49:58.668+0000] {dag.py:3954} INFO - Setting next_dagrun for example_branch_operator to 2024-05-17 00:00:00+00:00, run_after=2024-05-18 00:00:00+00:00
[2024-05-18T19:49:58.690+0000] {processor.py:183} INFO - Processing /home/airflow/.local/lib/python3.12/site-packages/airflow/example_dags/example_branch_operator.py took 0.095 seconds
[2024-05-18T19:50:28.962+0000] {processor.py:161} INFO - Started process (PID=1056) to work on /home/airflow/.local/lib/python3.12/site-packages/airflow/example_dags/example_branch_operator.py
[2024-05-18T19:50:28.964+0000] {processor.py:830} INFO - Processing file /home/airflow/.local/lib/python3.12/site-packages/airflow/example_dags/example_branch_operator.py for tasks to queue
[2024-05-18T19:50:28.966+0000] {logging_mixin.py:188} INFO - [2024-05-18T19:50:28.965+0000] {dagbag.py:545} INFO - Filling up the DagBag from /home/airflow/.local/lib/python3.12/site-packages/airflow/example_dags/example_branch_operator.py
[2024-05-18T19:50:28.983+0000] {processor.py:840} INFO - DAG(s) 'example_branch_operator' retrieved from /home/airflow/.local/lib/python3.12/site-packages/airflow/example_dags/example_branch_operator.py
[2024-05-18T19:50:29.014+0000] {logging_mixin.py:188} INFO - [2024-05-18T19:50:29.014+0000] {dag.py:3096} INFO - Sync 1 DAGs
[2024-05-18T19:50:29.039+0000] {logging_mixin.py:188} INFO - [2024-05-18T19:50:29.039+0000] {dag.py:3954} INFO - Setting next_dagrun for example_branch_operator to 2024-05-17 00:00:00+00:00, run_after=2024-05-18 00:00:00+00:00
[2024-05-18T19:50:29.064+0000] {processor.py:183} INFO - Processing /home/airflow/.local/lib/python3.12/site-packages/airflow/example_dags/example_branch_operator.py took 0.109 seconds
[2024-05-18T19:50:59.908+0000] {processor.py:161} INFO - Started process (PID=1114) to work on /home/airflow/.local/lib/python3.12/site-packages/airflow/example_dags/example_branch_operator.py
[2024-05-18T19:50:59.910+0000] {processor.py:830} INFO - Processing file /home/airflow/.local/lib/python3.12/site-packages/airflow/example_dags/example_branch_operator.py for tasks to queue
[2024-05-18T19:50:59.913+0000] {logging_mixin.py:188} INFO - [2024-05-18T19:50:59.912+0000] {dagbag.py:545} INFO - Filling up the DagBag from /home/airflow/.local/lib/python3.12/site-packages/airflow/example_dags/example_branch_operator.py
[2024-05-18T19:50:59.934+0000] {processor.py:840} INFO - DAG(s) 'example_branch_operator' retrieved from /home/airflow/.local/lib/python3.12/site-packages/airflow/example_dags/example_branch_operator.py
[2024-05-18T19:50:59.972+0000] {logging_mixin.py:188} INFO - [2024-05-18T19:50:59.972+0000] {dag.py:3096} INFO - Sync 1 DAGs
[2024-05-18T19:51:00.007+0000] {logging_mixin.py:188} INFO - [2024-05-18T19:51:00.006+0000] {dag.py:3954} INFO - Setting next_dagrun for example_branch_operator to 2024-05-17 00:00:00+00:00, run_after=2024-05-18 00:00:00+00:00
[2024-05-18T19:51:00.035+0000] {processor.py:183} INFO - Processing /home/airflow/.local/lib/python3.12/site-packages/airflow/example_dags/example_branch_operator.py took 0.134 seconds
[2024-05-18T19:51:30.236+0000] {processor.py:161} INFO - Started process (PID=1172) to work on /home/airflow/.local/lib/python3.12/site-packages/airflow/example_dags/example_branch_operator.py
[2024-05-18T19:51:30.238+0000] {processor.py:830} INFO - Processing file /home/airflow/.local/lib/python3.12/site-packages/airflow/example_dags/example_branch_operator.py for tasks to queue
[2024-05-18T19:51:30.239+0000] {logging_mixin.py:188} INFO - [2024-05-18T19:51:30.239+0000] {dagbag.py:545} INFO - Filling up the DagBag from /home/airflow/.local/lib/python3.12/site-packages/airflow/example_dags/example_branch_operator.py
[2024-05-18T19:51:30.255+0000] {processor.py:840} INFO - DAG(s) 'example_branch_operator' retrieved from /home/airflow/.local/lib/python3.12/site-packages/airflow/example_dags/example_branch_operator.py
[2024-05-18T19:51:30.283+0000] {logging_mixin.py:188} INFO - [2024-05-18T19:51:30.283+0000] {dag.py:3096} INFO - Sync 1 DAGs
[2024-05-18T19:51:30.305+0000] {logging_mixin.py:188} INFO - [2024-05-18T19:51:30.304+0000] {dag.py:3954} INFO - Setting next_dagrun for example_branch_operator to 2024-05-17 00:00:00+00:00, run_after=2024-05-18 00:00:00+00:00
[2024-05-18T19:51:30.327+0000] {processor.py:183} INFO - Processing /home/airflow/.local/lib/python3.12/site-packages/airflow/example_dags/example_branch_operator.py took 0.097 seconds
[2024-05-18T19:52:00.748+0000] {processor.py:161} INFO - Started process (PID=1230) to work on /home/airflow/.local/lib/python3.12/site-packages/airflow/example_dags/example_branch_operator.py
[2024-05-18T19:52:00.749+0000] {processor.py:830} INFO - Processing file /home/airflow/.local/lib/python3.12/site-packages/airflow/example_dags/example_branch_operator.py for tasks to queue
[2024-05-18T19:52:00.751+0000] {logging_mixin.py:188} INFO - [2024-05-18T19:52:00.751+0000] {dagbag.py:545} INFO - Filling up the DagBag from /home/airflow/.local/lib/python3.12/site-packages/airflow/example_dags/example_branch_operator.py
[2024-05-18T19:52:00.769+0000] {processor.py:840} INFO - DAG(s) 'example_branch_operator' retrieved from /home/airflow/.local/lib/python3.12/site-packages/airflow/example_dags/example_branch_operator.py
[2024-05-18T19:52:00.802+0000] {logging_mixin.py:188} INFO - [2024-05-18T19:52:00.802+0000] {dag.py:3096} INFO - Sync 1 DAGs
[2024-05-18T19:52:00.828+0000] {logging_mixin.py:188} INFO - [2024-05-18T19:52:00.828+0000] {dag.py:3954} INFO - Setting next_dagrun for example_branch_operator to 2024-05-17 00:00:00+00:00, run_after=2024-05-18 00:00:00+00:00
[2024-05-18T19:52:00.852+0000] {processor.py:183} INFO - Processing /home/airflow/.local/lib/python3.12/site-packages/airflow/example_dags/example_branch_operator.py took 0.111 seconds
[2024-05-18T19:52:31.271+0000] {processor.py:161} INFO - Started process (PID=1288) to work on /home/airflow/.local/lib/python3.12/site-packages/airflow/example_dags/example_branch_operator.py
[2024-05-18T19:52:31.272+0000] {processor.py:830} INFO - Processing file /home/airflow/.local/lib/python3.12/site-packages/airflow/example_dags/example_branch_operator.py for tasks to queue
[2024-05-18T19:52:31.275+0000] {logging_mixin.py:188} INFO - [2024-05-18T19:52:31.275+0000] {dagbag.py:545} INFO - Filling up the DagBag from /home/airflow/.local/lib/python3.12/site-packages/airflow/example_dags/example_branch_operator.py
[2024-05-18T19:52:31.293+0000] {processor.py:840} INFO - DAG(s) 'example_branch_operator' retrieved from /home/airflow/.local/lib/python3.12/site-packages/airflow/example_dags/example_branch_operator.py
[2024-05-18T19:52:31.325+0000] {logging_mixin.py:188} INFO - [2024-05-18T19:52:31.324+0000] {dag.py:3096} INFO - Sync 1 DAGs
[2024-05-18T19:52:31.348+0000] {logging_mixin.py:188} INFO - [2024-05-18T19:52:31.348+0000] {dag.py:3954} INFO - Setting next_dagrun for example_branch_operator to 2024-05-17 00:00:00+00:00, run_after=2024-05-18 00:00:00+00:00
[2024-05-18T19:52:31.369+0000] {processor.py:183} INFO - Processing /home/airflow/.local/lib/python3.12/site-packages/airflow/example_dags/example_branch_operator.py took 0.104 seconds
[2024-05-18T19:53:01.870+0000] {processor.py:161} INFO - Started process (PID=1345) to work on /home/airflow/.local/lib/python3.12/site-packages/airflow/example_dags/example_branch_operator.py
[2024-05-18T19:53:01.872+0000] {processor.py:830} INFO - Processing file /home/airflow/.local/lib/python3.12/site-packages/airflow/example_dags/example_branch_operator.py for tasks to queue
[2024-05-18T19:53:01.874+0000] {logging_mixin.py:188} INFO - [2024-05-18T19:53:01.873+0000] {dagbag.py:545} INFO - Filling up the DagBag from /home/airflow/.local/lib/python3.12/site-packages/airflow/example_dags/example_branch_operator.py
[2024-05-18T19:53:01.889+0000] {processor.py:840} INFO - DAG(s) 'example_branch_operator' retrieved from /home/airflow/.local/lib/python3.12/site-packages/airflow/example_dags/example_branch_operator.py
[2024-05-18T19:53:01.915+0000] {logging_mixin.py:188} INFO - [2024-05-18T19:53:01.915+0000] {dag.py:3096} INFO - Sync 1 DAGs
[2024-05-18T19:53:01.935+0000] {logging_mixin.py:188} INFO - [2024-05-18T19:53:01.935+0000] {dag.py:3954} INFO - Setting next_dagrun for example_branch_operator to 2024-05-17 00:00:00+00:00, run_after=2024-05-18 00:00:00+00:00
[2024-05-18T19:53:01.957+0000] {processor.py:183} INFO - Processing /home/airflow/.local/lib/python3.12/site-packages/airflow/example_dags/example_branch_operator.py took 0.092 seconds
[2024-05-18T19:53:32.677+0000] {processor.py:161} INFO - Started process (PID=1403) to work on /home/airflow/.local/lib/python3.12/site-packages/airflow/example_dags/example_branch_operator.py
[2024-05-18T19:53:32.679+0000] {processor.py:830} INFO - Processing file /home/airflow/.local/lib/python3.12/site-packages/airflow/example_dags/example_branch_operator.py for tasks to queue
[2024-05-18T19:53:32.681+0000] {logging_mixin.py:188} INFO - [2024-05-18T19:53:32.681+0000] {dagbag.py:545} INFO - Filling up the DagBag from /home/airflow/.local/lib/python3.12/site-packages/airflow/example_dags/example_branch_operator.py
[2024-05-18T19:53:32.697+0000] {processor.py:840} INFO - DAG(s) 'example_branch_operator' retrieved from /home/airflow/.local/lib/python3.12/site-packages/airflow/example_dags/example_branch_operator.py
[2024-05-18T19:53:32.722+0000] {logging_mixin.py:188} INFO - [2024-05-18T19:53:32.722+0000] {dag.py:3096} INFO - Sync 1 DAGs
[2024-05-18T19:53:32.743+0000] {logging_mixin.py:188} INFO - [2024-05-18T19:53:32.743+0000] {dag.py:3954} INFO - Setting next_dagrun for example_branch_operator to 2024-05-17 00:00:00+00:00, run_after=2024-05-18 00:00:00+00:00
[2024-05-18T19:53:32.764+0000] {processor.py:183} INFO - Processing /home/airflow/.local/lib/python3.12/site-packages/airflow/example_dags/example_branch_operator.py took 0.094 seconds
[2024-05-18T19:54:03.073+0000] {processor.py:161} INFO - Started process (PID=1461) to work on /home/airflow/.local/lib/python3.12/site-packages/airflow/example_dags/example_branch_operator.py
[2024-05-18T19:54:03.074+0000] {processor.py:830} INFO - Processing file /home/airflow/.local/lib/python3.12/site-packages/airflow/example_dags/example_branch_operator.py for tasks to queue
[2024-05-18T19:54:03.076+0000] {logging_mixin.py:188} INFO - [2024-05-18T19:54:03.076+0000] {dagbag.py:545} INFO - Filling up the DagBag from /home/airflow/.local/lib/python3.12/site-packages/airflow/example_dags/example_branch_operator.py
[2024-05-18T19:54:03.091+0000] {processor.py:840} INFO - DAG(s) 'example_branch_operator' retrieved from /home/airflow/.local/lib/python3.12/site-packages/airflow/example_dags/example_branch_operator.py
[2024-05-18T19:54:03.118+0000] {logging_mixin.py:188} INFO - [2024-05-18T19:54:03.118+0000] {dag.py:3096} INFO - Sync 1 DAGs
[2024-05-18T19:54:03.143+0000] {logging_mixin.py:188} INFO - [2024-05-18T19:54:03.142+0000] {dag.py:3954} INFO - Setting next_dagrun for example_branch_operator to 2024-05-17 00:00:00+00:00, run_after=2024-05-18 00:00:00+00:00
[2024-05-18T19:54:03.166+0000] {processor.py:183} INFO - Processing /home/airflow/.local/lib/python3.12/site-packages/airflow/example_dags/example_branch_operator.py took 0.098 seconds
[2024-05-18T19:54:34.199+0000] {processor.py:161} INFO - Started process (PID=1519) to work on /home/airflow/.local/lib/python3.12/site-packages/airflow/example_dags/example_branch_operator.py
[2024-05-18T19:54:34.201+0000] {processor.py:830} INFO - Processing file /home/airflow/.local/lib/python3.12/site-packages/airflow/example_dags/example_branch_operator.py for tasks to queue
[2024-05-18T19:54:34.203+0000] {logging_mixin.py:188} INFO - [2024-05-18T19:54:34.202+0000] {dagbag.py:545} INFO - Filling up the DagBag from /home/airflow/.local/lib/python3.12/site-packages/airflow/example_dags/example_branch_operator.py
[2024-05-18T19:54:34.218+0000] {processor.py:840} INFO - DAG(s) 'example_branch_operator' retrieved from /home/airflow/.local/lib/python3.12/site-packages/airflow/example_dags/example_branch_operator.py
[2024-05-18T19:54:34.246+0000] {logging_mixin.py:188} INFO - [2024-05-18T19:54:34.246+0000] {dag.py:3096} INFO - Sync 1 DAGs
[2024-05-18T19:54:34.269+0000] {logging_mixin.py:188} INFO - [2024-05-18T19:54:34.269+0000] {dag.py:3954} INFO - Setting next_dagrun for example_branch_operator to 2024-05-17 00:00:00+00:00, run_after=2024-05-18 00:00:00+00:00
[2024-05-18T19:54:34.292+0000] {processor.py:183} INFO - Processing /home/airflow/.local/lib/python3.12/site-packages/airflow/example_dags/example_branch_operator.py took 0.099 seconds
[2024-05-18T19:55:04.469+0000] {processor.py:161} INFO - Started process (PID=1578) to work on /home/airflow/.local/lib/python3.12/site-packages/airflow/example_dags/example_branch_operator.py
[2024-05-18T19:55:04.471+0000] {processor.py:830} INFO - Processing file /home/airflow/.local/lib/python3.12/site-packages/airflow/example_dags/example_branch_operator.py for tasks to queue
[2024-05-18T19:55:04.473+0000] {logging_mixin.py:188} INFO - [2024-05-18T19:55:04.472+0000] {dagbag.py:545} INFO - Filling up the DagBag from /home/airflow/.local/lib/python3.12/site-packages/airflow/example_dags/example_branch_operator.py
[2024-05-18T19:55:04.488+0000] {processor.py:840} INFO - DAG(s) 'example_branch_operator' retrieved from /home/airflow/.local/lib/python3.12/site-packages/airflow/example_dags/example_branch_operator.py
[2024-05-18T19:55:04.516+0000] {logging_mixin.py:188} INFO - [2024-05-18T19:55:04.516+0000] {dag.py:3096} INFO - Sync 1 DAGs
[2024-05-18T19:55:04.540+0000] {logging_mixin.py:188} INFO - [2024-05-18T19:55:04.540+0000] {dag.py:3954} INFO - Setting next_dagrun for example_branch_operator to 2024-05-17 00:00:00+00:00, run_after=2024-05-18 00:00:00+00:00
[2024-05-18T19:55:04.563+0000] {processor.py:183} INFO - Processing /home/airflow/.local/lib/python3.12/site-packages/airflow/example_dags/example_branch_operator.py took 0.099 seconds
[2024-05-18T20:00:13.859+0000] {processor.py:161} INFO - Started process (PID=66) to work on /home/airflow/.local/lib/python3.12/site-packages/airflow/example_dags/example_branch_operator.py
[2024-05-18T20:00:13.861+0000] {processor.py:830} INFO - Processing file /home/airflow/.local/lib/python3.12/site-packages/airflow/example_dags/example_branch_operator.py for tasks to queue
[2024-05-18T20:00:13.865+0000] {logging_mixin.py:188} INFO - [2024-05-18T20:00:13.864+0000] {dagbag.py:545} INFO - Filling up the DagBag from /home/airflow/.local/lib/python3.12/site-packages/airflow/example_dags/example_branch_operator.py
[2024-05-18T20:00:13.885+0000] {processor.py:840} INFO - DAG(s) 'example_branch_operator' retrieved from /home/airflow/.local/lib/python3.12/site-packages/airflow/example_dags/example_branch_operator.py
[2024-05-18T20:00:13.900+0000] {logging_mixin.py:188} INFO - [2024-05-18T20:00:13.899+0000] {dag.py:3096} INFO - Sync 1 DAGs
[2024-05-18T20:00:13.938+0000] {logging_mixin.py:188} INFO - [2024-05-18T20:00:13.938+0000] {dag.py:3954} INFO - Setting next_dagrun for example_branch_operator to 2024-05-17 00:00:00+00:00, run_after=2024-05-18 00:00:00+00:00
[2024-05-18T20:00:13.964+0000] {processor.py:183} INFO - Processing /home/airflow/.local/lib/python3.12/site-packages/airflow/example_dags/example_branch_operator.py took 0.114 seconds
[2024-05-18T20:00:45.332+0000] {processor.py:161} INFO - Started process (PID=124) to work on /home/airflow/.local/lib/python3.12/site-packages/airflow/example_dags/example_branch_operator.py
[2024-05-18T20:00:45.333+0000] {processor.py:830} INFO - Processing file /home/airflow/.local/lib/python3.12/site-packages/airflow/example_dags/example_branch_operator.py for tasks to queue
[2024-05-18T20:00:45.334+0000] {logging_mixin.py:188} INFO - [2024-05-18T20:00:45.334+0000] {dagbag.py:545} INFO - Filling up the DagBag from /home/airflow/.local/lib/python3.12/site-packages/airflow/example_dags/example_branch_operator.py
[2024-05-18T20:00:45.349+0000] {processor.py:840} INFO - DAG(s) 'example_branch_operator' retrieved from /home/airflow/.local/lib/python3.12/site-packages/airflow/example_dags/example_branch_operator.py
[2024-05-18T20:00:45.438+0000] {logging_mixin.py:188} INFO - [2024-05-18T20:00:45.438+0000] {dag.py:3096} INFO - Sync 1 DAGs
[2024-05-18T20:00:45.456+0000] {logging_mixin.py:188} INFO - [2024-05-18T20:00:45.456+0000] {dag.py:3954} INFO - Setting next_dagrun for example_branch_operator to 2024-05-17 00:00:00+00:00, run_after=2024-05-18 00:00:00+00:00
[2024-05-18T20:00:45.476+0000] {processor.py:183} INFO - Processing /home/airflow/.local/lib/python3.12/site-packages/airflow/example_dags/example_branch_operator.py took 0.150 seconds
[2024-05-18T20:01:15.764+0000] {processor.py:161} INFO - Started process (PID=182) to work on /home/airflow/.local/lib/python3.12/site-packages/airflow/example_dags/example_branch_operator.py
[2024-05-18T20:01:15.765+0000] {processor.py:830} INFO - Processing file /home/airflow/.local/lib/python3.12/site-packages/airflow/example_dags/example_branch_operator.py for tasks to queue
[2024-05-18T20:01:15.767+0000] {logging_mixin.py:188} INFO - [2024-05-18T20:01:15.766+0000] {dagbag.py:545} INFO - Filling up the DagBag from /home/airflow/.local/lib/python3.12/site-packages/airflow/example_dags/example_branch_operator.py
[2024-05-18T20:01:15.780+0000] {processor.py:840} INFO - DAG(s) 'example_branch_operator' retrieved from /home/airflow/.local/lib/python3.12/site-packages/airflow/example_dags/example_branch_operator.py
[2024-05-18T20:01:15.806+0000] {logging_mixin.py:188} INFO - [2024-05-18T20:01:15.806+0000] {dag.py:3096} INFO - Sync 1 DAGs
[2024-05-18T20:01:15.825+0000] {logging_mixin.py:188} INFO - [2024-05-18T20:01:15.825+0000] {dag.py:3954} INFO - Setting next_dagrun for example_branch_operator to 2024-05-17 00:00:00+00:00, run_after=2024-05-18 00:00:00+00:00
[2024-05-18T20:01:15.846+0000] {processor.py:183} INFO - Processing /home/airflow/.local/lib/python3.12/site-packages/airflow/example_dags/example_branch_operator.py took 0.087 seconds
[2024-05-18T20:01:46.106+0000] {processor.py:161} INFO - Started process (PID=240) to work on /home/airflow/.local/lib/python3.12/site-packages/airflow/example_dags/example_branch_operator.py
[2024-05-18T20:01:46.107+0000] {processor.py:830} INFO - Processing file /home/airflow/.local/lib/python3.12/site-packages/airflow/example_dags/example_branch_operator.py for tasks to queue
[2024-05-18T20:01:46.109+0000] {logging_mixin.py:188} INFO - [2024-05-18T20:01:46.108+0000] {dagbag.py:545} INFO - Filling up the DagBag from /home/airflow/.local/lib/python3.12/site-packages/airflow/example_dags/example_branch_operator.py
[2024-05-18T20:01:46.125+0000] {processor.py:840} INFO - DAG(s) 'example_branch_operator' retrieved from /home/airflow/.local/lib/python3.12/site-packages/airflow/example_dags/example_branch_operator.py
[2024-05-18T20:01:46.151+0000] {logging_mixin.py:188} INFO - [2024-05-18T20:01:46.151+0000] {dag.py:3096} INFO - Sync 1 DAGs
[2024-05-18T20:01:46.172+0000] {logging_mixin.py:188} INFO - [2024-05-18T20:01:46.172+0000] {dag.py:3954} INFO - Setting next_dagrun for example_branch_operator to 2024-05-17 00:00:00+00:00, run_after=2024-05-18 00:00:00+00:00
[2024-05-18T20:01:46.194+0000] {processor.py:183} INFO - Processing /home/airflow/.local/lib/python3.12/site-packages/airflow/example_dags/example_branch_operator.py took 0.094 seconds
[2024-05-18T20:02:16.655+0000] {processor.py:161} INFO - Started process (PID=298) to work on /home/airflow/.local/lib/python3.12/site-packages/airflow/example_dags/example_branch_operator.py
[2024-05-18T20:02:16.656+0000] {processor.py:830} INFO - Processing file /home/airflow/.local/lib/python3.12/site-packages/airflow/example_dags/example_branch_operator.py for tasks to queue
[2024-05-18T20:02:16.658+0000] {logging_mixin.py:188} INFO - [2024-05-18T20:02:16.658+0000] {dagbag.py:545} INFO - Filling up the DagBag from /home/airflow/.local/lib/python3.12/site-packages/airflow/example_dags/example_branch_operator.py
[2024-05-18T20:02:16.676+0000] {processor.py:840} INFO - DAG(s) 'example_branch_operator' retrieved from /home/airflow/.local/lib/python3.12/site-packages/airflow/example_dags/example_branch_operator.py
[2024-05-18T20:02:16.707+0000] {logging_mixin.py:188} INFO - [2024-05-18T20:02:16.707+0000] {dag.py:3096} INFO - Sync 1 DAGs
[2024-05-18T20:02:16.733+0000] {logging_mixin.py:188} INFO - [2024-05-18T20:02:16.733+0000] {dag.py:3954} INFO - Setting next_dagrun for example_branch_operator to 2024-05-17 00:00:00+00:00, run_after=2024-05-18 00:00:00+00:00
[2024-05-18T20:02:16.758+0000] {processor.py:183} INFO - Processing /home/airflow/.local/lib/python3.12/site-packages/airflow/example_dags/example_branch_operator.py took 0.110 seconds
[2024-05-18T20:02:46.847+0000] {processor.py:161} INFO - Started process (PID=356) to work on /home/airflow/.local/lib/python3.12/site-packages/airflow/example_dags/example_branch_operator.py
[2024-05-18T20:02:46.848+0000] {processor.py:830} INFO - Processing file /home/airflow/.local/lib/python3.12/site-packages/airflow/example_dags/example_branch_operator.py for tasks to queue
[2024-05-18T20:02:46.850+0000] {logging_mixin.py:188} INFO - [2024-05-18T20:02:46.850+0000] {dagbag.py:545} INFO - Filling up the DagBag from /home/airflow/.local/lib/python3.12/site-packages/airflow/example_dags/example_branch_operator.py
[2024-05-18T20:02:46.869+0000] {processor.py:840} INFO - DAG(s) 'example_branch_operator' retrieved from /home/airflow/.local/lib/python3.12/site-packages/airflow/example_dags/example_branch_operator.py
[2024-05-18T20:02:46.899+0000] {logging_mixin.py:188} INFO - [2024-05-18T20:02:46.898+0000] {dag.py:3096} INFO - Sync 1 DAGs
[2024-05-18T20:02:46.923+0000] {logging_mixin.py:188} INFO - [2024-05-18T20:02:46.922+0000] {dag.py:3954} INFO - Setting next_dagrun for example_branch_operator to 2024-05-17 00:00:00+00:00, run_after=2024-05-18 00:00:00+00:00
[2024-05-18T20:02:46.944+0000] {processor.py:183} INFO - Processing /home/airflow/.local/lib/python3.12/site-packages/airflow/example_dags/example_branch_operator.py took 0.103 seconds
[2024-05-18T20:03:17.817+0000] {processor.py:161} INFO - Started process (PID=414) to work on /home/airflow/.local/lib/python3.12/site-packages/airflow/example_dags/example_branch_operator.py
[2024-05-18T20:03:17.817+0000] {processor.py:830} INFO - Processing file /home/airflow/.local/lib/python3.12/site-packages/airflow/example_dags/example_branch_operator.py for tasks to queue
[2024-05-18T20:03:17.819+0000] {logging_mixin.py:188} INFO - [2024-05-18T20:03:17.819+0000] {dagbag.py:545} INFO - Filling up the DagBag from /home/airflow/.local/lib/python3.12/site-packages/airflow/example_dags/example_branch_operator.py
[2024-05-18T20:03:17.834+0000] {processor.py:840} INFO - DAG(s) 'example_branch_operator' retrieved from /home/airflow/.local/lib/python3.12/site-packages/airflow/example_dags/example_branch_operator.py
[2024-05-18T20:03:17.863+0000] {logging_mixin.py:188} INFO - [2024-05-18T20:03:17.863+0000] {dag.py:3096} INFO - Sync 1 DAGs
[2024-05-18T20:03:17.885+0000] {logging_mixin.py:188} INFO - [2024-05-18T20:03:17.885+0000] {dag.py:3954} INFO - Setting next_dagrun for example_branch_operator to 2024-05-17 00:00:00+00:00, run_after=2024-05-18 00:00:00+00:00
[2024-05-18T20:03:17.909+0000] {processor.py:183} INFO - Processing /home/airflow/.local/lib/python3.12/site-packages/airflow/example_dags/example_branch_operator.py took 0.098 seconds
[2024-05-18T20:03:48.266+0000] {processor.py:161} INFO - Started process (PID=472) to work on /home/airflow/.local/lib/python3.12/site-packages/airflow/example_dags/example_branch_operator.py
[2024-05-18T20:03:48.268+0000] {processor.py:830} INFO - Processing file /home/airflow/.local/lib/python3.12/site-packages/airflow/example_dags/example_branch_operator.py for tasks to queue
[2024-05-18T20:03:48.270+0000] {logging_mixin.py:188} INFO - [2024-05-18T20:03:48.269+0000] {dagbag.py:545} INFO - Filling up the DagBag from /home/airflow/.local/lib/python3.12/site-packages/airflow/example_dags/example_branch_operator.py
[2024-05-18T20:03:48.284+0000] {processor.py:840} INFO - DAG(s) 'example_branch_operator' retrieved from /home/airflow/.local/lib/python3.12/site-packages/airflow/example_dags/example_branch_operator.py
[2024-05-18T20:03:48.311+0000] {logging_mixin.py:188} INFO - [2024-05-18T20:03:48.310+0000] {dag.py:3096} INFO - Sync 1 DAGs
[2024-05-18T20:03:48.333+0000] {logging_mixin.py:188} INFO - [2024-05-18T20:03:48.333+0000] {dag.py:3954} INFO - Setting next_dagrun for example_branch_operator to 2024-05-17 00:00:00+00:00, run_after=2024-05-18 00:00:00+00:00
[2024-05-18T20:03:48.354+0000] {processor.py:183} INFO - Processing /home/airflow/.local/lib/python3.12/site-packages/airflow/example_dags/example_branch_operator.py took 0.093 seconds
[2024-05-18T20:04:18.778+0000] {processor.py:161} INFO - Started process (PID=530) to work on /home/airflow/.local/lib/python3.12/site-packages/airflow/example_dags/example_branch_operator.py
[2024-05-18T20:04:18.779+0000] {processor.py:830} INFO - Processing file /home/airflow/.local/lib/python3.12/site-packages/airflow/example_dags/example_branch_operator.py for tasks to queue
[2024-05-18T20:04:18.781+0000] {logging_mixin.py:188} INFO - [2024-05-18T20:04:18.781+0000] {dagbag.py:545} INFO - Filling up the DagBag from /home/airflow/.local/lib/python3.12/site-packages/airflow/example_dags/example_branch_operator.py
[2024-05-18T20:04:18.796+0000] {processor.py:840} INFO - DAG(s) 'example_branch_operator' retrieved from /home/airflow/.local/lib/python3.12/site-packages/airflow/example_dags/example_branch_operator.py
[2024-05-18T20:04:18.828+0000] {logging_mixin.py:188} INFO - [2024-05-18T20:04:18.828+0000] {dag.py:3096} INFO - Sync 1 DAGs
[2024-05-18T20:04:18.851+0000] {logging_mixin.py:188} INFO - [2024-05-18T20:04:18.851+0000] {dag.py:3954} INFO - Setting next_dagrun for example_branch_operator to 2024-05-17 00:00:00+00:00, run_after=2024-05-18 00:00:00+00:00
[2024-05-18T20:04:18.876+0000] {processor.py:183} INFO - Processing /home/airflow/.local/lib/python3.12/site-packages/airflow/example_dags/example_branch_operator.py took 0.104 seconds
[2024-05-18T20:04:48.966+0000] {processor.py:161} INFO - Started process (PID=588) to work on /home/airflow/.local/lib/python3.12/site-packages/airflow/example_dags/example_branch_operator.py
[2024-05-18T20:04:48.967+0000] {processor.py:830} INFO - Processing file /home/airflow/.local/lib/python3.12/site-packages/airflow/example_dags/example_branch_operator.py for tasks to queue
[2024-05-18T20:04:48.969+0000] {logging_mixin.py:188} INFO - [2024-05-18T20:04:48.969+0000] {dagbag.py:545} INFO - Filling up the DagBag from /home/airflow/.local/lib/python3.12/site-packages/airflow/example_dags/example_branch_operator.py
[2024-05-18T20:04:48.985+0000] {processor.py:840} INFO - DAG(s) 'example_branch_operator' retrieved from /home/airflow/.local/lib/python3.12/site-packages/airflow/example_dags/example_branch_operator.py
[2024-05-18T20:04:49.017+0000] {logging_mixin.py:188} INFO - [2024-05-18T20:04:49.017+0000] {dag.py:3096} INFO - Sync 1 DAGs
[2024-05-18T20:04:49.041+0000] {logging_mixin.py:188} INFO - [2024-05-18T20:04:49.040+0000] {dag.py:3954} INFO - Setting next_dagrun for example_branch_operator to 2024-05-17 00:00:00+00:00, run_after=2024-05-18 00:00:00+00:00
[2024-05-18T20:04:49.067+0000] {processor.py:183} INFO - Processing /home/airflow/.local/lib/python3.12/site-packages/airflow/example_dags/example_branch_operator.py took 0.106 seconds
[2024-05-18T20:05:19.103+0000] {processor.py:161} INFO - Started process (PID=646) to work on /home/airflow/.local/lib/python3.12/site-packages/airflow/example_dags/example_branch_operator.py
[2024-05-18T20:05:19.104+0000] {processor.py:830} INFO - Processing file /home/airflow/.local/lib/python3.12/site-packages/airflow/example_dags/example_branch_operator.py for tasks to queue
[2024-05-18T20:05:19.106+0000] {logging_mixin.py:188} INFO - [2024-05-18T20:05:19.106+0000] {dagbag.py:545} INFO - Filling up the DagBag from /home/airflow/.local/lib/python3.12/site-packages/airflow/example_dags/example_branch_operator.py
[2024-05-18T20:05:19.121+0000] {processor.py:840} INFO - DAG(s) 'example_branch_operator' retrieved from /home/airflow/.local/lib/python3.12/site-packages/airflow/example_dags/example_branch_operator.py
[2024-05-18T20:05:19.149+0000] {logging_mixin.py:188} INFO - [2024-05-18T20:05:19.149+0000] {dag.py:3096} INFO - Sync 1 DAGs
[2024-05-18T20:05:19.172+0000] {logging_mixin.py:188} INFO - [2024-05-18T20:05:19.171+0000] {dag.py:3954} INFO - Setting next_dagrun for example_branch_operator to 2024-05-17 00:00:00+00:00, run_after=2024-05-18 00:00:00+00:00
[2024-05-18T20:05:19.194+0000] {processor.py:183} INFO - Processing /home/airflow/.local/lib/python3.12/site-packages/airflow/example_dags/example_branch_operator.py took 0.097 seconds
[2024-05-18T20:05:49.268+0000] {processor.py:161} INFO - Started process (PID=704) to work on /home/airflow/.local/lib/python3.12/site-packages/airflow/example_dags/example_branch_operator.py
[2024-05-18T20:05:49.269+0000] {processor.py:830} INFO - Processing file /home/airflow/.local/lib/python3.12/site-packages/airflow/example_dags/example_branch_operator.py for tasks to queue
[2024-05-18T20:05:49.271+0000] {logging_mixin.py:188} INFO - [2024-05-18T20:05:49.270+0000] {dagbag.py:545} INFO - Filling up the DagBag from /home/airflow/.local/lib/python3.12/site-packages/airflow/example_dags/example_branch_operator.py
[2024-05-18T20:05:49.287+0000] {processor.py:840} INFO - DAG(s) 'example_branch_operator' retrieved from /home/airflow/.local/lib/python3.12/site-packages/airflow/example_dags/example_branch_operator.py
[2024-05-18T20:05:49.314+0000] {logging_mixin.py:188} INFO - [2024-05-18T20:05:49.314+0000] {dag.py:3096} INFO - Sync 1 DAGs
[2024-05-18T20:05:49.336+0000] {logging_mixin.py:188} INFO - [2024-05-18T20:05:49.336+0000] {dag.py:3954} INFO - Setting next_dagrun for example_branch_operator to 2024-05-17 00:00:00+00:00, run_after=2024-05-18 00:00:00+00:00
[2024-05-18T20:05:49.358+0000] {processor.py:183} INFO - Processing /home/airflow/.local/lib/python3.12/site-packages/airflow/example_dags/example_branch_operator.py took 0.095 seconds
[2024-05-18T20:06:19.508+0000] {processor.py:161} INFO - Started process (PID=762) to work on /home/airflow/.local/lib/python3.12/site-packages/airflow/example_dags/example_branch_operator.py
[2024-05-18T20:06:19.509+0000] {processor.py:830} INFO - Processing file /home/airflow/.local/lib/python3.12/site-packages/airflow/example_dags/example_branch_operator.py for tasks to queue
[2024-05-18T20:06:19.511+0000] {logging_mixin.py:188} INFO - [2024-05-18T20:06:19.511+0000] {dagbag.py:545} INFO - Filling up the DagBag from /home/airflow/.local/lib/python3.12/site-packages/airflow/example_dags/example_branch_operator.py
[2024-05-18T20:06:19.526+0000] {processor.py:840} INFO - DAG(s) 'example_branch_operator' retrieved from /home/airflow/.local/lib/python3.12/site-packages/airflow/example_dags/example_branch_operator.py
[2024-05-18T20:06:19.561+0000] {logging_mixin.py:188} INFO - [2024-05-18T20:06:19.561+0000] {dag.py:3096} INFO - Sync 1 DAGs
[2024-05-18T20:06:19.593+0000] {logging_mixin.py:188} INFO - [2024-05-18T20:06:19.592+0000] {dag.py:3954} INFO - Setting next_dagrun for example_branch_operator to 2024-05-17 00:00:00+00:00, run_after=2024-05-18 00:00:00+00:00
[2024-05-18T20:06:19.616+0000] {processor.py:183} INFO - Processing /home/airflow/.local/lib/python3.12/site-packages/airflow/example_dags/example_branch_operator.py took 0.114 seconds
[2024-05-18T20:06:50.749+0000] {processor.py:161} INFO - Started process (PID=820) to work on /home/airflow/.local/lib/python3.12/site-packages/airflow/example_dags/example_branch_operator.py
[2024-05-18T20:06:50.750+0000] {processor.py:830} INFO - Processing file /home/airflow/.local/lib/python3.12/site-packages/airflow/example_dags/example_branch_operator.py for tasks to queue
[2024-05-18T20:06:50.752+0000] {logging_mixin.py:188} INFO - [2024-05-18T20:06:50.752+0000] {dagbag.py:545} INFO - Filling up the DagBag from /home/airflow/.local/lib/python3.12/site-packages/airflow/example_dags/example_branch_operator.py
[2024-05-18T20:06:50.766+0000] {processor.py:840} INFO - DAG(s) 'example_branch_operator' retrieved from /home/airflow/.local/lib/python3.12/site-packages/airflow/example_dags/example_branch_operator.py
[2024-05-18T20:06:50.793+0000] {logging_mixin.py:188} INFO - [2024-05-18T20:06:50.792+0000] {dag.py:3096} INFO - Sync 1 DAGs
[2024-05-18T20:06:50.813+0000] {logging_mixin.py:188} INFO - [2024-05-18T20:06:50.813+0000] {dag.py:3954} INFO - Setting next_dagrun for example_branch_operator to 2024-05-17 00:00:00+00:00, run_after=2024-05-18 00:00:00+00:00
[2024-05-18T20:06:50.833+0000] {processor.py:183} INFO - Processing /home/airflow/.local/lib/python3.12/site-packages/airflow/example_dags/example_branch_operator.py took 0.089 seconds
[2024-05-18T20:07:20.911+0000] {processor.py:161} INFO - Started process (PID=878) to work on /home/airflow/.local/lib/python3.12/site-packages/airflow/example_dags/example_branch_operator.py
[2024-05-18T20:07:20.912+0000] {processor.py:830} INFO - Processing file /home/airflow/.local/lib/python3.12/site-packages/airflow/example_dags/example_branch_operator.py for tasks to queue
[2024-05-18T20:07:20.914+0000] {logging_mixin.py:188} INFO - [2024-05-18T20:07:20.914+0000] {dagbag.py:545} INFO - Filling up the DagBag from /home/airflow/.local/lib/python3.12/site-packages/airflow/example_dags/example_branch_operator.py
[2024-05-18T20:07:20.928+0000] {processor.py:840} INFO - DAG(s) 'example_branch_operator' retrieved from /home/airflow/.local/lib/python3.12/site-packages/airflow/example_dags/example_branch_operator.py
[2024-05-18T20:07:20.956+0000] {logging_mixin.py:188} INFO - [2024-05-18T20:07:20.956+0000] {dag.py:3096} INFO - Sync 1 DAGs
[2024-05-18T20:07:20.978+0000] {logging_mixin.py:188} INFO - [2024-05-18T20:07:20.978+0000] {dag.py:3954} INFO - Setting next_dagrun for example_branch_operator to 2024-05-17 00:00:00+00:00, run_after=2024-05-18 00:00:00+00:00
[2024-05-18T20:07:21.000+0000] {processor.py:183} INFO - Processing /home/airflow/.local/lib/python3.12/site-packages/airflow/example_dags/example_branch_operator.py took 0.094 seconds
[2024-05-18T20:07:51.580+0000] {processor.py:161} INFO - Started process (PID=936) to work on /home/airflow/.local/lib/python3.12/site-packages/airflow/example_dags/example_branch_operator.py
[2024-05-18T20:07:51.581+0000] {processor.py:830} INFO - Processing file /home/airflow/.local/lib/python3.12/site-packages/airflow/example_dags/example_branch_operator.py for tasks to queue
[2024-05-18T20:07:51.583+0000] {logging_mixin.py:188} INFO - [2024-05-18T20:07:51.583+0000] {dagbag.py:545} INFO - Filling up the DagBag from /home/airflow/.local/lib/python3.12/site-packages/airflow/example_dags/example_branch_operator.py
[2024-05-18T20:07:51.597+0000] {processor.py:840} INFO - DAG(s) 'example_branch_operator' retrieved from /home/airflow/.local/lib/python3.12/site-packages/airflow/example_dags/example_branch_operator.py
[2024-05-18T20:07:51.623+0000] {logging_mixin.py:188} INFO - [2024-05-18T20:07:51.622+0000] {dag.py:3096} INFO - Sync 1 DAGs
[2024-05-18T20:07:51.642+0000] {logging_mixin.py:188} INFO - [2024-05-18T20:07:51.642+0000] {dag.py:3954} INFO - Setting next_dagrun for example_branch_operator to 2024-05-17 00:00:00+00:00, run_after=2024-05-18 00:00:00+00:00
[2024-05-18T20:07:51.662+0000] {processor.py:183} INFO - Processing /home/airflow/.local/lib/python3.12/site-packages/airflow/example_dags/example_branch_operator.py took 0.088 seconds
[2024-05-18T20:08:21.752+0000] {processor.py:161} INFO - Started process (PID=995) to work on /home/airflow/.local/lib/python3.12/site-packages/airflow/example_dags/example_branch_operator.py
[2024-05-18T20:08:21.753+0000] {processor.py:830} INFO - Processing file /home/airflow/.local/lib/python3.12/site-packages/airflow/example_dags/example_branch_operator.py for tasks to queue
[2024-05-18T20:08:21.755+0000] {logging_mixin.py:188} INFO - [2024-05-18T20:08:21.755+0000] {dagbag.py:545} INFO - Filling up the DagBag from /home/airflow/.local/lib/python3.12/site-packages/airflow/example_dags/example_branch_operator.py
[2024-05-18T20:08:21.770+0000] {processor.py:840} INFO - DAG(s) 'example_branch_operator' retrieved from /home/airflow/.local/lib/python3.12/site-packages/airflow/example_dags/example_branch_operator.py
[2024-05-18T20:08:21.797+0000] {logging_mixin.py:188} INFO - [2024-05-18T20:08:21.796+0000] {dag.py:3096} INFO - Sync 1 DAGs
[2024-05-18T20:08:21.817+0000] {logging_mixin.py:188} INFO - [2024-05-18T20:08:21.816+0000] {dag.py:3954} INFO - Setting next_dagrun for example_branch_operator to 2024-05-17 00:00:00+00:00, run_after=2024-05-18 00:00:00+00:00
[2024-05-18T20:08:21.838+0000] {processor.py:183} INFO - Processing /home/airflow/.local/lib/python3.12/site-packages/airflow/example_dags/example_branch_operator.py took 0.090 seconds
[2024-05-18T20:08:52.203+0000] {processor.py:161} INFO - Started process (PID=1053) to work on /home/airflow/.local/lib/python3.12/site-packages/airflow/example_dags/example_branch_operator.py
[2024-05-18T20:08:52.204+0000] {processor.py:830} INFO - Processing file /home/airflow/.local/lib/python3.12/site-packages/airflow/example_dags/example_branch_operator.py for tasks to queue
[2024-05-18T20:08:52.206+0000] {logging_mixin.py:188} INFO - [2024-05-18T20:08:52.206+0000] {dagbag.py:545} INFO - Filling up the DagBag from /home/airflow/.local/lib/python3.12/site-packages/airflow/example_dags/example_branch_operator.py
[2024-05-18T20:08:52.221+0000] {processor.py:840} INFO - DAG(s) 'example_branch_operator' retrieved from /home/airflow/.local/lib/python3.12/site-packages/airflow/example_dags/example_branch_operator.py
[2024-05-18T20:08:52.248+0000] {logging_mixin.py:188} INFO - [2024-05-18T20:08:52.248+0000] {dag.py:3096} INFO - Sync 1 DAGs
[2024-05-18T20:08:52.269+0000] {logging_mixin.py:188} INFO - [2024-05-18T20:08:52.269+0000] {dag.py:3954} INFO - Setting next_dagrun for example_branch_operator to 2024-05-17 00:00:00+00:00, run_after=2024-05-18 00:00:00+00:00
[2024-05-18T20:08:52.290+0000] {processor.py:183} INFO - Processing /home/airflow/.local/lib/python3.12/site-packages/airflow/example_dags/example_branch_operator.py took 0.092 seconds
[2024-05-18T20:09:22.633+0000] {processor.py:161} INFO - Started process (PID=1111) to work on /home/airflow/.local/lib/python3.12/site-packages/airflow/example_dags/example_branch_operator.py
[2024-05-18T20:09:22.634+0000] {processor.py:830} INFO - Processing file /home/airflow/.local/lib/python3.12/site-packages/airflow/example_dags/example_branch_operator.py for tasks to queue
[2024-05-18T20:09:22.636+0000] {logging_mixin.py:188} INFO - [2024-05-18T20:09:22.636+0000] {dagbag.py:545} INFO - Filling up the DagBag from /home/airflow/.local/lib/python3.12/site-packages/airflow/example_dags/example_branch_operator.py
[2024-05-18T20:09:22.651+0000] {processor.py:840} INFO - DAG(s) 'example_branch_operator' retrieved from /home/airflow/.local/lib/python3.12/site-packages/airflow/example_dags/example_branch_operator.py
[2024-05-18T20:09:22.679+0000] {logging_mixin.py:188} INFO - [2024-05-18T20:09:22.678+0000] {dag.py:3096} INFO - Sync 1 DAGs
[2024-05-18T20:09:22.701+0000] {logging_mixin.py:188} INFO - [2024-05-18T20:09:22.701+0000] {dag.py:3954} INFO - Setting next_dagrun for example_branch_operator to 2024-05-17 00:00:00+00:00, run_after=2024-05-18 00:00:00+00:00
[2024-05-18T20:09:22.723+0000] {processor.py:183} INFO - Processing /home/airflow/.local/lib/python3.12/site-packages/airflow/example_dags/example_branch_operator.py took 0.096 seconds
[2024-05-18T20:09:53.470+0000] {processor.py:161} INFO - Started process (PID=1169) to work on /home/airflow/.local/lib/python3.12/site-packages/airflow/example_dags/example_branch_operator.py
[2024-05-18T20:09:53.471+0000] {processor.py:830} INFO - Processing file /home/airflow/.local/lib/python3.12/site-packages/airflow/example_dags/example_branch_operator.py for tasks to queue
[2024-05-18T20:09:53.472+0000] {logging_mixin.py:188} INFO - [2024-05-18T20:09:53.472+0000] {dagbag.py:545} INFO - Filling up the DagBag from /home/airflow/.local/lib/python3.12/site-packages/airflow/example_dags/example_branch_operator.py
[2024-05-18T20:09:53.488+0000] {processor.py:840} INFO - DAG(s) 'example_branch_operator' retrieved from /home/airflow/.local/lib/python3.12/site-packages/airflow/example_dags/example_branch_operator.py
[2024-05-18T20:09:53.519+0000] {logging_mixin.py:188} INFO - [2024-05-18T20:09:53.519+0000] {dag.py:3096} INFO - Sync 1 DAGs
[2024-05-18T20:09:53.540+0000] {logging_mixin.py:188} INFO - [2024-05-18T20:09:53.540+0000] {dag.py:3954} INFO - Setting next_dagrun for example_branch_operator to 2024-05-17 00:00:00+00:00, run_after=2024-05-18 00:00:00+00:00
[2024-05-18T20:09:53.562+0000] {processor.py:183} INFO - Processing /home/airflow/.local/lib/python3.12/site-packages/airflow/example_dags/example_branch_operator.py took 0.098 seconds
[2024-05-18T20:10:23.734+0000] {processor.py:161} INFO - Started process (PID=1227) to work on /home/airflow/.local/lib/python3.12/site-packages/airflow/example_dags/example_branch_operator.py
[2024-05-18T20:10:23.735+0000] {processor.py:830} INFO - Processing file /home/airflow/.local/lib/python3.12/site-packages/airflow/example_dags/example_branch_operator.py for tasks to queue
[2024-05-18T20:10:23.737+0000] {logging_mixin.py:188} INFO - [2024-05-18T20:10:23.737+0000] {dagbag.py:545} INFO - Filling up the DagBag from /home/airflow/.local/lib/python3.12/site-packages/airflow/example_dags/example_branch_operator.py
[2024-05-18T20:10:23.752+0000] {processor.py:840} INFO - DAG(s) 'example_branch_operator' retrieved from /home/airflow/.local/lib/python3.12/site-packages/airflow/example_dags/example_branch_operator.py
[2024-05-18T20:10:23.782+0000] {logging_mixin.py:188} INFO - [2024-05-18T20:10:23.781+0000] {dag.py:3096} INFO - Sync 1 DAGs
[2024-05-18T20:10:23.809+0000] {logging_mixin.py:188} INFO - [2024-05-18T20:10:23.809+0000] {dag.py:3954} INFO - Setting next_dagrun for example_branch_operator to 2024-05-17 00:00:00+00:00, run_after=2024-05-18 00:00:00+00:00
[2024-05-18T20:10:23.830+0000] {processor.py:183} INFO - Processing /home/airflow/.local/lib/python3.12/site-packages/airflow/example_dags/example_branch_operator.py took 0.103 seconds
[2024-05-18T20:10:54.392+0000] {processor.py:161} INFO - Started process (PID=1286) to work on /home/airflow/.local/lib/python3.12/site-packages/airflow/example_dags/example_branch_operator.py
[2024-05-18T20:10:54.393+0000] {processor.py:830} INFO - Processing file /home/airflow/.local/lib/python3.12/site-packages/airflow/example_dags/example_branch_operator.py for tasks to queue
[2024-05-18T20:10:54.396+0000] {logging_mixin.py:188} INFO - [2024-05-18T20:10:54.395+0000] {dagbag.py:545} INFO - Filling up the DagBag from /home/airflow/.local/lib/python3.12/site-packages/airflow/example_dags/example_branch_operator.py
[2024-05-18T20:10:54.410+0000] {processor.py:840} INFO - DAG(s) 'example_branch_operator' retrieved from /home/airflow/.local/lib/python3.12/site-packages/airflow/example_dags/example_branch_operator.py
[2024-05-18T20:10:54.439+0000] {logging_mixin.py:188} INFO - [2024-05-18T20:10:54.439+0000] {dag.py:3096} INFO - Sync 1 DAGs
[2024-05-18T20:10:54.460+0000] {logging_mixin.py:188} INFO - [2024-05-18T20:10:54.460+0000] {dag.py:3954} INFO - Setting next_dagrun for example_branch_operator to 2024-05-17 00:00:00+00:00, run_after=2024-05-18 00:00:00+00:00
[2024-05-18T20:10:54.481+0000] {processor.py:183} INFO - Processing /home/airflow/.local/lib/python3.12/site-packages/airflow/example_dags/example_branch_operator.py took 0.094 seconds
[2024-05-18T20:11:24.788+0000] {processor.py:161} INFO - Started process (PID=1344) to work on /home/airflow/.local/lib/python3.12/site-packages/airflow/example_dags/example_branch_operator.py
[2024-05-18T20:11:24.789+0000] {processor.py:830} INFO - Processing file /home/airflow/.local/lib/python3.12/site-packages/airflow/example_dags/example_branch_operator.py for tasks to queue
[2024-05-18T20:11:24.791+0000] {logging_mixin.py:188} INFO - [2024-05-18T20:11:24.791+0000] {dagbag.py:545} INFO - Filling up the DagBag from /home/airflow/.local/lib/python3.12/site-packages/airflow/example_dags/example_branch_operator.py
[2024-05-18T20:11:24.806+0000] {processor.py:840} INFO - DAG(s) 'example_branch_operator' retrieved from /home/airflow/.local/lib/python3.12/site-packages/airflow/example_dags/example_branch_operator.py
[2024-05-18T20:11:24.833+0000] {logging_mixin.py:188} INFO - [2024-05-18T20:11:24.833+0000] {dag.py:3096} INFO - Sync 1 DAGs
[2024-05-18T20:11:24.854+0000] {logging_mixin.py:188} INFO - [2024-05-18T20:11:24.853+0000] {dag.py:3954} INFO - Setting next_dagrun for example_branch_operator to 2024-05-17 00:00:00+00:00, run_after=2024-05-18 00:00:00+00:00
[2024-05-18T20:11:24.875+0000] {processor.py:183} INFO - Processing /home/airflow/.local/lib/python3.12/site-packages/airflow/example_dags/example_branch_operator.py took 0.093 seconds
[2024-05-18T20:11:55.449+0000] {processor.py:161} INFO - Started process (PID=1402) to work on /home/airflow/.local/lib/python3.12/site-packages/airflow/example_dags/example_branch_operator.py
[2024-05-18T20:11:55.450+0000] {processor.py:830} INFO - Processing file /home/airflow/.local/lib/python3.12/site-packages/airflow/example_dags/example_branch_operator.py for tasks to queue
[2024-05-18T20:11:55.451+0000] {logging_mixin.py:188} INFO - [2024-05-18T20:11:55.451+0000] {dagbag.py:545} INFO - Filling up the DagBag from /home/airflow/.local/lib/python3.12/site-packages/airflow/example_dags/example_branch_operator.py
[2024-05-18T20:11:55.466+0000] {processor.py:840} INFO - DAG(s) 'example_branch_operator' retrieved from /home/airflow/.local/lib/python3.12/site-packages/airflow/example_dags/example_branch_operator.py
[2024-05-18T20:11:55.494+0000] {logging_mixin.py:188} INFO - [2024-05-18T20:11:55.494+0000] {dag.py:3096} INFO - Sync 1 DAGs
[2024-05-18T20:11:55.629+0000] {logging_mixin.py:188} INFO - [2024-05-18T20:11:55.629+0000] {dag.py:3954} INFO - Setting next_dagrun for example_branch_operator to 2024-05-17 00:00:00+00:00, run_after=2024-05-18 00:00:00+00:00
[2024-05-18T20:11:55.649+0000] {processor.py:183} INFO - Processing /home/airflow/.local/lib/python3.12/site-packages/airflow/example_dags/example_branch_operator.py took 0.205 seconds
[2024-05-18T20:12:26.649+0000] {processor.py:161} INFO - Started process (PID=1460) to work on /home/airflow/.local/lib/python3.12/site-packages/airflow/example_dags/example_branch_operator.py
[2024-05-18T20:12:26.651+0000] {processor.py:830} INFO - Processing file /home/airflow/.local/lib/python3.12/site-packages/airflow/example_dags/example_branch_operator.py for tasks to queue
[2024-05-18T20:12:26.653+0000] {logging_mixin.py:188} INFO - [2024-05-18T20:12:26.653+0000] {dagbag.py:545} INFO - Filling up the DagBag from /home/airflow/.local/lib/python3.12/site-packages/airflow/example_dags/example_branch_operator.py
[2024-05-18T20:12:26.669+0000] {processor.py:840} INFO - DAG(s) 'example_branch_operator' retrieved from /home/airflow/.local/lib/python3.12/site-packages/airflow/example_dags/example_branch_operator.py
[2024-05-18T20:12:26.698+0000] {logging_mixin.py:188} INFO - [2024-05-18T20:12:26.697+0000] {dag.py:3096} INFO - Sync 1 DAGs
[2024-05-18T20:12:26.851+0000] {logging_mixin.py:188} INFO - [2024-05-18T20:12:26.851+0000] {dag.py:3954} INFO - Setting next_dagrun for example_branch_operator to 2024-05-17 00:00:00+00:00, run_after=2024-05-18 00:00:00+00:00
[2024-05-18T20:12:26.876+0000] {processor.py:183} INFO - Processing /home/airflow/.local/lib/python3.12/site-packages/airflow/example_dags/example_branch_operator.py took 0.233 seconds
[2024-05-18T20:12:57.342+0000] {processor.py:161} INFO - Started process (PID=1518) to work on /home/airflow/.local/lib/python3.12/site-packages/airflow/example_dags/example_branch_operator.py
[2024-05-18T20:12:57.343+0000] {processor.py:830} INFO - Processing file /home/airflow/.local/lib/python3.12/site-packages/airflow/example_dags/example_branch_operator.py for tasks to queue
[2024-05-18T20:12:57.345+0000] {logging_mixin.py:188} INFO - [2024-05-18T20:12:57.345+0000] {dagbag.py:545} INFO - Filling up the DagBag from /home/airflow/.local/lib/python3.12/site-packages/airflow/example_dags/example_branch_operator.py
[2024-05-18T20:12:57.361+0000] {processor.py:840} INFO - DAG(s) 'example_branch_operator' retrieved from /home/airflow/.local/lib/python3.12/site-packages/airflow/example_dags/example_branch_operator.py
[2024-05-18T20:12:57.389+0000] {logging_mixin.py:188} INFO - [2024-05-18T20:12:57.388+0000] {dag.py:3096} INFO - Sync 1 DAGs
[2024-05-18T20:12:57.555+0000] {logging_mixin.py:188} INFO - [2024-05-18T20:12:57.554+0000] {dag.py:3954} INFO - Setting next_dagrun for example_branch_operator to 2024-05-17 00:00:00+00:00, run_after=2024-05-18 00:00:00+00:00
[2024-05-18T20:12:57.582+0000] {processor.py:183} INFO - Processing /home/airflow/.local/lib/python3.12/site-packages/airflow/example_dags/example_branch_operator.py took 0.246 seconds
[2024-05-18T20:13:27.984+0000] {processor.py:161} INFO - Started process (PID=1576) to work on /home/airflow/.local/lib/python3.12/site-packages/airflow/example_dags/example_branch_operator.py
[2024-05-18T20:13:27.985+0000] {processor.py:830} INFO - Processing file /home/airflow/.local/lib/python3.12/site-packages/airflow/example_dags/example_branch_operator.py for tasks to queue
[2024-05-18T20:13:27.987+0000] {logging_mixin.py:188} INFO - [2024-05-18T20:13:27.987+0000] {dagbag.py:545} INFO - Filling up the DagBag from /home/airflow/.local/lib/python3.12/site-packages/airflow/example_dags/example_branch_operator.py
[2024-05-18T20:13:28.002+0000] {processor.py:840} INFO - DAG(s) 'example_branch_operator' retrieved from /home/airflow/.local/lib/python3.12/site-packages/airflow/example_dags/example_branch_operator.py
[2024-05-18T20:13:28.030+0000] {logging_mixin.py:188} INFO - [2024-05-18T20:13:28.030+0000] {dag.py:3096} INFO - Sync 1 DAGs
[2024-05-18T20:13:28.054+0000] {logging_mixin.py:188} INFO - [2024-05-18T20:13:28.054+0000] {dag.py:3954} INFO - Setting next_dagrun for example_branch_operator to 2024-05-17 00:00:00+00:00, run_after=2024-05-18 00:00:00+00:00
[2024-05-18T20:13:28.075+0000] {processor.py:183} INFO - Processing /home/airflow/.local/lib/python3.12/site-packages/airflow/example_dags/example_branch_operator.py took 0.096 seconds
[2024-05-18T20:13:58.249+0000] {processor.py:161} INFO - Started process (PID=1634) to work on /home/airflow/.local/lib/python3.12/site-packages/airflow/example_dags/example_branch_operator.py
[2024-05-18T20:13:58.250+0000] {processor.py:830} INFO - Processing file /home/airflow/.local/lib/python3.12/site-packages/airflow/example_dags/example_branch_operator.py for tasks to queue
[2024-05-18T20:13:58.252+0000] {logging_mixin.py:188} INFO - [2024-05-18T20:13:58.252+0000] {dagbag.py:545} INFO - Filling up the DagBag from /home/airflow/.local/lib/python3.12/site-packages/airflow/example_dags/example_branch_operator.py
[2024-05-18T20:13:58.267+0000] {processor.py:840} INFO - DAG(s) 'example_branch_operator' retrieved from /home/airflow/.local/lib/python3.12/site-packages/airflow/example_dags/example_branch_operator.py
[2024-05-18T20:13:58.296+0000] {logging_mixin.py:188} INFO - [2024-05-18T20:13:58.296+0000] {dag.py:3096} INFO - Sync 1 DAGs
[2024-05-18T20:13:58.320+0000] {logging_mixin.py:188} INFO - [2024-05-18T20:13:58.319+0000] {dag.py:3954} INFO - Setting next_dagrun for example_branch_operator to 2024-05-17 00:00:00+00:00, run_after=2024-05-18 00:00:00+00:00
[2024-05-18T20:13:58.342+0000] {processor.py:183} INFO - Processing /home/airflow/.local/lib/python3.12/site-packages/airflow/example_dags/example_branch_operator.py took 0.098 seconds
[2024-05-18T20:14:28.606+0000] {processor.py:161} INFO - Started process (PID=1692) to work on /home/airflow/.local/lib/python3.12/site-packages/airflow/example_dags/example_branch_operator.py
[2024-05-18T20:14:28.607+0000] {processor.py:830} INFO - Processing file /home/airflow/.local/lib/python3.12/site-packages/airflow/example_dags/example_branch_operator.py for tasks to queue
[2024-05-18T20:14:28.609+0000] {logging_mixin.py:188} INFO - [2024-05-18T20:14:28.608+0000] {dagbag.py:545} INFO - Filling up the DagBag from /home/airflow/.local/lib/python3.12/site-packages/airflow/example_dags/example_branch_operator.py
[2024-05-18T20:14:28.624+0000] {processor.py:840} INFO - DAG(s) 'example_branch_operator' retrieved from /home/airflow/.local/lib/python3.12/site-packages/airflow/example_dags/example_branch_operator.py
[2024-05-18T20:14:28.651+0000] {logging_mixin.py:188} INFO - [2024-05-18T20:14:28.651+0000] {dag.py:3096} INFO - Sync 1 DAGs
[2024-05-18T20:14:28.675+0000] {logging_mixin.py:188} INFO - [2024-05-18T20:14:28.674+0000] {dag.py:3954} INFO - Setting next_dagrun for example_branch_operator to 2024-05-17 00:00:00+00:00, run_after=2024-05-18 00:00:00+00:00
[2024-05-18T20:14:28.696+0000] {processor.py:183} INFO - Processing /home/airflow/.local/lib/python3.12/site-packages/airflow/example_dags/example_branch_operator.py took 0.096 seconds
