[2024-05-18T19:41:53.951+0000] {processor.py:161} INFO - Started process (PID=77) to work on /home/airflow/.local/lib/python3.12/site-packages/airflow/example_dags/example_display_name.py
[2024-05-18T19:41:53.953+0000] {processor.py:830} INFO - Processing file /home/airflow/.local/lib/python3.12/site-packages/airflow/example_dags/example_display_name.py for tasks to queue
[2024-05-18T19:41:53.957+0000] {logging_mixin.py:188} INFO - [2024-05-18T19:41:53.956+0000] {dagbag.py:545} INFO - Filling up the DagBag from /home/airflow/.local/lib/python3.12/site-packages/airflow/example_dags/example_display_name.py
[2024-05-18T19:41:53.966+0000] {processor.py:840} INFO - DAG(s) 'example_display_name' retrieved from /home/airflow/.local/lib/python3.12/site-packages/airflow/example_dags/example_display_name.py
[2024-05-18T19:41:54.163+0000] {logging_mixin.py:188} INFO - [2024-05-18T19:41:54.162+0000] {override.py:1829} INFO - Created Permission View: can read on DAG:example_display_name
[2024-05-18T19:41:54.183+0000] {logging_mixin.py:188} INFO - [2024-05-18T19:41:54.182+0000] {override.py:1829} INFO - Created Permission View: can delete on DAG:example_display_name
[2024-05-18T19:41:54.195+0000] {logging_mixin.py:188} INFO - [2024-05-18T19:41:54.194+0000] {override.py:1829} INFO - Created Permission View: can edit on DAG:example_display_name
[2024-05-18T19:41:54.196+0000] {logging_mixin.py:188} INFO - [2024-05-18T19:41:54.196+0000] {dag.py:3096} INFO - Sync 1 DAGs
[2024-05-18T19:41:54.220+0000] {logging_mixin.py:188} INFO - [2024-05-18T19:41:54.220+0000] {dag.py:3118} INFO - Creating ORM DAG for example_display_name
[2024-05-18T19:41:54.222+0000] {logging_mixin.py:188} INFO - [2024-05-18T19:41:54.221+0000] {dag.py:3954} INFO - Setting next_dagrun for example_display_name to None, run_after=None
[2024-05-18T19:41:54.252+0000] {processor.py:183} INFO - Processing /home/airflow/.local/lib/python3.12/site-packages/airflow/example_dags/example_display_name.py took 0.312 seconds
[2024-05-18T19:42:24.694+0000] {processor.py:161} INFO - Started process (PID=134) to work on /home/airflow/.local/lib/python3.12/site-packages/airflow/example_dags/example_display_name.py
[2024-05-18T19:42:24.696+0000] {processor.py:830} INFO - Processing file /home/airflow/.local/lib/python3.12/site-packages/airflow/example_dags/example_display_name.py for tasks to queue
[2024-05-18T19:42:24.700+0000] {logging_mixin.py:188} INFO - [2024-05-18T19:42:24.699+0000] {dagbag.py:545} INFO - Filling up the DagBag from /home/airflow/.local/lib/python3.12/site-packages/airflow/example_dags/example_display_name.py
[2024-05-18T19:42:24.707+0000] {processor.py:840} INFO - DAG(s) 'example_display_name' retrieved from /home/airflow/.local/lib/python3.12/site-packages/airflow/example_dags/example_display_name.py
[2024-05-18T19:42:24.726+0000] {logging_mixin.py:188} INFO - [2024-05-18T19:42:24.725+0000] {dag.py:3096} INFO - Sync 1 DAGs
[2024-05-18T19:42:24.738+0000] {logging_mixin.py:188} INFO - [2024-05-18T19:42:24.738+0000] {dag.py:3954} INFO - Setting next_dagrun for example_display_name to None, run_after=None
[2024-05-18T19:42:24.762+0000] {processor.py:183} INFO - Processing /home/airflow/.local/lib/python3.12/site-packages/airflow/example_dags/example_display_name.py took 0.078 seconds
[2024-05-18T19:42:54.925+0000] {processor.py:161} INFO - Started process (PID=192) to work on /home/airflow/.local/lib/python3.12/site-packages/airflow/example_dags/example_display_name.py
[2024-05-18T19:42:54.927+0000] {processor.py:830} INFO - Processing file /home/airflow/.local/lib/python3.12/site-packages/airflow/example_dags/example_display_name.py for tasks to queue
[2024-05-18T19:42:54.929+0000] {logging_mixin.py:188} INFO - [2024-05-18T19:42:54.929+0000] {dagbag.py:545} INFO - Filling up the DagBag from /home/airflow/.local/lib/python3.12/site-packages/airflow/example_dags/example_display_name.py
[2024-05-18T19:42:54.934+0000] {processor.py:840} INFO - DAG(s) 'example_display_name' retrieved from /home/airflow/.local/lib/python3.12/site-packages/airflow/example_dags/example_display_name.py
[2024-05-18T19:42:54.954+0000] {logging_mixin.py:188} INFO - [2024-05-18T19:42:54.953+0000] {dag.py:3096} INFO - Sync 1 DAGs
[2024-05-18T19:42:54.966+0000] {logging_mixin.py:188} INFO - [2024-05-18T19:42:54.966+0000] {dag.py:3954} INFO - Setting next_dagrun for example_display_name to None, run_after=None
[2024-05-18T19:42:54.987+0000] {processor.py:183} INFO - Processing /home/airflow/.local/lib/python3.12/site-packages/airflow/example_dags/example_display_name.py took 0.069 seconds
[2024-05-18T19:43:25.184+0000] {processor.py:161} INFO - Started process (PID=250) to work on /home/airflow/.local/lib/python3.12/site-packages/airflow/example_dags/example_display_name.py
[2024-05-18T19:43:25.186+0000] {processor.py:830} INFO - Processing file /home/airflow/.local/lib/python3.12/site-packages/airflow/example_dags/example_display_name.py for tasks to queue
[2024-05-18T19:43:25.188+0000] {logging_mixin.py:188} INFO - [2024-05-18T19:43:25.187+0000] {dagbag.py:545} INFO - Filling up the DagBag from /home/airflow/.local/lib/python3.12/site-packages/airflow/example_dags/example_display_name.py
[2024-05-18T19:43:25.193+0000] {processor.py:840} INFO - DAG(s) 'example_display_name' retrieved from /home/airflow/.local/lib/python3.12/site-packages/airflow/example_dags/example_display_name.py
[2024-05-18T19:43:25.211+0000] {logging_mixin.py:188} INFO - [2024-05-18T19:43:25.211+0000] {dag.py:3096} INFO - Sync 1 DAGs
[2024-05-18T19:43:25.224+0000] {logging_mixin.py:188} INFO - [2024-05-18T19:43:25.223+0000] {dag.py:3954} INFO - Setting next_dagrun for example_display_name to None, run_after=None
[2024-05-18T19:43:25.247+0000] {processor.py:183} INFO - Processing /home/airflow/.local/lib/python3.12/site-packages/airflow/example_dags/example_display_name.py took 0.067 seconds
[2024-05-18T19:43:56.119+0000] {processor.py:161} INFO - Started process (PID=308) to work on /home/airflow/.local/lib/python3.12/site-packages/airflow/example_dags/example_display_name.py
[2024-05-18T19:43:56.120+0000] {processor.py:830} INFO - Processing file /home/airflow/.local/lib/python3.12/site-packages/airflow/example_dags/example_display_name.py for tasks to queue
[2024-05-18T19:43:56.122+0000] {logging_mixin.py:188} INFO - [2024-05-18T19:43:56.122+0000] {dagbag.py:545} INFO - Filling up the DagBag from /home/airflow/.local/lib/python3.12/site-packages/airflow/example_dags/example_display_name.py
[2024-05-18T19:43:56.128+0000] {processor.py:840} INFO - DAG(s) 'example_display_name' retrieved from /home/airflow/.local/lib/python3.12/site-packages/airflow/example_dags/example_display_name.py
[2024-05-18T19:43:56.147+0000] {logging_mixin.py:188} INFO - [2024-05-18T19:43:56.146+0000] {dag.py:3096} INFO - Sync 1 DAGs
[2024-05-18T19:43:56.161+0000] {logging_mixin.py:188} INFO - [2024-05-18T19:43:56.160+0000] {dag.py:3954} INFO - Setting next_dagrun for example_display_name to None, run_after=None
[2024-05-18T19:43:56.186+0000] {processor.py:183} INFO - Processing /home/airflow/.local/lib/python3.12/site-packages/airflow/example_dags/example_display_name.py took 0.073 seconds
[2024-05-18T19:44:26.498+0000] {processor.py:161} INFO - Started process (PID=366) to work on /home/airflow/.local/lib/python3.12/site-packages/airflow/example_dags/example_display_name.py
[2024-05-18T19:44:26.499+0000] {processor.py:830} INFO - Processing file /home/airflow/.local/lib/python3.12/site-packages/airflow/example_dags/example_display_name.py for tasks to queue
[2024-05-18T19:44:26.501+0000] {logging_mixin.py:188} INFO - [2024-05-18T19:44:26.501+0000] {dagbag.py:545} INFO - Filling up the DagBag from /home/airflow/.local/lib/python3.12/site-packages/airflow/example_dags/example_display_name.py
[2024-05-18T19:44:26.506+0000] {processor.py:840} INFO - DAG(s) 'example_display_name' retrieved from /home/airflow/.local/lib/python3.12/site-packages/airflow/example_dags/example_display_name.py
[2024-05-18T19:44:26.525+0000] {logging_mixin.py:188} INFO - [2024-05-18T19:44:26.525+0000] {dag.py:3096} INFO - Sync 1 DAGs
[2024-05-18T19:44:26.539+0000] {logging_mixin.py:188} INFO - [2024-05-18T19:44:26.539+0000] {dag.py:3954} INFO - Setting next_dagrun for example_display_name to None, run_after=None
[2024-05-18T19:44:26.561+0000] {processor.py:183} INFO - Processing /home/airflow/.local/lib/python3.12/site-packages/airflow/example_dags/example_display_name.py took 0.069 seconds
[2024-05-18T19:44:56.995+0000] {processor.py:161} INFO - Started process (PID=424) to work on /home/airflow/.local/lib/python3.12/site-packages/airflow/example_dags/example_display_name.py
[2024-05-18T19:44:56.996+0000] {processor.py:830} INFO - Processing file /home/airflow/.local/lib/python3.12/site-packages/airflow/example_dags/example_display_name.py for tasks to queue
[2024-05-18T19:44:56.998+0000] {logging_mixin.py:188} INFO - [2024-05-18T19:44:56.998+0000] {dagbag.py:545} INFO - Filling up the DagBag from /home/airflow/.local/lib/python3.12/site-packages/airflow/example_dags/example_display_name.py
[2024-05-18T19:44:57.004+0000] {processor.py:840} INFO - DAG(s) 'example_display_name' retrieved from /home/airflow/.local/lib/python3.12/site-packages/airflow/example_dags/example_display_name.py
[2024-05-18T19:44:57.023+0000] {logging_mixin.py:188} INFO - [2024-05-18T19:44:57.022+0000] {dag.py:3096} INFO - Sync 1 DAGs
[2024-05-18T19:44:57.035+0000] {logging_mixin.py:188} INFO - [2024-05-18T19:44:57.035+0000] {dag.py:3954} INFO - Setting next_dagrun for example_display_name to None, run_after=None
[2024-05-18T19:44:57.059+0000] {processor.py:183} INFO - Processing /home/airflow/.local/lib/python3.12/site-packages/airflow/example_dags/example_display_name.py took 0.070 seconds
[2024-05-18T19:45:27.269+0000] {processor.py:161} INFO - Started process (PID=482) to work on /home/airflow/.local/lib/python3.12/site-packages/airflow/example_dags/example_display_name.py
[2024-05-18T19:45:27.270+0000] {processor.py:830} INFO - Processing file /home/airflow/.local/lib/python3.12/site-packages/airflow/example_dags/example_display_name.py for tasks to queue
[2024-05-18T19:45:27.272+0000] {logging_mixin.py:188} INFO - [2024-05-18T19:45:27.272+0000] {dagbag.py:545} INFO - Filling up the DagBag from /home/airflow/.local/lib/python3.12/site-packages/airflow/example_dags/example_display_name.py
[2024-05-18T19:45:27.278+0000] {processor.py:840} INFO - DAG(s) 'example_display_name' retrieved from /home/airflow/.local/lib/python3.12/site-packages/airflow/example_dags/example_display_name.py
[2024-05-18T19:45:27.296+0000] {logging_mixin.py:188} INFO - [2024-05-18T19:45:27.296+0000] {dag.py:3096} INFO - Sync 1 DAGs
[2024-05-18T19:45:27.309+0000] {logging_mixin.py:188} INFO - [2024-05-18T19:45:27.308+0000] {dag.py:3954} INFO - Setting next_dagrun for example_display_name to None, run_after=None
[2024-05-18T19:45:27.332+0000] {processor.py:183} INFO - Processing /home/airflow/.local/lib/python3.12/site-packages/airflow/example_dags/example_display_name.py took 0.069 seconds
[2024-05-18T19:45:57.626+0000] {processor.py:161} INFO - Started process (PID=540) to work on /home/airflow/.local/lib/python3.12/site-packages/airflow/example_dags/example_display_name.py
[2024-05-18T19:45:57.628+0000] {processor.py:830} INFO - Processing file /home/airflow/.local/lib/python3.12/site-packages/airflow/example_dags/example_display_name.py for tasks to queue
[2024-05-18T19:45:57.630+0000] {logging_mixin.py:188} INFO - [2024-05-18T19:45:57.630+0000] {dagbag.py:545} INFO - Filling up the DagBag from /home/airflow/.local/lib/python3.12/site-packages/airflow/example_dags/example_display_name.py
[2024-05-18T19:45:57.637+0000] {processor.py:840} INFO - DAG(s) 'example_display_name' retrieved from /home/airflow/.local/lib/python3.12/site-packages/airflow/example_dags/example_display_name.py
[2024-05-18T19:45:57.659+0000] {logging_mixin.py:188} INFO - [2024-05-18T19:45:57.659+0000] {dag.py:3096} INFO - Sync 1 DAGs
[2024-05-18T19:45:57.674+0000] {logging_mixin.py:188} INFO - [2024-05-18T19:45:57.674+0000] {dag.py:3954} INFO - Setting next_dagrun for example_display_name to None, run_after=None
[2024-05-18T19:45:57.704+0000] {processor.py:183} INFO - Processing /home/airflow/.local/lib/python3.12/site-packages/airflow/example_dags/example_display_name.py took 0.084 seconds
[2024-05-18T19:46:27.831+0000] {processor.py:161} INFO - Started process (PID=598) to work on /home/airflow/.local/lib/python3.12/site-packages/airflow/example_dags/example_display_name.py
[2024-05-18T19:46:27.832+0000] {processor.py:830} INFO - Processing file /home/airflow/.local/lib/python3.12/site-packages/airflow/example_dags/example_display_name.py for tasks to queue
[2024-05-18T19:46:27.834+0000] {logging_mixin.py:188} INFO - [2024-05-18T19:46:27.833+0000] {dagbag.py:545} INFO - Filling up the DagBag from /home/airflow/.local/lib/python3.12/site-packages/airflow/example_dags/example_display_name.py
[2024-05-18T19:46:27.839+0000] {processor.py:840} INFO - DAG(s) 'example_display_name' retrieved from /home/airflow/.local/lib/python3.12/site-packages/airflow/example_dags/example_display_name.py
[2024-05-18T19:46:27.857+0000] {logging_mixin.py:188} INFO - [2024-05-18T19:46:27.857+0000] {dag.py:3096} INFO - Sync 1 DAGs
[2024-05-18T19:46:27.869+0000] {logging_mixin.py:188} INFO - [2024-05-18T19:46:27.868+0000] {dag.py:3954} INFO - Setting next_dagrun for example_display_name to None, run_after=None
[2024-05-18T19:46:27.891+0000] {processor.py:183} INFO - Processing /home/airflow/.local/lib/python3.12/site-packages/airflow/example_dags/example_display_name.py took 0.066 seconds
[2024-05-18T19:46:58.045+0000] {processor.py:161} INFO - Started process (PID=657) to work on /home/airflow/.local/lib/python3.12/site-packages/airflow/example_dags/example_display_name.py
[2024-05-18T19:46:58.047+0000] {processor.py:830} INFO - Processing file /home/airflow/.local/lib/python3.12/site-packages/airflow/example_dags/example_display_name.py for tasks to queue
[2024-05-18T19:46:58.050+0000] {logging_mixin.py:188} INFO - [2024-05-18T19:46:58.049+0000] {dagbag.py:545} INFO - Filling up the DagBag from /home/airflow/.local/lib/python3.12/site-packages/airflow/example_dags/example_display_name.py
[2024-05-18T19:46:58.056+0000] {processor.py:840} INFO - DAG(s) 'example_display_name' retrieved from /home/airflow/.local/lib/python3.12/site-packages/airflow/example_dags/example_display_name.py
[2024-05-18T19:46:58.076+0000] {logging_mixin.py:188} INFO - [2024-05-18T19:46:58.076+0000] {dag.py:3096} INFO - Sync 1 DAGs
[2024-05-18T19:46:58.089+0000] {logging_mixin.py:188} INFO - [2024-05-18T19:46:58.088+0000] {dag.py:3954} INFO - Setting next_dagrun for example_display_name to None, run_after=None
[2024-05-18T19:46:58.116+0000] {processor.py:183} INFO - Processing /home/airflow/.local/lib/python3.12/site-packages/airflow/example_dags/example_display_name.py took 0.077 seconds
[2024-05-18T19:47:28.361+0000] {processor.py:161} INFO - Started process (PID=715) to work on /home/airflow/.local/lib/python3.12/site-packages/airflow/example_dags/example_display_name.py
[2024-05-18T19:47:28.362+0000] {processor.py:830} INFO - Processing file /home/airflow/.local/lib/python3.12/site-packages/airflow/example_dags/example_display_name.py for tasks to queue
[2024-05-18T19:47:28.364+0000] {logging_mixin.py:188} INFO - [2024-05-18T19:47:28.364+0000] {dagbag.py:545} INFO - Filling up the DagBag from /home/airflow/.local/lib/python3.12/site-packages/airflow/example_dags/example_display_name.py
[2024-05-18T19:47:28.371+0000] {processor.py:840} INFO - DAG(s) 'example_display_name' retrieved from /home/airflow/.local/lib/python3.12/site-packages/airflow/example_dags/example_display_name.py
[2024-05-18T19:47:28.390+0000] {logging_mixin.py:188} INFO - [2024-05-18T19:47:28.390+0000] {dag.py:3096} INFO - Sync 1 DAGs
[2024-05-18T19:47:28.403+0000] {logging_mixin.py:188} INFO - [2024-05-18T19:47:28.402+0000] {dag.py:3954} INFO - Setting next_dagrun for example_display_name to None, run_after=None
[2024-05-18T19:47:28.428+0000] {processor.py:183} INFO - Processing /home/airflow/.local/lib/python3.12/site-packages/airflow/example_dags/example_display_name.py took 0.072 seconds
[2024-05-18T19:47:58.717+0000] {processor.py:161} INFO - Started process (PID=773) to work on /home/airflow/.local/lib/python3.12/site-packages/airflow/example_dags/example_display_name.py
[2024-05-18T19:47:58.719+0000] {processor.py:830} INFO - Processing file /home/airflow/.local/lib/python3.12/site-packages/airflow/example_dags/example_display_name.py for tasks to queue
[2024-05-18T19:47:58.721+0000] {logging_mixin.py:188} INFO - [2024-05-18T19:47:58.721+0000] {dagbag.py:545} INFO - Filling up the DagBag from /home/airflow/.local/lib/python3.12/site-packages/airflow/example_dags/example_display_name.py
[2024-05-18T19:47:58.726+0000] {processor.py:840} INFO - DAG(s) 'example_display_name' retrieved from /home/airflow/.local/lib/python3.12/site-packages/airflow/example_dags/example_display_name.py
[2024-05-18T19:47:58.745+0000] {logging_mixin.py:188} INFO - [2024-05-18T19:47:58.745+0000] {dag.py:3096} INFO - Sync 1 DAGs
[2024-05-18T19:47:58.762+0000] {logging_mixin.py:188} INFO - [2024-05-18T19:47:58.761+0000] {dag.py:3954} INFO - Setting next_dagrun for example_display_name to None, run_after=None
[2024-05-18T19:47:58.784+0000] {processor.py:183} INFO - Processing /home/airflow/.local/lib/python3.12/site-packages/airflow/example_dags/example_display_name.py took 0.072 seconds
[2024-05-18T19:48:29.406+0000] {processor.py:161} INFO - Started process (PID=831) to work on /home/airflow/.local/lib/python3.12/site-packages/airflow/example_dags/example_display_name.py
[2024-05-18T19:48:29.407+0000] {processor.py:830} INFO - Processing file /home/airflow/.local/lib/python3.12/site-packages/airflow/example_dags/example_display_name.py for tasks to queue
[2024-05-18T19:48:29.409+0000] {logging_mixin.py:188} INFO - [2024-05-18T19:48:29.408+0000] {dagbag.py:545} INFO - Filling up the DagBag from /home/airflow/.local/lib/python3.12/site-packages/airflow/example_dags/example_display_name.py
[2024-05-18T19:48:29.414+0000] {processor.py:840} INFO - DAG(s) 'example_display_name' retrieved from /home/airflow/.local/lib/python3.12/site-packages/airflow/example_dags/example_display_name.py
[2024-05-18T19:48:29.433+0000] {logging_mixin.py:188} INFO - [2024-05-18T19:48:29.433+0000] {dag.py:3096} INFO - Sync 1 DAGs
[2024-05-18T19:48:29.445+0000] {logging_mixin.py:188} INFO - [2024-05-18T19:48:29.445+0000] {dag.py:3954} INFO - Setting next_dagrun for example_display_name to None, run_after=None
[2024-05-18T19:48:29.467+0000] {processor.py:183} INFO - Processing /home/airflow/.local/lib/python3.12/site-packages/airflow/example_dags/example_display_name.py took 0.067 seconds
[2024-05-18T19:48:59.589+0000] {processor.py:161} INFO - Started process (PID=889) to work on /home/airflow/.local/lib/python3.12/site-packages/airflow/example_dags/example_display_name.py
[2024-05-18T19:48:59.590+0000] {processor.py:830} INFO - Processing file /home/airflow/.local/lib/python3.12/site-packages/airflow/example_dags/example_display_name.py for tasks to queue
[2024-05-18T19:48:59.592+0000] {logging_mixin.py:188} INFO - [2024-05-18T19:48:59.592+0000] {dagbag.py:545} INFO - Filling up the DagBag from /home/airflow/.local/lib/python3.12/site-packages/airflow/example_dags/example_display_name.py
[2024-05-18T19:48:59.598+0000] {processor.py:840} INFO - DAG(s) 'example_display_name' retrieved from /home/airflow/.local/lib/python3.12/site-packages/airflow/example_dags/example_display_name.py
[2024-05-18T19:48:59.617+0000] {logging_mixin.py:188} INFO - [2024-05-18T19:48:59.617+0000] {dag.py:3096} INFO - Sync 1 DAGs
[2024-05-18T19:48:59.630+0000] {logging_mixin.py:188} INFO - [2024-05-18T19:48:59.630+0000] {dag.py:3954} INFO - Setting next_dagrun for example_display_name to None, run_after=None
[2024-05-18T19:48:59.652+0000] {processor.py:183} INFO - Processing /home/airflow/.local/lib/python3.12/site-packages/airflow/example_dags/example_display_name.py took 0.069 seconds
[2024-05-18T19:49:29.773+0000] {processor.py:161} INFO - Started process (PID=947) to work on /home/airflow/.local/lib/python3.12/site-packages/airflow/example_dags/example_display_name.py
[2024-05-18T19:49:29.774+0000] {processor.py:830} INFO - Processing file /home/airflow/.local/lib/python3.12/site-packages/airflow/example_dags/example_display_name.py for tasks to queue
[2024-05-18T19:49:29.777+0000] {logging_mixin.py:188} INFO - [2024-05-18T19:49:29.776+0000] {dagbag.py:545} INFO - Filling up the DagBag from /home/airflow/.local/lib/python3.12/site-packages/airflow/example_dags/example_display_name.py
[2024-05-18T19:49:29.783+0000] {processor.py:840} INFO - DAG(s) 'example_display_name' retrieved from /home/airflow/.local/lib/python3.12/site-packages/airflow/example_dags/example_display_name.py
[2024-05-18T19:49:29.803+0000] {logging_mixin.py:188} INFO - [2024-05-18T19:49:29.803+0000] {dag.py:3096} INFO - Sync 1 DAGs
[2024-05-18T19:49:29.816+0000] {logging_mixin.py:188} INFO - [2024-05-18T19:49:29.816+0000] {dag.py:3954} INFO - Setting next_dagrun for example_display_name to None, run_after=None
[2024-05-18T19:49:29.837+0000] {processor.py:183} INFO - Processing /home/airflow/.local/lib/python3.12/site-packages/airflow/example_dags/example_display_name.py took 0.070 seconds
[2024-05-18T19:49:59.987+0000] {processor.py:161} INFO - Started process (PID=1004) to work on /home/airflow/.local/lib/python3.12/site-packages/airflow/example_dags/example_display_name.py
[2024-05-18T19:49:59.988+0000] {processor.py:830} INFO - Processing file /home/airflow/.local/lib/python3.12/site-packages/airflow/example_dags/example_display_name.py for tasks to queue
[2024-05-18T19:49:59.990+0000] {logging_mixin.py:188} INFO - [2024-05-18T19:49:59.990+0000] {dagbag.py:545} INFO - Filling up the DagBag from /home/airflow/.local/lib/python3.12/site-packages/airflow/example_dags/example_display_name.py
[2024-05-18T19:49:59.996+0000] {processor.py:840} INFO - DAG(s) 'example_display_name' retrieved from /home/airflow/.local/lib/python3.12/site-packages/airflow/example_dags/example_display_name.py
[2024-05-18T19:50:00.020+0000] {logging_mixin.py:188} INFO - [2024-05-18T19:50:00.020+0000] {dag.py:3096} INFO - Sync 1 DAGs
[2024-05-18T19:50:00.035+0000] {logging_mixin.py:188} INFO - [2024-05-18T19:50:00.035+0000] {dag.py:3954} INFO - Setting next_dagrun for example_display_name to None, run_after=None
[2024-05-18T19:50:00.056+0000] {processor.py:183} INFO - Processing /home/airflow/.local/lib/python3.12/site-packages/airflow/example_dags/example_display_name.py took 0.076 seconds
[2024-05-18T19:50:30.316+0000] {processor.py:161} INFO - Started process (PID=1062) to work on /home/airflow/.local/lib/python3.12/site-packages/airflow/example_dags/example_display_name.py
[2024-05-18T19:50:30.317+0000] {processor.py:830} INFO - Processing file /home/airflow/.local/lib/python3.12/site-packages/airflow/example_dags/example_display_name.py for tasks to queue
[2024-05-18T19:50:30.319+0000] {logging_mixin.py:188} INFO - [2024-05-18T19:50:30.319+0000] {dagbag.py:545} INFO - Filling up the DagBag from /home/airflow/.local/lib/python3.12/site-packages/airflow/example_dags/example_display_name.py
[2024-05-18T19:50:30.325+0000] {processor.py:840} INFO - DAG(s) 'example_display_name' retrieved from /home/airflow/.local/lib/python3.12/site-packages/airflow/example_dags/example_display_name.py
[2024-05-18T19:50:30.343+0000] {logging_mixin.py:188} INFO - [2024-05-18T19:50:30.343+0000] {dag.py:3096} INFO - Sync 1 DAGs
[2024-05-18T19:50:30.355+0000] {logging_mixin.py:188} INFO - [2024-05-18T19:50:30.355+0000] {dag.py:3954} INFO - Setting next_dagrun for example_display_name to None, run_after=None
[2024-05-18T19:50:30.376+0000] {processor.py:183} INFO - Processing /home/airflow/.local/lib/python3.12/site-packages/airflow/example_dags/example_display_name.py took 0.066 seconds
[2024-05-18T19:51:01.288+0000] {processor.py:161} INFO - Started process (PID=1120) to work on /home/airflow/.local/lib/python3.12/site-packages/airflow/example_dags/example_display_name.py
[2024-05-18T19:51:01.289+0000] {processor.py:830} INFO - Processing file /home/airflow/.local/lib/python3.12/site-packages/airflow/example_dags/example_display_name.py for tasks to queue
[2024-05-18T19:51:01.291+0000] {logging_mixin.py:188} INFO - [2024-05-18T19:51:01.290+0000] {dagbag.py:545} INFO - Filling up the DagBag from /home/airflow/.local/lib/python3.12/site-packages/airflow/example_dags/example_display_name.py
[2024-05-18T19:51:01.296+0000] {processor.py:840} INFO - DAG(s) 'example_display_name' retrieved from /home/airflow/.local/lib/python3.12/site-packages/airflow/example_dags/example_display_name.py
[2024-05-18T19:51:01.315+0000] {logging_mixin.py:188} INFO - [2024-05-18T19:51:01.315+0000] {dag.py:3096} INFO - Sync 1 DAGs
[2024-05-18T19:51:01.328+0000] {logging_mixin.py:188} INFO - [2024-05-18T19:51:01.328+0000] {dag.py:3954} INFO - Setting next_dagrun for example_display_name to None, run_after=None
[2024-05-18T19:51:01.349+0000] {processor.py:183} INFO - Processing /home/airflow/.local/lib/python3.12/site-packages/airflow/example_dags/example_display_name.py took 0.067 seconds
[2024-05-18T19:51:31.592+0000] {processor.py:161} INFO - Started process (PID=1178) to work on /home/airflow/.local/lib/python3.12/site-packages/airflow/example_dags/example_display_name.py
[2024-05-18T19:51:31.593+0000] {processor.py:830} INFO - Processing file /home/airflow/.local/lib/python3.12/site-packages/airflow/example_dags/example_display_name.py for tasks to queue
[2024-05-18T19:51:31.595+0000] {logging_mixin.py:188} INFO - [2024-05-18T19:51:31.594+0000] {dagbag.py:545} INFO - Filling up the DagBag from /home/airflow/.local/lib/python3.12/site-packages/airflow/example_dags/example_display_name.py
[2024-05-18T19:51:31.600+0000] {processor.py:840} INFO - DAG(s) 'example_display_name' retrieved from /home/airflow/.local/lib/python3.12/site-packages/airflow/example_dags/example_display_name.py
[2024-05-18T19:51:31.619+0000] {logging_mixin.py:188} INFO - [2024-05-18T19:51:31.618+0000] {dag.py:3096} INFO - Sync 1 DAGs
[2024-05-18T19:51:31.631+0000] {logging_mixin.py:188} INFO - [2024-05-18T19:51:31.631+0000] {dag.py:3954} INFO - Setting next_dagrun for example_display_name to None, run_after=None
[2024-05-18T19:51:31.654+0000] {processor.py:183} INFO - Processing /home/airflow/.local/lib/python3.12/site-packages/airflow/example_dags/example_display_name.py took 0.067 seconds
[2024-05-18T19:52:02.111+0000] {processor.py:161} INFO - Started process (PID=1236) to work on /home/airflow/.local/lib/python3.12/site-packages/airflow/example_dags/example_display_name.py
[2024-05-18T19:52:02.112+0000] {processor.py:830} INFO - Processing file /home/airflow/.local/lib/python3.12/site-packages/airflow/example_dags/example_display_name.py for tasks to queue
[2024-05-18T19:52:02.114+0000] {logging_mixin.py:188} INFO - [2024-05-18T19:52:02.114+0000] {dagbag.py:545} INFO - Filling up the DagBag from /home/airflow/.local/lib/python3.12/site-packages/airflow/example_dags/example_display_name.py
[2024-05-18T19:52:02.121+0000] {processor.py:840} INFO - DAG(s) 'example_display_name' retrieved from /home/airflow/.local/lib/python3.12/site-packages/airflow/example_dags/example_display_name.py
[2024-05-18T19:52:02.141+0000] {logging_mixin.py:188} INFO - [2024-05-18T19:52:02.140+0000] {dag.py:3096} INFO - Sync 1 DAGs
[2024-05-18T19:52:02.154+0000] {logging_mixin.py:188} INFO - [2024-05-18T19:52:02.154+0000] {dag.py:3954} INFO - Setting next_dagrun for example_display_name to None, run_after=None
[2024-05-18T19:52:02.177+0000] {processor.py:183} INFO - Processing /home/airflow/.local/lib/python3.12/site-packages/airflow/example_dags/example_display_name.py took 0.073 seconds
[2024-05-18T19:52:32.693+0000] {processor.py:161} INFO - Started process (PID=1294) to work on /home/airflow/.local/lib/python3.12/site-packages/airflow/example_dags/example_display_name.py
[2024-05-18T19:52:32.695+0000] {processor.py:830} INFO - Processing file /home/airflow/.local/lib/python3.12/site-packages/airflow/example_dags/example_display_name.py for tasks to queue
[2024-05-18T19:52:32.697+0000] {logging_mixin.py:188} INFO - [2024-05-18T19:52:32.696+0000] {dagbag.py:545} INFO - Filling up the DagBag from /home/airflow/.local/lib/python3.12/site-packages/airflow/example_dags/example_display_name.py
[2024-05-18T19:52:32.703+0000] {processor.py:840} INFO - DAG(s) 'example_display_name' retrieved from /home/airflow/.local/lib/python3.12/site-packages/airflow/example_dags/example_display_name.py
[2024-05-18T19:52:32.721+0000] {logging_mixin.py:188} INFO - [2024-05-18T19:52:32.721+0000] {dag.py:3096} INFO - Sync 1 DAGs
[2024-05-18T19:52:32.733+0000] {logging_mixin.py:188} INFO - [2024-05-18T19:52:32.733+0000] {dag.py:3954} INFO - Setting next_dagrun for example_display_name to None, run_after=None
[2024-05-18T19:52:32.753+0000] {processor.py:183} INFO - Processing /home/airflow/.local/lib/python3.12/site-packages/airflow/example_dags/example_display_name.py took 0.065 seconds
[2024-05-18T19:53:03.315+0000] {processor.py:161} INFO - Started process (PID=1352) to work on /home/airflow/.local/lib/python3.12/site-packages/airflow/example_dags/example_display_name.py
[2024-05-18T19:53:03.316+0000] {processor.py:830} INFO - Processing file /home/airflow/.local/lib/python3.12/site-packages/airflow/example_dags/example_display_name.py for tasks to queue
[2024-05-18T19:53:03.318+0000] {logging_mixin.py:188} INFO - [2024-05-18T19:53:03.318+0000] {dagbag.py:545} INFO - Filling up the DagBag from /home/airflow/.local/lib/python3.12/site-packages/airflow/example_dags/example_display_name.py
[2024-05-18T19:53:03.324+0000] {processor.py:840} INFO - DAG(s) 'example_display_name' retrieved from /home/airflow/.local/lib/python3.12/site-packages/airflow/example_dags/example_display_name.py
[2024-05-18T19:53:03.342+0000] {logging_mixin.py:188} INFO - [2024-05-18T19:53:03.342+0000] {dag.py:3096} INFO - Sync 1 DAGs
[2024-05-18T19:53:03.354+0000] {logging_mixin.py:188} INFO - [2024-05-18T19:53:03.354+0000] {dag.py:3954} INFO - Setting next_dagrun for example_display_name to None, run_after=None
[2024-05-18T19:53:03.375+0000] {processor.py:183} INFO - Processing /home/airflow/.local/lib/python3.12/site-packages/airflow/example_dags/example_display_name.py took 0.066 seconds
[2024-05-18T19:53:34.037+0000] {processor.py:161} INFO - Started process (PID=1410) to work on /home/airflow/.local/lib/python3.12/site-packages/airflow/example_dags/example_display_name.py
[2024-05-18T19:53:34.038+0000] {processor.py:830} INFO - Processing file /home/airflow/.local/lib/python3.12/site-packages/airflow/example_dags/example_display_name.py for tasks to queue
[2024-05-18T19:53:34.040+0000] {logging_mixin.py:188} INFO - [2024-05-18T19:53:34.040+0000] {dagbag.py:545} INFO - Filling up the DagBag from /home/airflow/.local/lib/python3.12/site-packages/airflow/example_dags/example_display_name.py
[2024-05-18T19:53:34.046+0000] {processor.py:840} INFO - DAG(s) 'example_display_name' retrieved from /home/airflow/.local/lib/python3.12/site-packages/airflow/example_dags/example_display_name.py
[2024-05-18T19:53:34.064+0000] {logging_mixin.py:188} INFO - [2024-05-18T19:53:34.064+0000] {dag.py:3096} INFO - Sync 1 DAGs
[2024-05-18T19:53:34.077+0000] {logging_mixin.py:188} INFO - [2024-05-18T19:53:34.077+0000] {dag.py:3954} INFO - Setting next_dagrun for example_display_name to None, run_after=None
[2024-05-18T19:53:34.098+0000] {processor.py:183} INFO - Processing /home/airflow/.local/lib/python3.12/site-packages/airflow/example_dags/example_display_name.py took 0.066 seconds
[2024-05-18T19:54:04.490+0000] {processor.py:161} INFO - Started process (PID=1468) to work on /home/airflow/.local/lib/python3.12/site-packages/airflow/example_dags/example_display_name.py
[2024-05-18T19:54:04.491+0000] {processor.py:830} INFO - Processing file /home/airflow/.local/lib/python3.12/site-packages/airflow/example_dags/example_display_name.py for tasks to queue
[2024-05-18T19:54:04.493+0000] {logging_mixin.py:188} INFO - [2024-05-18T19:54:04.493+0000] {dagbag.py:545} INFO - Filling up the DagBag from /home/airflow/.local/lib/python3.12/site-packages/airflow/example_dags/example_display_name.py
[2024-05-18T19:54:04.500+0000] {processor.py:840} INFO - DAG(s) 'example_display_name' retrieved from /home/airflow/.local/lib/python3.12/site-packages/airflow/example_dags/example_display_name.py
[2024-05-18T19:54:04.519+0000] {logging_mixin.py:188} INFO - [2024-05-18T19:54:04.519+0000] {dag.py:3096} INFO - Sync 1 DAGs
[2024-05-18T19:54:04.531+0000] {logging_mixin.py:188} INFO - [2024-05-18T19:54:04.531+0000] {dag.py:3954} INFO - Setting next_dagrun for example_display_name to None, run_after=None
[2024-05-18T19:54:04.554+0000] {processor.py:183} INFO - Processing /home/airflow/.local/lib/python3.12/site-packages/airflow/example_dags/example_display_name.py took 0.069 seconds
[2024-05-18T19:54:34.623+0000] {processor.py:161} INFO - Started process (PID=1525) to work on /home/airflow/.local/lib/python3.12/site-packages/airflow/example_dags/example_display_name.py
[2024-05-18T19:54:34.624+0000] {processor.py:830} INFO - Processing file /home/airflow/.local/lib/python3.12/site-packages/airflow/example_dags/example_display_name.py for tasks to queue
[2024-05-18T19:54:34.626+0000] {logging_mixin.py:188} INFO - [2024-05-18T19:54:34.625+0000] {dagbag.py:545} INFO - Filling up the DagBag from /home/airflow/.local/lib/python3.12/site-packages/airflow/example_dags/example_display_name.py
[2024-05-18T19:54:34.632+0000] {processor.py:840} INFO - DAG(s) 'example_display_name' retrieved from /home/airflow/.local/lib/python3.12/site-packages/airflow/example_dags/example_display_name.py
[2024-05-18T19:54:34.652+0000] {logging_mixin.py:188} INFO - [2024-05-18T19:54:34.652+0000] {dag.py:3096} INFO - Sync 1 DAGs
[2024-05-18T19:54:34.665+0000] {logging_mixin.py:188} INFO - [2024-05-18T19:54:34.665+0000] {dag.py:3954} INFO - Setting next_dagrun for example_display_name to None, run_after=None
[2024-05-18T19:54:34.689+0000] {processor.py:183} INFO - Processing /home/airflow/.local/lib/python3.12/site-packages/airflow/example_dags/example_display_name.py took 0.073 seconds
[2024-05-18T19:55:04.808+0000] {processor.py:161} INFO - Started process (PID=1584) to work on /home/airflow/.local/lib/python3.12/site-packages/airflow/example_dags/example_display_name.py
[2024-05-18T19:55:04.809+0000] {processor.py:830} INFO - Processing file /home/airflow/.local/lib/python3.12/site-packages/airflow/example_dags/example_display_name.py for tasks to queue
[2024-05-18T19:55:04.812+0000] {logging_mixin.py:188} INFO - [2024-05-18T19:55:04.811+0000] {dagbag.py:545} INFO - Filling up the DagBag from /home/airflow/.local/lib/python3.12/site-packages/airflow/example_dags/example_display_name.py
[2024-05-18T19:55:04.817+0000] {processor.py:840} INFO - DAG(s) 'example_display_name' retrieved from /home/airflow/.local/lib/python3.12/site-packages/airflow/example_dags/example_display_name.py
[2024-05-18T19:55:04.838+0000] {logging_mixin.py:188} INFO - [2024-05-18T19:55:04.837+0000] {dag.py:3096} INFO - Sync 1 DAGs
[2024-05-18T19:55:04.850+0000] {logging_mixin.py:188} INFO - [2024-05-18T19:55:04.850+0000] {dag.py:3954} INFO - Setting next_dagrun for example_display_name to None, run_after=None
[2024-05-18T19:55:04.871+0000] {processor.py:183} INFO - Processing /home/airflow/.local/lib/python3.12/site-packages/airflow/example_dags/example_display_name.py took 0.069 seconds
[2024-05-18T20:00:14.247+0000] {processor.py:161} INFO - Started process (PID=72) to work on /home/airflow/.local/lib/python3.12/site-packages/airflow/example_dags/example_display_name.py
[2024-05-18T20:00:14.249+0000] {processor.py:830} INFO - Processing file /home/airflow/.local/lib/python3.12/site-packages/airflow/example_dags/example_display_name.py for tasks to queue
[2024-05-18T20:00:14.252+0000] {logging_mixin.py:188} INFO - [2024-05-18T20:00:14.251+0000] {dagbag.py:545} INFO - Filling up the DagBag from /home/airflow/.local/lib/python3.12/site-packages/airflow/example_dags/example_display_name.py
[2024-05-18T20:00:14.260+0000] {processor.py:840} INFO - DAG(s) 'example_display_name' retrieved from /home/airflow/.local/lib/python3.12/site-packages/airflow/example_dags/example_display_name.py
[2024-05-18T20:00:14.274+0000] {logging_mixin.py:188} INFO - [2024-05-18T20:00:14.273+0000] {dag.py:3096} INFO - Sync 1 DAGs
[2024-05-18T20:00:14.292+0000] {logging_mixin.py:188} INFO - [2024-05-18T20:00:14.292+0000] {dag.py:3954} INFO - Setting next_dagrun for example_display_name to None, run_after=None
[2024-05-18T20:00:14.326+0000] {processor.py:183} INFO - Processing /home/airflow/.local/lib/python3.12/site-packages/airflow/example_dags/example_display_name.py took 0.088 seconds
[2024-05-18T20:00:46.028+0000] {processor.py:161} INFO - Started process (PID=130) to work on /home/airflow/.local/lib/python3.12/site-packages/airflow/example_dags/example_display_name.py
[2024-05-18T20:00:46.029+0000] {processor.py:830} INFO - Processing file /home/airflow/.local/lib/python3.12/site-packages/airflow/example_dags/example_display_name.py for tasks to queue
[2024-05-18T20:00:46.030+0000] {logging_mixin.py:188} INFO - [2024-05-18T20:00:46.030+0000] {dagbag.py:545} INFO - Filling up the DagBag from /home/airflow/.local/lib/python3.12/site-packages/airflow/example_dags/example_display_name.py
[2024-05-18T20:00:46.035+0000] {processor.py:840} INFO - DAG(s) 'example_display_name' retrieved from /home/airflow/.local/lib/python3.12/site-packages/airflow/example_dags/example_display_name.py
[2024-05-18T20:00:46.119+0000] {logging_mixin.py:188} INFO - [2024-05-18T20:00:46.118+0000] {dag.py:3096} INFO - Sync 1 DAGs
[2024-05-18T20:00:46.128+0000] {logging_mixin.py:188} INFO - [2024-05-18T20:00:46.128+0000] {dag.py:3954} INFO - Setting next_dagrun for example_display_name to None, run_after=None
[2024-05-18T20:00:46.147+0000] {processor.py:183} INFO - Processing /home/airflow/.local/lib/python3.12/site-packages/airflow/example_dags/example_display_name.py took 0.125 seconds
[2024-05-18T20:01:16.198+0000] {processor.py:161} INFO - Started process (PID=188) to work on /home/airflow/.local/lib/python3.12/site-packages/airflow/example_dags/example_display_name.py
[2024-05-18T20:01:16.199+0000] {processor.py:830} INFO - Processing file /home/airflow/.local/lib/python3.12/site-packages/airflow/example_dags/example_display_name.py for tasks to queue
[2024-05-18T20:01:16.201+0000] {logging_mixin.py:188} INFO - [2024-05-18T20:01:16.200+0000] {dagbag.py:545} INFO - Filling up the DagBag from /home/airflow/.local/lib/python3.12/site-packages/airflow/example_dags/example_display_name.py
[2024-05-18T20:01:16.206+0000] {processor.py:840} INFO - DAG(s) 'example_display_name' retrieved from /home/airflow/.local/lib/python3.12/site-packages/airflow/example_dags/example_display_name.py
[2024-05-18T20:01:16.223+0000] {logging_mixin.py:188} INFO - [2024-05-18T20:01:16.223+0000] {dag.py:3096} INFO - Sync 1 DAGs
[2024-05-18T20:01:16.234+0000] {logging_mixin.py:188} INFO - [2024-05-18T20:01:16.234+0000] {dag.py:3954} INFO - Setting next_dagrun for example_display_name to None, run_after=None
[2024-05-18T20:01:16.254+0000] {processor.py:183} INFO - Processing /home/airflow/.local/lib/python3.12/site-packages/airflow/example_dags/example_display_name.py took 0.061 seconds
[2024-05-18T20:01:46.409+0000] {processor.py:161} INFO - Started process (PID=246) to work on /home/airflow/.local/lib/python3.12/site-packages/airflow/example_dags/example_display_name.py
[2024-05-18T20:01:46.410+0000] {processor.py:830} INFO - Processing file /home/airflow/.local/lib/python3.12/site-packages/airflow/example_dags/example_display_name.py for tasks to queue
[2024-05-18T20:01:46.412+0000] {logging_mixin.py:188} INFO - [2024-05-18T20:01:46.412+0000] {dagbag.py:545} INFO - Filling up the DagBag from /home/airflow/.local/lib/python3.12/site-packages/airflow/example_dags/example_display_name.py
[2024-05-18T20:01:46.418+0000] {processor.py:840} INFO - DAG(s) 'example_display_name' retrieved from /home/airflow/.local/lib/python3.12/site-packages/airflow/example_dags/example_display_name.py
[2024-05-18T20:01:46.436+0000] {logging_mixin.py:188} INFO - [2024-05-18T20:01:46.436+0000] {dag.py:3096} INFO - Sync 1 DAGs
[2024-05-18T20:01:46.447+0000] {logging_mixin.py:188} INFO - [2024-05-18T20:01:46.447+0000] {dag.py:3954} INFO - Setting next_dagrun for example_display_name to None, run_after=None
[2024-05-18T20:01:46.467+0000] {processor.py:183} INFO - Processing /home/airflow/.local/lib/python3.12/site-packages/airflow/example_dags/example_display_name.py took 0.063 seconds
[2024-05-18T20:02:16.996+0000] {processor.py:161} INFO - Started process (PID=304) to work on /home/airflow/.local/lib/python3.12/site-packages/airflow/example_dags/example_display_name.py
[2024-05-18T20:02:16.998+0000] {processor.py:830} INFO - Processing file /home/airflow/.local/lib/python3.12/site-packages/airflow/example_dags/example_display_name.py for tasks to queue
[2024-05-18T20:02:17.000+0000] {logging_mixin.py:188} INFO - [2024-05-18T20:02:17.000+0000] {dagbag.py:545} INFO - Filling up the DagBag from /home/airflow/.local/lib/python3.12/site-packages/airflow/example_dags/example_display_name.py
[2024-05-18T20:02:17.006+0000] {processor.py:840} INFO - DAG(s) 'example_display_name' retrieved from /home/airflow/.local/lib/python3.12/site-packages/airflow/example_dags/example_display_name.py
[2024-05-18T20:02:17.026+0000] {logging_mixin.py:188} INFO - [2024-05-18T20:02:17.025+0000] {dag.py:3096} INFO - Sync 1 DAGs
[2024-05-18T20:02:17.037+0000] {logging_mixin.py:188} INFO - [2024-05-18T20:02:17.037+0000] {dag.py:3954} INFO - Setting next_dagrun for example_display_name to None, run_after=None
[2024-05-18T20:02:17.059+0000] {processor.py:183} INFO - Processing /home/airflow/.local/lib/python3.12/site-packages/airflow/example_dags/example_display_name.py took 0.069 seconds
[2024-05-18T20:02:47.300+0000] {processor.py:161} INFO - Started process (PID=362) to work on /home/airflow/.local/lib/python3.12/site-packages/airflow/example_dags/example_display_name.py
[2024-05-18T20:02:47.301+0000] {processor.py:830} INFO - Processing file /home/airflow/.local/lib/python3.12/site-packages/airflow/example_dags/example_display_name.py for tasks to queue
[2024-05-18T20:02:47.303+0000] {logging_mixin.py:188} INFO - [2024-05-18T20:02:47.303+0000] {dagbag.py:545} INFO - Filling up the DagBag from /home/airflow/.local/lib/python3.12/site-packages/airflow/example_dags/example_display_name.py
[2024-05-18T20:02:47.308+0000] {processor.py:840} INFO - DAG(s) 'example_display_name' retrieved from /home/airflow/.local/lib/python3.12/site-packages/airflow/example_dags/example_display_name.py
[2024-05-18T20:02:47.327+0000] {logging_mixin.py:188} INFO - [2024-05-18T20:02:47.327+0000] {dag.py:3096} INFO - Sync 1 DAGs
[2024-05-18T20:02:47.339+0000] {logging_mixin.py:188} INFO - [2024-05-18T20:02:47.339+0000] {dag.py:3954} INFO - Setting next_dagrun for example_display_name to None, run_after=None
[2024-05-18T20:02:47.359+0000] {processor.py:183} INFO - Processing /home/airflow/.local/lib/python3.12/site-packages/airflow/example_dags/example_display_name.py took 0.065 seconds
[2024-05-18T20:03:18.286+0000] {processor.py:161} INFO - Started process (PID=420) to work on /home/airflow/.local/lib/python3.12/site-packages/airflow/example_dags/example_display_name.py
[2024-05-18T20:03:18.287+0000] {processor.py:830} INFO - Processing file /home/airflow/.local/lib/python3.12/site-packages/airflow/example_dags/example_display_name.py for tasks to queue
[2024-05-18T20:03:18.289+0000] {logging_mixin.py:188} INFO - [2024-05-18T20:03:18.289+0000] {dagbag.py:545} INFO - Filling up the DagBag from /home/airflow/.local/lib/python3.12/site-packages/airflow/example_dags/example_display_name.py
[2024-05-18T20:03:18.295+0000] {processor.py:840} INFO - DAG(s) 'example_display_name' retrieved from /home/airflow/.local/lib/python3.12/site-packages/airflow/example_dags/example_display_name.py
[2024-05-18T20:03:18.314+0000] {logging_mixin.py:188} INFO - [2024-05-18T20:03:18.314+0000] {dag.py:3096} INFO - Sync 1 DAGs
[2024-05-18T20:03:18.334+0000] {logging_mixin.py:188} INFO - [2024-05-18T20:03:18.334+0000] {dag.py:3954} INFO - Setting next_dagrun for example_display_name to None, run_after=None
[2024-05-18T20:03:18.380+0000] {processor.py:183} INFO - Processing /home/airflow/.local/lib/python3.12/site-packages/airflow/example_dags/example_display_name.py took 0.099 seconds
[2024-05-18T20:03:48.601+0000] {processor.py:161} INFO - Started process (PID=478) to work on /home/airflow/.local/lib/python3.12/site-packages/airflow/example_dags/example_display_name.py
[2024-05-18T20:03:48.602+0000] {processor.py:830} INFO - Processing file /home/airflow/.local/lib/python3.12/site-packages/airflow/example_dags/example_display_name.py for tasks to queue
[2024-05-18T20:03:48.604+0000] {logging_mixin.py:188} INFO - [2024-05-18T20:03:48.604+0000] {dagbag.py:545} INFO - Filling up the DagBag from /home/airflow/.local/lib/python3.12/site-packages/airflow/example_dags/example_display_name.py
[2024-05-18T20:03:48.609+0000] {processor.py:840} INFO - DAG(s) 'example_display_name' retrieved from /home/airflow/.local/lib/python3.12/site-packages/airflow/example_dags/example_display_name.py
[2024-05-18T20:03:48.629+0000] {logging_mixin.py:188} INFO - [2024-05-18T20:03:48.628+0000] {dag.py:3096} INFO - Sync 1 DAGs
[2024-05-18T20:03:48.641+0000] {logging_mixin.py:188} INFO - [2024-05-18T20:03:48.641+0000] {dag.py:3954} INFO - Setting next_dagrun for example_display_name to None, run_after=None
[2024-05-18T20:03:48.663+0000] {processor.py:183} INFO - Processing /home/airflow/.local/lib/python3.12/site-packages/airflow/example_dags/example_display_name.py took 0.068 seconds
[2024-05-18T20:04:19.103+0000] {processor.py:161} INFO - Started process (PID=536) to work on /home/airflow/.local/lib/python3.12/site-packages/airflow/example_dags/example_display_name.py
[2024-05-18T20:04:19.105+0000] {processor.py:830} INFO - Processing file /home/airflow/.local/lib/python3.12/site-packages/airflow/example_dags/example_display_name.py for tasks to queue
[2024-05-18T20:04:19.107+0000] {logging_mixin.py:188} INFO - [2024-05-18T20:04:19.107+0000] {dagbag.py:545} INFO - Filling up the DagBag from /home/airflow/.local/lib/python3.12/site-packages/airflow/example_dags/example_display_name.py
[2024-05-18T20:04:19.113+0000] {processor.py:840} INFO - DAG(s) 'example_display_name' retrieved from /home/airflow/.local/lib/python3.12/site-packages/airflow/example_dags/example_display_name.py
[2024-05-18T20:04:19.135+0000] {logging_mixin.py:188} INFO - [2024-05-18T20:04:19.135+0000] {dag.py:3096} INFO - Sync 1 DAGs
[2024-05-18T20:04:19.150+0000] {logging_mixin.py:188} INFO - [2024-05-18T20:04:19.150+0000] {dag.py:3954} INFO - Setting next_dagrun for example_display_name to None, run_after=None
[2024-05-18T20:04:19.173+0000] {processor.py:183} INFO - Processing /home/airflow/.local/lib/python3.12/site-packages/airflow/example_dags/example_display_name.py took 0.075 seconds
[2024-05-18T20:04:49.310+0000] {processor.py:161} INFO - Started process (PID=594) to work on /home/airflow/.local/lib/python3.12/site-packages/airflow/example_dags/example_display_name.py
[2024-05-18T20:04:49.311+0000] {processor.py:830} INFO - Processing file /home/airflow/.local/lib/python3.12/site-packages/airflow/example_dags/example_display_name.py for tasks to queue
[2024-05-18T20:04:49.314+0000] {logging_mixin.py:188} INFO - [2024-05-18T20:04:49.313+0000] {dagbag.py:545} INFO - Filling up the DagBag from /home/airflow/.local/lib/python3.12/site-packages/airflow/example_dags/example_display_name.py
[2024-05-18T20:04:49.321+0000] {processor.py:840} INFO - DAG(s) 'example_display_name' retrieved from /home/airflow/.local/lib/python3.12/site-packages/airflow/example_dags/example_display_name.py
[2024-05-18T20:04:49.345+0000] {logging_mixin.py:188} INFO - [2024-05-18T20:04:49.344+0000] {dag.py:3096} INFO - Sync 1 DAGs
[2024-05-18T20:04:49.358+0000] {logging_mixin.py:188} INFO - [2024-05-18T20:04:49.358+0000] {dag.py:3954} INFO - Setting next_dagrun for example_display_name to None, run_after=None
[2024-05-18T20:04:49.381+0000] {processor.py:183} INFO - Processing /home/airflow/.local/lib/python3.12/site-packages/airflow/example_dags/example_display_name.py took 0.077 seconds
[2024-05-18T20:05:19.432+0000] {processor.py:161} INFO - Started process (PID=652) to work on /home/airflow/.local/lib/python3.12/site-packages/airflow/example_dags/example_display_name.py
[2024-05-18T20:05:19.433+0000] {processor.py:830} INFO - Processing file /home/airflow/.local/lib/python3.12/site-packages/airflow/example_dags/example_display_name.py for tasks to queue
[2024-05-18T20:05:19.435+0000] {logging_mixin.py:188} INFO - [2024-05-18T20:05:19.435+0000] {dagbag.py:545} INFO - Filling up the DagBag from /home/airflow/.local/lib/python3.12/site-packages/airflow/example_dags/example_display_name.py
[2024-05-18T20:05:19.441+0000] {processor.py:840} INFO - DAG(s) 'example_display_name' retrieved from /home/airflow/.local/lib/python3.12/site-packages/airflow/example_dags/example_display_name.py
[2024-05-18T20:05:19.460+0000] {logging_mixin.py:188} INFO - [2024-05-18T20:05:19.460+0000] {dag.py:3096} INFO - Sync 1 DAGs
[2024-05-18T20:05:19.472+0000] {logging_mixin.py:188} INFO - [2024-05-18T20:05:19.472+0000] {dag.py:3954} INFO - Setting next_dagrun for example_display_name to None, run_after=None
[2024-05-18T20:05:19.495+0000] {processor.py:183} INFO - Processing /home/airflow/.local/lib/python3.12/site-packages/airflow/example_dags/example_display_name.py took 0.069 seconds
[2024-05-18T20:05:49.594+0000] {processor.py:161} INFO - Started process (PID=710) to work on /home/airflow/.local/lib/python3.12/site-packages/airflow/example_dags/example_display_name.py
[2024-05-18T20:05:49.595+0000] {processor.py:830} INFO - Processing file /home/airflow/.local/lib/python3.12/site-packages/airflow/example_dags/example_display_name.py for tasks to queue
[2024-05-18T20:05:49.597+0000] {logging_mixin.py:188} INFO - [2024-05-18T20:05:49.596+0000] {dagbag.py:545} INFO - Filling up the DagBag from /home/airflow/.local/lib/python3.12/site-packages/airflow/example_dags/example_display_name.py
[2024-05-18T20:05:49.602+0000] {processor.py:840} INFO - DAG(s) 'example_display_name' retrieved from /home/airflow/.local/lib/python3.12/site-packages/airflow/example_dags/example_display_name.py
[2024-05-18T20:05:49.622+0000] {logging_mixin.py:188} INFO - [2024-05-18T20:05:49.622+0000] {dag.py:3096} INFO - Sync 1 DAGs
[2024-05-18T20:05:49.634+0000] {logging_mixin.py:188} INFO - [2024-05-18T20:05:49.634+0000] {dag.py:3954} INFO - Setting next_dagrun for example_display_name to None, run_after=None
[2024-05-18T20:05:49.656+0000] {processor.py:183} INFO - Processing /home/airflow/.local/lib/python3.12/site-packages/airflow/example_dags/example_display_name.py took 0.067 seconds
[2024-05-18T20:06:19.850+0000] {processor.py:161} INFO - Started process (PID=768) to work on /home/airflow/.local/lib/python3.12/site-packages/airflow/example_dags/example_display_name.py
[2024-05-18T20:06:19.851+0000] {processor.py:830} INFO - Processing file /home/airflow/.local/lib/python3.12/site-packages/airflow/example_dags/example_display_name.py for tasks to queue
[2024-05-18T20:06:19.853+0000] {logging_mixin.py:188} INFO - [2024-05-18T20:06:19.852+0000] {dagbag.py:545} INFO - Filling up the DagBag from /home/airflow/.local/lib/python3.12/site-packages/airflow/example_dags/example_display_name.py
[2024-05-18T20:06:19.858+0000] {processor.py:840} INFO - DAG(s) 'example_display_name' retrieved from /home/airflow/.local/lib/python3.12/site-packages/airflow/example_dags/example_display_name.py
[2024-05-18T20:06:19.877+0000] {logging_mixin.py:188} INFO - [2024-05-18T20:06:19.876+0000] {dag.py:3096} INFO - Sync 1 DAGs
[2024-05-18T20:06:19.889+0000] {logging_mixin.py:188} INFO - [2024-05-18T20:06:19.888+0000] {dag.py:3954} INFO - Setting next_dagrun for example_display_name to None, run_after=None
[2024-05-18T20:06:19.910+0000] {processor.py:183} INFO - Processing /home/airflow/.local/lib/python3.12/site-packages/airflow/example_dags/example_display_name.py took 0.066 seconds
[2024-05-18T20:06:51.207+0000] {processor.py:161} INFO - Started process (PID=826) to work on /home/airflow/.local/lib/python3.12/site-packages/airflow/example_dags/example_display_name.py
[2024-05-18T20:06:51.208+0000] {processor.py:830} INFO - Processing file /home/airflow/.local/lib/python3.12/site-packages/airflow/example_dags/example_display_name.py for tasks to queue
[2024-05-18T20:06:51.210+0000] {logging_mixin.py:188} INFO - [2024-05-18T20:06:51.210+0000] {dagbag.py:545} INFO - Filling up the DagBag from /home/airflow/.local/lib/python3.12/site-packages/airflow/example_dags/example_display_name.py
[2024-05-18T20:06:51.215+0000] {processor.py:840} INFO - DAG(s) 'example_display_name' retrieved from /home/airflow/.local/lib/python3.12/site-packages/airflow/example_dags/example_display_name.py
[2024-05-18T20:06:51.234+0000] {logging_mixin.py:188} INFO - [2024-05-18T20:06:51.234+0000] {dag.py:3096} INFO - Sync 1 DAGs
[2024-05-18T20:06:51.245+0000] {logging_mixin.py:188} INFO - [2024-05-18T20:06:51.245+0000] {dag.py:3954} INFO - Setting next_dagrun for example_display_name to None, run_after=None
[2024-05-18T20:06:51.266+0000] {processor.py:183} INFO - Processing /home/airflow/.local/lib/python3.12/site-packages/airflow/example_dags/example_display_name.py took 0.064 seconds
[2024-05-18T20:07:21.351+0000] {processor.py:161} INFO - Started process (PID=884) to work on /home/airflow/.local/lib/python3.12/site-packages/airflow/example_dags/example_display_name.py
[2024-05-18T20:07:21.352+0000] {processor.py:830} INFO - Processing file /home/airflow/.local/lib/python3.12/site-packages/airflow/example_dags/example_display_name.py for tasks to queue
[2024-05-18T20:07:21.354+0000] {logging_mixin.py:188} INFO - [2024-05-18T20:07:21.353+0000] {dagbag.py:545} INFO - Filling up the DagBag from /home/airflow/.local/lib/python3.12/site-packages/airflow/example_dags/example_display_name.py
[2024-05-18T20:07:21.359+0000] {processor.py:840} INFO - DAG(s) 'example_display_name' retrieved from /home/airflow/.local/lib/python3.12/site-packages/airflow/example_dags/example_display_name.py
[2024-05-18T20:07:21.376+0000] {logging_mixin.py:188} INFO - [2024-05-18T20:07:21.376+0000] {dag.py:3096} INFO - Sync 1 DAGs
[2024-05-18T20:07:21.387+0000] {logging_mixin.py:188} INFO - [2024-05-18T20:07:21.387+0000] {dag.py:3954} INFO - Setting next_dagrun for example_display_name to None, run_after=None
[2024-05-18T20:07:21.408+0000] {processor.py:183} INFO - Processing /home/airflow/.local/lib/python3.12/site-packages/airflow/example_dags/example_display_name.py took 0.062 seconds
[2024-05-18T20:07:52.022+0000] {processor.py:161} INFO - Started process (PID=942) to work on /home/airflow/.local/lib/python3.12/site-packages/airflow/example_dags/example_display_name.py
[2024-05-18T20:07:52.023+0000] {processor.py:830} INFO - Processing file /home/airflow/.local/lib/python3.12/site-packages/airflow/example_dags/example_display_name.py for tasks to queue
[2024-05-18T20:07:52.025+0000] {logging_mixin.py:188} INFO - [2024-05-18T20:07:52.025+0000] {dagbag.py:545} INFO - Filling up the DagBag from /home/airflow/.local/lib/python3.12/site-packages/airflow/example_dags/example_display_name.py
[2024-05-18T20:07:52.031+0000] {processor.py:840} INFO - DAG(s) 'example_display_name' retrieved from /home/airflow/.local/lib/python3.12/site-packages/airflow/example_dags/example_display_name.py
[2024-05-18T20:07:52.048+0000] {logging_mixin.py:188} INFO - [2024-05-18T20:07:52.048+0000] {dag.py:3096} INFO - Sync 1 DAGs
[2024-05-18T20:07:52.060+0000] {logging_mixin.py:188} INFO - [2024-05-18T20:07:52.060+0000] {dag.py:3954} INFO - Setting next_dagrun for example_display_name to None, run_after=None
[2024-05-18T20:07:52.082+0000] {processor.py:183} INFO - Processing /home/airflow/.local/lib/python3.12/site-packages/airflow/example_dags/example_display_name.py took 0.065 seconds
[2024-05-18T20:08:22.198+0000] {processor.py:161} INFO - Started process (PID=1001) to work on /home/airflow/.local/lib/python3.12/site-packages/airflow/example_dags/example_display_name.py
[2024-05-18T20:08:22.199+0000] {processor.py:830} INFO - Processing file /home/airflow/.local/lib/python3.12/site-packages/airflow/example_dags/example_display_name.py for tasks to queue
[2024-05-18T20:08:22.201+0000] {logging_mixin.py:188} INFO - [2024-05-18T20:08:22.201+0000] {dagbag.py:545} INFO - Filling up the DagBag from /home/airflow/.local/lib/python3.12/site-packages/airflow/example_dags/example_display_name.py
[2024-05-18T20:08:22.207+0000] {processor.py:840} INFO - DAG(s) 'example_display_name' retrieved from /home/airflow/.local/lib/python3.12/site-packages/airflow/example_dags/example_display_name.py
[2024-05-18T20:08:22.224+0000] {logging_mixin.py:188} INFO - [2024-05-18T20:08:22.223+0000] {dag.py:3096} INFO - Sync 1 DAGs
[2024-05-18T20:08:22.235+0000] {logging_mixin.py:188} INFO - [2024-05-18T20:08:22.235+0000] {dag.py:3954} INFO - Setting next_dagrun for example_display_name to None, run_after=None
[2024-05-18T20:08:22.257+0000] {processor.py:183} INFO - Processing /home/airflow/.local/lib/python3.12/site-packages/airflow/example_dags/example_display_name.py took 0.064 seconds
[2024-05-18T20:08:52.655+0000] {processor.py:161} INFO - Started process (PID=1059) to work on /home/airflow/.local/lib/python3.12/site-packages/airflow/example_dags/example_display_name.py
[2024-05-18T20:08:52.656+0000] {processor.py:830} INFO - Processing file /home/airflow/.local/lib/python3.12/site-packages/airflow/example_dags/example_display_name.py for tasks to queue
[2024-05-18T20:08:52.658+0000] {logging_mixin.py:188} INFO - [2024-05-18T20:08:52.658+0000] {dagbag.py:545} INFO - Filling up the DagBag from /home/airflow/.local/lib/python3.12/site-packages/airflow/example_dags/example_display_name.py
[2024-05-18T20:08:52.663+0000] {processor.py:840} INFO - DAG(s) 'example_display_name' retrieved from /home/airflow/.local/lib/python3.12/site-packages/airflow/example_dags/example_display_name.py
[2024-05-18T20:08:52.683+0000] {logging_mixin.py:188} INFO - [2024-05-18T20:08:52.683+0000] {dag.py:3096} INFO - Sync 1 DAGs
[2024-05-18T20:08:52.695+0000] {logging_mixin.py:188} INFO - [2024-05-18T20:08:52.694+0000] {dag.py:3954} INFO - Setting next_dagrun for example_display_name to None, run_after=None
[2024-05-18T20:08:52.715+0000] {processor.py:183} INFO - Processing /home/airflow/.local/lib/python3.12/site-packages/airflow/example_dags/example_display_name.py took 0.065 seconds
[2024-05-18T20:09:23.063+0000] {processor.py:161} INFO - Started process (PID=1117) to work on /home/airflow/.local/lib/python3.12/site-packages/airflow/example_dags/example_display_name.py
[2024-05-18T20:09:23.064+0000] {processor.py:830} INFO - Processing file /home/airflow/.local/lib/python3.12/site-packages/airflow/example_dags/example_display_name.py for tasks to queue
[2024-05-18T20:09:23.066+0000] {logging_mixin.py:188} INFO - [2024-05-18T20:09:23.066+0000] {dagbag.py:545} INFO - Filling up the DagBag from /home/airflow/.local/lib/python3.12/site-packages/airflow/example_dags/example_display_name.py
[2024-05-18T20:09:23.072+0000] {processor.py:840} INFO - DAG(s) 'example_display_name' retrieved from /home/airflow/.local/lib/python3.12/site-packages/airflow/example_dags/example_display_name.py
[2024-05-18T20:09:23.092+0000] {logging_mixin.py:188} INFO - [2024-05-18T20:09:23.091+0000] {dag.py:3096} INFO - Sync 1 DAGs
[2024-05-18T20:09:23.104+0000] {logging_mixin.py:188} INFO - [2024-05-18T20:09:23.104+0000] {dag.py:3954} INFO - Setting next_dagrun for example_display_name to None, run_after=None
[2024-05-18T20:09:23.126+0000] {processor.py:183} INFO - Processing /home/airflow/.local/lib/python3.12/site-packages/airflow/example_dags/example_display_name.py took 0.068 seconds
[2024-05-18T20:09:53.778+0000] {processor.py:161} INFO - Started process (PID=1175) to work on /home/airflow/.local/lib/python3.12/site-packages/airflow/example_dags/example_display_name.py
[2024-05-18T20:09:53.779+0000] {processor.py:830} INFO - Processing file /home/airflow/.local/lib/python3.12/site-packages/airflow/example_dags/example_display_name.py for tasks to queue
[2024-05-18T20:09:53.781+0000] {logging_mixin.py:188} INFO - [2024-05-18T20:09:53.781+0000] {dagbag.py:545} INFO - Filling up the DagBag from /home/airflow/.local/lib/python3.12/site-packages/airflow/example_dags/example_display_name.py
[2024-05-18T20:09:53.786+0000] {processor.py:840} INFO - DAG(s) 'example_display_name' retrieved from /home/airflow/.local/lib/python3.12/site-packages/airflow/example_dags/example_display_name.py
[2024-05-18T20:09:53.808+0000] {logging_mixin.py:188} INFO - [2024-05-18T20:09:53.808+0000] {dag.py:3096} INFO - Sync 1 DAGs
[2024-05-18T20:09:53.823+0000] {logging_mixin.py:188} INFO - [2024-05-18T20:09:53.823+0000] {dag.py:3954} INFO - Setting next_dagrun for example_display_name to None, run_after=None
[2024-05-18T20:09:53.845+0000] {processor.py:183} INFO - Processing /home/airflow/.local/lib/python3.12/site-packages/airflow/example_dags/example_display_name.py took 0.073 seconds
[2024-05-18T20:10:24.061+0000] {processor.py:161} INFO - Started process (PID=1233) to work on /home/airflow/.local/lib/python3.12/site-packages/airflow/example_dags/example_display_name.py
[2024-05-18T20:10:24.062+0000] {processor.py:830} INFO - Processing file /home/airflow/.local/lib/python3.12/site-packages/airflow/example_dags/example_display_name.py for tasks to queue
[2024-05-18T20:10:24.064+0000] {logging_mixin.py:188} INFO - [2024-05-18T20:10:24.064+0000] {dagbag.py:545} INFO - Filling up the DagBag from /home/airflow/.local/lib/python3.12/site-packages/airflow/example_dags/example_display_name.py
[2024-05-18T20:10:24.070+0000] {processor.py:840} INFO - DAG(s) 'example_display_name' retrieved from /home/airflow/.local/lib/python3.12/site-packages/airflow/example_dags/example_display_name.py
[2024-05-18T20:10:24.089+0000] {logging_mixin.py:188} INFO - [2024-05-18T20:10:24.089+0000] {dag.py:3096} INFO - Sync 1 DAGs
[2024-05-18T20:10:24.104+0000] {logging_mixin.py:188} INFO - [2024-05-18T20:10:24.104+0000] {dag.py:3954} INFO - Setting next_dagrun for example_display_name to None, run_after=None
[2024-05-18T20:10:24.125+0000] {processor.py:183} INFO - Processing /home/airflow/.local/lib/python3.12/site-packages/airflow/example_dags/example_display_name.py took 0.070 seconds
[2024-05-18T20:10:54.722+0000] {processor.py:161} INFO - Started process (PID=1292) to work on /home/airflow/.local/lib/python3.12/site-packages/airflow/example_dags/example_display_name.py
[2024-05-18T20:10:54.723+0000] {processor.py:830} INFO - Processing file /home/airflow/.local/lib/python3.12/site-packages/airflow/example_dags/example_display_name.py for tasks to queue
[2024-05-18T20:10:54.726+0000] {logging_mixin.py:188} INFO - [2024-05-18T20:10:54.725+0000] {dagbag.py:545} INFO - Filling up the DagBag from /home/airflow/.local/lib/python3.12/site-packages/airflow/example_dags/example_display_name.py
[2024-05-18T20:10:54.731+0000] {processor.py:840} INFO - DAG(s) 'example_display_name' retrieved from /home/airflow/.local/lib/python3.12/site-packages/airflow/example_dags/example_display_name.py
[2024-05-18T20:10:54.751+0000] {logging_mixin.py:188} INFO - [2024-05-18T20:10:54.751+0000] {dag.py:3096} INFO - Sync 1 DAGs
[2024-05-18T20:10:54.763+0000] {logging_mixin.py:188} INFO - [2024-05-18T20:10:54.763+0000] {dag.py:3954} INFO - Setting next_dagrun for example_display_name to None, run_after=None
[2024-05-18T20:10:54.785+0000] {processor.py:183} INFO - Processing /home/airflow/.local/lib/python3.12/site-packages/airflow/example_dags/example_display_name.py took 0.069 seconds
[2024-05-18T20:11:25.129+0000] {processor.py:161} INFO - Started process (PID=1350) to work on /home/airflow/.local/lib/python3.12/site-packages/airflow/example_dags/example_display_name.py
[2024-05-18T20:11:25.131+0000] {processor.py:830} INFO - Processing file /home/airflow/.local/lib/python3.12/site-packages/airflow/example_dags/example_display_name.py for tasks to queue
[2024-05-18T20:11:25.133+0000] {logging_mixin.py:188} INFO - [2024-05-18T20:11:25.132+0000] {dagbag.py:545} INFO - Filling up the DagBag from /home/airflow/.local/lib/python3.12/site-packages/airflow/example_dags/example_display_name.py
[2024-05-18T20:11:25.138+0000] {processor.py:840} INFO - DAG(s) 'example_display_name' retrieved from /home/airflow/.local/lib/python3.12/site-packages/airflow/example_dags/example_display_name.py
[2024-05-18T20:11:25.157+0000] {logging_mixin.py:188} INFO - [2024-05-18T20:11:25.157+0000] {dag.py:3096} INFO - Sync 1 DAGs
[2024-05-18T20:11:25.169+0000] {logging_mixin.py:188} INFO - [2024-05-18T20:11:25.169+0000] {dag.py:3954} INFO - Setting next_dagrun for example_display_name to None, run_after=None
[2024-05-18T20:11:25.190+0000] {processor.py:183} INFO - Processing /home/airflow/.local/lib/python3.12/site-packages/airflow/example_dags/example_display_name.py took 0.067 seconds
[2024-05-18T20:11:56.001+0000] {processor.py:161} INFO - Started process (PID=1408) to work on /home/airflow/.local/lib/python3.12/site-packages/airflow/example_dags/example_display_name.py
[2024-05-18T20:11:56.002+0000] {processor.py:830} INFO - Processing file /home/airflow/.local/lib/python3.12/site-packages/airflow/example_dags/example_display_name.py for tasks to queue
[2024-05-18T20:11:56.004+0000] {logging_mixin.py:188} INFO - [2024-05-18T20:11:56.004+0000] {dagbag.py:545} INFO - Filling up the DagBag from /home/airflow/.local/lib/python3.12/site-packages/airflow/example_dags/example_display_name.py
[2024-05-18T20:11:56.010+0000] {processor.py:840} INFO - DAG(s) 'example_display_name' retrieved from /home/airflow/.local/lib/python3.12/site-packages/airflow/example_dags/example_display_name.py
[2024-05-18T20:11:56.029+0000] {logging_mixin.py:188} INFO - [2024-05-18T20:11:56.029+0000] {dag.py:3096} INFO - Sync 1 DAGs
[2024-05-18T20:11:56.041+0000] {logging_mixin.py:188} INFO - [2024-05-18T20:11:56.040+0000] {dag.py:3954} INFO - Setting next_dagrun for example_display_name to None, run_after=None
[2024-05-18T20:11:56.062+0000] {processor.py:183} INFO - Processing /home/airflow/.local/lib/python3.12/site-packages/airflow/example_dags/example_display_name.py took 0.067 seconds
[2024-05-18T20:12:27.396+0000] {processor.py:161} INFO - Started process (PID=1466) to work on /home/airflow/.local/lib/python3.12/site-packages/airflow/example_dags/example_display_name.py
[2024-05-18T20:12:27.397+0000] {processor.py:830} INFO - Processing file /home/airflow/.local/lib/python3.12/site-packages/airflow/example_dags/example_display_name.py for tasks to queue
[2024-05-18T20:12:27.399+0000] {logging_mixin.py:188} INFO - [2024-05-18T20:12:27.399+0000] {dagbag.py:545} INFO - Filling up the DagBag from /home/airflow/.local/lib/python3.12/site-packages/airflow/example_dags/example_display_name.py
[2024-05-18T20:12:27.404+0000] {processor.py:840} INFO - DAG(s) 'example_display_name' retrieved from /home/airflow/.local/lib/python3.12/site-packages/airflow/example_dags/example_display_name.py
[2024-05-18T20:12:27.426+0000] {logging_mixin.py:188} INFO - [2024-05-18T20:12:27.425+0000] {dag.py:3096} INFO - Sync 1 DAGs
[2024-05-18T20:12:27.564+0000] {logging_mixin.py:188} INFO - [2024-05-18T20:12:27.564+0000] {dag.py:3954} INFO - Setting next_dagrun for example_display_name to None, run_after=None
[2024-05-18T20:12:27.587+0000] {processor.py:183} INFO - Processing /home/airflow/.local/lib/python3.12/site-packages/airflow/example_dags/example_display_name.py took 0.196 seconds
[2024-05-18T20:12:58.148+0000] {processor.py:161} INFO - Started process (PID=1524) to work on /home/airflow/.local/lib/python3.12/site-packages/airflow/example_dags/example_display_name.py
[2024-05-18T20:12:58.150+0000] {processor.py:830} INFO - Processing file /home/airflow/.local/lib/python3.12/site-packages/airflow/example_dags/example_display_name.py for tasks to queue
[2024-05-18T20:12:58.153+0000] {logging_mixin.py:188} INFO - [2024-05-18T20:12:58.152+0000] {dagbag.py:545} INFO - Filling up the DagBag from /home/airflow/.local/lib/python3.12/site-packages/airflow/example_dags/example_display_name.py
[2024-05-18T20:12:58.160+0000] {processor.py:840} INFO - DAG(s) 'example_display_name' retrieved from /home/airflow/.local/lib/python3.12/site-packages/airflow/example_dags/example_display_name.py
[2024-05-18T20:12:58.181+0000] {logging_mixin.py:188} INFO - [2024-05-18T20:12:58.181+0000] {dag.py:3096} INFO - Sync 1 DAGs
[2024-05-18T20:12:58.195+0000] {logging_mixin.py:188} INFO - [2024-05-18T20:12:58.195+0000] {dag.py:3954} INFO - Setting next_dagrun for example_display_name to None, run_after=None
[2024-05-18T20:12:58.370+0000] {processor.py:183} INFO - Processing /home/airflow/.local/lib/python3.12/site-packages/airflow/example_dags/example_display_name.py took 0.228 seconds
[2024-05-18T20:13:28.416+0000] {processor.py:161} INFO - Started process (PID=1582) to work on /home/airflow/.local/lib/python3.12/site-packages/airflow/example_dags/example_display_name.py
[2024-05-18T20:13:28.418+0000] {processor.py:830} INFO - Processing file /home/airflow/.local/lib/python3.12/site-packages/airflow/example_dags/example_display_name.py for tasks to queue
[2024-05-18T20:13:28.420+0000] {logging_mixin.py:188} INFO - [2024-05-18T20:13:28.419+0000] {dagbag.py:545} INFO - Filling up the DagBag from /home/airflow/.local/lib/python3.12/site-packages/airflow/example_dags/example_display_name.py
[2024-05-18T20:13:28.425+0000] {processor.py:840} INFO - DAG(s) 'example_display_name' retrieved from /home/airflow/.local/lib/python3.12/site-packages/airflow/example_dags/example_display_name.py
[2024-05-18T20:13:28.445+0000] {logging_mixin.py:188} INFO - [2024-05-18T20:13:28.445+0000] {dag.py:3096} INFO - Sync 1 DAGs
[2024-05-18T20:13:28.458+0000] {logging_mixin.py:188} INFO - [2024-05-18T20:13:28.458+0000] {dag.py:3954} INFO - Setting next_dagrun for example_display_name to None, run_after=None
[2024-05-18T20:13:28.481+0000] {processor.py:183} INFO - Processing /home/airflow/.local/lib/python3.12/site-packages/airflow/example_dags/example_display_name.py took 0.071 seconds
[2024-05-18T20:13:58.578+0000] {processor.py:161} INFO - Started process (PID=1640) to work on /home/airflow/.local/lib/python3.12/site-packages/airflow/example_dags/example_display_name.py
[2024-05-18T20:13:58.579+0000] {processor.py:830} INFO - Processing file /home/airflow/.local/lib/python3.12/site-packages/airflow/example_dags/example_display_name.py for tasks to queue
[2024-05-18T20:13:58.581+0000] {logging_mixin.py:188} INFO - [2024-05-18T20:13:58.580+0000] {dagbag.py:545} INFO - Filling up the DagBag from /home/airflow/.local/lib/python3.12/site-packages/airflow/example_dags/example_display_name.py
[2024-05-18T20:13:58.587+0000] {processor.py:840} INFO - DAG(s) 'example_display_name' retrieved from /home/airflow/.local/lib/python3.12/site-packages/airflow/example_dags/example_display_name.py
[2024-05-18T20:13:58.607+0000] {logging_mixin.py:188} INFO - [2024-05-18T20:13:58.606+0000] {dag.py:3096} INFO - Sync 1 DAGs
[2024-05-18T20:13:58.619+0000] {logging_mixin.py:188} INFO - [2024-05-18T20:13:58.619+0000] {dag.py:3954} INFO - Setting next_dagrun for example_display_name to None, run_after=None
[2024-05-18T20:13:58.641+0000] {processor.py:183} INFO - Processing /home/airflow/.local/lib/python3.12/site-packages/airflow/example_dags/example_display_name.py took 0.069 seconds
[2024-05-18T20:14:28.928+0000] {processor.py:161} INFO - Started process (PID=1698) to work on /home/airflow/.local/lib/python3.12/site-packages/airflow/example_dags/example_display_name.py
[2024-05-18T20:14:28.930+0000] {processor.py:830} INFO - Processing file /home/airflow/.local/lib/python3.12/site-packages/airflow/example_dags/example_display_name.py for tasks to queue
[2024-05-18T20:14:28.932+0000] {logging_mixin.py:188} INFO - [2024-05-18T20:14:28.931+0000] {dagbag.py:545} INFO - Filling up the DagBag from /home/airflow/.local/lib/python3.12/site-packages/airflow/example_dags/example_display_name.py
[2024-05-18T20:14:28.938+0000] {processor.py:840} INFO - DAG(s) 'example_display_name' retrieved from /home/airflow/.local/lib/python3.12/site-packages/airflow/example_dags/example_display_name.py
[2024-05-18T20:14:28.958+0000] {logging_mixin.py:188} INFO - [2024-05-18T20:14:28.957+0000] {dag.py:3096} INFO - Sync 1 DAGs
[2024-05-18T20:14:28.969+0000] {logging_mixin.py:188} INFO - [2024-05-18T20:14:28.969+0000] {dag.py:3954} INFO - Setting next_dagrun for example_display_name to None, run_after=None
[2024-05-18T20:14:28.991+0000] {processor.py:183} INFO - Processing /home/airflow/.local/lib/python3.12/site-packages/airflow/example_dags/example_display_name.py took 0.069 seconds
