[2024-05-18T19:41:47.993+0000] {processor.py:161} INFO - Started process (PID=44) to work on /home/airflow/.local/lib/python3.12/site-packages/airflow/example_dags/tutorial_dag.py
[2024-05-18T19:41:47.994+0000] {processor.py:830} INFO - Processing file /home/airflow/.local/lib/python3.12/site-packages/airflow/example_dags/tutorial_dag.py for tasks to queue
[2024-05-18T19:41:47.997+0000] {logging_mixin.py:188} INFO - [2024-05-18T19:41:47.996+0000] {dagbag.py:545} INFO - Filling up the DagBag from /home/airflow/.local/lib/python3.12/site-packages/airflow/example_dags/tutorial_dag.py
[2024-05-18T19:41:48.011+0000] {processor.py:840} INFO - DAG(s) 'tutorial_dag' retrieved from /home/airflow/.local/lib/python3.12/site-packages/airflow/example_dags/tutorial_dag.py
[2024-05-18T19:41:48.174+0000] {logging_mixin.py:188} INFO - [2024-05-18T19:41:48.173+0000] {override.py:1829} INFO - Created Permission View: can read on DAG:tutorial_dag
[2024-05-18T19:41:48.189+0000] {logging_mixin.py:188} INFO - [2024-05-18T19:41:48.189+0000] {override.py:1829} INFO - Created Permission View: can delete on DAG:tutorial_dag
[2024-05-18T19:41:48.201+0000] {logging_mixin.py:188} INFO - [2024-05-18T19:41:48.201+0000] {override.py:1829} INFO - Created Permission View: can edit on DAG:tutorial_dag
[2024-05-18T19:41:48.202+0000] {logging_mixin.py:188} INFO - [2024-05-18T19:41:48.202+0000] {dag.py:3096} INFO - Sync 1 DAGs
[2024-05-18T19:41:48.221+0000] {logging_mixin.py:188} INFO - [2024-05-18T19:41:48.220+0000] {dag.py:3118} INFO - Creating ORM DAG for tutorial_dag
[2024-05-18T19:41:48.222+0000] {logging_mixin.py:188} INFO - [2024-05-18T19:41:48.222+0000] {dag.py:3954} INFO - Setting next_dagrun for tutorial_dag to None, run_after=None
[2024-05-18T19:41:48.245+0000] {processor.py:183} INFO - Processing /home/airflow/.local/lib/python3.12/site-packages/airflow/example_dags/tutorial_dag.py took 0.260 seconds
[2024-05-18T19:42:18.916+0000] {processor.py:161} INFO - Started process (PID=101) to work on /home/airflow/.local/lib/python3.12/site-packages/airflow/example_dags/tutorial_dag.py
[2024-05-18T19:42:18.917+0000] {processor.py:830} INFO - Processing file /home/airflow/.local/lib/python3.12/site-packages/airflow/example_dags/tutorial_dag.py for tasks to queue
[2024-05-18T19:42:18.919+0000] {logging_mixin.py:188} INFO - [2024-05-18T19:42:18.919+0000] {dagbag.py:545} INFO - Filling up the DagBag from /home/airflow/.local/lib/python3.12/site-packages/airflow/example_dags/tutorial_dag.py
[2024-05-18T19:42:18.925+0000] {processor.py:840} INFO - DAG(s) 'tutorial_dag' retrieved from /home/airflow/.local/lib/python3.12/site-packages/airflow/example_dags/tutorial_dag.py
[2024-05-18T19:42:18.946+0000] {logging_mixin.py:188} INFO - [2024-05-18T19:42:18.946+0000] {dag.py:3096} INFO - Sync 1 DAGs
[2024-05-18T19:42:18.960+0000] {logging_mixin.py:188} INFO - [2024-05-18T19:42:18.959+0000] {dag.py:3954} INFO - Setting next_dagrun for tutorial_dag to None, run_after=None
[2024-05-18T19:42:18.985+0000] {processor.py:183} INFO - Processing /home/airflow/.local/lib/python3.12/site-packages/airflow/example_dags/tutorial_dag.py took 0.075 seconds
[2024-05-18T19:42:49.085+0000] {processor.py:161} INFO - Started process (PID=158) to work on /home/airflow/.local/lib/python3.12/site-packages/airflow/example_dags/tutorial_dag.py
[2024-05-18T19:42:49.086+0000] {processor.py:830} INFO - Processing file /home/airflow/.local/lib/python3.12/site-packages/airflow/example_dags/tutorial_dag.py for tasks to queue
[2024-05-18T19:42:49.088+0000] {logging_mixin.py:188} INFO - [2024-05-18T19:42:49.088+0000] {dagbag.py:545} INFO - Filling up the DagBag from /home/airflow/.local/lib/python3.12/site-packages/airflow/example_dags/tutorial_dag.py
[2024-05-18T19:42:49.093+0000] {processor.py:840} INFO - DAG(s) 'tutorial_dag' retrieved from /home/airflow/.local/lib/python3.12/site-packages/airflow/example_dags/tutorial_dag.py
[2024-05-18T19:42:49.113+0000] {logging_mixin.py:188} INFO - [2024-05-18T19:42:49.112+0000] {dag.py:3096} INFO - Sync 1 DAGs
[2024-05-18T19:42:49.125+0000] {logging_mixin.py:188} INFO - [2024-05-18T19:42:49.124+0000] {dag.py:3954} INFO - Setting next_dagrun for tutorial_dag to None, run_after=None
[2024-05-18T19:42:49.145+0000] {processor.py:183} INFO - Processing /home/airflow/.local/lib/python3.12/site-packages/airflow/example_dags/tutorial_dag.py took 0.065 seconds
[2024-05-18T19:43:19.250+0000] {processor.py:161} INFO - Started process (PID=215) to work on /home/airflow/.local/lib/python3.12/site-packages/airflow/example_dags/tutorial_dag.py
[2024-05-18T19:43:19.251+0000] {processor.py:830} INFO - Processing file /home/airflow/.local/lib/python3.12/site-packages/airflow/example_dags/tutorial_dag.py for tasks to queue
[2024-05-18T19:43:19.253+0000] {logging_mixin.py:188} INFO - [2024-05-18T19:43:19.252+0000] {dagbag.py:545} INFO - Filling up the DagBag from /home/airflow/.local/lib/python3.12/site-packages/airflow/example_dags/tutorial_dag.py
[2024-05-18T19:43:19.258+0000] {processor.py:840} INFO - DAG(s) 'tutorial_dag' retrieved from /home/airflow/.local/lib/python3.12/site-packages/airflow/example_dags/tutorial_dag.py
[2024-05-18T19:43:19.275+0000] {logging_mixin.py:188} INFO - [2024-05-18T19:43:19.275+0000] {dag.py:3096} INFO - Sync 1 DAGs
[2024-05-18T19:43:19.287+0000] {logging_mixin.py:188} INFO - [2024-05-18T19:43:19.287+0000] {dag.py:3954} INFO - Setting next_dagrun for tutorial_dag to None, run_after=None
[2024-05-18T19:43:19.310+0000] {processor.py:183} INFO - Processing /home/airflow/.local/lib/python3.12/site-packages/airflow/example_dags/tutorial_dag.py took 0.066 seconds
[2024-05-18T19:43:49.396+0000] {processor.py:161} INFO - Started process (PID=273) to work on /home/airflow/.local/lib/python3.12/site-packages/airflow/example_dags/tutorial_dag.py
[2024-05-18T19:43:49.397+0000] {processor.py:830} INFO - Processing file /home/airflow/.local/lib/python3.12/site-packages/airflow/example_dags/tutorial_dag.py for tasks to queue
[2024-05-18T19:43:49.399+0000] {logging_mixin.py:188} INFO - [2024-05-18T19:43:49.399+0000] {dagbag.py:545} INFO - Filling up the DagBag from /home/airflow/.local/lib/python3.12/site-packages/airflow/example_dags/tutorial_dag.py
[2024-05-18T19:43:49.404+0000] {processor.py:840} INFO - DAG(s) 'tutorial_dag' retrieved from /home/airflow/.local/lib/python3.12/site-packages/airflow/example_dags/tutorial_dag.py
[2024-05-18T19:43:49.423+0000] {logging_mixin.py:188} INFO - [2024-05-18T19:43:49.422+0000] {dag.py:3096} INFO - Sync 1 DAGs
[2024-05-18T19:43:49.436+0000] {logging_mixin.py:188} INFO - [2024-05-18T19:43:49.435+0000] {dag.py:3954} INFO - Setting next_dagrun for tutorial_dag to None, run_after=None
[2024-05-18T19:43:49.456+0000] {processor.py:183} INFO - Processing /home/airflow/.local/lib/python3.12/site-packages/airflow/example_dags/tutorial_dag.py took 0.065 seconds
[2024-05-18T19:44:19.762+0000] {processor.py:161} INFO - Started process (PID=331) to work on /home/airflow/.local/lib/python3.12/site-packages/airflow/example_dags/tutorial_dag.py
[2024-05-18T19:44:19.763+0000] {processor.py:830} INFO - Processing file /home/airflow/.local/lib/python3.12/site-packages/airflow/example_dags/tutorial_dag.py for tasks to queue
[2024-05-18T19:44:19.765+0000] {logging_mixin.py:188} INFO - [2024-05-18T19:44:19.764+0000] {dagbag.py:545} INFO - Filling up the DagBag from /home/airflow/.local/lib/python3.12/site-packages/airflow/example_dags/tutorial_dag.py
[2024-05-18T19:44:19.770+0000] {processor.py:840} INFO - DAG(s) 'tutorial_dag' retrieved from /home/airflow/.local/lib/python3.12/site-packages/airflow/example_dags/tutorial_dag.py
[2024-05-18T19:44:19.790+0000] {logging_mixin.py:188} INFO - [2024-05-18T19:44:19.790+0000] {dag.py:3096} INFO - Sync 1 DAGs
[2024-05-18T19:44:19.802+0000] {logging_mixin.py:188} INFO - [2024-05-18T19:44:19.802+0000] {dag.py:3954} INFO - Setting next_dagrun for tutorial_dag to None, run_after=None
[2024-05-18T19:44:19.826+0000] {processor.py:183} INFO - Processing /home/airflow/.local/lib/python3.12/site-packages/airflow/example_dags/tutorial_dag.py took 0.070 seconds
[2024-05-18T19:44:50.236+0000] {processor.py:161} INFO - Started process (PID=389) to work on /home/airflow/.local/lib/python3.12/site-packages/airflow/example_dags/tutorial_dag.py
[2024-05-18T19:44:50.237+0000] {processor.py:830} INFO - Processing file /home/airflow/.local/lib/python3.12/site-packages/airflow/example_dags/tutorial_dag.py for tasks to queue
[2024-05-18T19:44:50.239+0000] {logging_mixin.py:188} INFO - [2024-05-18T19:44:50.239+0000] {dagbag.py:545} INFO - Filling up the DagBag from /home/airflow/.local/lib/python3.12/site-packages/airflow/example_dags/tutorial_dag.py
[2024-05-18T19:44:50.244+0000] {processor.py:840} INFO - DAG(s) 'tutorial_dag' retrieved from /home/airflow/.local/lib/python3.12/site-packages/airflow/example_dags/tutorial_dag.py
[2024-05-18T19:44:50.263+0000] {logging_mixin.py:188} INFO - [2024-05-18T19:44:50.263+0000] {dag.py:3096} INFO - Sync 1 DAGs
[2024-05-18T19:44:50.275+0000] {logging_mixin.py:188} INFO - [2024-05-18T19:44:50.275+0000] {dag.py:3954} INFO - Setting next_dagrun for tutorial_dag to None, run_after=None
[2024-05-18T19:44:50.297+0000] {processor.py:183} INFO - Processing /home/airflow/.local/lib/python3.12/site-packages/airflow/example_dags/tutorial_dag.py took 0.066 seconds
[2024-05-18T19:45:20.538+0000] {processor.py:161} INFO - Started process (PID=447) to work on /home/airflow/.local/lib/python3.12/site-packages/airflow/example_dags/tutorial_dag.py
[2024-05-18T19:45:20.539+0000] {processor.py:830} INFO - Processing file /home/airflow/.local/lib/python3.12/site-packages/airflow/example_dags/tutorial_dag.py for tasks to queue
[2024-05-18T19:45:20.541+0000] {logging_mixin.py:188} INFO - [2024-05-18T19:45:20.541+0000] {dagbag.py:545} INFO - Filling up the DagBag from /home/airflow/.local/lib/python3.12/site-packages/airflow/example_dags/tutorial_dag.py
[2024-05-18T19:45:20.546+0000] {processor.py:840} INFO - DAG(s) 'tutorial_dag' retrieved from /home/airflow/.local/lib/python3.12/site-packages/airflow/example_dags/tutorial_dag.py
[2024-05-18T19:45:20.563+0000] {logging_mixin.py:188} INFO - [2024-05-18T19:45:20.563+0000] {dag.py:3096} INFO - Sync 1 DAGs
[2024-05-18T19:45:20.575+0000] {logging_mixin.py:188} INFO - [2024-05-18T19:45:20.574+0000] {dag.py:3954} INFO - Setting next_dagrun for tutorial_dag to None, run_after=None
[2024-05-18T19:45:20.598+0000] {processor.py:183} INFO - Processing /home/airflow/.local/lib/python3.12/site-packages/airflow/example_dags/tutorial_dag.py took 0.065 seconds
[2024-05-18T19:45:50.889+0000] {processor.py:161} INFO - Started process (PID=505) to work on /home/airflow/.local/lib/python3.12/site-packages/airflow/example_dags/tutorial_dag.py
[2024-05-18T19:45:50.890+0000] {processor.py:830} INFO - Processing file /home/airflow/.local/lib/python3.12/site-packages/airflow/example_dags/tutorial_dag.py for tasks to queue
[2024-05-18T19:45:50.891+0000] {logging_mixin.py:188} INFO - [2024-05-18T19:45:50.891+0000] {dagbag.py:545} INFO - Filling up the DagBag from /home/airflow/.local/lib/python3.12/site-packages/airflow/example_dags/tutorial_dag.py
[2024-05-18T19:45:50.897+0000] {processor.py:840} INFO - DAG(s) 'tutorial_dag' retrieved from /home/airflow/.local/lib/python3.12/site-packages/airflow/example_dags/tutorial_dag.py
[2024-05-18T19:45:50.917+0000] {logging_mixin.py:188} INFO - [2024-05-18T19:45:50.917+0000] {dag.py:3096} INFO - Sync 1 DAGs
[2024-05-18T19:45:50.929+0000] {logging_mixin.py:188} INFO - [2024-05-18T19:45:50.929+0000] {dag.py:3954} INFO - Setting next_dagrun for tutorial_dag to None, run_after=None
[2024-05-18T19:45:50.954+0000] {processor.py:183} INFO - Processing /home/airflow/.local/lib/python3.12/site-packages/airflow/example_dags/tutorial_dag.py took 0.071 seconds
[2024-05-18T19:46:21.146+0000] {processor.py:161} INFO - Started process (PID=569) to work on /home/airflow/.local/lib/python3.12/site-packages/airflow/example_dags/tutorial_dag.py
[2024-05-18T19:46:21.147+0000] {processor.py:830} INFO - Processing file /home/airflow/.local/lib/python3.12/site-packages/airflow/example_dags/tutorial_dag.py for tasks to queue
[2024-05-18T19:46:21.148+0000] {logging_mixin.py:188} INFO - [2024-05-18T19:46:21.148+0000] {dagbag.py:545} INFO - Filling up the DagBag from /home/airflow/.local/lib/python3.12/site-packages/airflow/example_dags/tutorial_dag.py
[2024-05-18T19:46:21.154+0000] {processor.py:840} INFO - DAG(s) 'tutorial_dag' retrieved from /home/airflow/.local/lib/python3.12/site-packages/airflow/example_dags/tutorial_dag.py
[2024-05-18T19:46:21.172+0000] {logging_mixin.py:188} INFO - [2024-05-18T19:46:21.172+0000] {dag.py:3096} INFO - Sync 1 DAGs
[2024-05-18T19:46:21.184+0000] {logging_mixin.py:188} INFO - [2024-05-18T19:46:21.184+0000] {dag.py:3954} INFO - Setting next_dagrun for tutorial_dag to None, run_after=None
[2024-05-18T19:46:21.212+0000] {processor.py:183} INFO - Processing /home/airflow/.local/lib/python3.12/site-packages/airflow/example_dags/tutorial_dag.py took 0.072 seconds
[2024-05-18T19:46:51.488+0000] {processor.py:161} INFO - Started process (PID=628) to work on /home/airflow/.local/lib/python3.12/site-packages/airflow/example_dags/tutorial_dag.py
[2024-05-18T19:46:51.489+0000] {processor.py:830} INFO - Processing file /home/airflow/.local/lib/python3.12/site-packages/airflow/example_dags/tutorial_dag.py for tasks to queue
[2024-05-18T19:46:51.491+0000] {logging_mixin.py:188} INFO - [2024-05-18T19:46:51.490+0000] {dagbag.py:545} INFO - Filling up the DagBag from /home/airflow/.local/lib/python3.12/site-packages/airflow/example_dags/tutorial_dag.py
[2024-05-18T19:46:51.496+0000] {processor.py:840} INFO - DAG(s) 'tutorial_dag' retrieved from /home/airflow/.local/lib/python3.12/site-packages/airflow/example_dags/tutorial_dag.py
[2024-05-18T19:46:51.515+0000] {logging_mixin.py:188} INFO - [2024-05-18T19:46:51.515+0000] {dag.py:3096} INFO - Sync 1 DAGs
[2024-05-18T19:46:51.528+0000] {logging_mixin.py:188} INFO - [2024-05-18T19:46:51.528+0000] {dag.py:3954} INFO - Setting next_dagrun for tutorial_dag to None, run_after=None
[2024-05-18T19:46:51.553+0000] {processor.py:183} INFO - Processing /home/airflow/.local/lib/python3.12/site-packages/airflow/example_dags/tutorial_dag.py took 0.071 seconds
[2024-05-18T19:47:21.737+0000] {processor.py:161} INFO - Started process (PID=686) to work on /home/airflow/.local/lib/python3.12/site-packages/airflow/example_dags/tutorial_dag.py
[2024-05-18T19:47:21.738+0000] {processor.py:830} INFO - Processing file /home/airflow/.local/lib/python3.12/site-packages/airflow/example_dags/tutorial_dag.py for tasks to queue
[2024-05-18T19:47:21.740+0000] {logging_mixin.py:188} INFO - [2024-05-18T19:47:21.740+0000] {dagbag.py:545} INFO - Filling up the DagBag from /home/airflow/.local/lib/python3.12/site-packages/airflow/example_dags/tutorial_dag.py
[2024-05-18T19:47:21.745+0000] {processor.py:840} INFO - DAG(s) 'tutorial_dag' retrieved from /home/airflow/.local/lib/python3.12/site-packages/airflow/example_dags/tutorial_dag.py
[2024-05-18T19:47:21.764+0000] {logging_mixin.py:188} INFO - [2024-05-18T19:47:21.764+0000] {dag.py:3096} INFO - Sync 1 DAGs
[2024-05-18T19:47:21.777+0000] {logging_mixin.py:188} INFO - [2024-05-18T19:47:21.777+0000] {dag.py:3954} INFO - Setting next_dagrun for tutorial_dag to None, run_after=None
[2024-05-18T19:47:21.798+0000] {processor.py:183} INFO - Processing /home/airflow/.local/lib/python3.12/site-packages/airflow/example_dags/tutorial_dag.py took 0.067 seconds
[2024-05-18T19:47:51.961+0000] {processor.py:161} INFO - Started process (PID=744) to work on /home/airflow/.local/lib/python3.12/site-packages/airflow/example_dags/tutorial_dag.py
[2024-05-18T19:47:51.962+0000] {processor.py:830} INFO - Processing file /home/airflow/.local/lib/python3.12/site-packages/airflow/example_dags/tutorial_dag.py for tasks to queue
[2024-05-18T19:47:51.965+0000] {logging_mixin.py:188} INFO - [2024-05-18T19:47:51.964+0000] {dagbag.py:545} INFO - Filling up the DagBag from /home/airflow/.local/lib/python3.12/site-packages/airflow/example_dags/tutorial_dag.py
[2024-05-18T19:47:51.972+0000] {processor.py:840} INFO - DAG(s) 'tutorial_dag' retrieved from /home/airflow/.local/lib/python3.12/site-packages/airflow/example_dags/tutorial_dag.py
[2024-05-18T19:47:51.993+0000] {logging_mixin.py:188} INFO - [2024-05-18T19:47:51.992+0000] {dag.py:3096} INFO - Sync 1 DAGs
[2024-05-18T19:47:52.008+0000] {logging_mixin.py:188} INFO - [2024-05-18T19:47:52.008+0000] {dag.py:3954} INFO - Setting next_dagrun for tutorial_dag to None, run_after=None
[2024-05-18T19:47:52.034+0000] {processor.py:183} INFO - Processing /home/airflow/.local/lib/python3.12/site-packages/airflow/example_dags/tutorial_dag.py took 0.079 seconds
[2024-05-18T19:48:22.387+0000] {processor.py:161} INFO - Started process (PID=802) to work on /home/airflow/.local/lib/python3.12/site-packages/airflow/example_dags/tutorial_dag.py
[2024-05-18T19:48:22.389+0000] {processor.py:830} INFO - Processing file /home/airflow/.local/lib/python3.12/site-packages/airflow/example_dags/tutorial_dag.py for tasks to queue
[2024-05-18T19:48:22.391+0000] {logging_mixin.py:188} INFO - [2024-05-18T19:48:22.391+0000] {dagbag.py:545} INFO - Filling up the DagBag from /home/airflow/.local/lib/python3.12/site-packages/airflow/example_dags/tutorial_dag.py
[2024-05-18T19:48:22.397+0000] {processor.py:840} INFO - DAG(s) 'tutorial_dag' retrieved from /home/airflow/.local/lib/python3.12/site-packages/airflow/example_dags/tutorial_dag.py
[2024-05-18T19:48:22.417+0000] {logging_mixin.py:188} INFO - [2024-05-18T19:48:22.417+0000] {dag.py:3096} INFO - Sync 1 DAGs
[2024-05-18T19:48:22.432+0000] {logging_mixin.py:188} INFO - [2024-05-18T19:48:22.431+0000] {dag.py:3954} INFO - Setting next_dagrun for tutorial_dag to None, run_after=None
[2024-05-18T19:48:22.453+0000] {processor.py:183} INFO - Processing /home/airflow/.local/lib/python3.12/site-packages/airflow/example_dags/tutorial_dag.py took 0.074 seconds
[2024-05-18T19:48:52.604+0000] {processor.py:161} INFO - Started process (PID=860) to work on /home/airflow/.local/lib/python3.12/site-packages/airflow/example_dags/tutorial_dag.py
[2024-05-18T19:48:52.605+0000] {processor.py:830} INFO - Processing file /home/airflow/.local/lib/python3.12/site-packages/airflow/example_dags/tutorial_dag.py for tasks to queue
[2024-05-18T19:48:52.607+0000] {logging_mixin.py:188} INFO - [2024-05-18T19:48:52.607+0000] {dagbag.py:545} INFO - Filling up the DagBag from /home/airflow/.local/lib/python3.12/site-packages/airflow/example_dags/tutorial_dag.py
[2024-05-18T19:48:52.612+0000] {processor.py:840} INFO - DAG(s) 'tutorial_dag' retrieved from /home/airflow/.local/lib/python3.12/site-packages/airflow/example_dags/tutorial_dag.py
[2024-05-18T19:48:52.630+0000] {logging_mixin.py:188} INFO - [2024-05-18T19:48:52.630+0000] {dag.py:3096} INFO - Sync 1 DAGs
[2024-05-18T19:48:52.642+0000] {logging_mixin.py:188} INFO - [2024-05-18T19:48:52.642+0000] {dag.py:3954} INFO - Setting next_dagrun for tutorial_dag to None, run_after=None
[2024-05-18T19:48:52.663+0000] {processor.py:183} INFO - Processing /home/airflow/.local/lib/python3.12/site-packages/airflow/example_dags/tutorial_dag.py took 0.065 seconds
[2024-05-18T19:49:22.834+0000] {processor.py:161} INFO - Started process (PID=918) to work on /home/airflow/.local/lib/python3.12/site-packages/airflow/example_dags/tutorial_dag.py
[2024-05-18T19:49:22.835+0000] {processor.py:830} INFO - Processing file /home/airflow/.local/lib/python3.12/site-packages/airflow/example_dags/tutorial_dag.py for tasks to queue
[2024-05-18T19:49:22.837+0000] {logging_mixin.py:188} INFO - [2024-05-18T19:49:22.836+0000] {dagbag.py:545} INFO - Filling up the DagBag from /home/airflow/.local/lib/python3.12/site-packages/airflow/example_dags/tutorial_dag.py
[2024-05-18T19:49:22.842+0000] {processor.py:840} INFO - DAG(s) 'tutorial_dag' retrieved from /home/airflow/.local/lib/python3.12/site-packages/airflow/example_dags/tutorial_dag.py
[2024-05-18T19:49:22.860+0000] {logging_mixin.py:188} INFO - [2024-05-18T19:49:22.860+0000] {dag.py:3096} INFO - Sync 1 DAGs
[2024-05-18T19:49:22.873+0000] {logging_mixin.py:188} INFO - [2024-05-18T19:49:22.873+0000] {dag.py:3954} INFO - Setting next_dagrun for tutorial_dag to None, run_after=None
[2024-05-18T19:49:22.895+0000] {processor.py:183} INFO - Processing /home/airflow/.local/lib/python3.12/site-packages/airflow/example_dags/tutorial_dag.py took 0.066 seconds
[2024-05-18T19:49:53.007+0000] {processor.py:161} INFO - Started process (PID=975) to work on /home/airflow/.local/lib/python3.12/site-packages/airflow/example_dags/tutorial_dag.py
[2024-05-18T19:49:53.008+0000] {processor.py:830} INFO - Processing file /home/airflow/.local/lib/python3.12/site-packages/airflow/example_dags/tutorial_dag.py for tasks to queue
[2024-05-18T19:49:53.010+0000] {logging_mixin.py:188} INFO - [2024-05-18T19:49:53.010+0000] {dagbag.py:545} INFO - Filling up the DagBag from /home/airflow/.local/lib/python3.12/site-packages/airflow/example_dags/tutorial_dag.py
[2024-05-18T19:49:53.015+0000] {processor.py:840} INFO - DAG(s) 'tutorial_dag' retrieved from /home/airflow/.local/lib/python3.12/site-packages/airflow/example_dags/tutorial_dag.py
[2024-05-18T19:49:53.034+0000] {logging_mixin.py:188} INFO - [2024-05-18T19:49:53.034+0000] {dag.py:3096} INFO - Sync 1 DAGs
[2024-05-18T19:49:53.046+0000] {logging_mixin.py:188} INFO - [2024-05-18T19:49:53.046+0000] {dag.py:3954} INFO - Setting next_dagrun for tutorial_dag to None, run_after=None
[2024-05-18T19:49:53.068+0000] {processor.py:183} INFO - Processing /home/airflow/.local/lib/python3.12/site-packages/airflow/example_dags/tutorial_dag.py took 0.067 seconds
[2024-05-18T19:50:23.266+0000] {processor.py:161} INFO - Started process (PID=1033) to work on /home/airflow/.local/lib/python3.12/site-packages/airflow/example_dags/tutorial_dag.py
[2024-05-18T19:50:23.267+0000] {processor.py:830} INFO - Processing file /home/airflow/.local/lib/python3.12/site-packages/airflow/example_dags/tutorial_dag.py for tasks to queue
[2024-05-18T19:50:23.269+0000] {logging_mixin.py:188} INFO - [2024-05-18T19:50:23.269+0000] {dagbag.py:545} INFO - Filling up the DagBag from /home/airflow/.local/lib/python3.12/site-packages/airflow/example_dags/tutorial_dag.py
[2024-05-18T19:50:23.275+0000] {processor.py:840} INFO - DAG(s) 'tutorial_dag' retrieved from /home/airflow/.local/lib/python3.12/site-packages/airflow/example_dags/tutorial_dag.py
[2024-05-18T19:50:23.293+0000] {logging_mixin.py:188} INFO - [2024-05-18T19:50:23.293+0000] {dag.py:3096} INFO - Sync 1 DAGs
[2024-05-18T19:50:23.306+0000] {logging_mixin.py:188} INFO - [2024-05-18T19:50:23.305+0000] {dag.py:3954} INFO - Setting next_dagrun for tutorial_dag to None, run_after=None
[2024-05-18T19:50:23.326+0000] {processor.py:183} INFO - Processing /home/airflow/.local/lib/python3.12/site-packages/airflow/example_dags/tutorial_dag.py took 0.065 seconds
[2024-05-18T19:50:53.511+0000] {processor.py:161} INFO - Started process (PID=1091) to work on /home/airflow/.local/lib/python3.12/site-packages/airflow/example_dags/tutorial_dag.py
[2024-05-18T19:50:53.512+0000] {processor.py:830} INFO - Processing file /home/airflow/.local/lib/python3.12/site-packages/airflow/example_dags/tutorial_dag.py for tasks to queue
[2024-05-18T19:50:53.514+0000] {logging_mixin.py:188} INFO - [2024-05-18T19:50:53.514+0000] {dagbag.py:545} INFO - Filling up the DagBag from /home/airflow/.local/lib/python3.12/site-packages/airflow/example_dags/tutorial_dag.py
[2024-05-18T19:50:53.519+0000] {processor.py:840} INFO - DAG(s) 'tutorial_dag' retrieved from /home/airflow/.local/lib/python3.12/site-packages/airflow/example_dags/tutorial_dag.py
[2024-05-18T19:50:53.538+0000] {logging_mixin.py:188} INFO - [2024-05-18T19:50:53.538+0000] {dag.py:3096} INFO - Sync 1 DAGs
[2024-05-18T19:50:53.550+0000] {logging_mixin.py:188} INFO - [2024-05-18T19:50:53.550+0000] {dag.py:3954} INFO - Setting next_dagrun for tutorial_dag to None, run_after=None
[2024-05-18T19:50:53.572+0000] {processor.py:183} INFO - Processing /home/airflow/.local/lib/python3.12/site-packages/airflow/example_dags/tutorial_dag.py took 0.066 seconds
[2024-05-18T19:51:23.937+0000] {processor.py:161} INFO - Started process (PID=1149) to work on /home/airflow/.local/lib/python3.12/site-packages/airflow/example_dags/tutorial_dag.py
[2024-05-18T19:51:23.938+0000] {processor.py:830} INFO - Processing file /home/airflow/.local/lib/python3.12/site-packages/airflow/example_dags/tutorial_dag.py for tasks to queue
[2024-05-18T19:51:23.940+0000] {logging_mixin.py:188} INFO - [2024-05-18T19:51:23.939+0000] {dagbag.py:545} INFO - Filling up the DagBag from /home/airflow/.local/lib/python3.12/site-packages/airflow/example_dags/tutorial_dag.py
[2024-05-18T19:51:23.945+0000] {processor.py:840} INFO - DAG(s) 'tutorial_dag' retrieved from /home/airflow/.local/lib/python3.12/site-packages/airflow/example_dags/tutorial_dag.py
[2024-05-18T19:51:23.962+0000] {logging_mixin.py:188} INFO - [2024-05-18T19:51:23.962+0000] {dag.py:3096} INFO - Sync 1 DAGs
[2024-05-18T19:51:23.974+0000] {logging_mixin.py:188} INFO - [2024-05-18T19:51:23.974+0000] {dag.py:3954} INFO - Setting next_dagrun for tutorial_dag to None, run_after=None
[2024-05-18T19:51:23.995+0000] {processor.py:183} INFO - Processing /home/airflow/.local/lib/python3.12/site-packages/airflow/example_dags/tutorial_dag.py took 0.064 seconds
[2024-05-18T19:51:54.254+0000] {processor.py:161} INFO - Started process (PID=1207) to work on /home/airflow/.local/lib/python3.12/site-packages/airflow/example_dags/tutorial_dag.py
[2024-05-18T19:51:54.255+0000] {processor.py:830} INFO - Processing file /home/airflow/.local/lib/python3.12/site-packages/airflow/example_dags/tutorial_dag.py for tasks to queue
[2024-05-18T19:51:54.258+0000] {logging_mixin.py:188} INFO - [2024-05-18T19:51:54.258+0000] {dagbag.py:545} INFO - Filling up the DagBag from /home/airflow/.local/lib/python3.12/site-packages/airflow/example_dags/tutorial_dag.py
[2024-05-18T19:51:54.264+0000] {processor.py:840} INFO - DAG(s) 'tutorial_dag' retrieved from /home/airflow/.local/lib/python3.12/site-packages/airflow/example_dags/tutorial_dag.py
[2024-05-18T19:51:54.285+0000] {logging_mixin.py:188} INFO - [2024-05-18T19:51:54.285+0000] {dag.py:3096} INFO - Sync 1 DAGs
[2024-05-18T19:51:54.303+0000] {logging_mixin.py:188} INFO - [2024-05-18T19:51:54.302+0000] {dag.py:3954} INFO - Setting next_dagrun for tutorial_dag to None, run_after=None
[2024-05-18T19:51:54.329+0000] {processor.py:183} INFO - Processing /home/airflow/.local/lib/python3.12/site-packages/airflow/example_dags/tutorial_dag.py took 0.080 seconds
[2024-05-18T19:52:25.013+0000] {processor.py:161} INFO - Started process (PID=1265) to work on /home/airflow/.local/lib/python3.12/site-packages/airflow/example_dags/tutorial_dag.py
[2024-05-18T19:52:25.014+0000] {processor.py:830} INFO - Processing file /home/airflow/.local/lib/python3.12/site-packages/airflow/example_dags/tutorial_dag.py for tasks to queue
[2024-05-18T19:52:25.016+0000] {logging_mixin.py:188} INFO - [2024-05-18T19:52:25.015+0000] {dagbag.py:545} INFO - Filling up the DagBag from /home/airflow/.local/lib/python3.12/site-packages/airflow/example_dags/tutorial_dag.py
[2024-05-18T19:52:25.021+0000] {processor.py:840} INFO - DAG(s) 'tutorial_dag' retrieved from /home/airflow/.local/lib/python3.12/site-packages/airflow/example_dags/tutorial_dag.py
[2024-05-18T19:52:25.039+0000] {logging_mixin.py:188} INFO - [2024-05-18T19:52:25.039+0000] {dag.py:3096} INFO - Sync 1 DAGs
[2024-05-18T19:52:25.052+0000] {logging_mixin.py:188} INFO - [2024-05-18T19:52:25.052+0000] {dag.py:3954} INFO - Setting next_dagrun for tutorial_dag to None, run_after=None
[2024-05-18T19:52:25.075+0000] {processor.py:183} INFO - Processing /home/airflow/.local/lib/python3.12/site-packages/airflow/example_dags/tutorial_dag.py took 0.067 seconds
[2024-05-18T19:52:55.504+0000] {processor.py:161} INFO - Started process (PID=1323) to work on /home/airflow/.local/lib/python3.12/site-packages/airflow/example_dags/tutorial_dag.py
[2024-05-18T19:52:55.505+0000] {processor.py:830} INFO - Processing file /home/airflow/.local/lib/python3.12/site-packages/airflow/example_dags/tutorial_dag.py for tasks to queue
[2024-05-18T19:52:55.507+0000] {logging_mixin.py:188} INFO - [2024-05-18T19:52:55.507+0000] {dagbag.py:545} INFO - Filling up the DagBag from /home/airflow/.local/lib/python3.12/site-packages/airflow/example_dags/tutorial_dag.py
[2024-05-18T19:52:55.513+0000] {processor.py:840} INFO - DAG(s) 'tutorial_dag' retrieved from /home/airflow/.local/lib/python3.12/site-packages/airflow/example_dags/tutorial_dag.py
[2024-05-18T19:52:55.535+0000] {logging_mixin.py:188} INFO - [2024-05-18T19:52:55.534+0000] {dag.py:3096} INFO - Sync 1 DAGs
[2024-05-18T19:52:55.548+0000] {logging_mixin.py:188} INFO - [2024-05-18T19:52:55.548+0000] {dag.py:3954} INFO - Setting next_dagrun for tutorial_dag to None, run_after=None
[2024-05-18T19:52:55.699+0000] {processor.py:183} INFO - Processing /home/airflow/.local/lib/python3.12/site-packages/airflow/example_dags/tutorial_dag.py took 0.201 seconds
[2024-05-18T19:53:26.073+0000] {processor.py:161} INFO - Started process (PID=1381) to work on /home/airflow/.local/lib/python3.12/site-packages/airflow/example_dags/tutorial_dag.py
[2024-05-18T19:53:26.074+0000] {processor.py:830} INFO - Processing file /home/airflow/.local/lib/python3.12/site-packages/airflow/example_dags/tutorial_dag.py for tasks to queue
[2024-05-18T19:53:26.076+0000] {logging_mixin.py:188} INFO - [2024-05-18T19:53:26.076+0000] {dagbag.py:545} INFO - Filling up the DagBag from /home/airflow/.local/lib/python3.12/site-packages/airflow/example_dags/tutorial_dag.py
[2024-05-18T19:53:26.082+0000] {processor.py:840} INFO - DAG(s) 'tutorial_dag' retrieved from /home/airflow/.local/lib/python3.12/site-packages/airflow/example_dags/tutorial_dag.py
[2024-05-18T19:53:26.102+0000] {logging_mixin.py:188} INFO - [2024-05-18T19:53:26.102+0000] {dag.py:3096} INFO - Sync 1 DAGs
[2024-05-18T19:53:26.114+0000] {logging_mixin.py:188} INFO - [2024-05-18T19:53:26.114+0000] {dag.py:3954} INFO - Setting next_dagrun for tutorial_dag to None, run_after=None
[2024-05-18T19:53:26.252+0000] {processor.py:183} INFO - Processing /home/airflow/.local/lib/python3.12/site-packages/airflow/example_dags/tutorial_dag.py took 0.185 seconds
[2024-05-18T19:53:56.772+0000] {processor.py:161} INFO - Started process (PID=1439) to work on /home/airflow/.local/lib/python3.12/site-packages/airflow/example_dags/tutorial_dag.py
[2024-05-18T19:53:56.773+0000] {processor.py:830} INFO - Processing file /home/airflow/.local/lib/python3.12/site-packages/airflow/example_dags/tutorial_dag.py for tasks to queue
[2024-05-18T19:53:56.775+0000] {logging_mixin.py:188} INFO - [2024-05-18T19:53:56.774+0000] {dagbag.py:545} INFO - Filling up the DagBag from /home/airflow/.local/lib/python3.12/site-packages/airflow/example_dags/tutorial_dag.py
[2024-05-18T19:53:56.780+0000] {processor.py:840} INFO - DAG(s) 'tutorial_dag' retrieved from /home/airflow/.local/lib/python3.12/site-packages/airflow/example_dags/tutorial_dag.py
[2024-05-18T19:53:56.799+0000] {logging_mixin.py:188} INFO - [2024-05-18T19:53:56.799+0000] {dag.py:3096} INFO - Sync 1 DAGs
[2024-05-18T19:53:56.812+0000] {logging_mixin.py:188} INFO - [2024-05-18T19:53:56.811+0000] {dag.py:3954} INFO - Setting next_dagrun for tutorial_dag to None, run_after=None
[2024-05-18T19:53:56.947+0000] {processor.py:183} INFO - Processing /home/airflow/.local/lib/python3.12/site-packages/airflow/example_dags/tutorial_dag.py took 0.181 seconds
[2024-05-18T19:54:26.998+0000] {processor.py:161} INFO - Started process (PID=1496) to work on /home/airflow/.local/lib/python3.12/site-packages/airflow/example_dags/tutorial_dag.py
[2024-05-18T19:54:26.999+0000] {processor.py:830} INFO - Processing file /home/airflow/.local/lib/python3.12/site-packages/airflow/example_dags/tutorial_dag.py for tasks to queue
[2024-05-18T19:54:27.001+0000] {logging_mixin.py:188} INFO - [2024-05-18T19:54:27.001+0000] {dagbag.py:545} INFO - Filling up the DagBag from /home/airflow/.local/lib/python3.12/site-packages/airflow/example_dags/tutorial_dag.py
[2024-05-18T19:54:27.006+0000] {processor.py:840} INFO - DAG(s) 'tutorial_dag' retrieved from /home/airflow/.local/lib/python3.12/site-packages/airflow/example_dags/tutorial_dag.py
[2024-05-18T19:54:27.025+0000] {logging_mixin.py:188} INFO - [2024-05-18T19:54:27.025+0000] {dag.py:3096} INFO - Sync 1 DAGs
[2024-05-18T19:54:27.037+0000] {logging_mixin.py:188} INFO - [2024-05-18T19:54:27.037+0000] {dag.py:3954} INFO - Setting next_dagrun for tutorial_dag to None, run_after=None
[2024-05-18T19:54:27.059+0000] {processor.py:183} INFO - Processing /home/airflow/.local/lib/python3.12/site-packages/airflow/example_dags/tutorial_dag.py took 0.066 seconds
[2024-05-18T19:54:57.222+0000] {processor.py:161} INFO - Started process (PID=1555) to work on /home/airflow/.local/lib/python3.12/site-packages/airflow/example_dags/tutorial_dag.py
[2024-05-18T19:54:57.224+0000] {processor.py:830} INFO - Processing file /home/airflow/.local/lib/python3.12/site-packages/airflow/example_dags/tutorial_dag.py for tasks to queue
[2024-05-18T19:54:57.226+0000] {logging_mixin.py:188} INFO - [2024-05-18T19:54:57.225+0000] {dagbag.py:545} INFO - Filling up the DagBag from /home/airflow/.local/lib/python3.12/site-packages/airflow/example_dags/tutorial_dag.py
[2024-05-18T19:54:57.231+0000] {processor.py:840} INFO - DAG(s) 'tutorial_dag' retrieved from /home/airflow/.local/lib/python3.12/site-packages/airflow/example_dags/tutorial_dag.py
[2024-05-18T19:54:57.251+0000] {logging_mixin.py:188} INFO - [2024-05-18T19:54:57.251+0000] {dag.py:3096} INFO - Sync 1 DAGs
[2024-05-18T19:54:57.263+0000] {logging_mixin.py:188} INFO - [2024-05-18T19:54:57.263+0000] {dag.py:3954} INFO - Setting next_dagrun for tutorial_dag to None, run_after=None
[2024-05-18T19:54:57.284+0000] {processor.py:183} INFO - Processing /home/airflow/.local/lib/python3.12/site-packages/airflow/example_dags/tutorial_dag.py took 0.067 seconds
[2024-05-18T20:00:12.563+0000] {processor.py:161} INFO - Started process (PID=44) to work on /home/airflow/.local/lib/python3.12/site-packages/airflow/example_dags/tutorial_dag.py
[2024-05-18T20:00:12.564+0000] {processor.py:830} INFO - Processing file /home/airflow/.local/lib/python3.12/site-packages/airflow/example_dags/tutorial_dag.py for tasks to queue
[2024-05-18T20:00:12.566+0000] {logging_mixin.py:188} INFO - [2024-05-18T20:00:12.566+0000] {dagbag.py:545} INFO - Filling up the DagBag from /home/airflow/.local/lib/python3.12/site-packages/airflow/example_dags/tutorial_dag.py
[2024-05-18T20:00:12.576+0000] {processor.py:840} INFO - DAG(s) 'tutorial_dag' retrieved from /home/airflow/.local/lib/python3.12/site-packages/airflow/example_dags/tutorial_dag.py
[2024-05-18T20:00:12.591+0000] {logging_mixin.py:188} INFO - [2024-05-18T20:00:12.591+0000] {dag.py:3096} INFO - Sync 1 DAGs
[2024-05-18T20:00:12.610+0000] {logging_mixin.py:188} INFO - [2024-05-18T20:00:12.610+0000] {dag.py:3954} INFO - Setting next_dagrun for tutorial_dag to None, run_after=None
[2024-05-18T20:00:12.640+0000] {processor.py:183} INFO - Processing /home/airflow/.local/lib/python3.12/site-packages/airflow/example_dags/tutorial_dag.py took 0.085 seconds
[2024-05-18T20:00:43.178+0000] {processor.py:161} INFO - Started process (PID=102) to work on /home/airflow/.local/lib/python3.12/site-packages/airflow/example_dags/tutorial_dag.py
[2024-05-18T20:00:43.179+0000] {processor.py:830} INFO - Processing file /home/airflow/.local/lib/python3.12/site-packages/airflow/example_dags/tutorial_dag.py for tasks to queue
[2024-05-18T20:00:43.181+0000] {logging_mixin.py:188} INFO - [2024-05-18T20:00:43.181+0000] {dagbag.py:545} INFO - Filling up the DagBag from /home/airflow/.local/lib/python3.12/site-packages/airflow/example_dags/tutorial_dag.py
[2024-05-18T20:00:43.187+0000] {processor.py:840} INFO - DAG(s) 'tutorial_dag' retrieved from /home/airflow/.local/lib/python3.12/site-packages/airflow/example_dags/tutorial_dag.py
[2024-05-18T20:00:43.279+0000] {logging_mixin.py:188} INFO - [2024-05-18T20:00:43.279+0000] {dag.py:3096} INFO - Sync 1 DAGs
[2024-05-18T20:00:43.289+0000] {logging_mixin.py:188} INFO - [2024-05-18T20:00:43.289+0000] {dag.py:3954} INFO - Setting next_dagrun for tutorial_dag to None, run_after=None
[2024-05-18T20:00:43.312+0000] {processor.py:183} INFO - Processing /home/airflow/.local/lib/python3.12/site-packages/airflow/example_dags/tutorial_dag.py took 0.140 seconds
[2024-05-18T20:01:13.519+0000] {processor.py:161} INFO - Started process (PID=160) to work on /home/airflow/.local/lib/python3.12/site-packages/airflow/example_dags/tutorial_dag.py
[2024-05-18T20:01:13.520+0000] {processor.py:830} INFO - Processing file /home/airflow/.local/lib/python3.12/site-packages/airflow/example_dags/tutorial_dag.py for tasks to queue
[2024-05-18T20:01:13.522+0000] {logging_mixin.py:188} INFO - [2024-05-18T20:01:13.522+0000] {dagbag.py:545} INFO - Filling up the DagBag from /home/airflow/.local/lib/python3.12/site-packages/airflow/example_dags/tutorial_dag.py
[2024-05-18T20:01:13.528+0000] {processor.py:840} INFO - DAG(s) 'tutorial_dag' retrieved from /home/airflow/.local/lib/python3.12/site-packages/airflow/example_dags/tutorial_dag.py
[2024-05-18T20:01:13.547+0000] {logging_mixin.py:188} INFO - [2024-05-18T20:01:13.546+0000] {dag.py:3096} INFO - Sync 1 DAGs
[2024-05-18T20:01:13.558+0000] {logging_mixin.py:188} INFO - [2024-05-18T20:01:13.558+0000] {dag.py:3954} INFO - Setting next_dagrun for tutorial_dag to None, run_after=None
[2024-05-18T20:01:13.579+0000] {processor.py:183} INFO - Processing /home/airflow/.local/lib/python3.12/site-packages/airflow/example_dags/tutorial_dag.py took 0.066 seconds
[2024-05-18T20:01:43.816+0000] {processor.py:161} INFO - Started process (PID=218) to work on /home/airflow/.local/lib/python3.12/site-packages/airflow/example_dags/tutorial_dag.py
[2024-05-18T20:01:43.817+0000] {processor.py:830} INFO - Processing file /home/airflow/.local/lib/python3.12/site-packages/airflow/example_dags/tutorial_dag.py for tasks to queue
[2024-05-18T20:01:43.819+0000] {logging_mixin.py:188} INFO - [2024-05-18T20:01:43.819+0000] {dagbag.py:545} INFO - Filling up the DagBag from /home/airflow/.local/lib/python3.12/site-packages/airflow/example_dags/tutorial_dag.py
[2024-05-18T20:01:43.825+0000] {processor.py:840} INFO - DAG(s) 'tutorial_dag' retrieved from /home/airflow/.local/lib/python3.12/site-packages/airflow/example_dags/tutorial_dag.py
[2024-05-18T20:01:43.844+0000] {logging_mixin.py:188} INFO - [2024-05-18T20:01:43.844+0000] {dag.py:3096} INFO - Sync 1 DAGs
[2024-05-18T20:01:43.857+0000] {logging_mixin.py:188} INFO - [2024-05-18T20:01:43.856+0000] {dag.py:3954} INFO - Setting next_dagrun for tutorial_dag to None, run_after=None
[2024-05-18T20:01:43.878+0000] {processor.py:183} INFO - Processing /home/airflow/.local/lib/python3.12/site-packages/airflow/example_dags/tutorial_dag.py took 0.067 seconds
[2024-05-18T20:02:14.172+0000] {processor.py:161} INFO - Started process (PID=276) to work on /home/airflow/.local/lib/python3.12/site-packages/airflow/example_dags/tutorial_dag.py
[2024-05-18T20:02:14.173+0000] {processor.py:830} INFO - Processing file /home/airflow/.local/lib/python3.12/site-packages/airflow/example_dags/tutorial_dag.py for tasks to queue
[2024-05-18T20:02:14.176+0000] {logging_mixin.py:188} INFO - [2024-05-18T20:02:14.175+0000] {dagbag.py:545} INFO - Filling up the DagBag from /home/airflow/.local/lib/python3.12/site-packages/airflow/example_dags/tutorial_dag.py
[2024-05-18T20:02:14.181+0000] {processor.py:840} INFO - DAG(s) 'tutorial_dag' retrieved from /home/airflow/.local/lib/python3.12/site-packages/airflow/example_dags/tutorial_dag.py
[2024-05-18T20:02:14.202+0000] {logging_mixin.py:188} INFO - [2024-05-18T20:02:14.201+0000] {dag.py:3096} INFO - Sync 1 DAGs
[2024-05-18T20:02:14.214+0000] {logging_mixin.py:188} INFO - [2024-05-18T20:02:14.214+0000] {dag.py:3954} INFO - Setting next_dagrun for tutorial_dag to None, run_after=None
[2024-05-18T20:02:14.236+0000] {processor.py:183} INFO - Processing /home/airflow/.local/lib/python3.12/site-packages/airflow/example_dags/tutorial_dag.py took 0.070 seconds
[2024-05-18T20:02:44.306+0000] {processor.py:161} INFO - Started process (PID=334) to work on /home/airflow/.local/lib/python3.12/site-packages/airflow/example_dags/tutorial_dag.py
[2024-05-18T20:02:44.307+0000] {processor.py:830} INFO - Processing file /home/airflow/.local/lib/python3.12/site-packages/airflow/example_dags/tutorial_dag.py for tasks to queue
[2024-05-18T20:02:44.309+0000] {logging_mixin.py:188} INFO - [2024-05-18T20:02:44.309+0000] {dagbag.py:545} INFO - Filling up the DagBag from /home/airflow/.local/lib/python3.12/site-packages/airflow/example_dags/tutorial_dag.py
[2024-05-18T20:02:44.314+0000] {processor.py:840} INFO - DAG(s) 'tutorial_dag' retrieved from /home/airflow/.local/lib/python3.12/site-packages/airflow/example_dags/tutorial_dag.py
[2024-05-18T20:02:44.334+0000] {logging_mixin.py:188} INFO - [2024-05-18T20:02:44.333+0000] {dag.py:3096} INFO - Sync 1 DAGs
[2024-05-18T20:02:44.346+0000] {logging_mixin.py:188} INFO - [2024-05-18T20:02:44.345+0000] {dag.py:3954} INFO - Setting next_dagrun for tutorial_dag to None, run_after=None
[2024-05-18T20:02:44.368+0000] {processor.py:183} INFO - Processing /home/airflow/.local/lib/python3.12/site-packages/airflow/example_dags/tutorial_dag.py took 0.068 seconds
[2024-05-18T20:03:14.479+0000] {processor.py:161} INFO - Started process (PID=391) to work on /home/airflow/.local/lib/python3.12/site-packages/airflow/example_dags/tutorial_dag.py
[2024-05-18T20:03:14.480+0000] {processor.py:830} INFO - Processing file /home/airflow/.local/lib/python3.12/site-packages/airflow/example_dags/tutorial_dag.py for tasks to queue
[2024-05-18T20:03:14.482+0000] {logging_mixin.py:188} INFO - [2024-05-18T20:03:14.482+0000] {dagbag.py:545} INFO - Filling up the DagBag from /home/airflow/.local/lib/python3.12/site-packages/airflow/example_dags/tutorial_dag.py
[2024-05-18T20:03:14.487+0000] {processor.py:840} INFO - DAG(s) 'tutorial_dag' retrieved from /home/airflow/.local/lib/python3.12/site-packages/airflow/example_dags/tutorial_dag.py
[2024-05-18T20:03:14.506+0000] {logging_mixin.py:188} INFO - [2024-05-18T20:03:14.506+0000] {dag.py:3096} INFO - Sync 1 DAGs
[2024-05-18T20:03:14.518+0000] {logging_mixin.py:188} INFO - [2024-05-18T20:03:14.517+0000] {dag.py:3954} INFO - Setting next_dagrun for tutorial_dag to None, run_after=None
[2024-05-18T20:03:14.538+0000] {processor.py:183} INFO - Processing /home/airflow/.local/lib/python3.12/site-packages/airflow/example_dags/tutorial_dag.py took 0.064 seconds
[2024-05-18T20:03:45.105+0000] {processor.py:161} INFO - Started process (PID=450) to work on /home/airflow/.local/lib/python3.12/site-packages/airflow/example_dags/tutorial_dag.py
[2024-05-18T20:03:45.106+0000] {processor.py:830} INFO - Processing file /home/airflow/.local/lib/python3.12/site-packages/airflow/example_dags/tutorial_dag.py for tasks to queue
[2024-05-18T20:03:45.108+0000] {logging_mixin.py:188} INFO - [2024-05-18T20:03:45.108+0000] {dagbag.py:545} INFO - Filling up the DagBag from /home/airflow/.local/lib/python3.12/site-packages/airflow/example_dags/tutorial_dag.py
[2024-05-18T20:03:45.114+0000] {processor.py:840} INFO - DAG(s) 'tutorial_dag' retrieved from /home/airflow/.local/lib/python3.12/site-packages/airflow/example_dags/tutorial_dag.py
[2024-05-18T20:03:45.135+0000] {logging_mixin.py:188} INFO - [2024-05-18T20:03:45.134+0000] {dag.py:3096} INFO - Sync 1 DAGs
[2024-05-18T20:03:45.147+0000] {logging_mixin.py:188} INFO - [2024-05-18T20:03:45.147+0000] {dag.py:3954} INFO - Setting next_dagrun for tutorial_dag to None, run_after=None
[2024-05-18T20:03:45.171+0000] {processor.py:183} INFO - Processing /home/airflow/.local/lib/python3.12/site-packages/airflow/example_dags/tutorial_dag.py took 0.071 seconds
[2024-05-18T20:04:15.376+0000] {processor.py:161} INFO - Started process (PID=508) to work on /home/airflow/.local/lib/python3.12/site-packages/airflow/example_dags/tutorial_dag.py
[2024-05-18T20:04:15.377+0000] {processor.py:830} INFO - Processing file /home/airflow/.local/lib/python3.12/site-packages/airflow/example_dags/tutorial_dag.py for tasks to queue
[2024-05-18T20:04:15.380+0000] {logging_mixin.py:188} INFO - [2024-05-18T20:04:15.380+0000] {dagbag.py:545} INFO - Filling up the DagBag from /home/airflow/.local/lib/python3.12/site-packages/airflow/example_dags/tutorial_dag.py
[2024-05-18T20:04:15.387+0000] {processor.py:840} INFO - DAG(s) 'tutorial_dag' retrieved from /home/airflow/.local/lib/python3.12/site-packages/airflow/example_dags/tutorial_dag.py
[2024-05-18T20:04:15.408+0000] {logging_mixin.py:188} INFO - [2024-05-18T20:04:15.408+0000] {dag.py:3096} INFO - Sync 1 DAGs
[2024-05-18T20:04:15.420+0000] {logging_mixin.py:188} INFO - [2024-05-18T20:04:15.420+0000] {dag.py:3954} INFO - Setting next_dagrun for tutorial_dag to None, run_after=None
[2024-05-18T20:04:15.441+0000] {processor.py:183} INFO - Processing /home/airflow/.local/lib/python3.12/site-packages/airflow/example_dags/tutorial_dag.py took 0.072 seconds
[2024-05-18T20:04:46.360+0000] {processor.py:161} INFO - Started process (PID=566) to work on /home/airflow/.local/lib/python3.12/site-packages/airflow/example_dags/tutorial_dag.py
[2024-05-18T20:04:46.361+0000] {processor.py:830} INFO - Processing file /home/airflow/.local/lib/python3.12/site-packages/airflow/example_dags/tutorial_dag.py for tasks to queue
[2024-05-18T20:04:46.363+0000] {logging_mixin.py:188} INFO - [2024-05-18T20:04:46.363+0000] {dagbag.py:545} INFO - Filling up the DagBag from /home/airflow/.local/lib/python3.12/site-packages/airflow/example_dags/tutorial_dag.py
[2024-05-18T20:04:46.369+0000] {processor.py:840} INFO - DAG(s) 'tutorial_dag' retrieved from /home/airflow/.local/lib/python3.12/site-packages/airflow/example_dags/tutorial_dag.py
[2024-05-18T20:04:46.389+0000] {logging_mixin.py:188} INFO - [2024-05-18T20:04:46.389+0000] {dag.py:3096} INFO - Sync 1 DAGs
[2024-05-18T20:04:46.401+0000] {logging_mixin.py:188} INFO - [2024-05-18T20:04:46.401+0000] {dag.py:3954} INFO - Setting next_dagrun for tutorial_dag to None, run_after=None
[2024-05-18T20:04:46.424+0000] {processor.py:183} INFO - Processing /home/airflow/.local/lib/python3.12/site-packages/airflow/example_dags/tutorial_dag.py took 0.069 seconds
[2024-05-18T20:05:16.620+0000] {processor.py:161} INFO - Started process (PID=624) to work on /home/airflow/.local/lib/python3.12/site-packages/airflow/example_dags/tutorial_dag.py
[2024-05-18T20:05:16.622+0000] {processor.py:830} INFO - Processing file /home/airflow/.local/lib/python3.12/site-packages/airflow/example_dags/tutorial_dag.py for tasks to queue
[2024-05-18T20:05:16.623+0000] {logging_mixin.py:188} INFO - [2024-05-18T20:05:16.623+0000] {dagbag.py:545} INFO - Filling up the DagBag from /home/airflow/.local/lib/python3.12/site-packages/airflow/example_dags/tutorial_dag.py
[2024-05-18T20:05:16.629+0000] {processor.py:840} INFO - DAG(s) 'tutorial_dag' retrieved from /home/airflow/.local/lib/python3.12/site-packages/airflow/example_dags/tutorial_dag.py
[2024-05-18T20:05:16.650+0000] {logging_mixin.py:188} INFO - [2024-05-18T20:05:16.650+0000] {dag.py:3096} INFO - Sync 1 DAGs
[2024-05-18T20:05:16.662+0000] {logging_mixin.py:188} INFO - [2024-05-18T20:05:16.662+0000] {dag.py:3954} INFO - Setting next_dagrun for tutorial_dag to None, run_after=None
[2024-05-18T20:05:16.685+0000] {processor.py:183} INFO - Processing /home/airflow/.local/lib/python3.12/site-packages/airflow/example_dags/tutorial_dag.py took 0.070 seconds
[2024-05-18T20:05:46.836+0000] {processor.py:161} INFO - Started process (PID=681) to work on /home/airflow/.local/lib/python3.12/site-packages/airflow/example_dags/tutorial_dag.py
[2024-05-18T20:05:46.838+0000] {processor.py:830} INFO - Processing file /home/airflow/.local/lib/python3.12/site-packages/airflow/example_dags/tutorial_dag.py for tasks to queue
[2024-05-18T20:05:46.839+0000] {logging_mixin.py:188} INFO - [2024-05-18T20:05:46.839+0000] {dagbag.py:545} INFO - Filling up the DagBag from /home/airflow/.local/lib/python3.12/site-packages/airflow/example_dags/tutorial_dag.py
[2024-05-18T20:05:46.844+0000] {processor.py:840} INFO - DAG(s) 'tutorial_dag' retrieved from /home/airflow/.local/lib/python3.12/site-packages/airflow/example_dags/tutorial_dag.py
[2024-05-18T20:05:46.864+0000] {logging_mixin.py:188} INFO - [2024-05-18T20:05:46.863+0000] {dag.py:3096} INFO - Sync 1 DAGs
[2024-05-18T20:05:46.875+0000] {logging_mixin.py:188} INFO - [2024-05-18T20:05:46.875+0000] {dag.py:3954} INFO - Setting next_dagrun for tutorial_dag to None, run_after=None
[2024-05-18T20:05:46.897+0000] {processor.py:183} INFO - Processing /home/airflow/.local/lib/python3.12/site-packages/airflow/example_dags/tutorial_dag.py took 0.066 seconds
[2024-05-18T20:06:17.029+0000] {processor.py:161} INFO - Started process (PID=739) to work on /home/airflow/.local/lib/python3.12/site-packages/airflow/example_dags/tutorial_dag.py
[2024-05-18T20:06:17.030+0000] {processor.py:830} INFO - Processing file /home/airflow/.local/lib/python3.12/site-packages/airflow/example_dags/tutorial_dag.py for tasks to queue
[2024-05-18T20:06:17.032+0000] {logging_mixin.py:188} INFO - [2024-05-18T20:06:17.032+0000] {dagbag.py:545} INFO - Filling up the DagBag from /home/airflow/.local/lib/python3.12/site-packages/airflow/example_dags/tutorial_dag.py
[2024-05-18T20:06:17.037+0000] {processor.py:840} INFO - DAG(s) 'tutorial_dag' retrieved from /home/airflow/.local/lib/python3.12/site-packages/airflow/example_dags/tutorial_dag.py
[2024-05-18T20:06:17.056+0000] {logging_mixin.py:188} INFO - [2024-05-18T20:06:17.055+0000] {dag.py:3096} INFO - Sync 1 DAGs
[2024-05-18T20:06:17.067+0000] {logging_mixin.py:188} INFO - [2024-05-18T20:06:17.066+0000] {dag.py:3954} INFO - Setting next_dagrun for tutorial_dag to None, run_after=None
[2024-05-18T20:06:17.088+0000] {processor.py:183} INFO - Processing /home/airflow/.local/lib/python3.12/site-packages/airflow/example_dags/tutorial_dag.py took 0.064 seconds
[2024-05-18T20:06:47.213+0000] {processor.py:161} INFO - Started process (PID=797) to work on /home/airflow/.local/lib/python3.12/site-packages/airflow/example_dags/tutorial_dag.py
[2024-05-18T20:06:47.214+0000] {processor.py:830} INFO - Processing file /home/airflow/.local/lib/python3.12/site-packages/airflow/example_dags/tutorial_dag.py for tasks to queue
[2024-05-18T20:06:47.216+0000] {logging_mixin.py:188} INFO - [2024-05-18T20:06:47.216+0000] {dagbag.py:545} INFO - Filling up the DagBag from /home/airflow/.local/lib/python3.12/site-packages/airflow/example_dags/tutorial_dag.py
[2024-05-18T20:06:47.221+0000] {processor.py:840} INFO - DAG(s) 'tutorial_dag' retrieved from /home/airflow/.local/lib/python3.12/site-packages/airflow/example_dags/tutorial_dag.py
[2024-05-18T20:06:47.240+0000] {logging_mixin.py:188} INFO - [2024-05-18T20:06:47.240+0000] {dag.py:3096} INFO - Sync 1 DAGs
[2024-05-18T20:06:47.251+0000] {logging_mixin.py:188} INFO - [2024-05-18T20:06:47.250+0000] {dag.py:3954} INFO - Setting next_dagrun for tutorial_dag to None, run_after=None
[2024-05-18T20:06:47.271+0000] {processor.py:183} INFO - Processing /home/airflow/.local/lib/python3.12/site-packages/airflow/example_dags/tutorial_dag.py took 0.063 seconds
[2024-05-18T20:07:17.608+0000] {processor.py:161} INFO - Started process (PID=855) to work on /home/airflow/.local/lib/python3.12/site-packages/airflow/example_dags/tutorial_dag.py
[2024-05-18T20:07:17.609+0000] {processor.py:830} INFO - Processing file /home/airflow/.local/lib/python3.12/site-packages/airflow/example_dags/tutorial_dag.py for tasks to queue
[2024-05-18T20:07:17.611+0000] {logging_mixin.py:188} INFO - [2024-05-18T20:07:17.610+0000] {dagbag.py:545} INFO - Filling up the DagBag from /home/airflow/.local/lib/python3.12/site-packages/airflow/example_dags/tutorial_dag.py
[2024-05-18T20:07:17.616+0000] {processor.py:840} INFO - DAG(s) 'tutorial_dag' retrieved from /home/airflow/.local/lib/python3.12/site-packages/airflow/example_dags/tutorial_dag.py
[2024-05-18T20:07:17.634+0000] {logging_mixin.py:188} INFO - [2024-05-18T20:07:17.634+0000] {dag.py:3096} INFO - Sync 1 DAGs
[2024-05-18T20:07:17.645+0000] {logging_mixin.py:188} INFO - [2024-05-18T20:07:17.645+0000] {dag.py:3954} INFO - Setting next_dagrun for tutorial_dag to None, run_after=None
[2024-05-18T20:07:17.667+0000] {processor.py:183} INFO - Processing /home/airflow/.local/lib/python3.12/site-packages/airflow/example_dags/tutorial_dag.py took 0.064 seconds
[2024-05-18T20:07:47.707+0000] {processor.py:161} INFO - Started process (PID=913) to work on /home/airflow/.local/lib/python3.12/site-packages/airflow/example_dags/tutorial_dag.py
[2024-05-18T20:07:47.708+0000] {processor.py:830} INFO - Processing file /home/airflow/.local/lib/python3.12/site-packages/airflow/example_dags/tutorial_dag.py for tasks to queue
[2024-05-18T20:07:47.710+0000] {logging_mixin.py:188} INFO - [2024-05-18T20:07:47.709+0000] {dagbag.py:545} INFO - Filling up the DagBag from /home/airflow/.local/lib/python3.12/site-packages/airflow/example_dags/tutorial_dag.py
[2024-05-18T20:07:47.715+0000] {processor.py:840} INFO - DAG(s) 'tutorial_dag' retrieved from /home/airflow/.local/lib/python3.12/site-packages/airflow/example_dags/tutorial_dag.py
[2024-05-18T20:07:47.734+0000] {logging_mixin.py:188} INFO - [2024-05-18T20:07:47.734+0000] {dag.py:3096} INFO - Sync 1 DAGs
[2024-05-18T20:07:47.746+0000] {logging_mixin.py:188} INFO - [2024-05-18T20:07:47.745+0000] {dag.py:3954} INFO - Setting next_dagrun for tutorial_dag to None, run_after=None
[2024-05-18T20:07:47.768+0000] {processor.py:183} INFO - Processing /home/airflow/.local/lib/python3.12/site-packages/airflow/example_dags/tutorial_dag.py took 0.067 seconds
[2024-05-18T20:08:18.260+0000] {processor.py:161} INFO - Started process (PID=972) to work on /home/airflow/.local/lib/python3.12/site-packages/airflow/example_dags/tutorial_dag.py
[2024-05-18T20:08:18.261+0000] {processor.py:830} INFO - Processing file /home/airflow/.local/lib/python3.12/site-packages/airflow/example_dags/tutorial_dag.py for tasks to queue
[2024-05-18T20:08:18.263+0000] {logging_mixin.py:188} INFO - [2024-05-18T20:08:18.262+0000] {dagbag.py:545} INFO - Filling up the DagBag from /home/airflow/.local/lib/python3.12/site-packages/airflow/example_dags/tutorial_dag.py
[2024-05-18T20:08:18.267+0000] {processor.py:840} INFO - DAG(s) 'tutorial_dag' retrieved from /home/airflow/.local/lib/python3.12/site-packages/airflow/example_dags/tutorial_dag.py
[2024-05-18T20:08:18.287+0000] {logging_mixin.py:188} INFO - [2024-05-18T20:08:18.287+0000] {dag.py:3096} INFO - Sync 1 DAGs
[2024-05-18T20:08:18.299+0000] {logging_mixin.py:188} INFO - [2024-05-18T20:08:18.299+0000] {dag.py:3954} INFO - Setting next_dagrun for tutorial_dag to None, run_after=None
[2024-05-18T20:08:18.322+0000] {processor.py:183} INFO - Processing /home/airflow/.local/lib/python3.12/site-packages/airflow/example_dags/tutorial_dag.py took 0.067 seconds
[2024-05-18T20:08:48.535+0000] {processor.py:161} INFO - Started process (PID=1030) to work on /home/airflow/.local/lib/python3.12/site-packages/airflow/example_dags/tutorial_dag.py
[2024-05-18T20:08:48.536+0000] {processor.py:830} INFO - Processing file /home/airflow/.local/lib/python3.12/site-packages/airflow/example_dags/tutorial_dag.py for tasks to queue
[2024-05-18T20:08:48.538+0000] {logging_mixin.py:188} INFO - [2024-05-18T20:08:48.538+0000] {dagbag.py:545} INFO - Filling up the DagBag from /home/airflow/.local/lib/python3.12/site-packages/airflow/example_dags/tutorial_dag.py
[2024-05-18T20:08:48.543+0000] {processor.py:840} INFO - DAG(s) 'tutorial_dag' retrieved from /home/airflow/.local/lib/python3.12/site-packages/airflow/example_dags/tutorial_dag.py
[2024-05-18T20:08:48.562+0000] {logging_mixin.py:188} INFO - [2024-05-18T20:08:48.561+0000] {dag.py:3096} INFO - Sync 1 DAGs
[2024-05-18T20:08:48.573+0000] {logging_mixin.py:188} INFO - [2024-05-18T20:08:48.573+0000] {dag.py:3954} INFO - Setting next_dagrun for tutorial_dag to None, run_after=None
[2024-05-18T20:08:48.597+0000] {processor.py:183} INFO - Processing /home/airflow/.local/lib/python3.12/site-packages/airflow/example_dags/tutorial_dag.py took 0.067 seconds
[2024-05-18T20:09:19.133+0000] {processor.py:161} INFO - Started process (PID=1088) to work on /home/airflow/.local/lib/python3.12/site-packages/airflow/example_dags/tutorial_dag.py
[2024-05-18T20:09:19.134+0000] {processor.py:830} INFO - Processing file /home/airflow/.local/lib/python3.12/site-packages/airflow/example_dags/tutorial_dag.py for tasks to queue
[2024-05-18T20:09:19.137+0000] {logging_mixin.py:188} INFO - [2024-05-18T20:09:19.136+0000] {dagbag.py:545} INFO - Filling up the DagBag from /home/airflow/.local/lib/python3.12/site-packages/airflow/example_dags/tutorial_dag.py
[2024-05-18T20:09:19.142+0000] {processor.py:840} INFO - DAG(s) 'tutorial_dag' retrieved from /home/airflow/.local/lib/python3.12/site-packages/airflow/example_dags/tutorial_dag.py
[2024-05-18T20:09:19.160+0000] {logging_mixin.py:188} INFO - [2024-05-18T20:09:19.160+0000] {dag.py:3096} INFO - Sync 1 DAGs
[2024-05-18T20:09:19.173+0000] {logging_mixin.py:188} INFO - [2024-05-18T20:09:19.172+0000] {dag.py:3954} INFO - Setting next_dagrun for tutorial_dag to None, run_after=None
[2024-05-18T20:09:19.194+0000] {processor.py:183} INFO - Processing /home/airflow/.local/lib/python3.12/site-packages/airflow/example_dags/tutorial_dag.py took 0.066 seconds
[2024-05-18T20:09:49.558+0000] {processor.py:161} INFO - Started process (PID=1146) to work on /home/airflow/.local/lib/python3.12/site-packages/airflow/example_dags/tutorial_dag.py
[2024-05-18T20:09:49.559+0000] {processor.py:830} INFO - Processing file /home/airflow/.local/lib/python3.12/site-packages/airflow/example_dags/tutorial_dag.py for tasks to queue
[2024-05-18T20:09:49.561+0000] {logging_mixin.py:188} INFO - [2024-05-18T20:09:49.561+0000] {dagbag.py:545} INFO - Filling up the DagBag from /home/airflow/.local/lib/python3.12/site-packages/airflow/example_dags/tutorial_dag.py
[2024-05-18T20:09:49.566+0000] {processor.py:840} INFO - DAG(s) 'tutorial_dag' retrieved from /home/airflow/.local/lib/python3.12/site-packages/airflow/example_dags/tutorial_dag.py
[2024-05-18T20:09:49.586+0000] {logging_mixin.py:188} INFO - [2024-05-18T20:09:49.586+0000] {dag.py:3096} INFO - Sync 1 DAGs
[2024-05-18T20:09:49.598+0000] {logging_mixin.py:188} INFO - [2024-05-18T20:09:49.597+0000] {dag.py:3954} INFO - Setting next_dagrun for tutorial_dag to None, run_after=None
[2024-05-18T20:09:49.620+0000] {processor.py:183} INFO - Processing /home/airflow/.local/lib/python3.12/site-packages/airflow/example_dags/tutorial_dag.py took 0.068 seconds
[2024-05-18T20:10:20.280+0000] {processor.py:161} INFO - Started process (PID=1204) to work on /home/airflow/.local/lib/python3.12/site-packages/airflow/example_dags/tutorial_dag.py
[2024-05-18T20:10:20.281+0000] {processor.py:830} INFO - Processing file /home/airflow/.local/lib/python3.12/site-packages/airflow/example_dags/tutorial_dag.py for tasks to queue
[2024-05-18T20:10:20.283+0000] {logging_mixin.py:188} INFO - [2024-05-18T20:10:20.282+0000] {dagbag.py:545} INFO - Filling up the DagBag from /home/airflow/.local/lib/python3.12/site-packages/airflow/example_dags/tutorial_dag.py
[2024-05-18T20:10:20.288+0000] {processor.py:840} INFO - DAG(s) 'tutorial_dag' retrieved from /home/airflow/.local/lib/python3.12/site-packages/airflow/example_dags/tutorial_dag.py
[2024-05-18T20:10:20.306+0000] {logging_mixin.py:188} INFO - [2024-05-18T20:10:20.306+0000] {dag.py:3096} INFO - Sync 1 DAGs
[2024-05-18T20:10:20.317+0000] {logging_mixin.py:188} INFO - [2024-05-18T20:10:20.317+0000] {dag.py:3954} INFO - Setting next_dagrun for tutorial_dag to None, run_after=None
[2024-05-18T20:10:20.338+0000] {processor.py:183} INFO - Processing /home/airflow/.local/lib/python3.12/site-packages/airflow/example_dags/tutorial_dag.py took 0.064 seconds
[2024-05-18T20:10:50.462+0000] {processor.py:161} INFO - Started process (PID=1263) to work on /home/airflow/.local/lib/python3.12/site-packages/airflow/example_dags/tutorial_dag.py
[2024-05-18T20:10:50.463+0000] {processor.py:830} INFO - Processing file /home/airflow/.local/lib/python3.12/site-packages/airflow/example_dags/tutorial_dag.py for tasks to queue
[2024-05-18T20:10:50.465+0000] {logging_mixin.py:188} INFO - [2024-05-18T20:10:50.464+0000] {dagbag.py:545} INFO - Filling up the DagBag from /home/airflow/.local/lib/python3.12/site-packages/airflow/example_dags/tutorial_dag.py
[2024-05-18T20:10:50.469+0000] {processor.py:840} INFO - DAG(s) 'tutorial_dag' retrieved from /home/airflow/.local/lib/python3.12/site-packages/airflow/example_dags/tutorial_dag.py
[2024-05-18T20:10:50.488+0000] {logging_mixin.py:188} INFO - [2024-05-18T20:10:50.488+0000] {dag.py:3096} INFO - Sync 1 DAGs
[2024-05-18T20:10:50.499+0000] {logging_mixin.py:188} INFO - [2024-05-18T20:10:50.499+0000] {dag.py:3954} INFO - Setting next_dagrun for tutorial_dag to None, run_after=None
[2024-05-18T20:10:50.519+0000] {processor.py:183} INFO - Processing /home/airflow/.local/lib/python3.12/site-packages/airflow/example_dags/tutorial_dag.py took 0.063 seconds
[2024-05-18T20:11:20.976+0000] {processor.py:161} INFO - Started process (PID=1321) to work on /home/airflow/.local/lib/python3.12/site-packages/airflow/example_dags/tutorial_dag.py
[2024-05-18T20:11:20.977+0000] {processor.py:830} INFO - Processing file /home/airflow/.local/lib/python3.12/site-packages/airflow/example_dags/tutorial_dag.py for tasks to queue
[2024-05-18T20:11:20.979+0000] {logging_mixin.py:188} INFO - [2024-05-18T20:11:20.978+0000] {dagbag.py:545} INFO - Filling up the DagBag from /home/airflow/.local/lib/python3.12/site-packages/airflow/example_dags/tutorial_dag.py
[2024-05-18T20:11:20.984+0000] {processor.py:840} INFO - DAG(s) 'tutorial_dag' retrieved from /home/airflow/.local/lib/python3.12/site-packages/airflow/example_dags/tutorial_dag.py
[2024-05-18T20:11:21.004+0000] {logging_mixin.py:188} INFO - [2024-05-18T20:11:21.003+0000] {dag.py:3096} INFO - Sync 1 DAGs
[2024-05-18T20:11:21.016+0000] {logging_mixin.py:188} INFO - [2024-05-18T20:11:21.015+0000] {dag.py:3954} INFO - Setting next_dagrun for tutorial_dag to None, run_after=None
[2024-05-18T20:11:21.042+0000] {processor.py:183} INFO - Processing /home/airflow/.local/lib/python3.12/site-packages/airflow/example_dags/tutorial_dag.py took 0.071 seconds
[2024-05-18T20:11:51.515+0000] {processor.py:161} INFO - Started process (PID=1379) to work on /home/airflow/.local/lib/python3.12/site-packages/airflow/example_dags/tutorial_dag.py
[2024-05-18T20:11:51.516+0000] {processor.py:830} INFO - Processing file /home/airflow/.local/lib/python3.12/site-packages/airflow/example_dags/tutorial_dag.py for tasks to queue
[2024-05-18T20:11:51.518+0000] {logging_mixin.py:188} INFO - [2024-05-18T20:11:51.518+0000] {dagbag.py:545} INFO - Filling up the DagBag from /home/airflow/.local/lib/python3.12/site-packages/airflow/example_dags/tutorial_dag.py
[2024-05-18T20:11:51.523+0000] {processor.py:840} INFO - DAG(s) 'tutorial_dag' retrieved from /home/airflow/.local/lib/python3.12/site-packages/airflow/example_dags/tutorial_dag.py
[2024-05-18T20:11:51.544+0000] {logging_mixin.py:188} INFO - [2024-05-18T20:11:51.544+0000] {dag.py:3096} INFO - Sync 1 DAGs
[2024-05-18T20:11:51.556+0000] {logging_mixin.py:188} INFO - [2024-05-18T20:11:51.556+0000] {dag.py:3954} INFO - Setting next_dagrun for tutorial_dag to None, run_after=None
[2024-05-18T20:11:51.577+0000] {processor.py:183} INFO - Processing /home/airflow/.local/lib/python3.12/site-packages/airflow/example_dags/tutorial_dag.py took 0.067 seconds
[2024-05-18T20:12:21.792+0000] {processor.py:161} INFO - Started process (PID=1437) to work on /home/airflow/.local/lib/python3.12/site-packages/airflow/example_dags/tutorial_dag.py
[2024-05-18T20:12:21.793+0000] {processor.py:830} INFO - Processing file /home/airflow/.local/lib/python3.12/site-packages/airflow/example_dags/tutorial_dag.py for tasks to queue
[2024-05-18T20:12:21.795+0000] {logging_mixin.py:188} INFO - [2024-05-18T20:12:21.795+0000] {dagbag.py:545} INFO - Filling up the DagBag from /home/airflow/.local/lib/python3.12/site-packages/airflow/example_dags/tutorial_dag.py
[2024-05-18T20:12:21.801+0000] {processor.py:840} INFO - DAG(s) 'tutorial_dag' retrieved from /home/airflow/.local/lib/python3.12/site-packages/airflow/example_dags/tutorial_dag.py
[2024-05-18T20:12:21.824+0000] {logging_mixin.py:188} INFO - [2024-05-18T20:12:21.824+0000] {dag.py:3096} INFO - Sync 1 DAGs
[2024-05-18T20:12:21.838+0000] {logging_mixin.py:188} INFO - [2024-05-18T20:12:21.838+0000] {dag.py:3954} INFO - Setting next_dagrun for tutorial_dag to None, run_after=None
[2024-05-18T20:12:21.866+0000] {processor.py:183} INFO - Processing /home/airflow/.local/lib/python3.12/site-packages/airflow/example_dags/tutorial_dag.py took 0.079 seconds
[2024-05-18T20:12:51.962+0000] {processor.py:161} INFO - Started process (PID=1495) to work on /home/airflow/.local/lib/python3.12/site-packages/airflow/example_dags/tutorial_dag.py
[2024-05-18T20:12:51.963+0000] {processor.py:830} INFO - Processing file /home/airflow/.local/lib/python3.12/site-packages/airflow/example_dags/tutorial_dag.py for tasks to queue
[2024-05-18T20:12:51.965+0000] {logging_mixin.py:188} INFO - [2024-05-18T20:12:51.965+0000] {dagbag.py:545} INFO - Filling up the DagBag from /home/airflow/.local/lib/python3.12/site-packages/airflow/example_dags/tutorial_dag.py
[2024-05-18T20:12:51.971+0000] {processor.py:840} INFO - DAG(s) 'tutorial_dag' retrieved from /home/airflow/.local/lib/python3.12/site-packages/airflow/example_dags/tutorial_dag.py
[2024-05-18T20:12:51.989+0000] {logging_mixin.py:188} INFO - [2024-05-18T20:12:51.989+0000] {dag.py:3096} INFO - Sync 1 DAGs
[2024-05-18T20:12:52.001+0000] {logging_mixin.py:188} INFO - [2024-05-18T20:12:52.001+0000] {dag.py:3954} INFO - Setting next_dagrun for tutorial_dag to None, run_after=None
[2024-05-18T20:12:52.024+0000] {processor.py:183} INFO - Processing /home/airflow/.local/lib/python3.12/site-packages/airflow/example_dags/tutorial_dag.py took 0.068 seconds
[2024-05-18T20:13:23.137+0000] {processor.py:161} INFO - Started process (PID=1553) to work on /home/airflow/.local/lib/python3.12/site-packages/airflow/example_dags/tutorial_dag.py
[2024-05-18T20:13:23.138+0000] {processor.py:830} INFO - Processing file /home/airflow/.local/lib/python3.12/site-packages/airflow/example_dags/tutorial_dag.py for tasks to queue
[2024-05-18T20:13:23.140+0000] {logging_mixin.py:188} INFO - [2024-05-18T20:13:23.140+0000] {dagbag.py:545} INFO - Filling up the DagBag from /home/airflow/.local/lib/python3.12/site-packages/airflow/example_dags/tutorial_dag.py
[2024-05-18T20:13:23.274+0000] {processor.py:840} INFO - DAG(s) 'tutorial_dag' retrieved from /home/airflow/.local/lib/python3.12/site-packages/airflow/example_dags/tutorial_dag.py
[2024-05-18T20:13:23.292+0000] {logging_mixin.py:188} INFO - [2024-05-18T20:13:23.291+0000] {dag.py:3096} INFO - Sync 1 DAGs
[2024-05-18T20:13:23.303+0000] {logging_mixin.py:188} INFO - [2024-05-18T20:13:23.302+0000] {dag.py:3954} INFO - Setting next_dagrun for tutorial_dag to None, run_after=None
[2024-05-18T20:13:23.325+0000] {processor.py:183} INFO - Processing /home/airflow/.local/lib/python3.12/site-packages/airflow/example_dags/tutorial_dag.py took 0.193 seconds
[2024-05-18T20:13:53.761+0000] {processor.py:161} INFO - Started process (PID=1611) to work on /home/airflow/.local/lib/python3.12/site-packages/airflow/example_dags/tutorial_dag.py
[2024-05-18T20:13:53.762+0000] {processor.py:830} INFO - Processing file /home/airflow/.local/lib/python3.12/site-packages/airflow/example_dags/tutorial_dag.py for tasks to queue
[2024-05-18T20:13:53.764+0000] {logging_mixin.py:188} INFO - [2024-05-18T20:13:53.764+0000] {dagbag.py:545} INFO - Filling up the DagBag from /home/airflow/.local/lib/python3.12/site-packages/airflow/example_dags/tutorial_dag.py
[2024-05-18T20:13:53.769+0000] {processor.py:840} INFO - DAG(s) 'tutorial_dag' retrieved from /home/airflow/.local/lib/python3.12/site-packages/airflow/example_dags/tutorial_dag.py
[2024-05-18T20:13:53.787+0000] {logging_mixin.py:188} INFO - [2024-05-18T20:13:53.787+0000] {dag.py:3096} INFO - Sync 1 DAGs
[2024-05-18T20:13:53.798+0000] {logging_mixin.py:188} INFO - [2024-05-18T20:13:53.798+0000] {dag.py:3954} INFO - Setting next_dagrun for tutorial_dag to None, run_after=None
[2024-05-18T20:13:53.820+0000] {processor.py:183} INFO - Processing /home/airflow/.local/lib/python3.12/site-packages/airflow/example_dags/tutorial_dag.py took 0.064 seconds
[2024-05-18T20:14:23.944+0000] {processor.py:161} INFO - Started process (PID=1669) to work on /home/airflow/.local/lib/python3.12/site-packages/airflow/example_dags/tutorial_dag.py
[2024-05-18T20:14:23.945+0000] {processor.py:830} INFO - Processing file /home/airflow/.local/lib/python3.12/site-packages/airflow/example_dags/tutorial_dag.py for tasks to queue
[2024-05-18T20:14:23.948+0000] {logging_mixin.py:188} INFO - [2024-05-18T20:14:23.948+0000] {dagbag.py:545} INFO - Filling up the DagBag from /home/airflow/.local/lib/python3.12/site-packages/airflow/example_dags/tutorial_dag.py
[2024-05-18T20:14:23.956+0000] {processor.py:840} INFO - DAG(s) 'tutorial_dag' retrieved from /home/airflow/.local/lib/python3.12/site-packages/airflow/example_dags/tutorial_dag.py
[2024-05-18T20:14:23.986+0000] {logging_mixin.py:188} INFO - [2024-05-18T20:14:23.985+0000] {dag.py:3096} INFO - Sync 1 DAGs
[2024-05-18T20:14:24.005+0000] {logging_mixin.py:188} INFO - [2024-05-18T20:14:24.004+0000] {dag.py:3954} INFO - Setting next_dagrun for tutorial_dag to None, run_after=None
[2024-05-18T20:14:24.039+0000] {processor.py:183} INFO - Processing /home/airflow/.local/lib/python3.12/site-packages/airflow/example_dags/tutorial_dag.py took 0.102 seconds
